type sample_L2
pb 50000.0
clip_bound 20.0
log_path log/Alexnet/sample_L2/False
train_data data
test_data data
batch_size 64
test_batch_size 64
lr 0.0002
momentum 0.5
no_cuda False
seed 1
log_interval 1
privacy_delta 1e-06
sample_num 500
islog True
is_ratio_list False
num_clients 2
num_rounds 10
epochs 1
ratio_type 0
平均分配eps
device cuda
loading data
load data done
AlexNet(
  (conv1): Sequential(
    (0): Conv2d(3, 96, kernel_size=(6, 6), stride=(1, 1))
    (1): ReLU()
  )
  (conv2): Sequential(
    (0): Conv2d(96, 256, kernel_size=(5, 5), stride=(1, 1), padding=(2, 2))
    (1): ReLU()
    (2): MaxPool2d(kernel_size=3, stride=2, padding=0, dilation=1, ceil_mode=False)
  )
  (conv3): Sequential(
    (0): Conv2d(256, 384, kernel_size=(3, 3), stride=(1, 1), padding=(1, 1))
    (1): ReLU()
  )
  (conv4): Sequential(
    (0): Conv2d(384, 384, kernel_size=(3, 3), stride=(1, 1), padding=(1, 1))
    (1): ReLU()
  )
  (conv5): Sequential(
    (0): Conv2d(384, 256, kernel_size=(3, 3), stride=(1, 1), padding=(1, 1))
    (1): ReLU()
    (2): MaxPool2d(kernel_size=3, stride=2, padding=0, dilation=1, ceil_mode=False)
  )
  (dense): Sequential(
    (0): Linear(in_features=9216, out_features=4096, bias=True)
    (1): ReLU()
    (2): Dropout(p=0.5, inplace=False)
    (3): Linear(in_features=4096, out_features=4096, bias=True)
    (4): ReLU()
    (5): Dropout(p=0.5, inplace=False)
    (6): Linear(in_features=4096, out_features=10, bias=True)
  )
)
********start training********
start_round_time 2021-07-03 21:15:50
******client id  0 ******
client_update start
2021-07-03 21:15:52  client id= 0 ,round= 1 ,epoch= 1 ,client update iteration= 10 ,loss= 2.288516044616699
2021-07-03 21:15:54  client id= 0 ,round= 1 ,epoch= 1 ,client update iteration= 20 ,loss= 2.190514087677002
2021-07-03 21:15:56  client id= 0 ,round= 1 ,epoch= 1 ,client update iteration= 30 ,loss= 2.0111236572265625
2021-07-03 21:15:58  client id= 0 ,round= 1 ,epoch= 1 ,client update iteration= 40 ,loss= 2.1951651573181152
2021-07-03 21:15:59  client id= 0 ,round= 1 ,epoch= 1 ,client update iteration= 50 ,loss= 2.07055926322937
2021-07-03 21:16:01  client id= 0 ,round= 1 ,epoch= 1 ,client update iteration= 60 ,loss= 2.1499245166778564
2021-07-03 21:16:03  client id= 0 ,round= 1 ,epoch= 1 ,client update iteration= 70 ,loss= 2.0792183876037598
2021-07-03 21:16:05  client id= 0 ,round= 1 ,epoch= 1 ,client update iteration= 80 ,loss= 2.0675721168518066
2021-07-03 21:16:07  client id= 0 ,round= 1 ,epoch= 1 ,client update iteration= 90 ,loss= 1.8258827924728394
2021-07-03 21:16:09  client id= 0 ,round= 1 ,epoch= 1 ,client update iteration= 100 ,loss= 1.8134000301361084
2021-07-03 21:16:11  client id= 0 ,round= 1 ,epoch= 1 ,client update iteration= 110 ,loss= 1.8813631534576416
2021-07-03 21:16:13  client id= 0 ,round= 1 ,epoch= 1 ,client update iteration= 120 ,loss= 1.9276539087295532
2021-07-03 21:16:14  client id= 0 ,round= 1 ,epoch= 1 ,client update iteration= 130 ,loss= 1.8002504110336304
2021-07-03 21:16:16  client id= 0 ,round= 1 ,epoch= 1 ,client update iteration= 140 ,loss= 1.8068526983261108
2021-07-03 21:16:18  client id= 0 ,round= 1 ,epoch= 1 ,client update iteration= 150 ,loss= 1.7911098003387451
2021-07-03 21:16:20  client id= 0 ,round= 1 ,epoch= 1 ,client update iteration= 160 ,loss= 1.7750520706176758
2021-07-03 21:16:22  client id= 0 ,round= 1 ,epoch= 1 ,client update iteration= 170 ,loss= 1.8045862913131714
2021-07-03 21:16:24  client id= 0 ,round= 1 ,epoch= 1 ,client update iteration= 180 ,loss= 1.7701518535614014
2021-07-03 21:16:26  client id= 0 ,round= 1 ,epoch= 1 ,client update iteration= 190 ,loss= 1.5603153705596924
2021-07-03 21:16:27  client id= 0 ,round= 1 ,epoch= 1 ,client update iteration= 200 ,loss= 1.6819514036178589
2021-07-03 21:16:29  client id= 0 ,round= 1 ,epoch= 1 ,client update iteration= 210 ,loss= 1.64555025100708
2021-07-03 21:16:31  client id= 0 ,round= 1 ,epoch= 1 ,client update iteration= 220 ,loss= 1.586574673652649
2021-07-03 21:16:33  client id= 0 ,round= 1 ,epoch= 1 ,client update iteration= 230 ,loss= 1.617707371711731
2021-07-03 21:16:35  client id= 0 ,round= 1 ,epoch= 1 ,client update iteration= 240 ,loss= 1.6848546266555786
2021-07-03 21:16:37  client id= 0 ,round= 1 ,epoch= 1 ,client update iteration= 250 ,loss= 1.6225539445877075
2021-07-03 21:16:39  client id= 0 ,round= 1 ,epoch= 1 ,client update iteration= 260 ,loss= 1.4506889581680298
2021-07-03 21:16:40  client id= 0 ,round= 1 ,epoch= 1 ,client update iteration= 270 ,loss= 1.546787977218628
2021-07-03 21:16:42  client id= 0 ,round= 1 ,epoch= 1 ,client update iteration= 280 ,loss= 1.6787405014038086
2021-07-03 21:16:44  client id= 0 ,round= 1 ,epoch= 1 ,client update iteration= 290 ,loss= 1.4864166975021362
2021-07-03 21:16:46  client id= 0 ,round= 1 ,epoch= 1 ,client update iteration= 300 ,loss= 1.5592460632324219
2021-07-03 21:16:48  client id= 0 ,round= 1 ,epoch= 1 ,client update iteration= 310 ,loss= 1.3683445453643799
2021-07-03 21:16:50  client id= 0 ,round= 1 ,epoch= 1 ,client update iteration= 320 ,loss= 1.512894868850708
2021-07-03 21:16:52  client id= 0 ,round= 1 ,epoch= 1 ,client update iteration= 330 ,loss= 1.4557123184204102
2021-07-03 21:16:54  client id= 0 ,round= 1 ,epoch= 1 ,client update iteration= 340 ,loss= 1.5063517093658447
2021-07-03 21:16:55  client id= 0 ,round= 1 ,epoch= 1 ,client update iteration= 350 ,loss= 1.4455806016921997
2021-07-03 21:16:57  client id= 0 ,round= 1 ,epoch= 1 ,client update iteration= 360 ,loss= 1.6206529140472412
2021-07-03 21:16:59  client id= 0 ,round= 1 ,epoch= 1 ,client update iteration= 370 ,loss= 1.3578062057495117
2021-07-03 21:17:01  client id= 0 ,round= 1 ,epoch= 1 ,client update iteration= 380 ,loss= 1.351440191268921
2021-07-03 21:17:03  client id= 0 ,round= 1 ,epoch= 1 ,client update iteration= 390 ,loss= 1.4990663528442383
******client id  1 ******
client_update start
2021-07-03 21:17:05  client id= 1 ,round= 1 ,epoch= 1 ,client update iteration= 10 ,loss= 2.2630112171173096
2021-07-03 21:17:07  client id= 1 ,round= 1 ,epoch= 1 ,client update iteration= 20 ,loss= 2.1510918140411377
2021-07-03 21:17:09  client id= 1 ,round= 1 ,epoch= 1 ,client update iteration= 30 ,loss= 2.1628360748291016
2021-07-03 21:17:10  client id= 1 ,round= 1 ,epoch= 1 ,client update iteration= 40 ,loss= 2.0851786136627197
2021-07-03 21:17:12  client id= 1 ,round= 1 ,epoch= 1 ,client update iteration= 50 ,loss= 2.0814876556396484
2021-07-03 21:17:14  client id= 1 ,round= 1 ,epoch= 1 ,client update iteration= 60 ,loss= 1.8780382871627808
2021-07-03 21:17:16  client id= 1 ,round= 1 ,epoch= 1 ,client update iteration= 70 ,loss= 1.7108174562454224
2021-07-03 21:17:18  client id= 1 ,round= 1 ,epoch= 1 ,client update iteration= 80 ,loss= 1.8696361780166626
2021-07-03 21:17:20  client id= 1 ,round= 1 ,epoch= 1 ,client update iteration= 90 ,loss= 1.7420685291290283
2021-07-03 21:17:22  client id= 1 ,round= 1 ,epoch= 1 ,client update iteration= 100 ,loss= 1.8037056922912598
2021-07-03 21:17:23  client id= 1 ,round= 1 ,epoch= 1 ,client update iteration= 110 ,loss= 1.6733577251434326
2021-07-03 21:17:25  client id= 1 ,round= 1 ,epoch= 1 ,client update iteration= 120 ,loss= 1.7599445581436157
2021-07-03 21:17:27  client id= 1 ,round= 1 ,epoch= 1 ,client update iteration= 130 ,loss= 1.8413761854171753
2021-07-03 21:17:29  client id= 1 ,round= 1 ,epoch= 1 ,client update iteration= 140 ,loss= 1.8484747409820557
2021-07-03 21:17:31  client id= 1 ,round= 1 ,epoch= 1 ,client update iteration= 150 ,loss= 1.9402960538864136
2021-07-03 21:17:33  client id= 1 ,round= 1 ,epoch= 1 ,client update iteration= 160 ,loss= 1.721906065940857
2021-07-03 21:17:35  client id= 1 ,round= 1 ,epoch= 1 ,client update iteration= 170 ,loss= 1.724877119064331
2021-07-03 21:17:37  client id= 1 ,round= 1 ,epoch= 1 ,client update iteration= 180 ,loss= 1.6606248617172241
2021-07-03 21:17:38  client id= 1 ,round= 1 ,epoch= 1 ,client update iteration= 190 ,loss= 1.703419804573059
2021-07-03 21:17:40  client id= 1 ,round= 1 ,epoch= 1 ,client update iteration= 200 ,loss= 1.5981271266937256
2021-07-03 21:17:42  client id= 1 ,round= 1 ,epoch= 1 ,client update iteration= 210 ,loss= 1.6418216228485107
2021-07-03 21:17:44  client id= 1 ,round= 1 ,epoch= 1 ,client update iteration= 220 ,loss= 1.5420892238616943
2021-07-03 21:17:46  client id= 1 ,round= 1 ,epoch= 1 ,client update iteration= 230 ,loss= 1.794272541999817
2021-07-03 21:17:48  client id= 1 ,round= 1 ,epoch= 1 ,client update iteration= 240 ,loss= 1.4452162981033325
2021-07-03 21:17:50  client id= 1 ,round= 1 ,epoch= 1 ,client update iteration= 250 ,loss= 1.531556248664856
2021-07-03 21:17:51  client id= 1 ,round= 1 ,epoch= 1 ,client update iteration= 260 ,loss= 1.429076910018921
2021-07-03 21:17:53  client id= 1 ,round= 1 ,epoch= 1 ,client update iteration= 270 ,loss= 1.562056303024292
2021-07-03 21:17:55  client id= 1 ,round= 1 ,epoch= 1 ,client update iteration= 280 ,loss= 1.4862192869186401
2021-07-03 21:17:57  client id= 1 ,round= 1 ,epoch= 1 ,client update iteration= 290 ,loss= 1.5512057542800903
2021-07-03 21:17:59  client id= 1 ,round= 1 ,epoch= 1 ,client update iteration= 300 ,loss= 1.5580782890319824
2021-07-03 21:18:01  client id= 1 ,round= 1 ,epoch= 1 ,client update iteration= 310 ,loss= 1.4697750806808472
2021-07-03 21:18:03  client id= 1 ,round= 1 ,epoch= 1 ,client update iteration= 320 ,loss= 1.3772181272506714
2021-07-03 21:18:04  client id= 1 ,round= 1 ,epoch= 1 ,client update iteration= 330 ,loss= 1.3276807069778442
2021-07-03 21:18:06  client id= 1 ,round= 1 ,epoch= 1 ,client update iteration= 340 ,loss= 1.5524238348007202
2021-07-03 21:18:08  client id= 1 ,round= 1 ,epoch= 1 ,client update iteration= 350 ,loss= 1.5300835371017456
2021-07-03 21:18:10  client id= 1 ,round= 1 ,epoch= 1 ,client update iteration= 360 ,loss= 1.6440849304199219
2021-07-03 21:18:12  client id= 1 ,round= 1 ,epoch= 1 ,client update iteration= 370 ,loss= 1.4301173686981201
2021-07-03 21:18:14  client id= 1 ,round= 1 ,epoch= 1 ,client update iteration= 380 ,loss= 1.4389076232910156
2021-07-03 21:18:16  client id= 1 ,round= 1 ,epoch= 1 ,client update iteration= 390 ,loss= 1.4914498329162598
end_round_time 2021-07-03 21:18:16
start add noise 2021-07-03 21:18:16
layer= 0 ratio= 0.0625
layer= 1 ratio= 0.0625
layer= 2 ratio= 0.0625
layer= 3 ratio= 0.0625
layer= 4 ratio= 0.0625
layer= 5 ratio= 0.0625
layer= 6 ratio= 0.0625
layer= 7 ratio= 0.0625
layer= 8 ratio= 0.0625
layer= 9 ratio= 0.0625
layer= 10 ratio= 0.0625
layer= 11 ratio= 0.0625
layer= 12 ratio= 0.0625
layer= 13 ratio= 0.0625
layer= 14 ratio= 0.0625
layer= 15 ratio= 0.0625
layer= 0 ratio= 0.0625
layer= 1 ratio= 0.0625
layer= 2 ratio= 0.0625
layer= 3 ratio= 0.0625
layer= 4 ratio= 0.0625
layer= 5 ratio= 0.0625
layer= 6 ratio= 0.0625
layer= 7 ratio= 0.0625
layer= 8 ratio= 0.0625
layer= 9 ratio= 0.0625
layer= 10 ratio= 0.0625
layer= 11 ratio= 0.0625
layer= 12 ratio= 0.0625
layer= 13 ratio= 0.0625
layer= 14 ratio= 0.0625
layer= 15 ratio= 0.0625
end add noise time 2021-07-03 21:18:16
average train loss= 1.7194725499128747
2021-07-03 21:18:25,round 1,val Accuracy Top1: 22.280000 %
2021-07-03 21:18:25,round 1,val Accuracy Top5: 69.520000 %
start_round_time 2021-07-03 21:18:25
******client id  0 ******
client_update start
2021-07-03 21:18:26  client id= 0 ,round= 2 ,epoch= 1 ,client update iteration= 10 ,loss= 1.6447186470031738
2021-07-03 21:18:28  client id= 0 ,round= 2 ,epoch= 1 ,client update iteration= 20 ,loss= 1.644884705543518
2021-07-03 21:18:30  client id= 0 ,round= 2 ,epoch= 1 ,client update iteration= 30 ,loss= 1.7951968908309937
2021-07-03 21:18:32  client id= 0 ,round= 2 ,epoch= 1 ,client update iteration= 40 ,loss= 1.6183394193649292
2021-07-03 21:18:34  client id= 0 ,round= 2 ,epoch= 1 ,client update iteration= 50 ,loss= 1.918979525566101
2021-07-03 21:18:36  client id= 0 ,round= 2 ,epoch= 1 ,client update iteration= 60 ,loss= 1.393241286277771
2021-07-03 21:18:38  client id= 0 ,round= 2 ,epoch= 1 ,client update iteration= 70 ,loss= 1.4489173889160156
2021-07-03 21:18:40  client id= 0 ,round= 2 ,epoch= 1 ,client update iteration= 80 ,loss= 1.415948748588562
2021-07-03 21:18:41  client id= 0 ,round= 2 ,epoch= 1 ,client update iteration= 90 ,loss= 1.2973923683166504
2021-07-03 21:18:43  client id= 0 ,round= 2 ,epoch= 1 ,client update iteration= 100 ,loss= 1.3026689291000366
2021-07-03 21:18:45  client id= 0 ,round= 2 ,epoch= 1 ,client update iteration= 110 ,loss= 1.2229907512664795
2021-07-03 21:18:47  client id= 0 ,round= 2 ,epoch= 1 ,client update iteration= 120 ,loss= 1.2054977416992188
2021-07-03 21:18:49  client id= 0 ,round= 2 ,epoch= 1 ,client update iteration= 130 ,loss= 1.3469457626342773
2021-07-03 21:18:51  client id= 0 ,round= 2 ,epoch= 1 ,client update iteration= 140 ,loss= 1.632487177848816
2021-07-03 21:18:53  client id= 0 ,round= 2 ,epoch= 1 ,client update iteration= 150 ,loss= 1.5074431896209717
2021-07-03 21:18:54  client id= 0 ,round= 2 ,epoch= 1 ,client update iteration= 160 ,loss= 1.1704046726226807
2021-07-03 21:18:56  client id= 0 ,round= 2 ,epoch= 1 ,client update iteration= 170 ,loss= 1.1886398792266846
2021-07-03 21:18:58  client id= 0 ,round= 2 ,epoch= 1 ,client update iteration= 180 ,loss= 1.4049214124679565
2021-07-03 21:19:00  client id= 0 ,round= 2 ,epoch= 1 ,client update iteration= 190 ,loss= 1.1174522638320923
2021-07-03 21:19:02  client id= 0 ,round= 2 ,epoch= 1 ,client update iteration= 200 ,loss= 1.4366034269332886
2021-07-03 21:19:04  client id= 0 ,round= 2 ,epoch= 1 ,client update iteration= 210 ,loss= 1.4365171194076538
2021-07-03 21:19:06  client id= 0 ,round= 2 ,epoch= 1 ,client update iteration= 220 ,loss= 1.3725008964538574
2021-07-03 21:19:08  client id= 0 ,round= 2 ,epoch= 1 ,client update iteration= 230 ,loss= 1.163625955581665
2021-07-03 21:19:09  client id= 0 ,round= 2 ,epoch= 1 ,client update iteration= 240 ,loss= 1.070988416671753
2021-07-03 21:19:11  client id= 0 ,round= 2 ,epoch= 1 ,client update iteration= 250 ,loss= 1.20500648021698
2021-07-03 21:19:13  client id= 0 ,round= 2 ,epoch= 1 ,client update iteration= 260 ,loss= 1.4873046875
2021-07-03 21:19:15  client id= 0 ,round= 2 ,epoch= 1 ,client update iteration= 270 ,loss= 1.1681193113327026
2021-07-03 21:19:17  client id= 0 ,round= 2 ,epoch= 1 ,client update iteration= 280 ,loss= 1.2227898836135864
2021-07-03 21:19:19  client id= 0 ,round= 2 ,epoch= 1 ,client update iteration= 290 ,loss= 1.1544337272644043
2021-07-03 21:19:21  client id= 0 ,round= 2 ,epoch= 1 ,client update iteration= 300 ,loss= 1.2646816968917847
2021-07-03 21:19:22  client id= 0 ,round= 2 ,epoch= 1 ,client update iteration= 310 ,loss= 1.6226366758346558
2021-07-03 21:19:24  client id= 0 ,round= 2 ,epoch= 1 ,client update iteration= 320 ,loss= 1.2407548427581787
2021-07-03 21:19:26  client id= 0 ,round= 2 ,epoch= 1 ,client update iteration= 330 ,loss= 1.2984410524368286
2021-07-03 21:19:28  client id= 0 ,round= 2 ,epoch= 1 ,client update iteration= 340 ,loss= 0.9853813648223877
2021-07-03 21:19:30  client id= 0 ,round= 2 ,epoch= 1 ,client update iteration= 350 ,loss= 1.2265803813934326
2021-07-03 21:19:32  client id= 0 ,round= 2 ,epoch= 1 ,client update iteration= 360 ,loss= 1.3915603160858154
2021-07-03 21:19:34  client id= 0 ,round= 2 ,epoch= 1 ,client update iteration= 370 ,loss= 1.2363289594650269
2021-07-03 21:19:36  client id= 0 ,round= 2 ,epoch= 1 ,client update iteration= 380 ,loss= 1.4391696453094482
2021-07-03 21:19:37  client id= 0 ,round= 2 ,epoch= 1 ,client update iteration= 390 ,loss= 1.0619913339614868
******client id  1 ******
client_update start
2021-07-03 21:19:39  client id= 1 ,round= 2 ,epoch= 1 ,client update iteration= 10 ,loss= 1.688671350479126
2021-07-03 21:19:41  client id= 1 ,round= 2 ,epoch= 1 ,client update iteration= 20 ,loss= 1.81641685962677
2021-07-03 21:19:43  client id= 1 ,round= 2 ,epoch= 1 ,client update iteration= 30 ,loss= 1.5555295944213867
2021-07-03 21:19:45  client id= 1 ,round= 2 ,epoch= 1 ,client update iteration= 40 ,loss= 1.460545539855957
2021-07-03 21:19:47  client id= 1 ,round= 2 ,epoch= 1 ,client update iteration= 50 ,loss= 1.6843116283416748
2021-07-03 21:19:49  client id= 1 ,round= 2 ,epoch= 1 ,client update iteration= 60 ,loss= 1.4834074974060059
2021-07-03 21:19:51  client id= 1 ,round= 2 ,epoch= 1 ,client update iteration= 70 ,loss= 1.5730257034301758
2021-07-03 21:19:52  client id= 1 ,round= 2 ,epoch= 1 ,client update iteration= 80 ,loss= 1.708587408065796
2021-07-03 21:19:54  client id= 1 ,round= 2 ,epoch= 1 ,client update iteration= 90 ,loss= 1.5268925428390503
2021-07-03 21:19:56  client id= 1 ,round= 2 ,epoch= 1 ,client update iteration= 100 ,loss= 1.6448769569396973
2021-07-03 21:19:58  client id= 1 ,round= 2 ,epoch= 1 ,client update iteration= 110 ,loss= 1.4086464643478394
2021-07-03 21:20:00  client id= 1 ,round= 2 ,epoch= 1 ,client update iteration= 120 ,loss= 1.1310718059539795
2021-07-03 21:20:02  client id= 1 ,round= 2 ,epoch= 1 ,client update iteration= 130 ,loss= 1.2994446754455566
2021-07-03 21:20:04  client id= 1 ,round= 2 ,epoch= 1 ,client update iteration= 140 ,loss= 1.430670976638794
2021-07-03 21:20:06  client id= 1 ,round= 2 ,epoch= 1 ,client update iteration= 150 ,loss= 1.3563642501831055
2021-07-03 21:20:07  client id= 1 ,round= 2 ,epoch= 1 ,client update iteration= 160 ,loss= 1.3087669610977173
2021-07-03 21:20:09  client id= 1 ,round= 2 ,epoch= 1 ,client update iteration= 170 ,loss= 1.439198613166809
2021-07-03 21:20:11  client id= 1 ,round= 2 ,epoch= 1 ,client update iteration= 180 ,loss= 1.2659168243408203
2021-07-03 21:20:13  client id= 1 ,round= 2 ,epoch= 1 ,client update iteration= 190 ,loss= 1.0858691930770874
2021-07-03 21:20:15  client id= 1 ,round= 2 ,epoch= 1 ,client update iteration= 200 ,loss= 1.382898211479187
2021-07-03 21:20:17  client id= 1 ,round= 2 ,epoch= 1 ,client update iteration= 210 ,loss= 1.2141655683517456
2021-07-03 21:20:19  client id= 1 ,round= 2 ,epoch= 1 ,client update iteration= 220 ,loss= 1.3366254568099976
2021-07-03 21:20:20  client id= 1 ,round= 2 ,epoch= 1 ,client update iteration= 230 ,loss= 1.1276249885559082
2021-07-03 21:20:22  client id= 1 ,round= 2 ,epoch= 1 ,client update iteration= 240 ,loss= 1.1852606534957886
2021-07-03 21:20:24  client id= 1 ,round= 2 ,epoch= 1 ,client update iteration= 250 ,loss= 1.204431414604187
2021-07-03 21:20:26  client id= 1 ,round= 2 ,epoch= 1 ,client update iteration= 260 ,loss= 1.3142257928848267
2021-07-03 21:20:28  client id= 1 ,round= 2 ,epoch= 1 ,client update iteration= 270 ,loss= 1.1759264469146729
2021-07-03 21:20:30  client id= 1 ,round= 2 ,epoch= 1 ,client update iteration= 280 ,loss= 1.1558735370635986
2021-07-03 21:20:32  client id= 1 ,round= 2 ,epoch= 1 ,client update iteration= 290 ,loss= 1.084802508354187
2021-07-03 21:20:33  client id= 1 ,round= 2 ,epoch= 1 ,client update iteration= 300 ,loss= 1.0757781267166138
2021-07-03 21:20:35  client id= 1 ,round= 2 ,epoch= 1 ,client update iteration= 310 ,loss= 1.4112036228179932
2021-07-03 21:20:37  client id= 1 ,round= 2 ,epoch= 1 ,client update iteration= 320 ,loss= 1.1825999021530151
2021-07-03 21:20:39  client id= 1 ,round= 2 ,epoch= 1 ,client update iteration= 330 ,loss= 1.1874719858169556
2021-07-03 21:20:41  client id= 1 ,round= 2 ,epoch= 1 ,client update iteration= 340 ,loss= 1.0593035221099854
2021-07-03 21:20:43  client id= 1 ,round= 2 ,epoch= 1 ,client update iteration= 350 ,loss= 1.1903109550476074
2021-07-03 21:20:45  client id= 1 ,round= 2 ,epoch= 1 ,client update iteration= 360 ,loss= 1.0567359924316406
2021-07-03 21:20:47  client id= 1 ,round= 2 ,epoch= 1 ,client update iteration= 370 ,loss= 1.4328135251998901
2021-07-03 21:20:48  client id= 1 ,round= 2 ,epoch= 1 ,client update iteration= 380 ,loss= 1.2718400955200195
2021-07-03 21:20:50  client id= 1 ,round= 2 ,epoch= 1 ,client update iteration= 390 ,loss= 1.0048836469650269
end_round_time 2021-07-03 21:20:50
start add noise 2021-07-03 21:20:50
layer= 0 ratio= 0.0625
layer= 1 ratio= 0.0625
layer= 2 ratio= 0.0625
layer= 3 ratio= 0.0625
layer= 4 ratio= 0.0625
layer= 5 ratio= 0.0625
layer= 6 ratio= 0.0625
layer= 7 ratio= 0.0625
layer= 8 ratio= 0.0625
layer= 9 ratio= 0.0625
layer= 10 ratio= 0.0625
layer= 11 ratio= 0.0625
layer= 12 ratio= 0.0625
layer= 13 ratio= 0.0625
layer= 14 ratio= 0.0625
layer= 15 ratio= 0.0625
layer= 0 ratio= 0.0625
layer= 1 ratio= 0.0625
layer= 2 ratio= 0.0625
layer= 3 ratio= 0.0625
layer= 4 ratio= 0.0625
layer= 5 ratio= 0.0625
layer= 6 ratio= 0.0625
layer= 7 ratio= 0.0625
layer= 8 ratio= 0.0625
layer= 9 ratio= 0.0625
layer= 10 ratio= 0.0625
layer= 11 ratio= 0.0625
layer= 12 ratio= 0.0625
layer= 13 ratio= 0.0625
layer= 14 ratio= 0.0625
layer= 15 ratio= 0.0625
end add noise time 2021-07-03 21:20:50
average train loss= 1.357128745302215
2021-07-03 21:20:59,round 2,val Accuracy Top1: 58.460000 %
2021-07-03 21:20:59,round 2,val Accuracy Top5: 95.380000 %
start_round_time 2021-07-03 21:20:59
******client id  0 ******
client_update start
2021-07-03 21:21:01  client id= 0 ,round= 3 ,epoch= 1 ,client update iteration= 10 ,loss= 1.5052073001861572
2021-07-03 21:21:03  client id= 0 ,round= 3 ,epoch= 1 ,client update iteration= 20 ,loss= 1.236910343170166
2021-07-03 21:21:05  client id= 0 ,round= 3 ,epoch= 1 ,client update iteration= 30 ,loss= 1.1995559930801392
2021-07-03 21:21:07  client id= 0 ,round= 3 ,epoch= 1 ,client update iteration= 40 ,loss= 1.2403995990753174
2021-07-03 21:21:09  client id= 0 ,round= 3 ,epoch= 1 ,client update iteration= 50 ,loss= 1.464473009109497
2021-07-03 21:21:11  client id= 0 ,round= 3 ,epoch= 1 ,client update iteration= 60 ,loss= 0.8959227204322815
2021-07-03 21:21:12  client id= 0 ,round= 3 ,epoch= 1 ,client update iteration= 70 ,loss= 1.0925105810165405
2021-07-03 21:21:14  client id= 0 ,round= 3 ,epoch= 1 ,client update iteration= 80 ,loss= 0.987322211265564
2021-07-03 21:21:16  client id= 0 ,round= 3 ,epoch= 1 ,client update iteration= 90 ,loss= 1.0141704082489014
2021-07-03 21:21:18  client id= 0 ,round= 3 ,epoch= 1 ,client update iteration= 100 ,loss= 1.1778273582458496
2021-07-03 21:21:20  client id= 0 ,round= 3 ,epoch= 1 ,client update iteration= 110 ,loss= 1.225795030593872
2021-07-03 21:21:22  client id= 0 ,round= 3 ,epoch= 1 ,client update iteration= 120 ,loss= 1.157118558883667
2021-07-03 21:21:24  client id= 0 ,round= 3 ,epoch= 1 ,client update iteration= 130 ,loss= 1.058201789855957
2021-07-03 21:21:25  client id= 0 ,round= 3 ,epoch= 1 ,client update iteration= 140 ,loss= 1.097186803817749
2021-07-03 21:21:27  client id= 0 ,round= 3 ,epoch= 1 ,client update iteration= 150 ,loss= 1.197942852973938
2021-07-03 21:21:29  client id= 0 ,round= 3 ,epoch= 1 ,client update iteration= 160 ,loss= 0.9964438080787659
2021-07-03 21:21:31  client id= 0 ,round= 3 ,epoch= 1 ,client update iteration= 170 ,loss= 0.6973533034324646
2021-07-03 21:21:33  client id= 0 ,round= 3 ,epoch= 1 ,client update iteration= 180 ,loss= 1.1295782327651978
2021-07-03 21:21:35  client id= 0 ,round= 3 ,epoch= 1 ,client update iteration= 190 ,loss= 1.188811182975769
2021-07-03 21:21:37  client id= 0 ,round= 3 ,epoch= 1 ,client update iteration= 200 ,loss= 0.7881804704666138
2021-07-03 21:21:39  client id= 0 ,round= 3 ,epoch= 1 ,client update iteration= 210 ,loss= 1.1891546249389648
2021-07-03 21:21:40  client id= 0 ,round= 3 ,epoch= 1 ,client update iteration= 220 ,loss= 0.9858675003051758
2021-07-03 21:21:42  client id= 0 ,round= 3 ,epoch= 1 ,client update iteration= 230 ,loss= 1.0232937335968018
2021-07-03 21:21:44  client id= 0 ,round= 3 ,epoch= 1 ,client update iteration= 240 ,loss= 1.039874792098999
2021-07-03 21:21:46  client id= 0 ,round= 3 ,epoch= 1 ,client update iteration= 250 ,loss= 1.1060452461242676
2021-07-03 21:21:48  client id= 0 ,round= 3 ,epoch= 1 ,client update iteration= 260 ,loss= 0.9391135573387146
2021-07-03 21:21:50  client id= 0 ,round= 3 ,epoch= 1 ,client update iteration= 270 ,loss= 1.2755084037780762
2021-07-03 21:21:52  client id= 0 ,round= 3 ,epoch= 1 ,client update iteration= 280 ,loss= 1.1227401494979858
2021-07-03 21:21:53  client id= 0 ,round= 3 ,epoch= 1 ,client update iteration= 290 ,loss= 0.8576983213424683
2021-07-03 21:21:55  client id= 0 ,round= 3 ,epoch= 1 ,client update iteration= 300 ,loss= 0.7398396730422974
2021-07-03 21:21:57  client id= 0 ,round= 3 ,epoch= 1 ,client update iteration= 310 ,loss= 0.9475510716438293
2021-07-03 21:21:59  client id= 0 ,round= 3 ,epoch= 1 ,client update iteration= 320 ,loss= 1.09027099609375
2021-07-03 21:22:01  client id= 0 ,round= 3 ,epoch= 1 ,client update iteration= 330 ,loss= 0.8748742938041687
2021-07-03 21:22:03  client id= 0 ,round= 3 ,epoch= 1 ,client update iteration= 340 ,loss= 0.7460075616836548
2021-07-03 21:22:05  client id= 0 ,round= 3 ,epoch= 1 ,client update iteration= 350 ,loss= 1.0384365320205688
2021-07-03 21:22:07  client id= 0 ,round= 3 ,epoch= 1 ,client update iteration= 360 ,loss= 1.1004105806350708
2021-07-03 21:22:08  client id= 0 ,round= 3 ,epoch= 1 ,client update iteration= 370 ,loss= 1.009812593460083
2021-07-03 21:22:10  client id= 0 ,round= 3 ,epoch= 1 ,client update iteration= 380 ,loss= 0.9405913352966309
2021-07-03 21:22:12  client id= 0 ,round= 3 ,epoch= 1 ,client update iteration= 390 ,loss= 0.8942795395851135
******client id  1 ******
client_update start
2021-07-03 21:22:14  client id= 1 ,round= 3 ,epoch= 1 ,client update iteration= 10 ,loss= 1.2627315521240234
2021-07-03 21:22:16  client id= 1 ,round= 3 ,epoch= 1 ,client update iteration= 20 ,loss= 1.5025429725646973
2021-07-03 21:22:18  client id= 1 ,round= 3 ,epoch= 1 ,client update iteration= 30 ,loss= 1.3112386465072632
2021-07-03 21:22:20  client id= 1 ,round= 3 ,epoch= 1 ,client update iteration= 40 ,loss= 1.2136216163635254
2021-07-03 21:22:22  client id= 1 ,round= 3 ,epoch= 1 ,client update iteration= 50 ,loss= 1.0482821464538574
2021-07-03 21:22:23  client id= 1 ,round= 3 ,epoch= 1 ,client update iteration= 60 ,loss= 1.1214566230773926
2021-07-03 21:22:25  client id= 1 ,round= 3 ,epoch= 1 ,client update iteration= 70 ,loss= 1.145201325416565
2021-07-03 21:22:27  client id= 1 ,round= 3 ,epoch= 1 ,client update iteration= 80 ,loss= 1.2455998659133911
2021-07-03 21:22:29  client id= 1 ,round= 3 ,epoch= 1 ,client update iteration= 90 ,loss= 1.2018568515777588
2021-07-03 21:22:31  client id= 1 ,round= 3 ,epoch= 1 ,client update iteration= 100 ,loss= 0.9881986379623413
2021-07-03 21:22:33  client id= 1 ,round= 3 ,epoch= 1 ,client update iteration= 110 ,loss= 1.4533345699310303
2021-07-03 21:22:35  client id= 1 ,round= 3 ,epoch= 1 ,client update iteration= 120 ,loss= 1.3326570987701416
2021-07-03 21:22:37  client id= 1 ,round= 3 ,epoch= 1 ,client update iteration= 130 ,loss= 1.0666906833648682
2021-07-03 21:22:38  client id= 1 ,round= 3 ,epoch= 1 ,client update iteration= 140 ,loss= 1.0367012023925781
2021-07-03 21:22:40  client id= 1 ,round= 3 ,epoch= 1 ,client update iteration= 150 ,loss= 0.900124192237854
2021-07-03 21:22:42  client id= 1 ,round= 3 ,epoch= 1 ,client update iteration= 160 ,loss= 1.4814242124557495
2021-07-03 21:22:44  client id= 1 ,round= 3 ,epoch= 1 ,client update iteration= 170 ,loss= 1.0625253915786743
2021-07-03 21:22:46  client id= 1 ,round= 3 ,epoch= 1 ,client update iteration= 180 ,loss= 0.8325741291046143
2021-07-03 21:22:48  client id= 1 ,round= 3 ,epoch= 1 ,client update iteration= 190 ,loss= 0.8466289043426514
2021-07-03 21:22:50  client id= 1 ,round= 3 ,epoch= 1 ,client update iteration= 200 ,loss= 1.0718395709991455
2021-07-03 21:22:52  client id= 1 ,round= 3 ,epoch= 1 ,client update iteration= 210 ,loss= 1.0919857025146484
2021-07-03 21:22:53  client id= 1 ,round= 3 ,epoch= 1 ,client update iteration= 220 ,loss= 1.2101168632507324
2021-07-03 21:22:55  client id= 1 ,round= 3 ,epoch= 1 ,client update iteration= 230 ,loss= 1.2310764789581299
2021-07-03 21:22:57  client id= 1 ,round= 3 ,epoch= 1 ,client update iteration= 240 ,loss= 1.1635994911193848
2021-07-03 21:22:59  client id= 1 ,round= 3 ,epoch= 1 ,client update iteration= 250 ,loss= 1.145223617553711
2021-07-03 21:23:01  client id= 1 ,round= 3 ,epoch= 1 ,client update iteration= 260 ,loss= 0.8563805818557739
2021-07-03 21:23:03  client id= 1 ,round= 3 ,epoch= 1 ,client update iteration= 270 ,loss= 0.8532827496528625
2021-07-03 21:23:05  client id= 1 ,round= 3 ,epoch= 1 ,client update iteration= 280 ,loss= 1.2818564176559448
2021-07-03 21:23:06  client id= 1 ,round= 3 ,epoch= 1 ,client update iteration= 290 ,loss= 0.967257022857666
2021-07-03 21:23:08  client id= 1 ,round= 3 ,epoch= 1 ,client update iteration= 300 ,loss= 1.130783200263977
2021-07-03 21:23:10  client id= 1 ,round= 3 ,epoch= 1 ,client update iteration= 310 ,loss= 0.9282436370849609
2021-07-03 21:23:12  client id= 1 ,round= 3 ,epoch= 1 ,client update iteration= 320 ,loss= 1.1138185262680054
2021-07-03 21:23:14  client id= 1 ,round= 3 ,epoch= 1 ,client update iteration= 330 ,loss= 0.7526893019676208
2021-07-03 21:23:16  client id= 1 ,round= 3 ,epoch= 1 ,client update iteration= 340 ,loss= 0.7301926016807556
2021-07-03 21:23:18  client id= 1 ,round= 3 ,epoch= 1 ,client update iteration= 350 ,loss= 0.820303201675415
2021-07-03 21:23:20  client id= 1 ,round= 3 ,epoch= 1 ,client update iteration= 360 ,loss= 0.9259891510009766
2021-07-03 21:23:21  client id= 1 ,round= 3 ,epoch= 1 ,client update iteration= 370 ,loss= 1.3458045721054077
2021-07-03 21:23:23  client id= 1 ,round= 3 ,epoch= 1 ,client update iteration= 380 ,loss= 0.6990334987640381
2021-07-03 21:23:25  client id= 1 ,round= 3 ,epoch= 1 ,client update iteration= 390 ,loss= 1.2566601037979126
end_round_time 2021-07-03 21:23:25
start add noise 2021-07-03 21:23:25
layer= 0 ratio= 0.0625
layer= 1 ratio= 0.0625
layer= 2 ratio= 0.0625
layer= 3 ratio= 0.0625
layer= 4 ratio= 0.0625
layer= 5 ratio= 0.0625
layer= 6 ratio= 0.0625
layer= 7 ratio= 0.0625
layer= 8 ratio= 0.0625
layer= 9 ratio= 0.0625
layer= 10 ratio= 0.0625
layer= 11 ratio= 0.0625
layer= 12 ratio= 0.0625
layer= 13 ratio= 0.0625
layer= 14 ratio= 0.0625
layer= 15 ratio= 0.0625
layer= 0 ratio= 0.0625
layer= 1 ratio= 0.0625
layer= 2 ratio= 0.0625
layer= 3 ratio= 0.0625
layer= 4 ratio= 0.0625
layer= 5 ratio= 0.0625
layer= 6 ratio= 0.0625
layer= 7 ratio= 0.0625
layer= 8 ratio= 0.0625
layer= 9 ratio= 0.0625
layer= 10 ratio= 0.0625
layer= 11 ratio= 0.0625
layer= 12 ratio= 0.0625
layer= 13 ratio= 0.0625
layer= 14 ratio= 0.0625
layer= 15 ratio= 0.0625
end add noise time 2021-07-03 21:23:25
average train loss= 1.0687140227126344
2021-07-03 21:23:34,round 3,val Accuracy Top1: 68.830000 %
2021-07-03 21:23:34,round 3,val Accuracy Top5: 97.180000 %
start_round_time 2021-07-03 21:23:34
******client id  0 ******
client_update start
2021-07-03 21:23:36  client id= 0 ,round= 4 ,epoch= 1 ,client update iteration= 10 ,loss= 1.008803129196167
2021-07-03 21:23:38  client id= 0 ,round= 4 ,epoch= 1 ,client update iteration= 20 ,loss= 1.0842506885528564
2021-07-03 21:23:40  client id= 0 ,round= 4 ,epoch= 1 ,client update iteration= 30 ,loss= 1.0459208488464355
2021-07-03 21:23:42  client id= 0 ,round= 4 ,epoch= 1 ,client update iteration= 40 ,loss= 0.8188883066177368
2021-07-03 21:23:43  client id= 0 ,round= 4 ,epoch= 1 ,client update iteration= 50 ,loss= 0.7914445996284485
2021-07-03 21:23:45  client id= 0 ,round= 4 ,epoch= 1 ,client update iteration= 60 ,loss= 1.0209444761276245
2021-07-03 21:23:47  client id= 0 ,round= 4 ,epoch= 1 ,client update iteration= 70 ,loss= 0.842570960521698
2021-07-03 21:23:49  client id= 0 ,round= 4 ,epoch= 1 ,client update iteration= 80 ,loss= 0.8831578493118286
2021-07-03 21:23:51  client id= 0 ,round= 4 ,epoch= 1 ,client update iteration= 90 ,loss= 0.8759920597076416
2021-07-03 21:23:53  client id= 0 ,round= 4 ,epoch= 1 ,client update iteration= 100 ,loss= 0.9410517811775208
2021-07-03 21:23:55  client id= 0 ,round= 4 ,epoch= 1 ,client update iteration= 110 ,loss= 0.933854877948761
2021-07-03 21:23:57  client id= 0 ,round= 4 ,epoch= 1 ,client update iteration= 120 ,loss= 0.9289445281028748
2021-07-03 21:23:58  client id= 0 ,round= 4 ,epoch= 1 ,client update iteration= 130 ,loss= 1.144395112991333
2021-07-03 21:24:00  client id= 0 ,round= 4 ,epoch= 1 ,client update iteration= 140 ,loss= 1.0844230651855469
2021-07-03 21:24:02  client id= 0 ,round= 4 ,epoch= 1 ,client update iteration= 150 ,loss= 1.1267915964126587
2021-07-03 21:24:04  client id= 0 ,round= 4 ,epoch= 1 ,client update iteration= 160 ,loss= 0.9472544193267822
2021-07-03 21:24:06  client id= 0 ,round= 4 ,epoch= 1 ,client update iteration= 170 ,loss= 0.7530469298362732
2021-07-03 21:24:08  client id= 0 ,round= 4 ,epoch= 1 ,client update iteration= 180 ,loss= 0.7438217401504517
2021-07-03 21:24:10  client id= 0 ,round= 4 ,epoch= 1 ,client update iteration= 190 ,loss= 0.692486047744751
2021-07-03 21:24:11  client id= 0 ,round= 4 ,epoch= 1 ,client update iteration= 200 ,loss= 0.953784167766571
2021-07-03 21:24:13  client id= 0 ,round= 4 ,epoch= 1 ,client update iteration= 210 ,loss= 0.6601275205612183
2021-07-03 21:24:15  client id= 0 ,round= 4 ,epoch= 1 ,client update iteration= 220 ,loss= 0.7854324579238892
2021-07-03 21:24:17  client id= 0 ,round= 4 ,epoch= 1 ,client update iteration= 230 ,loss= 1.0260661840438843
2021-07-03 21:24:19  client id= 0 ,round= 4 ,epoch= 1 ,client update iteration= 240 ,loss= 1.000235915184021
2021-07-03 21:24:21  client id= 0 ,round= 4 ,epoch= 1 ,client update iteration= 250 ,loss= 0.6104156970977783
2021-07-03 21:24:23  client id= 0 ,round= 4 ,epoch= 1 ,client update iteration= 260 ,loss= 0.700469434261322
2021-07-03 21:24:25  client id= 0 ,round= 4 ,epoch= 1 ,client update iteration= 270 ,loss= 0.9442448019981384
2021-07-03 21:24:26  client id= 0 ,round= 4 ,epoch= 1 ,client update iteration= 280 ,loss= 0.7924719452857971
2021-07-03 21:24:28  client id= 0 ,round= 4 ,epoch= 1 ,client update iteration= 290 ,loss= 0.8113883137702942
2021-07-03 21:24:30  client id= 0 ,round= 4 ,epoch= 1 ,client update iteration= 300 ,loss= 0.9002160429954529
2021-07-03 21:24:32  client id= 0 ,round= 4 ,epoch= 1 ,client update iteration= 310 ,loss= 0.8444728851318359
2021-07-03 21:24:34  client id= 0 ,round= 4 ,epoch= 1 ,client update iteration= 320 ,loss= 0.7655456066131592
2021-07-03 21:24:36  client id= 0 ,round= 4 ,epoch= 1 ,client update iteration= 330 ,loss= 0.9122511148452759
2021-07-03 21:24:38  client id= 0 ,round= 4 ,epoch= 1 ,client update iteration= 340 ,loss= 0.8142780661582947
2021-07-03 21:24:39  client id= 0 ,round= 4 ,epoch= 1 ,client update iteration= 350 ,loss= 0.8205371499061584
2021-07-03 21:24:41  client id= 0 ,round= 4 ,epoch= 1 ,client update iteration= 360 ,loss= 0.7249916195869446
2021-07-03 21:24:43  client id= 0 ,round= 4 ,epoch= 1 ,client update iteration= 370 ,loss= 0.7649879455566406
2021-07-03 21:24:45  client id= 0 ,round= 4 ,epoch= 1 ,client update iteration= 380 ,loss= 0.6799871921539307
2021-07-03 21:24:47  client id= 0 ,round= 4 ,epoch= 1 ,client update iteration= 390 ,loss= 0.9464038610458374
******client id  1 ******
client_update start
2021-07-03 21:24:49  client id= 1 ,round= 4 ,epoch= 1 ,client update iteration= 10 ,loss= 0.7092313766479492
2021-07-03 21:24:51  client id= 1 ,round= 4 ,epoch= 1 ,client update iteration= 20 ,loss= 1.115513563156128
2021-07-03 21:24:53  client id= 1 ,round= 4 ,epoch= 1 ,client update iteration= 30 ,loss= 0.9871363639831543
2021-07-03 21:24:55  client id= 1 ,round= 4 ,epoch= 1 ,client update iteration= 40 ,loss= 0.886098325252533
2021-07-03 21:24:56  client id= 1 ,round= 4 ,epoch= 1 ,client update iteration= 50 ,loss= 0.7398099303245544
2021-07-03 21:24:58  client id= 1 ,round= 4 ,epoch= 1 ,client update iteration= 60 ,loss= 0.8011079430580139
2021-07-03 21:25:00  client id= 1 ,round= 4 ,epoch= 1 ,client update iteration= 70 ,loss= 1.022828221321106
2021-07-03 21:25:02  client id= 1 ,round= 4 ,epoch= 1 ,client update iteration= 80 ,loss= 1.0541903972625732
2021-07-03 21:25:04  client id= 1 ,round= 4 ,epoch= 1 ,client update iteration= 90 ,loss= 0.9139664769172668
2021-07-03 21:25:06  client id= 1 ,round= 4 ,epoch= 1 ,client update iteration= 100 ,loss= 0.8946326375007629
2021-07-03 21:25:08  client id= 1 ,round= 4 ,epoch= 1 ,client update iteration= 110 ,loss= 0.7141401767730713
2021-07-03 21:25:09  client id= 1 ,round= 4 ,epoch= 1 ,client update iteration= 120 ,loss= 1.124463438987732
2021-07-03 21:25:11  client id= 1 ,round= 4 ,epoch= 1 ,client update iteration= 130 ,loss= 0.8759007453918457
2021-07-03 21:25:13  client id= 1 ,round= 4 ,epoch= 1 ,client update iteration= 140 ,loss= 0.9273033738136292
2021-07-03 21:25:15  client id= 1 ,round= 4 ,epoch= 1 ,client update iteration= 150 ,loss= 0.921640157699585
2021-07-03 21:25:17  client id= 1 ,round= 4 ,epoch= 1 ,client update iteration= 160 ,loss= 0.7660661339759827
2021-07-03 21:25:19  client id= 1 ,round= 4 ,epoch= 1 ,client update iteration= 170 ,loss= 1.0478754043579102
2021-07-03 21:25:21  client id= 1 ,round= 4 ,epoch= 1 ,client update iteration= 180 ,loss= 0.7578415274620056
2021-07-03 21:25:22  client id= 1 ,round= 4 ,epoch= 1 ,client update iteration= 190 ,loss= 0.8868041634559631
2021-07-03 21:25:24  client id= 1 ,round= 4 ,epoch= 1 ,client update iteration= 200 ,loss= 1.0514047145843506
2021-07-03 21:25:26  client id= 1 ,round= 4 ,epoch= 1 ,client update iteration= 210 ,loss= 0.9109452366828918
2021-07-03 21:25:28  client id= 1 ,round= 4 ,epoch= 1 ,client update iteration= 220 ,loss= 0.8170434832572937
2021-07-03 21:25:30  client id= 1 ,round= 4 ,epoch= 1 ,client update iteration= 230 ,loss= 1.176855444908142
2021-07-03 21:25:32  client id= 1 ,round= 4 ,epoch= 1 ,client update iteration= 240 ,loss= 0.8251553773880005
2021-07-03 21:25:34  client id= 1 ,round= 4 ,epoch= 1 ,client update iteration= 250 ,loss= 0.8280713558197021
2021-07-03 21:25:36  client id= 1 ,round= 4 ,epoch= 1 ,client update iteration= 260 ,loss= 0.7871285676956177
2021-07-03 21:25:37  client id= 1 ,round= 4 ,epoch= 1 ,client update iteration= 270 ,loss= 0.9648696184158325
2021-07-03 21:25:39  client id= 1 ,round= 4 ,epoch= 1 ,client update iteration= 280 ,loss= 0.8421280384063721
2021-07-03 21:25:41  client id= 1 ,round= 4 ,epoch= 1 ,client update iteration= 290 ,loss= 0.779097318649292
2021-07-03 21:25:43  client id= 1 ,round= 4 ,epoch= 1 ,client update iteration= 300 ,loss= 1.019801378250122
2021-07-03 21:25:45  client id= 1 ,round= 4 ,epoch= 1 ,client update iteration= 310 ,loss= 0.8837060332298279
2021-07-03 21:25:47  client id= 1 ,round= 4 ,epoch= 1 ,client update iteration= 320 ,loss= 0.6280648708343506
2021-07-03 21:25:49  client id= 1 ,round= 4 ,epoch= 1 ,client update iteration= 330 ,loss= 0.7366016507148743
2021-07-03 21:25:50  client id= 1 ,round= 4 ,epoch= 1 ,client update iteration= 340 ,loss= 0.9412253499031067
2021-07-03 21:25:52  client id= 1 ,round= 4 ,epoch= 1 ,client update iteration= 350 ,loss= 0.873894214630127
2021-07-03 21:25:54  client id= 1 ,round= 4 ,epoch= 1 ,client update iteration= 360 ,loss= 0.968778133392334
2021-07-03 21:25:56  client id= 1 ,round= 4 ,epoch= 1 ,client update iteration= 370 ,loss= 0.8857874274253845
2021-07-03 21:25:58  client id= 1 ,round= 4 ,epoch= 1 ,client update iteration= 380 ,loss= 0.8528324365615845
2021-07-03 21:26:00  client id= 1 ,round= 4 ,epoch= 1 ,client update iteration= 390 ,loss= 0.7625678181648254
end_round_time 2021-07-03 21:26:00
start add noise 2021-07-03 21:26:00
layer= 0 ratio= 0.0625
layer= 1 ratio= 0.0625
layer= 2 ratio= 0.0625
layer= 3 ratio= 0.0625
layer= 4 ratio= 0.0625
layer= 5 ratio= 0.0625
layer= 6 ratio= 0.0625
layer= 7 ratio= 0.0625
layer= 8 ratio= 0.0625
layer= 9 ratio= 0.0625
layer= 10 ratio= 0.0625
layer= 11 ratio= 0.0625
layer= 12 ratio= 0.0625
layer= 13 ratio= 0.0625
layer= 14 ratio= 0.0625
layer= 15 ratio= 0.0625
layer= 0 ratio= 0.0625
layer= 1 ratio= 0.0625
layer= 2 ratio= 0.0625
layer= 3 ratio= 0.0625
layer= 4 ratio= 0.0625
layer= 5 ratio= 0.0625
layer= 6 ratio= 0.0625
layer= 7 ratio= 0.0625
layer= 8 ratio= 0.0625
layer= 9 ratio= 0.0625
layer= 10 ratio= 0.0625
layer= 11 ratio= 0.0625
layer= 12 ratio= 0.0625
layer= 13 ratio= 0.0625
layer= 14 ratio= 0.0625
layer= 15 ratio= 0.0625
end add noise time 2021-07-03 21:26:00
average train loss= 0.8603360832042402
2021-07-03 21:26:09,round 4,val Accuracy Top1: 73.240000 %
2021-07-03 21:26:09,round 4,val Accuracy Top5: 97.900000 %
start_round_time 2021-07-03 21:26:09
******client id  0 ******
client_update start
2021-07-03 21:26:11  client id= 0 ,round= 5 ,epoch= 1 ,client update iteration= 10 ,loss= 0.7066856622695923
2021-07-03 21:26:12  client id= 0 ,round= 5 ,epoch= 1 ,client update iteration= 20 ,loss= 0.4880897104740143
2021-07-03 21:26:14  client id= 0 ,round= 5 ,epoch= 1 ,client update iteration= 30 ,loss= 0.6592304110527039
2021-07-03 21:26:16  client id= 0 ,round= 5 ,epoch= 1 ,client update iteration= 40 ,loss= 0.6420048475265503
2021-07-03 21:26:18  client id= 0 ,round= 5 ,epoch= 1 ,client update iteration= 50 ,loss= 0.5338135361671448
2021-07-03 21:26:20  client id= 0 ,round= 5 ,epoch= 1 ,client update iteration= 60 ,loss= 0.7864676713943481
2021-07-03 21:26:22  client id= 0 ,round= 5 ,epoch= 1 ,client update iteration= 70 ,loss= 0.5282556414604187
2021-07-03 21:26:24  client id= 0 ,round= 5 ,epoch= 1 ,client update iteration= 80 ,loss= 0.9716634750366211
2021-07-03 21:26:26  client id= 0 ,round= 5 ,epoch= 1 ,client update iteration= 90 ,loss= 0.5841338038444519
2021-07-03 21:26:27  client id= 0 ,round= 5 ,epoch= 1 ,client update iteration= 100 ,loss= 0.742009162902832
2021-07-03 21:26:29  client id= 0 ,round= 5 ,epoch= 1 ,client update iteration= 110 ,loss= 0.676382839679718
2021-07-03 21:26:31  client id= 0 ,round= 5 ,epoch= 1 ,client update iteration= 120 ,loss= 0.8459023237228394
2021-07-03 21:26:33  client id= 0 ,round= 5 ,epoch= 1 ,client update iteration= 130 ,loss= 0.674267053604126
2021-07-03 21:26:35  client id= 0 ,round= 5 ,epoch= 1 ,client update iteration= 140 ,loss= 0.7100461721420288
2021-07-03 21:26:37  client id= 0 ,round= 5 ,epoch= 1 ,client update iteration= 150 ,loss= 0.7294515371322632
2021-07-03 21:26:39  client id= 0 ,round= 5 ,epoch= 1 ,client update iteration= 160 ,loss= 0.6028498411178589
2021-07-03 21:26:40  client id= 0 ,round= 5 ,epoch= 1 ,client update iteration= 170 ,loss= 0.900962769985199
2021-07-03 21:26:42  client id= 0 ,round= 5 ,epoch= 1 ,client update iteration= 180 ,loss= 0.839996874332428
2021-07-03 21:26:44  client id= 0 ,round= 5 ,epoch= 1 ,client update iteration= 190 ,loss= 0.72881680727005
2021-07-03 21:26:46  client id= 0 ,round= 5 ,epoch= 1 ,client update iteration= 200 ,loss= 0.7176571488380432
2021-07-03 21:26:48  client id= 0 ,round= 5 ,epoch= 1 ,client update iteration= 210 ,loss= 0.4898875951766968
2021-07-03 21:26:50  client id= 0 ,round= 5 ,epoch= 1 ,client update iteration= 220 ,loss= 0.4932391345500946
2021-07-03 21:26:52  client id= 0 ,round= 5 ,epoch= 1 ,client update iteration= 230 ,loss= 0.5277099609375
2021-07-03 21:26:53  client id= 0 ,round= 5 ,epoch= 1 ,client update iteration= 240 ,loss= 0.891402006149292
2021-07-03 21:26:55  client id= 0 ,round= 5 ,epoch= 1 ,client update iteration= 250 ,loss= 0.770952582359314
2021-07-03 21:26:57  client id= 0 ,round= 5 ,epoch= 1 ,client update iteration= 260 ,loss= 0.606573760509491
2021-07-03 21:26:59  client id= 0 ,round= 5 ,epoch= 1 ,client update iteration= 270 ,loss= 0.6659687757492065
2021-07-03 21:27:01  client id= 0 ,round= 5 ,epoch= 1 ,client update iteration= 280 ,loss= 0.9102771878242493
2021-07-03 21:27:03  client id= 0 ,round= 5 ,epoch= 1 ,client update iteration= 290 ,loss= 0.7659134268760681
2021-07-03 21:27:05  client id= 0 ,round= 5 ,epoch= 1 ,client update iteration= 300 ,loss= 0.6758554577827454
2021-07-03 21:27:07  client id= 0 ,round= 5 ,epoch= 1 ,client update iteration= 310 ,loss= 0.8112585544586182
2021-07-03 21:27:08  client id= 0 ,round= 5 ,epoch= 1 ,client update iteration= 320 ,loss= 0.636170506477356
2021-07-03 21:27:10  client id= 0 ,round= 5 ,epoch= 1 ,client update iteration= 330 ,loss= 0.936292290687561
2021-07-03 21:27:12  client id= 0 ,round= 5 ,epoch= 1 ,client update iteration= 340 ,loss= 0.8474769592285156
2021-07-03 21:27:14  client id= 0 ,round= 5 ,epoch= 1 ,client update iteration= 350 ,loss= 0.7841126322746277
2021-07-03 21:27:16  client id= 0 ,round= 5 ,epoch= 1 ,client update iteration= 360 ,loss= 0.6892580986022949
2021-07-03 21:27:18  client id= 0 ,round= 5 ,epoch= 1 ,client update iteration= 370 ,loss= 0.5650914311408997
2021-07-03 21:27:20  client id= 0 ,round= 5 ,epoch= 1 ,client update iteration= 380 ,loss= 0.7639658451080322
2021-07-03 21:27:21  client id= 0 ,round= 5 ,epoch= 1 ,client update iteration= 390 ,loss= 0.9983179569244385
******client id  1 ******
client_update start
2021-07-03 21:27:23  client id= 1 ,round= 5 ,epoch= 1 ,client update iteration= 10 ,loss= 0.8864505887031555
2021-07-03 21:27:25  client id= 1 ,round= 5 ,epoch= 1 ,client update iteration= 20 ,loss= 0.7754431366920471
2021-07-03 21:27:27  client id= 1 ,round= 5 ,epoch= 1 ,client update iteration= 30 ,loss= 0.9304429888725281
2021-07-03 21:27:29  client id= 1 ,round= 5 ,epoch= 1 ,client update iteration= 40 ,loss= 0.5488505959510803
2021-07-03 21:27:31  client id= 1 ,round= 5 ,epoch= 1 ,client update iteration= 50 ,loss= 0.759845495223999
2021-07-03 21:27:33  client id= 1 ,round= 5 ,epoch= 1 ,client update iteration= 60 ,loss= 0.8469265699386597
2021-07-03 21:27:35  client id= 1 ,round= 5 ,epoch= 1 ,client update iteration= 70 ,loss= 0.8403159379959106
2021-07-03 21:27:36  client id= 1 ,round= 5 ,epoch= 1 ,client update iteration= 80 ,loss= 0.5575823783874512
2021-07-03 21:27:38  client id= 1 ,round= 5 ,epoch= 1 ,client update iteration= 90 ,loss= 0.6748466491699219
2021-07-03 21:27:40  client id= 1 ,round= 5 ,epoch= 1 ,client update iteration= 100 ,loss= 0.762912929058075
2021-07-03 21:27:42  client id= 1 ,round= 5 ,epoch= 1 ,client update iteration= 110 ,loss= 0.8475712537765503
2021-07-03 21:27:44  client id= 1 ,round= 5 ,epoch= 1 ,client update iteration= 120 ,loss= 0.6491760015487671
2021-07-03 21:27:46  client id= 1 ,round= 5 ,epoch= 1 ,client update iteration= 130 ,loss= 0.8363807797431946
2021-07-03 21:27:48  client id= 1 ,round= 5 ,epoch= 1 ,client update iteration= 140 ,loss= 0.7783851027488708
2021-07-03 21:27:50  client id= 1 ,round= 5 ,epoch= 1 ,client update iteration= 150 ,loss= 0.8076880574226379
2021-07-03 21:27:51  client id= 1 ,round= 5 ,epoch= 1 ,client update iteration= 160 ,loss= 0.6837515234947205
2021-07-03 21:27:53  client id= 1 ,round= 5 ,epoch= 1 ,client update iteration= 170 ,loss= 0.7673962712287903
2021-07-03 21:27:55  client id= 1 ,round= 5 ,epoch= 1 ,client update iteration= 180 ,loss= 0.6166500449180603
2021-07-03 21:27:57  client id= 1 ,round= 5 ,epoch= 1 ,client update iteration= 190 ,loss= 0.7970091700553894
2021-07-03 21:27:59  client id= 1 ,round= 5 ,epoch= 1 ,client update iteration= 200 ,loss= 0.7700254321098328
2021-07-03 21:28:01  client id= 1 ,round= 5 ,epoch= 1 ,client update iteration= 210 ,loss= 0.7846912741661072
2021-07-03 21:28:03  client id= 1 ,round= 5 ,epoch= 1 ,client update iteration= 220 ,loss= 0.6108394265174866
2021-07-03 21:28:04  client id= 1 ,round= 5 ,epoch= 1 ,client update iteration= 230 ,loss= 0.6837754249572754
2021-07-03 21:28:06  client id= 1 ,round= 5 ,epoch= 1 ,client update iteration= 240 ,loss= 0.6523627638816833
2021-07-03 21:28:08  client id= 1 ,round= 5 ,epoch= 1 ,client update iteration= 250 ,loss= 0.674354076385498
2021-07-03 21:28:10  client id= 1 ,round= 5 ,epoch= 1 ,client update iteration= 260 ,loss= 0.8998174667358398
2021-07-03 21:28:12  client id= 1 ,round= 5 ,epoch= 1 ,client update iteration= 270 ,loss= 0.762607216835022
2021-07-03 21:28:14  client id= 1 ,round= 5 ,epoch= 1 ,client update iteration= 280 ,loss= 0.7173250317573547
2021-07-03 21:28:16  client id= 1 ,round= 5 ,epoch= 1 ,client update iteration= 290 ,loss= 0.6995601654052734
2021-07-03 21:28:17  client id= 1 ,round= 5 ,epoch= 1 ,client update iteration= 300 ,loss= 0.7364258766174316
2021-07-03 21:28:19  client id= 1 ,round= 5 ,epoch= 1 ,client update iteration= 310 ,loss= 0.9792191386222839
2021-07-03 21:28:21  client id= 1 ,round= 5 ,epoch= 1 ,client update iteration= 320 ,loss= 0.6504759788513184
2021-07-03 21:28:23  client id= 1 ,round= 5 ,epoch= 1 ,client update iteration= 330 ,loss= 0.7242079973220825
2021-07-03 21:28:25  client id= 1 ,round= 5 ,epoch= 1 ,client update iteration= 340 ,loss= 0.9139468669891357
2021-07-03 21:28:27  client id= 1 ,round= 5 ,epoch= 1 ,client update iteration= 350 ,loss= 0.7761922478675842
2021-07-03 21:28:29  client id= 1 ,round= 5 ,epoch= 1 ,client update iteration= 360 ,loss= 0.6294013857841492
2021-07-03 21:28:31  client id= 1 ,round= 5 ,epoch= 1 ,client update iteration= 370 ,loss= 0.6789199709892273
2021-07-03 21:28:32  client id= 1 ,round= 5 ,epoch= 1 ,client update iteration= 380 ,loss= 0.8956555724143982
2021-07-03 21:28:34  client id= 1 ,round= 5 ,epoch= 1 ,client update iteration= 390 ,loss= 0.5631279945373535
end_round_time 2021-07-03 21:28:34
start add noise 2021-07-03 21:28:34
layer= 0 ratio= 0.0625
layer= 1 ratio= 0.0625
layer= 2 ratio= 0.0625
layer= 3 ratio= 0.0625
layer= 4 ratio= 0.0625
layer= 5 ratio= 0.0625
layer= 6 ratio= 0.0625
layer= 7 ratio= 0.0625
layer= 8 ratio= 0.0625
layer= 9 ratio= 0.0625
layer= 10 ratio= 0.0625
layer= 11 ratio= 0.0625
layer= 12 ratio= 0.0625
layer= 13 ratio= 0.0625
layer= 14 ratio= 0.0625
layer= 15 ratio= 0.0625
layer= 0 ratio= 0.0625
layer= 1 ratio= 0.0625
layer= 2 ratio= 0.0625
layer= 3 ratio= 0.0625
layer= 4 ratio= 0.0625
layer= 5 ratio= 0.0625
layer= 6 ratio= 0.0625
layer= 7 ratio= 0.0625
layer= 8 ratio= 0.0625
layer= 9 ratio= 0.0625
layer= 10 ratio= 0.0625
layer= 11 ratio= 0.0625
layer= 12 ratio= 0.0625
layer= 13 ratio= 0.0625
layer= 14 ratio= 0.0625
layer= 15 ratio= 0.0625
end add noise time 2021-07-03 21:28:34
average train loss= 0.7328980917211079
2021-07-03 21:28:43,round 5,val Accuracy Top1: 76.100000 %
2021-07-03 21:28:43,round 5,val Accuracy Top5: 98.350000 %
start_round_time 2021-07-03 21:28:43
******client id  0 ******
client_update start
2021-07-03 21:28:45  client id= 0 ,round= 6 ,epoch= 1 ,client update iteration= 10 ,loss= 0.7156816720962524
2021-07-03 21:28:47  client id= 0 ,round= 6 ,epoch= 1 ,client update iteration= 20 ,loss= 0.8416692018508911
2021-07-03 21:28:49  client id= 0 ,round= 6 ,epoch= 1 ,client update iteration= 30 ,loss= 0.47928109765052795
2021-07-03 21:28:51  client id= 0 ,round= 6 ,epoch= 1 ,client update iteration= 40 ,loss= 0.5460264086723328
2021-07-03 21:28:53  client id= 0 ,round= 6 ,epoch= 1 ,client update iteration= 50 ,loss= 0.6856999397277832
2021-07-03 21:28:54  client id= 0 ,round= 6 ,epoch= 1 ,client update iteration= 60 ,loss= 0.7118860483169556
2021-07-03 21:28:56  client id= 0 ,round= 6 ,epoch= 1 ,client update iteration= 70 ,loss= 0.5754238367080688
2021-07-03 21:28:58  client id= 0 ,round= 6 ,epoch= 1 ,client update iteration= 80 ,loss= 0.7033887505531311
2021-07-03 21:29:00  client id= 0 ,round= 6 ,epoch= 1 ,client update iteration= 90 ,loss= 0.6984685063362122
2021-07-03 21:29:02  client id= 0 ,round= 6 ,epoch= 1 ,client update iteration= 100 ,loss= 0.3832051455974579
2021-07-03 21:29:04  client id= 0 ,round= 6 ,epoch= 1 ,client update iteration= 110 ,loss= 0.672312319278717
2021-07-03 21:29:06  client id= 0 ,round= 6 ,epoch= 1 ,client update iteration= 120 ,loss= 0.8682104349136353
2021-07-03 21:29:07  client id= 0 ,round= 6 ,epoch= 1 ,client update iteration= 130 ,loss= 0.6741655468940735
2021-07-03 21:29:09  client id= 0 ,round= 6 ,epoch= 1 ,client update iteration= 140 ,loss= 0.8900081515312195
2021-07-03 21:29:11  client id= 0 ,round= 6 ,epoch= 1 ,client update iteration= 150 ,loss= 0.6251864433288574
2021-07-03 21:29:13  client id= 0 ,round= 6 ,epoch= 1 ,client update iteration= 160 ,loss= 0.7517990469932556
2021-07-03 21:29:15  client id= 0 ,round= 6 ,epoch= 1 ,client update iteration= 170 ,loss= 0.794279932975769
2021-07-03 21:29:17  client id= 0 ,round= 6 ,epoch= 1 ,client update iteration= 180 ,loss= 0.576047420501709
2021-07-03 21:29:19  client id= 0 ,round= 6 ,epoch= 1 ,client update iteration= 190 ,loss= 0.5749477744102478
2021-07-03 21:29:21  client id= 0 ,round= 6 ,epoch= 1 ,client update iteration= 200 ,loss= 0.5812061429023743
2021-07-03 21:29:22  client id= 0 ,round= 6 ,epoch= 1 ,client update iteration= 210 ,loss= 0.8679931163787842
2021-07-03 21:29:24  client id= 0 ,round= 6 ,epoch= 1 ,client update iteration= 220 ,loss= 0.4217137396335602
2021-07-03 21:29:26  client id= 0 ,round= 6 ,epoch= 1 ,client update iteration= 230 ,loss= 0.6986035108566284
2021-07-03 21:29:28  client id= 0 ,round= 6 ,epoch= 1 ,client update iteration= 240 ,loss= 0.6651828289031982
2021-07-03 21:29:30  client id= 0 ,round= 6 ,epoch= 1 ,client update iteration= 250 ,loss= 0.4941921532154083
2021-07-03 21:29:32  client id= 0 ,round= 6 ,epoch= 1 ,client update iteration= 260 ,loss= 0.5543400645256042
2021-07-03 21:29:34  client id= 0 ,round= 6 ,epoch= 1 ,client update iteration= 270 ,loss= 0.7463825345039368
2021-07-03 21:29:35  client id= 0 ,round= 6 ,epoch= 1 ,client update iteration= 280 ,loss= 0.399353951215744
2021-07-03 21:29:37  client id= 0 ,round= 6 ,epoch= 1 ,client update iteration= 290 ,loss= 0.5608776807785034
2021-07-03 21:29:39  client id= 0 ,round= 6 ,epoch= 1 ,client update iteration= 300 ,loss= 0.6895418167114258
2021-07-03 21:29:41  client id= 0 ,round= 6 ,epoch= 1 ,client update iteration= 310 ,loss= 0.49882346391677856
2021-07-03 21:29:43  client id= 0 ,round= 6 ,epoch= 1 ,client update iteration= 320 ,loss= 0.5532445311546326
2021-07-03 21:29:45  client id= 0 ,round= 6 ,epoch= 1 ,client update iteration= 330 ,loss= 0.5396199822425842
2021-07-03 21:29:47  client id= 0 ,round= 6 ,epoch= 1 ,client update iteration= 340 ,loss= 0.6832358241081238
2021-07-03 21:29:48  client id= 0 ,round= 6 ,epoch= 1 ,client update iteration= 350 ,loss= 0.6460878252983093
2021-07-03 21:29:50  client id= 0 ,round= 6 ,epoch= 1 ,client update iteration= 360 ,loss= 0.5566961169242859
2021-07-03 21:29:52  client id= 0 ,round= 6 ,epoch= 1 ,client update iteration= 370 ,loss= 0.3998303711414337
2021-07-03 21:29:54  client id= 0 ,round= 6 ,epoch= 1 ,client update iteration= 380 ,loss= 0.6474363207817078
2021-07-03 21:29:56  client id= 0 ,round= 6 ,epoch= 1 ,client update iteration= 390 ,loss= 0.5615048408508301
******client id  1 ******
client_update start
2021-07-03 21:29:58  client id= 1 ,round= 6 ,epoch= 1 ,client update iteration= 10 ,loss= 0.7818759679794312
2021-07-03 21:30:00  client id= 1 ,round= 6 ,epoch= 1 ,client update iteration= 20 ,loss= 0.6279155611991882
2021-07-03 21:30:02  client id= 1 ,round= 6 ,epoch= 1 ,client update iteration= 30 ,loss= 0.5741949677467346
2021-07-03 21:30:03  client id= 1 ,round= 6 ,epoch= 1 ,client update iteration= 40 ,loss= 0.5015462636947632
2021-07-03 21:30:05  client id= 1 ,round= 6 ,epoch= 1 ,client update iteration= 50 ,loss= 0.5223443508148193
2021-07-03 21:30:07  client id= 1 ,round= 6 ,epoch= 1 ,client update iteration= 60 ,loss= 0.7373589277267456
2021-07-03 21:30:09  client id= 1 ,round= 6 ,epoch= 1 ,client update iteration= 70 ,loss= 0.8892261981964111
2021-07-03 21:30:11  client id= 1 ,round= 6 ,epoch= 1 ,client update iteration= 80 ,loss= 0.6644997596740723
2021-07-03 21:30:13  client id= 1 ,round= 6 ,epoch= 1 ,client update iteration= 90 ,loss= 0.7464558482170105
2021-07-03 21:30:15  client id= 1 ,round= 6 ,epoch= 1 ,client update iteration= 100 ,loss= 0.819790780544281
2021-07-03 21:30:17  client id= 1 ,round= 6 ,epoch= 1 ,client update iteration= 110 ,loss= 0.5968945026397705
2021-07-03 21:30:18  client id= 1 ,round= 6 ,epoch= 1 ,client update iteration= 120 ,loss= 0.5637228488922119
2021-07-03 21:30:20  client id= 1 ,round= 6 ,epoch= 1 ,client update iteration= 130 ,loss= 0.7509014010429382
2021-07-03 21:30:22  client id= 1 ,round= 6 ,epoch= 1 ,client update iteration= 140 ,loss= 0.9426276683807373
2021-07-03 21:30:24  client id= 1 ,round= 6 ,epoch= 1 ,client update iteration= 150 ,loss= 1.0617759227752686
2021-07-03 21:30:26  client id= 1 ,round= 6 ,epoch= 1 ,client update iteration= 160 ,loss= 0.5463013648986816
2021-07-03 21:30:28  client id= 1 ,round= 6 ,epoch= 1 ,client update iteration= 170 ,loss= 0.4979223906993866
2021-07-03 21:30:30  client id= 1 ,round= 6 ,epoch= 1 ,client update iteration= 180 ,loss= 0.6243549585342407
2021-07-03 21:30:31  client id= 1 ,round= 6 ,epoch= 1 ,client update iteration= 190 ,loss= 0.6046803593635559
2021-07-03 21:30:33  client id= 1 ,round= 6 ,epoch= 1 ,client update iteration= 200 ,loss= 0.70020592212677
2021-07-03 21:30:35  client id= 1 ,round= 6 ,epoch= 1 ,client update iteration= 210 ,loss= 0.6892293691635132
2021-07-03 21:30:37  client id= 1 ,round= 6 ,epoch= 1 ,client update iteration= 220 ,loss= 0.6780220866203308
2021-07-03 21:30:39  client id= 1 ,round= 6 ,epoch= 1 ,client update iteration= 230 ,loss= 0.6018177270889282
2021-07-03 21:30:41  client id= 1 ,round= 6 ,epoch= 1 ,client update iteration= 240 ,loss= 0.676971971988678
2021-07-03 21:30:43  client id= 1 ,round= 6 ,epoch= 1 ,client update iteration= 250 ,loss= 0.539153516292572
2021-07-03 21:30:44  client id= 1 ,round= 6 ,epoch= 1 ,client update iteration= 260 ,loss= 0.7718327045440674
2021-07-03 21:30:46  client id= 1 ,round= 6 ,epoch= 1 ,client update iteration= 270 ,loss= 0.6552566885948181
2021-07-03 21:30:48  client id= 1 ,round= 6 ,epoch= 1 ,client update iteration= 280 ,loss= 0.7554824352264404
2021-07-03 21:30:50  client id= 1 ,round= 6 ,epoch= 1 ,client update iteration= 290 ,loss= 0.6697951555252075
2021-07-03 21:30:52  client id= 1 ,round= 6 ,epoch= 1 ,client update iteration= 300 ,loss= 0.748437225818634
2021-07-03 21:30:54  client id= 1 ,round= 6 ,epoch= 1 ,client update iteration= 310 ,loss= 0.7653502821922302
2021-07-03 21:30:56  client id= 1 ,round= 6 ,epoch= 1 ,client update iteration= 320 ,loss= 0.7557061314582825
2021-07-03 21:30:58  client id= 1 ,round= 6 ,epoch= 1 ,client update iteration= 330 ,loss= 0.8688284158706665
2021-07-03 21:30:59  client id= 1 ,round= 6 ,epoch= 1 ,client update iteration= 340 ,loss= 0.7222508788108826
2021-07-03 21:31:01  client id= 1 ,round= 6 ,epoch= 1 ,client update iteration= 350 ,loss= 0.45465630292892456
2021-07-03 21:31:03  client id= 1 ,round= 6 ,epoch= 1 ,client update iteration= 360 ,loss= 0.708064079284668
2021-07-03 21:31:05  client id= 1 ,round= 6 ,epoch= 1 ,client update iteration= 370 ,loss= 0.6981813311576843
2021-07-03 21:31:07  client id= 1 ,round= 6 ,epoch= 1 ,client update iteration= 380 ,loss= 1.0226478576660156
2021-07-03 21:31:09  client id= 1 ,round= 6 ,epoch= 1 ,client update iteration= 390 ,loss= 0.7694028615951538
end_round_time 2021-07-03 21:31:09
start add noise 2021-07-03 21:31:09
layer= 0 ratio= 0.0625
layer= 1 ratio= 0.0625
layer= 2 ratio= 0.0625
layer= 3 ratio= 0.0625
layer= 4 ratio= 0.0625
layer= 5 ratio= 0.0625
layer= 6 ratio= 0.0625
layer= 7 ratio= 0.0625
layer= 8 ratio= 0.0625
layer= 9 ratio= 0.0625
layer= 10 ratio= 0.0625
layer= 11 ratio= 0.0625
layer= 12 ratio= 0.0625
layer= 13 ratio= 0.0625
layer= 14 ratio= 0.0625
layer= 15 ratio= 0.0625
layer= 0 ratio= 0.0625
layer= 1 ratio= 0.0625
layer= 2 ratio= 0.0625
layer= 3 ratio= 0.0625
layer= 4 ratio= 0.0625
layer= 5 ratio= 0.0625
layer= 6 ratio= 0.0625
layer= 7 ratio= 0.0625
layer= 8 ratio= 0.0625
layer= 9 ratio= 0.0625
layer= 10 ratio= 0.0625
layer= 11 ratio= 0.0625
layer= 12 ratio= 0.0625
layer= 13 ratio= 0.0625
layer= 14 ratio= 0.0625
layer= 15 ratio= 0.0625
end add noise time 2021-07-03 21:31:09
average train loss= 0.6522923654226391
2021-07-03 21:31:18,round 6,val Accuracy Top1: 77.220000 %
2021-07-03 21:31:18,round 6,val Accuracy Top5: 98.510000 %
start_round_time 2021-07-03 21:31:18
******client id  0 ******
client_update start
2021-07-03 21:31:20  client id= 0 ,round= 7 ,epoch= 1 ,client update iteration= 10 ,loss= 0.7563043832778931
2021-07-03 21:31:21  client id= 0 ,round= 7 ,epoch= 1 ,client update iteration= 20 ,loss= 0.6161478161811829
2021-07-03 21:31:23  client id= 0 ,round= 7 ,epoch= 1 ,client update iteration= 30 ,loss= 0.7212713956832886
2021-07-03 21:31:25  client id= 0 ,round= 7 ,epoch= 1 ,client update iteration= 40 ,loss= 0.7103169560432434
2021-07-03 21:31:27  client id= 0 ,round= 7 ,epoch= 1 ,client update iteration= 50 ,loss= 0.6291208863258362
2021-07-03 21:31:29  client id= 0 ,round= 7 ,epoch= 1 ,client update iteration= 60 ,loss= 0.6411876678466797
2021-07-03 21:31:31  client id= 0 ,round= 7 ,epoch= 1 ,client update iteration= 70 ,loss= 0.5073570013046265
2021-07-03 21:31:33  client id= 0 ,round= 7 ,epoch= 1 ,client update iteration= 80 ,loss= 0.4991858899593353
2021-07-03 21:31:34  client id= 0 ,round= 7 ,epoch= 1 ,client update iteration= 90 ,loss= 0.5779638886451721
2021-07-03 21:31:36  client id= 0 ,round= 7 ,epoch= 1 ,client update iteration= 100 ,loss= 0.7932511568069458
2021-07-03 21:31:38  client id= 0 ,round= 7 ,epoch= 1 ,client update iteration= 110 ,loss= 0.7775739431381226
2021-07-03 21:31:40  client id= 0 ,round= 7 ,epoch= 1 ,client update iteration= 120 ,loss= 0.7356032133102417
2021-07-03 21:31:42  client id= 0 ,round= 7 ,epoch= 1 ,client update iteration= 130 ,loss= 0.6117199063301086
2021-07-03 21:31:44  client id= 0 ,round= 7 ,epoch= 1 ,client update iteration= 140 ,loss= 0.5343303084373474
2021-07-03 21:31:46  client id= 0 ,round= 7 ,epoch= 1 ,client update iteration= 150 ,loss= 0.6692724823951721
2021-07-03 21:31:48  client id= 0 ,round= 7 ,epoch= 1 ,client update iteration= 160 ,loss= 0.6101285815238953
2021-07-03 21:31:49  client id= 0 ,round= 7 ,epoch= 1 ,client update iteration= 170 ,loss= 0.670062780380249
2021-07-03 21:31:51  client id= 0 ,round= 7 ,epoch= 1 ,client update iteration= 180 ,loss= 0.6240028142929077
2021-07-03 21:31:53  client id= 0 ,round= 7 ,epoch= 1 ,client update iteration= 190 ,loss= 0.43618467450141907
2021-07-03 21:31:55  client id= 0 ,round= 7 ,epoch= 1 ,client update iteration= 200 ,loss= 0.6908204555511475
2021-07-03 21:31:57  client id= 0 ,round= 7 ,epoch= 1 ,client update iteration= 210 ,loss= 0.7038781046867371
2021-07-03 21:31:59  client id= 0 ,round= 7 ,epoch= 1 ,client update iteration= 220 ,loss= 0.6936922073364258
2021-07-03 21:32:01  client id= 0 ,round= 7 ,epoch= 1 ,client update iteration= 230 ,loss= 0.6869143843650818
2021-07-03 21:32:02  client id= 0 ,round= 7 ,epoch= 1 ,client update iteration= 240 ,loss= 0.5297633409500122
2021-07-03 21:32:04  client id= 0 ,round= 7 ,epoch= 1 ,client update iteration= 250 ,loss= 0.5098392963409424
2021-07-03 21:32:06  client id= 0 ,round= 7 ,epoch= 1 ,client update iteration= 260 ,loss= 0.8576993346214294
2021-07-03 21:32:08  client id= 0 ,round= 7 ,epoch= 1 ,client update iteration= 270 ,loss= 0.4854409396648407
2021-07-03 21:32:10  client id= 0 ,round= 7 ,epoch= 1 ,client update iteration= 280 ,loss= 0.61974036693573
2021-07-03 21:32:12  client id= 0 ,round= 7 ,epoch= 1 ,client update iteration= 290 ,loss= 0.8021567463874817
2021-07-03 21:32:14  client id= 0 ,round= 7 ,epoch= 1 ,client update iteration= 300 ,loss= 0.6576375365257263
2021-07-03 21:32:15  client id= 0 ,round= 7 ,epoch= 1 ,client update iteration= 310 ,loss= 0.6399036049842834
2021-07-03 21:32:17  client id= 0 ,round= 7 ,epoch= 1 ,client update iteration= 320 ,loss= 0.7749906182289124
2021-07-03 21:32:19  client id= 0 ,round= 7 ,epoch= 1 ,client update iteration= 330 ,loss= 0.5451212525367737
2021-07-03 21:32:21  client id= 0 ,round= 7 ,epoch= 1 ,client update iteration= 340 ,loss= 0.3887653052806854
2021-07-03 21:32:23  client id= 0 ,round= 7 ,epoch= 1 ,client update iteration= 350 ,loss= 0.5742190480232239
2021-07-03 21:32:25  client id= 0 ,round= 7 ,epoch= 1 ,client update iteration= 360 ,loss= 0.6374070644378662
2021-07-03 21:32:27  client id= 0 ,round= 7 ,epoch= 1 ,client update iteration= 370 ,loss= 0.49512094259262085
2021-07-03 21:32:29  client id= 0 ,round= 7 ,epoch= 1 ,client update iteration= 380 ,loss= 0.6128143668174744
2021-07-03 21:32:30  client id= 0 ,round= 7 ,epoch= 1 ,client update iteration= 390 ,loss= 0.6354735493659973
******client id  1 ******
client_update start
2021-07-03 21:32:32  client id= 1 ,round= 7 ,epoch= 1 ,client update iteration= 10 ,loss= 0.6494626402854919
2021-07-03 21:32:34  client id= 1 ,round= 7 ,epoch= 1 ,client update iteration= 20 ,loss= 0.7682992815971375
2021-07-03 21:32:36  client id= 1 ,round= 7 ,epoch= 1 ,client update iteration= 30 ,loss= 0.4979725182056427
2021-07-03 21:32:38  client id= 1 ,round= 7 ,epoch= 1 ,client update iteration= 40 ,loss= 0.5659396052360535
2021-07-03 21:32:40  client id= 1 ,round= 7 ,epoch= 1 ,client update iteration= 50 ,loss= 0.6157878637313843
2021-07-03 21:32:42  client id= 1 ,round= 7 ,epoch= 1 ,client update iteration= 60 ,loss= 0.6417412161827087
2021-07-03 21:32:44  client id= 1 ,round= 7 ,epoch= 1 ,client update iteration= 70 ,loss= 0.6041337847709656
2021-07-03 21:32:45  client id= 1 ,round= 7 ,epoch= 1 ,client update iteration= 80 ,loss= 0.6139737963676453
2021-07-03 21:32:47  client id= 1 ,round= 7 ,epoch= 1 ,client update iteration= 90 ,loss= 0.5271909832954407
2021-07-03 21:32:49  client id= 1 ,round= 7 ,epoch= 1 ,client update iteration= 100 ,loss= 0.7513521909713745
2021-07-03 21:32:51  client id= 1 ,round= 7 ,epoch= 1 ,client update iteration= 110 ,loss= 0.7650792002677917
2021-07-03 21:32:53  client id= 1 ,round= 7 ,epoch= 1 ,client update iteration= 120 ,loss= 0.5146836638450623
2021-07-03 21:32:55  client id= 1 ,round= 7 ,epoch= 1 ,client update iteration= 130 ,loss= 0.5245954394340515
2021-07-03 21:32:57  client id= 1 ,round= 7 ,epoch= 1 ,client update iteration= 140 ,loss= 0.6052908301353455
2021-07-03 21:32:59  client id= 1 ,round= 7 ,epoch= 1 ,client update iteration= 150 ,loss= 0.7483651638031006
2021-07-03 21:33:00  client id= 1 ,round= 7 ,epoch= 1 ,client update iteration= 160 ,loss= 0.9392854571342468
2021-07-03 21:33:02  client id= 1 ,round= 7 ,epoch= 1 ,client update iteration= 170 ,loss= 0.7071514129638672
2021-07-03 21:33:04  client id= 1 ,round= 7 ,epoch= 1 ,client update iteration= 180 ,loss= 0.7181720733642578
2021-07-03 21:33:06  client id= 1 ,round= 7 ,epoch= 1 ,client update iteration= 190 ,loss= 0.5611566305160522
2021-07-03 21:33:08  client id= 1 ,round= 7 ,epoch= 1 ,client update iteration= 200 ,loss= 0.541019856929779
2021-07-03 21:33:10  client id= 1 ,round= 7 ,epoch= 1 ,client update iteration= 210 ,loss= 0.6088456511497498
2021-07-03 21:33:12  client id= 1 ,round= 7 ,epoch= 1 ,client update iteration= 220 ,loss= 0.6359230875968933
2021-07-03 21:33:13  client id= 1 ,round= 7 ,epoch= 1 ,client update iteration= 230 ,loss= 0.523116946220398
2021-07-03 21:33:15  client id= 1 ,round= 7 ,epoch= 1 ,client update iteration= 240 ,loss= 0.4060210883617401
2021-07-03 21:33:17  client id= 1 ,round= 7 ,epoch= 1 ,client update iteration= 250 ,loss= 0.4775819182395935
2021-07-03 21:33:19  client id= 1 ,round= 7 ,epoch= 1 ,client update iteration= 260 ,loss= 0.7898863554000854
2021-07-03 21:33:21  client id= 1 ,round= 7 ,epoch= 1 ,client update iteration= 270 ,loss= 0.5977873802185059
2021-07-03 21:33:23  client id= 1 ,round= 7 ,epoch= 1 ,client update iteration= 280 ,loss= 0.700513482093811
2021-07-03 21:33:25  client id= 1 ,round= 7 ,epoch= 1 ,client update iteration= 290 ,loss= 0.6172656416893005
2021-07-03 21:33:26  client id= 1 ,round= 7 ,epoch= 1 ,client update iteration= 300 ,loss= 0.7509701251983643
2021-07-03 21:33:28  client id= 1 ,round= 7 ,epoch= 1 ,client update iteration= 310 ,loss= 0.6625145673751831
2021-07-03 21:33:30  client id= 1 ,round= 7 ,epoch= 1 ,client update iteration= 320 ,loss= 0.7687414288520813
2021-07-03 21:33:32  client id= 1 ,round= 7 ,epoch= 1 ,client update iteration= 330 ,loss= 0.728070080280304
2021-07-03 21:33:34  client id= 1 ,round= 7 ,epoch= 1 ,client update iteration= 340 ,loss= 0.8669784665107727
2021-07-03 21:33:36  client id= 1 ,round= 7 ,epoch= 1 ,client update iteration= 350 ,loss= 0.5228028893470764
2021-07-03 21:33:38  client id= 1 ,round= 7 ,epoch= 1 ,client update iteration= 360 ,loss= 0.53822261095047
2021-07-03 21:33:40  client id= 1 ,round= 7 ,epoch= 1 ,client update iteration= 370 ,loss= 0.7334861159324646
2021-07-03 21:33:41  client id= 1 ,round= 7 ,epoch= 1 ,client update iteration= 380 ,loss= 0.5630878210067749
2021-07-03 21:33:43  client id= 1 ,round= 7 ,epoch= 1 ,client update iteration= 390 ,loss= 0.6464481353759766
end_round_time 2021-07-03 21:33:43
start add noise 2021-07-03 21:33:43
layer= 0 ratio= 0.0625
layer= 1 ratio= 0.0625
layer= 2 ratio= 0.0625
layer= 3 ratio= 0.0625
layer= 4 ratio= 0.0625
layer= 5 ratio= 0.0625
layer= 6 ratio= 0.0625
layer= 7 ratio= 0.0625
layer= 8 ratio= 0.0625
layer= 9 ratio= 0.0625
layer= 10 ratio= 0.0625
layer= 11 ratio= 0.0625
layer= 12 ratio= 0.0625
layer= 13 ratio= 0.0625
layer= 14 ratio= 0.0625
layer= 15 ratio= 0.0625
layer= 0 ratio= 0.0625
layer= 1 ratio= 0.0625
layer= 2 ratio= 0.0625
layer= 3 ratio= 0.0625
layer= 4 ratio= 0.0625
layer= 5 ratio= 0.0625
layer= 6 ratio= 0.0625
layer= 7 ratio= 0.0625
layer= 8 ratio= 0.0625
layer= 9 ratio= 0.0625
layer= 10 ratio= 0.0625
layer= 11 ratio= 0.0625
layer= 12 ratio= 0.0625
layer= 13 ratio= 0.0625
layer= 14 ratio= 0.0625
layer= 15 ratio= 0.0625
end add noise time 2021-07-03 21:33:43
average train loss= 0.6138592474448407
2021-07-03 21:33:52,round 7,val Accuracy Top1: 77.330000 %
2021-07-03 21:33:52,round 7,val Accuracy Top5: 98.070000 %
start_round_time 2021-07-03 21:33:52
******client id  0 ******
client_update start
2021-07-03 21:33:54  client id= 0 ,round= 8 ,epoch= 1 ,client update iteration= 10 ,loss= 0.48087722063064575
2021-07-03 21:33:56  client id= 0 ,round= 8 ,epoch= 1 ,client update iteration= 20 ,loss= 0.6115843057632446
2021-07-03 21:33:58  client id= 0 ,round= 8 ,epoch= 1 ,client update iteration= 30 ,loss= 0.7118406891822815
2021-07-03 21:34:00  client id= 0 ,round= 8 ,epoch= 1 ,client update iteration= 40 ,loss= 0.561094343662262
2021-07-03 21:34:02  client id= 0 ,round= 8 ,epoch= 1 ,client update iteration= 50 ,loss= 0.7243846654891968
2021-07-03 21:34:04  client id= 0 ,round= 8 ,epoch= 1 ,client update iteration= 60 ,loss= 0.6737580895423889
2021-07-03 21:34:05  client id= 0 ,round= 8 ,epoch= 1 ,client update iteration= 70 ,loss= 0.49904078245162964
2021-07-03 21:34:07  client id= 0 ,round= 8 ,epoch= 1 ,client update iteration= 80 ,loss= 0.5043975114822388
2021-07-03 21:34:09  client id= 0 ,round= 8 ,epoch= 1 ,client update iteration= 90 ,loss= 0.6489160060882568
2021-07-03 21:34:11  client id= 0 ,round= 8 ,epoch= 1 ,client update iteration= 100 ,loss= 0.5090735554695129
2021-07-03 21:34:13  client id= 0 ,round= 8 ,epoch= 1 ,client update iteration= 110 ,loss= 0.5014787912368774
2021-07-03 21:34:15  client id= 0 ,round= 8 ,epoch= 1 ,client update iteration= 120 ,loss= 0.6143578290939331
2021-07-03 21:34:17  client id= 0 ,round= 8 ,epoch= 1 ,client update iteration= 130 ,loss= 0.6498135924339294
2021-07-03 21:34:18  client id= 0 ,round= 8 ,epoch= 1 ,client update iteration= 140 ,loss= 0.5626009702682495
2021-07-03 21:34:20  client id= 0 ,round= 8 ,epoch= 1 ,client update iteration= 150 ,loss= 0.765791654586792
2021-07-03 21:34:22  client id= 0 ,round= 8 ,epoch= 1 ,client update iteration= 160 ,loss= 0.6714979410171509
2021-07-03 21:34:24  client id= 0 ,round= 8 ,epoch= 1 ,client update iteration= 170 ,loss= 0.37296655774116516
2021-07-03 21:34:26  client id= 0 ,round= 8 ,epoch= 1 ,client update iteration= 180 ,loss= 0.6329370141029358
2021-07-03 21:34:28  client id= 0 ,round= 8 ,epoch= 1 ,client update iteration= 190 ,loss= 0.6712340116500854
2021-07-03 21:34:30  client id= 0 ,round= 8 ,epoch= 1 ,client update iteration= 200 ,loss= 0.6728548407554626
2021-07-03 21:34:32  client id= 0 ,round= 8 ,epoch= 1 ,client update iteration= 210 ,loss= 0.7076016068458557
2021-07-03 21:34:33  client id= 0 ,round= 8 ,epoch= 1 ,client update iteration= 220 ,loss= 0.45551690459251404
2021-07-03 21:34:35  client id= 0 ,round= 8 ,epoch= 1 ,client update iteration= 230 ,loss= 0.6544785499572754
2021-07-03 21:34:37  client id= 0 ,round= 8 ,epoch= 1 ,client update iteration= 240 ,loss= 0.3587902784347534
2021-07-03 21:34:39  client id= 0 ,round= 8 ,epoch= 1 ,client update iteration= 250 ,loss= 0.4591512382030487
2021-07-03 21:34:41  client id= 0 ,round= 8 ,epoch= 1 ,client update iteration= 260 ,loss= 0.6265660524368286
2021-07-03 21:34:43  client id= 0 ,round= 8 ,epoch= 1 ,client update iteration= 270 ,loss= 0.4785076081752777
2021-07-03 21:34:45  client id= 0 ,round= 8 ,epoch= 1 ,client update iteration= 280 ,loss= 0.3693982660770416
2021-07-03 21:34:46  client id= 0 ,round= 8 ,epoch= 1 ,client update iteration= 290 ,loss= 0.7141773104667664
2021-07-03 21:34:48  client id= 0 ,round= 8 ,epoch= 1 ,client update iteration= 300 ,loss= 0.49886178970336914
2021-07-03 21:34:50  client id= 0 ,round= 8 ,epoch= 1 ,client update iteration= 310 ,loss= 0.5798790454864502
2021-07-03 21:34:52  client id= 0 ,round= 8 ,epoch= 1 ,client update iteration= 320 ,loss= 0.5251007080078125
2021-07-03 21:34:54  client id= 0 ,round= 8 ,epoch= 1 ,client update iteration= 330 ,loss= 0.543012261390686
2021-07-03 21:34:56  client id= 0 ,round= 8 ,epoch= 1 ,client update iteration= 340 ,loss= 0.6386032104492188
2021-07-03 21:34:58  client id= 0 ,round= 8 ,epoch= 1 ,client update iteration= 350 ,loss= 0.7077735066413879
2021-07-03 21:34:59  client id= 0 ,round= 8 ,epoch= 1 ,client update iteration= 360 ,loss= 0.6031047105789185
2021-07-03 21:35:01  client id= 0 ,round= 8 ,epoch= 1 ,client update iteration= 370 ,loss= 0.6011698842048645
2021-07-03 21:35:03  client id= 0 ,round= 8 ,epoch= 1 ,client update iteration= 380 ,loss= 0.42614808678627014
2021-07-03 21:35:05  client id= 0 ,round= 8 ,epoch= 1 ,client update iteration= 390 ,loss= 0.7194446325302124
******client id  1 ******
client_update start
2021-07-03 21:35:07  client id= 1 ,round= 8 ,epoch= 1 ,client update iteration= 10 ,loss= 0.5011542439460754
2021-07-03 21:35:09  client id= 1 ,round= 8 ,epoch= 1 ,client update iteration= 20 ,loss= 0.6301167607307434
2021-07-03 21:35:11  client id= 1 ,round= 8 ,epoch= 1 ,client update iteration= 30 ,loss= 0.6639370918273926
2021-07-03 21:35:13  client id= 1 ,round= 8 ,epoch= 1 ,client update iteration= 40 ,loss= 0.676195502281189
2021-07-03 21:35:15  client id= 1 ,round= 8 ,epoch= 1 ,client update iteration= 50 ,loss= 0.7350313663482666
2021-07-03 21:35:16  client id= 1 ,round= 8 ,epoch= 1 ,client update iteration= 60 ,loss= 0.49634242057800293
2021-07-03 21:35:18  client id= 1 ,round= 8 ,epoch= 1 ,client update iteration= 70 ,loss= 0.5398827791213989
2021-07-03 21:35:20  client id= 1 ,round= 8 ,epoch= 1 ,client update iteration= 80 ,loss= 0.6595131158828735
2021-07-03 21:35:22  client id= 1 ,round= 8 ,epoch= 1 ,client update iteration= 90 ,loss= 0.8582428097724915
2021-07-03 21:35:24  client id= 1 ,round= 8 ,epoch= 1 ,client update iteration= 100 ,loss= 0.5791302919387817
2021-07-03 21:35:26  client id= 1 ,round= 8 ,epoch= 1 ,client update iteration= 110 ,loss= 0.34405237436294556
2021-07-03 21:35:28  client id= 1 ,round= 8 ,epoch= 1 ,client update iteration= 120 ,loss= 0.5764535069465637
2021-07-03 21:35:29  client id= 1 ,round= 8 ,epoch= 1 ,client update iteration= 130 ,loss= 0.6373777985572815
2021-07-03 21:35:31  client id= 1 ,round= 8 ,epoch= 1 ,client update iteration= 140 ,loss= 0.5924420356750488
2021-07-03 21:35:33  client id= 1 ,round= 8 ,epoch= 1 ,client update iteration= 150 ,loss= 0.7567547559738159
2021-07-03 21:35:35  client id= 1 ,round= 8 ,epoch= 1 ,client update iteration= 160 ,loss= 0.4878336787223816
2021-07-03 21:35:37  client id= 1 ,round= 8 ,epoch= 1 ,client update iteration= 170 ,loss= 0.6138061285018921
2021-07-03 21:35:39  client id= 1 ,round= 8 ,epoch= 1 ,client update iteration= 180 ,loss= 0.7992188334465027
2021-07-03 21:35:41  client id= 1 ,round= 8 ,epoch= 1 ,client update iteration= 190 ,loss= 0.676600456237793
2021-07-03 21:35:42  client id= 1 ,round= 8 ,epoch= 1 ,client update iteration= 200 ,loss= 0.5479210019111633
2021-07-03 21:35:44  client id= 1 ,round= 8 ,epoch= 1 ,client update iteration= 210 ,loss= 0.6578408479690552
2021-07-03 21:35:46  client id= 1 ,round= 8 ,epoch= 1 ,client update iteration= 220 ,loss= 0.577743411064148
2021-07-03 21:35:48  client id= 1 ,round= 8 ,epoch= 1 ,client update iteration= 230 ,loss= 0.5361159443855286
2021-07-03 21:35:50  client id= 1 ,round= 8 ,epoch= 1 ,client update iteration= 240 ,loss= 0.7728915810585022
2021-07-03 21:35:52  client id= 1 ,round= 8 ,epoch= 1 ,client update iteration= 250 ,loss= 0.6602151989936829
2021-07-03 21:35:54  client id= 1 ,round= 8 ,epoch= 1 ,client update iteration= 260 ,loss= 0.6688558459281921
2021-07-03 21:35:56  client id= 1 ,round= 8 ,epoch= 1 ,client update iteration= 270 ,loss= 0.5794485211372375
2021-07-03 21:35:57  client id= 1 ,round= 8 ,epoch= 1 ,client update iteration= 280 ,loss= 0.7022678852081299
2021-07-03 21:35:59  client id= 1 ,round= 8 ,epoch= 1 ,client update iteration= 290 ,loss= 0.6300948262214661
2021-07-03 21:36:01  client id= 1 ,round= 8 ,epoch= 1 ,client update iteration= 300 ,loss= 0.5781392455101013
2021-07-03 21:36:03  client id= 1 ,round= 8 ,epoch= 1 ,client update iteration= 310 ,loss= 1.0591217279434204
2021-07-03 21:36:05  client id= 1 ,round= 8 ,epoch= 1 ,client update iteration= 320 ,loss= 0.5012195706367493
2021-07-03 21:36:07  client id= 1 ,round= 8 ,epoch= 1 ,client update iteration= 330 ,loss= 0.5538254380226135
2021-07-03 21:36:09  client id= 1 ,round= 8 ,epoch= 1 ,client update iteration= 340 ,loss= 0.8581696152687073
2021-07-03 21:36:10  client id= 1 ,round= 8 ,epoch= 1 ,client update iteration= 350 ,loss= 0.6590071320533752
2021-07-03 21:36:12  client id= 1 ,round= 8 ,epoch= 1 ,client update iteration= 360 ,loss= 0.4391309916973114
2021-07-03 21:36:14  client id= 1 ,round= 8 ,epoch= 1 ,client update iteration= 370 ,loss= 0.6429122686386108
2021-07-03 21:36:16  client id= 1 ,round= 8 ,epoch= 1 ,client update iteration= 380 ,loss= 0.5627463459968567
2021-07-03 21:36:18  client id= 1 ,round= 8 ,epoch= 1 ,client update iteration= 390 ,loss= 0.5342137217521667
end_round_time 2021-07-03 21:36:18
start add noise 2021-07-03 21:36:18
layer= 0 ratio= 0.0625
layer= 1 ratio= 0.0625
layer= 2 ratio= 0.0625
layer= 3 ratio= 0.0625
layer= 4 ratio= 0.0625
layer= 5 ratio= 0.0625
layer= 6 ratio= 0.0625
layer= 7 ratio= 0.0625
layer= 8 ratio= 0.0625
layer= 9 ratio= 0.0625
layer= 10 ratio= 0.0625
layer= 11 ratio= 0.0625
layer= 12 ratio= 0.0625
layer= 13 ratio= 0.0625
layer= 14 ratio= 0.0625
layer= 15 ratio= 0.0625
layer= 0 ratio= 0.0625
layer= 1 ratio= 0.0625
layer= 2 ratio= 0.0625
layer= 3 ratio= 0.0625
layer= 4 ratio= 0.0625
layer= 5 ratio= 0.0625
layer= 6 ratio= 0.0625
layer= 7 ratio= 0.0625
layer= 8 ratio= 0.0625
layer= 9 ratio= 0.0625
layer= 10 ratio= 0.0625
layer= 11 ratio= 0.0625
layer= 12 ratio= 0.0625
layer= 13 ratio= 0.0625
layer= 14 ratio= 0.0625
layer= 15 ratio= 0.0625
end add noise time 2021-07-03 21:36:18
average train loss= 0.6106713760425063
2021-07-03 21:36:27,round 8,val Accuracy Top1: 77.480000 %
2021-07-03 21:36:27,round 8,val Accuracy Top5: 98.330000 %
start_round_time 2021-07-03 21:36:27
******client id  0 ******
client_update start
2021-07-03 21:36:29  client id= 0 ,round= 9 ,epoch= 1 ,client update iteration= 10 ,loss= 0.6810830235481262
2021-07-03 21:36:31  client id= 0 ,round= 9 ,epoch= 1 ,client update iteration= 20 ,loss= 0.8541844487190247
2021-07-03 21:36:32  client id= 0 ,round= 9 ,epoch= 1 ,client update iteration= 30 ,loss= 1.0252584218978882
2021-07-03 21:36:34  client id= 0 ,round= 9 ,epoch= 1 ,client update iteration= 40 ,loss= 0.44903454184532166
2021-07-03 21:36:36  client id= 0 ,round= 9 ,epoch= 1 ,client update iteration= 50 ,loss= 0.6524436473846436
2021-07-03 21:36:38  client id= 0 ,round= 9 ,epoch= 1 ,client update iteration= 60 ,loss= 0.7907730340957642
2021-07-03 21:36:40  client id= 0 ,round= 9 ,epoch= 1 ,client update iteration= 70 ,loss= 0.702298641204834
2021-07-03 21:36:42  client id= 0 ,round= 9 ,epoch= 1 ,client update iteration= 80 ,loss= 0.6884545087814331
2021-07-03 21:36:44  client id= 0 ,round= 9 ,epoch= 1 ,client update iteration= 90 ,loss= 0.5350577235221863
2021-07-03 21:36:45  client id= 0 ,round= 9 ,epoch= 1 ,client update iteration= 100 ,loss= 0.7006568908691406
2021-07-03 21:36:47  client id= 0 ,round= 9 ,epoch= 1 ,client update iteration= 110 ,loss= 0.5972883701324463
2021-07-03 21:36:49  client id= 0 ,round= 9 ,epoch= 1 ,client update iteration= 120 ,loss= 0.642428457736969
2021-07-03 21:36:51  client id= 0 ,round= 9 ,epoch= 1 ,client update iteration= 130 ,loss= 0.46931013464927673
2021-07-03 21:36:53  client id= 0 ,round= 9 ,epoch= 1 ,client update iteration= 140 ,loss= 0.586327075958252
2021-07-03 21:36:55  client id= 0 ,round= 9 ,epoch= 1 ,client update iteration= 150 ,loss= 0.5690909624099731
2021-07-03 21:36:57  client id= 0 ,round= 9 ,epoch= 1 ,client update iteration= 160 ,loss= 0.6910310983657837
2021-07-03 21:36:59  client id= 0 ,round= 9 ,epoch= 1 ,client update iteration= 170 ,loss= 0.7109473347663879
2021-07-03 21:37:00  client id= 0 ,round= 9 ,epoch= 1 ,client update iteration= 180 ,loss= 0.6591596007347107
2021-07-03 21:37:02  client id= 0 ,round= 9 ,epoch= 1 ,client update iteration= 190 ,loss= 1.1758689880371094
2021-07-03 21:37:04  client id= 0 ,round= 9 ,epoch= 1 ,client update iteration= 200 ,loss= 0.5273701548576355
2021-07-03 21:37:06  client id= 0 ,round= 9 ,epoch= 1 ,client update iteration= 210 ,loss= 0.7377277612686157
2021-07-03 21:37:08  client id= 0 ,round= 9 ,epoch= 1 ,client update iteration= 220 ,loss= 0.658337414264679
2021-07-03 21:37:10  client id= 0 ,round= 9 ,epoch= 1 ,client update iteration= 230 ,loss= 0.631706714630127
2021-07-03 21:37:12  client id= 0 ,round= 9 ,epoch= 1 ,client update iteration= 240 ,loss= 0.6569916605949402
2021-07-03 21:37:13  client id= 0 ,round= 9 ,epoch= 1 ,client update iteration= 250 ,loss= 0.7155295610427856
2021-07-03 21:37:15  client id= 0 ,round= 9 ,epoch= 1 ,client update iteration= 260 ,loss= 0.6220932006835938
2021-07-03 21:37:17  client id= 0 ,round= 9 ,epoch= 1 ,client update iteration= 270 ,loss= 0.6535487771034241
2021-07-03 21:37:19  client id= 0 ,round= 9 ,epoch= 1 ,client update iteration= 280 ,loss= 0.6146966218948364
2021-07-03 21:37:21  client id= 0 ,round= 9 ,epoch= 1 ,client update iteration= 290 ,loss= 0.670505940914154
2021-07-03 21:37:23  client id= 0 ,round= 9 ,epoch= 1 ,client update iteration= 300 ,loss= 0.6295854449272156
2021-07-03 21:37:25  client id= 0 ,round= 9 ,epoch= 1 ,client update iteration= 310 ,loss= 0.5736372470855713
2021-07-03 21:37:26  client id= 0 ,round= 9 ,epoch= 1 ,client update iteration= 320 ,loss= 0.4773963987827301
2021-07-03 21:37:28  client id= 0 ,round= 9 ,epoch= 1 ,client update iteration= 330 ,loss= 0.5974252820014954
2021-07-03 21:37:30  client id= 0 ,round= 9 ,epoch= 1 ,client update iteration= 340 ,loss= 0.7915911078453064
2021-07-03 21:37:32  client id= 0 ,round= 9 ,epoch= 1 ,client update iteration= 350 ,loss= 0.873764157295227
2021-07-03 21:37:34  client id= 0 ,round= 9 ,epoch= 1 ,client update iteration= 360 ,loss= 0.40988558530807495
2021-07-03 21:37:36  client id= 0 ,round= 9 ,epoch= 1 ,client update iteration= 370 ,loss= 0.9338088035583496
2021-07-03 21:37:38  client id= 0 ,round= 9 ,epoch= 1 ,client update iteration= 380 ,loss= 0.4723386764526367
2021-07-03 21:37:39  client id= 0 ,round= 9 ,epoch= 1 ,client update iteration= 390 ,loss= 1.0078107118606567
******client id  1 ******
client_update start
2021-07-03 21:37:41  client id= 1 ,round= 9 ,epoch= 1 ,client update iteration= 10 ,loss= 0.8140116930007935
2021-07-03 21:37:43  client id= 1 ,round= 9 ,epoch= 1 ,client update iteration= 20 ,loss= 0.765352725982666
2021-07-03 21:37:45  client id= 1 ,round= 9 ,epoch= 1 ,client update iteration= 30 ,loss= 0.7167713046073914
2021-07-03 21:37:47  client id= 1 ,round= 9 ,epoch= 1 ,client update iteration= 40 ,loss= 0.6152173280715942
2021-07-03 21:37:49  client id= 1 ,round= 9 ,epoch= 1 ,client update iteration= 50 ,loss= 0.9737083315849304
2021-07-03 21:37:51  client id= 1 ,round= 9 ,epoch= 1 ,client update iteration= 60 ,loss= 0.8212344646453857
2021-07-03 21:37:53  client id= 1 ,round= 9 ,epoch= 1 ,client update iteration= 70 ,loss= 0.5013858675956726
2021-07-03 21:37:55  client id= 1 ,round= 9 ,epoch= 1 ,client update iteration= 80 ,loss= 0.707351803779602
2021-07-03 21:37:56  client id= 1 ,round= 9 ,epoch= 1 ,client update iteration= 90 ,loss= 0.7661447525024414
2021-07-03 21:37:58  client id= 1 ,round= 9 ,epoch= 1 ,client update iteration= 100 ,loss= 0.7078119516372681
2021-07-03 21:38:00  client id= 1 ,round= 9 ,epoch= 1 ,client update iteration= 110 ,loss= 0.7173546552658081
2021-07-03 21:38:02  client id= 1 ,round= 9 ,epoch= 1 ,client update iteration= 120 ,loss= 0.7326779961585999
2021-07-03 21:38:04  client id= 1 ,round= 9 ,epoch= 1 ,client update iteration= 130 ,loss= 0.682718813419342
2021-07-03 21:38:06  client id= 1 ,round= 9 ,epoch= 1 ,client update iteration= 140 ,loss= 0.566858172416687
2021-07-03 21:38:08  client id= 1 ,round= 9 ,epoch= 1 ,client update iteration= 150 ,loss= 0.734215259552002
2021-07-03 21:38:09  client id= 1 ,round= 9 ,epoch= 1 ,client update iteration= 160 ,loss= 0.7509267330169678
2021-07-03 21:38:11  client id= 1 ,round= 9 ,epoch= 1 ,client update iteration= 170 ,loss= 0.735890805721283
2021-07-03 21:38:13  client id= 1 ,round= 9 ,epoch= 1 ,client update iteration= 180 ,loss= 0.698917806148529
2021-07-03 21:38:15  client id= 1 ,round= 9 ,epoch= 1 ,client update iteration= 190 ,loss= 0.7658244967460632
2021-07-03 21:38:17  client id= 1 ,round= 9 ,epoch= 1 ,client update iteration= 200 ,loss= 0.7411571741104126
2021-07-03 21:38:19  client id= 1 ,round= 9 ,epoch= 1 ,client update iteration= 210 ,loss= 0.6796810030937195
2021-07-03 21:38:21  client id= 1 ,round= 9 ,epoch= 1 ,client update iteration= 220 ,loss= 0.7290518879890442
2021-07-03 21:38:22  client id= 1 ,round= 9 ,epoch= 1 ,client update iteration= 230 ,loss= 0.44880247116088867
2021-07-03 21:38:24  client id= 1 ,round= 9 ,epoch= 1 ,client update iteration= 240 ,loss= 0.5065326690673828
2021-07-03 21:38:26  client id= 1 ,round= 9 ,epoch= 1 ,client update iteration= 250 ,loss= 0.5668299198150635
2021-07-03 21:38:28  client id= 1 ,round= 9 ,epoch= 1 ,client update iteration= 260 ,loss= 0.6814502477645874
2021-07-03 21:38:30  client id= 1 ,round= 9 ,epoch= 1 ,client update iteration= 270 ,loss= 0.5296480059623718
2021-07-03 21:38:32  client id= 1 ,round= 9 ,epoch= 1 ,client update iteration= 280 ,loss= 0.7619686722755432
2021-07-03 21:38:34  client id= 1 ,round= 9 ,epoch= 1 ,client update iteration= 290 ,loss= 0.7636229991912842
2021-07-03 21:38:35  client id= 1 ,round= 9 ,epoch= 1 ,client update iteration= 300 ,loss= 0.5886675119400024
2021-07-03 21:38:37  client id= 1 ,round= 9 ,epoch= 1 ,client update iteration= 310 ,loss= 0.6629523038864136
2021-07-03 21:38:39  client id= 1 ,round= 9 ,epoch= 1 ,client update iteration= 320 ,loss= 0.4177199900150299
2021-07-03 21:38:41  client id= 1 ,round= 9 ,epoch= 1 ,client update iteration= 330 ,loss= 0.9868772029876709
2021-07-03 21:38:43  client id= 1 ,round= 9 ,epoch= 1 ,client update iteration= 340 ,loss= 0.6436068415641785
2021-07-03 21:38:45  client id= 1 ,round= 9 ,epoch= 1 ,client update iteration= 350 ,loss= 0.43623867630958557
2021-07-03 21:38:47  client id= 1 ,round= 9 ,epoch= 1 ,client update iteration= 360 ,loss= 0.8901392817497253
2021-07-03 21:38:48  client id= 1 ,round= 9 ,epoch= 1 ,client update iteration= 370 ,loss= 0.5914520621299744
2021-07-03 21:38:50  client id= 1 ,round= 9 ,epoch= 1 ,client update iteration= 380 ,loss= 0.43274781107902527
2021-07-03 21:38:52  client id= 1 ,round= 9 ,epoch= 1 ,client update iteration= 390 ,loss= 0.6827796697616577
end_round_time 2021-07-03 21:38:52
start add noise 2021-07-03 21:38:52
layer= 0 ratio= 0.0625
layer= 1 ratio= 0.0625
layer= 2 ratio= 0.0625
layer= 3 ratio= 0.0625
layer= 4 ratio= 0.0625
layer= 5 ratio= 0.0625
layer= 6 ratio= 0.0625
layer= 7 ratio= 0.0625
layer= 8 ratio= 0.0625
layer= 9 ratio= 0.0625
layer= 10 ratio= 0.0625
layer= 11 ratio= 0.0625
layer= 12 ratio= 0.0625
layer= 13 ratio= 0.0625
layer= 14 ratio= 0.0625
layer= 15 ratio= 0.0625
layer= 0 ratio= 0.0625
layer= 1 ratio= 0.0625
layer= 2 ratio= 0.0625
layer= 3 ratio= 0.0625
layer= 4 ratio= 0.0625
layer= 5 ratio= 0.0625
layer= 6 ratio= 0.0625
layer= 7 ratio= 0.0625
layer= 8 ratio= 0.0625
layer= 9 ratio= 0.0625
layer= 10 ratio= 0.0625
layer= 11 ratio= 0.0625
layer= 12 ratio= 0.0625
layer= 13 ratio= 0.0625
layer= 14 ratio= 0.0625
layer= 15 ratio= 0.0625
end add noise time 2021-07-03 21:38:52
average train loss= 0.6514555790540202
2021-07-03 21:39:01,round 9,val Accuracy Top1: 76.990000 %
2021-07-03 21:39:01,round 9,val Accuracy Top5: 98.530000 %
start_round_time 2021-07-03 21:39:01
******client id  0 ******
client_update start
2021-07-03 21:39:03  client id= 0 ,round= 10 ,epoch= 1 ,client update iteration= 10 ,loss= 0.7283734679222107
2021-07-03 21:39:05  client id= 0 ,round= 10 ,epoch= 1 ,client update iteration= 20 ,loss= 0.699578046798706
2021-07-03 21:39:07  client id= 0 ,round= 10 ,epoch= 1 ,client update iteration= 30 ,loss= 0.5685749650001526
2021-07-03 21:39:09  client id= 0 ,round= 10 ,epoch= 1 ,client update iteration= 40 ,loss= 0.954250156879425
2021-07-03 21:39:11  client id= 0 ,round= 10 ,epoch= 1 ,client update iteration= 50 ,loss= 0.7886908650398254
2021-07-03 21:39:12  client id= 0 ,round= 10 ,epoch= 1 ,client update iteration= 60 ,loss= 0.8913761377334595
2021-07-03 21:39:14  client id= 0 ,round= 10 ,epoch= 1 ,client update iteration= 70 ,loss= 1.0610982179641724
2021-07-03 21:39:16  client id= 0 ,round= 10 ,epoch= 1 ,client update iteration= 80 ,loss= 1.080623984336853
2021-07-03 21:39:18  client id= 0 ,round= 10 ,epoch= 1 ,client update iteration= 90 ,loss= 0.585664689540863
2021-07-03 21:39:20  client id= 0 ,round= 10 ,epoch= 1 ,client update iteration= 100 ,loss= 0.5319111347198486
2021-07-03 21:39:22  client id= 0 ,round= 10 ,epoch= 1 ,client update iteration= 110 ,loss= 1.118196725845337
2021-07-03 21:39:24  client id= 0 ,round= 10 ,epoch= 1 ,client update iteration= 120 ,loss= 0.7634382247924805
2021-07-03 21:39:25  client id= 0 ,round= 10 ,epoch= 1 ,client update iteration= 130 ,loss= 0.737226128578186
2021-07-03 21:39:27  client id= 0 ,round= 10 ,epoch= 1 ,client update iteration= 140 ,loss= 0.4584926962852478
2021-07-03 21:39:29  client id= 0 ,round= 10 ,epoch= 1 ,client update iteration= 150 ,loss= 0.6822978258132935
2021-07-03 21:39:31  client id= 0 ,round= 10 ,epoch= 1 ,client update iteration= 160 ,loss= 0.743971049785614
2021-07-03 21:39:33  client id= 0 ,round= 10 ,epoch= 1 ,client update iteration= 170 ,loss= 0.6660453081130981
2021-07-03 21:39:35  client id= 0 ,round= 10 ,epoch= 1 ,client update iteration= 180 ,loss= 0.7371057868003845
2021-07-03 21:39:37  client id= 0 ,round= 10 ,epoch= 1 ,client update iteration= 190 ,loss= 0.42574071884155273
2021-07-03 21:39:38  client id= 0 ,round= 10 ,epoch= 1 ,client update iteration= 200 ,loss= 0.5968281626701355
2021-07-03 21:39:40  client id= 0 ,round= 10 ,epoch= 1 ,client update iteration= 210 ,loss= 0.8453925848007202
2021-07-03 21:39:42  client id= 0 ,round= 10 ,epoch= 1 ,client update iteration= 220 ,loss= 0.7439054250717163
2021-07-03 21:39:44  client id= 0 ,round= 10 ,epoch= 1 ,client update iteration= 230 ,loss= 0.7593321800231934
2021-07-03 21:39:46  client id= 0 ,round= 10 ,epoch= 1 ,client update iteration= 240 ,loss= 0.42802220582962036
2021-07-03 21:39:48  client id= 0 ,round= 10 ,epoch= 1 ,client update iteration= 250 ,loss= 0.6681609749794006
2021-07-03 21:39:50  client id= 0 ,round= 10 ,epoch= 1 ,client update iteration= 260 ,loss= 0.8284240365028381
2021-07-03 21:39:51  client id= 0 ,round= 10 ,epoch= 1 ,client update iteration= 270 ,loss= 0.6985459923744202
2021-07-03 21:39:53  client id= 0 ,round= 10 ,epoch= 1 ,client update iteration= 280 ,loss= 0.745786190032959
2021-07-03 21:39:55  client id= 0 ,round= 10 ,epoch= 1 ,client update iteration= 290 ,loss= 0.5999391674995422
2021-07-03 21:39:57  client id= 0 ,round= 10 ,epoch= 1 ,client update iteration= 300 ,loss= 0.8798351883888245
2021-07-03 21:39:59  client id= 0 ,round= 10 ,epoch= 1 ,client update iteration= 310 ,loss= 0.7275927662849426
2021-07-03 21:40:01  client id= 0 ,round= 10 ,epoch= 1 ,client update iteration= 320 ,loss= 0.7865175604820251
2021-07-03 21:40:03  client id= 0 ,round= 10 ,epoch= 1 ,client update iteration= 330 ,loss= 0.3899628221988678
2021-07-03 21:40:04  client id= 0 ,round= 10 ,epoch= 1 ,client update iteration= 340 ,loss= 0.6411494016647339
2021-07-03 21:40:06  client id= 0 ,round= 10 ,epoch= 1 ,client update iteration= 350 ,loss= 0.4415012300014496
2021-07-03 21:40:08  client id= 0 ,round= 10 ,epoch= 1 ,client update iteration= 360 ,loss= 0.6937574148178101
2021-07-03 21:40:10  client id= 0 ,round= 10 ,epoch= 1 ,client update iteration= 370 ,loss= 0.6872069835662842
2021-07-03 21:40:12  client id= 0 ,round= 10 ,epoch= 1 ,client update iteration= 380 ,loss= 0.47144615650177
2021-07-03 21:40:14  client id= 0 ,round= 10 ,epoch= 1 ,client update iteration= 390 ,loss= 0.4746604859828949
******client id  1 ******
client_update start
2021-07-03 21:40:16  client id= 1 ,round= 10 ,epoch= 1 ,client update iteration= 10 ,loss= 0.7300570607185364
2021-07-03 21:40:18  client id= 1 ,round= 10 ,epoch= 1 ,client update iteration= 20 ,loss= 0.6561280488967896
2021-07-03 21:40:19  client id= 1 ,round= 10 ,epoch= 1 ,client update iteration= 30 ,loss= 0.6703227162361145
2021-07-03 21:40:21  client id= 1 ,round= 10 ,epoch= 1 ,client update iteration= 40 ,loss= 0.7136934995651245
2021-07-03 21:40:23  client id= 1 ,round= 10 ,epoch= 1 ,client update iteration= 50 ,loss= 0.9733878970146179
2021-07-03 21:40:25  client id= 1 ,round= 10 ,epoch= 1 ,client update iteration= 60 ,loss= 0.6694215536117554
2021-07-03 21:40:27  client id= 1 ,round= 10 ,epoch= 1 ,client update iteration= 70 ,loss= 0.680629312992096
2021-07-03 21:40:29  client id= 1 ,round= 10 ,epoch= 1 ,client update iteration= 80 ,loss= 0.6327911019325256
2021-07-03 21:40:31  client id= 1 ,round= 10 ,epoch= 1 ,client update iteration= 90 ,loss= 0.7818336486816406
2021-07-03 21:40:33  client id= 1 ,round= 10 ,epoch= 1 ,client update iteration= 100 ,loss= 0.5673580765724182
2021-07-03 21:40:34  client id= 1 ,round= 10 ,epoch= 1 ,client update iteration= 110 ,loss= 0.6024901866912842
2021-07-03 21:40:36  client id= 1 ,round= 10 ,epoch= 1 ,client update iteration= 120 ,loss= 0.8075618743896484
2021-07-03 21:40:38  client id= 1 ,round= 10 ,epoch= 1 ,client update iteration= 130 ,loss= 0.6013278961181641
2021-07-03 21:40:40  client id= 1 ,round= 10 ,epoch= 1 ,client update iteration= 140 ,loss= 0.5841813683509827
2021-07-03 21:40:42  client id= 1 ,round= 10 ,epoch= 1 ,client update iteration= 150 ,loss= 0.8032585382461548
2021-07-03 21:40:44  client id= 1 ,round= 10 ,epoch= 1 ,client update iteration= 160 ,loss= 0.7960296273231506
2021-07-03 21:40:46  client id= 1 ,round= 10 ,epoch= 1 ,client update iteration= 170 ,loss= 0.719734787940979
2021-07-03 21:40:47  client id= 1 ,round= 10 ,epoch= 1 ,client update iteration= 180 ,loss= 0.8608270883560181
2021-07-03 21:40:49  client id= 1 ,round= 10 ,epoch= 1 ,client update iteration= 190 ,loss= 0.7723858952522278
2021-07-03 21:40:51  client id= 1 ,round= 10 ,epoch= 1 ,client update iteration= 200 ,loss= 0.7993003726005554
2021-07-03 21:40:53  client id= 1 ,round= 10 ,epoch= 1 ,client update iteration= 210 ,loss= 0.8253262042999268
2021-07-03 21:40:55  client id= 1 ,round= 10 ,epoch= 1 ,client update iteration= 220 ,loss= 0.554809033870697
2021-07-03 21:40:57  client id= 1 ,round= 10 ,epoch= 1 ,client update iteration= 230 ,loss= 0.6978328824043274
2021-07-03 21:40:59  client id= 1 ,round= 10 ,epoch= 1 ,client update iteration= 240 ,loss= 0.6827118992805481
2021-07-03 21:41:00  client id= 1 ,round= 10 ,epoch= 1 ,client update iteration= 250 ,loss= 0.8584392070770264
2021-07-03 21:41:02  client id= 1 ,round= 10 ,epoch= 1 ,client update iteration= 260 ,loss= 0.6136675477027893
2021-07-03 21:41:04  client id= 1 ,round= 10 ,epoch= 1 ,client update iteration= 270 ,loss= 0.7555080056190491
2021-07-03 21:41:06  client id= 1 ,round= 10 ,epoch= 1 ,client update iteration= 280 ,loss= 0.4631010591983795
2021-07-03 21:41:08  client id= 1 ,round= 10 ,epoch= 1 ,client update iteration= 290 ,loss= 0.5419787168502808
2021-07-03 21:41:10  client id= 1 ,round= 10 ,epoch= 1 ,client update iteration= 300 ,loss= 0.6937417387962341
2021-07-03 21:41:12  client id= 1 ,round= 10 ,epoch= 1 ,client update iteration= 310 ,loss= 0.698340892791748
2021-07-03 21:41:13  client id= 1 ,round= 10 ,epoch= 1 ,client update iteration= 320 ,loss= 0.769770085811615
2021-07-03 21:41:15  client id= 1 ,round= 10 ,epoch= 1 ,client update iteration= 330 ,loss= 0.8387861251831055
2021-07-03 21:41:17  client id= 1 ,round= 10 ,epoch= 1 ,client update iteration= 340 ,loss= 0.5498068332672119
2021-07-03 21:41:19  client id= 1 ,round= 10 ,epoch= 1 ,client update iteration= 350 ,loss= 0.5737976431846619
2021-07-03 21:41:21  client id= 1 ,round= 10 ,epoch= 1 ,client update iteration= 360 ,loss= 0.4507718086242676
2021-07-03 21:41:23  client id= 1 ,round= 10 ,epoch= 1 ,client update iteration= 370 ,loss= 0.4881516695022583
2021-07-03 21:41:25  client id= 1 ,round= 10 ,epoch= 1 ,client update iteration= 380 ,loss= 0.6526468992233276
2021-07-03 21:41:26  client id= 1 ,round= 10 ,epoch= 1 ,client update iteration= 390 ,loss= 0.6449107527732849
end_round_time 2021-07-03 21:41:27
start add noise 2021-07-03 21:41:27
layer= 0 ratio= 0.0625
layer= 1 ratio= 0.0625
layer= 2 ratio= 0.0625
layer= 3 ratio= 0.0625
layer= 4 ratio= 0.0625
layer= 5 ratio= 0.0625
layer= 6 ratio= 0.0625
layer= 7 ratio= 0.0625
layer= 8 ratio= 0.0625
layer= 9 ratio= 0.0625
layer= 10 ratio= 0.0625
layer= 11 ratio= 0.0625
layer= 12 ratio= 0.0625
layer= 13 ratio= 0.0625
layer= 14 ratio= 0.0625
layer= 15 ratio= 0.0625
layer= 0 ratio= 0.0625
layer= 1 ratio= 0.0625
layer= 2 ratio= 0.0625
layer= 3 ratio= 0.0625
layer= 4 ratio= 0.0625
layer= 5 ratio= 0.0625
layer= 6 ratio= 0.0625
layer= 7 ratio= 0.0625
layer= 8 ratio= 0.0625
layer= 9 ratio= 0.0625
layer= 10 ratio= 0.0625
layer= 11 ratio= 0.0625
layer= 12 ratio= 0.0625
layer= 13 ratio= 0.0625
layer= 14 ratio= 0.0625
layer= 15 ratio= 0.0625
end add noise time 2021-07-03 21:41:27
average train loss= 0.7088688337970572
2021-07-03 21:41:35,round 10,val Accuracy Top1: 76.940000 %
2021-07-03 21:41:35,round 10,val Accuracy Top5: 98.190000 %
