type sample_L2
pb 40000.0
clip_bound 20.0
log_path log/Alexnet/sample_L2/False
train_data data
test_data data
batch_size 64
test_batch_size 64
lr 0.0002
momentum 0.5
no_cuda False
seed 1
log_interval 1
privacy_delta 1e-06
sample_num 500
islog True
is_ratio_list False
num_clients 2
num_rounds 10
epochs 1
ratio_type 0
平均分配eps
device cuda
loading data
load data done
AlexNet(
  (conv1): Sequential(
    (0): Conv2d(3, 96, kernel_size=(6, 6), stride=(1, 1))
    (1): ReLU()
  )
  (conv2): Sequential(
    (0): Conv2d(96, 256, kernel_size=(5, 5), stride=(1, 1), padding=(2, 2))
    (1): ReLU()
    (2): MaxPool2d(kernel_size=3, stride=2, padding=0, dilation=1, ceil_mode=False)
  )
  (conv3): Sequential(
    (0): Conv2d(256, 384, kernel_size=(3, 3), stride=(1, 1), padding=(1, 1))
    (1): ReLU()
  )
  (conv4): Sequential(
    (0): Conv2d(384, 384, kernel_size=(3, 3), stride=(1, 1), padding=(1, 1))
    (1): ReLU()
  )
  (conv5): Sequential(
    (0): Conv2d(384, 256, kernel_size=(3, 3), stride=(1, 1), padding=(1, 1))
    (1): ReLU()
    (2): MaxPool2d(kernel_size=3, stride=2, padding=0, dilation=1, ceil_mode=False)
  )
  (dense): Sequential(
    (0): Linear(in_features=9216, out_features=4096, bias=True)
    (1): ReLU()
    (2): Dropout(p=0.5, inplace=False)
    (3): Linear(in_features=4096, out_features=4096, bias=True)
    (4): ReLU()
    (5): Dropout(p=0.5, inplace=False)
    (6): Linear(in_features=4096, out_features=10, bias=True)
  )
)
********start training********
start_round_time 2021-07-03 20:24:11
******client id  0 ******
client_update start
2021-07-03 20:24:13  client id= 0 ,round= 1 ,epoch= 1 ,client update iteration= 10 ,loss= 2.2887048721313477
2021-07-03 20:24:14  client id= 0 ,round= 1 ,epoch= 1 ,client update iteration= 20 ,loss= 2.192108631134033
2021-07-03 20:24:16  client id= 0 ,round= 1 ,epoch= 1 ,client update iteration= 30 ,loss= 1.9968622922897339
2021-07-03 20:24:18  client id= 0 ,round= 1 ,epoch= 1 ,client update iteration= 40 ,loss= 2.2012295722961426
2021-07-03 20:24:20  client id= 0 ,round= 1 ,epoch= 1 ,client update iteration= 50 ,loss= 2.0675714015960693
2021-07-03 20:24:22  client id= 0 ,round= 1 ,epoch= 1 ,client update iteration= 60 ,loss= 2.163153648376465
2021-07-03 20:24:24  client id= 0 ,round= 1 ,epoch= 1 ,client update iteration= 70 ,loss= 2.071547508239746
2021-07-03 20:24:26  client id= 0 ,round= 1 ,epoch= 1 ,client update iteration= 80 ,loss= 2.0362377166748047
2021-07-03 20:24:27  client id= 0 ,round= 1 ,epoch= 1 ,client update iteration= 90 ,loss= 1.8239598274230957
2021-07-03 20:24:29  client id= 0 ,round= 1 ,epoch= 1 ,client update iteration= 100 ,loss= 1.8011120557785034
2021-07-03 20:24:31  client id= 0 ,round= 1 ,epoch= 1 ,client update iteration= 110 ,loss= 1.8897086381912231
2021-07-03 20:24:33  client id= 0 ,round= 1 ,epoch= 1 ,client update iteration= 120 ,loss= 1.9248692989349365
2021-07-03 20:24:35  client id= 0 ,round= 1 ,epoch= 1 ,client update iteration= 130 ,loss= 1.8053547143936157
2021-07-03 20:24:37  client id= 0 ,round= 1 ,epoch= 1 ,client update iteration= 140 ,loss= 1.8347498178482056
2021-07-03 20:24:39  client id= 0 ,round= 1 ,epoch= 1 ,client update iteration= 150 ,loss= 1.744042992591858
2021-07-03 20:24:41  client id= 0 ,round= 1 ,epoch= 1 ,client update iteration= 160 ,loss= 1.8033866882324219
2021-07-03 20:24:42  client id= 0 ,round= 1 ,epoch= 1 ,client update iteration= 170 ,loss= 1.8211219310760498
2021-07-03 20:24:44  client id= 0 ,round= 1 ,epoch= 1 ,client update iteration= 180 ,loss= 1.7257533073425293
2021-07-03 20:24:46  client id= 0 ,round= 1 ,epoch= 1 ,client update iteration= 190 ,loss= 1.5766805410385132
2021-07-03 20:24:48  client id= 0 ,round= 1 ,epoch= 1 ,client update iteration= 200 ,loss= 1.688755750656128
2021-07-03 20:24:50  client id= 0 ,round= 1 ,epoch= 1 ,client update iteration= 210 ,loss= 1.5938032865524292
2021-07-03 20:24:52  client id= 0 ,round= 1 ,epoch= 1 ,client update iteration= 220 ,loss= 1.6028286218643188
2021-07-03 20:24:54  client id= 0 ,round= 1 ,epoch= 1 ,client update iteration= 230 ,loss= 1.6333738565444946
2021-07-03 20:24:55  client id= 0 ,round= 1 ,epoch= 1 ,client update iteration= 240 ,loss= 1.6569523811340332
2021-07-03 20:24:57  client id= 0 ,round= 1 ,epoch= 1 ,client update iteration= 250 ,loss= 1.6080927848815918
2021-07-03 20:24:59  client id= 0 ,round= 1 ,epoch= 1 ,client update iteration= 260 ,loss= 1.4206207990646362
2021-07-03 20:25:01  client id= 0 ,round= 1 ,epoch= 1 ,client update iteration= 270 ,loss= 1.4506512880325317
2021-07-03 20:25:03  client id= 0 ,round= 1 ,epoch= 1 ,client update iteration= 280 ,loss= 1.6189970970153809
2021-07-03 20:25:05  client id= 0 ,round= 1 ,epoch= 1 ,client update iteration= 290 ,loss= 1.4895603656768799
2021-07-03 20:25:07  client id= 0 ,round= 1 ,epoch= 1 ,client update iteration= 300 ,loss= 1.5820870399475098
2021-07-03 20:25:09  client id= 0 ,round= 1 ,epoch= 1 ,client update iteration= 310 ,loss= 1.3298312425613403
2021-07-03 20:25:10  client id= 0 ,round= 1 ,epoch= 1 ,client update iteration= 320 ,loss= 1.445873498916626
2021-07-03 20:25:12  client id= 0 ,round= 1 ,epoch= 1 ,client update iteration= 330 ,loss= 1.484363079071045
2021-07-03 20:25:14  client id= 0 ,round= 1 ,epoch= 1 ,client update iteration= 340 ,loss= 1.4668751955032349
2021-07-03 20:25:16  client id= 0 ,round= 1 ,epoch= 1 ,client update iteration= 350 ,loss= 1.4092278480529785
2021-07-03 20:25:18  client id= 0 ,round= 1 ,epoch= 1 ,client update iteration= 360 ,loss= 1.5818108320236206
2021-07-03 20:25:20  client id= 0 ,round= 1 ,epoch= 1 ,client update iteration= 370 ,loss= 1.4201163053512573
2021-07-03 20:25:22  client id= 0 ,round= 1 ,epoch= 1 ,client update iteration= 380 ,loss= 1.3137614727020264
2021-07-03 20:25:24  client id= 0 ,round= 1 ,epoch= 1 ,client update iteration= 390 ,loss= 1.4510531425476074
******client id  1 ******
client_update start
2021-07-03 20:25:26  client id= 1 ,round= 1 ,epoch= 1 ,client update iteration= 10 ,loss= 2.2627291679382324
2021-07-03 20:25:27  client id= 1 ,round= 1 ,epoch= 1 ,client update iteration= 20 ,loss= 2.151359796524048
2021-07-03 20:25:29  client id= 1 ,round= 1 ,epoch= 1 ,client update iteration= 30 ,loss= 2.1934189796447754
2021-07-03 20:25:31  client id= 1 ,round= 1 ,epoch= 1 ,client update iteration= 40 ,loss= 2.0823488235473633
2021-07-03 20:25:33  client id= 1 ,round= 1 ,epoch= 1 ,client update iteration= 50 ,loss= 2.0967655181884766
2021-07-03 20:25:35  client id= 1 ,round= 1 ,epoch= 1 ,client update iteration= 60 ,loss= 1.8846275806427002
2021-07-03 20:25:37  client id= 1 ,round= 1 ,epoch= 1 ,client update iteration= 70 ,loss= 1.720507264137268
2021-07-03 20:25:39  client id= 1 ,round= 1 ,epoch= 1 ,client update iteration= 80 ,loss= 1.8290265798568726
2021-07-03 20:25:40  client id= 1 ,round= 1 ,epoch= 1 ,client update iteration= 90 ,loss= 1.7472476959228516
2021-07-03 20:25:42  client id= 1 ,round= 1 ,epoch= 1 ,client update iteration= 100 ,loss= 1.791473150253296
2021-07-03 20:25:44  client id= 1 ,round= 1 ,epoch= 1 ,client update iteration= 110 ,loss= 1.6693110466003418
2021-07-03 20:25:46  client id= 1 ,round= 1 ,epoch= 1 ,client update iteration= 120 ,loss= 1.7729028463363647
2021-07-03 20:25:48  client id= 1 ,round= 1 ,epoch= 1 ,client update iteration= 130 ,loss= 1.836859107017517
2021-07-03 20:25:50  client id= 1 ,round= 1 ,epoch= 1 ,client update iteration= 140 ,loss= 1.8492363691329956
2021-07-03 20:25:52  client id= 1 ,round= 1 ,epoch= 1 ,client update iteration= 150 ,loss= 1.9435429573059082
2021-07-03 20:25:54  client id= 1 ,round= 1 ,epoch= 1 ,client update iteration= 160 ,loss= 1.6292548179626465
2021-07-03 20:25:55  client id= 1 ,round= 1 ,epoch= 1 ,client update iteration= 170 ,loss= 1.7100237607955933
2021-07-03 20:25:57  client id= 1 ,round= 1 ,epoch= 1 ,client update iteration= 180 ,loss= 1.6249748468399048
2021-07-03 20:25:59  client id= 1 ,round= 1 ,epoch= 1 ,client update iteration= 190 ,loss= 1.7199238538742065
2021-07-03 20:26:01  client id= 1 ,round= 1 ,epoch= 1 ,client update iteration= 200 ,loss= 1.6348966360092163
2021-07-03 20:26:03  client id= 1 ,round= 1 ,epoch= 1 ,client update iteration= 210 ,loss= 1.6141592264175415
2021-07-03 20:26:05  client id= 1 ,round= 1 ,epoch= 1 ,client update iteration= 220 ,loss= 1.524057388305664
2021-07-03 20:26:07  client id= 1 ,round= 1 ,epoch= 1 ,client update iteration= 230 ,loss= 1.7336151599884033
2021-07-03 20:26:08  client id= 1 ,round= 1 ,epoch= 1 ,client update iteration= 240 ,loss= 1.4453048706054688
2021-07-03 20:26:10  client id= 1 ,round= 1 ,epoch= 1 ,client update iteration= 250 ,loss= 1.559098720550537
2021-07-03 20:26:12  client id= 1 ,round= 1 ,epoch= 1 ,client update iteration= 260 ,loss= 1.4791598320007324
2021-07-03 20:26:14  client id= 1 ,round= 1 ,epoch= 1 ,client update iteration= 270 ,loss= 1.483302116394043
2021-07-03 20:26:16  client id= 1 ,round= 1 ,epoch= 1 ,client update iteration= 280 ,loss= 1.4530946016311646
2021-07-03 20:26:18  client id= 1 ,round= 1 ,epoch= 1 ,client update iteration= 290 ,loss= 1.5613267421722412
2021-07-03 20:26:20  client id= 1 ,round= 1 ,epoch= 1 ,client update iteration= 300 ,loss= 1.5705959796905518
2021-07-03 20:26:21  client id= 1 ,round= 1 ,epoch= 1 ,client update iteration= 310 ,loss= 1.4409370422363281
2021-07-03 20:26:23  client id= 1 ,round= 1 ,epoch= 1 ,client update iteration= 320 ,loss= 1.3378890752792358
2021-07-03 20:26:25  client id= 1 ,round= 1 ,epoch= 1 ,client update iteration= 330 ,loss= 1.402466058731079
2021-07-03 20:26:27  client id= 1 ,round= 1 ,epoch= 1 ,client update iteration= 340 ,loss= 1.522352695465088
2021-07-03 20:26:29  client id= 1 ,round= 1 ,epoch= 1 ,client update iteration= 350 ,loss= 1.4895087480545044
2021-07-03 20:26:31  client id= 1 ,round= 1 ,epoch= 1 ,client update iteration= 360 ,loss= 1.619917392730713
2021-07-03 20:26:33  client id= 1 ,round= 1 ,epoch= 1 ,client update iteration= 370 ,loss= 1.418574333190918
2021-07-03 20:26:35  client id= 1 ,round= 1 ,epoch= 1 ,client update iteration= 380 ,loss= 1.3902302980422974
2021-07-03 20:26:36  client id= 1 ,round= 1 ,epoch= 1 ,client update iteration= 390 ,loss= 1.5360146760940552
end_round_time 2021-07-03 20:26:37
start add noise 2021-07-03 20:26:37
layer= 0 ratio= 0.0625
layer= 1 ratio= 0.0625
layer= 2 ratio= 0.0625
layer= 3 ratio= 0.0625
layer= 4 ratio= 0.0625
layer= 5 ratio= 0.0625
layer= 6 ratio= 0.0625
layer= 7 ratio= 0.0625
layer= 8 ratio= 0.0625
layer= 9 ratio= 0.0625
layer= 10 ratio= 0.0625
layer= 11 ratio= 0.0625
layer= 12 ratio= 0.0625
layer= 13 ratio= 0.0625
layer= 14 ratio= 0.0625
layer= 15 ratio= 0.0625
layer= 0 ratio= 0.0625
layer= 1 ratio= 0.0625
layer= 2 ratio= 0.0625
layer= 3 ratio= 0.0625
layer= 4 ratio= 0.0625
layer= 5 ratio= 0.0625
layer= 6 ratio= 0.0625
layer= 7 ratio= 0.0625
layer= 8 ratio= 0.0625
layer= 9 ratio= 0.0625
layer= 10 ratio= 0.0625
layer= 11 ratio= 0.0625
layer= 12 ratio= 0.0625
layer= 13 ratio= 0.0625
layer= 14 ratio= 0.0625
layer= 15 ratio= 0.0625
end add noise time 2021-07-03 20:26:37
average train loss= 1.7138075439826301
2021-07-03 20:26:45,round 1,val Accuracy Top1: 22.620000 %
2021-07-03 20:26:45,round 1,val Accuracy Top5: 75.420000 %
start_round_time 2021-07-03 20:26:45
******client id  0 ******
client_update start
2021-07-03 20:26:47  client id= 0 ,round= 2 ,epoch= 1 ,client update iteration= 10 ,loss= 1.7565311193466187
2021-07-03 20:26:49  client id= 0 ,round= 2 ,epoch= 1 ,client update iteration= 20 ,loss= 1.6248693466186523
2021-07-03 20:26:51  client id= 0 ,round= 2 ,epoch= 1 ,client update iteration= 30 ,loss= 1.763829231262207
2021-07-03 20:26:53  client id= 0 ,round= 2 ,epoch= 1 ,client update iteration= 40 ,loss= 1.5512540340423584
2021-07-03 20:26:55  client id= 0 ,round= 2 ,epoch= 1 ,client update iteration= 50 ,loss= 1.8313437700271606
2021-07-03 20:26:57  client id= 0 ,round= 2 ,epoch= 1 ,client update iteration= 60 ,loss= 1.381400465965271
2021-07-03 20:26:58  client id= 0 ,round= 2 ,epoch= 1 ,client update iteration= 70 ,loss= 1.3225021362304688
2021-07-03 20:27:00  client id= 0 ,round= 2 ,epoch= 1 ,client update iteration= 80 ,loss= 1.4519438743591309
2021-07-03 20:27:02  client id= 0 ,round= 2 ,epoch= 1 ,client update iteration= 90 ,loss= 1.315114974975586
2021-07-03 20:27:04  client id= 0 ,round= 2 ,epoch= 1 ,client update iteration= 100 ,loss= 1.3131991624832153
2021-07-03 20:27:06  client id= 0 ,round= 2 ,epoch= 1 ,client update iteration= 110 ,loss= 1.2013930082321167
2021-07-03 20:27:08  client id= 0 ,round= 2 ,epoch= 1 ,client update iteration= 120 ,loss= 1.1545257568359375
2021-07-03 20:27:10  client id= 0 ,round= 2 ,epoch= 1 ,client update iteration= 130 ,loss= 1.3512153625488281
2021-07-03 20:27:12  client id= 0 ,round= 2 ,epoch= 1 ,client update iteration= 140 ,loss= 1.6125651597976685
2021-07-03 20:27:13  client id= 0 ,round= 2 ,epoch= 1 ,client update iteration= 150 ,loss= 1.4194159507751465
2021-07-03 20:27:15  client id= 0 ,round= 2 ,epoch= 1 ,client update iteration= 160 ,loss= 1.1871280670166016
2021-07-03 20:27:17  client id= 0 ,round= 2 ,epoch= 1 ,client update iteration= 170 ,loss= 1.2424092292785645
2021-07-03 20:27:19  client id= 0 ,round= 2 ,epoch= 1 ,client update iteration= 180 ,loss= 1.3560539484024048
2021-07-03 20:27:21  client id= 0 ,round= 2 ,epoch= 1 ,client update iteration= 190 ,loss= 1.1551791429519653
2021-07-03 20:27:23  client id= 0 ,round= 2 ,epoch= 1 ,client update iteration= 200 ,loss= 1.5094687938690186
2021-07-03 20:27:25  client id= 0 ,round= 2 ,epoch= 1 ,client update iteration= 210 ,loss= 1.5076863765716553
2021-07-03 20:27:26  client id= 0 ,round= 2 ,epoch= 1 ,client update iteration= 220 ,loss= 1.4242808818817139
2021-07-03 20:27:28  client id= 0 ,round= 2 ,epoch= 1 ,client update iteration= 230 ,loss= 1.0740731954574585
2021-07-03 20:27:30  client id= 0 ,round= 2 ,epoch= 1 ,client update iteration= 240 ,loss= 1.082451343536377
2021-07-03 20:27:32  client id= 0 ,round= 2 ,epoch= 1 ,client update iteration= 250 ,loss= 1.2856647968292236
2021-07-03 20:27:34  client id= 0 ,round= 2 ,epoch= 1 ,client update iteration= 260 ,loss= 1.3972153663635254
2021-07-03 20:27:36  client id= 0 ,round= 2 ,epoch= 1 ,client update iteration= 270 ,loss= 1.0264148712158203
2021-07-03 20:27:38  client id= 0 ,round= 2 ,epoch= 1 ,client update iteration= 280 ,loss= 1.160281777381897
2021-07-03 20:27:40  client id= 0 ,round= 2 ,epoch= 1 ,client update iteration= 290 ,loss= 1.1312329769134521
2021-07-03 20:27:41  client id= 0 ,round= 2 ,epoch= 1 ,client update iteration= 300 ,loss= 1.2510489225387573
2021-07-03 20:27:43  client id= 0 ,round= 2 ,epoch= 1 ,client update iteration= 310 ,loss= 1.5420020818710327
2021-07-03 20:27:45  client id= 0 ,round= 2 ,epoch= 1 ,client update iteration= 320 ,loss= 1.3384243249893188
2021-07-03 20:27:47  client id= 0 ,round= 2 ,epoch= 1 ,client update iteration= 330 ,loss= 1.2694801092147827
2021-07-03 20:27:49  client id= 0 ,round= 2 ,epoch= 1 ,client update iteration= 340 ,loss= 0.9416287541389465
2021-07-03 20:27:51  client id= 0 ,round= 2 ,epoch= 1 ,client update iteration= 350 ,loss= 1.1948970556259155
2021-07-03 20:27:53  client id= 0 ,round= 2 ,epoch= 1 ,client update iteration= 360 ,loss= 1.4000306129455566
2021-07-03 20:27:54  client id= 0 ,round= 2 ,epoch= 1 ,client update iteration= 370 ,loss= 1.3153364658355713
2021-07-03 20:27:56  client id= 0 ,round= 2 ,epoch= 1 ,client update iteration= 380 ,loss= 1.3784409761428833
2021-07-03 20:27:58  client id= 0 ,round= 2 ,epoch= 1 ,client update iteration= 390 ,loss= 1.025739073753357
******client id  1 ******
client_update start
2021-07-03 20:28:00  client id= 1 ,round= 2 ,epoch= 1 ,client update iteration= 10 ,loss= 1.682711124420166
2021-07-03 20:28:02  client id= 1 ,round= 2 ,epoch= 1 ,client update iteration= 20 ,loss= 1.7797770500183105
2021-07-03 20:28:04  client id= 1 ,round= 2 ,epoch= 1 ,client update iteration= 30 ,loss= 1.6302471160888672
2021-07-03 20:28:06  client id= 1 ,round= 2 ,epoch= 1 ,client update iteration= 40 ,loss= 1.5304653644561768
2021-07-03 20:28:08  client id= 1 ,round= 2 ,epoch= 1 ,client update iteration= 50 ,loss= 1.7671393156051636
2021-07-03 20:28:10  client id= 1 ,round= 2 ,epoch= 1 ,client update iteration= 60 ,loss= 1.472922921180725
2021-07-03 20:28:11  client id= 1 ,round= 2 ,epoch= 1 ,client update iteration= 70 ,loss= 1.5442191362380981
2021-07-03 20:28:13  client id= 1 ,round= 2 ,epoch= 1 ,client update iteration= 80 ,loss= 1.6376057863235474
2021-07-03 20:28:15  client id= 1 ,round= 2 ,epoch= 1 ,client update iteration= 90 ,loss= 1.5429222583770752
2021-07-03 20:28:17  client id= 1 ,round= 2 ,epoch= 1 ,client update iteration= 100 ,loss= 1.5204472541809082
2021-07-03 20:28:19  client id= 1 ,round= 2 ,epoch= 1 ,client update iteration= 110 ,loss= 1.3789385557174683
2021-07-03 20:28:21  client id= 1 ,round= 2 ,epoch= 1 ,client update iteration= 120 ,loss= 1.190018892288208
2021-07-03 20:28:23  client id= 1 ,round= 2 ,epoch= 1 ,client update iteration= 130 ,loss= 1.3344476222991943
2021-07-03 20:28:24  client id= 1 ,round= 2 ,epoch= 1 ,client update iteration= 140 ,loss= 1.4699842929840088
2021-07-03 20:28:26  client id= 1 ,round= 2 ,epoch= 1 ,client update iteration= 150 ,loss= 1.3215488195419312
2021-07-03 20:28:28  client id= 1 ,round= 2 ,epoch= 1 ,client update iteration= 160 ,loss= 1.3198065757751465
2021-07-03 20:28:30  client id= 1 ,round= 2 ,epoch= 1 ,client update iteration= 170 ,loss= 1.3930212259292603
2021-07-03 20:28:32  client id= 1 ,round= 2 ,epoch= 1 ,client update iteration= 180 ,loss= 1.2667829990386963
2021-07-03 20:28:34  client id= 1 ,round= 2 ,epoch= 1 ,client update iteration= 190 ,loss= 1.092946171760559
2021-07-03 20:28:36  client id= 1 ,round= 2 ,epoch= 1 ,client update iteration= 200 ,loss= 1.37369704246521
2021-07-03 20:28:38  client id= 1 ,round= 2 ,epoch= 1 ,client update iteration= 210 ,loss= 1.2474162578582764
2021-07-03 20:28:39  client id= 1 ,round= 2 ,epoch= 1 ,client update iteration= 220 ,loss= 1.4143645763397217
2021-07-03 20:28:41  client id= 1 ,round= 2 ,epoch= 1 ,client update iteration= 230 ,loss= 1.205826759338379
2021-07-03 20:28:43  client id= 1 ,round= 2 ,epoch= 1 ,client update iteration= 240 ,loss= 1.1597464084625244
2021-07-03 20:28:45  client id= 1 ,round= 2 ,epoch= 1 ,client update iteration= 250 ,loss= 1.140358805656433
2021-07-03 20:28:47  client id= 1 ,round= 2 ,epoch= 1 ,client update iteration= 260 ,loss= 1.2651898860931396
2021-07-03 20:28:49  client id= 1 ,round= 2 ,epoch= 1 ,client update iteration= 270 ,loss= 1.1370232105255127
2021-07-03 20:28:51  client id= 1 ,round= 2 ,epoch= 1 ,client update iteration= 280 ,loss= 1.1395996809005737
2021-07-03 20:28:52  client id= 1 ,round= 2 ,epoch= 1 ,client update iteration= 290 ,loss= 1.0928975343704224
2021-07-03 20:28:54  client id= 1 ,round= 2 ,epoch= 1 ,client update iteration= 300 ,loss= 1.1777925491333008
2021-07-03 20:28:56  client id= 1 ,round= 2 ,epoch= 1 ,client update iteration= 310 ,loss= 1.4351485967636108
2021-07-03 20:28:58  client id= 1 ,round= 2 ,epoch= 1 ,client update iteration= 320 ,loss= 1.2204952239990234
2021-07-03 20:29:00  client id= 1 ,round= 2 ,epoch= 1 ,client update iteration= 330 ,loss= 1.1694742441177368
2021-07-03 20:29:02  client id= 1 ,round= 2 ,epoch= 1 ,client update iteration= 340 ,loss= 1.0358210802078247
2021-07-03 20:29:04  client id= 1 ,round= 2 ,epoch= 1 ,client update iteration= 350 ,loss= 1.1010593175888062
2021-07-03 20:29:06  client id= 1 ,round= 2 ,epoch= 1 ,client update iteration= 360 ,loss= 1.0110726356506348
2021-07-03 20:29:07  client id= 1 ,round= 2 ,epoch= 1 ,client update iteration= 370 ,loss= 1.4257267713546753
2021-07-03 20:29:09  client id= 1 ,round= 2 ,epoch= 1 ,client update iteration= 380 ,loss= 1.266049861907959
2021-07-03 20:29:11  client id= 1 ,round= 2 ,epoch= 1 ,client update iteration= 390 ,loss= 0.9899048805236816
end_round_time 2021-07-03 20:29:11
start add noise 2021-07-03 20:29:11
layer= 0 ratio= 0.0625
layer= 1 ratio= 0.0625
layer= 2 ratio= 0.0625
layer= 3 ratio= 0.0625
layer= 4 ratio= 0.0625
layer= 5 ratio= 0.0625
layer= 6 ratio= 0.0625
layer= 7 ratio= 0.0625
layer= 8 ratio= 0.0625
layer= 9 ratio= 0.0625
layer= 10 ratio= 0.0625
layer= 11 ratio= 0.0625
layer= 12 ratio= 0.0625
layer= 13 ratio= 0.0625
layer= 14 ratio= 0.0625
layer= 15 ratio= 0.0625
layer= 0 ratio= 0.0625
layer= 1 ratio= 0.0625
layer= 2 ratio= 0.0625
layer= 3 ratio= 0.0625
layer= 4 ratio= 0.0625
layer= 5 ratio= 0.0625
layer= 6 ratio= 0.0625
layer= 7 ratio= 0.0625
layer= 8 ratio= 0.0625
layer= 9 ratio= 0.0625
layer= 10 ratio= 0.0625
layer= 11 ratio= 0.0625
layer= 12 ratio= 0.0625
layer= 13 ratio= 0.0625
layer= 14 ratio= 0.0625
layer= 15 ratio= 0.0625
end add noise time 2021-07-03 20:29:11
average train loss= 1.3554248303708518
2021-07-03 20:29:20,round 2,val Accuracy Top1: 58.680000 %
2021-07-03 20:29:20,round 2,val Accuracy Top5: 95.360000 %
start_round_time 2021-07-03 20:29:20
******client id  0 ******
client_update start
2021-07-03 20:29:22  client id= 0 ,round= 3 ,epoch= 1 ,client update iteration= 10 ,loss= 1.4487097263336182
2021-07-03 20:29:24  client id= 0 ,round= 3 ,epoch= 1 ,client update iteration= 20 ,loss= 1.1975728273391724
2021-07-03 20:29:26  client id= 0 ,round= 3 ,epoch= 1 ,client update iteration= 30 ,loss= 1.154407262802124
2021-07-03 20:29:28  client id= 0 ,round= 3 ,epoch= 1 ,client update iteration= 40 ,loss= 1.2331082820892334
2021-07-03 20:29:29  client id= 0 ,round= 3 ,epoch= 1 ,client update iteration= 50 ,loss= 1.3847116231918335
2021-07-03 20:29:31  client id= 0 ,round= 3 ,epoch= 1 ,client update iteration= 60 ,loss= 0.8828780055046082
2021-07-03 20:29:33  client id= 0 ,round= 3 ,epoch= 1 ,client update iteration= 70 ,loss= 1.0012624263763428
2021-07-03 20:29:35  client id= 0 ,round= 3 ,epoch= 1 ,client update iteration= 80 ,loss= 1.0310226678848267
2021-07-03 20:29:37  client id= 0 ,round= 3 ,epoch= 1 ,client update iteration= 90 ,loss= 0.9924033284187317
2021-07-03 20:29:39  client id= 0 ,round= 3 ,epoch= 1 ,client update iteration= 100 ,loss= 1.2450473308563232
2021-07-03 20:29:41  client id= 0 ,round= 3 ,epoch= 1 ,client update iteration= 110 ,loss= 1.1463510990142822
2021-07-03 20:29:43  client id= 0 ,round= 3 ,epoch= 1 ,client update iteration= 120 ,loss= 1.1398361921310425
2021-07-03 20:29:44  client id= 0 ,round= 3 ,epoch= 1 ,client update iteration= 130 ,loss= 1.0006626844406128
2021-07-03 20:29:46  client id= 0 ,round= 3 ,epoch= 1 ,client update iteration= 140 ,loss= 1.003867268562317
2021-07-03 20:29:48  client id= 0 ,round= 3 ,epoch= 1 ,client update iteration= 150 ,loss= 1.1948744058609009
2021-07-03 20:29:50  client id= 0 ,round= 3 ,epoch= 1 ,client update iteration= 160 ,loss= 1.0935587882995605
2021-07-03 20:29:52  client id= 0 ,round= 3 ,epoch= 1 ,client update iteration= 170 ,loss= 0.7057353258132935
2021-07-03 20:29:54  client id= 0 ,round= 3 ,epoch= 1 ,client update iteration= 180 ,loss= 1.0380432605743408
2021-07-03 20:29:56  client id= 0 ,round= 3 ,epoch= 1 ,client update iteration= 190 ,loss= 1.1261404752731323
2021-07-03 20:29:57  client id= 0 ,round= 3 ,epoch= 1 ,client update iteration= 200 ,loss= 0.884358286857605
2021-07-03 20:29:59  client id= 0 ,round= 3 ,epoch= 1 ,client update iteration= 210 ,loss= 1.206614375114441
2021-07-03 20:30:01  client id= 0 ,round= 3 ,epoch= 1 ,client update iteration= 220 ,loss= 1.0232774019241333
2021-07-03 20:30:03  client id= 0 ,round= 3 ,epoch= 1 ,client update iteration= 230 ,loss= 1.0796725749969482
2021-07-03 20:30:05  client id= 0 ,round= 3 ,epoch= 1 ,client update iteration= 240 ,loss= 0.8810840249061584
2021-07-03 20:30:07  client id= 0 ,round= 3 ,epoch= 1 ,client update iteration= 250 ,loss= 1.1950074434280396
2021-07-03 20:30:09  client id= 0 ,round= 3 ,epoch= 1 ,client update iteration= 260 ,loss= 0.9804269075393677
2021-07-03 20:30:11  client id= 0 ,round= 3 ,epoch= 1 ,client update iteration= 270 ,loss= 1.227401614189148
2021-07-03 20:30:12  client id= 0 ,round= 3 ,epoch= 1 ,client update iteration= 280 ,loss= 1.0298985242843628
2021-07-03 20:30:14  client id= 0 ,round= 3 ,epoch= 1 ,client update iteration= 290 ,loss= 1.0906206369400024
2021-07-03 20:30:16  client id= 0 ,round= 3 ,epoch= 1 ,client update iteration= 300 ,loss= 0.7666634321212769
2021-07-03 20:30:18  client id= 0 ,round= 3 ,epoch= 1 ,client update iteration= 310 ,loss= 0.964235782623291
2021-07-03 20:30:20  client id= 0 ,round= 3 ,epoch= 1 ,client update iteration= 320 ,loss= 1.0974079370498657
2021-07-03 20:30:22  client id= 0 ,round= 3 ,epoch= 1 ,client update iteration= 330 ,loss= 0.7757250070571899
2021-07-03 20:30:24  client id= 0 ,round= 3 ,epoch= 1 ,client update iteration= 340 ,loss= 0.8234074115753174
2021-07-03 20:30:25  client id= 0 ,round= 3 ,epoch= 1 ,client update iteration= 350 ,loss= 1.0015692710876465
2021-07-03 20:30:27  client id= 0 ,round= 3 ,epoch= 1 ,client update iteration= 360 ,loss= 1.060575246810913
2021-07-03 20:30:29  client id= 0 ,round= 3 ,epoch= 1 ,client update iteration= 370 ,loss= 0.9096795916557312
2021-07-03 20:30:31  client id= 0 ,round= 3 ,epoch= 1 ,client update iteration= 380 ,loss= 0.9599617719650269
2021-07-03 20:30:33  client id= 0 ,round= 3 ,epoch= 1 ,client update iteration= 390 ,loss= 0.8766388297080994
******client id  1 ******
client_update start
2021-07-03 20:30:35  client id= 1 ,round= 3 ,epoch= 1 ,client update iteration= 10 ,loss= 1.1837443113327026
2021-07-03 20:30:37  client id= 1 ,round= 3 ,epoch= 1 ,client update iteration= 20 ,loss= 1.4896996021270752
2021-07-03 20:30:39  client id= 1 ,round= 3 ,epoch= 1 ,client update iteration= 30 ,loss= 1.228653907775879
2021-07-03 20:30:41  client id= 1 ,round= 3 ,epoch= 1 ,client update iteration= 40 ,loss= 1.1951873302459717
2021-07-03 20:30:42  client id= 1 ,round= 3 ,epoch= 1 ,client update iteration= 50 ,loss= 1.024484395980835
2021-07-03 20:30:44  client id= 1 ,round= 3 ,epoch= 1 ,client update iteration= 60 ,loss= 1.0919488668441772
2021-07-03 20:30:46  client id= 1 ,round= 3 ,epoch= 1 ,client update iteration= 70 ,loss= 1.2253490686416626
2021-07-03 20:30:48  client id= 1 ,round= 3 ,epoch= 1 ,client update iteration= 80 ,loss= 1.2424184083938599
2021-07-03 20:30:50  client id= 1 ,round= 3 ,epoch= 1 ,client update iteration= 90 ,loss= 1.2727999687194824
2021-07-03 20:30:52  client id= 1 ,round= 3 ,epoch= 1 ,client update iteration= 100 ,loss= 1.045101523399353
2021-07-03 20:30:54  client id= 1 ,round= 3 ,epoch= 1 ,client update iteration= 110 ,loss= 1.4544490575790405
2021-07-03 20:30:55  client id= 1 ,round= 3 ,epoch= 1 ,client update iteration= 120 ,loss= 1.3589518070220947
2021-07-03 20:30:57  client id= 1 ,round= 3 ,epoch= 1 ,client update iteration= 130 ,loss= 1.0038926601409912
2021-07-03 20:30:59  client id= 1 ,round= 3 ,epoch= 1 ,client update iteration= 140 ,loss= 0.9473047852516174
2021-07-03 20:31:01  client id= 1 ,round= 3 ,epoch= 1 ,client update iteration= 150 ,loss= 0.8986684679985046
2021-07-03 20:31:03  client id= 1 ,round= 3 ,epoch= 1 ,client update iteration= 160 ,loss= 1.3874380588531494
2021-07-03 20:31:05  client id= 1 ,round= 3 ,epoch= 1 ,client update iteration= 170 ,loss= 0.9970741271972656
2021-07-03 20:31:07  client id= 1 ,round= 3 ,epoch= 1 ,client update iteration= 180 ,loss= 0.9260081052780151
2021-07-03 20:31:09  client id= 1 ,round= 3 ,epoch= 1 ,client update iteration= 190 ,loss= 0.8068498373031616
2021-07-03 20:31:10  client id= 1 ,round= 3 ,epoch= 1 ,client update iteration= 200 ,loss= 0.9894936084747314
2021-07-03 20:31:12  client id= 1 ,round= 3 ,epoch= 1 ,client update iteration= 210 ,loss= 1.1168729066848755
2021-07-03 20:31:14  client id= 1 ,round= 3 ,epoch= 1 ,client update iteration= 220 ,loss= 1.0799328088760376
2021-07-03 20:31:16  client id= 1 ,round= 3 ,epoch= 1 ,client update iteration= 230 ,loss= 1.1644845008850098
2021-07-03 20:31:18  client id= 1 ,round= 3 ,epoch= 1 ,client update iteration= 240 ,loss= 1.1000866889953613
2021-07-03 20:31:20  client id= 1 ,round= 3 ,epoch= 1 ,client update iteration= 250 ,loss= 1.1551268100738525
2021-07-03 20:31:22  client id= 1 ,round= 3 ,epoch= 1 ,client update iteration= 260 ,loss= 0.8909052610397339
2021-07-03 20:31:23  client id= 1 ,round= 3 ,epoch= 1 ,client update iteration= 270 ,loss= 0.9285475015640259
2021-07-03 20:31:25  client id= 1 ,round= 3 ,epoch= 1 ,client update iteration= 280 ,loss= 1.2475062608718872
2021-07-03 20:31:27  client id= 1 ,round= 3 ,epoch= 1 ,client update iteration= 290 ,loss= 1.0241315364837646
2021-07-03 20:31:29  client id= 1 ,round= 3 ,epoch= 1 ,client update iteration= 300 ,loss= 1.0929697751998901
2021-07-03 20:31:31  client id= 1 ,round= 3 ,epoch= 1 ,client update iteration= 310 ,loss= 0.9611202478408813
2021-07-03 20:31:33  client id= 1 ,round= 3 ,epoch= 1 ,client update iteration= 320 ,loss= 0.9643803834915161
2021-07-03 20:31:35  client id= 1 ,round= 3 ,epoch= 1 ,client update iteration= 330 ,loss= 0.7838948965072632
2021-07-03 20:31:37  client id= 1 ,round= 3 ,epoch= 1 ,client update iteration= 340 ,loss= 0.7867556214332581
2021-07-03 20:31:38  client id= 1 ,round= 3 ,epoch= 1 ,client update iteration= 350 ,loss= 0.8127145171165466
2021-07-03 20:31:40  client id= 1 ,round= 3 ,epoch= 1 ,client update iteration= 360 ,loss= 0.8625679016113281
2021-07-03 20:31:42  client id= 1 ,round= 3 ,epoch= 1 ,client update iteration= 370 ,loss= 1.4960659742355347
2021-07-03 20:31:44  client id= 1 ,round= 3 ,epoch= 1 ,client update iteration= 380 ,loss= 0.6506995558738708
2021-07-03 20:31:46  client id= 1 ,round= 3 ,epoch= 1 ,client update iteration= 390 ,loss= 1.1153672933578491
end_round_time 2021-07-03 20:31:46
start add noise 2021-07-03 20:31:46
layer= 0 ratio= 0.0625
layer= 1 ratio= 0.0625
layer= 2 ratio= 0.0625
layer= 3 ratio= 0.0625
layer= 4 ratio= 0.0625
layer= 5 ratio= 0.0625
layer= 6 ratio= 0.0625
layer= 7 ratio= 0.0625
layer= 8 ratio= 0.0625
layer= 9 ratio= 0.0625
layer= 10 ratio= 0.0625
layer= 11 ratio= 0.0625
layer= 12 ratio= 0.0625
layer= 13 ratio= 0.0625
layer= 14 ratio= 0.0625
layer= 15 ratio= 0.0625
layer= 0 ratio= 0.0625
layer= 1 ratio= 0.0625
layer= 2 ratio= 0.0625
layer= 3 ratio= 0.0625
layer= 4 ratio= 0.0625
layer= 5 ratio= 0.0625
layer= 6 ratio= 0.0625
layer= 7 ratio= 0.0625
layer= 8 ratio= 0.0625
layer= 9 ratio= 0.0625
layer= 10 ratio= 0.0625
layer= 11 ratio= 0.0625
layer= 12 ratio= 0.0625
layer= 13 ratio= 0.0625
layer= 14 ratio= 0.0625
layer= 15 ratio= 0.0625
end add noise time 2021-07-03 20:31:46
average train loss= 1.0499234789472711
2021-07-03 20:31:55,round 3,val Accuracy Top1: 69.070000 %
2021-07-03 20:31:55,round 3,val Accuracy Top5: 97.280000 %
start_round_time 2021-07-03 20:31:55
******client id  0 ******
client_update start
2021-07-03 20:31:57  client id= 0 ,round= 4 ,epoch= 1 ,client update iteration= 10 ,loss= 0.8990216851234436
2021-07-03 20:31:59  client id= 0 ,round= 4 ,epoch= 1 ,client update iteration= 20 ,loss= 1.27237868309021
2021-07-03 20:32:01  client id= 0 ,round= 4 ,epoch= 1 ,client update iteration= 30 ,loss= 0.9863409996032715
2021-07-03 20:32:02  client id= 0 ,round= 4 ,epoch= 1 ,client update iteration= 40 ,loss= 0.8685286641120911
2021-07-03 20:32:04  client id= 0 ,round= 4 ,epoch= 1 ,client update iteration= 50 ,loss= 0.745124101638794
2021-07-03 20:32:06  client id= 0 ,round= 4 ,epoch= 1 ,client update iteration= 60 ,loss= 0.9866459965705872
2021-07-03 20:32:08  client id= 0 ,round= 4 ,epoch= 1 ,client update iteration= 70 ,loss= 0.8182312846183777
2021-07-03 20:32:10  client id= 0 ,round= 4 ,epoch= 1 ,client update iteration= 80 ,loss= 0.8196173906326294
2021-07-03 20:32:12  client id= 0 ,round= 4 ,epoch= 1 ,client update iteration= 90 ,loss= 0.8815135955810547
2021-07-03 20:32:14  client id= 0 ,round= 4 ,epoch= 1 ,client update iteration= 100 ,loss= 0.9726609587669373
2021-07-03 20:32:15  client id= 0 ,round= 4 ,epoch= 1 ,client update iteration= 110 ,loss= 0.9614298939704895
2021-07-03 20:32:17  client id= 0 ,round= 4 ,epoch= 1 ,client update iteration= 120 ,loss= 0.9219424724578857
2021-07-03 20:32:19  client id= 0 ,round= 4 ,epoch= 1 ,client update iteration= 130 ,loss= 1.1519604921340942
2021-07-03 20:32:21  client id= 0 ,round= 4 ,epoch= 1 ,client update iteration= 140 ,loss= 1.0296000242233276
2021-07-03 20:32:23  client id= 0 ,round= 4 ,epoch= 1 ,client update iteration= 150 ,loss= 1.1544386148452759
2021-07-03 20:32:25  client id= 0 ,round= 4 ,epoch= 1 ,client update iteration= 160 ,loss= 0.9596311450004578
2021-07-03 20:32:27  client id= 0 ,round= 4 ,epoch= 1 ,client update iteration= 170 ,loss= 0.7750493288040161
2021-07-03 20:32:29  client id= 0 ,round= 4 ,epoch= 1 ,client update iteration= 180 ,loss= 0.6860727667808533
2021-07-03 20:32:30  client id= 0 ,round= 4 ,epoch= 1 ,client update iteration= 190 ,loss= 0.6633395552635193
2021-07-03 20:32:32  client id= 0 ,round= 4 ,epoch= 1 ,client update iteration= 200 ,loss= 0.9693553447723389
2021-07-03 20:32:34  client id= 0 ,round= 4 ,epoch= 1 ,client update iteration= 210 ,loss= 0.6486064195632935
2021-07-03 20:32:36  client id= 0 ,round= 4 ,epoch= 1 ,client update iteration= 220 ,loss= 0.8884426355361938
2021-07-03 20:32:38  client id= 0 ,round= 4 ,epoch= 1 ,client update iteration= 230 ,loss= 0.9795990586280823
2021-07-03 20:32:40  client id= 0 ,round= 4 ,epoch= 1 ,client update iteration= 240 ,loss= 0.9541553258895874
2021-07-03 20:32:42  client id= 0 ,round= 4 ,epoch= 1 ,client update iteration= 250 ,loss= 0.673114538192749
2021-07-03 20:32:43  client id= 0 ,round= 4 ,epoch= 1 ,client update iteration= 260 ,loss= 0.7056299448013306
2021-07-03 20:32:45  client id= 0 ,round= 4 ,epoch= 1 ,client update iteration= 270 ,loss= 0.9337137341499329
2021-07-03 20:32:47  client id= 0 ,round= 4 ,epoch= 1 ,client update iteration= 280 ,loss= 0.7297210097312927
2021-07-03 20:32:49  client id= 0 ,round= 4 ,epoch= 1 ,client update iteration= 290 ,loss= 0.713206946849823
2021-07-03 20:32:51  client id= 0 ,round= 4 ,epoch= 1 ,client update iteration= 300 ,loss= 0.8647807836532593
2021-07-03 20:32:53  client id= 0 ,round= 4 ,epoch= 1 ,client update iteration= 310 ,loss= 0.7928500771522522
2021-07-03 20:32:55  client id= 0 ,round= 4 ,epoch= 1 ,client update iteration= 320 ,loss= 0.7513260841369629
2021-07-03 20:32:57  client id= 0 ,round= 4 ,epoch= 1 ,client update iteration= 330 ,loss= 0.8392440676689148
2021-07-03 20:32:58  client id= 0 ,round= 4 ,epoch= 1 ,client update iteration= 340 ,loss= 0.8593917489051819
2021-07-03 20:33:00  client id= 0 ,round= 4 ,epoch= 1 ,client update iteration= 350 ,loss= 0.8784304261207581
2021-07-03 20:33:02  client id= 0 ,round= 4 ,epoch= 1 ,client update iteration= 360 ,loss= 0.7011097073554993
2021-07-03 20:33:04  client id= 0 ,round= 4 ,epoch= 1 ,client update iteration= 370 ,loss= 0.8524972200393677
2021-07-03 20:33:06  client id= 0 ,round= 4 ,epoch= 1 ,client update iteration= 380 ,loss= 0.6262960433959961
2021-07-03 20:33:08  client id= 0 ,round= 4 ,epoch= 1 ,client update iteration= 390 ,loss= 0.7409690618515015
******client id  1 ******
client_update start
2021-07-03 20:33:10  client id= 1 ,round= 4 ,epoch= 1 ,client update iteration= 10 ,loss= 0.6424556970596313
2021-07-03 20:33:12  client id= 1 ,round= 4 ,epoch= 1 ,client update iteration= 20 ,loss= 1.1418707370758057
2021-07-03 20:33:13  client id= 1 ,round= 4 ,epoch= 1 ,client update iteration= 30 ,loss= 0.8841345310211182
2021-07-03 20:33:15  client id= 1 ,round= 4 ,epoch= 1 ,client update iteration= 40 ,loss= 0.9083108305931091
2021-07-03 20:33:17  client id= 1 ,round= 4 ,epoch= 1 ,client update iteration= 50 ,loss= 0.7358704805374146
2021-07-03 20:33:19  client id= 1 ,round= 4 ,epoch= 1 ,client update iteration= 60 ,loss= 0.732111394405365
2021-07-03 20:33:21  client id= 1 ,round= 4 ,epoch= 1 ,client update iteration= 70 ,loss= 1.0874589681625366
2021-07-03 20:33:23  client id= 1 ,round= 4 ,epoch= 1 ,client update iteration= 80 ,loss= 0.9852173924446106
2021-07-03 20:33:25  client id= 1 ,round= 4 ,epoch= 1 ,client update iteration= 90 ,loss= 0.924784779548645
2021-07-03 20:33:27  client id= 1 ,round= 4 ,epoch= 1 ,client update iteration= 100 ,loss= 0.8093627095222473
2021-07-03 20:33:28  client id= 1 ,round= 4 ,epoch= 1 ,client update iteration= 110 ,loss= 0.7811220288276672
2021-07-03 20:33:30  client id= 1 ,round= 4 ,epoch= 1 ,client update iteration= 120 ,loss= 0.9615321159362793
2021-07-03 20:33:32  client id= 1 ,round= 4 ,epoch= 1 ,client update iteration= 130 ,loss= 0.8729759454727173
2021-07-03 20:33:34  client id= 1 ,round= 4 ,epoch= 1 ,client update iteration= 140 ,loss= 1.0342217683792114
2021-07-03 20:33:36  client id= 1 ,round= 4 ,epoch= 1 ,client update iteration= 150 ,loss= 0.8857327699661255
2021-07-03 20:33:38  client id= 1 ,round= 4 ,epoch= 1 ,client update iteration= 160 ,loss= 0.7799220681190491
2021-07-03 20:33:40  client id= 1 ,round= 4 ,epoch= 1 ,client update iteration= 170 ,loss= 1.128395915031433
2021-07-03 20:33:41  client id= 1 ,round= 4 ,epoch= 1 ,client update iteration= 180 ,loss= 0.7336474061012268
2021-07-03 20:33:43  client id= 1 ,round= 4 ,epoch= 1 ,client update iteration= 190 ,loss= 0.8270408511161804
2021-07-03 20:33:45  client id= 1 ,round= 4 ,epoch= 1 ,client update iteration= 200 ,loss= 0.9725660681724548
2021-07-03 20:33:47  client id= 1 ,round= 4 ,epoch= 1 ,client update iteration= 210 ,loss= 0.8031463027000427
2021-07-03 20:33:49  client id= 1 ,round= 4 ,epoch= 1 ,client update iteration= 220 ,loss= 0.7575404644012451
2021-07-03 20:33:51  client id= 1 ,round= 4 ,epoch= 1 ,client update iteration= 230 ,loss= 1.1463534832000732
2021-07-03 20:33:53  client id= 1 ,round= 4 ,epoch= 1 ,client update iteration= 240 ,loss= 0.8255956768989563
2021-07-03 20:33:55  client id= 1 ,round= 4 ,epoch= 1 ,client update iteration= 250 ,loss= 0.9008742570877075
2021-07-03 20:33:56  client id= 1 ,round= 4 ,epoch= 1 ,client update iteration= 260 ,loss= 0.8362022638320923
2021-07-03 20:33:58  client id= 1 ,round= 4 ,epoch= 1 ,client update iteration= 270 ,loss= 0.9996142387390137
2021-07-03 20:34:00  client id= 1 ,round= 4 ,epoch= 1 ,client update iteration= 280 ,loss= 0.8507145047187805
2021-07-03 20:34:02  client id= 1 ,round= 4 ,epoch= 1 ,client update iteration= 290 ,loss= 0.7538453340530396
2021-07-03 20:34:04  client id= 1 ,round= 4 ,epoch= 1 ,client update iteration= 300 ,loss= 0.985352635383606
2021-07-03 20:34:06  client id= 1 ,round= 4 ,epoch= 1 ,client update iteration= 310 ,loss= 0.9862731099128723
2021-07-03 20:34:08  client id= 1 ,round= 4 ,epoch= 1 ,client update iteration= 320 ,loss= 0.5517867207527161
2021-07-03 20:34:09  client id= 1 ,round= 4 ,epoch= 1 ,client update iteration= 330 ,loss= 0.7751536965370178
2021-07-03 20:34:11  client id= 1 ,round= 4 ,epoch= 1 ,client update iteration= 340 ,loss= 0.8301776051521301
2021-07-03 20:34:13  client id= 1 ,round= 4 ,epoch= 1 ,client update iteration= 350 ,loss= 0.8975028991699219
2021-07-03 20:34:15  client id= 1 ,round= 4 ,epoch= 1 ,client update iteration= 360 ,loss= 0.9172248840332031
2021-07-03 20:34:17  client id= 1 ,round= 4 ,epoch= 1 ,client update iteration= 370 ,loss= 0.7765258550643921
2021-07-03 20:34:19  client id= 1 ,round= 4 ,epoch= 1 ,client update iteration= 380 ,loss= 0.8228399157524109
2021-07-03 20:34:21  client id= 1 ,round= 4 ,epoch= 1 ,client update iteration= 390 ,loss= 0.7387962937355042
end_round_time 2021-07-03 20:34:21
start add noise 2021-07-03 20:34:21
layer= 0 ratio= 0.0625
layer= 1 ratio= 0.0625
layer= 2 ratio= 0.0625
layer= 3 ratio= 0.0625
layer= 4 ratio= 0.0625
layer= 5 ratio= 0.0625
layer= 6 ratio= 0.0625
layer= 7 ratio= 0.0625
layer= 8 ratio= 0.0625
layer= 9 ratio= 0.0625
layer= 10 ratio= 0.0625
layer= 11 ratio= 0.0625
layer= 12 ratio= 0.0625
layer= 13 ratio= 0.0625
layer= 14 ratio= 0.0625
layer= 15 ratio= 0.0625
layer= 0 ratio= 0.0625
layer= 1 ratio= 0.0625
layer= 2 ratio= 0.0625
layer= 3 ratio= 0.0625
layer= 4 ratio= 0.0625
layer= 5 ratio= 0.0625
layer= 6 ratio= 0.0625
layer= 7 ratio= 0.0625
layer= 8 ratio= 0.0625
layer= 9 ratio= 0.0625
layer= 10 ratio= 0.0625
layer= 11 ratio= 0.0625
layer= 12 ratio= 0.0625
layer= 13 ratio= 0.0625
layer= 14 ratio= 0.0625
layer= 15 ratio= 0.0625
end add noise time 2021-07-03 20:34:21
average train loss= 0.8612100380613371
2021-07-03 20:34:30,round 4,val Accuracy Top1: 73.790000 %
2021-07-03 20:34:30,round 4,val Accuracy Top5: 97.910000 %
start_round_time 2021-07-03 20:34:30
******client id  0 ******
client_update start
2021-07-03 20:34:32  client id= 0 ,round= 5 ,epoch= 1 ,client update iteration= 10 ,loss= 0.699255645275116
2021-07-03 20:34:33  client id= 0 ,round= 5 ,epoch= 1 ,client update iteration= 20 ,loss= 0.5530852675437927
2021-07-03 20:34:35  client id= 0 ,round= 5 ,epoch= 1 ,client update iteration= 30 ,loss= 0.8342005610466003
2021-07-03 20:34:37  client id= 0 ,round= 5 ,epoch= 1 ,client update iteration= 40 ,loss= 0.773631751537323
2021-07-03 20:34:39  client id= 0 ,round= 5 ,epoch= 1 ,client update iteration= 50 ,loss= 0.5549091100692749
2021-07-03 20:34:41  client id= 0 ,round= 5 ,epoch= 1 ,client update iteration= 60 ,loss= 0.8902219533920288
2021-07-03 20:34:43  client id= 0 ,round= 5 ,epoch= 1 ,client update iteration= 70 ,loss= 0.5226978063583374
2021-07-03 20:34:45  client id= 0 ,round= 5 ,epoch= 1 ,client update iteration= 80 ,loss= 0.9366501569747925
2021-07-03 20:34:46  client id= 0 ,round= 5 ,epoch= 1 ,client update iteration= 90 ,loss= 0.6772217750549316
2021-07-03 20:34:48  client id= 0 ,round= 5 ,epoch= 1 ,client update iteration= 100 ,loss= 0.8579249382019043
2021-07-03 20:34:50  client id= 0 ,round= 5 ,epoch= 1 ,client update iteration= 110 ,loss= 0.7441737651824951
2021-07-03 20:34:52  client id= 0 ,round= 5 ,epoch= 1 ,client update iteration= 120 ,loss= 0.895499587059021
2021-07-03 20:34:54  client id= 0 ,round= 5 ,epoch= 1 ,client update iteration= 130 ,loss= 0.7408336997032166
2021-07-03 20:34:56  client id= 0 ,round= 5 ,epoch= 1 ,client update iteration= 140 ,loss= 0.7612817287445068
2021-07-03 20:34:58  client id= 0 ,round= 5 ,epoch= 1 ,client update iteration= 150 ,loss= 0.8098698854446411
2021-07-03 20:35:00  client id= 0 ,round= 5 ,epoch= 1 ,client update iteration= 160 ,loss= 0.6153711080551147
2021-07-03 20:35:01  client id= 0 ,round= 5 ,epoch= 1 ,client update iteration= 170 ,loss= 1.0577620267868042
2021-07-03 20:35:03  client id= 0 ,round= 5 ,epoch= 1 ,client update iteration= 180 ,loss= 0.8811079859733582
2021-07-03 20:35:05  client id= 0 ,round= 5 ,epoch= 1 ,client update iteration= 190 ,loss= 0.8010187745094299
2021-07-03 20:35:07  client id= 0 ,round= 5 ,epoch= 1 ,client update iteration= 200 ,loss= 0.7165204286575317
2021-07-03 20:35:09  client id= 0 ,round= 5 ,epoch= 1 ,client update iteration= 210 ,loss= 0.5620711445808411
2021-07-03 20:35:11  client id= 0 ,round= 5 ,epoch= 1 ,client update iteration= 220 ,loss= 0.5634543895721436
2021-07-03 20:35:13  client id= 0 ,round= 5 ,epoch= 1 ,client update iteration= 230 ,loss= 0.5608868598937988
2021-07-03 20:35:14  client id= 0 ,round= 5 ,epoch= 1 ,client update iteration= 240 ,loss= 0.9364933967590332
2021-07-03 20:35:16  client id= 0 ,round= 5 ,epoch= 1 ,client update iteration= 250 ,loss= 0.8706368803977966
2021-07-03 20:35:18  client id= 0 ,round= 5 ,epoch= 1 ,client update iteration= 260 ,loss= 0.6243550777435303
2021-07-03 20:35:20  client id= 0 ,round= 5 ,epoch= 1 ,client update iteration= 270 ,loss= 0.6775220036506653
2021-07-03 20:35:22  client id= 0 ,round= 5 ,epoch= 1 ,client update iteration= 280 ,loss= 0.8948036432266235
2021-07-03 20:35:24  client id= 0 ,round= 5 ,epoch= 1 ,client update iteration= 290 ,loss= 0.819471538066864
2021-07-03 20:35:26  client id= 0 ,round= 5 ,epoch= 1 ,client update iteration= 300 ,loss= 0.7630439400672913
2021-07-03 20:35:27  client id= 0 ,round= 5 ,epoch= 1 ,client update iteration= 310 ,loss= 0.8177731037139893
2021-07-03 20:35:29  client id= 0 ,round= 5 ,epoch= 1 ,client update iteration= 320 ,loss= 0.6255640983581543
2021-07-03 20:35:31  client id= 0 ,round= 5 ,epoch= 1 ,client update iteration= 330 ,loss= 1.0521836280822754
2021-07-03 20:35:33  client id= 0 ,round= 5 ,epoch= 1 ,client update iteration= 340 ,loss= 0.8869406580924988
2021-07-03 20:35:35  client id= 0 ,round= 5 ,epoch= 1 ,client update iteration= 350 ,loss= 0.7552870512008667
2021-07-03 20:35:37  client id= 0 ,round= 5 ,epoch= 1 ,client update iteration= 360 ,loss= 0.7617020606994629
2021-07-03 20:35:39  client id= 0 ,round= 5 ,epoch= 1 ,client update iteration= 370 ,loss= 0.6393463611602783
2021-07-03 20:35:41  client id= 0 ,round= 5 ,epoch= 1 ,client update iteration= 380 ,loss= 0.8224343061447144
2021-07-03 20:35:42  client id= 0 ,round= 5 ,epoch= 1 ,client update iteration= 390 ,loss= 1.0490537881851196
******client id  1 ******
client_update start
2021-07-03 20:35:44  client id= 1 ,round= 5 ,epoch= 1 ,client update iteration= 10 ,loss= 0.858656644821167
2021-07-03 20:35:46  client id= 1 ,round= 5 ,epoch= 1 ,client update iteration= 20 ,loss= 0.7146387696266174
2021-07-03 20:35:48  client id= 1 ,round= 5 ,epoch= 1 ,client update iteration= 30 ,loss= 0.8921852111816406
2021-07-03 20:35:50  client id= 1 ,round= 5 ,epoch= 1 ,client update iteration= 40 ,loss= 0.6772347688674927
2021-07-03 20:35:52  client id= 1 ,round= 5 ,epoch= 1 ,client update iteration= 50 ,loss= 0.9214890599250793
2021-07-03 20:35:54  client id= 1 ,round= 5 ,epoch= 1 ,client update iteration= 60 ,loss= 0.9799231290817261
2021-07-03 20:35:56  client id= 1 ,round= 5 ,epoch= 1 ,client update iteration= 70 ,loss= 0.7614855766296387
2021-07-03 20:35:57  client id= 1 ,round= 5 ,epoch= 1 ,client update iteration= 80 ,loss= 0.6291446685791016
2021-07-03 20:35:59  client id= 1 ,round= 5 ,epoch= 1 ,client update iteration= 90 ,loss= 0.6553334593772888
2021-07-03 20:36:01  client id= 1 ,round= 5 ,epoch= 1 ,client update iteration= 100 ,loss= 0.7345386147499084
2021-07-03 20:36:03  client id= 1 ,round= 5 ,epoch= 1 ,client update iteration= 110 ,loss= 0.7875750660896301
2021-07-03 20:36:05  client id= 1 ,round= 5 ,epoch= 1 ,client update iteration= 120 ,loss= 0.7515292167663574
2021-07-03 20:36:07  client id= 1 ,round= 5 ,epoch= 1 ,client update iteration= 130 ,loss= 0.7792388796806335
2021-07-03 20:36:09  client id= 1 ,round= 5 ,epoch= 1 ,client update iteration= 140 ,loss= 0.6814452409744263
2021-07-03 20:36:11  client id= 1 ,round= 5 ,epoch= 1 ,client update iteration= 150 ,loss= 0.894122838973999
2021-07-03 20:36:12  client id= 1 ,round= 5 ,epoch= 1 ,client update iteration= 160 ,loss= 0.7720826864242554
2021-07-03 20:36:14  client id= 1 ,round= 5 ,epoch= 1 ,client update iteration= 170 ,loss= 0.8393223285675049
2021-07-03 20:36:16  client id= 1 ,round= 5 ,epoch= 1 ,client update iteration= 180 ,loss= 0.6735546588897705
2021-07-03 20:36:18  client id= 1 ,round= 5 ,epoch= 1 ,client update iteration= 190 ,loss= 0.8146495223045349
2021-07-03 20:36:20  client id= 1 ,round= 5 ,epoch= 1 ,client update iteration= 200 ,loss= 0.7985599040985107
2021-07-03 20:36:22  client id= 1 ,round= 5 ,epoch= 1 ,client update iteration= 210 ,loss= 0.7351546883583069
2021-07-03 20:36:24  client id= 1 ,round= 5 ,epoch= 1 ,client update iteration= 220 ,loss= 0.672579824924469
2021-07-03 20:36:25  client id= 1 ,round= 5 ,epoch= 1 ,client update iteration= 230 ,loss= 0.6392807364463806
2021-07-03 20:36:27  client id= 1 ,round= 5 ,epoch= 1 ,client update iteration= 240 ,loss= 0.8060199022293091
2021-07-03 20:36:29  client id= 1 ,round= 5 ,epoch= 1 ,client update iteration= 250 ,loss= 0.7105466723442078
2021-07-03 20:36:31  client id= 1 ,round= 5 ,epoch= 1 ,client update iteration= 260 ,loss= 0.9937812685966492
2021-07-03 20:36:33  client id= 1 ,round= 5 ,epoch= 1 ,client update iteration= 270 ,loss= 0.7663304805755615
2021-07-03 20:36:35  client id= 1 ,round= 5 ,epoch= 1 ,client update iteration= 280 ,loss= 0.5631661415100098
2021-07-03 20:36:37  client id= 1 ,round= 5 ,epoch= 1 ,client update iteration= 290 ,loss= 0.718807578086853
2021-07-03 20:36:38  client id= 1 ,round= 5 ,epoch= 1 ,client update iteration= 300 ,loss= 0.6468058824539185
2021-07-03 20:36:40  client id= 1 ,round= 5 ,epoch= 1 ,client update iteration= 310 ,loss= 0.8560737371444702
2021-07-03 20:36:42  client id= 1 ,round= 5 ,epoch= 1 ,client update iteration= 320 ,loss= 0.6057392358779907
2021-07-03 20:36:44  client id= 1 ,round= 5 ,epoch= 1 ,client update iteration= 330 ,loss= 0.7061408758163452
2021-07-03 20:36:46  client id= 1 ,round= 5 ,epoch= 1 ,client update iteration= 340 ,loss= 0.8206610083580017
2021-07-03 20:36:48  client id= 1 ,round= 5 ,epoch= 1 ,client update iteration= 350 ,loss= 0.6846281290054321
2021-07-03 20:36:50  client id= 1 ,round= 5 ,epoch= 1 ,client update iteration= 360 ,loss= 0.6250554323196411
2021-07-03 20:36:52  client id= 1 ,round= 5 ,epoch= 1 ,client update iteration= 370 ,loss= 0.6632735729217529
2021-07-03 20:36:53  client id= 1 ,round= 5 ,epoch= 1 ,client update iteration= 380 ,loss= 0.8290663957595825
2021-07-03 20:36:55  client id= 1 ,round= 5 ,epoch= 1 ,client update iteration= 390 ,loss= 0.5417680740356445
end_round_time 2021-07-03 20:36:55
start add noise 2021-07-03 20:36:55
layer= 0 ratio= 0.0625
layer= 1 ratio= 0.0625
layer= 2 ratio= 0.0625
layer= 3 ratio= 0.0625
layer= 4 ratio= 0.0625
layer= 5 ratio= 0.0625
layer= 6 ratio= 0.0625
layer= 7 ratio= 0.0625
layer= 8 ratio= 0.0625
layer= 9 ratio= 0.0625
layer= 10 ratio= 0.0625
layer= 11 ratio= 0.0625
layer= 12 ratio= 0.0625
layer= 13 ratio= 0.0625
layer= 14 ratio= 0.0625
layer= 15 ratio= 0.0625
layer= 0 ratio= 0.0625
layer= 1 ratio= 0.0625
layer= 2 ratio= 0.0625
layer= 3 ratio= 0.0625
layer= 4 ratio= 0.0625
layer= 5 ratio= 0.0625
layer= 6 ratio= 0.0625
layer= 7 ratio= 0.0625
layer= 8 ratio= 0.0625
layer= 9 ratio= 0.0625
layer= 10 ratio= 0.0625
layer= 11 ratio= 0.0625
layer= 12 ratio= 0.0625
layer= 13 ratio= 0.0625
layer= 14 ratio= 0.0625
layer= 15 ratio= 0.0625
end add noise time 2021-07-03 20:36:55
average train loss= 0.754600858939883
2021-07-03 20:37:04,round 5,val Accuracy Top1: 74.270000 %
2021-07-03 20:37:04,round 5,val Accuracy Top5: 98.130000 %
start_round_time 2021-07-03 20:37:04
******client id  0 ******
client_update start
2021-07-03 20:37:06  client id= 0 ,round= 6 ,epoch= 1 ,client update iteration= 10 ,loss= 0.7856017351150513
2021-07-03 20:37:08  client id= 0 ,round= 6 ,epoch= 1 ,client update iteration= 20 ,loss= 0.8208134174346924
2021-07-03 20:37:10  client id= 0 ,round= 6 ,epoch= 1 ,client update iteration= 30 ,loss= 0.5469270944595337
2021-07-03 20:37:12  client id= 0 ,round= 6 ,epoch= 1 ,client update iteration= 40 ,loss= 0.6356791853904724
2021-07-03 20:37:14  client id= 0 ,round= 6 ,epoch= 1 ,client update iteration= 50 ,loss= 0.7905505895614624
2021-07-03 20:37:15  client id= 0 ,round= 6 ,epoch= 1 ,client update iteration= 60 ,loss= 0.7098199129104614
2021-07-03 20:37:17  client id= 0 ,round= 6 ,epoch= 1 ,client update iteration= 70 ,loss= 0.8375813961029053
2021-07-03 20:37:19  client id= 0 ,round= 6 ,epoch= 1 ,client update iteration= 80 ,loss= 0.7565591335296631
2021-07-03 20:37:21  client id= 0 ,round= 6 ,epoch= 1 ,client update iteration= 90 ,loss= 0.7568466663360596
2021-07-03 20:37:23  client id= 0 ,round= 6 ,epoch= 1 ,client update iteration= 100 ,loss= 0.4676138758659363
2021-07-03 20:37:25  client id= 0 ,round= 6 ,epoch= 1 ,client update iteration= 110 ,loss= 0.8077136278152466
2021-07-03 20:37:27  client id= 0 ,round= 6 ,epoch= 1 ,client update iteration= 120 ,loss= 0.9881578683853149
2021-07-03 20:37:29  client id= 0 ,round= 6 ,epoch= 1 ,client update iteration= 130 ,loss= 0.6917360424995422
2021-07-03 20:37:30  client id= 0 ,round= 6 ,epoch= 1 ,client update iteration= 140 ,loss= 0.9889092445373535
2021-07-03 20:37:32  client id= 0 ,round= 6 ,epoch= 1 ,client update iteration= 150 ,loss= 0.8189024329185486
2021-07-03 20:37:34  client id= 0 ,round= 6 ,epoch= 1 ,client update iteration= 160 ,loss= 0.7162615060806274
2021-07-03 20:37:36  client id= 0 ,round= 6 ,epoch= 1 ,client update iteration= 170 ,loss= 0.8858581781387329
2021-07-03 20:37:38  client id= 0 ,round= 6 ,epoch= 1 ,client update iteration= 180 ,loss= 0.7542381882667542
2021-07-03 20:37:40  client id= 0 ,round= 6 ,epoch= 1 ,client update iteration= 190 ,loss= 0.5881645083427429
2021-07-03 20:37:42  client id= 0 ,round= 6 ,epoch= 1 ,client update iteration= 200 ,loss= 0.7144430875778198
2021-07-03 20:37:43  client id= 0 ,round= 6 ,epoch= 1 ,client update iteration= 210 ,loss= 0.797252357006073
2021-07-03 20:37:45  client id= 0 ,round= 6 ,epoch= 1 ,client update iteration= 220 ,loss= 0.4725872874259949
2021-07-03 20:37:47  client id= 0 ,round= 6 ,epoch= 1 ,client update iteration= 230 ,loss= 0.7704962491989136
2021-07-03 20:37:49  client id= 0 ,round= 6 ,epoch= 1 ,client update iteration= 240 ,loss= 0.7231058478355408
2021-07-03 20:37:51  client id= 0 ,round= 6 ,epoch= 1 ,client update iteration= 250 ,loss= 0.5433291792869568
2021-07-03 20:37:53  client id= 0 ,round= 6 ,epoch= 1 ,client update iteration= 260 ,loss= 0.5052197575569153
2021-07-03 20:37:55  client id= 0 ,round= 6 ,epoch= 1 ,client update iteration= 270 ,loss= 0.6196119785308838
2021-07-03 20:37:56  client id= 0 ,round= 6 ,epoch= 1 ,client update iteration= 280 ,loss= 0.42500194907188416
2021-07-03 20:37:58  client id= 0 ,round= 6 ,epoch= 1 ,client update iteration= 290 ,loss= 0.6857205629348755
2021-07-03 20:38:00  client id= 0 ,round= 6 ,epoch= 1 ,client update iteration= 300 ,loss= 0.7288037538528442
2021-07-03 20:38:02  client id= 0 ,round= 6 ,epoch= 1 ,client update iteration= 310 ,loss= 0.6243391633033752
2021-07-03 20:38:04  client id= 0 ,round= 6 ,epoch= 1 ,client update iteration= 320 ,loss= 0.5579732060432434
2021-07-03 20:38:06  client id= 0 ,round= 6 ,epoch= 1 ,client update iteration= 330 ,loss= 0.6064081192016602
2021-07-03 20:38:08  client id= 0 ,round= 6 ,epoch= 1 ,client update iteration= 340 ,loss= 0.7619684934616089
2021-07-03 20:38:10  client id= 0 ,round= 6 ,epoch= 1 ,client update iteration= 350 ,loss= 0.580007016658783
2021-07-03 20:38:11  client id= 0 ,round= 6 ,epoch= 1 ,client update iteration= 360 ,loss= 0.5941837430000305
2021-07-03 20:38:13  client id= 0 ,round= 6 ,epoch= 1 ,client update iteration= 370 ,loss= 0.539072573184967
2021-07-03 20:38:15  client id= 0 ,round= 6 ,epoch= 1 ,client update iteration= 380 ,loss= 0.7574084997177124
2021-07-03 20:38:17  client id= 0 ,round= 6 ,epoch= 1 ,client update iteration= 390 ,loss= 0.5939681529998779
******client id  1 ******
client_update start
2021-07-03 20:38:19  client id= 1 ,round= 6 ,epoch= 1 ,client update iteration= 10 ,loss= 0.846337616443634
2021-07-03 20:38:21  client id= 1 ,round= 6 ,epoch= 1 ,client update iteration= 20 ,loss= 0.7621443271636963
2021-07-03 20:38:23  client id= 1 ,round= 6 ,epoch= 1 ,client update iteration= 30 ,loss= 0.6556702852249146
2021-07-03 20:38:25  client id= 1 ,round= 6 ,epoch= 1 ,client update iteration= 40 ,loss= 0.6301205158233643
2021-07-03 20:38:26  client id= 1 ,round= 6 ,epoch= 1 ,client update iteration= 50 ,loss= 0.6617519855499268
2021-07-03 20:38:28  client id= 1 ,round= 6 ,epoch= 1 ,client update iteration= 60 ,loss= 0.7733787298202515
2021-07-03 20:38:30  client id= 1 ,round= 6 ,epoch= 1 ,client update iteration= 70 ,loss= 0.9136031866073608
2021-07-03 20:38:32  client id= 1 ,round= 6 ,epoch= 1 ,client update iteration= 80 ,loss= 0.7673255801200867
2021-07-03 20:38:34  client id= 1 ,round= 6 ,epoch= 1 ,client update iteration= 90 ,loss= 0.8724433183670044
2021-07-03 20:38:36  client id= 1 ,round= 6 ,epoch= 1 ,client update iteration= 100 ,loss= 0.8021560311317444
2021-07-03 20:38:38  client id= 1 ,round= 6 ,epoch= 1 ,client update iteration= 110 ,loss= 0.6831596493721008
2021-07-03 20:38:40  client id= 1 ,round= 6 ,epoch= 1 ,client update iteration= 120 ,loss= 0.6863611936569214
2021-07-03 20:38:41  client id= 1 ,round= 6 ,epoch= 1 ,client update iteration= 130 ,loss= 0.6805118918418884
2021-07-03 20:38:43  client id= 1 ,round= 6 ,epoch= 1 ,client update iteration= 140 ,loss= 1.2692967653274536
2021-07-03 20:38:45  client id= 1 ,round= 6 ,epoch= 1 ,client update iteration= 150 ,loss= 1.2351897954940796
2021-07-03 20:38:47  client id= 1 ,round= 6 ,epoch= 1 ,client update iteration= 160 ,loss= 0.7730211019515991
2021-07-03 20:38:49  client id= 1 ,round= 6 ,epoch= 1 ,client update iteration= 170 ,loss= 0.5979986786842346
2021-07-03 20:38:51  client id= 1 ,round= 6 ,epoch= 1 ,client update iteration= 180 ,loss= 0.8188342452049255
2021-07-03 20:38:53  client id= 1 ,round= 6 ,epoch= 1 ,client update iteration= 190 ,loss= 0.5746816396713257
2021-07-03 20:38:54  client id= 1 ,round= 6 ,epoch= 1 ,client update iteration= 200 ,loss= 0.6083937287330627
2021-07-03 20:38:56  client id= 1 ,round= 6 ,epoch= 1 ,client update iteration= 210 ,loss= 0.7060413360595703
2021-07-03 20:38:58  client id= 1 ,round= 6 ,epoch= 1 ,client update iteration= 220 ,loss= 0.6921020746231079
2021-07-03 20:39:00  client id= 1 ,round= 6 ,epoch= 1 ,client update iteration= 230 ,loss= 0.6913959980010986
2021-07-03 20:39:02  client id= 1 ,round= 6 ,epoch= 1 ,client update iteration= 240 ,loss= 0.7328997254371643
2021-07-03 20:39:04  client id= 1 ,round= 6 ,epoch= 1 ,client update iteration= 250 ,loss= 0.6040856838226318
2021-07-03 20:39:06  client id= 1 ,round= 6 ,epoch= 1 ,client update iteration= 260 ,loss= 0.9570789337158203
2021-07-03 20:39:08  client id= 1 ,round= 6 ,epoch= 1 ,client update iteration= 270 ,loss= 0.6142721772193909
2021-07-03 20:39:09  client id= 1 ,round= 6 ,epoch= 1 ,client update iteration= 280 ,loss= 0.8031381368637085
2021-07-03 20:39:11  client id= 1 ,round= 6 ,epoch= 1 ,client update iteration= 290 ,loss= 0.8241048455238342
2021-07-03 20:39:13  client id= 1 ,round= 6 ,epoch= 1 ,client update iteration= 300 ,loss= 1.0094765424728394
2021-07-03 20:39:15  client id= 1 ,round= 6 ,epoch= 1 ,client update iteration= 310 ,loss= 0.8948646783828735
2021-07-03 20:39:17  client id= 1 ,round= 6 ,epoch= 1 ,client update iteration= 320 ,loss= 0.8828955292701721
2021-07-03 20:39:19  client id= 1 ,round= 6 ,epoch= 1 ,client update iteration= 330 ,loss= 0.9161835312843323
2021-07-03 20:39:21  client id= 1 ,round= 6 ,epoch= 1 ,client update iteration= 340 ,loss= 0.891284704208374
2021-07-03 20:39:22  client id= 1 ,round= 6 ,epoch= 1 ,client update iteration= 350 ,loss= 0.6559256315231323
2021-07-03 20:39:24  client id= 1 ,round= 6 ,epoch= 1 ,client update iteration= 360 ,loss= 0.5995486974716187
2021-07-03 20:39:26  client id= 1 ,round= 6 ,epoch= 1 ,client update iteration= 370 ,loss= 0.6267432570457458
2021-07-03 20:39:28  client id= 1 ,round= 6 ,epoch= 1 ,client update iteration= 380 ,loss= 0.9704482555389404
2021-07-03 20:39:30  client id= 1 ,round= 6 ,epoch= 1 ,client update iteration= 390 ,loss= 0.8047134876251221
end_round_time 2021-07-03 20:39:30
start add noise 2021-07-03 20:39:30
layer= 0 ratio= 0.0625
layer= 1 ratio= 0.0625
layer= 2 ratio= 0.0625
layer= 3 ratio= 0.0625
layer= 4 ratio= 0.0625
layer= 5 ratio= 0.0625
layer= 6 ratio= 0.0625
layer= 7 ratio= 0.0625
layer= 8 ratio= 0.0625
layer= 9 ratio= 0.0625
layer= 10 ratio= 0.0625
layer= 11 ratio= 0.0625
layer= 12 ratio= 0.0625
layer= 13 ratio= 0.0625
layer= 14 ratio= 0.0625
layer= 15 ratio= 0.0625
layer= 0 ratio= 0.0625
layer= 1 ratio= 0.0625
layer= 2 ratio= 0.0625
layer= 3 ratio= 0.0625
layer= 4 ratio= 0.0625
layer= 5 ratio= 0.0625
layer= 6 ratio= 0.0625
layer= 7 ratio= 0.0625
layer= 8 ratio= 0.0625
layer= 9 ratio= 0.0625
layer= 10 ratio= 0.0625
layer= 11 ratio= 0.0625
layer= 12 ratio= 0.0625
layer= 13 ratio= 0.0625
layer= 14 ratio= 0.0625
layer= 15 ratio= 0.0625
end add noise time 2021-07-03 20:39:30
average train loss= 0.7236168656279058
2021-07-03 20:39:39,round 6,val Accuracy Top1: 75.160000 %
2021-07-03 20:39:39,round 6,val Accuracy Top5: 98.210000 %
start_round_time 2021-07-03 20:39:39
******client id  0 ******
client_update start
2021-07-03 20:39:41  client id= 0 ,round= 7 ,epoch= 1 ,client update iteration= 10 ,loss= 1.0856273174285889
2021-07-03 20:39:43  client id= 0 ,round= 7 ,epoch= 1 ,client update iteration= 20 ,loss= 0.8129397034645081
2021-07-03 20:39:45  client id= 0 ,round= 7 ,epoch= 1 ,client update iteration= 30 ,loss= 0.9912439584732056
2021-07-03 20:39:46  client id= 0 ,round= 7 ,epoch= 1 ,client update iteration= 40 ,loss= 0.9306044578552246
2021-07-03 20:39:48  client id= 0 ,round= 7 ,epoch= 1 ,client update iteration= 50 ,loss= 0.7800741195678711
2021-07-03 20:39:50  client id= 0 ,round= 7 ,epoch= 1 ,client update iteration= 60 ,loss= 0.8212926983833313
2021-07-03 20:39:52  client id= 0 ,round= 7 ,epoch= 1 ,client update iteration= 70 ,loss= 0.6164525151252747
2021-07-03 20:39:54  client id= 0 ,round= 7 ,epoch= 1 ,client update iteration= 80 ,loss= 0.7217703461647034
2021-07-03 20:39:56  client id= 0 ,round= 7 ,epoch= 1 ,client update iteration= 90 ,loss= 0.9149730801582336
2021-07-03 20:39:58  client id= 0 ,round= 7 ,epoch= 1 ,client update iteration= 100 ,loss= 1.073508381843567
2021-07-03 20:40:00  client id= 0 ,round= 7 ,epoch= 1 ,client update iteration= 110 ,loss= 0.9333890080451965
2021-07-03 20:40:01  client id= 0 ,round= 7 ,epoch= 1 ,client update iteration= 120 ,loss= 0.8706530332565308
2021-07-03 20:40:03  client id= 0 ,round= 7 ,epoch= 1 ,client update iteration= 130 ,loss= 0.7818724513053894
2021-07-03 20:40:05  client id= 0 ,round= 7 ,epoch= 1 ,client update iteration= 140 ,loss= 0.6858276128768921
2021-07-03 20:40:07  client id= 0 ,round= 7 ,epoch= 1 ,client update iteration= 150 ,loss= 0.6795045137405396
2021-07-03 20:40:09  client id= 0 ,round= 7 ,epoch= 1 ,client update iteration= 160 ,loss= 0.9994086027145386
2021-07-03 20:40:11  client id= 0 ,round= 7 ,epoch= 1 ,client update iteration= 170 ,loss= 0.8036373853683472
2021-07-03 20:40:13  client id= 0 ,round= 7 ,epoch= 1 ,client update iteration= 180 ,loss= 0.8595369458198547
2021-07-03 20:40:14  client id= 0 ,round= 7 ,epoch= 1 ,client update iteration= 190 ,loss= 0.7275562286376953
2021-07-03 20:40:16  client id= 0 ,round= 7 ,epoch= 1 ,client update iteration= 200 ,loss= 0.6444565057754517
2021-07-03 20:40:18  client id= 0 ,round= 7 ,epoch= 1 ,client update iteration= 210 ,loss= 1.0855576992034912
2021-07-03 20:40:20  client id= 0 ,round= 7 ,epoch= 1 ,client update iteration= 220 ,loss= 0.7470275163650513
2021-07-03 20:40:22  client id= 0 ,round= 7 ,epoch= 1 ,client update iteration= 230 ,loss= 0.7377588748931885
2021-07-03 20:40:24  client id= 0 ,round= 7 ,epoch= 1 ,client update iteration= 240 ,loss= 0.5819047689437866
2021-07-03 20:40:26  client id= 0 ,round= 7 ,epoch= 1 ,client update iteration= 250 ,loss= 0.6618265509605408
2021-07-03 20:40:28  client id= 0 ,round= 7 ,epoch= 1 ,client update iteration= 260 ,loss= 0.8270289897918701
2021-07-03 20:40:29  client id= 0 ,round= 7 ,epoch= 1 ,client update iteration= 270 ,loss= 0.6547175049781799
2021-07-03 20:40:31  client id= 0 ,round= 7 ,epoch= 1 ,client update iteration= 280 ,loss= 0.576620876789093
2021-07-03 20:40:33  client id= 0 ,round= 7 ,epoch= 1 ,client update iteration= 290 ,loss= 0.7597863078117371
2021-07-03 20:40:35  client id= 0 ,round= 7 ,epoch= 1 ,client update iteration= 300 ,loss= 0.5861421823501587
2021-07-03 20:40:37  client id= 0 ,round= 7 ,epoch= 1 ,client update iteration= 310 ,loss= 0.8093227744102478
2021-07-03 20:40:39  client id= 0 ,round= 7 ,epoch= 1 ,client update iteration= 320 ,loss= 0.945955216884613
2021-07-03 20:40:41  client id= 0 ,round= 7 ,epoch= 1 ,client update iteration= 330 ,loss= 0.7713338732719421
2021-07-03 20:40:42  client id= 0 ,round= 7 ,epoch= 1 ,client update iteration= 340 ,loss= 0.5096175074577332
2021-07-03 20:40:44  client id= 0 ,round= 7 ,epoch= 1 ,client update iteration= 350 ,loss= 0.7373382449150085
2021-07-03 20:40:46  client id= 0 ,round= 7 ,epoch= 1 ,client update iteration= 360 ,loss= 0.7622884511947632
2021-07-03 20:40:48  client id= 0 ,round= 7 ,epoch= 1 ,client update iteration= 370 ,loss= 0.5653276443481445
2021-07-03 20:40:50  client id= 0 ,round= 7 ,epoch= 1 ,client update iteration= 380 ,loss= 0.7865176200866699
2021-07-03 20:40:52  client id= 0 ,round= 7 ,epoch= 1 ,client update iteration= 390 ,loss= 0.6991665363311768
******client id  1 ******
client_update start
2021-07-03 20:40:54  client id= 1 ,round= 7 ,epoch= 1 ,client update iteration= 10 ,loss= 1.0884655714035034
2021-07-03 20:40:56  client id= 1 ,round= 7 ,epoch= 1 ,client update iteration= 20 ,loss= 0.9234767556190491
2021-07-03 20:40:58  client id= 1 ,round= 7 ,epoch= 1 ,client update iteration= 30 ,loss= 0.6743412613868713
2021-07-03 20:40:59  client id= 1 ,round= 7 ,epoch= 1 ,client update iteration= 40 ,loss= 0.8638988137245178
2021-07-03 20:41:01  client id= 1 ,round= 7 ,epoch= 1 ,client update iteration= 50 ,loss= 0.5912509560585022
2021-07-03 20:41:03  client id= 1 ,round= 7 ,epoch= 1 ,client update iteration= 60 ,loss= 0.8049865961074829
2021-07-03 20:41:05  client id= 1 ,round= 7 ,epoch= 1 ,client update iteration= 70 ,loss= 0.7404267191886902
2021-07-03 20:41:07  client id= 1 ,round= 7 ,epoch= 1 ,client update iteration= 80 ,loss= 0.742077112197876
2021-07-03 20:41:09  client id= 1 ,round= 7 ,epoch= 1 ,client update iteration= 90 ,loss= 0.6553653478622437
2021-07-03 20:41:11  client id= 1 ,round= 7 ,epoch= 1 ,client update iteration= 100 ,loss= 0.9522147178649902
2021-07-03 20:41:12  client id= 1 ,round= 7 ,epoch= 1 ,client update iteration= 110 ,loss= 0.9579105377197266
2021-07-03 20:41:14  client id= 1 ,round= 7 ,epoch= 1 ,client update iteration= 120 ,loss= 0.715469241142273
2021-07-03 20:41:16  client id= 1 ,round= 7 ,epoch= 1 ,client update iteration= 130 ,loss= 0.9856106638908386
2021-07-03 20:41:18  client id= 1 ,round= 7 ,epoch= 1 ,client update iteration= 140 ,loss= 0.8033270835876465
2021-07-03 20:41:20  client id= 1 ,round= 7 ,epoch= 1 ,client update iteration= 150 ,loss= 1.1184767484664917
2021-07-03 20:41:22  client id= 1 ,round= 7 ,epoch= 1 ,client update iteration= 160 ,loss= 0.9764165878295898
2021-07-03 20:41:24  client id= 1 ,round= 7 ,epoch= 1 ,client update iteration= 170 ,loss= 0.9883673191070557
2021-07-03 20:41:26  client id= 1 ,round= 7 ,epoch= 1 ,client update iteration= 180 ,loss= 0.8682355284690857
2021-07-03 20:41:27  client id= 1 ,round= 7 ,epoch= 1 ,client update iteration= 190 ,loss= 0.9548657536506653
2021-07-03 20:41:29  client id= 1 ,round= 7 ,epoch= 1 ,client update iteration= 200 ,loss= 0.7987545728683472
2021-07-03 20:41:31  client id= 1 ,round= 7 ,epoch= 1 ,client update iteration= 210 ,loss= 0.6587368845939636
2021-07-03 20:41:33  client id= 1 ,round= 7 ,epoch= 1 ,client update iteration= 220 ,loss= 0.8627116680145264
2021-07-03 20:41:35  client id= 1 ,round= 7 ,epoch= 1 ,client update iteration= 230 ,loss= 0.7745732069015503
2021-07-03 20:41:37  client id= 1 ,round= 7 ,epoch= 1 ,client update iteration= 240 ,loss= 0.5585521459579468
2021-07-03 20:41:39  client id= 1 ,round= 7 ,epoch= 1 ,client update iteration= 250 ,loss= 0.6567553281784058
2021-07-03 20:41:40  client id= 1 ,round= 7 ,epoch= 1 ,client update iteration= 260 ,loss= 0.8958074450492859
2021-07-03 20:41:42  client id= 1 ,round= 7 ,epoch= 1 ,client update iteration= 270 ,loss= 0.7018718719482422
2021-07-03 20:41:44  client id= 1 ,round= 7 ,epoch= 1 ,client update iteration= 280 ,loss= 0.7813075184822083
2021-07-03 20:41:46  client id= 1 ,round= 7 ,epoch= 1 ,client update iteration= 290 ,loss= 0.7257101535797119
2021-07-03 20:41:48  client id= 1 ,round= 7 ,epoch= 1 ,client update iteration= 300 ,loss= 0.9053900241851807
2021-07-03 20:41:50  client id= 1 ,round= 7 ,epoch= 1 ,client update iteration= 310 ,loss= 0.7270073890686035
2021-07-03 20:41:52  client id= 1 ,round= 7 ,epoch= 1 ,client update iteration= 320 ,loss= 0.7879801392555237
2021-07-03 20:41:54  client id= 1 ,round= 7 ,epoch= 1 ,client update iteration= 330 ,loss= 0.6883987188339233
2021-07-03 20:41:55  client id= 1 ,round= 7 ,epoch= 1 ,client update iteration= 340 ,loss= 1.0363880395889282
2021-07-03 20:41:57  client id= 1 ,round= 7 ,epoch= 1 ,client update iteration= 350 ,loss= 0.5426719784736633
2021-07-03 20:41:59  client id= 1 ,round= 7 ,epoch= 1 ,client update iteration= 360 ,loss= 0.7100225687026978
2021-07-03 20:42:01  client id= 1 ,round= 7 ,epoch= 1 ,client update iteration= 370 ,loss= 0.8269981145858765
2021-07-03 20:42:03  client id= 1 ,round= 7 ,epoch= 1 ,client update iteration= 380 ,loss= 0.6185522079467773
2021-07-03 20:42:05  client id= 1 ,round= 7 ,epoch= 1 ,client update iteration= 390 ,loss= 1.0418773889541626
end_round_time 2021-07-03 20:42:05
start add noise 2021-07-03 20:42:05
layer= 0 ratio= 0.0625
layer= 1 ratio= 0.0625
layer= 2 ratio= 0.0625
layer= 3 ratio= 0.0625
layer= 4 ratio= 0.0625
layer= 5 ratio= 0.0625
layer= 6 ratio= 0.0625
layer= 7 ratio= 0.0625
layer= 8 ratio= 0.0625
layer= 9 ratio= 0.0625
layer= 10 ratio= 0.0625
layer= 11 ratio= 0.0625
layer= 12 ratio= 0.0625
layer= 13 ratio= 0.0625
layer= 14 ratio= 0.0625
layer= 15 ratio= 0.0625
layer= 0 ratio= 0.0625
layer= 1 ratio= 0.0625
layer= 2 ratio= 0.0625
layer= 3 ratio= 0.0625
layer= 4 ratio= 0.0625
layer= 5 ratio= 0.0625
layer= 6 ratio= 0.0625
layer= 7 ratio= 0.0625
layer= 8 ratio= 0.0625
layer= 9 ratio= 0.0625
layer= 10 ratio= 0.0625
layer= 11 ratio= 0.0625
layer= 12 ratio= 0.0625
layer= 13 ratio= 0.0625
layer= 14 ratio= 0.0625
layer= 15 ratio= 0.0625
end add noise time 2021-07-03 20:42:05
average train loss= 0.7529265824562448
2021-07-03 20:42:14,round 7,val Accuracy Top1: 72.430000 %
2021-07-03 20:42:14,round 7,val Accuracy Top5: 98.000000 %
start_round_time 2021-07-03 20:42:14
******client id  0 ******
client_update start
2021-07-03 20:42:16  client id= 0 ,round= 8 ,epoch= 1 ,client update iteration= 10 ,loss= 1.088893175125122
2021-07-03 20:42:17  client id= 0 ,round= 8 ,epoch= 1 ,client update iteration= 20 ,loss= 1.014707088470459
2021-07-03 20:42:19  client id= 0 ,round= 8 ,epoch= 1 ,client update iteration= 30 ,loss= 1.3115266561508179
2021-07-03 20:42:21  client id= 0 ,round= 8 ,epoch= 1 ,client update iteration= 40 ,loss= 0.9064333438873291
2021-07-03 20:42:23  client id= 0 ,round= 8 ,epoch= 1 ,client update iteration= 50 ,loss= 1.0854016542434692
2021-07-03 20:42:25  client id= 0 ,round= 8 ,epoch= 1 ,client update iteration= 60 ,loss= 0.7300168871879578
2021-07-03 20:42:27  client id= 0 ,round= 8 ,epoch= 1 ,client update iteration= 70 ,loss= 0.7300187349319458
2021-07-03 20:42:29  client id= 0 ,round= 8 ,epoch= 1 ,client update iteration= 80 ,loss= 0.7229024767875671
2021-07-03 20:42:30  client id= 0 ,round= 8 ,epoch= 1 ,client update iteration= 90 ,loss= 1.0105798244476318
2021-07-03 20:42:32  client id= 0 ,round= 8 ,epoch= 1 ,client update iteration= 100 ,loss= 0.8381012082099915
2021-07-03 20:42:34  client id= 0 ,round= 8 ,epoch= 1 ,client update iteration= 110 ,loss= 0.789327085018158
2021-07-03 20:42:36  client id= 0 ,round= 8 ,epoch= 1 ,client update iteration= 120 ,loss= 0.8159129619598389
2021-07-03 20:42:38  client id= 0 ,round= 8 ,epoch= 1 ,client update iteration= 130 ,loss= 0.8106645941734314
2021-07-03 20:42:40  client id= 0 ,round= 8 ,epoch= 1 ,client update iteration= 140 ,loss= 0.8684363961219788
2021-07-03 20:42:42  client id= 0 ,round= 8 ,epoch= 1 ,client update iteration= 150 ,loss= 0.9261138439178467
2021-07-03 20:42:44  client id= 0 ,round= 8 ,epoch= 1 ,client update iteration= 160 ,loss= 0.9146674871444702
2021-07-03 20:42:45  client id= 0 ,round= 8 ,epoch= 1 ,client update iteration= 170 ,loss= 0.7677307724952698
2021-07-03 20:42:47  client id= 0 ,round= 8 ,epoch= 1 ,client update iteration= 180 ,loss= 0.980746865272522
2021-07-03 20:42:49  client id= 0 ,round= 8 ,epoch= 1 ,client update iteration= 190 ,loss= 0.7099050283432007
2021-07-03 20:42:51  client id= 0 ,round= 8 ,epoch= 1 ,client update iteration= 200 ,loss= 0.7371994853019714
2021-07-03 20:42:53  client id= 0 ,round= 8 ,epoch= 1 ,client update iteration= 210 ,loss= 0.8513445854187012
2021-07-03 20:42:55  client id= 0 ,round= 8 ,epoch= 1 ,client update iteration= 220 ,loss= 0.7119279503822327
2021-07-03 20:42:57  client id= 0 ,round= 8 ,epoch= 1 ,client update iteration= 230 ,loss= 0.7334871888160706
2021-07-03 20:42:58  client id= 0 ,round= 8 ,epoch= 1 ,client update iteration= 240 ,loss= 0.5266372561454773
2021-07-03 20:43:00  client id= 0 ,round= 8 ,epoch= 1 ,client update iteration= 250 ,loss= 0.6865166425704956
2021-07-03 20:43:02  client id= 0 ,round= 8 ,epoch= 1 ,client update iteration= 260 ,loss= 0.7906081080436707
2021-07-03 20:43:04  client id= 0 ,round= 8 ,epoch= 1 ,client update iteration= 270 ,loss= 0.6715149283409119
2021-07-03 20:43:06  client id= 0 ,round= 8 ,epoch= 1 ,client update iteration= 280 ,loss= 0.5083974003791809
2021-07-03 20:43:08  client id= 0 ,round= 8 ,epoch= 1 ,client update iteration= 290 ,loss= 1.0383256673812866
2021-07-03 20:43:10  client id= 0 ,round= 8 ,epoch= 1 ,client update iteration= 300 ,loss= 0.6482241749763489
2021-07-03 20:43:11  client id= 0 ,round= 8 ,epoch= 1 ,client update iteration= 310 ,loss= 0.704892635345459
2021-07-03 20:43:13  client id= 0 ,round= 8 ,epoch= 1 ,client update iteration= 320 ,loss= 0.6945146322250366
2021-07-03 20:43:15  client id= 0 ,round= 8 ,epoch= 1 ,client update iteration= 330 ,loss= 0.7585842609405518
2021-07-03 20:43:17  client id= 0 ,round= 8 ,epoch= 1 ,client update iteration= 340 ,loss= 0.7683008313179016
2021-07-03 20:43:19  client id= 0 ,round= 8 ,epoch= 1 ,client update iteration= 350 ,loss= 0.8034120202064514
2021-07-03 20:43:21  client id= 0 ,round= 8 ,epoch= 1 ,client update iteration= 360 ,loss= 0.8956174254417419
2021-07-03 20:43:23  client id= 0 ,round= 8 ,epoch= 1 ,client update iteration= 370 ,loss= 0.8679201006889343
2021-07-03 20:43:24  client id= 0 ,round= 8 ,epoch= 1 ,client update iteration= 380 ,loss= 0.7522833347320557
2021-07-03 20:43:26  client id= 0 ,round= 8 ,epoch= 1 ,client update iteration= 390 ,loss= 0.8035842776298523
******client id  1 ******
client_update start
2021-07-03 20:43:28  client id= 1 ,round= 8 ,epoch= 1 ,client update iteration= 10 ,loss= 0.7981825470924377
2021-07-03 20:43:30  client id= 1 ,round= 8 ,epoch= 1 ,client update iteration= 20 ,loss= 1.3415066003799438
2021-07-03 20:43:32  client id= 1 ,round= 8 ,epoch= 1 ,client update iteration= 30 ,loss= 1.0991294384002686
2021-07-03 20:43:34  client id= 1 ,round= 8 ,epoch= 1 ,client update iteration= 40 ,loss= 1.0620150566101074
2021-07-03 20:43:36  client id= 1 ,round= 8 ,epoch= 1 ,client update iteration= 50 ,loss= 1.095536470413208
2021-07-03 20:43:38  client id= 1 ,round= 8 ,epoch= 1 ,client update iteration= 60 ,loss= 0.8316484689712524
2021-07-03 20:43:40  client id= 1 ,round= 8 ,epoch= 1 ,client update iteration= 70 ,loss= 0.6718080639839172
2021-07-03 20:43:41  client id= 1 ,round= 8 ,epoch= 1 ,client update iteration= 80 ,loss= 0.7386457920074463
2021-07-03 20:43:43  client id= 1 ,round= 8 ,epoch= 1 ,client update iteration= 90 ,loss= 1.1146245002746582
2021-07-03 20:43:45  client id= 1 ,round= 8 ,epoch= 1 ,client update iteration= 100 ,loss= 0.6981923580169678
2021-07-03 20:43:47  client id= 1 ,round= 8 ,epoch= 1 ,client update iteration= 110 ,loss= 0.5820387005805969
2021-07-03 20:43:49  client id= 1 ,round= 8 ,epoch= 1 ,client update iteration= 120 ,loss= 0.682481586933136
2021-07-03 20:43:51  client id= 1 ,round= 8 ,epoch= 1 ,client update iteration= 130 ,loss= 0.6375643014907837
2021-07-03 20:43:53  client id= 1 ,round= 8 ,epoch= 1 ,client update iteration= 140 ,loss= 0.7371355891227722
2021-07-03 20:43:54  client id= 1 ,round= 8 ,epoch= 1 ,client update iteration= 150 ,loss= 0.7192206978797913
2021-07-03 20:43:56  client id= 1 ,round= 8 ,epoch= 1 ,client update iteration= 160 ,loss= 0.6548641920089722
2021-07-03 20:43:58  client id= 1 ,round= 8 ,epoch= 1 ,client update iteration= 170 ,loss= 0.9926328659057617
2021-07-03 20:44:00  client id= 1 ,round= 8 ,epoch= 1 ,client update iteration= 180 ,loss= 0.9480394721031189
2021-07-03 20:44:02  client id= 1 ,round= 8 ,epoch= 1 ,client update iteration= 190 ,loss= 0.844916820526123
2021-07-03 20:44:04  client id= 1 ,round= 8 ,epoch= 1 ,client update iteration= 200 ,loss= 0.9079192876815796
2021-07-03 20:44:06  client id= 1 ,round= 8 ,epoch= 1 ,client update iteration= 210 ,loss= 1.0594607591629028
2021-07-03 20:44:07  client id= 1 ,round= 8 ,epoch= 1 ,client update iteration= 220 ,loss= 0.8520591259002686
2021-07-03 20:44:09  client id= 1 ,round= 8 ,epoch= 1 ,client update iteration= 230 ,loss= 0.8046284914016724
2021-07-03 20:44:11  client id= 1 ,round= 8 ,epoch= 1 ,client update iteration= 240 ,loss= 0.7999763488769531
2021-07-03 20:44:13  client id= 1 ,round= 8 ,epoch= 1 ,client update iteration= 250 ,loss= 1.0422366857528687
2021-07-03 20:44:15  client id= 1 ,round= 8 ,epoch= 1 ,client update iteration= 260 ,loss= 0.8452218174934387
2021-07-03 20:44:17  client id= 1 ,round= 8 ,epoch= 1 ,client update iteration= 270 ,loss= 0.7588440775871277
2021-07-03 20:44:19  client id= 1 ,round= 8 ,epoch= 1 ,client update iteration= 280 ,loss= 0.8057636022567749
2021-07-03 20:44:20  client id= 1 ,round= 8 ,epoch= 1 ,client update iteration= 290 ,loss= 0.9679805040359497
2021-07-03 20:44:22  client id= 1 ,round= 8 ,epoch= 1 ,client update iteration= 300 ,loss= 0.6644403338432312
2021-07-03 20:44:24  client id= 1 ,round= 8 ,epoch= 1 ,client update iteration= 310 ,loss= 1.122723937034607
2021-07-03 20:44:26  client id= 1 ,round= 8 ,epoch= 1 ,client update iteration= 320 ,loss= 0.7756633758544922
2021-07-03 20:44:28  client id= 1 ,round= 8 ,epoch= 1 ,client update iteration= 330 ,loss= 0.7997199892997742
2021-07-03 20:44:30  client id= 1 ,round= 8 ,epoch= 1 ,client update iteration= 340 ,loss= 0.9338777661323547
2021-07-03 20:44:32  client id= 1 ,round= 8 ,epoch= 1 ,client update iteration= 350 ,loss= 0.8232783675193787
2021-07-03 20:44:34  client id= 1 ,round= 8 ,epoch= 1 ,client update iteration= 360 ,loss= 0.589460015296936
2021-07-03 20:44:35  client id= 1 ,round= 8 ,epoch= 1 ,client update iteration= 370 ,loss= 0.6519864201545715
2021-07-03 20:44:37  client id= 1 ,round= 8 ,epoch= 1 ,client update iteration= 380 ,loss= 0.8084355592727661
2021-07-03 20:44:39  client id= 1 ,round= 8 ,epoch= 1 ,client update iteration= 390 ,loss= 0.7774210572242737
end_round_time 2021-07-03 20:44:39
start add noise 2021-07-03 20:44:39
layer= 0 ratio= 0.0625
layer= 1 ratio= 0.0625
layer= 2 ratio= 0.0625
layer= 3 ratio= 0.0625
layer= 4 ratio= 0.0625
layer= 5 ratio= 0.0625
layer= 6 ratio= 0.0625
layer= 7 ratio= 0.0625
layer= 8 ratio= 0.0625
layer= 9 ratio= 0.0625
layer= 10 ratio= 0.0625
layer= 11 ratio= 0.0625
layer= 12 ratio= 0.0625
layer= 13 ratio= 0.0625
layer= 14 ratio= 0.0625
layer= 15 ratio= 0.0625
layer= 0 ratio= 0.0625
layer= 1 ratio= 0.0625
layer= 2 ratio= 0.0625
layer= 3 ratio= 0.0625
layer= 4 ratio= 0.0625
layer= 5 ratio= 0.0625
layer= 6 ratio= 0.0625
layer= 7 ratio= 0.0625
layer= 8 ratio= 0.0625
layer= 9 ratio= 0.0625
layer= 10 ratio= 0.0625
layer= 11 ratio= 0.0625
layer= 12 ratio= 0.0625
layer= 13 ratio= 0.0625
layer= 14 ratio= 0.0625
layer= 15 ratio= 0.0625
end add noise time 2021-07-03 20:44:39
average train loss= 0.8573512426194023
2021-07-03 20:44:48,round 8,val Accuracy Top1: 66.500000 %
2021-07-03 20:44:48,round 8,val Accuracy Top5: 96.590000 %
start_round_time 2021-07-03 20:44:48
******client id  0 ******
client_update start
2021-07-03 20:44:50  client id= 0 ,round= 9 ,epoch= 1 ,client update iteration= 10 ,loss= 1.686726450920105
2021-07-03 20:44:52  client id= 0 ,round= 9 ,epoch= 1 ,client update iteration= 20 ,loss= 1.3956862688064575
2021-07-03 20:44:54  client id= 0 ,round= 9 ,epoch= 1 ,client update iteration= 30 ,loss= 1.294543743133545
2021-07-03 20:44:56  client id= 0 ,round= 9 ,epoch= 1 ,client update iteration= 40 ,loss= 1.0129687786102295
2021-07-03 20:44:58  client id= 0 ,round= 9 ,epoch= 1 ,client update iteration= 50 ,loss= 1.1727436780929565
2021-07-03 20:44:59  client id= 0 ,round= 9 ,epoch= 1 ,client update iteration= 60 ,loss= 1.0984845161437988
2021-07-03 20:45:01  client id= 0 ,round= 9 ,epoch= 1 ,client update iteration= 70 ,loss= 1.2905083894729614
2021-07-03 20:45:03  client id= 0 ,round= 9 ,epoch= 1 ,client update iteration= 80 ,loss= 1.2236409187316895
2021-07-03 20:45:05  client id= 0 ,round= 9 ,epoch= 1 ,client update iteration= 90 ,loss= 1.1542344093322754
2021-07-03 20:45:07  client id= 0 ,round= 9 ,epoch= 1 ,client update iteration= 100 ,loss= 0.9811251163482666
2021-07-03 20:45:09  client id= 0 ,round= 9 ,epoch= 1 ,client update iteration= 110 ,loss= 0.8240718245506287
2021-07-03 20:45:11  client id= 0 ,round= 9 ,epoch= 1 ,client update iteration= 120 ,loss= 1.1979368925094604
2021-07-03 20:45:12  client id= 0 ,round= 9 ,epoch= 1 ,client update iteration= 130 ,loss= 0.9468920230865479
2021-07-03 20:45:14  client id= 0 ,round= 9 ,epoch= 1 ,client update iteration= 140 ,loss= 0.8545314073562622
2021-07-03 20:45:16  client id= 0 ,round= 9 ,epoch= 1 ,client update iteration= 150 ,loss= 0.8644265532493591
2021-07-03 20:45:18  client id= 0 ,round= 9 ,epoch= 1 ,client update iteration= 160 ,loss= 0.8424901366233826
2021-07-03 20:45:20  client id= 0 ,round= 9 ,epoch= 1 ,client update iteration= 170 ,loss= 1.0540872812271118
2021-07-03 20:45:22  client id= 0 ,round= 9 ,epoch= 1 ,client update iteration= 180 ,loss= 1.0909342765808105
2021-07-03 20:45:24  client id= 0 ,round= 9 ,epoch= 1 ,client update iteration= 190 ,loss= 1.3383177518844604
2021-07-03 20:45:26  client id= 0 ,round= 9 ,epoch= 1 ,client update iteration= 200 ,loss= 0.8507508039474487
2021-07-03 20:45:27  client id= 0 ,round= 9 ,epoch= 1 ,client update iteration= 210 ,loss= 0.9415180683135986
2021-07-03 20:45:29  client id= 0 ,round= 9 ,epoch= 1 ,client update iteration= 220 ,loss= 0.9661805629730225
2021-07-03 20:45:31  client id= 0 ,round= 9 ,epoch= 1 ,client update iteration= 230 ,loss= 0.8955075740814209
2021-07-03 20:45:33  client id= 0 ,round= 9 ,epoch= 1 ,client update iteration= 240 ,loss= 0.8660898804664612
2021-07-03 20:45:35  client id= 0 ,round= 9 ,epoch= 1 ,client update iteration= 250 ,loss= 1.0840290784835815
2021-07-03 20:45:37  client id= 0 ,round= 9 ,epoch= 1 ,client update iteration= 260 ,loss= 0.7932737469673157
2021-07-03 20:45:39  client id= 0 ,round= 9 ,epoch= 1 ,client update iteration= 270 ,loss= 0.7368190884590149
2021-07-03 20:45:40  client id= 0 ,round= 9 ,epoch= 1 ,client update iteration= 280 ,loss= 0.790706217288971
2021-07-03 20:45:42  client id= 0 ,round= 9 ,epoch= 1 ,client update iteration= 290 ,loss= 0.8098922967910767
2021-07-03 20:45:44  client id= 0 ,round= 9 ,epoch= 1 ,client update iteration= 300 ,loss= 0.7689856290817261
2021-07-03 20:45:46  client id= 0 ,round= 9 ,epoch= 1 ,client update iteration= 310 ,loss= 0.7473665475845337
2021-07-03 20:45:48  client id= 0 ,round= 9 ,epoch= 1 ,client update iteration= 320 ,loss= 0.7415953874588013
2021-07-03 20:45:50  client id= 0 ,round= 9 ,epoch= 1 ,client update iteration= 330 ,loss= 0.8558516502380371
2021-07-03 20:45:52  client id= 0 ,round= 9 ,epoch= 1 ,client update iteration= 340 ,loss= 1.3182591199874878
2021-07-03 20:45:53  client id= 0 ,round= 9 ,epoch= 1 ,client update iteration= 350 ,loss= 1.0199586153030396
2021-07-03 20:45:55  client id= 0 ,round= 9 ,epoch= 1 ,client update iteration= 360 ,loss= 0.8541368842124939
2021-07-03 20:45:57  client id= 0 ,round= 9 ,epoch= 1 ,client update iteration= 370 ,loss= 1.101637840270996
2021-07-03 20:45:59  client id= 0 ,round= 9 ,epoch= 1 ,client update iteration= 380 ,loss= 0.7175998687744141
2021-07-03 20:46:01  client id= 0 ,round= 9 ,epoch= 1 ,client update iteration= 390 ,loss= 1.0601862668991089
******client id  1 ******
client_update start
2021-07-03 20:46:03  client id= 1 ,round= 9 ,epoch= 1 ,client update iteration= 10 ,loss= 1.4178513288497925
2021-07-03 20:46:05  client id= 1 ,round= 9 ,epoch= 1 ,client update iteration= 20 ,loss= 1.2096844911575317
2021-07-03 20:46:07  client id= 1 ,round= 9 ,epoch= 1 ,client update iteration= 30 ,loss= 1.3941773176193237
2021-07-03 20:46:09  client id= 1 ,round= 9 ,epoch= 1 ,client update iteration= 40 ,loss= 1.2038280963897705
2021-07-03 20:46:10  client id= 1 ,round= 9 ,epoch= 1 ,client update iteration= 50 ,loss= 1.3704297542572021
2021-07-03 20:46:12  client id= 1 ,round= 9 ,epoch= 1 ,client update iteration= 60 ,loss= 1.1418921947479248
2021-07-03 20:46:14  client id= 1 ,round= 9 ,epoch= 1 ,client update iteration= 70 ,loss= 1.2255113124847412
2021-07-03 20:46:16  client id= 1 ,round= 9 ,epoch= 1 ,client update iteration= 80 ,loss= 1.0094454288482666
2021-07-03 20:46:18  client id= 1 ,round= 9 ,epoch= 1 ,client update iteration= 90 ,loss= 0.9419417977333069
2021-07-03 20:46:20  client id= 1 ,round= 9 ,epoch= 1 ,client update iteration= 100 ,loss= 1.0650062561035156
2021-07-03 20:46:22  client id= 1 ,round= 9 ,epoch= 1 ,client update iteration= 110 ,loss= 1.1022729873657227
2021-07-03 20:46:23  client id= 1 ,round= 9 ,epoch= 1 ,client update iteration= 120 ,loss= 0.962327778339386
2021-07-03 20:46:25  client id= 1 ,round= 9 ,epoch= 1 ,client update iteration= 130 ,loss= 1.1256176233291626
2021-07-03 20:46:27  client id= 1 ,round= 9 ,epoch= 1 ,client update iteration= 140 ,loss= 0.7585219740867615
2021-07-03 20:46:29  client id= 1 ,round= 9 ,epoch= 1 ,client update iteration= 150 ,loss= 0.8955809473991394
2021-07-03 20:46:31  client id= 1 ,round= 9 ,epoch= 1 ,client update iteration= 160 ,loss= 1.0571708679199219
2021-07-03 20:46:33  client id= 1 ,round= 9 ,epoch= 1 ,client update iteration= 170 ,loss= 0.9317900538444519
2021-07-03 20:46:35  client id= 1 ,round= 9 ,epoch= 1 ,client update iteration= 180 ,loss= 0.8360511064529419
2021-07-03 20:46:36  client id= 1 ,round= 9 ,epoch= 1 ,client update iteration= 190 ,loss= 0.9378649592399597
2021-07-03 20:46:38  client id= 1 ,round= 9 ,epoch= 1 ,client update iteration= 200 ,loss= 1.0192956924438477
2021-07-03 20:46:40  client id= 1 ,round= 9 ,epoch= 1 ,client update iteration= 210 ,loss= 0.927404522895813
2021-07-03 20:46:42  client id= 1 ,round= 9 ,epoch= 1 ,client update iteration= 220 ,loss= 0.9119300246238708
2021-07-03 20:46:44  client id= 1 ,round= 9 ,epoch= 1 ,client update iteration= 230 ,loss= 0.6178122162818909
2021-07-03 20:46:46  client id= 1 ,round= 9 ,epoch= 1 ,client update iteration= 240 ,loss= 0.7751321196556091
2021-07-03 20:46:48  client id= 1 ,round= 9 ,epoch= 1 ,client update iteration= 250 ,loss= 0.8441079258918762
2021-07-03 20:46:50  client id= 1 ,round= 9 ,epoch= 1 ,client update iteration= 260 ,loss= 1.2015321254730225
2021-07-03 20:46:51  client id= 1 ,round= 9 ,epoch= 1 ,client update iteration= 270 ,loss= 0.8062351942062378
2021-07-03 20:46:53  client id= 1 ,round= 9 ,epoch= 1 ,client update iteration= 280 ,loss= 0.9372004270553589
2021-07-03 20:46:55  client id= 1 ,round= 9 ,epoch= 1 ,client update iteration= 290 ,loss= 1.0014816522598267
2021-07-03 20:46:57  client id= 1 ,round= 9 ,epoch= 1 ,client update iteration= 300 ,loss= 0.7827439308166504
2021-07-03 20:46:59  client id= 1 ,round= 9 ,epoch= 1 ,client update iteration= 310 ,loss= 0.8756771683692932
2021-07-03 20:47:01  client id= 1 ,round= 9 ,epoch= 1 ,client update iteration= 320 ,loss= 0.763454258441925
2021-07-03 20:47:03  client id= 1 ,round= 9 ,epoch= 1 ,client update iteration= 330 ,loss= 0.9764097332954407
2021-07-03 20:47:04  client id= 1 ,round= 9 ,epoch= 1 ,client update iteration= 340 ,loss= 0.9292346835136414
2021-07-03 20:47:06  client id= 1 ,round= 9 ,epoch= 1 ,client update iteration= 350 ,loss= 0.6981709003448486
2021-07-03 20:47:08  client id= 1 ,round= 9 ,epoch= 1 ,client update iteration= 360 ,loss= 1.0253832340240479
2021-07-03 20:47:10  client id= 1 ,round= 9 ,epoch= 1 ,client update iteration= 370 ,loss= 0.782860517501831
2021-07-03 20:47:12  client id= 1 ,round= 9 ,epoch= 1 ,client update iteration= 380 ,loss= 0.8177706599235535
2021-07-03 20:47:14  client id= 1 ,round= 9 ,epoch= 1 ,client update iteration= 390 ,loss= 0.8851058483123779
end_round_time 2021-07-03 20:47:14
start add noise 2021-07-03 20:47:14
layer= 0 ratio= 0.0625
layer= 1 ratio= 0.0625
layer= 2 ratio= 0.0625
layer= 3 ratio= 0.0625
layer= 4 ratio= 0.0625
layer= 5 ratio= 0.0625
layer= 6 ratio= 0.0625
layer= 7 ratio= 0.0625
layer= 8 ratio= 0.0625
layer= 9 ratio= 0.0625
layer= 10 ratio= 0.0625
layer= 11 ratio= 0.0625
layer= 12 ratio= 0.0625
layer= 13 ratio= 0.0625
layer= 14 ratio= 0.0625
layer= 15 ratio= 0.0625
layer= 0 ratio= 0.0625
layer= 1 ratio= 0.0625
layer= 2 ratio= 0.0625
layer= 3 ratio= 0.0625
layer= 4 ratio= 0.0625
layer= 5 ratio= 0.0625
layer= 6 ratio= 0.0625
layer= 7 ratio= 0.0625
layer= 8 ratio= 0.0625
layer= 9 ratio= 0.0625
layer= 10 ratio= 0.0625
layer= 11 ratio= 0.0625
layer= 12 ratio= 0.0625
layer= 13 ratio= 0.0625
layer= 14 ratio= 0.0625
layer= 15 ratio= 0.0625
end add noise time 2021-07-03 20:47:14
average train loss= 1.0004988093586529
2021-07-03 20:47:23,round 9,val Accuracy Top1: 67.520000 %
2021-07-03 20:47:23,round 9,val Accuracy Top5: 96.920000 %
start_round_time 2021-07-03 20:47:23
******client id  0 ******
client_update start
2021-07-03 20:47:25  client id= 0 ,round= 10 ,epoch= 1 ,client update iteration= 10 ,loss= 1.5489826202392578
2021-07-03 20:47:27  client id= 0 ,round= 10 ,epoch= 1 ,client update iteration= 20 ,loss= 1.3173457384109497
2021-07-03 20:47:28  client id= 0 ,round= 10 ,epoch= 1 ,client update iteration= 30 ,loss= 0.9004108309745789
2021-07-03 20:47:30  client id= 0 ,round= 10 ,epoch= 1 ,client update iteration= 40 ,loss= 1.3060098886489868
2021-07-03 20:47:32  client id= 0 ,round= 10 ,epoch= 1 ,client update iteration= 50 ,loss= 1.2395204305648804
2021-07-03 20:47:34  client id= 0 ,round= 10 ,epoch= 1 ,client update iteration= 60 ,loss= 1.2029311656951904
2021-07-03 20:47:36  client id= 0 ,round= 10 ,epoch= 1 ,client update iteration= 70 ,loss= 1.0974148511886597
2021-07-03 20:47:38  client id= 0 ,round= 10 ,epoch= 1 ,client update iteration= 80 ,loss= 1.41994309425354
2021-07-03 20:47:40  client id= 0 ,round= 10 ,epoch= 1 ,client update iteration= 90 ,loss= 1.0673078298568726
2021-07-03 20:47:41  client id= 0 ,round= 10 ,epoch= 1 ,client update iteration= 100 ,loss= 1.070550560951233
2021-07-03 20:47:43  client id= 0 ,round= 10 ,epoch= 1 ,client update iteration= 110 ,loss= 1.7331748008728027
2021-07-03 20:47:45  client id= 0 ,round= 10 ,epoch= 1 ,client update iteration= 120 ,loss= 1.1328204870224
2021-07-03 20:47:47  client id= 0 ,round= 10 ,epoch= 1 ,client update iteration= 130 ,loss= 1.1583105325698853
2021-07-03 20:47:49  client id= 0 ,round= 10 ,epoch= 1 ,client update iteration= 140 ,loss= 0.8479291200637817
2021-07-03 20:47:51  client id= 0 ,round= 10 ,epoch= 1 ,client update iteration= 150 ,loss= 1.3582948446273804
2021-07-03 20:47:53  client id= 0 ,round= 10 ,epoch= 1 ,client update iteration= 160 ,loss= 1.3962278366088867
2021-07-03 20:47:55  client id= 0 ,round= 10 ,epoch= 1 ,client update iteration= 170 ,loss= 1.2459627389907837
2021-07-03 20:47:56  client id= 0 ,round= 10 ,epoch= 1 ,client update iteration= 180 ,loss= 1.034409761428833
2021-07-03 20:47:58  client id= 0 ,round= 10 ,epoch= 1 ,client update iteration= 190 ,loss= 0.9728249311447144
2021-07-03 20:48:00  client id= 0 ,round= 10 ,epoch= 1 ,client update iteration= 200 ,loss= 0.6344022154808044
2021-07-03 20:48:02  client id= 0 ,round= 10 ,epoch= 1 ,client update iteration= 210 ,loss= 1.1994080543518066
2021-07-03 20:48:04  client id= 0 ,round= 10 ,epoch= 1 ,client update iteration= 220 ,loss= 0.8869739770889282
2021-07-03 20:48:06  client id= 0 ,round= 10 ,epoch= 1 ,client update iteration= 230 ,loss= 0.9000349044799805
2021-07-03 20:48:08  client id= 0 ,round= 10 ,epoch= 1 ,client update iteration= 240 ,loss= 1.0531960725784302
2021-07-03 20:48:09  client id= 0 ,round= 10 ,epoch= 1 ,client update iteration= 250 ,loss= 1.1199523210525513
2021-07-03 20:48:11  client id= 0 ,round= 10 ,epoch= 1 ,client update iteration= 260 ,loss= 1.417682409286499
2021-07-03 20:48:13  client id= 0 ,round= 10 ,epoch= 1 ,client update iteration= 270 ,loss= 0.9908433556556702
2021-07-03 20:48:15  client id= 0 ,round= 10 ,epoch= 1 ,client update iteration= 280 ,loss= 0.7555696368217468
2021-07-03 20:48:17  client id= 0 ,round= 10 ,epoch= 1 ,client update iteration= 290 ,loss= 0.6869275569915771
2021-07-03 20:48:19  client id= 0 ,round= 10 ,epoch= 1 ,client update iteration= 300 ,loss= 1.2511370182037354
2021-07-03 20:48:21  client id= 0 ,round= 10 ,epoch= 1 ,client update iteration= 310 ,loss= 1.2535860538482666
2021-07-03 20:48:22  client id= 0 ,round= 10 ,epoch= 1 ,client update iteration= 320 ,loss= 0.9552868604660034
2021-07-03 20:48:24  client id= 0 ,round= 10 ,epoch= 1 ,client update iteration= 330 ,loss= 0.7493203282356262
2021-07-03 20:48:26  client id= 0 ,round= 10 ,epoch= 1 ,client update iteration= 340 ,loss= 0.9798615574836731
2021-07-03 20:48:28  client id= 0 ,round= 10 ,epoch= 1 ,client update iteration= 350 ,loss= 0.8429325819015503
2021-07-03 20:48:30  client id= 0 ,round= 10 ,epoch= 1 ,client update iteration= 360 ,loss= 0.9059965014457703
2021-07-03 20:48:32  client id= 0 ,round= 10 ,epoch= 1 ,client update iteration= 370 ,loss= 0.9592175483703613
2021-07-03 20:48:34  client id= 0 ,round= 10 ,epoch= 1 ,client update iteration= 380 ,loss= 0.9529059529304504
2021-07-03 20:48:35  client id= 0 ,round= 10 ,epoch= 1 ,client update iteration= 390 ,loss= 0.9419143795967102
******client id  1 ******
client_update start
2021-07-03 20:48:37  client id= 1 ,round= 10 ,epoch= 1 ,client update iteration= 10 ,loss= 1.716780185699463
2021-07-03 20:48:39  client id= 1 ,round= 10 ,epoch= 1 ,client update iteration= 20 ,loss= 1.6996855735778809
2021-07-03 20:48:41  client id= 1 ,round= 10 ,epoch= 1 ,client update iteration= 30 ,loss= 1.4125089645385742
2021-07-03 20:48:43  client id= 1 ,round= 10 ,epoch= 1 ,client update iteration= 40 ,loss= 1.2559913396835327
2021-07-03 20:48:45  client id= 1 ,round= 10 ,epoch= 1 ,client update iteration= 50 ,loss= 1.7382800579071045
2021-07-03 20:48:47  client id= 1 ,round= 10 ,epoch= 1 ,client update iteration= 60 ,loss= 1.1874315738677979
2021-07-03 20:48:49  client id= 1 ,round= 10 ,epoch= 1 ,client update iteration= 70 ,loss= 1.3547905683517456
2021-07-03 20:48:50  client id= 1 ,round= 10 ,epoch= 1 ,client update iteration= 80 ,loss= 1.1347174644470215
2021-07-03 20:48:52  client id= 1 ,round= 10 ,epoch= 1 ,client update iteration= 90 ,loss= 1.075571060180664
2021-07-03 20:48:54  client id= 1 ,round= 10 ,epoch= 1 ,client update iteration= 100 ,loss= 1.1050156354904175
2021-07-03 20:48:56  client id= 1 ,round= 10 ,epoch= 1 ,client update iteration= 110 ,loss= 1.2566595077514648
2021-07-03 20:48:58  client id= 1 ,round= 10 ,epoch= 1 ,client update iteration= 120 ,loss= 1.2798938751220703
2021-07-03 20:49:00  client id= 1 ,round= 10 ,epoch= 1 ,client update iteration= 130 ,loss= 1.109557032585144
2021-07-03 20:49:02  client id= 1 ,round= 10 ,epoch= 1 ,client update iteration= 140 ,loss= 1.0538586378097534
2021-07-03 20:49:03  client id= 1 ,round= 10 ,epoch= 1 ,client update iteration= 150 ,loss= 1.1599994897842407
2021-07-03 20:49:05  client id= 1 ,round= 10 ,epoch= 1 ,client update iteration= 160 ,loss= 1.0135111808776855
2021-07-03 20:49:07  client id= 1 ,round= 10 ,epoch= 1 ,client update iteration= 170 ,loss= 0.9941102266311646
2021-07-03 20:49:09  client id= 1 ,round= 10 ,epoch= 1 ,client update iteration= 180 ,loss= 0.9571728706359863
2021-07-03 20:49:11  client id= 1 ,round= 10 ,epoch= 1 ,client update iteration= 190 ,loss= 1.0415998697280884
2021-07-03 20:49:13  client id= 1 ,round= 10 ,epoch= 1 ,client update iteration= 200 ,loss= 1.4696033000946045
2021-07-03 20:49:15  client id= 1 ,round= 10 ,epoch= 1 ,client update iteration= 210 ,loss= 1.131089210510254
2021-07-03 20:49:16  client id= 1 ,round= 10 ,epoch= 1 ,client update iteration= 220 ,loss= 0.8961865901947021
2021-07-03 20:49:18  client id= 1 ,round= 10 ,epoch= 1 ,client update iteration= 230 ,loss= 0.9794294834136963
2021-07-03 20:49:20  client id= 1 ,round= 10 ,epoch= 1 ,client update iteration= 240 ,loss= 0.9502794146537781
2021-07-03 20:49:22  client id= 1 ,round= 10 ,epoch= 1 ,client update iteration= 250 ,loss= 1.4583094120025635
2021-07-03 20:49:24  client id= 1 ,round= 10 ,epoch= 1 ,client update iteration= 260 ,loss= 1.029768466949463
2021-07-03 20:49:26  client id= 1 ,round= 10 ,epoch= 1 ,client update iteration= 270 ,loss= 0.9778202772140503
2021-07-03 20:49:28  client id= 1 ,round= 10 ,epoch= 1 ,client update iteration= 280 ,loss= 0.7398405075073242
2021-07-03 20:49:29  client id= 1 ,round= 10 ,epoch= 1 ,client update iteration= 290 ,loss= 0.799645185470581
2021-07-03 20:49:31  client id= 1 ,round= 10 ,epoch= 1 ,client update iteration= 300 ,loss= 1.0516551733016968
2021-07-03 20:49:33  client id= 1 ,round= 10 ,epoch= 1 ,client update iteration= 310 ,loss= 1.176649808883667
2021-07-03 20:49:35  client id= 1 ,round= 10 ,epoch= 1 ,client update iteration= 320 ,loss= 0.9572685360908508
2021-07-03 20:49:37  client id= 1 ,round= 10 ,epoch= 1 ,client update iteration= 330 ,loss= 1.0819685459136963
2021-07-03 20:49:39  client id= 1 ,round= 10 ,epoch= 1 ,client update iteration= 340 ,loss= 0.9670925140380859
2021-07-03 20:49:41  client id= 1 ,round= 10 ,epoch= 1 ,client update iteration= 350 ,loss= 1.052812933921814
2021-07-03 20:49:42  client id= 1 ,round= 10 ,epoch= 1 ,client update iteration= 360 ,loss= 0.708337128162384
2021-07-03 20:49:44  client id= 1 ,round= 10 ,epoch= 1 ,client update iteration= 370 ,loss= 0.720077633857727
2021-07-03 20:49:46  client id= 1 ,round= 10 ,epoch= 1 ,client update iteration= 380 ,loss= 0.837160050868988
2021-07-03 20:49:48  client id= 1 ,round= 10 ,epoch= 1 ,client update iteration= 390 ,loss= 1.1693791151046753
end_round_time 2021-07-03 20:49:48
start add noise 2021-07-03 20:49:48
layer= 0 ratio= 0.0625
layer= 1 ratio= 0.0625
layer= 2 ratio= 0.0625
layer= 3 ratio= 0.0625
layer= 4 ratio= 0.0625
layer= 5 ratio= 0.0625
layer= 6 ratio= 0.0625
layer= 7 ratio= 0.0625
layer= 8 ratio= 0.0625
layer= 9 ratio= 0.0625
layer= 10 ratio= 0.0625
layer= 11 ratio= 0.0625
layer= 12 ratio= 0.0625
layer= 13 ratio= 0.0625
layer= 14 ratio= 0.0625
layer= 15 ratio= 0.0625
layer= 0 ratio= 0.0625
layer= 1 ratio= 0.0625
layer= 2 ratio= 0.0625
layer= 3 ratio= 0.0625
layer= 4 ratio= 0.0625
layer= 5 ratio= 0.0625
layer= 6 ratio= 0.0625
layer= 7 ratio= 0.0625
layer= 8 ratio= 0.0625
layer= 9 ratio= 0.0625
layer= 10 ratio= 0.0625
layer= 11 ratio= 0.0625
layer= 12 ratio= 0.0625
layer= 13 ratio= 0.0625
layer= 14 ratio= 0.0625
layer= 15 ratio= 0.0625
end add noise time 2021-07-03 20:49:48
average train loss= 1.12186962354671
2021-07-03 20:49:57,round 10,val Accuracy Top1: 66.520000 %
2021-07-03 20:49:57,round 10,val Accuracy Top5: 96.130000 %
