type sample_L2
pb 10000.0
clip_bound 20.0
log_path log/Alexnet/sample_L2/False
train_data data
test_data data
batch_size 64
test_batch_size 64
lr 0.0002
momentum 0.5
no_cuda False
seed 1
log_interval 1
privacy_delta 1e-06
sample_num 500
islog True
is_ratio_list False
num_clients 2
num_rounds 10
epochs 1
ratio_type 0
平均分配eps
device cuda
loading data
load data done
AlexNet(
  (conv1): Sequential(
    (0): Conv2d(3, 96, kernel_size=(6, 6), stride=(1, 1))
    (1): ReLU()
  )
  (conv2): Sequential(
    (0): Conv2d(96, 256, kernel_size=(5, 5), stride=(1, 1), padding=(2, 2))
    (1): ReLU()
    (2): MaxPool2d(kernel_size=3, stride=2, padding=0, dilation=1, ceil_mode=False)
  )
  (conv3): Sequential(
    (0): Conv2d(256, 384, kernel_size=(3, 3), stride=(1, 1), padding=(1, 1))
    (1): ReLU()
  )
  (conv4): Sequential(
    (0): Conv2d(384, 384, kernel_size=(3, 3), stride=(1, 1), padding=(1, 1))
    (1): ReLU()
  )
  (conv5): Sequential(
    (0): Conv2d(384, 256, kernel_size=(3, 3), stride=(1, 1), padding=(1, 1))
    (1): ReLU()
    (2): MaxPool2d(kernel_size=3, stride=2, padding=0, dilation=1, ceil_mode=False)
  )
  (dense): Sequential(
    (0): Linear(in_features=9216, out_features=4096, bias=True)
    (1): ReLU()
    (2): Dropout(p=0.5, inplace=False)
    (3): Linear(in_features=4096, out_features=4096, bias=True)
    (4): ReLU()
    (5): Dropout(p=0.5, inplace=False)
    (6): Linear(in_features=4096, out_features=10, bias=True)
  )
)
********start training********
start_round_time 2021-07-04 13:07:11
******client id  0 ******
client_update start
2021-07-04 13:07:13  client id= 0 ,round= 1 ,epoch= 1 ,client update iteration= 10 ,loss= 2.2891063690185547
2021-07-04 13:07:15  client id= 0 ,round= 1 ,epoch= 1 ,client update iteration= 20 ,loss= 2.1915054321289062
2021-07-04 13:07:17  client id= 0 ,round= 1 ,epoch= 1 ,client update iteration= 30 ,loss= 1.994707465171814
2021-07-04 13:07:19  client id= 0 ,round= 1 ,epoch= 1 ,client update iteration= 40 ,loss= 2.174715518951416
2021-07-04 13:07:21  client id= 0 ,round= 1 ,epoch= 1 ,client update iteration= 50 ,loss= 2.064265012741089
2021-07-04 13:07:23  client id= 0 ,round= 1 ,epoch= 1 ,client update iteration= 60 ,loss= 2.1654765605926514
2021-07-04 13:07:25  client id= 0 ,round= 1 ,epoch= 1 ,client update iteration= 70 ,loss= 2.0406811237335205
2021-07-04 13:07:27  client id= 0 ,round= 1 ,epoch= 1 ,client update iteration= 80 ,loss= 1.9865177869796753
2021-07-04 13:07:29  client id= 0 ,round= 1 ,epoch= 1 ,client update iteration= 90 ,loss= 1.8241596221923828
2021-07-04 13:07:31  client id= 0 ,round= 1 ,epoch= 1 ,client update iteration= 100 ,loss= 1.77548348903656
2021-07-04 13:07:33  client id= 0 ,round= 1 ,epoch= 1 ,client update iteration= 110 ,loss= 1.792299747467041
2021-07-04 13:07:34  client id= 0 ,round= 1 ,epoch= 1 ,client update iteration= 120 ,loss= 1.9248266220092773
2021-07-04 13:07:36  client id= 0 ,round= 1 ,epoch= 1 ,client update iteration= 130 ,loss= 1.7847211360931396
2021-07-04 13:07:38  client id= 0 ,round= 1 ,epoch= 1 ,client update iteration= 140 ,loss= 1.8103461265563965
2021-07-04 13:07:40  client id= 0 ,round= 1 ,epoch= 1 ,client update iteration= 150 ,loss= 1.7397332191467285
2021-07-04 13:07:42  client id= 0 ,round= 1 ,epoch= 1 ,client update iteration= 160 ,loss= 1.7749817371368408
2021-07-04 13:07:44  client id= 0 ,round= 1 ,epoch= 1 ,client update iteration= 170 ,loss= 1.7803679704666138
2021-07-04 13:07:46  client id= 0 ,round= 1 ,epoch= 1 ,client update iteration= 180 ,loss= 1.7609190940856934
2021-07-04 13:07:47  client id= 0 ,round= 1 ,epoch= 1 ,client update iteration= 190 ,loss= 1.5715773105621338
2021-07-04 13:07:49  client id= 0 ,round= 1 ,epoch= 1 ,client update iteration= 200 ,loss= 1.665602445602417
2021-07-04 13:07:51  client id= 0 ,round= 1 ,epoch= 1 ,client update iteration= 210 ,loss= 1.6129013299942017
2021-07-04 13:07:53  client id= 0 ,round= 1 ,epoch= 1 ,client update iteration= 220 ,loss= 1.6068483591079712
2021-07-04 13:07:55  client id= 0 ,round= 1 ,epoch= 1 ,client update iteration= 230 ,loss= 1.5286614894866943
2021-07-04 13:07:57  client id= 0 ,round= 1 ,epoch= 1 ,client update iteration= 240 ,loss= 1.6817280054092407
2021-07-04 13:07:58  client id= 0 ,round= 1 ,epoch= 1 ,client update iteration= 250 ,loss= 1.5628551244735718
2021-07-04 13:08:00  client id= 0 ,round= 1 ,epoch= 1 ,client update iteration= 260 ,loss= 1.4490349292755127
2021-07-04 13:08:02  client id= 0 ,round= 1 ,epoch= 1 ,client update iteration= 270 ,loss= 1.5165855884552002
2021-07-04 13:08:04  client id= 0 ,round= 1 ,epoch= 1 ,client update iteration= 280 ,loss= 1.7849103212356567
2021-07-04 13:08:06  client id= 0 ,round= 1 ,epoch= 1 ,client update iteration= 290 ,loss= 1.4851100444793701
2021-07-04 13:08:08  client id= 0 ,round= 1 ,epoch= 1 ,client update iteration= 300 ,loss= 1.6536376476287842
2021-07-04 13:08:10  client id= 0 ,round= 1 ,epoch= 1 ,client update iteration= 310 ,loss= 1.349713683128357
2021-07-04 13:08:11  client id= 0 ,round= 1 ,epoch= 1 ,client update iteration= 320 ,loss= 1.4683784246444702
2021-07-04 13:08:13  client id= 0 ,round= 1 ,epoch= 1 ,client update iteration= 330 ,loss= 1.4496217966079712
2021-07-04 13:08:15  client id= 0 ,round= 1 ,epoch= 1 ,client update iteration= 340 ,loss= 1.4719685316085815
2021-07-04 13:08:17  client id= 0 ,round= 1 ,epoch= 1 ,client update iteration= 350 ,loss= 1.4259402751922607
2021-07-04 13:08:19  client id= 0 ,round= 1 ,epoch= 1 ,client update iteration= 360 ,loss= 1.6074813604354858
2021-07-04 13:08:21  client id= 0 ,round= 1 ,epoch= 1 ,client update iteration= 370 ,loss= 1.3749879598617554
2021-07-04 13:08:23  client id= 0 ,round= 1 ,epoch= 1 ,client update iteration= 380 ,loss= 1.3719980716705322
2021-07-04 13:08:25  client id= 0 ,round= 1 ,epoch= 1 ,client update iteration= 390 ,loss= 1.4803417921066284
******client id  1 ******
client_update start
2021-07-04 13:08:27  client id= 1 ,round= 1 ,epoch= 1 ,client update iteration= 10 ,loss= 2.2631022930145264
2021-07-04 13:08:29  client id= 1 ,round= 1 ,epoch= 1 ,client update iteration= 20 ,loss= 2.151198148727417
2021-07-04 13:08:31  client id= 1 ,round= 1 ,epoch= 1 ,client update iteration= 30 ,loss= 2.1700425148010254
2021-07-04 13:08:32  client id= 1 ,round= 1 ,epoch= 1 ,client update iteration= 40 ,loss= 2.0879878997802734
2021-07-04 13:08:34  client id= 1 ,round= 1 ,epoch= 1 ,client update iteration= 50 ,loss= 2.055964946746826
2021-07-04 13:08:36  client id= 1 ,round= 1 ,epoch= 1 ,client update iteration= 60 ,loss= 1.8802390098571777
2021-07-04 13:08:38  client id= 1 ,round= 1 ,epoch= 1 ,client update iteration= 70 ,loss= 1.7161325216293335
2021-07-04 13:08:40  client id= 1 ,round= 1 ,epoch= 1 ,client update iteration= 80 ,loss= 1.841070294380188
2021-07-04 13:08:42  client id= 1 ,round= 1 ,epoch= 1 ,client update iteration= 90 ,loss= 1.7441906929016113
2021-07-04 13:08:44  client id= 1 ,round= 1 ,epoch= 1 ,client update iteration= 100 ,loss= 1.7641901969909668
2021-07-04 13:08:46  client id= 1 ,round= 1 ,epoch= 1 ,client update iteration= 110 ,loss= 1.6725401878356934
2021-07-04 13:08:48  client id= 1 ,round= 1 ,epoch= 1 ,client update iteration= 120 ,loss= 1.8050336837768555
2021-07-04 13:08:50  client id= 1 ,round= 1 ,epoch= 1 ,client update iteration= 130 ,loss= 1.863776683807373
2021-07-04 13:08:52  client id= 1 ,round= 1 ,epoch= 1 ,client update iteration= 140 ,loss= 1.8290194272994995
2021-07-04 13:08:54  client id= 1 ,round= 1 ,epoch= 1 ,client update iteration= 150 ,loss= 1.9315779209136963
2021-07-04 13:08:55  client id= 1 ,round= 1 ,epoch= 1 ,client update iteration= 160 ,loss= 1.696567416191101
2021-07-04 13:08:57  client id= 1 ,round= 1 ,epoch= 1 ,client update iteration= 170 ,loss= 1.7215279340744019
2021-07-04 13:08:59  client id= 1 ,round= 1 ,epoch= 1 ,client update iteration= 180 ,loss= 1.6497470140457153
2021-07-04 13:09:01  client id= 1 ,round= 1 ,epoch= 1 ,client update iteration= 190 ,loss= 1.7106701135635376
2021-07-04 13:09:03  client id= 1 ,round= 1 ,epoch= 1 ,client update iteration= 200 ,loss= 1.5946651697158813
2021-07-04 13:09:05  client id= 1 ,round= 1 ,epoch= 1 ,client update iteration= 210 ,loss= 1.6331945657730103
2021-07-04 13:09:07  client id= 1 ,round= 1 ,epoch= 1 ,client update iteration= 220 ,loss= 1.5548802614212036
2021-07-04 13:09:09  client id= 1 ,round= 1 ,epoch= 1 ,client update iteration= 230 ,loss= 1.7508057355880737
2021-07-04 13:09:11  client id= 1 ,round= 1 ,epoch= 1 ,client update iteration= 240 ,loss= 1.4792094230651855
2021-07-04 13:09:13  client id= 1 ,round= 1 ,epoch= 1 ,client update iteration= 250 ,loss= 1.496078610420227
2021-07-04 13:09:15  client id= 1 ,round= 1 ,epoch= 1 ,client update iteration= 260 ,loss= 1.4674077033996582
2021-07-04 13:09:17  client id= 1 ,round= 1 ,epoch= 1 ,client update iteration= 270 ,loss= 1.5383273363113403
2021-07-04 13:09:19  client id= 1 ,round= 1 ,epoch= 1 ,client update iteration= 280 ,loss= 1.4452271461486816
2021-07-04 13:09:21  client id= 1 ,round= 1 ,epoch= 1 ,client update iteration= 290 ,loss= 1.6092853546142578
2021-07-04 13:09:23  client id= 1 ,round= 1 ,epoch= 1 ,client update iteration= 300 ,loss= 1.5614467859268188
2021-07-04 13:09:24  client id= 1 ,round= 1 ,epoch= 1 ,client update iteration= 310 ,loss= 1.4320387840270996
2021-07-04 13:09:26  client id= 1 ,round= 1 ,epoch= 1 ,client update iteration= 320 ,loss= 1.3568977117538452
2021-07-04 13:09:28  client id= 1 ,round= 1 ,epoch= 1 ,client update iteration= 330 ,loss= 1.3493881225585938
2021-07-04 13:09:30  client id= 1 ,round= 1 ,epoch= 1 ,client update iteration= 340 ,loss= 1.5613775253295898
2021-07-04 13:09:32  client id= 1 ,round= 1 ,epoch= 1 ,client update iteration= 350 ,loss= 1.4948153495788574
2021-07-04 13:09:34  client id= 1 ,round= 1 ,epoch= 1 ,client update iteration= 360 ,loss= 1.6412731409072876
2021-07-04 13:09:35  client id= 1 ,round= 1 ,epoch= 1 ,client update iteration= 370 ,loss= 1.3860259056091309
2021-07-04 13:09:37  client id= 1 ,round= 1 ,epoch= 1 ,client update iteration= 380 ,loss= 1.4318240880966187
2021-07-04 13:09:39  client id= 1 ,round= 1 ,epoch= 1 ,client update iteration= 390 ,loss= 1.4786466360092163
end_round_time 2021-07-04 13:09:39
start add noise 2021-07-04 13:09:39
layer= 0 ratio= 0.0625
layer= 1 ratio= 0.0625
layer= 2 ratio= 0.0625
layer= 3 ratio= 0.0625
layer= 4 ratio= 0.0625
layer= 5 ratio= 0.0625
layer= 6 ratio= 0.0625
layer= 7 ratio= 0.0625
layer= 8 ratio= 0.0625
layer= 9 ratio= 0.0625
layer= 10 ratio= 0.0625
layer= 11 ratio= 0.0625
layer= 12 ratio= 0.0625
layer= 13 ratio= 0.0625
layer= 14 ratio= 0.0625
layer= 15 ratio= 0.0625
layer= 0 ratio= 0.0625
layer= 1 ratio= 0.0625
layer= 2 ratio= 0.0625
layer= 3 ratio= 0.0625
layer= 4 ratio= 0.0625
layer= 5 ratio= 0.0625
layer= 6 ratio= 0.0625
layer= 7 ratio= 0.0625
layer= 8 ratio= 0.0625
layer= 9 ratio= 0.0625
layer= 10 ratio= 0.0625
layer= 11 ratio= 0.0625
layer= 12 ratio= 0.0625
layer= 13 ratio= 0.0625
layer= 14 ratio= 0.0625
layer= 15 ratio= 0.0625
end add noise time 2021-07-04 13:09:39
average train loss= 1.7131832203901638
2021-07-04 13:09:48,round 1,val Accuracy Top1: 18.090000 %
2021-07-04 13:09:48,round 1,val Accuracy Top5: 71.160000 %
start_round_time 2021-07-04 13:09:48
******client id  0 ******
client_update start
2021-07-04 13:09:50  client id= 0 ,round= 2 ,epoch= 1 ,client update iteration= 10 ,loss= 1.7267996072769165
2021-07-04 13:09:52  client id= 0 ,round= 2 ,epoch= 1 ,client update iteration= 20 ,loss= 1.7622690200805664
2021-07-04 13:09:54  client id= 0 ,round= 2 ,epoch= 1 ,client update iteration= 30 ,loss= 1.7788887023925781
2021-07-04 13:09:55  client id= 0 ,round= 2 ,epoch= 1 ,client update iteration= 40 ,loss= 1.677025318145752
2021-07-04 13:09:57  client id= 0 ,round= 2 ,epoch= 1 ,client update iteration= 50 ,loss= 1.881457805633545
2021-07-04 13:09:59  client id= 0 ,round= 2 ,epoch= 1 ,client update iteration= 60 ,loss= 1.4321157932281494
2021-07-04 13:10:01  client id= 0 ,round= 2 ,epoch= 1 ,client update iteration= 70 ,loss= 1.432846188545227
2021-07-04 13:10:03  client id= 0 ,round= 2 ,epoch= 1 ,client update iteration= 80 ,loss= 1.4207557439804077
2021-07-04 13:10:05  client id= 0 ,round= 2 ,epoch= 1 ,client update iteration= 90 ,loss= 1.286706566810608
2021-07-04 13:10:06  client id= 0 ,round= 2 ,epoch= 1 ,client update iteration= 100 ,loss= 1.459557056427002
2021-07-04 13:10:08  client id= 0 ,round= 2 ,epoch= 1 ,client update iteration= 110 ,loss= 1.23763906955719
2021-07-04 13:10:10  client id= 0 ,round= 2 ,epoch= 1 ,client update iteration= 120 ,loss= 1.2520941495895386
2021-07-04 13:10:12  client id= 0 ,round= 2 ,epoch= 1 ,client update iteration= 130 ,loss= 1.3585634231567383
2021-07-04 13:10:14  client id= 0 ,round= 2 ,epoch= 1 ,client update iteration= 140 ,loss= 1.5892316102981567
2021-07-04 13:10:16  client id= 0 ,round= 2 ,epoch= 1 ,client update iteration= 150 ,loss= 1.425013780593872
2021-07-04 13:10:18  client id= 0 ,round= 2 ,epoch= 1 ,client update iteration= 160 ,loss= 1.1069071292877197
2021-07-04 13:10:19  client id= 0 ,round= 2 ,epoch= 1 ,client update iteration= 170 ,loss= 1.2440063953399658
2021-07-04 13:10:21  client id= 0 ,round= 2 ,epoch= 1 ,client update iteration= 180 ,loss= 1.323944330215454
2021-07-04 13:10:23  client id= 0 ,round= 2 ,epoch= 1 ,client update iteration= 190 ,loss= 1.0571117401123047
2021-07-04 13:10:25  client id= 0 ,round= 2 ,epoch= 1 ,client update iteration= 200 ,loss= 1.5087846517562866
2021-07-04 13:10:27  client id= 0 ,round= 2 ,epoch= 1 ,client update iteration= 210 ,loss= 1.4704957008361816
2021-07-04 13:10:29  client id= 0 ,round= 2 ,epoch= 1 ,client update iteration= 220 ,loss= 1.3427737951278687
2021-07-04 13:10:31  client id= 0 ,round= 2 ,epoch= 1 ,client update iteration= 230 ,loss= 1.1045482158660889
2021-07-04 13:10:33  client id= 0 ,round= 2 ,epoch= 1 ,client update iteration= 240 ,loss= 1.0665264129638672
2021-07-04 13:10:35  client id= 0 ,round= 2 ,epoch= 1 ,client update iteration= 250 ,loss= 1.2565003633499146
2021-07-04 13:10:37  client id= 0 ,round= 2 ,epoch= 1 ,client update iteration= 260 ,loss= 1.37582266330719
2021-07-04 13:10:38  client id= 0 ,round= 2 ,epoch= 1 ,client update iteration= 270 ,loss= 1.0613518953323364
2021-07-04 13:10:40  client id= 0 ,round= 2 ,epoch= 1 ,client update iteration= 280 ,loss= 1.2148783206939697
2021-07-04 13:10:42  client id= 0 ,round= 2 ,epoch= 1 ,client update iteration= 290 ,loss= 1.0569469928741455
2021-07-04 13:10:44  client id= 0 ,round= 2 ,epoch= 1 ,client update iteration= 300 ,loss= 1.3857967853546143
2021-07-04 13:10:46  client id= 0 ,round= 2 ,epoch= 1 ,client update iteration= 310 ,loss= 1.5639770030975342
2021-07-04 13:10:48  client id= 0 ,round= 2 ,epoch= 1 ,client update iteration= 320 ,loss= 1.3093171119689941
2021-07-04 13:10:50  client id= 0 ,round= 2 ,epoch= 1 ,client update iteration= 330 ,loss= 1.2972298860549927
2021-07-04 13:10:52  client id= 0 ,round= 2 ,epoch= 1 ,client update iteration= 340 ,loss= 0.9420279860496521
2021-07-04 13:10:54  client id= 0 ,round= 2 ,epoch= 1 ,client update iteration= 350 ,loss= 1.2070393562316895
2021-07-04 13:10:55  client id= 0 ,round= 2 ,epoch= 1 ,client update iteration= 360 ,loss= 1.3573055267333984
2021-07-04 13:10:57  client id= 0 ,round= 2 ,epoch= 1 ,client update iteration= 370 ,loss= 1.354735016822815
2021-07-04 13:10:59  client id= 0 ,round= 2 ,epoch= 1 ,client update iteration= 380 ,loss= 1.38079035282135
2021-07-04 13:11:01  client id= 0 ,round= 2 ,epoch= 1 ,client update iteration= 390 ,loss= 1.0164358615875244
******client id  1 ******
client_update start
2021-07-04 13:11:03  client id= 1 ,round= 2 ,epoch= 1 ,client update iteration= 10 ,loss= 1.7195829153060913
2021-07-04 13:11:05  client id= 1 ,round= 2 ,epoch= 1 ,client update iteration= 20 ,loss= 1.7643048763275146
2021-07-04 13:11:07  client id= 1 ,round= 2 ,epoch= 1 ,client update iteration= 30 ,loss= 1.6047978401184082
2021-07-04 13:11:09  client id= 1 ,round= 2 ,epoch= 1 ,client update iteration= 40 ,loss= 1.5110708475112915
2021-07-04 13:11:11  client id= 1 ,round= 2 ,epoch= 1 ,client update iteration= 50 ,loss= 1.690294861793518
2021-07-04 13:11:12  client id= 1 ,round= 2 ,epoch= 1 ,client update iteration= 60 ,loss= 1.4392050504684448
2021-07-04 13:11:14  client id= 1 ,round= 2 ,epoch= 1 ,client update iteration= 70 ,loss= 1.539488434791565
2021-07-04 13:11:16  client id= 1 ,round= 2 ,epoch= 1 ,client update iteration= 80 ,loss= 1.760597825050354
2021-07-04 13:11:18  client id= 1 ,round= 2 ,epoch= 1 ,client update iteration= 90 ,loss= 1.6057138442993164
2021-07-04 13:11:20  client id= 1 ,round= 2 ,epoch= 1 ,client update iteration= 100 ,loss= 1.559959053993225
2021-07-04 13:11:22  client id= 1 ,round= 2 ,epoch= 1 ,client update iteration= 110 ,loss= 1.4625896215438843
2021-07-04 13:11:24  client id= 1 ,round= 2 ,epoch= 1 ,client update iteration= 120 ,loss= 1.224574327468872
2021-07-04 13:11:25  client id= 1 ,round= 2 ,epoch= 1 ,client update iteration= 130 ,loss= 1.2828316688537598
2021-07-04 13:11:27  client id= 1 ,round= 2 ,epoch= 1 ,client update iteration= 140 ,loss= 1.357391357421875
2021-07-04 13:11:29  client id= 1 ,round= 2 ,epoch= 1 ,client update iteration= 150 ,loss= 1.3872065544128418
2021-07-04 13:11:31  client id= 1 ,round= 2 ,epoch= 1 ,client update iteration= 160 ,loss= 1.3401614427566528
2021-07-04 13:11:33  client id= 1 ,round= 2 ,epoch= 1 ,client update iteration= 170 ,loss= 1.401442527770996
2021-07-04 13:11:35  client id= 1 ,round= 2 ,epoch= 1 ,client update iteration= 180 ,loss= 1.2474030256271362
2021-07-04 13:11:37  client id= 1 ,round= 2 ,epoch= 1 ,client update iteration= 190 ,loss= 1.2456049919128418
2021-07-04 13:11:38  client id= 1 ,round= 2 ,epoch= 1 ,client update iteration= 200 ,loss= 1.2669670581817627
2021-07-04 13:11:40  client id= 1 ,round= 2 ,epoch= 1 ,client update iteration= 210 ,loss= 1.2375330924987793
2021-07-04 13:11:42  client id= 1 ,round= 2 ,epoch= 1 ,client update iteration= 220 ,loss= 1.3006075620651245
2021-07-04 13:11:44  client id= 1 ,round= 2 ,epoch= 1 ,client update iteration= 230 ,loss= 1.1927111148834229
2021-07-04 13:11:46  client id= 1 ,round= 2 ,epoch= 1 ,client update iteration= 240 ,loss= 1.1093190908432007
2021-07-04 13:11:48  client id= 1 ,round= 2 ,epoch= 1 ,client update iteration= 250 ,loss= 1.126946210861206
2021-07-04 13:11:50  client id= 1 ,round= 2 ,epoch= 1 ,client update iteration= 260 ,loss= 1.312913179397583
2021-07-04 13:11:51  client id= 1 ,round= 2 ,epoch= 1 ,client update iteration= 270 ,loss= 1.1578900814056396
2021-07-04 13:11:53  client id= 1 ,round= 2 ,epoch= 1 ,client update iteration= 280 ,loss= 1.121256947517395
2021-07-04 13:11:55  client id= 1 ,round= 2 ,epoch= 1 ,client update iteration= 290 ,loss= 1.1060987710952759
2021-07-04 13:11:57  client id= 1 ,round= 2 ,epoch= 1 ,client update iteration= 300 ,loss= 1.120646595954895
2021-07-04 13:11:59  client id= 1 ,round= 2 ,epoch= 1 ,client update iteration= 310 ,loss= 1.5319862365722656
2021-07-04 13:12:01  client id= 1 ,round= 2 ,epoch= 1 ,client update iteration= 320 ,loss= 1.1086664199829102
2021-07-04 13:12:03  client id= 1 ,round= 2 ,epoch= 1 ,client update iteration= 330 ,loss= 1.1421042680740356
2021-07-04 13:12:04  client id= 1 ,round= 2 ,epoch= 1 ,client update iteration= 340 ,loss= 0.9928526878356934
2021-07-04 13:12:06  client id= 1 ,round= 2 ,epoch= 1 ,client update iteration= 350 ,loss= 1.1418218612670898
2021-07-04 13:12:08  client id= 1 ,round= 2 ,epoch= 1 ,client update iteration= 360 ,loss= 0.9843873977661133
2021-07-04 13:12:10  client id= 1 ,round= 2 ,epoch= 1 ,client update iteration= 370 ,loss= 1.3964208364486694
2021-07-04 13:12:12  client id= 1 ,round= 2 ,epoch= 1 ,client update iteration= 380 ,loss= 1.2232733964920044
2021-07-04 13:12:14  client id= 1 ,round= 2 ,epoch= 1 ,client update iteration= 390 ,loss= 0.9688812494277954
end_round_time 2021-07-04 13:12:14
start add noise 2021-07-04 13:12:14
layer= 0 ratio= 0.0625
layer= 1 ratio= 0.0625
layer= 2 ratio= 0.0625
layer= 3 ratio= 0.0625
layer= 4 ratio= 0.0625
layer= 5 ratio= 0.0625
layer= 6 ratio= 0.0625
layer= 7 ratio= 0.0625
layer= 8 ratio= 0.0625
layer= 9 ratio= 0.0625
layer= 10 ratio= 0.0625
layer= 11 ratio= 0.0625
layer= 12 ratio= 0.0625
layer= 13 ratio= 0.0625
layer= 14 ratio= 0.0625
layer= 15 ratio= 0.0625
layer= 0 ratio= 0.0625
layer= 1 ratio= 0.0625
layer= 2 ratio= 0.0625
layer= 3 ratio= 0.0625
layer= 4 ratio= 0.0625
layer= 5 ratio= 0.0625
layer= 6 ratio= 0.0625
layer= 7 ratio= 0.0625
layer= 8 ratio= 0.0625
layer= 9 ratio= 0.0625
layer= 10 ratio= 0.0625
layer= 11 ratio= 0.0625
layer= 12 ratio= 0.0625
layer= 13 ratio= 0.0625
layer= 14 ratio= 0.0625
layer= 15 ratio= 0.0625
end add noise time 2021-07-04 13:12:14
average train loss= 1.359107123387744
2021-07-04 13:12:23,round 2,val Accuracy Top1: 22.980000 %
2021-07-04 13:12:23,round 2,val Accuracy Top5: 80.030000 %
start_round_time 2021-07-04 13:12:23
******client id  0 ******
client_update start
2021-07-04 13:12:24  client id= 0 ,round= 3 ,epoch= 1 ,client update iteration= 10 ,loss= 2.1585912704467773
2021-07-04 13:12:26  client id= 0 ,round= 3 ,epoch= 1 ,client update iteration= 20 ,loss= 2.0189924240112305
2021-07-04 13:12:28  client id= 0 ,round= 3 ,epoch= 1 ,client update iteration= 30 ,loss= 1.827001929283142
2021-07-04 13:12:30  client id= 0 ,round= 3 ,epoch= 1 ,client update iteration= 40 ,loss= 1.8712202310562134
2021-07-04 13:12:32  client id= 0 ,round= 3 ,epoch= 1 ,client update iteration= 50 ,loss= 1.7977445125579834
2021-07-04 13:12:34  client id= 0 ,round= 3 ,epoch= 1 ,client update iteration= 60 ,loss= 1.6044813394546509
2021-07-04 13:12:36  client id= 0 ,round= 3 ,epoch= 1 ,client update iteration= 70 ,loss= 1.5769541263580322
2021-07-04 13:12:37  client id= 0 ,round= 3 ,epoch= 1 ,client update iteration= 80 ,loss= 1.2756969928741455
2021-07-04 13:12:39  client id= 0 ,round= 3 ,epoch= 1 ,client update iteration= 90 ,loss= 1.4866905212402344
2021-07-04 13:12:41  client id= 0 ,round= 3 ,epoch= 1 ,client update iteration= 100 ,loss= 1.4623448848724365
2021-07-04 13:12:43  client id= 0 ,round= 3 ,epoch= 1 ,client update iteration= 110 ,loss= 1.58351469039917
2021-07-04 13:12:45  client id= 0 ,round= 3 ,epoch= 1 ,client update iteration= 120 ,loss= 1.56602144241333
2021-07-04 13:12:47  client id= 0 ,round= 3 ,epoch= 1 ,client update iteration= 130 ,loss= 1.3216396570205688
2021-07-04 13:12:49  client id= 0 ,round= 3 ,epoch= 1 ,client update iteration= 140 ,loss= 1.3124428987503052
2021-07-04 13:12:51  client id= 0 ,round= 3 ,epoch= 1 ,client update iteration= 150 ,loss= 1.4723163843154907
2021-07-04 13:12:53  client id= 0 ,round= 3 ,epoch= 1 ,client update iteration= 160 ,loss= 1.3809632062911987
2021-07-04 13:12:55  client id= 0 ,round= 3 ,epoch= 1 ,client update iteration= 170 ,loss= 1.060875654220581
2021-07-04 13:12:57  client id= 0 ,round= 3 ,epoch= 1 ,client update iteration= 180 ,loss= 1.5018048286437988
2021-07-04 13:12:59  client id= 0 ,round= 3 ,epoch= 1 ,client update iteration= 190 ,loss= 1.3158371448516846
2021-07-04 13:13:01  client id= 0 ,round= 3 ,epoch= 1 ,client update iteration= 200 ,loss= 1.1516571044921875
2021-07-04 13:13:02  client id= 0 ,round= 3 ,epoch= 1 ,client update iteration= 210 ,loss= 1.252701759338379
2021-07-04 13:13:04  client id= 0 ,round= 3 ,epoch= 1 ,client update iteration= 220 ,loss= 1.503050446510315
2021-07-04 13:13:06  client id= 0 ,round= 3 ,epoch= 1 ,client update iteration= 230 ,loss= 1.2740169763565063
2021-07-04 13:13:08  client id= 0 ,round= 3 ,epoch= 1 ,client update iteration= 240 ,loss= 1.2578215599060059
2021-07-04 13:13:10  client id= 0 ,round= 3 ,epoch= 1 ,client update iteration= 250 ,loss= 1.3732658624649048
2021-07-04 13:13:12  client id= 0 ,round= 3 ,epoch= 1 ,client update iteration= 260 ,loss= 1.1345007419586182
2021-07-04 13:13:14  client id= 0 ,round= 3 ,epoch= 1 ,client update iteration= 270 ,loss= 1.4584134817123413
2021-07-04 13:13:15  client id= 0 ,round= 3 ,epoch= 1 ,client update iteration= 280 ,loss= 1.3036301136016846
2021-07-04 13:13:17  client id= 0 ,round= 3 ,epoch= 1 ,client update iteration= 290 ,loss= 1.2668101787567139
2021-07-04 13:13:19  client id= 0 ,round= 3 ,epoch= 1 ,client update iteration= 300 ,loss= 0.9447883367538452
2021-07-04 13:13:21  client id= 0 ,round= 3 ,epoch= 1 ,client update iteration= 310 ,loss= 1.2939667701721191
2021-07-04 13:13:23  client id= 0 ,round= 3 ,epoch= 1 ,client update iteration= 320 ,loss= 1.3270210027694702
2021-07-04 13:13:25  client id= 0 ,round= 3 ,epoch= 1 ,client update iteration= 330 ,loss= 1.2520837783813477
2021-07-04 13:13:27  client id= 0 ,round= 3 ,epoch= 1 ,client update iteration= 340 ,loss= 1.0374650955200195
2021-07-04 13:13:28  client id= 0 ,round= 3 ,epoch= 1 ,client update iteration= 350 ,loss= 1.252792477607727
2021-07-04 13:13:30  client id= 0 ,round= 3 ,epoch= 1 ,client update iteration= 360 ,loss= 1.3065900802612305
2021-07-04 13:13:32  client id= 0 ,round= 3 ,epoch= 1 ,client update iteration= 370 ,loss= 1.2816323041915894
2021-07-04 13:13:34  client id= 0 ,round= 3 ,epoch= 1 ,client update iteration= 380 ,loss= 1.2347451448440552
2021-07-04 13:13:36  client id= 0 ,round= 3 ,epoch= 1 ,client update iteration= 390 ,loss= 1.0744425058364868
******client id  1 ******
client_update start
2021-07-04 13:13:38  client id= 1 ,round= 3 ,epoch= 1 ,client update iteration= 10 ,loss= 2.324814796447754
2021-07-04 13:13:40  client id= 1 ,round= 3 ,epoch= 1 ,client update iteration= 20 ,loss= 2.2434237003326416
2021-07-04 13:13:42  client id= 1 ,round= 3 ,epoch= 1 ,client update iteration= 30 ,loss= 2.0803868770599365
2021-07-04 13:13:43  client id= 1 ,round= 3 ,epoch= 1 ,client update iteration= 40 ,loss= 1.8882908821105957
2021-07-04 13:13:45  client id= 1 ,round= 3 ,epoch= 1 ,client update iteration= 50 ,loss= 1.7690160274505615
2021-07-04 13:13:47  client id= 1 ,round= 3 ,epoch= 1 ,client update iteration= 60 ,loss= 1.639832854270935
2021-07-04 13:13:49  client id= 1 ,round= 3 ,epoch= 1 ,client update iteration= 70 ,loss= 1.7764761447906494
2021-07-04 13:13:51  client id= 1 ,round= 3 ,epoch= 1 ,client update iteration= 80 ,loss= 1.676533579826355
2021-07-04 13:13:53  client id= 1 ,round= 3 ,epoch= 1 ,client update iteration= 90 ,loss= 1.6437698602676392
2021-07-04 13:13:55  client id= 1 ,round= 3 ,epoch= 1 ,client update iteration= 100 ,loss= 1.4562493562698364
2021-07-04 13:13:57  client id= 1 ,round= 3 ,epoch= 1 ,client update iteration= 110 ,loss= 1.5270969867706299
2021-07-04 13:13:58  client id= 1 ,round= 3 ,epoch= 1 ,client update iteration= 120 ,loss= 1.5823256969451904
2021-07-04 13:14:00  client id= 1 ,round= 3 ,epoch= 1 ,client update iteration= 130 ,loss= 1.4283301830291748
2021-07-04 13:14:02  client id= 1 ,round= 3 ,epoch= 1 ,client update iteration= 140 ,loss= 1.3014564514160156
2021-07-04 13:14:04  client id= 1 ,round= 3 ,epoch= 1 ,client update iteration= 150 ,loss= 1.2554644346237183
2021-07-04 13:14:06  client id= 1 ,round= 3 ,epoch= 1 ,client update iteration= 160 ,loss= 1.706748366355896
2021-07-04 13:14:08  client id= 1 ,round= 3 ,epoch= 1 ,client update iteration= 170 ,loss= 1.3483188152313232
2021-07-04 13:14:10  client id= 1 ,round= 3 ,epoch= 1 ,client update iteration= 180 ,loss= 1.3101844787597656
2021-07-04 13:14:11  client id= 1 ,round= 3 ,epoch= 1 ,client update iteration= 190 ,loss= 1.2559980154037476
2021-07-04 13:14:13  client id= 1 ,round= 3 ,epoch= 1 ,client update iteration= 200 ,loss= 1.300266981124878
2021-07-04 13:14:15  client id= 1 ,round= 3 ,epoch= 1 ,client update iteration= 210 ,loss= 1.4604732990264893
2021-07-04 13:14:17  client id= 1 ,round= 3 ,epoch= 1 ,client update iteration= 220 ,loss= 1.369998812675476
2021-07-04 13:14:19  client id= 1 ,round= 3 ,epoch= 1 ,client update iteration= 230 ,loss= 1.5405690670013428
2021-07-04 13:14:21  client id= 1 ,round= 3 ,epoch= 1 ,client update iteration= 240 ,loss= 1.3879783153533936
2021-07-04 13:14:23  client id= 1 ,round= 3 ,epoch= 1 ,client update iteration= 250 ,loss= 1.6039695739746094
2021-07-04 13:14:25  client id= 1 ,round= 3 ,epoch= 1 ,client update iteration= 260 ,loss= 1.216328740119934
2021-07-04 13:14:27  client id= 1 ,round= 3 ,epoch= 1 ,client update iteration= 270 ,loss= 1.1853597164154053
2021-07-04 13:14:29  client id= 1 ,round= 3 ,epoch= 1 ,client update iteration= 280 ,loss= 1.5436097383499146
2021-07-04 13:14:31  client id= 1 ,round= 3 ,epoch= 1 ,client update iteration= 290 ,loss= 1.2860236167907715
2021-07-04 13:14:33  client id= 1 ,round= 3 ,epoch= 1 ,client update iteration= 300 ,loss= 1.20828115940094
2021-07-04 13:14:35  client id= 1 ,round= 3 ,epoch= 1 ,client update iteration= 310 ,loss= 1.1980468034744263
2021-07-04 13:14:37  client id= 1 ,round= 3 ,epoch= 1 ,client update iteration= 320 ,loss= 1.4068526029586792
2021-07-04 13:14:39  client id= 1 ,round= 3 ,epoch= 1 ,client update iteration= 330 ,loss= 1.1063302755355835
2021-07-04 13:14:41  client id= 1 ,round= 3 ,epoch= 1 ,client update iteration= 340 ,loss= 0.9014135003089905
2021-07-04 13:14:43  client id= 1 ,round= 3 ,epoch= 1 ,client update iteration= 350 ,loss= 1.186991572380066
2021-07-04 13:14:44  client id= 1 ,round= 3 ,epoch= 1 ,client update iteration= 360 ,loss= 1.2008472681045532
2021-07-04 13:14:46  client id= 1 ,round= 3 ,epoch= 1 ,client update iteration= 370 ,loss= 1.4869823455810547
2021-07-04 13:14:48  client id= 1 ,round= 3 ,epoch= 1 ,client update iteration= 380 ,loss= 1.238014817237854
2021-07-04 13:14:50  client id= 1 ,round= 3 ,epoch= 1 ,client update iteration= 390 ,loss= 1.3161821365356445
end_round_time 2021-07-04 13:14:50
start add noise 2021-07-04 13:14:50
layer= 0 ratio= 0.0625
layer= 1 ratio= 0.0625
layer= 2 ratio= 0.0625
layer= 3 ratio= 0.0625
layer= 4 ratio= 0.0625
layer= 5 ratio= 0.0625
layer= 6 ratio= 0.0625
layer= 7 ratio= 0.0625
layer= 8 ratio= 0.0625
layer= 9 ratio= 0.0625
layer= 10 ratio= 0.0625
layer= 11 ratio= 0.0625
layer= 12 ratio= 0.0625
layer= 13 ratio= 0.0625
layer= 14 ratio= 0.0625
layer= 15 ratio= 0.0625
layer= 0 ratio= 0.0625
layer= 1 ratio= 0.0625
layer= 2 ratio= 0.0625
layer= 3 ratio= 0.0625
layer= 4 ratio= 0.0625
layer= 5 ratio= 0.0625
layer= 6 ratio= 0.0625
layer= 7 ratio= 0.0625
layer= 8 ratio= 0.0625
layer= 9 ratio= 0.0625
layer= 10 ratio= 0.0625
layer= 11 ratio= 0.0625
layer= 12 ratio= 0.0625
layer= 13 ratio= 0.0625
layer= 14 ratio= 0.0625
layer= 15 ratio= 0.0625
end add noise time 2021-07-04 13:14:50
average train loss= 1.4666420121479522
2021-07-04 13:14:59,round 3,val Accuracy Top1: 10.610000 %
2021-07-04 13:14:59,round 3,val Accuracy Top5: 52.650000 %
start_round_time 2021-07-04 13:14:59
******client id  0 ******
client_update start
2021-07-04 13:15:01  client id= 0 ,round= 4 ,epoch= 1 ,client update iteration= 10 ,loss= 3.0200977325439453
2021-07-04 13:15:03  client id= 0 ,round= 4 ,epoch= 1 ,client update iteration= 20 ,loss= 2.3007285594940186
2021-07-04 13:15:05  client id= 0 ,round= 4 ,epoch= 1 ,client update iteration= 30 ,loss= 2.3581888675689697
2021-07-04 13:15:06  client id= 0 ,round= 4 ,epoch= 1 ,client update iteration= 40 ,loss= 2.320977210998535
2021-07-04 13:15:08  client id= 0 ,round= 4 ,epoch= 1 ,client update iteration= 50 ,loss= 2.406134843826294
2021-07-04 13:15:10  client id= 0 ,round= 4 ,epoch= 1 ,client update iteration= 60 ,loss= 2.3077359199523926
2021-07-04 13:15:12  client id= 0 ,round= 4 ,epoch= 1 ,client update iteration= 70 ,loss= 2.325363874435425
2021-07-04 13:15:14  client id= 0 ,round= 4 ,epoch= 1 ,client update iteration= 80 ,loss= 2.3323259353637695
2021-07-04 13:15:16  client id= 0 ,round= 4 ,epoch= 1 ,client update iteration= 90 ,loss= 2.327086925506592
2021-07-04 13:15:18  client id= 0 ,round= 4 ,epoch= 1 ,client update iteration= 100 ,loss= 2.3587844371795654
2021-07-04 13:15:19  client id= 0 ,round= 4 ,epoch= 1 ,client update iteration= 110 ,loss= 2.356365442276001
2021-07-04 13:15:21  client id= 0 ,round= 4 ,epoch= 1 ,client update iteration= 120 ,loss= 2.3263580799102783
2021-07-04 13:15:23  client id= 0 ,round= 4 ,epoch= 1 ,client update iteration= 130 ,loss= 2.342884063720703
2021-07-04 13:15:25  client id= 0 ,round= 4 ,epoch= 1 ,client update iteration= 140 ,loss= 2.286245584487915
2021-07-04 13:15:27  client id= 0 ,round= 4 ,epoch= 1 ,client update iteration= 150 ,loss= 2.3299503326416016
2021-07-04 13:15:29  client id= 0 ,round= 4 ,epoch= 1 ,client update iteration= 160 ,loss= 2.321260929107666
2021-07-04 13:15:31  client id= 0 ,round= 4 ,epoch= 1 ,client update iteration= 170 ,loss= 2.325164556503296
2021-07-04 13:15:32  client id= 0 ,round= 4 ,epoch= 1 ,client update iteration= 180 ,loss= 2.308928966522217
2021-07-04 13:15:34  client id= 0 ,round= 4 ,epoch= 1 ,client update iteration= 190 ,loss= 2.32716703414917
2021-07-04 13:15:36  client id= 0 ,round= 4 ,epoch= 1 ,client update iteration= 200 ,loss= 2.3355822563171387
2021-07-04 13:15:38  client id= 0 ,round= 4 ,epoch= 1 ,client update iteration= 210 ,loss= 2.2960448265075684
2021-07-04 13:15:40  client id= 0 ,round= 4 ,epoch= 1 ,client update iteration= 220 ,loss= 2.3386456966400146
2021-07-04 13:15:42  client id= 0 ,round= 4 ,epoch= 1 ,client update iteration= 230 ,loss= 2.3456671237945557
2021-07-04 13:15:44  client id= 0 ,round= 4 ,epoch= 1 ,client update iteration= 240 ,loss= 2.3093373775482178
2021-07-04 13:15:45  client id= 0 ,round= 4 ,epoch= 1 ,client update iteration= 250 ,loss= 2.313767433166504
2021-07-04 13:15:47  client id= 0 ,round= 4 ,epoch= 1 ,client update iteration= 260 ,loss= 2.3360774517059326
2021-07-04 13:15:49  client id= 0 ,round= 4 ,epoch= 1 ,client update iteration= 270 ,loss= 2.328518867492676
2021-07-04 13:15:51  client id= 0 ,round= 4 ,epoch= 1 ,client update iteration= 280 ,loss= 2.2772388458251953
2021-07-04 13:15:53  client id= 0 ,round= 4 ,epoch= 1 ,client update iteration= 290 ,loss= 2.2961008548736572
2021-07-04 13:15:55  client id= 0 ,round= 4 ,epoch= 1 ,client update iteration= 300 ,loss= 2.3231210708618164
2021-07-04 13:15:56  client id= 0 ,round= 4 ,epoch= 1 ,client update iteration= 310 ,loss= 2.2939212322235107
2021-07-04 13:15:58  client id= 0 ,round= 4 ,epoch= 1 ,client update iteration= 320 ,loss= 2.329798698425293
2021-07-04 13:16:00  client id= 0 ,round= 4 ,epoch= 1 ,client update iteration= 330 ,loss= 2.329803466796875
2021-07-04 13:16:02  client id= 0 ,round= 4 ,epoch= 1 ,client update iteration= 340 ,loss= 2.3062989711761475
2021-07-04 13:16:04  client id= 0 ,round= 4 ,epoch= 1 ,client update iteration= 350 ,loss= 2.285771369934082
2021-07-04 13:16:06  client id= 0 ,round= 4 ,epoch= 1 ,client update iteration= 360 ,loss= 2.334033966064453
2021-07-04 13:16:08  client id= 0 ,round= 4 ,epoch= 1 ,client update iteration= 370 ,loss= 2.3178582191467285
2021-07-04 13:16:09  client id= 0 ,round= 4 ,epoch= 1 ,client update iteration= 380 ,loss= 2.295426368713379
2021-07-04 13:16:11  client id= 0 ,round= 4 ,epoch= 1 ,client update iteration= 390 ,loss= 2.3340365886688232
******client id  1 ******
client_update start
2021-07-04 13:16:13  client id= 1 ,round= 4 ,epoch= 1 ,client update iteration= 10 ,loss= 2.3131637573242188
2021-07-04 13:16:15  client id= 1 ,round= 4 ,epoch= 1 ,client update iteration= 20 ,loss= 2.366401433944702
2021-07-04 13:16:17  client id= 1 ,round= 4 ,epoch= 1 ,client update iteration= 30 ,loss= 2.320023775100708
2021-07-04 13:16:19  client id= 1 ,round= 4 ,epoch= 1 ,client update iteration= 40 ,loss= 38.03436279296875
2021-07-04 13:16:21  client id= 1 ,round= 4 ,epoch= 1 ,client update iteration= 50 ,loss= 2.3945553302764893
2021-07-04 13:16:23  client id= 1 ,round= 4 ,epoch= 1 ,client update iteration= 60 ,loss= 2.3253960609436035
2021-07-04 13:16:24  client id= 1 ,round= 4 ,epoch= 1 ,client update iteration= 70 ,loss= 2.2971293926239014
2021-07-04 13:16:26  client id= 1 ,round= 4 ,epoch= 1 ,client update iteration= 80 ,loss= 2.287436008453369
2021-07-04 13:16:28  client id= 1 ,round= 4 ,epoch= 1 ,client update iteration= 90 ,loss= 2.2634117603302
2021-07-04 13:16:30  client id= 1 ,round= 4 ,epoch= 1 ,client update iteration= 100 ,loss= 2.2905380725860596
2021-07-04 13:16:32  client id= 1 ,round= 4 ,epoch= 1 ,client update iteration= 110 ,loss= 2.299616575241089
2021-07-04 13:16:34  client id= 1 ,round= 4 ,epoch= 1 ,client update iteration= 120 ,loss= 2.274904489517212
2021-07-04 13:16:36  client id= 1 ,round= 4 ,epoch= 1 ,client update iteration= 130 ,loss= 2.305497169494629
2021-07-04 13:16:38  client id= 1 ,round= 4 ,epoch= 1 ,client update iteration= 140 ,loss= 2.3017096519470215
2021-07-04 13:16:40  client id= 1 ,round= 4 ,epoch= 1 ,client update iteration= 150 ,loss= 2.2729642391204834
2021-07-04 13:16:42  client id= 1 ,round= 4 ,epoch= 1 ,client update iteration= 160 ,loss= 2.322902202606201
2021-07-04 13:16:43  client id= 1 ,round= 4 ,epoch= 1 ,client update iteration= 170 ,loss= 2.290921449661255
2021-07-04 13:16:45  client id= 1 ,round= 4 ,epoch= 1 ,client update iteration= 180 ,loss= 2.306532382965088
2021-07-04 13:16:47  client id= 1 ,round= 4 ,epoch= 1 ,client update iteration= 190 ,loss= 2.313561201095581
2021-07-04 13:16:49  client id= 1 ,round= 4 ,epoch= 1 ,client update iteration= 200 ,loss= 2.3171679973602295
2021-07-04 13:16:51  client id= 1 ,round= 4 ,epoch= 1 ,client update iteration= 210 ,loss= 2.296766519546509
2021-07-04 13:16:53  client id= 1 ,round= 4 ,epoch= 1 ,client update iteration= 220 ,loss= 2.3248162269592285
2021-07-04 13:16:55  client id= 1 ,round= 4 ,epoch= 1 ,client update iteration= 230 ,loss= 2.3231728076934814
2021-07-04 13:16:57  client id= 1 ,round= 4 ,epoch= 1 ,client update iteration= 240 ,loss= 2.332174062728882
2021-07-04 13:16:59  client id= 1 ,round= 4 ,epoch= 1 ,client update iteration= 250 ,loss= 2.305201292037964
2021-07-04 13:17:01  client id= 1 ,round= 4 ,epoch= 1 ,client update iteration= 260 ,loss= 2.3064262866973877
2021-07-04 13:17:03  client id= 1 ,round= 4 ,epoch= 1 ,client update iteration= 270 ,loss= 2.3161134719848633
2021-07-04 13:17:05  client id= 1 ,round= 4 ,epoch= 1 ,client update iteration= 280 ,loss= 2.295941114425659
2021-07-04 13:17:07  client id= 1 ,round= 4 ,epoch= 1 ,client update iteration= 290 ,loss= 2.316545248031616
2021-07-04 13:17:08  client id= 1 ,round= 4 ,epoch= 1 ,client update iteration= 300 ,loss= 2.3235063552856445
2021-07-04 13:17:10  client id= 1 ,round= 4 ,epoch= 1 ,client update iteration= 310 ,loss= 2.2902987003326416
2021-07-04 13:17:12  client id= 1 ,round= 4 ,epoch= 1 ,client update iteration= 320 ,loss= 2.3025686740875244
2021-07-04 13:17:14  client id= 1 ,round= 4 ,epoch= 1 ,client update iteration= 330 ,loss= 2.2955386638641357
2021-07-04 13:17:16  client id= 1 ,round= 4 ,epoch= 1 ,client update iteration= 340 ,loss= 2.30633807182312
2021-07-04 13:17:18  client id= 1 ,round= 4 ,epoch= 1 ,client update iteration= 350 ,loss= 2.3136088848114014
2021-07-04 13:17:20  client id= 1 ,round= 4 ,epoch= 1 ,client update iteration= 360 ,loss= 2.2988040447235107
2021-07-04 13:17:21  client id= 1 ,round= 4 ,epoch= 1 ,client update iteration= 370 ,loss= 2.315960645675659
2021-07-04 13:17:23  client id= 1 ,round= 4 ,epoch= 1 ,client update iteration= 380 ,loss= 2.309860944747925
2021-07-04 13:17:25  client id= 1 ,round= 4 ,epoch= 1 ,client update iteration= 390 ,loss= 2.290381669998169
end_round_time 2021-07-04 13:17:25
start add noise 2021-07-04 13:17:25
layer= 0 ratio= 0.0625
layer= 1 ratio= 0.0625
layer= 2 ratio= 0.0625
layer= 3 ratio= 0.0625
layer= 4 ratio= 0.0625
layer= 5 ratio= 0.0625
layer= 6 ratio= 0.0625
layer= 7 ratio= 0.0625
layer= 8 ratio= 0.0625
layer= 9 ratio= 0.0625
layer= 10 ratio= 0.0625
layer= 11 ratio= 0.0625
layer= 12 ratio= 0.0625
layer= 13 ratio= 0.0625
layer= 14 ratio= 0.0625
layer= 15 ratio= 0.0625
layer= 0 ratio= 0.0625
layer= 1 ratio= 0.0625
layer= 2 ratio= 0.0625
layer= 3 ratio= 0.0625
layer= 4 ratio= 0.0625
layer= 5 ratio= 0.0625
layer= 6 ratio= 0.0625
layer= 7 ratio= 0.0625
layer= 8 ratio= 0.0625
layer= 9 ratio= 0.0625
layer= 10 ratio= 0.0625
layer= 11 ratio= 0.0625
layer= 12 ratio= 0.0625
layer= 13 ratio= 0.0625
layer= 14 ratio= 0.0625
layer= 15 ratio= 0.0625
end add noise time 2021-07-04 13:17:25
average train loss= 2.4598281877425014
2021-07-04 13:17:34,round 4,val Accuracy Top1: 10.170000 %
2021-07-04 13:17:34,round 4,val Accuracy Top5: 50.710000 %
start_round_time 2021-07-04 13:17:34
******client id  0 ******
client_update start
2021-07-04 13:17:36  client id= 0 ,round= 5 ,epoch= 1 ,client update iteration= 10 ,loss= 2.6890645027160645
2021-07-04 13:17:38  client id= 0 ,round= 5 ,epoch= 1 ,client update iteration= 20 ,loss= 2.4435157775878906
2021-07-04 13:17:40  client id= 0 ,round= 5 ,epoch= 1 ,client update iteration= 30 ,loss= 2.318138837814331
2021-07-04 13:17:42  client id= 0 ,round= 5 ,epoch= 1 ,client update iteration= 40 ,loss= 2.4067585468292236
2021-07-04 13:17:43  client id= 0 ,round= 5 ,epoch= 1 ,client update iteration= 50 ,loss= 2.3516645431518555
2021-07-04 13:17:45  client id= 0 ,round= 5 ,epoch= 1 ,client update iteration= 60 ,loss= 2.290099620819092
2021-07-04 13:17:47  client id= 0 ,round= 5 ,epoch= 1 ,client update iteration= 70 ,loss= 2.2983651161193848
2021-07-04 13:17:49  client id= 0 ,round= 5 ,epoch= 1 ,client update iteration= 80 ,loss= 2.313779592514038
2021-07-04 13:17:51  client id= 0 ,round= 5 ,epoch= 1 ,client update iteration= 90 ,loss= 2.2892465591430664
2021-07-04 13:17:53  client id= 0 ,round= 5 ,epoch= 1 ,client update iteration= 100 ,loss= 2.3144922256469727
2021-07-04 13:17:55  client id= 0 ,round= 5 ,epoch= 1 ,client update iteration= 110 ,loss= 2.2984392642974854
2021-07-04 13:17:56  client id= 0 ,round= 5 ,epoch= 1 ,client update iteration= 120 ,loss= 2.3035638332366943
2021-07-04 13:17:58  client id= 0 ,round= 5 ,epoch= 1 ,client update iteration= 130 ,loss= 2.308540105819702
2021-07-04 13:18:00  client id= 0 ,round= 5 ,epoch= 1 ,client update iteration= 140 ,loss= 2.3052263259887695
2021-07-04 13:18:02  client id= 0 ,round= 5 ,epoch= 1 ,client update iteration= 150 ,loss= 2.301307201385498
2021-07-04 13:18:04  client id= 0 ,round= 5 ,epoch= 1 ,client update iteration= 160 ,loss= 2.303260326385498
2021-07-04 13:18:06  client id= 0 ,round= 5 ,epoch= 1 ,client update iteration= 170 ,loss= 2.3048949241638184
2021-07-04 13:18:08  client id= 0 ,round= 5 ,epoch= 1 ,client update iteration= 180 ,loss= 2.3013083934783936
2021-07-04 13:18:09  client id= 0 ,round= 5 ,epoch= 1 ,client update iteration= 190 ,loss= 2.304295778274536
2021-07-04 13:18:11  client id= 0 ,round= 5 ,epoch= 1 ,client update iteration= 200 ,loss= 2.3043506145477295
2021-07-04 13:18:13  client id= 0 ,round= 5 ,epoch= 1 ,client update iteration= 210 ,loss= 2.3056068420410156
2021-07-04 13:18:15  client id= 0 ,round= 5 ,epoch= 1 ,client update iteration= 220 ,loss= 2.2999184131622314
2021-07-04 13:18:17  client id= 0 ,round= 5 ,epoch= 1 ,client update iteration= 230 ,loss= 2.3079347610473633
2021-07-04 13:18:19  client id= 0 ,round= 5 ,epoch= 1 ,client update iteration= 240 ,loss= 2.3023431301116943
2021-07-04 13:18:21  client id= 0 ,round= 5 ,epoch= 1 ,client update iteration= 250 ,loss= 2.3032097816467285
2021-07-04 13:18:22  client id= 0 ,round= 5 ,epoch= 1 ,client update iteration= 260 ,loss= 2.309598684310913
2021-07-04 13:18:24  client id= 0 ,round= 5 ,epoch= 1 ,client update iteration= 270 ,loss= 2.300905227661133
2021-07-04 13:18:26  client id= 0 ,round= 5 ,epoch= 1 ,client update iteration= 280 ,loss= 2.3088505268096924
2021-07-04 13:18:28  client id= 0 ,round= 5 ,epoch= 1 ,client update iteration= 290 ,loss= 2.3035004138946533
2021-07-04 13:18:30  client id= 0 ,round= 5 ,epoch= 1 ,client update iteration= 300 ,loss= 2.3040549755096436
2021-07-04 13:18:32  client id= 0 ,round= 5 ,epoch= 1 ,client update iteration= 310 ,loss= 2.3044509887695312
2021-07-04 13:18:34  client id= 0 ,round= 5 ,epoch= 1 ,client update iteration= 320 ,loss= 2.304734706878662
2021-07-04 13:18:35  client id= 0 ,round= 5 ,epoch= 1 ,client update iteration= 330 ,loss= 2.2933263778686523
2021-07-04 13:18:37  client id= 0 ,round= 5 ,epoch= 1 ,client update iteration= 340 ,loss= 2.287881374359131
2021-07-04 13:18:39  client id= 0 ,round= 5 ,epoch= 1 ,client update iteration= 350 ,loss= 2.3347561359405518
2021-07-04 13:18:41  client id= 0 ,round= 5 ,epoch= 1 ,client update iteration= 360 ,loss= 2.2987935543060303
2021-07-04 13:18:43  client id= 0 ,round= 5 ,epoch= 1 ,client update iteration= 370 ,loss= 2.3119311332702637
2021-07-04 13:18:45  client id= 0 ,round= 5 ,epoch= 1 ,client update iteration= 380 ,loss= 2.310816764831543
2021-07-04 13:18:47  client id= 0 ,round= 5 ,epoch= 1 ,client update iteration= 390 ,loss= 2.3016064167022705
******client id  1 ******
client_update start
2021-07-04 13:18:49  client id= 1 ,round= 5 ,epoch= 1 ,client update iteration= 10 ,loss= 2.9832775592803955
2021-07-04 13:18:51  client id= 1 ,round= 5 ,epoch= 1 ,client update iteration= 20 ,loss= 3.321822166442871
2021-07-04 13:18:53  client id= 1 ,round= 5 ,epoch= 1 ,client update iteration= 30 ,loss= 2.416139841079712
2021-07-04 13:18:55  client id= 1 ,round= 5 ,epoch= 1 ,client update iteration= 40 ,loss= 2.343259334564209
2021-07-04 13:18:57  client id= 1 ,round= 5 ,epoch= 1 ,client update iteration= 50 ,loss= 2.301532506942749
2021-07-04 13:18:59  client id= 1 ,round= 5 ,epoch= 1 ,client update iteration= 60 ,loss= 2.2959401607513428
2021-07-04 13:19:01  client id= 1 ,round= 5 ,epoch= 1 ,client update iteration= 70 ,loss= 2.3124806880950928
2021-07-04 13:19:03  client id= 1 ,round= 5 ,epoch= 1 ,client update iteration= 80 ,loss= 2.304635524749756
2021-07-04 13:19:04  client id= 1 ,round= 5 ,epoch= 1 ,client update iteration= 90 ,loss= 2.297400712966919
2021-07-04 13:19:06  client id= 1 ,round= 5 ,epoch= 1 ,client update iteration= 100 ,loss= 2.308626651763916
2021-07-04 13:19:08  client id= 1 ,round= 5 ,epoch= 1 ,client update iteration= 110 ,loss= 2.300508737564087
2021-07-04 13:19:10  client id= 1 ,round= 5 ,epoch= 1 ,client update iteration= 120 ,loss= 2.302556037902832
2021-07-04 13:19:12  client id= 1 ,round= 5 ,epoch= 1 ,client update iteration= 130 ,loss= 2.308603286743164
2021-07-04 13:19:14  client id= 1 ,round= 5 ,epoch= 1 ,client update iteration= 140 ,loss= 2.3067357540130615
2021-07-04 13:19:16  client id= 1 ,round= 5 ,epoch= 1 ,client update iteration= 150 ,loss= 2.3073465824127197
2021-07-04 13:19:18  client id= 1 ,round= 5 ,epoch= 1 ,client update iteration= 160 ,loss= 2.3035624027252197
2021-07-04 13:19:19  client id= 1 ,round= 5 ,epoch= 1 ,client update iteration= 170 ,loss= 2.303673028945923
2021-07-04 13:19:21  client id= 1 ,round= 5 ,epoch= 1 ,client update iteration= 180 ,loss= 2.3083701133728027
2021-07-04 13:19:23  client id= 1 ,round= 5 ,epoch= 1 ,client update iteration= 190 ,loss= 2.305230140686035
2021-07-04 13:19:25  client id= 1 ,round= 5 ,epoch= 1 ,client update iteration= 200 ,loss= 2.296149730682373
2021-07-04 13:19:27  client id= 1 ,round= 5 ,epoch= 1 ,client update iteration= 210 ,loss= 2.3006081581115723
2021-07-04 13:19:29  client id= 1 ,round= 5 ,epoch= 1 ,client update iteration= 220 ,loss= 2.3063488006591797
2021-07-04 13:19:31  client id= 1 ,round= 5 ,epoch= 1 ,client update iteration= 230 ,loss= 2.3052361011505127
2021-07-04 13:19:33  client id= 1 ,round= 5 ,epoch= 1 ,client update iteration= 240 ,loss= 2.3077499866485596
2021-07-04 13:19:34  client id= 1 ,round= 5 ,epoch= 1 ,client update iteration= 250 ,loss= 2.3071229457855225
2021-07-04 13:19:36  client id= 1 ,round= 5 ,epoch= 1 ,client update iteration= 260 ,loss= 2.298293352127075
2021-07-04 13:19:38  client id= 1 ,round= 5 ,epoch= 1 ,client update iteration= 270 ,loss= 2.305846691131592
2021-07-04 13:19:40  client id= 1 ,round= 5 ,epoch= 1 ,client update iteration= 280 ,loss= 2.302638292312622
2021-07-04 13:19:42  client id= 1 ,round= 5 ,epoch= 1 ,client update iteration= 290 ,loss= 2.3026556968688965
2021-07-04 13:19:44  client id= 1 ,round= 5 ,epoch= 1 ,client update iteration= 300 ,loss= 2.3034470081329346
2021-07-04 13:19:46  client id= 1 ,round= 5 ,epoch= 1 ,client update iteration= 310 ,loss= 2.3026607036590576
2021-07-04 13:19:48  client id= 1 ,round= 5 ,epoch= 1 ,client update iteration= 320 ,loss= 2.3043339252471924
2021-07-04 13:19:49  client id= 1 ,round= 5 ,epoch= 1 ,client update iteration= 330 ,loss= 2.30230450630188
2021-07-04 13:19:51  client id= 1 ,round= 5 ,epoch= 1 ,client update iteration= 340 ,loss= 2.3028202056884766
2021-07-04 13:19:53  client id= 1 ,round= 5 ,epoch= 1 ,client update iteration= 350 ,loss= 2.3015151023864746
2021-07-04 13:19:55  client id= 1 ,round= 5 ,epoch= 1 ,client update iteration= 360 ,loss= 2.3045766353607178
2021-07-04 13:19:57  client id= 1 ,round= 5 ,epoch= 1 ,client update iteration= 370 ,loss= 2.303776264190674
2021-07-04 13:19:59  client id= 1 ,round= 5 ,epoch= 1 ,client update iteration= 380 ,loss= 2.3006887435913086
2021-07-04 13:20:01  client id= 1 ,round= 5 ,epoch= 1 ,client update iteration= 390 ,loss= 2.304168939590454
end_round_time 2021-07-04 13:20:01
start add noise 2021-07-04 13:20:01
layer= 0 ratio= 0.0625
layer= 1 ratio= 0.0625
layer= 2 ratio= 0.0625
layer= 3 ratio= 0.0625
layer= 4 ratio= 0.0625
layer= 5 ratio= 0.0625
layer= 6 ratio= 0.0625
layer= 7 ratio= 0.0625
layer= 8 ratio= 0.0625
layer= 9 ratio= 0.0625
layer= 10 ratio= 0.0625
layer= 11 ratio= 0.0625
layer= 12 ratio= 0.0625
layer= 13 ratio= 0.0625
layer= 14 ratio= 0.0625
layer= 15 ratio= 0.0625
layer= 0 ratio= 0.0625
layer= 1 ratio= 0.0625
layer= 2 ratio= 0.0625
layer= 3 ratio= 0.0625
layer= 4 ratio= 0.0625
layer= 5 ratio= 0.0625
layer= 6 ratio= 0.0625
layer= 7 ratio= 0.0625
layer= 8 ratio= 0.0625
layer= 9 ratio= 0.0625
layer= 10 ratio= 0.0625
layer= 11 ratio= 0.0625
layer= 12 ratio= 0.0625
layer= 13 ratio= 0.0625
layer= 14 ratio= 0.0625
layer= 15 ratio= 0.0625
end add noise time 2021-07-04 13:20:01
average train loss= 9.097409783421881
2021-07-04 13:20:11,round 5,val Accuracy Top1: 10.000000 %
2021-07-04 13:20:11,round 5,val Accuracy Top5: 50.020000 %
start_round_time 2021-07-04 13:20:11
******client id  0 ******
client_update start
2021-07-04 13:20:13  client id= 0 ,round= 6 ,epoch= 1 ,client update iteration= 10 ,loss= 89.89055633544922
2021-07-04 13:20:15  client id= 0 ,round= 6 ,epoch= 1 ,client update iteration= 20 ,loss= 2105.404052734375
2021-07-04 13:20:17  client id= 0 ,round= 6 ,epoch= 1 ,client update iteration= 30 ,loss= 122.77336883544922
2021-07-04 13:20:19  client id= 0 ,round= 6 ,epoch= 1 ,client update iteration= 40 ,loss= 2.3102493286132812
2021-07-04 13:20:20  client id= 0 ,round= 6 ,epoch= 1 ,client update iteration= 50 ,loss= 2.312384605407715
2021-07-04 13:20:22  client id= 0 ,round= 6 ,epoch= 1 ,client update iteration= 60 ,loss= 2.301889419555664
2021-07-04 13:20:24  client id= 0 ,round= 6 ,epoch= 1 ,client update iteration= 70 ,loss= 2.3017921447753906
2021-07-04 13:20:26  client id= 0 ,round= 6 ,epoch= 1 ,client update iteration= 80 ,loss= 2.3079137802124023
2021-07-04 13:20:28  client id= 0 ,round= 6 ,epoch= 1 ,client update iteration= 90 ,loss= 2.3026604652404785
2021-07-04 13:20:30  client id= 0 ,round= 6 ,epoch= 1 ,client update iteration= 100 ,loss= 2.3016324043273926
2021-07-04 13:20:32  client id= 0 ,round= 6 ,epoch= 1 ,client update iteration= 110 ,loss= 2.3016395568847656
2021-07-04 13:20:34  client id= 0 ,round= 6 ,epoch= 1 ,client update iteration= 120 ,loss= 2.3008999824523926
2021-07-04 13:20:36  client id= 0 ,round= 6 ,epoch= 1 ,client update iteration= 130 ,loss= 2.3021349906921387
2021-07-04 13:20:38  client id= 0 ,round= 6 ,epoch= 1 ,client update iteration= 140 ,loss= 2.3069701194763184
2021-07-04 13:20:40  client id= 0 ,round= 6 ,epoch= 1 ,client update iteration= 150 ,loss= 2.3036813735961914
2021-07-04 13:20:41  client id= 0 ,round= 6 ,epoch= 1 ,client update iteration= 160 ,loss= 2.300570011138916
2021-07-04 13:20:43  client id= 0 ,round= 6 ,epoch= 1 ,client update iteration= 170 ,loss= 2.301907539367676
2021-07-04 13:20:45  client id= 0 ,round= 6 ,epoch= 1 ,client update iteration= 180 ,loss= 2.270564079284668
2021-07-04 13:20:47  client id= 0 ,round= 6 ,epoch= 1 ,client update iteration= 190 ,loss= 2.3087618350982666
2021-07-04 13:20:49  client id= 0 ,round= 6 ,epoch= 1 ,client update iteration= 200 ,loss= 2.30283784866333
2021-07-04 13:20:51  client id= 0 ,round= 6 ,epoch= 1 ,client update iteration= 210 ,loss= 2.305288791656494
2021-07-04 13:20:53  client id= 0 ,round= 6 ,epoch= 1 ,client update iteration= 220 ,loss= 2.2997918128967285
2021-07-04 13:20:55  client id= 0 ,round= 6 ,epoch= 1 ,client update iteration= 230 ,loss= 2.301651954650879
2021-07-04 13:20:57  client id= 0 ,round= 6 ,epoch= 1 ,client update iteration= 240 ,loss= 2.3030295372009277
2021-07-04 13:20:58  client id= 0 ,round= 6 ,epoch= 1 ,client update iteration= 250 ,loss= 2.3006651401519775
2021-07-04 13:21:00  client id= 0 ,round= 6 ,epoch= 1 ,client update iteration= 260 ,loss= 2.305302858352661
2021-07-04 13:21:02  client id= 0 ,round= 6 ,epoch= 1 ,client update iteration= 270 ,loss= 2.300273895263672
2021-07-04 13:21:04  client id= 0 ,round= 6 ,epoch= 1 ,client update iteration= 280 ,loss= 2.304072380065918
2021-07-04 13:21:06  client id= 0 ,round= 6 ,epoch= 1 ,client update iteration= 290 ,loss= 2.2987310886383057
2021-07-04 13:21:08  client id= 0 ,round= 6 ,epoch= 1 ,client update iteration= 300 ,loss= 2.300305128097534
2021-07-04 13:21:10  client id= 0 ,round= 6 ,epoch= 1 ,client update iteration= 310 ,loss= 2.3007428646087646
2021-07-04 13:21:12  client id= 0 ,round= 6 ,epoch= 1 ,client update iteration= 320 ,loss= 2.30264949798584
2021-07-04 13:21:14  client id= 0 ,round= 6 ,epoch= 1 ,client update iteration= 330 ,loss= 2.3024425506591797
2021-07-04 13:21:16  client id= 0 ,round= 6 ,epoch= 1 ,client update iteration= 340 ,loss= 2.301896810531616
2021-07-04 13:21:18  client id= 0 ,round= 6 ,epoch= 1 ,client update iteration= 350 ,loss= 2.302844524383545
2021-07-04 13:21:20  client id= 0 ,round= 6 ,epoch= 1 ,client update iteration= 360 ,loss= 2.300079107284546
2021-07-04 13:21:22  client id= 0 ,round= 6 ,epoch= 1 ,client update iteration= 370 ,loss= 2.3276119232177734
2021-07-04 13:21:24  client id= 0 ,round= 6 ,epoch= 1 ,client update iteration= 380 ,loss= 2.299299955368042
2021-07-04 13:21:26  client id= 0 ,round= 6 ,epoch= 1 ,client update iteration= 390 ,loss= 2.3044676780700684
******client id  1 ******
client_update start
2021-07-04 13:21:28  client id= 1 ,round= 6 ,epoch= 1 ,client update iteration= 10 ,loss= 1657.3153076171875
2021-07-04 13:21:30  client id= 1 ,round= 6 ,epoch= 1 ,client update iteration= 20 ,loss= 2.330730438232422
2021-07-04 13:21:32  client id= 1 ,round= 6 ,epoch= 1 ,client update iteration= 30 ,loss= 2.298992156982422
2021-07-04 13:21:33  client id= 1 ,round= 6 ,epoch= 1 ,client update iteration= 40 ,loss= 2.2976255416870117
2021-07-04 13:21:35  client id= 1 ,round= 6 ,epoch= 1 ,client update iteration= 50 ,loss= 2.3489863872528076
2021-07-04 13:21:37  client id= 1 ,round= 6 ,epoch= 1 ,client update iteration= 60 ,loss= 2.2961177825927734
2021-07-04 13:21:39  client id= 1 ,round= 6 ,epoch= 1 ,client update iteration= 70 ,loss= 2.3101091384887695
2021-07-04 13:21:41  client id= 1 ,round= 6 ,epoch= 1 ,client update iteration= 80 ,loss= 2.32137393951416
2021-07-04 13:21:43  client id= 1 ,round= 6 ,epoch= 1 ,client update iteration= 90 ,loss= 2.2960972785949707
2021-07-04 13:21:45  client id= 1 ,round= 6 ,epoch= 1 ,client update iteration= 100 ,loss= 2.300992965698242
2021-07-04 13:21:47  client id= 1 ,round= 6 ,epoch= 1 ,client update iteration= 110 ,loss= 2.3003828525543213
2021-07-04 13:21:48  client id= 1 ,round= 6 ,epoch= 1 ,client update iteration= 120 ,loss= 2.3058717250823975
2021-07-04 13:21:50  client id= 1 ,round= 6 ,epoch= 1 ,client update iteration= 130 ,loss= 2.3021469116210938
2021-07-04 13:21:52  client id= 1 ,round= 6 ,epoch= 1 ,client update iteration= 140 ,loss= 2.3006751537323
2021-07-04 13:21:54  client id= 1 ,round= 6 ,epoch= 1 ,client update iteration= 150 ,loss= 2.3046514987945557
2021-07-04 13:21:56  client id= 1 ,round= 6 ,epoch= 1 ,client update iteration= 160 ,loss= 2.3119113445281982
2021-07-04 13:21:58  client id= 1 ,round= 6 ,epoch= 1 ,client update iteration= 170 ,loss= 2.3038368225097656
2021-07-04 13:22:00  client id= 1 ,round= 6 ,epoch= 1 ,client update iteration= 180 ,loss= 2.306813955307007
2021-07-04 13:22:02  client id= 1 ,round= 6 ,epoch= 1 ,client update iteration= 190 ,loss= 2.3001034259796143
2021-07-04 13:22:03  client id= 1 ,round= 6 ,epoch= 1 ,client update iteration= 200 ,loss= 2.3053619861602783
2021-07-04 13:22:05  client id= 1 ,round= 6 ,epoch= 1 ,client update iteration= 210 ,loss= 2.3039534091949463
2021-07-04 13:22:07  client id= 1 ,round= 6 ,epoch= 1 ,client update iteration= 220 ,loss= 2.3031392097473145
2021-07-04 13:22:09  client id= 1 ,round= 6 ,epoch= 1 ,client update iteration= 230 ,loss= 2.29256534576416
2021-07-04 13:22:11  client id= 1 ,round= 6 ,epoch= 1 ,client update iteration= 240 ,loss= 2.3062615394592285
2021-07-04 13:22:13  client id= 1 ,round= 6 ,epoch= 1 ,client update iteration= 250 ,loss= 2.3011670112609863
2021-07-04 13:22:15  client id= 1 ,round= 6 ,epoch= 1 ,client update iteration= 260 ,loss= 2.309354543685913
2021-07-04 13:22:17  client id= 1 ,round= 6 ,epoch= 1 ,client update iteration= 270 ,loss= 2.308881998062134
2021-07-04 13:22:19  client id= 1 ,round= 6 ,epoch= 1 ,client update iteration= 280 ,loss= 2.3013687133789062
2021-07-04 13:22:21  client id= 1 ,round= 6 ,epoch= 1 ,client update iteration= 290 ,loss= 2.301301956176758
2021-07-04 13:22:23  client id= 1 ,round= 6 ,epoch= 1 ,client update iteration= 300 ,loss= 2.2997641563415527
2021-07-04 13:22:25  client id= 1 ,round= 6 ,epoch= 1 ,client update iteration= 310 ,loss= 2.3010787963867188
2021-07-04 13:22:27  client id= 1 ,round= 6 ,epoch= 1 ,client update iteration= 320 ,loss= 2.3061680793762207
2021-07-04 13:22:29  client id= 1 ,round= 6 ,epoch= 1 ,client update iteration= 330 ,loss= 2.3005921840667725
2021-07-04 13:22:31  client id= 1 ,round= 6 ,epoch= 1 ,client update iteration= 340 ,loss= 2.302072286605835
2021-07-04 13:22:33  client id= 1 ,round= 6 ,epoch= 1 ,client update iteration= 350 ,loss= 2.3023886680603027
2021-07-04 13:22:35  client id= 1 ,round= 6 ,epoch= 1 ,client update iteration= 360 ,loss= 2.3091609477996826
2021-07-04 13:22:37  client id= 1 ,round= 6 ,epoch= 1 ,client update iteration= 370 ,loss= 2.302459716796875
2021-07-04 13:22:38  client id= 1 ,round= 6 ,epoch= 1 ,client update iteration= 380 ,loss= 2.3026859760284424
2021-07-04 13:22:40  client id= 1 ,round= 6 ,epoch= 1 ,client update iteration= 390 ,loss= 2.2989399433135986
end_round_time 2021-07-04 13:22:41
start add noise 2021-07-04 13:22:41
layer= 0 ratio= 0.0625
layer= 1 ratio= 0.0625
layer= 2 ratio= 0.0625
layer= 3 ratio= 0.0625
layer= 4 ratio= 0.0625
layer= 5 ratio= 0.0625
layer= 6 ratio= 0.0625
layer= 7 ratio= 0.0625
layer= 8 ratio= 0.0625
layer= 9 ratio= 0.0625
layer= 10 ratio= 0.0625
layer= 11 ratio= 0.0625
layer= 12 ratio= 0.0625
layer= 13 ratio= 0.0625
layer= 14 ratio= 0.0625
layer= 15 ratio= 0.0625
layer= 0 ratio= 0.0625
layer= 1 ratio= 0.0625
layer= 2 ratio= 0.0625
layer= 3 ratio= 0.0625
layer= 4 ratio= 0.0625
layer= 5 ratio= 0.0625
layer= 6 ratio= 0.0625
layer= 7 ratio= 0.0625
layer= 8 ratio= 0.0625
layer= 9 ratio= 0.0625
layer= 10 ratio= 0.0625
layer= 11 ratio= 0.0625
layer= 12 ratio= 0.0625
layer= 13 ratio= 0.0625
layer= 14 ratio= 0.0625
layer= 15 ratio= 0.0625
end add noise time 2021-07-04 13:22:41
average train loss= 6002.75783740529
2021-07-04 13:22:50,round 6,val Accuracy Top1: 10.000000 %
2021-07-04 13:22:50,round 6,val Accuracy Top5: 50.050000 %
start_round_time 2021-07-04 13:22:50
******client id  0 ******
client_update start
2021-07-04 13:22:52  client id= 0 ,round= 7 ,epoch= 1 ,client update iteration= 10 ,loss= 3.1324024200439453
2021-07-04 13:22:54  client id= 0 ,round= 7 ,epoch= 1 ,client update iteration= 20 ,loss= 2.330124855041504
2021-07-04 13:22:56  client id= 0 ,round= 7 ,epoch= 1 ,client update iteration= 30 ,loss= 17157.046875
2021-07-04 13:22:58  client id= 0 ,round= 7 ,epoch= 1 ,client update iteration= 40 ,loss= 23314.064453125
2021-07-04 13:23:00  client id= 0 ,round= 7 ,epoch= 1 ,client update iteration= 50 ,loss= 2.3043389320373535
2021-07-04 13:23:02  client id= 0 ,round= 7 ,epoch= 1 ,client update iteration= 60 ,loss= 2.3039002418518066
2021-07-04 13:23:04  client id= 0 ,round= 7 ,epoch= 1 ,client update iteration= 70 ,loss= 2.3022260665893555
2021-07-04 13:23:05  client id= 0 ,round= 7 ,epoch= 1 ,client update iteration= 80 ,loss= 2.3231568336486816
2021-07-04 13:23:07  client id= 0 ,round= 7 ,epoch= 1 ,client update iteration= 90 ,loss= 2.304388999938965
2021-07-04 13:23:09  client id= 0 ,round= 7 ,epoch= 1 ,client update iteration= 100 ,loss= 2.3020143508911133
2021-07-04 13:23:11  client id= 0 ,round= 7 ,epoch= 1 ,client update iteration= 110 ,loss= 2.301884889602661
2021-07-04 13:23:13  client id= 0 ,round= 7 ,epoch= 1 ,client update iteration= 120 ,loss= 2.3022959232330322
2021-07-04 13:23:15  client id= 0 ,round= 7 ,epoch= 1 ,client update iteration= 130 ,loss= 2.305417060852051
2021-07-04 13:23:17  client id= 0 ,round= 7 ,epoch= 1 ,client update iteration= 140 ,loss= 2.303494453430176
2021-07-04 13:23:19  client id= 0 ,round= 7 ,epoch= 1 ,client update iteration= 150 ,loss= 2.3061156272888184
2021-07-04 13:23:21  client id= 0 ,round= 7 ,epoch= 1 ,client update iteration= 160 ,loss= 2.300705671310425
2021-07-04 13:23:23  client id= 0 ,round= 7 ,epoch= 1 ,client update iteration= 170 ,loss= 2.3035314083099365
2021-07-04 13:23:25  client id= 0 ,round= 7 ,epoch= 1 ,client update iteration= 180 ,loss= 2.30049729347229
2021-07-04 13:23:26  client id= 0 ,round= 7 ,epoch= 1 ,client update iteration= 190 ,loss= 2.3042688369750977
2021-07-04 13:23:28  client id= 0 ,round= 7 ,epoch= 1 ,client update iteration= 200 ,loss= 2.301182746887207
2021-07-04 13:23:30  client id= 0 ,round= 7 ,epoch= 1 ,client update iteration= 210 ,loss= 2.302008628845215
2021-07-04 13:23:32  client id= 0 ,round= 7 ,epoch= 1 ,client update iteration= 220 ,loss= 2.3013198375701904
2021-07-04 13:23:34  client id= 0 ,round= 7 ,epoch= 1 ,client update iteration= 230 ,loss= 2.304295539855957
2021-07-04 13:23:36  client id= 0 ,round= 7 ,epoch= 1 ,client update iteration= 240 ,loss= 2.302006959915161
2021-07-04 13:23:38  client id= 0 ,round= 7 ,epoch= 1 ,client update iteration= 250 ,loss= 2.3004989624023438
2021-07-04 13:23:40  client id= 0 ,round= 7 ,epoch= 1 ,client update iteration= 260 ,loss= 2.3012900352478027
2021-07-04 13:23:41  client id= 0 ,round= 7 ,epoch= 1 ,client update iteration= 270 ,loss= 2.3045427799224854
2021-07-04 13:23:43  client id= 0 ,round= 7 ,epoch= 1 ,client update iteration= 280 ,loss= 2.3021585941314697
2021-07-04 13:23:45  client id= 0 ,round= 7 ,epoch= 1 ,client update iteration= 290 ,loss= 69503.6875
2021-07-04 13:23:47  client id= 0 ,round= 7 ,epoch= 1 ,client update iteration= 300 ,loss= 2.3485403060913086
2021-07-04 13:23:49  client id= 0 ,round= 7 ,epoch= 1 ,client update iteration= 310 ,loss= 2.3040308952331543
2021-07-04 13:23:51  client id= 0 ,round= 7 ,epoch= 1 ,client update iteration= 320 ,loss= 2.3029329776763916
2021-07-04 13:23:53  client id= 0 ,round= 7 ,epoch= 1 ,client update iteration= 330 ,loss= 2.3034372329711914
2021-07-04 13:23:55  client id= 0 ,round= 7 ,epoch= 1 ,client update iteration= 340 ,loss= 2.3029227256774902
2021-07-04 13:23:56  client id= 0 ,round= 7 ,epoch= 1 ,client update iteration= 350 ,loss= 2.3025217056274414
2021-07-04 13:23:58  client id= 0 ,round= 7 ,epoch= 1 ,client update iteration= 360 ,loss= 2.302126169204712
2021-07-04 13:24:00  client id= 0 ,round= 7 ,epoch= 1 ,client update iteration= 370 ,loss= 2.3025150299072266
2021-07-04 13:24:02  client id= 0 ,round= 7 ,epoch= 1 ,client update iteration= 380 ,loss= 2.303560256958008
2021-07-04 13:24:04  client id= 0 ,round= 7 ,epoch= 1 ,client update iteration= 390 ,loss= 2.3023300170898438
******client id  1 ******
client_update start
2021-07-04 13:24:06  client id= 1 ,round= 7 ,epoch= 1 ,client update iteration= 10 ,loss= 6232.27197265625
2021-07-04 13:24:08  client id= 1 ,round= 7 ,epoch= 1 ,client update iteration= 20 ,loss= 2.3327929973602295
2021-07-04 13:24:10  client id= 1 ,round= 7 ,epoch= 1 ,client update iteration= 30 ,loss= 2.366643190383911
2021-07-04 13:24:12  client id= 1 ,round= 7 ,epoch= 1 ,client update iteration= 40 ,loss= 2.3111259937286377
2021-07-04 13:24:13  client id= 1 ,round= 7 ,epoch= 1 ,client update iteration= 50 ,loss= 13746.763671875
2021-07-04 13:24:15  client id= 1 ,round= 7 ,epoch= 1 ,client update iteration= 60 ,loss= 2.3110709190368652
2021-07-04 13:24:17  client id= 1 ,round= 7 ,epoch= 1 ,client update iteration= 70 ,loss= 2.3179585933685303
2021-07-04 13:24:19  client id= 1 ,round= 7 ,epoch= 1 ,client update iteration= 80 ,loss= 2.3016483783721924
2021-07-04 13:24:21  client id= 1 ,round= 7 ,epoch= 1 ,client update iteration= 90 ,loss= 2.3013694286346436
2021-07-04 13:24:23  client id= 1 ,round= 7 ,epoch= 1 ,client update iteration= 100 ,loss= 2.3042449951171875
2021-07-04 13:24:25  client id= 1 ,round= 7 ,epoch= 1 ,client update iteration= 110 ,loss= 2.303431987762451
2021-07-04 13:24:26  client id= 1 ,round= 7 ,epoch= 1 ,client update iteration= 120 ,loss= 2.3022499084472656
2021-07-04 13:24:28  client id= 1 ,round= 7 ,epoch= 1 ,client update iteration= 130 ,loss= 2.301579475402832
2021-07-04 13:24:30  client id= 1 ,round= 7 ,epoch= 1 ,client update iteration= 140 ,loss= 2.3196442127227783
2021-07-04 13:24:32  client id= 1 ,round= 7 ,epoch= 1 ,client update iteration= 150 ,loss= 2.3034908771514893
2021-07-04 13:24:34  client id= 1 ,round= 7 ,epoch= 1 ,client update iteration= 160 ,loss= 2.304283618927002
2021-07-04 13:24:36  client id= 1 ,round= 7 ,epoch= 1 ,client update iteration= 170 ,loss= 2.3005337715148926
2021-07-04 13:24:38  client id= 1 ,round= 7 ,epoch= 1 ,client update iteration= 180 ,loss= 2.3017313480377197
2021-07-04 13:24:40  client id= 1 ,round= 7 ,epoch= 1 ,client update iteration= 190 ,loss= 2.3021373748779297
2021-07-04 13:24:41  client id= 1 ,round= 7 ,epoch= 1 ,client update iteration= 200 ,loss= 2.3015387058258057
2021-07-04 13:24:43  client id= 1 ,round= 7 ,epoch= 1 ,client update iteration= 210 ,loss= 2.3030128479003906
2021-07-04 13:24:45  client id= 1 ,round= 7 ,epoch= 1 ,client update iteration= 220 ,loss= 2.3009729385375977
2021-07-04 13:24:47  client id= 1 ,round= 7 ,epoch= 1 ,client update iteration= 230 ,loss= 2.302180528640747
2021-07-04 13:24:49  client id= 1 ,round= 7 ,epoch= 1 ,client update iteration= 240 ,loss= 2.301619052886963
2021-07-04 13:24:51  client id= 1 ,round= 7 ,epoch= 1 ,client update iteration= 250 ,loss= 2.303333282470703
2021-07-04 13:24:53  client id= 1 ,round= 7 ,epoch= 1 ,client update iteration= 260 ,loss= 2.3033318519592285
2021-07-04 13:24:54  client id= 1 ,round= 7 ,epoch= 1 ,client update iteration= 270 ,loss= 2.3027679920196533
2021-07-04 13:24:56  client id= 1 ,round= 7 ,epoch= 1 ,client update iteration= 280 ,loss= 2.3022873401641846
2021-07-04 13:24:58  client id= 1 ,round= 7 ,epoch= 1 ,client update iteration= 290 ,loss= 2.301586866378784
2021-07-04 13:25:00  client id= 1 ,round= 7 ,epoch= 1 ,client update iteration= 300 ,loss= 2.302717447280884
2021-07-04 13:25:02  client id= 1 ,round= 7 ,epoch= 1 ,client update iteration= 310 ,loss= 2.3025102615356445
2021-07-04 13:25:04  client id= 1 ,round= 7 ,epoch= 1 ,client update iteration= 320 ,loss= 2.3024463653564453
2021-07-04 13:25:06  client id= 1 ,round= 7 ,epoch= 1 ,client update iteration= 330 ,loss= 2.3016669750213623
2021-07-04 13:25:08  client id= 1 ,round= 7 ,epoch= 1 ,client update iteration= 340 ,loss= 2.3012285232543945
2021-07-04 13:25:09  client id= 1 ,round= 7 ,epoch= 1 ,client update iteration= 350 ,loss= 2.30234432220459
2021-07-04 13:25:11  client id= 1 ,round= 7 ,epoch= 1 ,client update iteration= 360 ,loss= 2.302778959274292
2021-07-04 13:25:13  client id= 1 ,round= 7 ,epoch= 1 ,client update iteration= 370 ,loss= 2.3018550872802734
2021-07-04 13:25:15  client id= 1 ,round= 7 ,epoch= 1 ,client update iteration= 380 ,loss= 2.3038082122802734
2021-07-04 13:25:17  client id= 1 ,round= 7 ,epoch= 1 ,client update iteration= 390 ,loss= 2.303384304046631
end_round_time 2021-07-04 13:25:17
start add noise 2021-07-04 13:25:17
layer= 0 ratio= 0.0625
layer= 1 ratio= 0.0625
layer= 2 ratio= 0.0625
layer= 3 ratio= 0.0625
layer= 4 ratio= 0.0625
layer= 5 ratio= 0.0625
layer= 6 ratio= 0.0625
layer= 7 ratio= 0.0625
layer= 8 ratio= 0.0625
layer= 9 ratio= 0.0625
layer= 10 ratio= 0.0625
layer= 11 ratio= 0.0625
layer= 12 ratio= 0.0625
layer= 13 ratio= 0.0625
layer= 14 ratio= 0.0625
layer= 15 ratio= 0.0625
layer= 0 ratio= 0.0625
layer= 1 ratio= 0.0625
layer= 2 ratio= 0.0625
layer= 3 ratio= 0.0625
layer= 4 ratio= 0.0625
layer= 5 ratio= 0.0625
layer= 6 ratio= 0.0625
layer= 7 ratio= 0.0625
layer= 8 ratio= 0.0625
layer= 9 ratio= 0.0625
layer= 10 ratio= 0.0625
layer= 11 ratio= 0.0625
layer= 12 ratio= 0.0625
layer= 13 ratio= 0.0625
layer= 14 ratio= 0.0625
layer= 15 ratio= 0.0625
end add noise time 2021-07-04 13:25:17
average train loss= 1127842.7562693616
2021-07-04 13:25:26,round 7,val Accuracy Top1: 9.150000 %
2021-07-04 13:25:26,round 7,val Accuracy Top5: 50.000000 %
start_round_time 2021-07-04 13:25:26
******client id  0 ******
client_update start
2021-07-04 13:25:28  client id= 0 ,round= 8 ,epoch= 1 ,client update iteration= 10 ,loss= 8425723.0
2021-07-04 13:25:30  client id= 0 ,round= 8 ,epoch= 1 ,client update iteration= 20 ,loss= 58685.61328125
2021-07-04 13:25:32  client id= 0 ,round= 8 ,epoch= 1 ,client update iteration= 30 ,loss= 2.303063154220581
2021-07-04 13:25:34  client id= 0 ,round= 8 ,epoch= 1 ,client update iteration= 40 ,loss= 2.326643943786621
2021-07-04 13:25:35  client id= 0 ,round= 8 ,epoch= 1 ,client update iteration= 50 ,loss= 2.30625057220459
2021-07-04 13:25:37  client id= 0 ,round= 8 ,epoch= 1 ,client update iteration= 60 ,loss= 2.3004541397094727
2021-07-04 13:25:39  client id= 0 ,round= 8 ,epoch= 1 ,client update iteration= 70 ,loss= 2.3047573566436768
2021-07-04 13:25:41  client id= 0 ,round= 8 ,epoch= 1 ,client update iteration= 80 ,loss= 2.3011300563812256
2021-07-04 13:25:43  client id= 0 ,round= 8 ,epoch= 1 ,client update iteration= 90 ,loss= 2.3016512393951416
2021-07-04 13:25:45  client id= 0 ,round= 8 ,epoch= 1 ,client update iteration= 100 ,loss= 2.3033182621002197
2021-07-04 13:25:47  client id= 0 ,round= 8 ,epoch= 1 ,client update iteration= 110 ,loss= 2.3066413402557373
2021-07-04 13:25:48  client id= 0 ,round= 8 ,epoch= 1 ,client update iteration= 120 ,loss= 2.3016529083251953
2021-07-04 13:25:50  client id= 0 ,round= 8 ,epoch= 1 ,client update iteration= 130 ,loss= 2.3058319091796875
2021-07-04 13:25:52  client id= 0 ,round= 8 ,epoch= 1 ,client update iteration= 140 ,loss= 2.3037946224212646
2021-07-04 13:25:54  client id= 0 ,round= 8 ,epoch= 1 ,client update iteration= 150 ,loss= 2.3012099266052246
2021-07-04 13:25:56  client id= 0 ,round= 8 ,epoch= 1 ,client update iteration= 160 ,loss= 2.3040359020233154
2021-07-04 13:25:58  client id= 0 ,round= 8 ,epoch= 1 ,client update iteration= 170 ,loss= 2.300349712371826
2021-07-04 13:26:00  client id= 0 ,round= 8 ,epoch= 1 ,client update iteration= 180 ,loss= 2.302018404006958
2021-07-04 13:26:02  client id= 0 ,round= 8 ,epoch= 1 ,client update iteration= 190 ,loss= 2.3058390617370605
2021-07-04 13:26:03  client id= 0 ,round= 8 ,epoch= 1 ,client update iteration= 200 ,loss= 2.302530527114868
2021-07-04 13:26:05  client id= 0 ,round= 8 ,epoch= 1 ,client update iteration= 210 ,loss= 2.3004143238067627
2021-07-04 13:26:07  client id= 0 ,round= 8 ,epoch= 1 ,client update iteration= 220 ,loss= 2.3013148307800293
2021-07-04 13:26:09  client id= 0 ,round= 8 ,epoch= 1 ,client update iteration= 230 ,loss= 2.3005735874176025
2021-07-04 13:26:11  client id= 0 ,round= 8 ,epoch= 1 ,client update iteration= 240 ,loss= 2.3035130500793457
2021-07-04 13:26:13  client id= 0 ,round= 8 ,epoch= 1 ,client update iteration= 250 ,loss= 2.3038458824157715
2021-07-04 13:26:15  client id= 0 ,round= 8 ,epoch= 1 ,client update iteration= 260 ,loss= 2.3006601333618164
2021-07-04 13:26:16  client id= 0 ,round= 8 ,epoch= 1 ,client update iteration= 270 ,loss= 2.3065052032470703
2021-07-04 13:26:18  client id= 0 ,round= 8 ,epoch= 1 ,client update iteration= 280 ,loss= 2.3012850284576416
2021-07-04 13:26:20  client id= 0 ,round= 8 ,epoch= 1 ,client update iteration= 290 ,loss= 2.304713010787964
2021-07-04 13:26:22  client id= 0 ,round= 8 ,epoch= 1 ,client update iteration= 300 ,loss= 2.3048527240753174
2021-07-04 13:26:24  client id= 0 ,round= 8 ,epoch= 1 ,client update iteration= 310 ,loss= 2.3029041290283203
2021-07-04 13:26:26  client id= 0 ,round= 8 ,epoch= 1 ,client update iteration= 320 ,loss= 2.3034749031066895
2021-07-04 13:26:28  client id= 0 ,round= 8 ,epoch= 1 ,client update iteration= 330 ,loss= 2.303632974624634
2021-07-04 13:26:30  client id= 0 ,round= 8 ,epoch= 1 ,client update iteration= 340 ,loss= 2.3030829429626465
2021-07-04 13:26:31  client id= 0 ,round= 8 ,epoch= 1 ,client update iteration= 350 ,loss= 2.306894302368164
2021-07-04 13:26:33  client id= 0 ,round= 8 ,epoch= 1 ,client update iteration= 360 ,loss= 2.3025877475738525
2021-07-04 13:26:35  client id= 0 ,round= 8 ,epoch= 1 ,client update iteration= 370 ,loss= 1028841.75
2021-07-04 13:26:37  client id= 0 ,round= 8 ,epoch= 1 ,client update iteration= 380 ,loss= 2.3039259910583496
2021-07-04 13:26:39  client id= 0 ,round= 8 ,epoch= 1 ,client update iteration= 390 ,loss= 2.304563045501709
******client id  1 ******
client_update start
2021-07-04 13:26:41  client id= 1 ,round= 8 ,epoch= 1 ,client update iteration= 10 ,loss= 7539074.0
2021-07-04 13:26:43  client id= 1 ,round= 8 ,epoch= 1 ,client update iteration= 20 ,loss= 2.3609414100646973
2021-07-04 13:26:45  client id= 1 ,round= 8 ,epoch= 1 ,client update iteration= 30 ,loss= 2.3007121086120605
2021-07-04 13:26:46  client id= 1 ,round= 8 ,epoch= 1 ,client update iteration= 40 ,loss= 2.317380428314209
2021-07-04 13:26:48  client id= 1 ,round= 8 ,epoch= 1 ,client update iteration= 50 ,loss= 2.299622058868408
2021-07-04 13:26:50  client id= 1 ,round= 8 ,epoch= 1 ,client update iteration= 60 ,loss= 2.3004777431488037
2021-07-04 13:26:52  client id= 1 ,round= 8 ,epoch= 1 ,client update iteration= 70 ,loss= 2.334151029586792
2021-07-04 13:26:54  client id= 1 ,round= 8 ,epoch= 1 ,client update iteration= 80 ,loss= 2.3047945499420166
2021-07-04 13:26:56  client id= 1 ,round= 8 ,epoch= 1 ,client update iteration= 90 ,loss= 2.3038179874420166
2021-07-04 13:26:58  client id= 1 ,round= 8 ,epoch= 1 ,client update iteration= 100 ,loss= 2.3155837059020996
2021-07-04 13:26:59  client id= 1 ,round= 8 ,epoch= 1 ,client update iteration= 110 ,loss= 2.3034512996673584
2021-07-04 13:27:01  client id= 1 ,round= 8 ,epoch= 1 ,client update iteration= 120 ,loss= 6651744.0
2021-07-04 13:27:03  client id= 1 ,round= 8 ,epoch= 1 ,client update iteration= 130 ,loss= 2.3029680252075195
2021-07-04 13:27:05  client id= 1 ,round= 8 ,epoch= 1 ,client update iteration= 140 ,loss= 7599510.0
2021-07-04 13:27:07  client id= 1 ,round= 8 ,epoch= 1 ,client update iteration= 150 ,loss= 2.2993907928466797
2021-07-04 13:27:09  client id= 1 ,round= 8 ,epoch= 1 ,client update iteration= 160 ,loss= 2.3081698417663574
2021-07-04 13:27:11  client id= 1 ,round= 8 ,epoch= 1 ,client update iteration= 170 ,loss= 2.3034369945526123
2021-07-04 13:27:13  client id= 1 ,round= 8 ,epoch= 1 ,client update iteration= 180 ,loss= 2.3032114505767822
2021-07-04 13:27:14  client id= 1 ,round= 8 ,epoch= 1 ,client update iteration= 190 ,loss= 2.3075764179229736
2021-07-04 13:27:16  client id= 1 ,round= 8 ,epoch= 1 ,client update iteration= 200 ,loss= 2.304616928100586
2021-07-04 13:27:18  client id= 1 ,round= 8 ,epoch= 1 ,client update iteration= 210 ,loss= 2.2994821071624756
2021-07-04 13:27:20  client id= 1 ,round= 8 ,epoch= 1 ,client update iteration= 220 ,loss= 2.306863307952881
2021-07-04 13:27:22  client id= 1 ,round= 8 ,epoch= 1 ,client update iteration= 230 ,loss= 2.3039300441741943
2021-07-04 13:27:24  client id= 1 ,round= 8 ,epoch= 1 ,client update iteration= 240 ,loss= 2.305305242538452
2021-07-04 13:27:26  client id= 1 ,round= 8 ,epoch= 1 ,client update iteration= 250 ,loss= 2.303637981414795
2021-07-04 13:27:27  client id= 1 ,round= 8 ,epoch= 1 ,client update iteration= 260 ,loss= 2.3030335903167725
2021-07-04 13:27:29  client id= 1 ,round= 8 ,epoch= 1 ,client update iteration= 270 ,loss= 2.304131031036377
2021-07-04 13:27:31  client id= 1 ,round= 8 ,epoch= 1 ,client update iteration= 280 ,loss= 2.3035402297973633
2021-07-04 13:27:33  client id= 1 ,round= 8 ,epoch= 1 ,client update iteration= 290 ,loss= 2.3029208183288574
2021-07-04 13:27:35  client id= 1 ,round= 8 ,epoch= 1 ,client update iteration= 300 ,loss= 2.300440549850464
2021-07-04 13:27:37  client id= 1 ,round= 8 ,epoch= 1 ,client update iteration= 310 ,loss= 2.3008873462677
2021-07-04 13:27:39  client id= 1 ,round= 8 ,epoch= 1 ,client update iteration= 320 ,loss= 2.302762985229492
2021-07-04 13:27:40  client id= 1 ,round= 8 ,epoch= 1 ,client update iteration= 330 ,loss= 2.3018150329589844
2021-07-04 13:27:42  client id= 1 ,round= 8 ,epoch= 1 ,client update iteration= 340 ,loss= 2.306239604949951
2021-07-04 13:27:44  client id= 1 ,round= 8 ,epoch= 1 ,client update iteration= 350 ,loss= 2.3020243644714355
2021-07-04 13:27:46  client id= 1 ,round= 8 ,epoch= 1 ,client update iteration= 360 ,loss= 2.303450345993042
2021-07-04 13:27:48  client id= 1 ,round= 8 ,epoch= 1 ,client update iteration= 370 ,loss= 2.30476450920105
2021-07-04 13:27:50  client id= 1 ,round= 8 ,epoch= 1 ,client update iteration= 380 ,loss= 2.3030290603637695
2021-07-04 13:27:52  client id= 1 ,round= 8 ,epoch= 1 ,client update iteration= 390 ,loss= 2.307309150695801
end_round_time 2021-07-04 13:27:52
start add noise 2021-07-04 13:27:52
layer= 0 ratio= 0.0625
layer= 1 ratio= 0.0625
layer= 2 ratio= 0.0625
layer= 3 ratio= 0.0625
layer= 4 ratio= 0.0625
layer= 5 ratio= 0.0625
layer= 6 ratio= 0.0625
layer= 7 ratio= 0.0625
layer= 8 ratio= 0.0625
layer= 9 ratio= 0.0625
layer= 10 ratio= 0.0625
layer= 11 ratio= 0.0625
layer= 12 ratio= 0.0625
layer= 13 ratio= 0.0625
layer= 14 ratio= 0.0625
layer= 15 ratio= 0.0625
layer= 0 ratio= 0.0625
layer= 1 ratio= 0.0625
layer= 2 ratio= 0.0625
layer= 3 ratio= 0.0625
layer= 4 ratio= 0.0625
layer= 5 ratio= 0.0625
layer= 6 ratio= 0.0625
layer= 7 ratio= 0.0625
layer= 8 ratio= 0.0625
layer= 9 ratio= 0.0625
layer= 10 ratio= 0.0625
layer= 11 ratio= 0.0625
layer= 12 ratio= 0.0625
layer= 13 ratio= 0.0625
layer= 14 ratio= 0.0625
layer= 15 ratio= 0.0625
end add noise time 2021-07-04 13:27:52
average train loss= 54074002.9929934
2021-07-04 13:28:01,round 8,val Accuracy Top1: 9.640000 %
2021-07-04 13:28:01,round 8,val Accuracy Top5: 50.000000 %
start_round_time 2021-07-04 13:28:01
******client id  0 ******
client_update start
2021-07-04 13:28:03  client id= 0 ,round= 9 ,epoch= 1 ,client update iteration= 10 ,loss= 5139392512.0
2021-07-04 13:28:04  client id= 0 ,round= 9 ,epoch= 1 ,client update iteration= 20 ,loss= 3.0931243896484375
2021-07-04 13:28:06  client id= 0 ,round= 9 ,epoch= 1 ,client update iteration= 30 ,loss= 2.3012447357177734
2021-07-04 13:28:08  client id= 0 ,round= 9 ,epoch= 1 ,client update iteration= 40 ,loss= 2.3027796745300293
2021-07-04 13:28:10  client id= 0 ,round= 9 ,epoch= 1 ,client update iteration= 50 ,loss= 2.3010306358337402
2021-07-04 13:28:12  client id= 0 ,round= 9 ,epoch= 1 ,client update iteration= 60 ,loss= 2.303588390350342
2021-07-04 13:28:14  client id= 0 ,round= 9 ,epoch= 1 ,client update iteration= 70 ,loss= 2.3041861057281494
2021-07-04 13:28:16  client id= 0 ,round= 9 ,epoch= 1 ,client update iteration= 80 ,loss= 2.302598714828491
2021-07-04 13:28:18  client id= 0 ,round= 9 ,epoch= 1 ,client update iteration= 90 ,loss= 2.3055710792541504
2021-07-04 13:28:19  client id= 0 ,round= 9 ,epoch= 1 ,client update iteration= 100 ,loss= 2.300903558731079
2021-07-04 13:28:21  client id= 0 ,round= 9 ,epoch= 1 ,client update iteration= 110 ,loss= 2.3026766777038574
2021-07-04 13:28:23  client id= 0 ,round= 9 ,epoch= 1 ,client update iteration= 120 ,loss= 2.303133010864258
2021-07-04 13:28:25  client id= 0 ,round= 9 ,epoch= 1 ,client update iteration= 130 ,loss= 2.305525302886963
2021-07-04 13:28:27  client id= 0 ,round= 9 ,epoch= 1 ,client update iteration= 140 ,loss= 2.301243543624878
2021-07-04 13:28:29  client id= 0 ,round= 9 ,epoch= 1 ,client update iteration= 150 ,loss= 2.3028159141540527
2021-07-04 13:28:31  client id= 0 ,round= 9 ,epoch= 1 ,client update iteration= 160 ,loss= 2.302478790283203
2021-07-04 13:28:33  client id= 0 ,round= 9 ,epoch= 1 ,client update iteration= 170 ,loss= 2.305144786834717
2021-07-04 13:28:35  client id= 0 ,round= 9 ,epoch= 1 ,client update iteration= 180 ,loss= 1003902464.0
2021-07-04 13:28:37  client id= 0 ,round= 9 ,epoch= 1 ,client update iteration= 190 ,loss= 2.3001391887664795
2021-07-04 13:28:39  client id= 0 ,round= 9 ,epoch= 1 ,client update iteration= 200 ,loss= 2.3019378185272217
2021-07-04 13:28:41  client id= 0 ,round= 9 ,epoch= 1 ,client update iteration= 210 ,loss= 2.3008103370666504
2021-07-04 13:28:43  client id= 0 ,round= 9 ,epoch= 1 ,client update iteration= 220 ,loss= 2.300929069519043
2021-07-04 13:28:45  client id= 0 ,round= 9 ,epoch= 1 ,client update iteration= 230 ,loss= 2.3041534423828125
2021-07-04 13:28:47  client id= 0 ,round= 9 ,epoch= 1 ,client update iteration= 240 ,loss= 2.303166151046753
2021-07-04 13:28:48  client id= 0 ,round= 9 ,epoch= 1 ,client update iteration= 250 ,loss= 2.3021483421325684
2021-07-04 13:28:50  client id= 0 ,round= 9 ,epoch= 1 ,client update iteration= 260 ,loss= 2.305022716522217
2021-07-04 13:28:52  client id= 0 ,round= 9 ,epoch= 1 ,client update iteration= 270 ,loss= 2.3028807640075684
2021-07-04 13:28:54  client id= 0 ,round= 9 ,epoch= 1 ,client update iteration= 280 ,loss= 2.3029727935791016
2021-07-04 13:28:56  client id= 0 ,round= 9 ,epoch= 1 ,client update iteration= 290 ,loss= 2.3033382892608643
2021-07-04 13:28:58  client id= 0 ,round= 9 ,epoch= 1 ,client update iteration= 300 ,loss= 2.3030598163604736
2021-07-04 13:29:00  client id= 0 ,round= 9 ,epoch= 1 ,client update iteration= 310 ,loss= 2.3012123107910156
2021-07-04 13:29:02  client id= 0 ,round= 9 ,epoch= 1 ,client update iteration= 320 ,loss= 2.301163673400879
2021-07-04 13:29:04  client id= 0 ,round= 9 ,epoch= 1 ,client update iteration= 330 ,loss= 2.3010404109954834
2021-07-04 13:29:05  client id= 0 ,round= 9 ,epoch= 1 ,client update iteration= 340 ,loss= 2.302699089050293
2021-07-04 13:29:07  client id= 0 ,round= 9 ,epoch= 1 ,client update iteration= 350 ,loss= 2.3017146587371826
2021-07-04 13:29:09  client id= 0 ,round= 9 ,epoch= 1 ,client update iteration= 360 ,loss= 2.3023364543914795
2021-07-04 13:29:11  client id= 0 ,round= 9 ,epoch= 1 ,client update iteration= 370 ,loss= 2.304556131362915
2021-07-04 13:29:13  client id= 0 ,round= 9 ,epoch= 1 ,client update iteration= 380 ,loss= 2.304065227508545
2021-07-04 13:29:15  client id= 0 ,round= 9 ,epoch= 1 ,client update iteration= 390 ,loss= 2.3016185760498047
******client id  1 ******
client_update start
2021-07-04 13:29:17  client id= 1 ,round= 9 ,epoch= 1 ,client update iteration= 10 ,loss= 3540752128.0
2021-07-04 13:29:19  client id= 1 ,round= 9 ,epoch= 1 ,client update iteration= 20 ,loss= 445641088.0
2021-07-04 13:29:21  client id= 1 ,round= 9 ,epoch= 1 ,client update iteration= 30 ,loss= 58687104.0
2021-07-04 13:29:22  client id= 1 ,round= 9 ,epoch= 1 ,client update iteration= 40 ,loss= 2.3602631092071533
2021-07-04 13:29:24  client id= 1 ,round= 9 ,epoch= 1 ,client update iteration= 50 ,loss= 2.301558256149292
2021-07-04 13:29:26  client id= 1 ,round= 9 ,epoch= 1 ,client update iteration= 60 ,loss= 2.468357563018799
2021-07-04 13:29:28  client id= 1 ,round= 9 ,epoch= 1 ,client update iteration= 70 ,loss= 2.3057847023010254
2021-07-04 13:29:30  client id= 1 ,round= 9 ,epoch= 1 ,client update iteration= 80 ,loss= 2.30534029006958
2021-07-04 13:29:32  client id= 1 ,round= 9 ,epoch= 1 ,client update iteration= 90 ,loss= 2.3026905059814453
2021-07-04 13:29:34  client id= 1 ,round= 9 ,epoch= 1 ,client update iteration= 100 ,loss= 2.301731586456299
2021-07-04 13:29:36  client id= 1 ,round= 9 ,epoch= 1 ,client update iteration= 110 ,loss= 2.3004560470581055
2021-07-04 13:29:37  client id= 1 ,round= 9 ,epoch= 1 ,client update iteration= 120 ,loss= 2.3024117946624756
2021-07-04 13:29:39  client id= 1 ,round= 9 ,epoch= 1 ,client update iteration= 130 ,loss= 2.303147315979004
2021-07-04 13:29:41  client id= 1 ,round= 9 ,epoch= 1 ,client update iteration= 140 ,loss= 2.3025259971618652
2021-07-04 13:29:43  client id= 1 ,round= 9 ,epoch= 1 ,client update iteration= 150 ,loss= 2.303360939025879
2021-07-04 13:29:45  client id= 1 ,round= 9 ,epoch= 1 ,client update iteration= 160 ,loss= 2.3024232387542725
2021-07-04 13:29:47  client id= 1 ,round= 9 ,epoch= 1 ,client update iteration= 170 ,loss= 2.303382158279419
2021-07-04 13:29:49  client id= 1 ,round= 9 ,epoch= 1 ,client update iteration= 180 ,loss= 2.3043205738067627
2021-07-04 13:29:50  client id= 1 ,round= 9 ,epoch= 1 ,client update iteration= 190 ,loss= 2.303140640258789
2021-07-04 13:29:52  client id= 1 ,round= 9 ,epoch= 1 ,client update iteration= 200 ,loss= 2.302518606185913
2021-07-04 13:29:54  client id= 1 ,round= 9 ,epoch= 1 ,client update iteration= 210 ,loss= 2.3021743297576904
2021-07-04 13:29:56  client id= 1 ,round= 9 ,epoch= 1 ,client update iteration= 220 ,loss= 2.3030178546905518
2021-07-04 13:29:58  client id= 1 ,round= 9 ,epoch= 1 ,client update iteration= 230 ,loss= 2.301905632019043
2021-07-04 13:30:00  client id= 1 ,round= 9 ,epoch= 1 ,client update iteration= 240 ,loss= 2.3029232025146484
2021-07-04 13:30:02  client id= 1 ,round= 9 ,epoch= 1 ,client update iteration= 250 ,loss= 2.302150249481201
2021-07-04 13:30:04  client id= 1 ,round= 9 ,epoch= 1 ,client update iteration= 260 ,loss= 2.302428960800171
2021-07-04 13:30:05  client id= 1 ,round= 9 ,epoch= 1 ,client update iteration= 270 ,loss= 2.30216646194458
2021-07-04 13:30:07  client id= 1 ,round= 9 ,epoch= 1 ,client update iteration= 280 ,loss= 2.3016481399536133
2021-07-04 13:30:09  client id= 1 ,round= 9 ,epoch= 1 ,client update iteration= 290 ,loss= 2.3018057346343994
2021-07-04 13:30:11  client id= 1 ,round= 9 ,epoch= 1 ,client update iteration= 300 ,loss= 2.3029978275299072
2021-07-04 13:30:13  client id= 1 ,round= 9 ,epoch= 1 ,client update iteration= 310 ,loss= 2.3037075996398926
2021-07-04 13:30:15  client id= 1 ,round= 9 ,epoch= 1 ,client update iteration= 320 ,loss= 2.303542375564575
2021-07-04 13:30:17  client id= 1 ,round= 9 ,epoch= 1 ,client update iteration= 330 ,loss= 2.3031833171844482
2021-07-04 13:30:18  client id= 1 ,round= 9 ,epoch= 1 ,client update iteration= 340 ,loss= 2.302933692932129
2021-07-04 13:30:20  client id= 1 ,round= 9 ,epoch= 1 ,client update iteration= 350 ,loss= 2.302764415740967
2021-07-04 13:30:22  client id= 1 ,round= 9 ,epoch= 1 ,client update iteration= 360 ,loss= 2.302590847015381
2021-07-04 13:30:24  client id= 1 ,round= 9 ,epoch= 1 ,client update iteration= 370 ,loss= 2.3029751777648926
2021-07-04 13:30:26  client id= 1 ,round= 9 ,epoch= 1 ,client update iteration= 380 ,loss= 2.3028512001037598
2021-07-04 13:30:28  client id= 1 ,round= 9 ,epoch= 1 ,client update iteration= 390 ,loss= 2.3023180961608887
end_round_time 2021-07-04 13:30:28
start add noise 2021-07-04 13:30:28
layer= 0 ratio= 0.0625
layer= 1 ratio= 0.0625
layer= 2 ratio= 0.0625
layer= 3 ratio= 0.0625
layer= 4 ratio= 0.0625
layer= 5 ratio= 0.0625
layer= 6 ratio= 0.0625
layer= 7 ratio= 0.0625
layer= 8 ratio= 0.0625
layer= 9 ratio= 0.0625
layer= 10 ratio= 0.0625
layer= 11 ratio= 0.0625
layer= 12 ratio= 0.0625
layer= 13 ratio= 0.0625
layer= 14 ratio= 0.0625
layer= 15 ratio= 0.0625
layer= 0 ratio= 0.0625
layer= 1 ratio= 0.0625
layer= 2 ratio= 0.0625
layer= 3 ratio= 0.0625
layer= 4 ratio= 0.0625
layer= 5 ratio= 0.0625
layer= 6 ratio= 0.0625
layer= 7 ratio= 0.0625
layer= 8 ratio= 0.0625
layer= 9 ratio= 0.0625
layer= 10 ratio= 0.0625
layer= 11 ratio= 0.0625
layer= 12 ratio= 0.0625
layer= 13 ratio= 0.0625
layer= 14 ratio= 0.0625
layer= 15 ratio= 0.0625
end add noise time 2021-07-04 13:30:28
average train loss= 16413989019.603806
2021-07-04 13:30:37,round 9,val Accuracy Top1: 9.990000 %
2021-07-04 13:30:37,round 9,val Accuracy Top5: 50.000000 %
start_round_time 2021-07-04 13:30:37
******client id  0 ******
client_update start
2021-07-04 13:30:39  client id= 0 ,round= 10 ,epoch= 1 ,client update iteration= 10 ,loss= 1329134043136.0
2021-07-04 13:30:41  client id= 0 ,round= 10 ,epoch= 1 ,client update iteration= 20 ,loss= 65317601280.0
2021-07-04 13:30:42  client id= 0 ,round= 10 ,epoch= 1 ,client update iteration= 30 ,loss= 2.369791030883789
2021-07-04 13:30:44  client id= 0 ,round= 10 ,epoch= 1 ,client update iteration= 40 ,loss= 2.43587589263916
2021-07-04 13:30:46  client id= 0 ,round= 10 ,epoch= 1 ,client update iteration= 50 ,loss= 6425139200.0
2021-07-04 13:30:48  client id= 0 ,round= 10 ,epoch= 1 ,client update iteration= 60 ,loss= 2.3019964694976807
2021-07-04 13:30:50  client id= 0 ,round= 10 ,epoch= 1 ,client update iteration= 70 ,loss= 4.533921241760254
2021-07-04 13:30:52  client id= 0 ,round= 10 ,epoch= 1 ,client update iteration= 80 ,loss= 2.303370952606201
2021-07-04 13:30:54  client id= 0 ,round= 10 ,epoch= 1 ,client update iteration= 90 ,loss= 2.304029703140259
2021-07-04 13:30:56  client id= 0 ,round= 10 ,epoch= 1 ,client update iteration= 100 ,loss= 2.3056352138519287
2021-07-04 13:30:57  client id= 0 ,round= 10 ,epoch= 1 ,client update iteration= 110 ,loss= 2.305781602859497
2021-07-04 13:30:59  client id= 0 ,round= 10 ,epoch= 1 ,client update iteration= 120 ,loss= 2.3069896697998047
2021-07-04 13:31:01  client id= 0 ,round= 10 ,epoch= 1 ,client update iteration= 130 ,loss= 2.2989234924316406
2021-07-04 13:31:03  client id= 0 ,round= 10 ,epoch= 1 ,client update iteration= 140 ,loss= 2.3059275150299072
2021-07-04 13:31:05  client id= 0 ,round= 10 ,epoch= 1 ,client update iteration= 150 ,loss= 2.30375337600708
2021-07-04 13:31:07  client id= 0 ,round= 10 ,epoch= 1 ,client update iteration= 160 ,loss= 2.3022687435150146
2021-07-04 13:31:09  client id= 0 ,round= 10 ,epoch= 1 ,client update iteration= 170 ,loss= 2.301523447036743
2021-07-04 13:31:10  client id= 0 ,round= 10 ,epoch= 1 ,client update iteration= 180 ,loss= 2.3015334606170654
2021-07-04 13:31:12  client id= 0 ,round= 10 ,epoch= 1 ,client update iteration= 190 ,loss= 2.308178186416626
2021-07-04 13:31:14  client id= 0 ,round= 10 ,epoch= 1 ,client update iteration= 200 ,loss= 2.303854465484619
2021-07-04 13:31:16  client id= 0 ,round= 10 ,epoch= 1 ,client update iteration= 210 ,loss= 2.2989819049835205
2021-07-04 13:31:18  client id= 0 ,round= 10 ,epoch= 1 ,client update iteration= 220 ,loss= 2.30366849899292
2021-07-04 13:31:20  client id= 0 ,round= 10 ,epoch= 1 ,client update iteration= 230 ,loss= 2.30037522315979
2021-07-04 13:31:22  client id= 0 ,round= 10 ,epoch= 1 ,client update iteration= 240 ,loss= 2.2992610931396484
2021-07-04 13:31:24  client id= 0 ,round= 10 ,epoch= 1 ,client update iteration= 250 ,loss= 2.301307201385498
2021-07-04 13:31:25  client id= 0 ,round= 10 ,epoch= 1 ,client update iteration= 260 ,loss= 2.3052048683166504
2021-07-04 13:31:27  client id= 0 ,round= 10 ,epoch= 1 ,client update iteration= 270 ,loss= 2.300736665725708
2021-07-04 13:31:29  client id= 0 ,round= 10 ,epoch= 1 ,client update iteration= 280 ,loss= 2.299591302871704
2021-07-04 13:31:31  client id= 0 ,round= 10 ,epoch= 1 ,client update iteration= 290 ,loss= 2.303910255432129
2021-07-04 13:31:33  client id= 0 ,round= 10 ,epoch= 1 ,client update iteration= 300 ,loss= 2.3035571575164795
2021-07-04 13:31:35  client id= 0 ,round= 10 ,epoch= 1 ,client update iteration= 310 ,loss= 2.3065643310546875
2021-07-04 13:31:37  client id= 0 ,round= 10 ,epoch= 1 ,client update iteration= 320 ,loss= 2.3016374111175537
2021-07-04 13:31:38  client id= 0 ,round= 10 ,epoch= 1 ,client update iteration= 330 ,loss= 2.3007423877716064
2021-07-04 13:31:40  client id= 0 ,round= 10 ,epoch= 1 ,client update iteration= 340 ,loss= 2.3006653785705566
2021-07-04 13:31:42  client id= 0 ,round= 10 ,epoch= 1 ,client update iteration= 350 ,loss= 2.302736759185791
2021-07-04 13:31:44  client id= 0 ,round= 10 ,epoch= 1 ,client update iteration= 360 ,loss= 2.306091547012329
2021-07-04 13:31:46  client id= 0 ,round= 10 ,epoch= 1 ,client update iteration= 370 ,loss= 2.302664279937744
2021-07-04 13:31:48  client id= 0 ,round= 10 ,epoch= 1 ,client update iteration= 380 ,loss= 2.301604986190796
2021-07-04 13:31:50  client id= 0 ,round= 10 ,epoch= 1 ,client update iteration= 390 ,loss= 2.304631471633911
******client id  1 ******
client_update start
2021-07-04 13:31:52  client id= 1 ,round= 10 ,epoch= 1 ,client update iteration= 10 ,loss= 1328360718336.0
2021-07-04 13:31:54  client id= 1 ,round= 10 ,epoch= 1 ,client update iteration= 20 ,loss= 64.3678970336914
2021-07-04 13:31:55  client id= 1 ,round= 10 ,epoch= 1 ,client update iteration= 30 ,loss= 2.327988624572754
2021-07-04 13:31:57  client id= 1 ,round= 10 ,epoch= 1 ,client update iteration= 40 ,loss= 2.595712661743164
2021-07-04 13:31:59  client id= 1 ,round= 10 ,epoch= 1 ,client update iteration= 50 ,loss= 2.3033645153045654
2021-07-04 13:32:01  client id= 1 ,round= 10 ,epoch= 1 ,client update iteration= 60 ,loss= 2.4401357173919678
2021-07-04 13:32:03  client id= 1 ,round= 10 ,epoch= 1 ,client update iteration= 70 ,loss= 2.304814338684082
2021-07-04 13:32:05  client id= 1 ,round= 10 ,epoch= 1 ,client update iteration= 80 ,loss= 2.305609941482544
2021-07-04 13:32:07  client id= 1 ,round= 10 ,epoch= 1 ,client update iteration= 90 ,loss= 2.3042523860931396
2021-07-04 13:32:08  client id= 1 ,round= 10 ,epoch= 1 ,client update iteration= 100 ,loss= 2.2664690017700195
2021-07-04 13:32:10  client id= 1 ,round= 10 ,epoch= 1 ,client update iteration= 110 ,loss= 2.3033251762390137
2021-07-04 13:32:12  client id= 1 ,round= 10 ,epoch= 1 ,client update iteration= 120 ,loss= 2.2975735664367676
2021-07-04 13:32:14  client id= 1 ,round= 10 ,epoch= 1 ,client update iteration= 130 ,loss= 2.3009679317474365
2021-07-04 13:32:16  client id= 1 ,round= 10 ,epoch= 1 ,client update iteration= 140 ,loss= 2.3055660724639893
2021-07-04 13:32:18  client id= 1 ,round= 10 ,epoch= 1 ,client update iteration= 150 ,loss= 2.4484732151031494
2021-07-04 13:32:20  client id= 1 ,round= 10 ,epoch= 1 ,client update iteration= 160 ,loss= 2.3016610145568848
2021-07-04 13:32:22  client id= 1 ,round= 10 ,epoch= 1 ,client update iteration= 170 ,loss= 2.3007102012634277
2021-07-04 13:32:23  client id= 1 ,round= 10 ,epoch= 1 ,client update iteration= 180 ,loss= 2.2999939918518066
2021-07-04 13:32:25  client id= 1 ,round= 10 ,epoch= 1 ,client update iteration= 190 ,loss= 2.3016927242279053
2021-07-04 13:32:27  client id= 1 ,round= 10 ,epoch= 1 ,client update iteration= 200 ,loss= 2.3057098388671875
2021-07-04 13:32:29  client id= 1 ,round= 10 ,epoch= 1 ,client update iteration= 210 ,loss= 2.3016481399536133
2021-07-04 13:32:31  client id= 1 ,round= 10 ,epoch= 1 ,client update iteration= 220 ,loss= 2.3029885292053223
2021-07-04 13:32:33  client id= 1 ,round= 10 ,epoch= 1 ,client update iteration= 230 ,loss= 2.303098201751709
2021-07-04 13:32:35  client id= 1 ,round= 10 ,epoch= 1 ,client update iteration= 240 ,loss= 2.3025124073028564
2021-07-04 13:32:36  client id= 1 ,round= 10 ,epoch= 1 ,client update iteration= 250 ,loss= 2.304025888442993
2021-07-04 13:32:38  client id= 1 ,round= 10 ,epoch= 1 ,client update iteration= 260 ,loss= 2.3087759017944336
2021-07-04 13:32:40  client id= 1 ,round= 10 ,epoch= 1 ,client update iteration= 270 ,loss= 2.303084135055542
2021-07-04 13:32:42  client id= 1 ,round= 10 ,epoch= 1 ,client update iteration= 280 ,loss= 2.298826217651367
2021-07-04 13:32:44  client id= 1 ,round= 10 ,epoch= 1 ,client update iteration= 290 ,loss= 2.300217866897583
2021-07-04 13:32:46  client id= 1 ,round= 10 ,epoch= 1 ,client update iteration= 300 ,loss= 2.30290150642395
2021-07-04 13:32:48  client id= 1 ,round= 10 ,epoch= 1 ,client update iteration= 310 ,loss= 2.302382469177246
2021-07-04 13:32:50  client id= 1 ,round= 10 ,epoch= 1 ,client update iteration= 320 ,loss= 2.2995922565460205
2021-07-04 13:32:51  client id= 1 ,round= 10 ,epoch= 1 ,client update iteration= 330 ,loss= 2.2996506690979004
2021-07-04 13:32:53  client id= 1 ,round= 10 ,epoch= 1 ,client update iteration= 340 ,loss= 2.302290678024292
2021-07-04 13:32:55  client id= 1 ,round= 10 ,epoch= 1 ,client update iteration= 350 ,loss= 2.301330089569092
2021-07-04 13:32:57  client id= 1 ,round= 10 ,epoch= 1 ,client update iteration= 360 ,loss= 2.302513599395752
2021-07-04 13:32:59  client id= 1 ,round= 10 ,epoch= 1 ,client update iteration= 370 ,loss= 2.3062965869903564
2021-07-04 13:33:01  client id= 1 ,round= 10 ,epoch= 1 ,client update iteration= 380 ,loss= 2.302456855773926
2021-07-04 13:33:03  client id= 1 ,round= 10 ,epoch= 1 ,client update iteration= 390 ,loss= 2.301333427429199
end_round_time 2021-07-04 13:33:03
start add noise 2021-07-04 13:33:03
layer= 0 ratio= 0.0625
layer= 1 ratio= 0.0625
layer= 2 ratio= 0.0625
layer= 3 ratio= 0.0625
layer= 4 ratio= 0.0625
layer= 5 ratio= 0.0625
layer= 6 ratio= 0.0625
layer= 7 ratio= 0.0625
layer= 8 ratio= 0.0625
layer= 9 ratio= 0.0625
layer= 10 ratio= 0.0625
layer= 11 ratio= 0.0625
layer= 12 ratio= 0.0625
layer= 13 ratio= 0.0625
layer= 14 ratio= 0.0625
layer= 15 ratio= 0.0625
layer= 0 ratio= 0.0625
layer= 1 ratio= 0.0625
layer= 2 ratio= 0.0625
layer= 3 ratio= 0.0625
layer= 4 ratio= 0.0625
layer= 5 ratio= 0.0625
layer= 6 ratio= 0.0625
layer= 7 ratio= 0.0625
layer= 8 ratio= 0.0625
layer= 9 ratio= 0.0625
layer= 10 ratio= 0.0625
layer= 11 ratio= 0.0625
layer= 12 ratio= 0.0625
layer= 13 ratio= 0.0625
layer= 14 ratio= 0.0625
layer= 15 ratio= 0.0625
end add noise time 2021-07-04 13:33:03
average train loss= 2347005217704.3804
2021-07-04 13:33:12,round 10,val Accuracy Top1: 10.010000 %
2021-07-04 13:33:12,round 10,val Accuracy Top5: 50.000000 %
