type sample_L2
pb 15000.0
clip_bound 20.0
log_path log/Alexnet/sample_L2/False
train_data data
test_data data
batch_size 64
test_batch_size 64
lr 0.0002
momentum 0.5
no_cuda False
seed 1
log_interval 1
privacy_delta 1e-06
sample_num 500
islog True
is_ratio_list False
num_clients 2
num_rounds 10
epochs 1
ratio_type 0
平均分配eps
device cuda
loading data
load data done
AlexNet(
  (conv1): Sequential(
    (0): Conv2d(3, 96, kernel_size=(6, 6), stride=(1, 1))
    (1): ReLU()
  )
  (conv2): Sequential(
    (0): Conv2d(96, 256, kernel_size=(5, 5), stride=(1, 1), padding=(2, 2))
    (1): ReLU()
    (2): MaxPool2d(kernel_size=3, stride=2, padding=0, dilation=1, ceil_mode=False)
  )
  (conv3): Sequential(
    (0): Conv2d(256, 384, kernel_size=(3, 3), stride=(1, 1), padding=(1, 1))
    (1): ReLU()
  )
  (conv4): Sequential(
    (0): Conv2d(384, 384, kernel_size=(3, 3), stride=(1, 1), padding=(1, 1))
    (1): ReLU()
  )
  (conv5): Sequential(
    (0): Conv2d(384, 256, kernel_size=(3, 3), stride=(1, 1), padding=(1, 1))
    (1): ReLU()
    (2): MaxPool2d(kernel_size=3, stride=2, padding=0, dilation=1, ceil_mode=False)
  )
  (dense): Sequential(
    (0): Linear(in_features=9216, out_features=4096, bias=True)
    (1): ReLU()
    (2): Dropout(p=0.5, inplace=False)
    (3): Linear(in_features=4096, out_features=4096, bias=True)
    (4): ReLU()
    (5): Dropout(p=0.5, inplace=False)
    (6): Linear(in_features=4096, out_features=10, bias=True)
  )
)
********start training********
start_round_time 2021-07-04 13:33:15
******client id  0 ******
client_update start
2021-07-04 13:33:17  client id= 0 ,round= 1 ,epoch= 1 ,client update iteration= 10 ,loss= 2.2887654304504395
2021-07-04 13:33:19  client id= 0 ,round= 1 ,epoch= 1 ,client update iteration= 20 ,loss= 2.191389560699463
2021-07-04 13:33:21  client id= 0 ,round= 1 ,epoch= 1 ,client update iteration= 30 ,loss= 2.003821849822998
2021-07-04 13:33:23  client id= 0 ,round= 1 ,epoch= 1 ,client update iteration= 40 ,loss= 2.185439348220825
2021-07-04 13:33:25  client id= 0 ,round= 1 ,epoch= 1 ,client update iteration= 50 ,loss= 2.0769383907318115
2021-07-04 13:33:27  client id= 0 ,round= 1 ,epoch= 1 ,client update iteration= 60 ,loss= 2.164976119995117
2021-07-04 13:33:28  client id= 0 ,round= 1 ,epoch= 1 ,client update iteration= 70 ,loss= 2.04948353767395
2021-07-04 13:33:30  client id= 0 ,round= 1 ,epoch= 1 ,client update iteration= 80 ,loss= 2.0103023052215576
2021-07-04 13:33:32  client id= 0 ,round= 1 ,epoch= 1 ,client update iteration= 90 ,loss= 1.831130862236023
2021-07-04 13:33:34  client id= 0 ,round= 1 ,epoch= 1 ,client update iteration= 100 ,loss= 1.787668228149414
2021-07-04 13:33:36  client id= 0 ,round= 1 ,epoch= 1 ,client update iteration= 110 ,loss= 1.8098721504211426
2021-07-04 13:33:38  client id= 0 ,round= 1 ,epoch= 1 ,client update iteration= 120 ,loss= 1.9424264430999756
2021-07-04 13:33:40  client id= 0 ,round= 1 ,epoch= 1 ,client update iteration= 130 ,loss= 1.8080646991729736
2021-07-04 13:33:42  client id= 0 ,round= 1 ,epoch= 1 ,client update iteration= 140 ,loss= 1.8919135332107544
2021-07-04 13:33:43  client id= 0 ,round= 1 ,epoch= 1 ,client update iteration= 150 ,loss= 1.731362223625183
2021-07-04 13:33:45  client id= 0 ,round= 1 ,epoch= 1 ,client update iteration= 160 ,loss= 1.804018497467041
2021-07-04 13:33:47  client id= 0 ,round= 1 ,epoch= 1 ,client update iteration= 170 ,loss= 1.7934573888778687
2021-07-04 13:33:49  client id= 0 ,round= 1 ,epoch= 1 ,client update iteration= 180 ,loss= 1.726513385772705
2021-07-04 13:33:51  client id= 0 ,round= 1 ,epoch= 1 ,client update iteration= 190 ,loss= 1.5881080627441406
2021-07-04 13:33:53  client id= 0 ,round= 1 ,epoch= 1 ,client update iteration= 200 ,loss= 1.6761274337768555
2021-07-04 13:33:55  client id= 0 ,round= 1 ,epoch= 1 ,client update iteration= 210 ,loss= 1.6168292760849
2021-07-04 13:33:57  client id= 0 ,round= 1 ,epoch= 1 ,client update iteration= 220 ,loss= 1.5203425884246826
2021-07-04 13:33:59  client id= 0 ,round= 1 ,epoch= 1 ,client update iteration= 230 ,loss= 1.550881028175354
2021-07-04 13:34:01  client id= 0 ,round= 1 ,epoch= 1 ,client update iteration= 240 ,loss= 1.66667902469635
2021-07-04 13:34:03  client id= 0 ,round= 1 ,epoch= 1 ,client update iteration= 250 ,loss= 1.5707815885543823
2021-07-04 13:34:05  client id= 0 ,round= 1 ,epoch= 1 ,client update iteration= 260 ,loss= 1.5155816078186035
2021-07-04 13:34:07  client id= 0 ,round= 1 ,epoch= 1 ,client update iteration= 270 ,loss= 1.512434720993042
2021-07-04 13:34:09  client id= 0 ,round= 1 ,epoch= 1 ,client update iteration= 280 ,loss= 1.7015974521636963
2021-07-04 13:34:11  client id= 0 ,round= 1 ,epoch= 1 ,client update iteration= 290 ,loss= 1.455519199371338
2021-07-04 13:34:12  client id= 0 ,round= 1 ,epoch= 1 ,client update iteration= 300 ,loss= 1.56454598903656
2021-07-04 13:34:14  client id= 0 ,round= 1 ,epoch= 1 ,client update iteration= 310 ,loss= 1.3807740211486816
2021-07-04 13:34:16  client id= 0 ,round= 1 ,epoch= 1 ,client update iteration= 320 ,loss= 1.5488057136535645
2021-07-04 13:34:18  client id= 0 ,round= 1 ,epoch= 1 ,client update iteration= 330 ,loss= 1.4180694818496704
2021-07-04 13:34:20  client id= 0 ,round= 1 ,epoch= 1 ,client update iteration= 340 ,loss= 1.5502609014511108
2021-07-04 13:34:22  client id= 0 ,round= 1 ,epoch= 1 ,client update iteration= 350 ,loss= 1.4072874784469604
2021-07-04 13:34:24  client id= 0 ,round= 1 ,epoch= 1 ,client update iteration= 360 ,loss= 1.5894612073898315
2021-07-04 13:34:25  client id= 0 ,round= 1 ,epoch= 1 ,client update iteration= 370 ,loss= 1.354583978652954
2021-07-04 13:34:27  client id= 0 ,round= 1 ,epoch= 1 ,client update iteration= 380 ,loss= 1.3764249086380005
2021-07-04 13:34:29  client id= 0 ,round= 1 ,epoch= 1 ,client update iteration= 390 ,loss= 1.5114253759384155
******client id  1 ******
client_update start
2021-07-04 13:34:31  client id= 1 ,round= 1 ,epoch= 1 ,client update iteration= 10 ,loss= 2.2632675170898438
2021-07-04 13:34:33  client id= 1 ,round= 1 ,epoch= 1 ,client update iteration= 20 ,loss= 2.150764226913452
2021-07-04 13:34:35  client id= 1 ,round= 1 ,epoch= 1 ,client update iteration= 30 ,loss= 2.1700222492218018
2021-07-04 13:34:37  client id= 1 ,round= 1 ,epoch= 1 ,client update iteration= 40 ,loss= 2.08156156539917
2021-07-04 13:34:39  client id= 1 ,round= 1 ,epoch= 1 ,client update iteration= 50 ,loss= 2.0692527294158936
2021-07-04 13:34:41  client id= 1 ,round= 1 ,epoch= 1 ,client update iteration= 60 ,loss= 1.8881949186325073
2021-07-04 13:34:42  client id= 1 ,round= 1 ,epoch= 1 ,client update iteration= 70 ,loss= 1.710204005241394
2021-07-04 13:34:44  client id= 1 ,round= 1 ,epoch= 1 ,client update iteration= 80 ,loss= 1.8217917680740356
2021-07-04 13:34:46  client id= 1 ,round= 1 ,epoch= 1 ,client update iteration= 90 ,loss= 1.7872482538223267
2021-07-04 13:34:48  client id= 1 ,round= 1 ,epoch= 1 ,client update iteration= 100 ,loss= 1.773762583732605
2021-07-04 13:34:50  client id= 1 ,round= 1 ,epoch= 1 ,client update iteration= 110 ,loss= 1.674593210220337
2021-07-04 13:34:52  client id= 1 ,round= 1 ,epoch= 1 ,client update iteration= 120 ,loss= 1.7496337890625
2021-07-04 13:34:54  client id= 1 ,round= 1 ,epoch= 1 ,client update iteration= 130 ,loss= 1.7694143056869507
2021-07-04 13:34:55  client id= 1 ,round= 1 ,epoch= 1 ,client update iteration= 140 ,loss= 1.8926358222961426
2021-07-04 13:34:57  client id= 1 ,round= 1 ,epoch= 1 ,client update iteration= 150 ,loss= 1.9684062004089355
2021-07-04 13:34:59  client id= 1 ,round= 1 ,epoch= 1 ,client update iteration= 160 ,loss= 1.6619811058044434
2021-07-04 13:35:01  client id= 1 ,round= 1 ,epoch= 1 ,client update iteration= 170 ,loss= 1.6979824304580688
2021-07-04 13:35:03  client id= 1 ,round= 1 ,epoch= 1 ,client update iteration= 180 ,loss= 1.6096711158752441
2021-07-04 13:35:05  client id= 1 ,round= 1 ,epoch= 1 ,client update iteration= 190 ,loss= 1.7512472867965698
2021-07-04 13:35:07  client id= 1 ,round= 1 ,epoch= 1 ,client update iteration= 200 ,loss= 1.5706818103790283
2021-07-04 13:35:08  client id= 1 ,round= 1 ,epoch= 1 ,client update iteration= 210 ,loss= 1.6377439498901367
2021-07-04 13:35:10  client id= 1 ,round= 1 ,epoch= 1 ,client update iteration= 220 ,loss= 1.515819787979126
2021-07-04 13:35:12  client id= 1 ,round= 1 ,epoch= 1 ,client update iteration= 230 ,loss= 1.7624013423919678
2021-07-04 13:35:14  client id= 1 ,round= 1 ,epoch= 1 ,client update iteration= 240 ,loss= 1.4558695554733276
2021-07-04 13:35:16  client id= 1 ,round= 1 ,epoch= 1 ,client update iteration= 250 ,loss= 1.5512539148330688
2021-07-04 13:35:18  client id= 1 ,round= 1 ,epoch= 1 ,client update iteration= 260 ,loss= 1.4725775718688965
2021-07-04 13:35:20  client id= 1 ,round= 1 ,epoch= 1 ,client update iteration= 270 ,loss= 1.4869287014007568
2021-07-04 13:35:21  client id= 1 ,round= 1 ,epoch= 1 ,client update iteration= 280 ,loss= 1.4704686403274536
2021-07-04 13:35:23  client id= 1 ,round= 1 ,epoch= 1 ,client update iteration= 290 ,loss= 1.5755034685134888
2021-07-04 13:35:25  client id= 1 ,round= 1 ,epoch= 1 ,client update iteration= 300 ,loss= 1.5306675434112549
2021-07-04 13:35:27  client id= 1 ,round= 1 ,epoch= 1 ,client update iteration= 310 ,loss= 1.471724510192871
2021-07-04 13:35:29  client id= 1 ,round= 1 ,epoch= 1 ,client update iteration= 320 ,loss= 1.38522469997406
2021-07-04 13:35:31  client id= 1 ,round= 1 ,epoch= 1 ,client update iteration= 330 ,loss= 1.3893860578536987
2021-07-04 13:35:33  client id= 1 ,round= 1 ,epoch= 1 ,client update iteration= 340 ,loss= 1.5178606510162354
2021-07-04 13:35:34  client id= 1 ,round= 1 ,epoch= 1 ,client update iteration= 350 ,loss= 1.5224995613098145
2021-07-04 13:35:36  client id= 1 ,round= 1 ,epoch= 1 ,client update iteration= 360 ,loss= 1.6141595840454102
2021-07-04 13:35:38  client id= 1 ,round= 1 ,epoch= 1 ,client update iteration= 370 ,loss= 1.3661847114562988
2021-07-04 13:35:40  client id= 1 ,round= 1 ,epoch= 1 ,client update iteration= 380 ,loss= 1.3967732191085815
2021-07-04 13:35:42  client id= 1 ,round= 1 ,epoch= 1 ,client update iteration= 390 ,loss= 1.5001012086868286
end_round_time 2021-07-04 13:35:42
start add noise 2021-07-04 13:35:42
layer= 0 ratio= 0.0625
layer= 1 ratio= 0.0625
layer= 2 ratio= 0.0625
layer= 3 ratio= 0.0625
layer= 4 ratio= 0.0625
layer= 5 ratio= 0.0625
layer= 6 ratio= 0.0625
layer= 7 ratio= 0.0625
layer= 8 ratio= 0.0625
layer= 9 ratio= 0.0625
layer= 10 ratio= 0.0625
layer= 11 ratio= 0.0625
layer= 12 ratio= 0.0625
layer= 13 ratio= 0.0625
layer= 14 ratio= 0.0625
layer= 15 ratio= 0.0625
layer= 0 ratio= 0.0625
layer= 1 ratio= 0.0625
layer= 2 ratio= 0.0625
layer= 3 ratio= 0.0625
layer= 4 ratio= 0.0625
layer= 5 ratio= 0.0625
layer= 6 ratio= 0.0625
layer= 7 ratio= 0.0625
layer= 8 ratio= 0.0625
layer= 9 ratio= 0.0625
layer= 10 ratio= 0.0625
layer= 11 ratio= 0.0625
layer= 12 ratio= 0.0625
layer= 13 ratio= 0.0625
layer= 14 ratio= 0.0625
layer= 15 ratio= 0.0625
end add noise time 2021-07-04 13:35:42
average train loss= 1.7118241428719152
2021-07-04 13:35:51,round 1,val Accuracy Top1: 20.890000 %
2021-07-04 13:35:51,round 1,val Accuracy Top5: 72.960000 %
start_round_time 2021-07-04 13:35:51
******client id  0 ******
client_update start
2021-07-04 13:35:53  client id= 0 ,round= 2 ,epoch= 1 ,client update iteration= 10 ,loss= 1.7117705345153809
2021-07-04 13:35:55  client id= 0 ,round= 2 ,epoch= 1 ,client update iteration= 20 ,loss= 1.635819435119629
2021-07-04 13:35:56  client id= 0 ,round= 2 ,epoch= 1 ,client update iteration= 30 ,loss= 1.7094014883041382
2021-07-04 13:35:58  client id= 0 ,round= 2 ,epoch= 1 ,client update iteration= 40 ,loss= 1.6225521564483643
2021-07-04 13:36:00  client id= 0 ,round= 2 ,epoch= 1 ,client update iteration= 50 ,loss= 1.9324018955230713
2021-07-04 13:36:02  client id= 0 ,round= 2 ,epoch= 1 ,client update iteration= 60 ,loss= 1.4605066776275635
2021-07-04 13:36:04  client id= 0 ,round= 2 ,epoch= 1 ,client update iteration= 70 ,loss= 1.4097774028778076
2021-07-04 13:36:06  client id= 0 ,round= 2 ,epoch= 1 ,client update iteration= 80 ,loss= 1.447645902633667
2021-07-04 13:36:08  client id= 0 ,round= 2 ,epoch= 1 ,client update iteration= 90 ,loss= 1.2730445861816406
2021-07-04 13:36:09  client id= 0 ,round= 2 ,epoch= 1 ,client update iteration= 100 ,loss= 1.3930314779281616
2021-07-04 13:36:11  client id= 0 ,round= 2 ,epoch= 1 ,client update iteration= 110 ,loss= 1.2800430059432983
2021-07-04 13:36:13  client id= 0 ,round= 2 ,epoch= 1 ,client update iteration= 120 ,loss= 1.147997498512268
2021-07-04 13:36:15  client id= 0 ,round= 2 ,epoch= 1 ,client update iteration= 130 ,loss= 1.3338443040847778
2021-07-04 13:36:17  client id= 0 ,round= 2 ,epoch= 1 ,client update iteration= 140 ,loss= 1.6287788152694702
2021-07-04 13:36:19  client id= 0 ,round= 2 ,epoch= 1 ,client update iteration= 150 ,loss= 1.5504848957061768
2021-07-04 13:36:21  client id= 0 ,round= 2 ,epoch= 1 ,client update iteration= 160 ,loss= 1.1576900482177734
2021-07-04 13:36:22  client id= 0 ,round= 2 ,epoch= 1 ,client update iteration= 170 ,loss= 1.233642816543579
2021-07-04 13:36:24  client id= 0 ,round= 2 ,epoch= 1 ,client update iteration= 180 ,loss= 1.3866963386535645
2021-07-04 13:36:26  client id= 0 ,round= 2 ,epoch= 1 ,client update iteration= 190 ,loss= 1.1757147312164307
2021-07-04 13:36:28  client id= 0 ,round= 2 ,epoch= 1 ,client update iteration= 200 ,loss= 1.4052155017852783
2021-07-04 13:36:30  client id= 0 ,round= 2 ,epoch= 1 ,client update iteration= 210 ,loss= 1.3875904083251953
2021-07-04 13:36:32  client id= 0 ,round= 2 ,epoch= 1 ,client update iteration= 220 ,loss= 1.4265978336334229
2021-07-04 13:36:34  client id= 0 ,round= 2 ,epoch= 1 ,client update iteration= 230 ,loss= 1.12679123878479
2021-07-04 13:36:35  client id= 0 ,round= 2 ,epoch= 1 ,client update iteration= 240 ,loss= 1.057603359222412
2021-07-04 13:36:37  client id= 0 ,round= 2 ,epoch= 1 ,client update iteration= 250 ,loss= 1.2397578954696655
2021-07-04 13:36:39  client id= 0 ,round= 2 ,epoch= 1 ,client update iteration= 260 ,loss= 1.266999363899231
2021-07-04 13:36:41  client id= 0 ,round= 2 ,epoch= 1 ,client update iteration= 270 ,loss= 1.130825400352478
2021-07-04 13:36:43  client id= 0 ,round= 2 ,epoch= 1 ,client update iteration= 280 ,loss= 1.2364370822906494
2021-07-04 13:36:45  client id= 0 ,round= 2 ,epoch= 1 ,client update iteration= 290 ,loss= 1.089743733406067
2021-07-04 13:36:47  client id= 0 ,round= 2 ,epoch= 1 ,client update iteration= 300 ,loss= 1.2356113195419312
2021-07-04 13:36:48  client id= 0 ,round= 2 ,epoch= 1 ,client update iteration= 310 ,loss= 1.5037094354629517
2021-07-04 13:36:50  client id= 0 ,round= 2 ,epoch= 1 ,client update iteration= 320 ,loss= 1.268716812133789
2021-07-04 13:36:52  client id= 0 ,round= 2 ,epoch= 1 ,client update iteration= 330 ,loss= 1.2560484409332275
2021-07-04 13:36:54  client id= 0 ,round= 2 ,epoch= 1 ,client update iteration= 340 ,loss= 0.9617829322814941
2021-07-04 13:36:56  client id= 0 ,round= 2 ,epoch= 1 ,client update iteration= 350 ,loss= 1.25773024559021
2021-07-04 13:36:58  client id= 0 ,round= 2 ,epoch= 1 ,client update iteration= 360 ,loss= 1.3377019166946411
2021-07-04 13:37:00  client id= 0 ,round= 2 ,epoch= 1 ,client update iteration= 370 ,loss= 1.2382255792617798
2021-07-04 13:37:02  client id= 0 ,round= 2 ,epoch= 1 ,client update iteration= 380 ,loss= 1.384321928024292
2021-07-04 13:37:03  client id= 0 ,round= 2 ,epoch= 1 ,client update iteration= 390 ,loss= 0.9575886726379395
******client id  1 ******
client_update start
2021-07-04 13:37:05  client id= 1 ,round= 2 ,epoch= 1 ,client update iteration= 10 ,loss= 1.6157337427139282
2021-07-04 13:37:07  client id= 1 ,round= 2 ,epoch= 1 ,client update iteration= 20 ,loss= 1.7570239305496216
2021-07-04 13:37:09  client id= 1 ,round= 2 ,epoch= 1 ,client update iteration= 30 ,loss= 1.5792973041534424
2021-07-04 13:37:11  client id= 1 ,round= 2 ,epoch= 1 ,client update iteration= 40 ,loss= 1.4485255479812622
2021-07-04 13:37:13  client id= 1 ,round= 2 ,epoch= 1 ,client update iteration= 50 ,loss= 1.7314579486846924
2021-07-04 13:37:15  client id= 1 ,round= 2 ,epoch= 1 ,client update iteration= 60 ,loss= 1.483656644821167
2021-07-04 13:37:17  client id= 1 ,round= 2 ,epoch= 1 ,client update iteration= 70 ,loss= 1.5744402408599854
2021-07-04 13:37:18  client id= 1 ,round= 2 ,epoch= 1 ,client update iteration= 80 ,loss= 1.686625361442566
2021-07-04 13:37:20  client id= 1 ,round= 2 ,epoch= 1 ,client update iteration= 90 ,loss= 1.5239225625991821
2021-07-04 13:37:22  client id= 1 ,round= 2 ,epoch= 1 ,client update iteration= 100 ,loss= 1.3979532718658447
2021-07-04 13:37:24  client id= 1 ,round= 2 ,epoch= 1 ,client update iteration= 110 ,loss= 1.416742205619812
2021-07-04 13:37:26  client id= 1 ,round= 2 ,epoch= 1 ,client update iteration= 120 ,loss= 1.2050371170043945
2021-07-04 13:37:28  client id= 1 ,round= 2 ,epoch= 1 ,client update iteration= 130 ,loss= 1.3682763576507568
2021-07-04 13:37:30  client id= 1 ,round= 2 ,epoch= 1 ,client update iteration= 140 ,loss= 1.465102195739746
2021-07-04 13:37:31  client id= 1 ,round= 2 ,epoch= 1 ,client update iteration= 150 ,loss= 1.4616703987121582
2021-07-04 13:37:33  client id= 1 ,round= 2 ,epoch= 1 ,client update iteration= 160 ,loss= 1.3864521980285645
2021-07-04 13:37:35  client id= 1 ,round= 2 ,epoch= 1 ,client update iteration= 170 ,loss= 1.416883111000061
2021-07-04 13:37:37  client id= 1 ,round= 2 ,epoch= 1 ,client update iteration= 180 ,loss= 1.2547109127044678
2021-07-04 13:37:39  client id= 1 ,round= 2 ,epoch= 1 ,client update iteration= 190 ,loss= 1.0814297199249268
2021-07-04 13:37:41  client id= 1 ,round= 2 ,epoch= 1 ,client update iteration= 200 ,loss= 1.352769374847412
2021-07-04 13:37:43  client id= 1 ,round= 2 ,epoch= 1 ,client update iteration= 210 ,loss= 1.216555118560791
2021-07-04 13:37:44  client id= 1 ,round= 2 ,epoch= 1 ,client update iteration= 220 ,loss= 1.35970139503479
2021-07-04 13:37:46  client id= 1 ,round= 2 ,epoch= 1 ,client update iteration= 230 ,loss= 1.2881584167480469
2021-07-04 13:37:48  client id= 1 ,round= 2 ,epoch= 1 ,client update iteration= 240 ,loss= 1.1236141920089722
2021-07-04 13:37:50  client id= 1 ,round= 2 ,epoch= 1 ,client update iteration= 250 ,loss= 1.0721018314361572
2021-07-04 13:37:52  client id= 1 ,round= 2 ,epoch= 1 ,client update iteration= 260 ,loss= 1.2382992506027222
2021-07-04 13:37:54  client id= 1 ,round= 2 ,epoch= 1 ,client update iteration= 270 ,loss= 1.1930073499679565
2021-07-04 13:37:56  client id= 1 ,round= 2 ,epoch= 1 ,client update iteration= 280 ,loss= 1.0632665157318115
2021-07-04 13:37:57  client id= 1 ,round= 2 ,epoch= 1 ,client update iteration= 290 ,loss= 0.9796150922775269
2021-07-04 13:37:59  client id= 1 ,round= 2 ,epoch= 1 ,client update iteration= 300 ,loss= 1.0865309238433838
2021-07-04 13:38:01  client id= 1 ,round= 2 ,epoch= 1 ,client update iteration= 310 ,loss= 1.4097914695739746
2021-07-04 13:38:03  client id= 1 ,round= 2 ,epoch= 1 ,client update iteration= 320 ,loss= 1.1577374935150146
2021-07-04 13:38:05  client id= 1 ,round= 2 ,epoch= 1 ,client update iteration= 330 ,loss= 1.162514567375183
2021-07-04 13:38:07  client id= 1 ,round= 2 ,epoch= 1 ,client update iteration= 340 ,loss= 0.9608714580535889
2021-07-04 13:38:09  client id= 1 ,round= 2 ,epoch= 1 ,client update iteration= 350 ,loss= 1.2562897205352783
2021-07-04 13:38:10  client id= 1 ,round= 2 ,epoch= 1 ,client update iteration= 360 ,loss= 0.9805139303207397
2021-07-04 13:38:12  client id= 1 ,round= 2 ,epoch= 1 ,client update iteration= 370 ,loss= 1.3909322023391724
2021-07-04 13:38:14  client id= 1 ,round= 2 ,epoch= 1 ,client update iteration= 380 ,loss= 1.3152103424072266
2021-07-04 13:38:16  client id= 1 ,round= 2 ,epoch= 1 ,client update iteration= 390 ,loss= 0.9584143161773682
end_round_time 2021-07-04 13:38:16
start add noise 2021-07-04 13:38:16
layer= 0 ratio= 0.0625
layer= 1 ratio= 0.0625
layer= 2 ratio= 0.0625
layer= 3 ratio= 0.0625
layer= 4 ratio= 0.0625
layer= 5 ratio= 0.0625
layer= 6 ratio= 0.0625
layer= 7 ratio= 0.0625
layer= 8 ratio= 0.0625
layer= 9 ratio= 0.0625
layer= 10 ratio= 0.0625
layer= 11 ratio= 0.0625
layer= 12 ratio= 0.0625
layer= 13 ratio= 0.0625
layer= 14 ratio= 0.0625
layer= 15 ratio= 0.0625
layer= 0 ratio= 0.0625
layer= 1 ratio= 0.0625
layer= 2 ratio= 0.0625
layer= 3 ratio= 0.0625
layer= 4 ratio= 0.0625
layer= 5 ratio= 0.0625
layer= 6 ratio= 0.0625
layer= 7 ratio= 0.0625
layer= 8 ratio= 0.0625
layer= 9 ratio= 0.0625
layer= 10 ratio= 0.0625
layer= 11 ratio= 0.0625
layer= 12 ratio= 0.0625
layer= 13 ratio= 0.0625
layer= 14 ratio= 0.0625
layer= 15 ratio= 0.0625
end add noise time 2021-07-04 13:38:16
average train loss= 1.3424612511606777
2021-07-04 13:38:25,round 2,val Accuracy Top1: 48.750000 %
2021-07-04 13:38:25,round 2,val Accuracy Top5: 93.240000 %
start_round_time 2021-07-04 13:38:25
******client id  0 ******
client_update start
2021-07-04 13:38:27  client id= 0 ,round= 3 ,epoch= 1 ,client update iteration= 10 ,loss= 1.5653287172317505
2021-07-04 13:38:29  client id= 0 ,round= 3 ,epoch= 1 ,client update iteration= 20 ,loss= 1.3986120223999023
2021-07-04 13:38:31  client id= 0 ,round= 3 ,epoch= 1 ,client update iteration= 30 ,loss= 1.2267752885818481
2021-07-04 13:38:32  client id= 0 ,round= 3 ,epoch= 1 ,client update iteration= 40 ,loss= 1.387818694114685
2021-07-04 13:38:34  client id= 0 ,round= 3 ,epoch= 1 ,client update iteration= 50 ,loss= 1.5741760730743408
2021-07-04 13:38:36  client id= 0 ,round= 3 ,epoch= 1 ,client update iteration= 60 ,loss= 1.0610265731811523
2021-07-04 13:38:38  client id= 0 ,round= 3 ,epoch= 1 ,client update iteration= 70 ,loss= 1.1415600776672363
2021-07-04 13:38:40  client id= 0 ,round= 3 ,epoch= 1 ,client update iteration= 80 ,loss= 1.130469560623169
2021-07-04 13:38:42  client id= 0 ,round= 3 ,epoch= 1 ,client update iteration= 90 ,loss= 1.0927397012710571
2021-07-04 13:38:44  client id= 0 ,round= 3 ,epoch= 1 ,client update iteration= 100 ,loss= 1.3457915782928467
2021-07-04 13:38:45  client id= 0 ,round= 3 ,epoch= 1 ,client update iteration= 110 ,loss= 1.19064462184906
2021-07-04 13:38:47  client id= 0 ,round= 3 ,epoch= 1 ,client update iteration= 120 ,loss= 1.1418325901031494
2021-07-04 13:38:49  client id= 0 ,round= 3 ,epoch= 1 ,client update iteration= 130 ,loss= 1.241764783859253
2021-07-04 13:38:51  client id= 0 ,round= 3 ,epoch= 1 ,client update iteration= 140 ,loss= 1.0854994058609009
2021-07-04 13:38:53  client id= 0 ,round= 3 ,epoch= 1 ,client update iteration= 150 ,loss= 1.248724102973938
2021-07-04 13:38:55  client id= 0 ,round= 3 ,epoch= 1 ,client update iteration= 160 ,loss= 1.0387804508209229
2021-07-04 13:38:57  client id= 0 ,round= 3 ,epoch= 1 ,client update iteration= 170 ,loss= 0.7703192830085754
2021-07-04 13:38:58  client id= 0 ,round= 3 ,epoch= 1 ,client update iteration= 180 ,loss= 1.1027894020080566
2021-07-04 13:39:00  client id= 0 ,round= 3 ,epoch= 1 ,client update iteration= 190 ,loss= 1.1980009078979492
2021-07-04 13:39:02  client id= 0 ,round= 3 ,epoch= 1 ,client update iteration= 200 ,loss= 0.959479808807373
2021-07-04 13:39:04  client id= 0 ,round= 3 ,epoch= 1 ,client update iteration= 210 ,loss= 1.1684449911117554
2021-07-04 13:39:06  client id= 0 ,round= 3 ,epoch= 1 ,client update iteration= 220 ,loss= 1.0987026691436768
2021-07-04 13:39:08  client id= 0 ,round= 3 ,epoch= 1 ,client update iteration= 230 ,loss= 1.1644259691238403
2021-07-04 13:39:10  client id= 0 ,round= 3 ,epoch= 1 ,client update iteration= 240 ,loss= 0.9478961229324341
2021-07-04 13:39:11  client id= 0 ,round= 3 ,epoch= 1 ,client update iteration= 250 ,loss= 1.188500165939331
2021-07-04 13:39:13  client id= 0 ,round= 3 ,epoch= 1 ,client update iteration= 260 ,loss= 0.868848979473114
2021-07-04 13:39:15  client id= 0 ,round= 3 ,epoch= 1 ,client update iteration= 270 ,loss= 1.396592378616333
2021-07-04 13:39:17  client id= 0 ,round= 3 ,epoch= 1 ,client update iteration= 280 ,loss= 1.2557575702667236
2021-07-04 13:39:19  client id= 0 ,round= 3 ,epoch= 1 ,client update iteration= 290 ,loss= 0.952737033367157
2021-07-04 13:39:21  client id= 0 ,round= 3 ,epoch= 1 ,client update iteration= 300 ,loss= 0.743265688419342
2021-07-04 13:39:23  client id= 0 ,round= 3 ,epoch= 1 ,client update iteration= 310 ,loss= 0.9414006471633911
2021-07-04 13:39:24  client id= 0 ,round= 3 ,epoch= 1 ,client update iteration= 320 ,loss= 1.0417734384536743
2021-07-04 13:39:26  client id= 0 ,round= 3 ,epoch= 1 ,client update iteration= 330 ,loss= 0.9520732164382935
2021-07-04 13:39:28  client id= 0 ,round= 3 ,epoch= 1 ,client update iteration= 340 ,loss= 0.8430785536766052
2021-07-04 13:39:30  client id= 0 ,round= 3 ,epoch= 1 ,client update iteration= 350 ,loss= 1.0668753385543823
2021-07-04 13:39:32  client id= 0 ,round= 3 ,epoch= 1 ,client update iteration= 360 ,loss= 1.0046104192733765
2021-07-04 13:39:34  client id= 0 ,round= 3 ,epoch= 1 ,client update iteration= 370 ,loss= 1.0752317905426025
2021-07-04 13:39:36  client id= 0 ,round= 3 ,epoch= 1 ,client update iteration= 380 ,loss= 1.0285968780517578
2021-07-04 13:39:37  client id= 0 ,round= 3 ,epoch= 1 ,client update iteration= 390 ,loss= 0.8351538777351379
******client id  1 ******
client_update start
2021-07-04 13:39:39  client id= 1 ,round= 3 ,epoch= 1 ,client update iteration= 10 ,loss= 1.5296858549118042
2021-07-04 13:39:41  client id= 1 ,round= 3 ,epoch= 1 ,client update iteration= 20 ,loss= 1.6001968383789062
2021-07-04 13:39:43  client id= 1 ,round= 3 ,epoch= 1 ,client update iteration= 30 ,loss= 1.430342435836792
2021-07-04 13:39:45  client id= 1 ,round= 3 ,epoch= 1 ,client update iteration= 40 ,loss= 1.3427119255065918
2021-07-04 13:39:47  client id= 1 ,round= 3 ,epoch= 1 ,client update iteration= 50 ,loss= 1.0574109554290771
2021-07-04 13:39:49  client id= 1 ,round= 3 ,epoch= 1 ,client update iteration= 60 ,loss= 1.1550244092941284
2021-07-04 13:39:51  client id= 1 ,round= 3 ,epoch= 1 ,client update iteration= 70 ,loss= 1.2371556758880615
2021-07-04 13:39:52  client id= 1 ,round= 3 ,epoch= 1 ,client update iteration= 80 ,loss= 1.282889485359192
2021-07-04 13:39:54  client id= 1 ,round= 3 ,epoch= 1 ,client update iteration= 90 ,loss= 1.3070927858352661
2021-07-04 13:39:56  client id= 1 ,round= 3 ,epoch= 1 ,client update iteration= 100 ,loss= 1.1815601587295532
2021-07-04 13:39:58  client id= 1 ,round= 3 ,epoch= 1 ,client update iteration= 110 ,loss= 1.4184625148773193
2021-07-04 13:40:00  client id= 1 ,round= 3 ,epoch= 1 ,client update iteration= 120 ,loss= 1.4366576671600342
2021-07-04 13:40:02  client id= 1 ,round= 3 ,epoch= 1 ,client update iteration= 130 ,loss= 1.0470120906829834
2021-07-04 13:40:04  client id= 1 ,round= 3 ,epoch= 1 ,client update iteration= 140 ,loss= 1.168009638786316
2021-07-04 13:40:05  client id= 1 ,round= 3 ,epoch= 1 ,client update iteration= 150 ,loss= 0.918182909488678
2021-07-04 13:40:07  client id= 1 ,round= 3 ,epoch= 1 ,client update iteration= 160 ,loss= 1.5230976343154907
2021-07-04 13:40:09  client id= 1 ,round= 3 ,epoch= 1 ,client update iteration= 170 ,loss= 1.0227113962173462
2021-07-04 13:40:11  client id= 1 ,round= 3 ,epoch= 1 ,client update iteration= 180 ,loss= 0.8859213590621948
2021-07-04 13:40:13  client id= 1 ,round= 3 ,epoch= 1 ,client update iteration= 190 ,loss= 0.9997407793998718
2021-07-04 13:40:15  client id= 1 ,round= 3 ,epoch= 1 ,client update iteration= 200 ,loss= 1.1839007139205933
2021-07-04 13:40:17  client id= 1 ,round= 3 ,epoch= 1 ,client update iteration= 210 ,loss= 1.1055362224578857
2021-07-04 13:40:18  client id= 1 ,round= 3 ,epoch= 1 ,client update iteration= 220 ,loss= 1.2352137565612793
2021-07-04 13:40:20  client id= 1 ,round= 3 ,epoch= 1 ,client update iteration= 230 ,loss= 1.1991220712661743
2021-07-04 13:40:22  client id= 1 ,round= 3 ,epoch= 1 ,client update iteration= 240 ,loss= 1.1877859830856323
2021-07-04 13:40:24  client id= 1 ,round= 3 ,epoch= 1 ,client update iteration= 250 ,loss= 1.1852220296859741
2021-07-04 13:40:26  client id= 1 ,round= 3 ,epoch= 1 ,client update iteration= 260 ,loss= 0.9284517168998718
2021-07-04 13:40:28  client id= 1 ,round= 3 ,epoch= 1 ,client update iteration= 270 ,loss= 0.9471178650856018
2021-07-04 13:40:30  client id= 1 ,round= 3 ,epoch= 1 ,client update iteration= 280 ,loss= 1.3450853824615479
2021-07-04 13:40:31  client id= 1 ,round= 3 ,epoch= 1 ,client update iteration= 290 ,loss= 0.9109814763069153
2021-07-04 13:40:33  client id= 1 ,round= 3 ,epoch= 1 ,client update iteration= 300 ,loss= 0.9968885779380798
2021-07-04 13:40:35  client id= 1 ,round= 3 ,epoch= 1 ,client update iteration= 310 ,loss= 0.9837798476219177
2021-07-04 13:40:37  client id= 1 ,round= 3 ,epoch= 1 ,client update iteration= 320 ,loss= 1.1320987939834595
2021-07-04 13:40:39  client id= 1 ,round= 3 ,epoch= 1 ,client update iteration= 330 ,loss= 0.8962981700897217
2021-07-04 13:40:41  client id= 1 ,round= 3 ,epoch= 1 ,client update iteration= 340 ,loss= 0.8773725032806396
2021-07-04 13:40:43  client id= 1 ,round= 3 ,epoch= 1 ,client update iteration= 350 ,loss= 0.844234824180603
2021-07-04 13:40:44  client id= 1 ,round= 3 ,epoch= 1 ,client update iteration= 360 ,loss= 1.0263994932174683
2021-07-04 13:40:46  client id= 1 ,round= 3 ,epoch= 1 ,client update iteration= 370 ,loss= 1.3711097240447998
2021-07-04 13:40:48  client id= 1 ,round= 3 ,epoch= 1 ,client update iteration= 380 ,loss= 0.728299617767334
2021-07-04 13:40:50  client id= 1 ,round= 3 ,epoch= 1 ,client update iteration= 390 ,loss= 1.1427068710327148
end_round_time 2021-07-04 13:40:50
start add noise 2021-07-04 13:40:50
layer= 0 ratio= 0.0625
layer= 1 ratio= 0.0625
layer= 2 ratio= 0.0625
layer= 3 ratio= 0.0625
layer= 4 ratio= 0.0625
layer= 5 ratio= 0.0625
layer= 6 ratio= 0.0625
layer= 7 ratio= 0.0625
layer= 8 ratio= 0.0625
layer= 9 ratio= 0.0625
layer= 10 ratio= 0.0625
layer= 11 ratio= 0.0625
layer= 12 ratio= 0.0625
layer= 13 ratio= 0.0625
layer= 14 ratio= 0.0625
layer= 15 ratio= 0.0625
layer= 0 ratio= 0.0625
layer= 1 ratio= 0.0625
layer= 2 ratio= 0.0625
layer= 3 ratio= 0.0625
layer= 4 ratio= 0.0625
layer= 5 ratio= 0.0625
layer= 6 ratio= 0.0625
layer= 7 ratio= 0.0625
layer= 8 ratio= 0.0625
layer= 9 ratio= 0.0625
layer= 10 ratio= 0.0625
layer= 11 ratio= 0.0625
layer= 12 ratio= 0.0625
layer= 13 ratio= 0.0625
layer= 14 ratio= 0.0625
layer= 15 ratio= 0.0625
end add noise time 2021-07-04 13:40:50
average train loss= 1.129170025477324
2021-07-04 13:40:59,round 3,val Accuracy Top1: 17.700000 %
2021-07-04 13:40:59,round 3,val Accuracy Top5: 81.410000 %
start_round_time 2021-07-04 13:40:59
******client id  0 ******
client_update start
2021-07-04 13:41:01  client id= 0 ,round= 4 ,epoch= 1 ,client update iteration= 10 ,loss= 2.3579258918762207
2021-07-04 13:41:03  client id= 0 ,round= 4 ,epoch= 1 ,client update iteration= 20 ,loss= 2.364190101623535
2021-07-04 13:41:05  client id= 0 ,round= 4 ,epoch= 1 ,client update iteration= 30 ,loss= 2.2225215435028076
2021-07-04 13:41:06  client id= 0 ,round= 4 ,epoch= 1 ,client update iteration= 40 ,loss= 2.1490375995635986
2021-07-04 13:41:08  client id= 0 ,round= 4 ,epoch= 1 ,client update iteration= 50 ,loss= 2.3153722286224365
2021-07-04 13:41:10  client id= 0 ,round= 4 ,epoch= 1 ,client update iteration= 60 ,loss= 2.0335776805877686
2021-07-04 13:41:12  client id= 0 ,round= 4 ,epoch= 1 ,client update iteration= 70 ,loss= 2.046069383621216
2021-07-04 13:41:14  client id= 0 ,round= 4 ,epoch= 1 ,client update iteration= 80 ,loss= 2.029817581176758
2021-07-04 13:41:16  client id= 0 ,round= 4 ,epoch= 1 ,client update iteration= 90 ,loss= 1.964187741279602
2021-07-04 13:41:17  client id= 0 ,round= 4 ,epoch= 1 ,client update iteration= 100 ,loss= 1.8484163284301758
2021-07-04 13:41:19  client id= 0 ,round= 4 ,epoch= 1 ,client update iteration= 110 ,loss= 2.0267958641052246
2021-07-04 13:41:21  client id= 0 ,round= 4 ,epoch= 1 ,client update iteration= 120 ,loss= 1.745036005973816
2021-07-04 13:41:23  client id= 0 ,round= 4 ,epoch= 1 ,client update iteration= 130 ,loss= 1.8520785570144653
2021-07-04 13:41:25  client id= 0 ,round= 4 ,epoch= 1 ,client update iteration= 140 ,loss= 1.8036834001541138
2021-07-04 13:41:27  client id= 0 ,round= 4 ,epoch= 1 ,client update iteration= 150 ,loss= 1.8800170421600342
2021-07-04 13:41:29  client id= 0 ,round= 4 ,epoch= 1 ,client update iteration= 160 ,loss= 1.7919065952301025
2021-07-04 13:41:30  client id= 0 ,round= 4 ,epoch= 1 ,client update iteration= 170 ,loss= 1.720905065536499
2021-07-04 13:41:32  client id= 0 ,round= 4 ,epoch= 1 ,client update iteration= 180 ,loss= 1.6334469318389893
2021-07-04 13:41:34  client id= 0 ,round= 4 ,epoch= 1 ,client update iteration= 190 ,loss= 1.6398828029632568
2021-07-04 13:41:36  client id= 0 ,round= 4 ,epoch= 1 ,client update iteration= 200 ,loss= 1.7264665365219116
2021-07-04 13:41:38  client id= 0 ,round= 4 ,epoch= 1 ,client update iteration= 210 ,loss= 1.5000754594802856
2021-07-04 13:41:40  client id= 0 ,round= 4 ,epoch= 1 ,client update iteration= 220 ,loss= 1.5582207441329956
2021-07-04 13:41:42  client id= 0 ,round= 4 ,epoch= 1 ,client update iteration= 230 ,loss= 1.789696455001831
2021-07-04 13:41:43  client id= 0 ,round= 4 ,epoch= 1 ,client update iteration= 240 ,loss= 1.5380111932754517
2021-07-04 13:41:45  client id= 0 ,round= 4 ,epoch= 1 ,client update iteration= 250 ,loss= 1.5272423028945923
2021-07-04 13:41:47  client id= 0 ,round= 4 ,epoch= 1 ,client update iteration= 260 ,loss= 1.5279573202133179
2021-07-04 13:41:49  client id= 0 ,round= 4 ,epoch= 1 ,client update iteration= 270 ,loss= 1.7009499073028564
2021-07-04 13:41:51  client id= 0 ,round= 4 ,epoch= 1 ,client update iteration= 280 ,loss= 1.559624195098877
2021-07-04 13:41:53  client id= 0 ,round= 4 ,epoch= 1 ,client update iteration= 290 ,loss= 1.709902048110962
2021-07-04 13:41:54  client id= 0 ,round= 4 ,epoch= 1 ,client update iteration= 300 ,loss= 1.6227943897247314
2021-07-04 13:41:56  client id= 0 ,round= 4 ,epoch= 1 ,client update iteration= 310 ,loss= 1.3920124769210815
2021-07-04 13:41:58  client id= 0 ,round= 4 ,epoch= 1 ,client update iteration= 320 ,loss= 1.3527647256851196
2021-07-04 13:42:00  client id= 0 ,round= 4 ,epoch= 1 ,client update iteration= 330 ,loss= 1.6072136163711548
2021-07-04 13:42:02  client id= 0 ,round= 4 ,epoch= 1 ,client update iteration= 340 ,loss= 1.4597135782241821
2021-07-04 13:42:04  client id= 0 ,round= 4 ,epoch= 1 ,client update iteration= 350 ,loss= 1.3528673648834229
2021-07-04 13:42:06  client id= 0 ,round= 4 ,epoch= 1 ,client update iteration= 360 ,loss= 1.4776973724365234
2021-07-04 13:42:07  client id= 0 ,round= 4 ,epoch= 1 ,client update iteration= 370 ,loss= 1.4170502424240112
2021-07-04 13:42:09  client id= 0 ,round= 4 ,epoch= 1 ,client update iteration= 380 ,loss= 1.221251368522644
2021-07-04 13:42:11  client id= 0 ,round= 4 ,epoch= 1 ,client update iteration= 390 ,loss= 1.5508832931518555
******client id  1 ******
client_update start
2021-07-04 13:42:13  client id= 1 ,round= 4 ,epoch= 1 ,client update iteration= 10 ,loss= 2.406075954437256
2021-07-04 13:42:15  client id= 1 ,round= 4 ,epoch= 1 ,client update iteration= 20 ,loss= 2.2704267501831055
2021-07-04 13:42:17  client id= 1 ,round= 4 ,epoch= 1 ,client update iteration= 30 ,loss= 2.320058584213257
2021-07-04 13:42:19  client id= 1 ,round= 4 ,epoch= 1 ,client update iteration= 40 ,loss= 2.1280250549316406
2021-07-04 13:42:21  client id= 1 ,round= 4 ,epoch= 1 ,client update iteration= 50 ,loss= 2.0564961433410645
2021-07-04 13:42:22  client id= 1 ,round= 4 ,epoch= 1 ,client update iteration= 60 ,loss= 2.02169132232666
2021-07-04 13:42:24  client id= 1 ,round= 4 ,epoch= 1 ,client update iteration= 70 ,loss= 2.2001473903656006
2021-07-04 13:42:26  client id= 1 ,round= 4 ,epoch= 1 ,client update iteration= 80 ,loss= 2.0609993934631348
2021-07-04 13:42:28  client id= 1 ,round= 4 ,epoch= 1 ,client update iteration= 90 ,loss= 2.1601881980895996
2021-07-04 13:42:30  client id= 1 ,round= 4 ,epoch= 1 ,client update iteration= 100 ,loss= 1.8159977197647095
2021-07-04 13:42:32  client id= 1 ,round= 4 ,epoch= 1 ,client update iteration= 110 ,loss= 1.7686535120010376
2021-07-04 13:42:33  client id= 1 ,round= 4 ,epoch= 1 ,client update iteration= 120 ,loss= 1.8287049531936646
2021-07-04 13:42:35  client id= 1 ,round= 4 ,epoch= 1 ,client update iteration= 130 ,loss= 2.018336534500122
2021-07-04 13:42:37  client id= 1 ,round= 4 ,epoch= 1 ,client update iteration= 140 ,loss= 1.6392868757247925
2021-07-04 13:42:39  client id= 1 ,round= 4 ,epoch= 1 ,client update iteration= 150 ,loss= 1.8128596544265747
2021-07-04 13:42:41  client id= 1 ,round= 4 ,epoch= 1 ,client update iteration= 160 ,loss= 1.9556119441986084
2021-07-04 13:42:43  client id= 1 ,round= 4 ,epoch= 1 ,client update iteration= 170 ,loss= 1.9230797290802002
2021-07-04 13:42:45  client id= 1 ,round= 4 ,epoch= 1 ,client update iteration= 180 ,loss= 1.6941264867782593
2021-07-04 13:42:46  client id= 1 ,round= 4 ,epoch= 1 ,client update iteration= 190 ,loss= 1.717535138130188
2021-07-04 13:42:48  client id= 1 ,round= 4 ,epoch= 1 ,client update iteration= 200 ,loss= 1.8112283945083618
2021-07-04 13:42:50  client id= 1 ,round= 4 ,epoch= 1 ,client update iteration= 210 ,loss= 1.7208733558654785
2021-07-04 13:42:52  client id= 1 ,round= 4 ,epoch= 1 ,client update iteration= 220 ,loss= 1.661489725112915
2021-07-04 13:42:54  client id= 1 ,round= 4 ,epoch= 1 ,client update iteration= 230 ,loss= 1.8146878480911255
2021-07-04 13:42:56  client id= 1 ,round= 4 ,epoch= 1 ,client update iteration= 240 ,loss= 1.6050845384597778
2021-07-04 13:42:58  client id= 1 ,round= 4 ,epoch= 1 ,client update iteration= 250 ,loss= 1.6241023540496826
2021-07-04 13:42:59  client id= 1 ,round= 4 ,epoch= 1 ,client update iteration= 260 ,loss= 1.5190083980560303
2021-07-04 13:43:01  client id= 1 ,round= 4 ,epoch= 1 ,client update iteration= 270 ,loss= 1.6356679201126099
2021-07-04 13:43:03  client id= 1 ,round= 4 ,epoch= 1 ,client update iteration= 280 ,loss= 1.5602095127105713
2021-07-04 13:43:05  client id= 1 ,round= 4 ,epoch= 1 ,client update iteration= 290 ,loss= 1.4805735349655151
2021-07-04 13:43:07  client id= 1 ,round= 4 ,epoch= 1 ,client update iteration= 300 ,loss= 1.6919336318969727
2021-07-04 13:43:09  client id= 1 ,round= 4 ,epoch= 1 ,client update iteration= 310 ,loss= 1.4258896112442017
2021-07-04 13:43:10  client id= 1 ,round= 4 ,epoch= 1 ,client update iteration= 320 ,loss= 1.3538366556167603
2021-07-04 13:43:12  client id= 1 ,round= 4 ,epoch= 1 ,client update iteration= 330 ,loss= 1.51460599899292
2021-07-04 13:43:14  client id= 1 ,round= 4 ,epoch= 1 ,client update iteration= 340 ,loss= 1.4480255842208862
2021-07-04 13:43:16  client id= 1 ,round= 4 ,epoch= 1 ,client update iteration= 350 ,loss= 1.3480349779129028
2021-07-04 13:43:18  client id= 1 ,round= 4 ,epoch= 1 ,client update iteration= 360 ,loss= 1.6475765705108643
2021-07-04 13:43:20  client id= 1 ,round= 4 ,epoch= 1 ,client update iteration= 370 ,loss= 1.5266458988189697
2021-07-04 13:43:22  client id= 1 ,round= 4 ,epoch= 1 ,client update iteration= 380 ,loss= 1.4317766427993774
2021-07-04 13:43:23  client id= 1 ,round= 4 ,epoch= 1 ,client update iteration= 390 ,loss= 1.3345235586166382
end_round_time 2021-07-04 13:43:24
start add noise 2021-07-04 13:43:24
layer= 0 ratio= 0.0625
layer= 1 ratio= 0.0625
layer= 2 ratio= 0.0625
layer= 3 ratio= 0.0625
layer= 4 ratio= 0.0625
layer= 5 ratio= 0.0625
layer= 6 ratio= 0.0625
layer= 7 ratio= 0.0625
layer= 8 ratio= 0.0625
layer= 9 ratio= 0.0625
layer= 10 ratio= 0.0625
layer= 11 ratio= 0.0625
layer= 12 ratio= 0.0625
layer= 13 ratio= 0.0625
layer= 14 ratio= 0.0625
layer= 15 ratio= 0.0625
layer= 0 ratio= 0.0625
layer= 1 ratio= 0.0625
layer= 2 ratio= 0.0625
layer= 3 ratio= 0.0625
layer= 4 ratio= 0.0625
layer= 5 ratio= 0.0625
layer= 6 ratio= 0.0625
layer= 7 ratio= 0.0625
layer= 8 ratio= 0.0625
layer= 9 ratio= 0.0625
layer= 10 ratio= 0.0625
layer= 11 ratio= 0.0625
layer= 12 ratio= 0.0625
layer= 13 ratio= 0.0625
layer= 14 ratio= 0.0625
layer= 15 ratio= 0.0625
end add noise time 2021-07-04 13:43:24
average train loss= 1.8203555081811402
2021-07-04 13:43:32,round 4,val Accuracy Top1: 13.560000 %
2021-07-04 13:43:32,round 4,val Accuracy Top5: 63.190000 %
start_round_time 2021-07-04 13:43:32
******client id  0 ******
client_update start
2021-07-04 13:43:34  client id= 0 ,round= 5 ,epoch= 1 ,client update iteration= 10 ,loss= 2.285385847091675
2021-07-04 13:43:36  client id= 0 ,round= 5 ,epoch= 1 ,client update iteration= 20 ,loss= 2.305406332015991
2021-07-04 13:43:38  client id= 0 ,round= 5 ,epoch= 1 ,client update iteration= 30 ,loss= 2.3388383388519287
2021-07-04 13:43:40  client id= 0 ,round= 5 ,epoch= 1 ,client update iteration= 40 ,loss= 2.3264589309692383
2021-07-04 13:43:42  client id= 0 ,round= 5 ,epoch= 1 ,client update iteration= 50 ,loss= 2.3636186122894287
2021-07-04 13:43:44  client id= 0 ,round= 5 ,epoch= 1 ,client update iteration= 60 ,loss= 2.3200488090515137
2021-07-04 13:43:45  client id= 0 ,round= 5 ,epoch= 1 ,client update iteration= 70 ,loss= 2.383814573287964
2021-07-04 13:43:47  client id= 0 ,round= 5 ,epoch= 1 ,client update iteration= 80 ,loss= 2.3059542179107666
2021-07-04 13:43:49  client id= 0 ,round= 5 ,epoch= 1 ,client update iteration= 90 ,loss= 2.293919324874878
2021-07-04 13:43:51  client id= 0 ,round= 5 ,epoch= 1 ,client update iteration= 100 ,loss= 2.3463969230651855
2021-07-04 13:43:53  client id= 0 ,round= 5 ,epoch= 1 ,client update iteration= 110 ,loss= 2.292485237121582
2021-07-04 13:43:55  client id= 0 ,round= 5 ,epoch= 1 ,client update iteration= 120 ,loss= 2.3396875858306885
2021-07-04 13:43:56  client id= 0 ,round= 5 ,epoch= 1 ,client update iteration= 130 ,loss= 2.284104347229004
2021-07-04 13:43:58  client id= 0 ,round= 5 ,epoch= 1 ,client update iteration= 140 ,loss= 2.3395087718963623
2021-07-04 13:44:00  client id= 0 ,round= 5 ,epoch= 1 ,client update iteration= 150 ,loss= 2.3403892517089844
2021-07-04 13:44:02  client id= 0 ,round= 5 ,epoch= 1 ,client update iteration= 160 ,loss= 2.3179304599761963
2021-07-04 13:44:04  client id= 0 ,round= 5 ,epoch= 1 ,client update iteration= 170 ,loss= 2.326313018798828
2021-07-04 13:44:06  client id= 0 ,round= 5 ,epoch= 1 ,client update iteration= 180 ,loss= 2.353343963623047
2021-07-04 13:44:08  client id= 0 ,round= 5 ,epoch= 1 ,client update iteration= 190 ,loss= 2.3451313972473145
2021-07-04 13:44:09  client id= 0 ,round= 5 ,epoch= 1 ,client update iteration= 200 ,loss= 2.3217873573303223
2021-07-04 13:44:11  client id= 0 ,round= 5 ,epoch= 1 ,client update iteration= 210 ,loss= 2.2940893173217773
2021-07-04 13:44:13  client id= 0 ,round= 5 ,epoch= 1 ,client update iteration= 220 ,loss= 2.319892168045044
2021-07-04 13:44:15  client id= 0 ,round= 5 ,epoch= 1 ,client update iteration= 230 ,loss= 2.300154209136963
2021-07-04 13:44:17  client id= 0 ,round= 5 ,epoch= 1 ,client update iteration= 240 ,loss= 2.3034634590148926
2021-07-04 13:44:19  client id= 0 ,round= 5 ,epoch= 1 ,client update iteration= 250 ,loss= 2.327397346496582
2021-07-04 13:44:20  client id= 0 ,round= 5 ,epoch= 1 ,client update iteration= 260 ,loss= 2.3062479496002197
2021-07-04 13:44:22  client id= 0 ,round= 5 ,epoch= 1 ,client update iteration= 270 ,loss= 2.3268237113952637
2021-07-04 13:44:24  client id= 0 ,round= 5 ,epoch= 1 ,client update iteration= 280 ,loss= 2.3038296699523926
2021-07-04 13:44:26  client id= 0 ,round= 5 ,epoch= 1 ,client update iteration= 290 ,loss= 2.293199062347412
2021-07-04 13:44:28  client id= 0 ,round= 5 ,epoch= 1 ,client update iteration= 300 ,loss= 2.3018481731414795
2021-07-04 13:44:30  client id= 0 ,round= 5 ,epoch= 1 ,client update iteration= 310 ,loss= 2.2839560508728027
2021-07-04 13:44:31  client id= 0 ,round= 5 ,epoch= 1 ,client update iteration= 320 ,loss= 2.3277721405029297
2021-07-04 13:44:33  client id= 0 ,round= 5 ,epoch= 1 ,client update iteration= 330 ,loss= 2.347259283065796
2021-07-04 13:44:35  client id= 0 ,round= 5 ,epoch= 1 ,client update iteration= 340 ,loss= 2.3224709033966064
2021-07-04 13:44:37  client id= 0 ,round= 5 ,epoch= 1 ,client update iteration= 350 ,loss= 2.362989664077759
2021-07-04 13:44:39  client id= 0 ,round= 5 ,epoch= 1 ,client update iteration= 360 ,loss= 2.323927879333496
2021-07-04 13:44:41  client id= 0 ,round= 5 ,epoch= 1 ,client update iteration= 370 ,loss= 2.3358898162841797
2021-07-04 13:44:43  client id= 0 ,round= 5 ,epoch= 1 ,client update iteration= 380 ,loss= 2.328904628753662
2021-07-04 13:44:44  client id= 0 ,round= 5 ,epoch= 1 ,client update iteration= 390 ,loss= 2.318398952484131
******client id  1 ******
client_update start
2021-07-04 13:44:46  client id= 1 ,round= 5 ,epoch= 1 ,client update iteration= 10 ,loss= 2.1749887466430664
2021-07-04 13:44:48  client id= 1 ,round= 5 ,epoch= 1 ,client update iteration= 20 ,loss= 2.342863082885742
2021-07-04 13:44:50  client id= 1 ,round= 5 ,epoch= 1 ,client update iteration= 30 ,loss= 2.337123155593872
2021-07-04 13:44:52  client id= 1 ,round= 5 ,epoch= 1 ,client update iteration= 40 ,loss= 2.3903350830078125
2021-07-04 13:44:54  client id= 1 ,round= 5 ,epoch= 1 ,client update iteration= 50 ,loss= 2.3746719360351562
2021-07-04 13:44:56  client id= 1 ,round= 5 ,epoch= 1 ,client update iteration= 60 ,loss= 2.3825273513793945
2021-07-04 13:44:57  client id= 1 ,round= 5 ,epoch= 1 ,client update iteration= 70 ,loss= 2.2814033031463623
2021-07-04 13:44:59  client id= 1 ,round= 5 ,epoch= 1 ,client update iteration= 80 ,loss= 2.3289437294006348
2021-07-04 13:45:01  client id= 1 ,round= 5 ,epoch= 1 ,client update iteration= 90 ,loss= 2.2934365272521973
2021-07-04 13:45:03  client id= 1 ,round= 5 ,epoch= 1 ,client update iteration= 100 ,loss= 2.3141002655029297
2021-07-04 13:45:05  client id= 1 ,round= 5 ,epoch= 1 ,client update iteration= 110 ,loss= 2.3007218837738037
2021-07-04 13:45:07  client id= 1 ,round= 5 ,epoch= 1 ,client update iteration= 120 ,loss= 2.3122963905334473
2021-07-04 13:45:09  client id= 1 ,round= 5 ,epoch= 1 ,client update iteration= 130 ,loss= 2.3634259700775146
2021-07-04 13:45:10  client id= 1 ,round= 5 ,epoch= 1 ,client update iteration= 140 ,loss= 2.3437561988830566
2021-07-04 13:45:12  client id= 1 ,round= 5 ,epoch= 1 ,client update iteration= 150 ,loss= 2.2861456871032715
2021-07-04 13:45:14  client id= 1 ,round= 5 ,epoch= 1 ,client update iteration= 160 ,loss= 2.2823336124420166
2021-07-04 13:45:16  client id= 1 ,round= 5 ,epoch= 1 ,client update iteration= 170 ,loss= 2.3426878452301025
2021-07-04 13:45:18  client id= 1 ,round= 5 ,epoch= 1 ,client update iteration= 180 ,loss= 2.367379665374756
2021-07-04 13:45:20  client id= 1 ,round= 5 ,epoch= 1 ,client update iteration= 190 ,loss= 2.264543056488037
2021-07-04 13:45:21  client id= 1 ,round= 5 ,epoch= 1 ,client update iteration= 200 ,loss= 2.305483102798462
2021-07-04 13:45:23  client id= 1 ,round= 5 ,epoch= 1 ,client update iteration= 210 ,loss= 2.314624786376953
2021-07-04 13:45:25  client id= 1 ,round= 5 ,epoch= 1 ,client update iteration= 220 ,loss= 2.317415237426758
2021-07-04 13:45:27  client id= 1 ,round= 5 ,epoch= 1 ,client update iteration= 230 ,loss= 2.355668544769287
2021-07-04 13:45:29  client id= 1 ,round= 5 ,epoch= 1 ,client update iteration= 240 ,loss= 2.3495395183563232
2021-07-04 13:45:31  client id= 1 ,round= 5 ,epoch= 1 ,client update iteration= 250 ,loss= 2.314194679260254
2021-07-04 13:45:33  client id= 1 ,round= 5 ,epoch= 1 ,client update iteration= 260 ,loss= 2.313302993774414
2021-07-04 13:45:34  client id= 1 ,round= 5 ,epoch= 1 ,client update iteration= 270 ,loss= 2.3311121463775635
2021-07-04 13:45:36  client id= 1 ,round= 5 ,epoch= 1 ,client update iteration= 280 ,loss= 2.280478000640869
2021-07-04 13:45:38  client id= 1 ,round= 5 ,epoch= 1 ,client update iteration= 290 ,loss= 2.2708237171173096
2021-07-04 13:45:40  client id= 1 ,round= 5 ,epoch= 1 ,client update iteration= 300 ,loss= 2.331535816192627
2021-07-04 13:45:42  client id= 1 ,round= 5 ,epoch= 1 ,client update iteration= 310 ,loss= 2.33579158782959
2021-07-04 13:45:44  client id= 1 ,round= 5 ,epoch= 1 ,client update iteration= 320 ,loss= 2.3097023963928223
2021-07-04 13:45:45  client id= 1 ,round= 5 ,epoch= 1 ,client update iteration= 330 ,loss= 2.3410391807556152
2021-07-04 13:45:47  client id= 1 ,round= 5 ,epoch= 1 ,client update iteration= 340 ,loss= 2.306748867034912
2021-07-04 13:45:49  client id= 1 ,round= 5 ,epoch= 1 ,client update iteration= 350 ,loss= 2.342416763305664
2021-07-04 13:45:51  client id= 1 ,round= 5 ,epoch= 1 ,client update iteration= 360 ,loss= 2.2983529567718506
2021-07-04 13:45:53  client id= 1 ,round= 5 ,epoch= 1 ,client update iteration= 370 ,loss= 2.3319435119628906
2021-07-04 13:45:55  client id= 1 ,round= 5 ,epoch= 1 ,client update iteration= 380 ,loss= 2.2989869117736816
2021-07-04 13:45:57  client id= 1 ,round= 5 ,epoch= 1 ,client update iteration= 390 ,loss= 2.3172426223754883
end_round_time 2021-07-04 13:45:57
start add noise 2021-07-04 13:45:57
layer= 0 ratio= 0.0625
layer= 1 ratio= 0.0625
layer= 2 ratio= 0.0625
layer= 3 ratio= 0.0625
layer= 4 ratio= 0.0625
layer= 5 ratio= 0.0625
layer= 6 ratio= 0.0625
layer= 7 ratio= 0.0625
layer= 8 ratio= 0.0625
layer= 9 ratio= 0.0625
layer= 10 ratio= 0.0625
layer= 11 ratio= 0.0625
layer= 12 ratio= 0.0625
layer= 13 ratio= 0.0625
layer= 14 ratio= 0.0625
layer= 15 ratio= 0.0625
layer= 0 ratio= 0.0625
layer= 1 ratio= 0.0625
layer= 2 ratio= 0.0625
layer= 3 ratio= 0.0625
layer= 4 ratio= 0.0625
layer= 5 ratio= 0.0625
layer= 6 ratio= 0.0625
layer= 7 ratio= 0.0625
layer= 8 ratio= 0.0625
layer= 9 ratio= 0.0625
layer= 10 ratio= 0.0625
layer= 11 ratio= 0.0625
layer= 12 ratio= 0.0625
layer= 13 ratio= 0.0625
layer= 14 ratio= 0.0625
layer= 15 ratio= 0.0625
end add noise time 2021-07-04 13:45:57
average train loss= 2.331632483036012
2021-07-04 13:46:05,round 5,val Accuracy Top1: 10.420000 %
2021-07-04 13:46:05,round 5,val Accuracy Top5: 53.220000 %
start_round_time 2021-07-04 13:46:05
******client id  0 ******
client_update start
2021-07-04 13:46:07  client id= 0 ,round= 6 ,epoch= 1 ,client update iteration= 10 ,loss= 9.218437194824219
2021-07-04 13:46:09  client id= 0 ,round= 6 ,epoch= 1 ,client update iteration= 20 ,loss= 2.4300036430358887
2021-07-04 13:46:11  client id= 0 ,round= 6 ,epoch= 1 ,client update iteration= 30 ,loss= 2.3397505283355713
2021-07-04 13:46:13  client id= 0 ,round= 6 ,epoch= 1 ,client update iteration= 40 ,loss= 2.4169867038726807
2021-07-04 13:46:15  client id= 0 ,round= 6 ,epoch= 1 ,client update iteration= 50 ,loss= 2.338883399963379
2021-07-04 13:46:17  client id= 0 ,round= 6 ,epoch= 1 ,client update iteration= 60 ,loss= 2.3500282764434814
2021-07-04 13:46:18  client id= 0 ,round= 6 ,epoch= 1 ,client update iteration= 70 ,loss= 2.306635618209839
2021-07-04 13:46:20  client id= 0 ,round= 6 ,epoch= 1 ,client update iteration= 80 ,loss= 2.338012456893921
2021-07-04 13:46:22  client id= 0 ,round= 6 ,epoch= 1 ,client update iteration= 90 ,loss= 2.422863245010376
2021-07-04 13:46:24  client id= 0 ,round= 6 ,epoch= 1 ,client update iteration= 100 ,loss= 2.4190778732299805
2021-07-04 13:46:26  client id= 0 ,round= 6 ,epoch= 1 ,client update iteration= 110 ,loss= 2.3809728622436523
2021-07-04 13:46:28  client id= 0 ,round= 6 ,epoch= 1 ,client update iteration= 120 ,loss= 2.300663948059082
2021-07-04 13:46:30  client id= 0 ,round= 6 ,epoch= 1 ,client update iteration= 130 ,loss= 2.3382349014282227
2021-07-04 13:46:31  client id= 0 ,round= 6 ,epoch= 1 ,client update iteration= 140 ,loss= 2.3798394203186035
2021-07-04 13:46:33  client id= 0 ,round= 6 ,epoch= 1 ,client update iteration= 150 ,loss= 2.3551836013793945
2021-07-04 13:46:35  client id= 0 ,round= 6 ,epoch= 1 ,client update iteration= 160 ,loss= 2.338989019393921
2021-07-04 13:46:37  client id= 0 ,round= 6 ,epoch= 1 ,client update iteration= 170 ,loss= 2.2655608654022217
2021-07-04 13:46:39  client id= 0 ,round= 6 ,epoch= 1 ,client update iteration= 180 ,loss= 2.2670750617980957
2021-07-04 13:46:41  client id= 0 ,round= 6 ,epoch= 1 ,client update iteration= 190 ,loss= 2.345379114151001
2021-07-04 13:46:42  client id= 0 ,round= 6 ,epoch= 1 ,client update iteration= 200 ,loss= 2.3702454566955566
2021-07-04 13:46:44  client id= 0 ,round= 6 ,epoch= 1 ,client update iteration= 210 ,loss= 2.3078513145446777
2021-07-04 13:46:46  client id= 0 ,round= 6 ,epoch= 1 ,client update iteration= 220 ,loss= 2.281388282775879
2021-07-04 13:46:48  client id= 0 ,round= 6 ,epoch= 1 ,client update iteration= 230 ,loss= 2.3073172569274902
2021-07-04 13:46:50  client id= 0 ,round= 6 ,epoch= 1 ,client update iteration= 240 ,loss= 2.3310067653656006
2021-07-04 13:46:52  client id= 0 ,round= 6 ,epoch= 1 ,client update iteration= 250 ,loss= 2.307218313217163
2021-07-04 13:46:54  client id= 0 ,round= 6 ,epoch= 1 ,client update iteration= 260 ,loss= 2.2543187141418457
2021-07-04 13:46:55  client id= 0 ,round= 6 ,epoch= 1 ,client update iteration= 270 ,loss= 2.3728795051574707
2021-07-04 13:46:57  client id= 0 ,round= 6 ,epoch= 1 ,client update iteration= 280 ,loss= 2.3048934936523438
2021-07-04 13:46:59  client id= 0 ,round= 6 ,epoch= 1 ,client update iteration= 290 ,loss= 2.3345396518707275
2021-07-04 13:47:01  client id= 0 ,round= 6 ,epoch= 1 ,client update iteration= 300 ,loss= 2.3336069583892822
2021-07-04 13:47:03  client id= 0 ,round= 6 ,epoch= 1 ,client update iteration= 310 ,loss= 2.324329376220703
2021-07-04 13:47:05  client id= 0 ,round= 6 ,epoch= 1 ,client update iteration= 320 ,loss= 2.3279950618743896
2021-07-04 13:47:06  client id= 0 ,round= 6 ,epoch= 1 ,client update iteration= 330 ,loss= 2.3207223415374756
2021-07-04 13:47:08  client id= 0 ,round= 6 ,epoch= 1 ,client update iteration= 340 ,loss= 2.3086729049682617
2021-07-04 13:47:10  client id= 0 ,round= 6 ,epoch= 1 ,client update iteration= 350 ,loss= 2.3586535453796387
2021-07-04 13:47:12  client id= 0 ,round= 6 ,epoch= 1 ,client update iteration= 360 ,loss= 2.3139233589172363
2021-07-04 13:47:14  client id= 0 ,round= 6 ,epoch= 1 ,client update iteration= 370 ,loss= 2.3236515522003174
2021-07-04 13:47:16  client id= 0 ,round= 6 ,epoch= 1 ,client update iteration= 380 ,loss= 2.3308186531066895
2021-07-04 13:47:18  client id= 0 ,round= 6 ,epoch= 1 ,client update iteration= 390 ,loss= 2.3299062252044678
******client id  1 ******
client_update start
2021-07-04 13:47:20  client id= 1 ,round= 6 ,epoch= 1 ,client update iteration= 10 ,loss= 2.3949787616729736
2021-07-04 13:47:21  client id= 1 ,round= 6 ,epoch= 1 ,client update iteration= 20 ,loss= 2.4321861267089844
2021-07-04 13:47:23  client id= 1 ,round= 6 ,epoch= 1 ,client update iteration= 30 ,loss= 2.4317445755004883
2021-07-04 13:47:25  client id= 1 ,round= 6 ,epoch= 1 ,client update iteration= 40 ,loss= 2.4473154544830322
2021-07-04 13:47:27  client id= 1 ,round= 6 ,epoch= 1 ,client update iteration= 50 ,loss= 2.2743208408355713
2021-07-04 13:47:29  client id= 1 ,round= 6 ,epoch= 1 ,client update iteration= 60 ,loss= 2.3899505138397217
2021-07-04 13:47:31  client id= 1 ,round= 6 ,epoch= 1 ,client update iteration= 70 ,loss= 2.3503339290618896
2021-07-04 13:47:32  client id= 1 ,round= 6 ,epoch= 1 ,client update iteration= 80 ,loss= 2.299535036087036
2021-07-04 13:47:34  client id= 1 ,round= 6 ,epoch= 1 ,client update iteration= 90 ,loss= 2.336651563644409
2021-07-04 13:47:36  client id= 1 ,round= 6 ,epoch= 1 ,client update iteration= 100 ,loss= 2.3596513271331787
2021-07-04 13:47:38  client id= 1 ,round= 6 ,epoch= 1 ,client update iteration= 110 ,loss= 2.350381374359131
2021-07-04 13:47:40  client id= 1 ,round= 6 ,epoch= 1 ,client update iteration= 120 ,loss= 2.309098720550537
2021-07-04 13:47:42  client id= 1 ,round= 6 ,epoch= 1 ,client update iteration= 130 ,loss= 2.350853681564331
2021-07-04 13:47:44  client id= 1 ,round= 6 ,epoch= 1 ,client update iteration= 140 ,loss= 2.2589757442474365
2021-07-04 13:47:45  client id= 1 ,round= 6 ,epoch= 1 ,client update iteration= 150 ,loss= 2.300025701522827
2021-07-04 13:47:47  client id= 1 ,round= 6 ,epoch= 1 ,client update iteration= 160 ,loss= 2.299365758895874
2021-07-04 13:47:49  client id= 1 ,round= 6 ,epoch= 1 ,client update iteration= 170 ,loss= 2.361769914627075
2021-07-04 13:47:51  client id= 1 ,round= 6 ,epoch= 1 ,client update iteration= 180 ,loss= 2.3145735263824463
2021-07-04 13:47:53  client id= 1 ,round= 6 ,epoch= 1 ,client update iteration= 190 ,loss= 2.303610324859619
2021-07-04 13:47:55  client id= 1 ,round= 6 ,epoch= 1 ,client update iteration= 200 ,loss= 2.284801483154297
2021-07-04 13:47:56  client id= 1 ,round= 6 ,epoch= 1 ,client update iteration= 210 ,loss= 2.2648744583129883
2021-07-04 13:47:58  client id= 1 ,round= 6 ,epoch= 1 ,client update iteration= 220 ,loss= 2.3051769733428955
2021-07-04 13:48:00  client id= 1 ,round= 6 ,epoch= 1 ,client update iteration= 230 ,loss= 2.2995471954345703
2021-07-04 13:48:02  client id= 1 ,round= 6 ,epoch= 1 ,client update iteration= 240 ,loss= 2.3307135105133057
2021-07-04 13:48:04  client id= 1 ,round= 6 ,epoch= 1 ,client update iteration= 250 ,loss= 2.3334803581237793
2021-07-04 13:48:06  client id= 1 ,round= 6 ,epoch= 1 ,client update iteration= 260 ,loss= 2.338890314102173
2021-07-04 13:48:08  client id= 1 ,round= 6 ,epoch= 1 ,client update iteration= 270 ,loss= 2.322014093399048
2021-07-04 13:48:09  client id= 1 ,round= 6 ,epoch= 1 ,client update iteration= 280 ,loss= 2.3104116916656494
2021-07-04 13:48:11  client id= 1 ,round= 6 ,epoch= 1 ,client update iteration= 290 ,loss= 2.3051109313964844
2021-07-04 13:48:13  client id= 1 ,round= 6 ,epoch= 1 ,client update iteration= 300 ,loss= 2.3179962635040283
2021-07-04 13:48:15  client id= 1 ,round= 6 ,epoch= 1 ,client update iteration= 310 ,loss= 2.3295180797576904
2021-07-04 13:48:17  client id= 1 ,round= 6 ,epoch= 1 ,client update iteration= 320 ,loss= 2.2881546020507812
2021-07-04 13:48:19  client id= 1 ,round= 6 ,epoch= 1 ,client update iteration= 330 ,loss= 2.322657346725464
2021-07-04 13:48:21  client id= 1 ,round= 6 ,epoch= 1 ,client update iteration= 340 ,loss= 2.307194709777832
2021-07-04 13:48:22  client id= 1 ,round= 6 ,epoch= 1 ,client update iteration= 350 ,loss= 2.288022756576538
2021-07-04 13:48:24  client id= 1 ,round= 6 ,epoch= 1 ,client update iteration= 360 ,loss= 2.339923858642578
2021-07-04 13:48:26  client id= 1 ,round= 6 ,epoch= 1 ,client update iteration= 370 ,loss= 2.3256876468658447
2021-07-04 13:48:28  client id= 1 ,round= 6 ,epoch= 1 ,client update iteration= 380 ,loss= 2.2928786277770996
2021-07-04 13:48:30  client id= 1 ,round= 6 ,epoch= 1 ,client update iteration= 390 ,loss= 2.291316509246826
end_round_time 2021-07-04 13:48:30
start add noise 2021-07-04 13:48:30
layer= 0 ratio= 0.0625
layer= 1 ratio= 0.0625
layer= 2 ratio= 0.0625
layer= 3 ratio= 0.0625
layer= 4 ratio= 0.0625
layer= 5 ratio= 0.0625
layer= 6 ratio= 0.0625
layer= 7 ratio= 0.0625
layer= 8 ratio= 0.0625
layer= 9 ratio= 0.0625
layer= 10 ratio= 0.0625
layer= 11 ratio= 0.0625
layer= 12 ratio= 0.0625
layer= 13 ratio= 0.0625
layer= 14 ratio= 0.0625
layer= 15 ratio= 0.0625
layer= 0 ratio= 0.0625
layer= 1 ratio= 0.0625
layer= 2 ratio= 0.0625
layer= 3 ratio= 0.0625
layer= 4 ratio= 0.0625
layer= 5 ratio= 0.0625
layer= 6 ratio= 0.0625
layer= 7 ratio= 0.0625
layer= 8 ratio= 0.0625
layer= 9 ratio= 0.0625
layer= 10 ratio= 0.0625
layer= 11 ratio= 0.0625
layer= 12 ratio= 0.0625
layer= 13 ratio= 0.0625
layer= 14 ratio= 0.0625
layer= 15 ratio= 0.0625
end add noise time 2021-07-04 13:48:30
average train loss= 2.382434632162304
2021-07-04 13:48:39,round 6,val Accuracy Top1: 9.550000 %
2021-07-04 13:48:39,round 6,val Accuracy Top5: 49.250000 %
start_round_time 2021-07-04 13:48:39
******client id  0 ******
client_update start
2021-07-04 13:48:41  client id= 0 ,round= 7 ,epoch= 1 ,client update iteration= 10 ,loss= 2.3538711071014404
2021-07-04 13:48:42  client id= 0 ,round= 7 ,epoch= 1 ,client update iteration= 20 ,loss= 2.363574504852295
2021-07-04 13:48:44  client id= 0 ,round= 7 ,epoch= 1 ,client update iteration= 30 ,loss= 2.351421356201172
2021-07-04 13:48:46  client id= 0 ,round= 7 ,epoch= 1 ,client update iteration= 40 ,loss= 2.3009843826293945
2021-07-04 13:48:48  client id= 0 ,round= 7 ,epoch= 1 ,client update iteration= 50 ,loss= 2.310906171798706
2021-07-04 13:48:50  client id= 0 ,round= 7 ,epoch= 1 ,client update iteration= 60 ,loss= 2.2985715866088867
2021-07-04 13:48:52  client id= 0 ,round= 7 ,epoch= 1 ,client update iteration= 70 ,loss= 2.3078722953796387
2021-07-04 13:48:54  client id= 0 ,round= 7 ,epoch= 1 ,client update iteration= 80 ,loss= 2.311737060546875
2021-07-04 13:48:55  client id= 0 ,round= 7 ,epoch= 1 ,client update iteration= 90 ,loss= 2.2968955039978027
2021-07-04 13:48:57  client id= 0 ,round= 7 ,epoch= 1 ,client update iteration= 100 ,loss= 2.299060344696045
2021-07-04 13:48:59  client id= 0 ,round= 7 ,epoch= 1 ,client update iteration= 110 ,loss= 2.2987544536590576
2021-07-04 13:49:01  client id= 0 ,round= 7 ,epoch= 1 ,client update iteration= 120 ,loss= 2.294769048690796
2021-07-04 13:49:03  client id= 0 ,round= 7 ,epoch= 1 ,client update iteration= 130 ,loss= 2.302427053451538
2021-07-04 13:49:05  client id= 0 ,round= 7 ,epoch= 1 ,client update iteration= 140 ,loss= 2.306088447570801
2021-07-04 13:49:06  client id= 0 ,round= 7 ,epoch= 1 ,client update iteration= 150 ,loss= 2.309117317199707
2021-07-04 13:49:08  client id= 0 ,round= 7 ,epoch= 1 ,client update iteration= 160 ,loss= 2.2918384075164795
2021-07-04 13:49:10  client id= 0 ,round= 7 ,epoch= 1 ,client update iteration= 170 ,loss= 2.303311586380005
2021-07-04 13:49:12  client id= 0 ,round= 7 ,epoch= 1 ,client update iteration= 180 ,loss= 2.3043570518493652
2021-07-04 13:49:14  client id= 0 ,round= 7 ,epoch= 1 ,client update iteration= 190 ,loss= 2.3082187175750732
2021-07-04 13:49:16  client id= 0 ,round= 7 ,epoch= 1 ,client update iteration= 200 ,loss= 2.301820755004883
2021-07-04 13:49:18  client id= 0 ,round= 7 ,epoch= 1 ,client update iteration= 210 ,loss= 2.3050947189331055
2021-07-04 13:49:19  client id= 0 ,round= 7 ,epoch= 1 ,client update iteration= 220 ,loss= 2.2951207160949707
2021-07-04 13:49:21  client id= 0 ,round= 7 ,epoch= 1 ,client update iteration= 230 ,loss= 2.3094184398651123
2021-07-04 13:49:23  client id= 0 ,round= 7 ,epoch= 1 ,client update iteration= 240 ,loss= 2.2966787815093994
2021-07-04 13:49:25  client id= 0 ,round= 7 ,epoch= 1 ,client update iteration= 250 ,loss= 2.295668125152588
2021-07-04 13:49:27  client id= 0 ,round= 7 ,epoch= 1 ,client update iteration= 260 ,loss= 2.3033292293548584
2021-07-04 13:49:29  client id= 0 ,round= 7 ,epoch= 1 ,client update iteration= 270 ,loss= 2.309288740158081
2021-07-04 13:49:30  client id= 0 ,round= 7 ,epoch= 1 ,client update iteration= 280 ,loss= 2.3004863262176514
2021-07-04 13:49:32  client id= 0 ,round= 7 ,epoch= 1 ,client update iteration= 290 ,loss= 2.302034854888916
2021-07-04 13:49:34  client id= 0 ,round= 7 ,epoch= 1 ,client update iteration= 300 ,loss= 2.303427219390869
2021-07-04 13:49:36  client id= 0 ,round= 7 ,epoch= 1 ,client update iteration= 310 ,loss= 2.3076305389404297
2021-07-04 13:49:38  client id= 0 ,round= 7 ,epoch= 1 ,client update iteration= 320 ,loss= 2.287122964859009
2021-07-04 13:49:40  client id= 0 ,round= 7 ,epoch= 1 ,client update iteration= 330 ,loss= 2.3464760780334473
2021-07-04 13:49:42  client id= 0 ,round= 7 ,epoch= 1 ,client update iteration= 340 ,loss= 17.479896545410156
2021-07-04 13:49:43  client id= 0 ,round= 7 ,epoch= 1 ,client update iteration= 350 ,loss= 4.317243576049805
2021-07-04 13:49:45  client id= 0 ,round= 7 ,epoch= 1 ,client update iteration= 360 ,loss= 2.2983291149139404
2021-07-04 13:49:47  client id= 0 ,round= 7 ,epoch= 1 ,client update iteration= 370 ,loss= 2.3409652709960938
2021-07-04 13:49:49  client id= 0 ,round= 7 ,epoch= 1 ,client update iteration= 380 ,loss= 2.299659490585327
2021-07-04 13:49:51  client id= 0 ,round= 7 ,epoch= 1 ,client update iteration= 390 ,loss= 2.303311347961426
******client id  1 ******
client_update start
2021-07-04 13:49:53  client id= 1 ,round= 7 ,epoch= 1 ,client update iteration= 10 ,loss= 2.4989371299743652
2021-07-04 13:49:55  client id= 1 ,round= 7 ,epoch= 1 ,client update iteration= 20 ,loss= 2.376216173171997
2021-07-04 13:49:56  client id= 1 ,round= 7 ,epoch= 1 ,client update iteration= 30 ,loss= 2.3292012214660645
2021-07-04 13:49:58  client id= 1 ,round= 7 ,epoch= 1 ,client update iteration= 40 ,loss= 2.308516263961792
2021-07-04 13:50:00  client id= 1 ,round= 7 ,epoch= 1 ,client update iteration= 50 ,loss= 2.297689199447632
2021-07-04 13:50:02  client id= 1 ,round= 7 ,epoch= 1 ,client update iteration= 60 ,loss= 2.3037943840026855
2021-07-04 13:50:04  client id= 1 ,round= 7 ,epoch= 1 ,client update iteration= 70 ,loss= 2.299636125564575
2021-07-04 13:50:06  client id= 1 ,round= 7 ,epoch= 1 ,client update iteration= 80 ,loss= 2.303403854370117
2021-07-04 13:50:07  client id= 1 ,round= 7 ,epoch= 1 ,client update iteration= 90 ,loss= 2.303886890411377
2021-07-04 13:50:09  client id= 1 ,round= 7 ,epoch= 1 ,client update iteration= 100 ,loss= 2.2978155612945557
2021-07-04 13:50:11  client id= 1 ,round= 7 ,epoch= 1 ,client update iteration= 110 ,loss= 2.298151969909668
2021-07-04 13:50:13  client id= 1 ,round= 7 ,epoch= 1 ,client update iteration= 120 ,loss= 2.3111233711242676
2021-07-04 13:50:15  client id= 1 ,round= 7 ,epoch= 1 ,client update iteration= 130 ,loss= 2.3070645332336426
2021-07-04 13:50:17  client id= 1 ,round= 7 ,epoch= 1 ,client update iteration= 140 ,loss= 2.3137972354888916
2021-07-04 13:50:19  client id= 1 ,round= 7 ,epoch= 1 ,client update iteration= 150 ,loss= 2.3063173294067383
2021-07-04 13:50:20  client id= 1 ,round= 7 ,epoch= 1 ,client update iteration= 160 ,loss= 2.303586721420288
2021-07-04 13:50:22  client id= 1 ,round= 7 ,epoch= 1 ,client update iteration= 170 ,loss= 2.3048222064971924
2021-07-04 13:50:24  client id= 1 ,round= 7 ,epoch= 1 ,client update iteration= 180 ,loss= 2.3052775859832764
2021-07-04 13:50:26  client id= 1 ,round= 7 ,epoch= 1 ,client update iteration= 190 ,loss= 2.307995080947876
2021-07-04 13:50:28  client id= 1 ,round= 7 ,epoch= 1 ,client update iteration= 200 ,loss= 2.3005919456481934
2021-07-04 13:50:30  client id= 1 ,round= 7 ,epoch= 1 ,client update iteration= 210 ,loss= 2.3026227951049805
2021-07-04 13:50:31  client id= 1 ,round= 7 ,epoch= 1 ,client update iteration= 220 ,loss= 2.2974298000335693
2021-07-04 13:50:33  client id= 1 ,round= 7 ,epoch= 1 ,client update iteration= 230 ,loss= 2.3014416694641113
2021-07-04 13:50:35  client id= 1 ,round= 7 ,epoch= 1 ,client update iteration= 240 ,loss= 2.3079476356506348
2021-07-04 13:50:37  client id= 1 ,round= 7 ,epoch= 1 ,client update iteration= 250 ,loss= 2.3049323558807373
2021-07-04 13:50:39  client id= 1 ,round= 7 ,epoch= 1 ,client update iteration= 260 ,loss= 2.3013112545013428
2021-07-04 13:50:41  client id= 1 ,round= 7 ,epoch= 1 ,client update iteration= 270 ,loss= 2.302716016769409
2021-07-04 13:50:43  client id= 1 ,round= 7 ,epoch= 1 ,client update iteration= 280 ,loss= 2.3034794330596924
2021-07-04 13:50:44  client id= 1 ,round= 7 ,epoch= 1 ,client update iteration= 290 ,loss= 2.2991983890533447
2021-07-04 13:50:46  client id= 1 ,round= 7 ,epoch= 1 ,client update iteration= 300 ,loss= 2.30131459236145
2021-07-04 13:50:48  client id= 1 ,round= 7 ,epoch= 1 ,client update iteration= 310 ,loss= 2.3019356727600098
2021-07-04 13:50:50  client id= 1 ,round= 7 ,epoch= 1 ,client update iteration= 320 ,loss= 2.3032519817352295
2021-07-04 13:50:52  client id= 1 ,round= 7 ,epoch= 1 ,client update iteration= 330 ,loss= 2.301548480987549
2021-07-04 13:50:54  client id= 1 ,round= 7 ,epoch= 1 ,client update iteration= 340 ,loss= 2.298468589782715
2021-07-04 13:50:55  client id= 1 ,round= 7 ,epoch= 1 ,client update iteration= 350 ,loss= 2.3010811805725098
2021-07-04 13:50:57  client id= 1 ,round= 7 ,epoch= 1 ,client update iteration= 360 ,loss= 2.3056464195251465
2021-07-04 13:50:59  client id= 1 ,round= 7 ,epoch= 1 ,client update iteration= 370 ,loss= 2.3020811080932617
2021-07-04 13:51:01  client id= 1 ,round= 7 ,epoch= 1 ,client update iteration= 380 ,loss= 2.305060625076294
2021-07-04 13:51:03  client id= 1 ,round= 7 ,epoch= 1 ,client update iteration= 390 ,loss= 2.301774501800537
end_round_time 2021-07-04 13:51:03
start add noise 2021-07-04 13:51:03
layer= 0 ratio= 0.0625
layer= 1 ratio= 0.0625
layer= 2 ratio= 0.0625
layer= 3 ratio= 0.0625
layer= 4 ratio= 0.0625
layer= 5 ratio= 0.0625
layer= 6 ratio= 0.0625
layer= 7 ratio= 0.0625
layer= 8 ratio= 0.0625
layer= 9 ratio= 0.0625
layer= 10 ratio= 0.0625
layer= 11 ratio= 0.0625
layer= 12 ratio= 0.0625
layer= 13 ratio= 0.0625
layer= 14 ratio= 0.0625
layer= 15 ratio= 0.0625
layer= 0 ratio= 0.0625
layer= 1 ratio= 0.0625
layer= 2 ratio= 0.0625
layer= 3 ratio= 0.0625
layer= 4 ratio= 0.0625
layer= 5 ratio= 0.0625
layer= 6 ratio= 0.0625
layer= 7 ratio= 0.0625
layer= 8 ratio= 0.0625
layer= 9 ratio= 0.0625
layer= 10 ratio= 0.0625
layer= 11 ratio= 0.0625
layer= 12 ratio= 0.0625
layer= 13 ratio= 0.0625
layer= 14 ratio= 0.0625
layer= 15 ratio= 0.0625
end add noise time 2021-07-04 13:51:03
average train loss= 42.40038814111744
2021-07-04 13:51:12,round 7,val Accuracy Top1: 10.690000 %
2021-07-04 13:51:12,round 7,val Accuracy Top5: 49.700000 %
start_round_time 2021-07-04 13:51:12
******client id  0 ******
client_update start
2021-07-04 13:51:14  client id= 0 ,round= 8 ,epoch= 1 ,client update iteration= 10 ,loss= 2.3364737033843994
2021-07-04 13:51:16  client id= 0 ,round= 8 ,epoch= 1 ,client update iteration= 20 ,loss= 2.315995454788208
2021-07-04 13:51:17  client id= 0 ,round= 8 ,epoch= 1 ,client update iteration= 30 ,loss= 2.3293256759643555
2021-07-04 13:51:19  client id= 0 ,round= 8 ,epoch= 1 ,client update iteration= 40 ,loss= 2.315917491912842
2021-07-04 13:51:21  client id= 0 ,round= 8 ,epoch= 1 ,client update iteration= 50 ,loss= 2.2772247791290283
2021-07-04 13:51:23  client id= 0 ,round= 8 ,epoch= 1 ,client update iteration= 60 ,loss= 2.305304765701294
2021-07-04 13:51:25  client id= 0 ,round= 8 ,epoch= 1 ,client update iteration= 70 ,loss= 2.308105230331421
2021-07-04 13:51:27  client id= 0 ,round= 8 ,epoch= 1 ,client update iteration= 80 ,loss= 2.3122291564941406
2021-07-04 13:51:28  client id= 0 ,round= 8 ,epoch= 1 ,client update iteration= 90 ,loss= 2.303826093673706
2021-07-04 13:51:30  client id= 0 ,round= 8 ,epoch= 1 ,client update iteration= 100 ,loss= 2.3010363578796387
2021-07-04 13:51:32  client id= 0 ,round= 8 ,epoch= 1 ,client update iteration= 110 ,loss= 2.3067514896392822
2021-07-04 13:51:34  client id= 0 ,round= 8 ,epoch= 1 ,client update iteration= 120 ,loss= 2.302112102508545
2021-07-04 13:51:36  client id= 0 ,round= 8 ,epoch= 1 ,client update iteration= 130 ,loss= 2.30778431892395
2021-07-04 13:51:38  client id= 0 ,round= 8 ,epoch= 1 ,client update iteration= 140 ,loss= 2.308669090270996
2021-07-04 13:51:40  client id= 0 ,round= 8 ,epoch= 1 ,client update iteration= 150 ,loss= 2.3001465797424316
2021-07-04 13:51:41  client id= 0 ,round= 8 ,epoch= 1 ,client update iteration= 160 ,loss= 2.29711651802063
2021-07-04 13:51:43  client id= 0 ,round= 8 ,epoch= 1 ,client update iteration= 170 ,loss= 2.3088443279266357
2021-07-04 13:51:45  client id= 0 ,round= 8 ,epoch= 1 ,client update iteration= 180 ,loss= 2.302628993988037
2021-07-04 13:51:47  client id= 0 ,round= 8 ,epoch= 1 ,client update iteration= 190 ,loss= 2.3072588443756104
2021-07-04 13:51:49  client id= 0 ,round= 8 ,epoch= 1 ,client update iteration= 200 ,loss= 2.3058974742889404
2021-07-04 13:51:51  client id= 0 ,round= 8 ,epoch= 1 ,client update iteration= 210 ,loss= 2.3050901889801025
2021-07-04 13:51:52  client id= 0 ,round= 8 ,epoch= 1 ,client update iteration= 220 ,loss= 2.3010401725769043
2021-07-04 13:51:54  client id= 0 ,round= 8 ,epoch= 1 ,client update iteration= 230 ,loss= 2.3031816482543945
2021-07-04 13:51:56  client id= 0 ,round= 8 ,epoch= 1 ,client update iteration= 240 ,loss= 2.3021299839019775
2021-07-04 13:51:58  client id= 0 ,round= 8 ,epoch= 1 ,client update iteration= 250 ,loss= 2.30016827583313
2021-07-04 13:52:00  client id= 0 ,round= 8 ,epoch= 1 ,client update iteration= 260 ,loss= 2.3054847717285156
2021-07-04 13:52:02  client id= 0 ,round= 8 ,epoch= 1 ,client update iteration= 270 ,loss= 2.297863721847534
2021-07-04 13:52:04  client id= 0 ,round= 8 ,epoch= 1 ,client update iteration= 280 ,loss= 2.3021953105926514
2021-07-04 13:52:05  client id= 0 ,round= 8 ,epoch= 1 ,client update iteration= 290 ,loss= 2.2984676361083984
2021-07-04 13:52:07  client id= 0 ,round= 8 ,epoch= 1 ,client update iteration= 300 ,loss= 2.307875156402588
2021-07-04 13:52:09  client id= 0 ,round= 8 ,epoch= 1 ,client update iteration= 310 ,loss= 2.306601047515869
2021-07-04 13:52:11  client id= 0 ,round= 8 ,epoch= 1 ,client update iteration= 320 ,loss= 2.3003907203674316
2021-07-04 13:52:13  client id= 0 ,round= 8 ,epoch= 1 ,client update iteration= 330 ,loss= 2.303569793701172
2021-07-04 13:52:15  client id= 0 ,round= 8 ,epoch= 1 ,client update iteration= 340 ,loss= 2.2992935180664062
2021-07-04 13:52:16  client id= 0 ,round= 8 ,epoch= 1 ,client update iteration= 350 ,loss= 2.3031816482543945
2021-07-04 13:52:18  client id= 0 ,round= 8 ,epoch= 1 ,client update iteration= 360 ,loss= 2.301013946533203
2021-07-04 13:52:20  client id= 0 ,round= 8 ,epoch= 1 ,client update iteration= 370 ,loss= 2.3013291358947754
2021-07-04 13:52:22  client id= 0 ,round= 8 ,epoch= 1 ,client update iteration= 380 ,loss= 2.304497480392456
2021-07-04 13:52:24  client id= 0 ,round= 8 ,epoch= 1 ,client update iteration= 390 ,loss= 2.3037021160125732
******client id  1 ******
client_update start
2021-07-04 13:52:26  client id= 1 ,round= 8 ,epoch= 1 ,client update iteration= 10 ,loss= 213.66964721679688
2021-07-04 13:52:28  client id= 1 ,round= 8 ,epoch= 1 ,client update iteration= 20 ,loss= 2.339294910430908
2021-07-04 13:52:30  client id= 1 ,round= 8 ,epoch= 1 ,client update iteration= 30 ,loss= 2.320647716522217
2021-07-04 13:52:31  client id= 1 ,round= 8 ,epoch= 1 ,client update iteration= 40 ,loss= 2.3227171897888184
2021-07-04 13:52:33  client id= 1 ,round= 8 ,epoch= 1 ,client update iteration= 50 ,loss= 2.2895565032958984
2021-07-04 13:52:35  client id= 1 ,round= 8 ,epoch= 1 ,client update iteration= 60 ,loss= 2.3084099292755127
2021-07-04 13:52:37  client id= 1 ,round= 8 ,epoch= 1 ,client update iteration= 70 ,loss= 2.297724485397339
2021-07-04 13:52:39  client id= 1 ,round= 8 ,epoch= 1 ,client update iteration= 80 ,loss= 2.3082034587860107
2021-07-04 13:52:41  client id= 1 ,round= 8 ,epoch= 1 ,client update iteration= 90 ,loss= 2.300758123397827
2021-07-04 13:52:42  client id= 1 ,round= 8 ,epoch= 1 ,client update iteration= 100 ,loss= 2.294412136077881
2021-07-04 13:52:44  client id= 1 ,round= 8 ,epoch= 1 ,client update iteration= 110 ,loss= 2.303684949874878
2021-07-04 13:52:46  client id= 1 ,round= 8 ,epoch= 1 ,client update iteration= 120 ,loss= 2.3087575435638428
2021-07-04 13:52:48  client id= 1 ,round= 8 ,epoch= 1 ,client update iteration= 130 ,loss= 2.306887626647949
2021-07-04 13:52:50  client id= 1 ,round= 8 ,epoch= 1 ,client update iteration= 140 ,loss= 2.302382230758667
2021-07-04 13:52:52  client id= 1 ,round= 8 ,epoch= 1 ,client update iteration= 150 ,loss= 2.3056862354278564
2021-07-04 13:52:54  client id= 1 ,round= 8 ,epoch= 1 ,client update iteration= 160 ,loss= 2.3032987117767334
2021-07-04 13:52:55  client id= 1 ,round= 8 ,epoch= 1 ,client update iteration= 170 ,loss= 2.2994613647460938
2021-07-04 13:52:57  client id= 1 ,round= 8 ,epoch= 1 ,client update iteration= 180 ,loss= 2.3042309284210205
2021-07-04 13:52:59  client id= 1 ,round= 8 ,epoch= 1 ,client update iteration= 190 ,loss= 2.3055989742279053
2021-07-04 13:53:01  client id= 1 ,round= 8 ,epoch= 1 ,client update iteration= 200 ,loss= 2.300420045852661
2021-07-04 13:53:03  client id= 1 ,round= 8 ,epoch= 1 ,client update iteration= 210 ,loss= 2.298222541809082
2021-07-04 13:53:05  client id= 1 ,round= 8 ,epoch= 1 ,client update iteration= 220 ,loss= 2.3048758506774902
2021-07-04 13:53:06  client id= 1 ,round= 8 ,epoch= 1 ,client update iteration= 230 ,loss= 2.3028857707977295
2021-07-04 13:53:08  client id= 1 ,round= 8 ,epoch= 1 ,client update iteration= 240 ,loss= 2.3003649711608887
2021-07-04 13:53:10  client id= 1 ,round= 8 ,epoch= 1 ,client update iteration= 250 ,loss= 2.3019723892211914
2021-07-04 13:53:12  client id= 1 ,round= 8 ,epoch= 1 ,client update iteration= 260 ,loss= 2.3040010929107666
2021-07-04 13:53:14  client id= 1 ,round= 8 ,epoch= 1 ,client update iteration= 270 ,loss= 2.304065465927124
2021-07-04 13:53:16  client id= 1 ,round= 8 ,epoch= 1 ,client update iteration= 280 ,loss= 2.302996873855591
2021-07-04 13:53:18  client id= 1 ,round= 8 ,epoch= 1 ,client update iteration= 290 ,loss= 2.301781415939331
2021-07-04 13:53:19  client id= 1 ,round= 8 ,epoch= 1 ,client update iteration= 300 ,loss= 2.3030176162719727
2021-07-04 13:53:21  client id= 1 ,round= 8 ,epoch= 1 ,client update iteration= 310 ,loss= 2.3038549423217773
2021-07-04 13:53:23  client id= 1 ,round= 8 ,epoch= 1 ,client update iteration= 320 ,loss= 2.2996761798858643
2021-07-04 13:53:25  client id= 1 ,round= 8 ,epoch= 1 ,client update iteration= 330 ,loss= 2.3012373447418213
2021-07-04 13:53:27  client id= 1 ,round= 8 ,epoch= 1 ,client update iteration= 340 ,loss= 2.3041281700134277
2021-07-04 13:53:29  client id= 1 ,round= 8 ,epoch= 1 ,client update iteration= 350 ,loss= 2.299966335296631
2021-07-04 13:53:30  client id= 1 ,round= 8 ,epoch= 1 ,client update iteration= 360 ,loss= 2.3038744926452637
2021-07-04 13:53:32  client id= 1 ,round= 8 ,epoch= 1 ,client update iteration= 370 ,loss= 2.3043055534362793
2021-07-04 13:53:34  client id= 1 ,round= 8 ,epoch= 1 ,client update iteration= 380 ,loss= 2.303537368774414
2021-07-04 13:53:36  client id= 1 ,round= 8 ,epoch= 1 ,client update iteration= 390 ,loss= 2.303165912628174
end_round_time 2021-07-04 13:53:36
start add noise 2021-07-04 13:53:36
layer= 0 ratio= 0.0625
layer= 1 ratio= 0.0625
layer= 2 ratio= 0.0625
layer= 3 ratio= 0.0625
layer= 4 ratio= 0.0625
layer= 5 ratio= 0.0625
layer= 6 ratio= 0.0625
layer= 7 ratio= 0.0625
layer= 8 ratio= 0.0625
layer= 9 ratio= 0.0625
layer= 10 ratio= 0.0625
layer= 11 ratio= 0.0625
layer= 12 ratio= 0.0625
layer= 13 ratio= 0.0625
layer= 14 ratio= 0.0625
layer= 15 ratio= 0.0625
layer= 0 ratio= 0.0625
layer= 1 ratio= 0.0625
layer= 2 ratio= 0.0625
layer= 3 ratio= 0.0625
layer= 4 ratio= 0.0625
layer= 5 ratio= 0.0625
layer= 6 ratio= 0.0625
layer= 7 ratio= 0.0625
layer= 8 ratio= 0.0625
layer= 9 ratio= 0.0625
layer= 10 ratio= 0.0625
layer= 11 ratio= 0.0625
layer= 12 ratio= 0.0625
layer= 13 ratio= 0.0625
layer= 14 ratio= 0.0625
layer= 15 ratio= 0.0625
end add noise time 2021-07-04 13:53:36
average train loss= 47.67066674860542
2021-07-04 13:53:45,round 8,val Accuracy Top1: 9.810000 %
2021-07-04 13:53:45,round 8,val Accuracy Top5: 50.580000 %
start_round_time 2021-07-04 13:53:45
******client id  0 ******
client_update start
2021-07-04 13:53:47  client id= 0 ,round= 9 ,epoch= 1 ,client update iteration= 10 ,loss= 2.7923848628997803
2021-07-04 13:53:49  client id= 0 ,round= 9 ,epoch= 1 ,client update iteration= 20 ,loss= 2.270064115524292
2021-07-04 13:53:50  client id= 0 ,round= 9 ,epoch= 1 ,client update iteration= 30 ,loss= 2.3081772327423096
2021-07-04 13:53:52  client id= 0 ,round= 9 ,epoch= 1 ,client update iteration= 40 ,loss= 2.325244426727295
2021-07-04 13:53:54  client id= 0 ,round= 9 ,epoch= 1 ,client update iteration= 50 ,loss= 2.3110103607177734
2021-07-04 13:53:56  client id= 0 ,round= 9 ,epoch= 1 ,client update iteration= 60 ,loss= 2.30263352394104
2021-07-04 13:53:58  client id= 0 ,round= 9 ,epoch= 1 ,client update iteration= 70 ,loss= 2.300060272216797
2021-07-04 13:54:00  client id= 0 ,round= 9 ,epoch= 1 ,client update iteration= 80 ,loss= 2.3032760620117188
2021-07-04 13:54:02  client id= 0 ,round= 9 ,epoch= 1 ,client update iteration= 90 ,loss= 2.299577236175537
2021-07-04 13:54:03  client id= 0 ,round= 9 ,epoch= 1 ,client update iteration= 100 ,loss= 2.3067169189453125
2021-07-04 13:54:05  client id= 0 ,round= 9 ,epoch= 1 ,client update iteration= 110 ,loss= 2.3017897605895996
2021-07-04 13:54:07  client id= 0 ,round= 9 ,epoch= 1 ,client update iteration= 120 ,loss= 2.2985825538635254
2021-07-04 13:54:09  client id= 0 ,round= 9 ,epoch= 1 ,client update iteration= 130 ,loss= 2.3025546073913574
2021-07-04 13:54:11  client id= 0 ,round= 9 ,epoch= 1 ,client update iteration= 140 ,loss= 2.304225444793701
2021-07-04 13:54:13  client id= 0 ,round= 9 ,epoch= 1 ,client update iteration= 150 ,loss= 2.303539276123047
2021-07-04 13:54:14  client id= 0 ,round= 9 ,epoch= 1 ,client update iteration= 160 ,loss= 2.3029673099517822
2021-07-04 13:54:16  client id= 0 ,round= 9 ,epoch= 1 ,client update iteration= 170 ,loss= 2.3017008304595947
2021-07-04 13:54:18  client id= 0 ,round= 9 ,epoch= 1 ,client update iteration= 180 ,loss= 2.2987892627716064
2021-07-04 13:54:20  client id= 0 ,round= 9 ,epoch= 1 ,client update iteration= 190 ,loss= 2.302670478820801
2021-07-04 13:54:22  client id= 0 ,round= 9 ,epoch= 1 ,client update iteration= 200 ,loss= 2.301706552505493
2021-07-04 13:54:24  client id= 0 ,round= 9 ,epoch= 1 ,client update iteration= 210 ,loss= 2.3025176525115967
2021-07-04 13:54:26  client id= 0 ,round= 9 ,epoch= 1 ,client update iteration= 220 ,loss= 2.3040544986724854
2021-07-04 13:54:27  client id= 0 ,round= 9 ,epoch= 1 ,client update iteration= 230 ,loss= 2.304213523864746
2021-07-04 13:54:29  client id= 0 ,round= 9 ,epoch= 1 ,client update iteration= 240 ,loss= 2.304898738861084
2021-07-04 13:54:31  client id= 0 ,round= 9 ,epoch= 1 ,client update iteration= 250 ,loss= 2.300563335418701
2021-07-04 13:54:33  client id= 0 ,round= 9 ,epoch= 1 ,client update iteration= 260 ,loss= 2.304562568664551
2021-07-04 13:54:35  client id= 0 ,round= 9 ,epoch= 1 ,client update iteration= 270 ,loss= 2.300312042236328
2021-07-04 13:54:37  client id= 0 ,round= 9 ,epoch= 1 ,client update iteration= 280 ,loss= 2.3028275966644287
2021-07-04 13:54:38  client id= 0 ,round= 9 ,epoch= 1 ,client update iteration= 290 ,loss= 2.3051087856292725
2021-07-04 13:54:40  client id= 0 ,round= 9 ,epoch= 1 ,client update iteration= 300 ,loss= 2.301469087600708
2021-07-04 13:54:42  client id= 0 ,round= 9 ,epoch= 1 ,client update iteration= 310 ,loss= 2.3027989864349365
2021-07-04 13:54:44  client id= 0 ,round= 9 ,epoch= 1 ,client update iteration= 320 ,loss= 2.304321050643921
2021-07-04 13:54:46  client id= 0 ,round= 9 ,epoch= 1 ,client update iteration= 330 ,loss= 2.3029074668884277
2021-07-04 13:54:48  client id= 0 ,round= 9 ,epoch= 1 ,client update iteration= 340 ,loss= 2.3010313510894775
2021-07-04 13:54:50  client id= 0 ,round= 9 ,epoch= 1 ,client update iteration= 350 ,loss= 2.3027267456054688
2021-07-04 13:54:51  client id= 0 ,round= 9 ,epoch= 1 ,client update iteration= 360 ,loss= 2.3038582801818848
2021-07-04 13:54:53  client id= 0 ,round= 9 ,epoch= 1 ,client update iteration= 370 ,loss= 2.3007774353027344
2021-07-04 13:54:55  client id= 0 ,round= 9 ,epoch= 1 ,client update iteration= 380 ,loss= 2.30534291267395
2021-07-04 13:54:57  client id= 0 ,round= 9 ,epoch= 1 ,client update iteration= 390 ,loss= 2.3036766052246094
******client id  1 ******
client_update start
2021-07-04 13:54:59  client id= 1 ,round= 9 ,epoch= 1 ,client update iteration= 10 ,loss= 17316.875
2021-07-04 13:55:01  client id= 1 ,round= 9 ,epoch= 1 ,client update iteration= 20 ,loss= 2.30713152885437
2021-07-04 13:55:03  client id= 1 ,round= 9 ,epoch= 1 ,client update iteration= 30 ,loss= 2.3064818382263184
2021-07-04 13:55:04  client id= 1 ,round= 9 ,epoch= 1 ,client update iteration= 40 ,loss= 2.349205732345581
2021-07-04 13:55:06  client id= 1 ,round= 9 ,epoch= 1 ,client update iteration= 50 ,loss= 2.3031840324401855
2021-07-04 13:55:08  client id= 1 ,round= 9 ,epoch= 1 ,client update iteration= 60 ,loss= 2.300696611404419
2021-07-04 13:55:10  client id= 1 ,round= 9 ,epoch= 1 ,client update iteration= 70 ,loss= 2.299078941345215
2021-07-04 13:55:12  client id= 1 ,round= 9 ,epoch= 1 ,client update iteration= 80 ,loss= 2.2974448204040527
2021-07-04 13:55:14  client id= 1 ,round= 9 ,epoch= 1 ,client update iteration= 90 ,loss= 2.3003034591674805
2021-07-04 13:55:16  client id= 1 ,round= 9 ,epoch= 1 ,client update iteration= 100 ,loss= 2.303384304046631
2021-07-04 13:55:17  client id= 1 ,round= 9 ,epoch= 1 ,client update iteration= 110 ,loss= 2.303363561630249
2021-07-04 13:55:19  client id= 1 ,round= 9 ,epoch= 1 ,client update iteration= 120 ,loss= 2.2971370220184326
2021-07-04 13:55:21  client id= 1 ,round= 9 ,epoch= 1 ,client update iteration= 130 ,loss= 2.300408363342285
2021-07-04 13:55:23  client id= 1 ,round= 9 ,epoch= 1 ,client update iteration= 140 ,loss= 2.2990286350250244
2021-07-04 13:55:25  client id= 1 ,round= 9 ,epoch= 1 ,client update iteration= 150 ,loss= 2.304381847381592
2021-07-04 13:55:27  client id= 1 ,round= 9 ,epoch= 1 ,client update iteration= 160 ,loss= 2.3026890754699707
2021-07-04 13:55:28  client id= 1 ,round= 9 ,epoch= 1 ,client update iteration= 170 ,loss= 2.304239511489868
2021-07-04 13:55:30  client id= 1 ,round= 9 ,epoch= 1 ,client update iteration= 180 ,loss= 2.3023886680603027
2021-07-04 13:55:32  client id= 1 ,round= 9 ,epoch= 1 ,client update iteration= 190 ,loss= 2.3043363094329834
2021-07-04 13:55:34  client id= 1 ,round= 9 ,epoch= 1 ,client update iteration= 200 ,loss= 2.300477981567383
2021-07-04 13:55:36  client id= 1 ,round= 9 ,epoch= 1 ,client update iteration= 210 ,loss= 2.2977700233459473
2021-07-04 13:55:38  client id= 1 ,round= 9 ,epoch= 1 ,client update iteration= 220 ,loss= 2.306692123413086
2021-07-04 13:55:40  client id= 1 ,round= 9 ,epoch= 1 ,client update iteration= 230 ,loss= 2.3050196170806885
2021-07-04 13:55:41  client id= 1 ,round= 9 ,epoch= 1 ,client update iteration= 240 ,loss= 2.3079261779785156
2021-07-04 13:55:43  client id= 1 ,round= 9 ,epoch= 1 ,client update iteration= 250 ,loss= 2.299395799636841
2021-07-04 13:55:45  client id= 1 ,round= 9 ,epoch= 1 ,client update iteration= 260 ,loss= 2.3015201091766357
2021-07-04 13:55:47  client id= 1 ,round= 9 ,epoch= 1 ,client update iteration= 270 ,loss= 2.3013718128204346
2021-07-04 13:55:49  client id= 1 ,round= 9 ,epoch= 1 ,client update iteration= 280 ,loss= 2.308879852294922
2021-07-04 13:55:51  client id= 1 ,round= 9 ,epoch= 1 ,client update iteration= 290 ,loss= 2.301426887512207
2021-07-04 13:55:52  client id= 1 ,round= 9 ,epoch= 1 ,client update iteration= 300 ,loss= 2.2982709407806396
2021-07-04 13:55:54  client id= 1 ,round= 9 ,epoch= 1 ,client update iteration= 310 ,loss= 2.3005106449127197
2021-07-04 13:55:56  client id= 1 ,round= 9 ,epoch= 1 ,client update iteration= 320 ,loss= 2.304387331008911
2021-07-04 13:55:58  client id= 1 ,round= 9 ,epoch= 1 ,client update iteration= 330 ,loss= 2.3050050735473633
2021-07-04 13:56:00  client id= 1 ,round= 9 ,epoch= 1 ,client update iteration= 340 ,loss= 2.3025753498077393
2021-07-04 13:56:02  client id= 1 ,round= 9 ,epoch= 1 ,client update iteration= 350 ,loss= 2.3062007427215576
2021-07-04 13:56:04  client id= 1 ,round= 9 ,epoch= 1 ,client update iteration= 360 ,loss= 2.3028924465179443
2021-07-04 13:56:05  client id= 1 ,round= 9 ,epoch= 1 ,client update iteration= 370 ,loss= 2.3043053150177
2021-07-04 13:56:07  client id= 1 ,round= 9 ,epoch= 1 ,client update iteration= 380 ,loss= 2.300992727279663
2021-07-04 13:56:09  client id= 1 ,round= 9 ,epoch= 1 ,client update iteration= 390 ,loss= 2.303579330444336
end_round_time 2021-07-04 13:56:09
start add noise 2021-07-04 13:56:09
layer= 0 ratio= 0.0625
layer= 1 ratio= 0.0625
layer= 2 ratio= 0.0625
layer= 3 ratio= 0.0625
layer= 4 ratio= 0.0625
layer= 5 ratio= 0.0625
layer= 6 ratio= 0.0625
layer= 7 ratio= 0.0625
layer= 8 ratio= 0.0625
layer= 9 ratio= 0.0625
layer= 10 ratio= 0.0625
layer= 11 ratio= 0.0625
layer= 12 ratio= 0.0625
layer= 13 ratio= 0.0625
layer= 14 ratio= 0.0625
layer= 15 ratio= 0.0625
layer= 0 ratio= 0.0625
layer= 1 ratio= 0.0625
layer= 2 ratio= 0.0625
layer= 3 ratio= 0.0625
layer= 4 ratio= 0.0625
layer= 5 ratio= 0.0625
layer= 6 ratio= 0.0625
layer= 7 ratio= 0.0625
layer= 8 ratio= 0.0625
layer= 9 ratio= 0.0625
layer= 10 ratio= 0.0625
layer= 11 ratio= 0.0625
layer= 12 ratio= 0.0625
layer= 13 ratio= 0.0625
layer= 14 ratio= 0.0625
layer= 15 ratio= 0.0625
end add noise time 2021-07-04 13:56:09
average train loss= 57522.70788148267
2021-07-04 13:56:18,round 9,val Accuracy Top1: 10.020000 %
2021-07-04 13:56:18,round 9,val Accuracy Top5: 49.940000 %
start_round_time 2021-07-04 13:56:18
******client id  0 ******
client_update start
2021-07-04 13:56:20  client id= 0 ,round= 10 ,epoch= 1 ,client update iteration= 10 ,loss= 57645.75390625
2021-07-04 13:56:22  client id= 0 ,round= 10 ,epoch= 1 ,client update iteration= 20 ,loss= 2.4203853607177734
2021-07-04 13:56:24  client id= 0 ,round= 10 ,epoch= 1 ,client update iteration= 30 ,loss= 2.367236614227295
2021-07-04 13:56:25  client id= 0 ,round= 10 ,epoch= 1 ,client update iteration= 40 ,loss= 2.4922728538513184
2021-07-04 13:56:27  client id= 0 ,round= 10 ,epoch= 1 ,client update iteration= 50 ,loss= 2.3057548999786377
2021-07-04 13:56:29  client id= 0 ,round= 10 ,epoch= 1 ,client update iteration= 60 ,loss= 2.3016812801361084
2021-07-04 13:56:31  client id= 0 ,round= 10 ,epoch= 1 ,client update iteration= 70 ,loss= 2.303269624710083
2021-07-04 13:56:33  client id= 0 ,round= 10 ,epoch= 1 ,client update iteration= 80 ,loss= 2.3011550903320312
2021-07-04 13:56:35  client id= 0 ,round= 10 ,epoch= 1 ,client update iteration= 90 ,loss= 2.3027560710906982
2021-07-04 13:56:37  client id= 0 ,round= 10 ,epoch= 1 ,client update iteration= 100 ,loss= 2.3005878925323486
2021-07-04 13:56:38  client id= 0 ,round= 10 ,epoch= 1 ,client update iteration= 110 ,loss= 2.3046607971191406
2021-07-04 13:56:40  client id= 0 ,round= 10 ,epoch= 1 ,client update iteration= 120 ,loss= 2.3045434951782227
2021-07-04 13:56:42  client id= 0 ,round= 10 ,epoch= 1 ,client update iteration= 130 ,loss= 2.29819393157959
2021-07-04 13:56:44  client id= 0 ,round= 10 ,epoch= 1 ,client update iteration= 140 ,loss= 2.300645112991333
2021-07-04 13:56:46  client id= 0 ,round= 10 ,epoch= 1 ,client update iteration= 150 ,loss= 2.3005287647247314
2021-07-04 13:56:48  client id= 0 ,round= 10 ,epoch= 1 ,client update iteration= 160 ,loss= 2.3023970127105713
2021-07-04 13:56:49  client id= 0 ,round= 10 ,epoch= 1 ,client update iteration= 170 ,loss= 2.3053154945373535
2021-07-04 13:56:51  client id= 0 ,round= 10 ,epoch= 1 ,client update iteration= 180 ,loss= 2.3026692867279053
2021-07-04 13:56:53  client id= 0 ,round= 10 ,epoch= 1 ,client update iteration= 190 ,loss= 2.303367853164673
2021-07-04 13:56:55  client id= 0 ,round= 10 ,epoch= 1 ,client update iteration= 200 ,loss= 2.3002212047576904
2021-07-04 13:56:57  client id= 0 ,round= 10 ,epoch= 1 ,client update iteration= 210 ,loss= 2.2994637489318848
2021-07-04 13:56:59  client id= 0 ,round= 10 ,epoch= 1 ,client update iteration= 220 ,loss= 2.3053505420684814
2021-07-04 13:57:01  client id= 0 ,round= 10 ,epoch= 1 ,client update iteration= 230 ,loss= 2.3032472133636475
2021-07-04 13:57:02  client id= 0 ,round= 10 ,epoch= 1 ,client update iteration= 240 ,loss= 2.3014519214630127
2021-07-04 13:57:04  client id= 0 ,round= 10 ,epoch= 1 ,client update iteration= 250 ,loss= 2.30517840385437
2021-07-04 13:57:06  client id= 0 ,round= 10 ,epoch= 1 ,client update iteration= 260 ,loss= 2.3071701526641846
2021-07-04 13:57:08  client id= 0 ,round= 10 ,epoch= 1 ,client update iteration= 270 ,loss= 2.303489923477173
2021-07-04 13:57:10  client id= 0 ,round= 10 ,epoch= 1 ,client update iteration= 280 ,loss= 2.3037896156311035
2021-07-04 13:57:12  client id= 0 ,round= 10 ,epoch= 1 ,client update iteration= 290 ,loss= 2.304245948791504
2021-07-04 13:57:13  client id= 0 ,round= 10 ,epoch= 1 ,client update iteration= 300 ,loss= 2.300724506378174
2021-07-04 13:57:15  client id= 0 ,round= 10 ,epoch= 1 ,client update iteration= 310 ,loss= 2.304868698120117
2021-07-04 13:57:17  client id= 0 ,round= 10 ,epoch= 1 ,client update iteration= 320 ,loss= 2.3036043643951416
2021-07-04 13:57:19  client id= 0 ,round= 10 ,epoch= 1 ,client update iteration= 330 ,loss= 2.302581548690796
2021-07-04 13:57:21  client id= 0 ,round= 10 ,epoch= 1 ,client update iteration= 340 ,loss= 2.3035340309143066
2021-07-04 13:57:23  client id= 0 ,round= 10 ,epoch= 1 ,client update iteration= 350 ,loss= 2.301013708114624
2021-07-04 13:57:24  client id= 0 ,round= 10 ,epoch= 1 ,client update iteration= 360 ,loss= 2.302527904510498
2021-07-04 13:57:26  client id= 0 ,round= 10 ,epoch= 1 ,client update iteration= 370 ,loss= 2.3024559020996094
2021-07-04 13:57:28  client id= 0 ,round= 10 ,epoch= 1 ,client update iteration= 380 ,loss= 2.3033363819122314
2021-07-04 13:57:30  client id= 0 ,round= 10 ,epoch= 1 ,client update iteration= 390 ,loss= 2.301406145095825
******client id  1 ******
client_update start
2021-07-04 13:57:32  client id= 1 ,round= 10 ,epoch= 1 ,client update iteration= 10 ,loss= 3825792.75
2021-07-04 13:57:34  client id= 1 ,round= 10 ,epoch= 1 ,client update iteration= 20 ,loss= 2.3558273315429688
2021-07-04 13:57:36  client id= 1 ,round= 10 ,epoch= 1 ,client update iteration= 30 ,loss= 191832.125
2021-07-04 13:57:38  client id= 1 ,round= 10 ,epoch= 1 ,client update iteration= 40 ,loss= 2.301628351211548
2021-07-04 13:57:39  client id= 1 ,round= 10 ,epoch= 1 ,client update iteration= 50 ,loss= 2.3044590950012207
2021-07-04 13:57:41  client id= 1 ,round= 10 ,epoch= 1 ,client update iteration= 60 ,loss= 2.393674373626709
2021-07-04 13:57:43  client id= 1 ,round= 10 ,epoch= 1 ,client update iteration= 70 ,loss= 2.3019654750823975
2021-07-04 13:57:45  client id= 1 ,round= 10 ,epoch= 1 ,client update iteration= 80 ,loss= 2.302168607711792
2021-07-04 13:57:47  client id= 1 ,round= 10 ,epoch= 1 ,client update iteration= 90 ,loss= 2.2972891330718994
2021-07-04 13:57:49  client id= 1 ,round= 10 ,epoch= 1 ,client update iteration= 100 ,loss= 2.3048534393310547
2021-07-04 13:57:50  client id= 1 ,round= 10 ,epoch= 1 ,client update iteration= 110 ,loss= 2.30346417427063
2021-07-04 13:57:52  client id= 1 ,round= 10 ,epoch= 1 ,client update iteration= 120 ,loss= 2.3011045455932617
2021-07-04 13:57:54  client id= 1 ,round= 10 ,epoch= 1 ,client update iteration= 130 ,loss= 2.3026208877563477
2021-07-04 13:57:56  client id= 1 ,round= 10 ,epoch= 1 ,client update iteration= 140 ,loss= 2.301995277404785
2021-07-04 13:57:58  client id= 1 ,round= 10 ,epoch= 1 ,client update iteration= 150 ,loss= 2.299999237060547
2021-07-04 13:58:00  client id= 1 ,round= 10 ,epoch= 1 ,client update iteration= 160 ,loss= 2.2993671894073486
2021-07-04 13:58:02  client id= 1 ,round= 10 ,epoch= 1 ,client update iteration= 170 ,loss= 2.299551010131836
2021-07-04 13:58:03  client id= 1 ,round= 10 ,epoch= 1 ,client update iteration= 180 ,loss= 2.3007023334503174
2021-07-04 13:58:05  client id= 1 ,round= 10 ,epoch= 1 ,client update iteration= 190 ,loss= 2.3025059700012207
2021-07-04 13:58:07  client id= 1 ,round= 10 ,epoch= 1 ,client update iteration= 200 ,loss= 2.3019230365753174
2021-07-04 13:58:09  client id= 1 ,round= 10 ,epoch= 1 ,client update iteration= 210 ,loss= 2.3056201934814453
2021-07-04 13:58:11  client id= 1 ,round= 10 ,epoch= 1 ,client update iteration= 220 ,loss= 2.302570104598999
2021-07-04 13:58:13  client id= 1 ,round= 10 ,epoch= 1 ,client update iteration= 230 ,loss= 2.303410291671753
2021-07-04 13:58:14  client id= 1 ,round= 10 ,epoch= 1 ,client update iteration= 240 ,loss= 2.302802085876465
2021-07-04 13:58:16  client id= 1 ,round= 10 ,epoch= 1 ,client update iteration= 250 ,loss= 2.3049280643463135
2021-07-04 13:58:18  client id= 1 ,round= 10 ,epoch= 1 ,client update iteration= 260 ,loss= 2.303654670715332
2021-07-04 13:58:20  client id= 1 ,round= 10 ,epoch= 1 ,client update iteration= 270 ,loss= 2.3005576133728027
2021-07-04 13:58:22  client id= 1 ,round= 10 ,epoch= 1 ,client update iteration= 280 ,loss= 2.303516387939453
2021-07-04 13:58:24  client id= 1 ,round= 10 ,epoch= 1 ,client update iteration= 290 ,loss= 2.3017008304595947
2021-07-04 13:58:26  client id= 1 ,round= 10 ,epoch= 1 ,client update iteration= 300 ,loss= 2.301483631134033
2021-07-04 13:58:27  client id= 1 ,round= 10 ,epoch= 1 ,client update iteration= 310 ,loss= 2.301525115966797
2021-07-04 13:58:29  client id= 1 ,round= 10 ,epoch= 1 ,client update iteration= 320 ,loss= 2.300562620162964
2021-07-04 13:58:31  client id= 1 ,round= 10 ,epoch= 1 ,client update iteration= 330 ,loss= 2.3020598888397217
2021-07-04 13:58:33  client id= 1 ,round= 10 ,epoch= 1 ,client update iteration= 340 ,loss= 2.3045401573181152
2021-07-04 13:58:35  client id= 1 ,round= 10 ,epoch= 1 ,client update iteration= 350 ,loss= 2.3023178577423096
2021-07-04 13:58:37  client id= 1 ,round= 10 ,epoch= 1 ,client update iteration= 360 ,loss= 2.3063340187072754
2021-07-04 13:58:38  client id= 1 ,round= 10 ,epoch= 1 ,client update iteration= 370 ,loss= 2.302485227584839
2021-07-04 13:58:40  client id= 1 ,round= 10 ,epoch= 1 ,client update iteration= 380 ,loss= 2.301934242248535
2021-07-04 13:58:42  client id= 1 ,round= 10 ,epoch= 1 ,client update iteration= 390 ,loss= 2.30340838432312
end_round_time 2021-07-04 13:58:42
start add noise 2021-07-04 13:58:42
layer= 0 ratio= 0.0625
layer= 1 ratio= 0.0625
layer= 2 ratio= 0.0625
layer= 3 ratio= 0.0625
layer= 4 ratio= 0.0625
layer= 5 ratio= 0.0625
layer= 6 ratio= 0.0625
layer= 7 ratio= 0.0625
layer= 8 ratio= 0.0625
layer= 9 ratio= 0.0625
layer= 10 ratio= 0.0625
layer= 11 ratio= 0.0625
layer= 12 ratio= 0.0625
layer= 13 ratio= 0.0625
layer= 14 ratio= 0.0625
layer= 15 ratio= 0.0625
layer= 0 ratio= 0.0625
layer= 1 ratio= 0.0625
layer= 2 ratio= 0.0625
layer= 3 ratio= 0.0625
layer= 4 ratio= 0.0625
layer= 5 ratio= 0.0625
layer= 6 ratio= 0.0625
layer= 7 ratio= 0.0625
layer= 8 ratio= 0.0625
layer= 9 ratio= 0.0625
layer= 10 ratio= 0.0625
layer= 11 ratio= 0.0625
layer= 12 ratio= 0.0625
layer= 13 ratio= 0.0625
layer= 14 ratio= 0.0625
layer= 15 ratio= 0.0625
end add noise time 2021-07-04 13:58:42
average train loss= 9203553.555008743
2021-07-04 13:58:51,round 10,val Accuracy Top1: 10.000000 %
2021-07-04 13:58:51,round 10,val Accuracy Top5: 50.000000 %
