type sample_L2
pb 35000.0
clip_bound 20.0
log_path log/Alexnet/sample_L2/False
train_data data
test_data data
batch_size 64
test_batch_size 64
lr 0.0002
momentum 0.5
no_cuda False
seed 1
log_interval 1
privacy_delta 1e-06
sample_num 500
islog True
is_ratio_list False
num_clients 2
num_rounds 10
epochs 1
ratio_type 0
平均分配eps
device cuda
loading data
load data done
AlexNet(
  (conv1): Sequential(
    (0): Conv2d(3, 96, kernel_size=(6, 6), stride=(1, 1))
    (1): ReLU()
  )
  (conv2): Sequential(
    (0): Conv2d(96, 256, kernel_size=(5, 5), stride=(1, 1), padding=(2, 2))
    (1): ReLU()
    (2): MaxPool2d(kernel_size=3, stride=2, padding=0, dilation=1, ceil_mode=False)
  )
  (conv3): Sequential(
    (0): Conv2d(256, 384, kernel_size=(3, 3), stride=(1, 1), padding=(1, 1))
    (1): ReLU()
  )
  (conv4): Sequential(
    (0): Conv2d(384, 384, kernel_size=(3, 3), stride=(1, 1), padding=(1, 1))
    (1): ReLU()
  )
  (conv5): Sequential(
    (0): Conv2d(384, 256, kernel_size=(3, 3), stride=(1, 1), padding=(1, 1))
    (1): ReLU()
    (2): MaxPool2d(kernel_size=3, stride=2, padding=0, dilation=1, ceil_mode=False)
  )
  (dense): Sequential(
    (0): Linear(in_features=9216, out_features=4096, bias=True)
    (1): ReLU()
    (2): Dropout(p=0.5, inplace=False)
    (3): Linear(in_features=4096, out_features=4096, bias=True)
    (4): ReLU()
    (5): Dropout(p=0.5, inplace=False)
    (6): Linear(in_features=4096, out_features=10, bias=True)
  )
)
********start training********
start_round_time 2021-07-03 19:58:21
******client id  0 ******
client_update start
2021-07-03 19:58:23  client id= 0 ,round= 1 ,epoch= 1 ,client update iteration= 10 ,loss= 2.2888245582580566
2021-07-03 19:58:25  client id= 0 ,round= 1 ,epoch= 1 ,client update iteration= 20 ,loss= 2.193385124206543
2021-07-03 19:58:27  client id= 0 ,round= 1 ,epoch= 1 ,client update iteration= 30 ,loss= 2.002488374710083
2021-07-03 19:58:29  client id= 0 ,round= 1 ,epoch= 1 ,client update iteration= 40 ,loss= 2.1985981464385986
2021-07-03 19:58:31  client id= 0 ,round= 1 ,epoch= 1 ,client update iteration= 50 ,loss= 2.077162742614746
2021-07-03 19:58:32  client id= 0 ,round= 1 ,epoch= 1 ,client update iteration= 60 ,loss= 2.167255401611328
2021-07-03 19:58:34  client id= 0 ,round= 1 ,epoch= 1 ,client update iteration= 70 ,loss= 2.0959041118621826
2021-07-03 19:58:36  client id= 0 ,round= 1 ,epoch= 1 ,client update iteration= 80 ,loss= 2.0748908519744873
2021-07-03 19:58:38  client id= 0 ,round= 1 ,epoch= 1 ,client update iteration= 90 ,loss= 1.8183839321136475
2021-07-03 19:58:40  client id= 0 ,round= 1 ,epoch= 1 ,client update iteration= 100 ,loss= 1.7886685132980347
2021-07-03 19:58:42  client id= 0 ,round= 1 ,epoch= 1 ,client update iteration= 110 ,loss= 1.8913921117782593
2021-07-03 19:58:44  client id= 0 ,round= 1 ,epoch= 1 ,client update iteration= 120 ,loss= 1.9385075569152832
2021-07-03 19:58:45  client id= 0 ,round= 1 ,epoch= 1 ,client update iteration= 130 ,loss= 1.7985167503356934
2021-07-03 19:58:47  client id= 0 ,round= 1 ,epoch= 1 ,client update iteration= 140 ,loss= 1.7554043531417847
2021-07-03 19:58:49  client id= 0 ,round= 1 ,epoch= 1 ,client update iteration= 150 ,loss= 1.8031424283981323
2021-07-03 19:58:51  client id= 0 ,round= 1 ,epoch= 1 ,client update iteration= 160 ,loss= 1.7608036994934082
2021-07-03 19:58:53  client id= 0 ,round= 1 ,epoch= 1 ,client update iteration= 170 ,loss= 1.7617377042770386
2021-07-03 19:58:55  client id= 0 ,round= 1 ,epoch= 1 ,client update iteration= 180 ,loss= 1.7788316011428833
2021-07-03 19:58:57  client id= 0 ,round= 1 ,epoch= 1 ,client update iteration= 190 ,loss= 1.5888386964797974
2021-07-03 19:58:58  client id= 0 ,round= 1 ,epoch= 1 ,client update iteration= 200 ,loss= 1.6630150079727173
2021-07-03 19:59:00  client id= 0 ,round= 1 ,epoch= 1 ,client update iteration= 210 ,loss= 1.576866626739502
2021-07-03 19:59:02  client id= 0 ,round= 1 ,epoch= 1 ,client update iteration= 220 ,loss= 1.5707693099975586
2021-07-03 19:59:04  client id= 0 ,round= 1 ,epoch= 1 ,client update iteration= 230 ,loss= 1.535266637802124
2021-07-03 19:59:06  client id= 0 ,round= 1 ,epoch= 1 ,client update iteration= 240 ,loss= 1.6639419794082642
2021-07-03 19:59:08  client id= 0 ,round= 1 ,epoch= 1 ,client update iteration= 250 ,loss= 1.499697208404541
2021-07-03 19:59:10  client id= 0 ,round= 1 ,epoch= 1 ,client update iteration= 260 ,loss= 1.556186318397522
2021-07-03 19:59:12  client id= 0 ,round= 1 ,epoch= 1 ,client update iteration= 270 ,loss= 1.5593485832214355
2021-07-03 19:59:13  client id= 0 ,round= 1 ,epoch= 1 ,client update iteration= 280 ,loss= 1.5705476999282837
2021-07-03 19:59:15  client id= 0 ,round= 1 ,epoch= 1 ,client update iteration= 290 ,loss= 1.5346550941467285
2021-07-03 19:59:17  client id= 0 ,round= 1 ,epoch= 1 ,client update iteration= 300 ,loss= 1.5788460969924927
2021-07-03 19:59:19  client id= 0 ,round= 1 ,epoch= 1 ,client update iteration= 310 ,loss= 1.4018521308898926
2021-07-03 19:59:21  client id= 0 ,round= 1 ,epoch= 1 ,client update iteration= 320 ,loss= 1.44301438331604
2021-07-03 19:59:23  client id= 0 ,round= 1 ,epoch= 1 ,client update iteration= 330 ,loss= 1.4010978937149048
2021-07-03 19:59:25  client id= 0 ,round= 1 ,epoch= 1 ,client update iteration= 340 ,loss= 1.4738060235977173
2021-07-03 19:59:26  client id= 0 ,round= 1 ,epoch= 1 ,client update iteration= 350 ,loss= 1.4616670608520508
2021-07-03 19:59:28  client id= 0 ,round= 1 ,epoch= 1 ,client update iteration= 360 ,loss= 1.5549358129501343
2021-07-03 19:59:30  client id= 0 ,round= 1 ,epoch= 1 ,client update iteration= 370 ,loss= 1.4276407957077026
2021-07-03 19:59:32  client id= 0 ,round= 1 ,epoch= 1 ,client update iteration= 380 ,loss= 1.2908549308776855
2021-07-03 19:59:34  client id= 0 ,round= 1 ,epoch= 1 ,client update iteration= 390 ,loss= 1.4449918270111084
******client id  1 ******
client_update start
2021-07-03 19:59:36  client id= 1 ,round= 1 ,epoch= 1 ,client update iteration= 10 ,loss= 2.262927770614624
2021-07-03 19:59:38  client id= 1 ,round= 1 ,epoch= 1 ,client update iteration= 20 ,loss= 2.150965690612793
2021-07-03 19:59:40  client id= 1 ,round= 1 ,epoch= 1 ,client update iteration= 30 ,loss= 2.183142900466919
2021-07-03 19:59:41  client id= 1 ,round= 1 ,epoch= 1 ,client update iteration= 40 ,loss= 2.0867154598236084
2021-07-03 19:59:43  client id= 1 ,round= 1 ,epoch= 1 ,client update iteration= 50 ,loss= 2.067342758178711
2021-07-03 19:59:45  client id= 1 ,round= 1 ,epoch= 1 ,client update iteration= 60 ,loss= 1.8847525119781494
2021-07-03 19:59:47  client id= 1 ,round= 1 ,epoch= 1 ,client update iteration= 70 ,loss= 1.7125434875488281
2021-07-03 19:59:49  client id= 1 ,round= 1 ,epoch= 1 ,client update iteration= 80 ,loss= 1.8220508098602295
2021-07-03 19:59:51  client id= 1 ,round= 1 ,epoch= 1 ,client update iteration= 90 ,loss= 1.788615107536316
2021-07-03 19:59:53  client id= 1 ,round= 1 ,epoch= 1 ,client update iteration= 100 ,loss= 1.7913479804992676
2021-07-03 19:59:55  client id= 1 ,round= 1 ,epoch= 1 ,client update iteration= 110 ,loss= 1.6448534727096558
2021-07-03 19:59:56  client id= 1 ,round= 1 ,epoch= 1 ,client update iteration= 120 ,loss= 1.8016695976257324
2021-07-03 19:59:58  client id= 1 ,round= 1 ,epoch= 1 ,client update iteration= 130 ,loss= 1.7908737659454346
2021-07-03 20:00:00  client id= 1 ,round= 1 ,epoch= 1 ,client update iteration= 140 ,loss= 1.8648613691329956
2021-07-03 20:00:02  client id= 1 ,round= 1 ,epoch= 1 ,client update iteration= 150 ,loss= 1.9583144187927246
2021-07-03 20:00:04  client id= 1 ,round= 1 ,epoch= 1 ,client update iteration= 160 ,loss= 1.6614716053009033
2021-07-03 20:00:06  client id= 1 ,round= 1 ,epoch= 1 ,client update iteration= 170 ,loss= 1.7121020555496216
2021-07-03 20:00:08  client id= 1 ,round= 1 ,epoch= 1 ,client update iteration= 180 ,loss= 1.6154745817184448
2021-07-03 20:00:09  client id= 1 ,round= 1 ,epoch= 1 ,client update iteration= 190 ,loss= 1.7351452112197876
2021-07-03 20:00:11  client id= 1 ,round= 1 ,epoch= 1 ,client update iteration= 200 ,loss= 1.6370619535446167
2021-07-03 20:00:13  client id= 1 ,round= 1 ,epoch= 1 ,client update iteration= 210 ,loss= 1.6458309888839722
2021-07-03 20:00:15  client id= 1 ,round= 1 ,epoch= 1 ,client update iteration= 220 ,loss= 1.5613868236541748
2021-07-03 20:00:17  client id= 1 ,round= 1 ,epoch= 1 ,client update iteration= 230 ,loss= 1.76591956615448
2021-07-03 20:00:19  client id= 1 ,round= 1 ,epoch= 1 ,client update iteration= 240 ,loss= 1.4730188846588135
2021-07-03 20:00:21  client id= 1 ,round= 1 ,epoch= 1 ,client update iteration= 250 ,loss= 1.553348183631897
2021-07-03 20:00:22  client id= 1 ,round= 1 ,epoch= 1 ,client update iteration= 260 ,loss= 1.4636659622192383
2021-07-03 20:00:24  client id= 1 ,round= 1 ,epoch= 1 ,client update iteration= 270 ,loss= 1.5079091787338257
2021-07-03 20:00:26  client id= 1 ,round= 1 ,epoch= 1 ,client update iteration= 280 ,loss= 1.4552520513534546
2021-07-03 20:00:28  client id= 1 ,round= 1 ,epoch= 1 ,client update iteration= 290 ,loss= 1.5998367071151733
2021-07-03 20:00:30  client id= 1 ,round= 1 ,epoch= 1 ,client update iteration= 300 ,loss= 1.546007513999939
2021-07-03 20:00:32  client id= 1 ,round= 1 ,epoch= 1 ,client update iteration= 310 ,loss= 1.4762227535247803
2021-07-03 20:00:34  client id= 1 ,round= 1 ,epoch= 1 ,client update iteration= 320 ,loss= 1.3919838666915894
2021-07-03 20:00:35  client id= 1 ,round= 1 ,epoch= 1 ,client update iteration= 330 ,loss= 1.349997639656067
2021-07-03 20:00:37  client id= 1 ,round= 1 ,epoch= 1 ,client update iteration= 340 ,loss= 1.5217978954315186
2021-07-03 20:00:39  client id= 1 ,round= 1 ,epoch= 1 ,client update iteration= 350 ,loss= 1.5219160318374634
2021-07-03 20:00:41  client id= 1 ,round= 1 ,epoch= 1 ,client update iteration= 360 ,loss= 1.605261206626892
2021-07-03 20:00:43  client id= 1 ,round= 1 ,epoch= 1 ,client update iteration= 370 ,loss= 1.3640447854995728
2021-07-03 20:00:45  client id= 1 ,round= 1 ,epoch= 1 ,client update iteration= 380 ,loss= 1.408459186553955
2021-07-03 20:00:47  client id= 1 ,round= 1 ,epoch= 1 ,client update iteration= 390 ,loss= 1.5028592348098755
end_round_time 2021-07-03 20:00:47
start add noise 2021-07-03 20:00:47
layer= 0 ratio= 0.0625
layer= 1 ratio= 0.0625
layer= 2 ratio= 0.0625
layer= 3 ratio= 0.0625
layer= 4 ratio= 0.0625
layer= 5 ratio= 0.0625
layer= 6 ratio= 0.0625
layer= 7 ratio= 0.0625
layer= 8 ratio= 0.0625
layer= 9 ratio= 0.0625
layer= 10 ratio= 0.0625
layer= 11 ratio= 0.0625
layer= 12 ratio= 0.0625
layer= 13 ratio= 0.0625
layer= 14 ratio= 0.0625
layer= 15 ratio= 0.0625
layer= 0 ratio= 0.0625
layer= 1 ratio= 0.0625
layer= 2 ratio= 0.0625
layer= 3 ratio= 0.0625
layer= 4 ratio= 0.0625
layer= 5 ratio= 0.0625
layer= 6 ratio= 0.0625
layer= 7 ratio= 0.0625
layer= 8 ratio= 0.0625
layer= 9 ratio= 0.0625
layer= 10 ratio= 0.0625
layer= 11 ratio= 0.0625
layer= 12 ratio= 0.0625
layer= 13 ratio= 0.0625
layer= 14 ratio= 0.0625
layer= 15 ratio= 0.0625
end add noise time 2021-07-03 20:00:47
average train loss= 1.7148988001486836
2021-07-03 20:00:56,round 1,val Accuracy Top1: 22.200000 %
2021-07-03 20:00:56,round 1,val Accuracy Top5: 72.170000 %
start_round_time 2021-07-03 20:00:56
******client id  0 ******
client_update start
2021-07-03 20:00:58  client id= 0 ,round= 2 ,epoch= 1 ,client update iteration= 10 ,loss= 1.6919617652893066
2021-07-03 20:00:59  client id= 0 ,round= 2 ,epoch= 1 ,client update iteration= 20 ,loss= 1.703810453414917
2021-07-03 20:01:01  client id= 0 ,round= 2 ,epoch= 1 ,client update iteration= 30 ,loss= 1.846369743347168
2021-07-03 20:01:03  client id= 0 ,round= 2 ,epoch= 1 ,client update iteration= 40 ,loss= 1.5284847021102905
2021-07-03 20:01:05  client id= 0 ,round= 2 ,epoch= 1 ,client update iteration= 50 ,loss= 1.9058533906936646
2021-07-03 20:01:07  client id= 0 ,round= 2 ,epoch= 1 ,client update iteration= 60 ,loss= 1.4613407850265503
2021-07-03 20:01:09  client id= 0 ,round= 2 ,epoch= 1 ,client update iteration= 70 ,loss= 1.396607756614685
2021-07-03 20:01:11  client id= 0 ,round= 2 ,epoch= 1 ,client update iteration= 80 ,loss= 1.4532560110092163
2021-07-03 20:01:12  client id= 0 ,round= 2 ,epoch= 1 ,client update iteration= 90 ,loss= 1.3433254957199097
2021-07-03 20:01:14  client id= 0 ,round= 2 ,epoch= 1 ,client update iteration= 100 ,loss= 1.411385178565979
2021-07-03 20:01:16  client id= 0 ,round= 2 ,epoch= 1 ,client update iteration= 110 ,loss= 1.2874643802642822
2021-07-03 20:01:18  client id= 0 ,round= 2 ,epoch= 1 ,client update iteration= 120 ,loss= 1.1661604642868042
2021-07-03 20:01:20  client id= 0 ,round= 2 ,epoch= 1 ,client update iteration= 130 ,loss= 1.2737301588058472
2021-07-03 20:01:22  client id= 0 ,round= 2 ,epoch= 1 ,client update iteration= 140 ,loss= 1.582044005393982
2021-07-03 20:01:24  client id= 0 ,round= 2 ,epoch= 1 ,client update iteration= 150 ,loss= 1.4782642126083374
2021-07-03 20:01:26  client id= 0 ,round= 2 ,epoch= 1 ,client update iteration= 160 ,loss= 1.1455727815628052
2021-07-03 20:01:27  client id= 0 ,round= 2 ,epoch= 1 ,client update iteration= 170 ,loss= 1.2819228172302246
2021-07-03 20:01:29  client id= 0 ,round= 2 ,epoch= 1 ,client update iteration= 180 ,loss= 1.3337624073028564
2021-07-03 20:01:31  client id= 0 ,round= 2 ,epoch= 1 ,client update iteration= 190 ,loss= 1.1718236207962036
2021-07-03 20:01:33  client id= 0 ,round= 2 ,epoch= 1 ,client update iteration= 200 ,loss= 1.4477784633636475
2021-07-03 20:01:35  client id= 0 ,round= 2 ,epoch= 1 ,client update iteration= 210 ,loss= 1.4679961204528809
2021-07-03 20:01:37  client id= 0 ,round= 2 ,epoch= 1 ,client update iteration= 220 ,loss= 1.4034003019332886
2021-07-03 20:01:39  client id= 0 ,round= 2 ,epoch= 1 ,client update iteration= 230 ,loss= 1.0827807188034058
2021-07-03 20:01:40  client id= 0 ,round= 2 ,epoch= 1 ,client update iteration= 240 ,loss= 1.0610214471817017
2021-07-03 20:01:42  client id= 0 ,round= 2 ,epoch= 1 ,client update iteration= 250 ,loss= 1.255555272102356
2021-07-03 20:01:44  client id= 0 ,round= 2 ,epoch= 1 ,client update iteration= 260 ,loss= 1.4153592586517334
2021-07-03 20:01:46  client id= 0 ,round= 2 ,epoch= 1 ,client update iteration= 270 ,loss= 1.1344354152679443
2021-07-03 20:01:48  client id= 0 ,round= 2 ,epoch= 1 ,client update iteration= 280 ,loss= 1.2308942079544067
2021-07-03 20:01:50  client id= 0 ,round= 2 ,epoch= 1 ,client update iteration= 290 ,loss= 1.1356981992721558
2021-07-03 20:01:52  client id= 0 ,round= 2 ,epoch= 1 ,client update iteration= 300 ,loss= 1.27153742313385
2021-07-03 20:01:54  client id= 0 ,round= 2 ,epoch= 1 ,client update iteration= 310 ,loss= 1.4601107835769653
2021-07-03 20:01:55  client id= 0 ,round= 2 ,epoch= 1 ,client update iteration= 320 ,loss= 1.2951141595840454
2021-07-03 20:01:57  client id= 0 ,round= 2 ,epoch= 1 ,client update iteration= 330 ,loss= 1.2463295459747314
2021-07-03 20:01:59  client id= 0 ,round= 2 ,epoch= 1 ,client update iteration= 340 ,loss= 0.9941285848617554
2021-07-03 20:02:01  client id= 0 ,round= 2 ,epoch= 1 ,client update iteration= 350 ,loss= 1.2175471782684326
2021-07-03 20:02:03  client id= 0 ,round= 2 ,epoch= 1 ,client update iteration= 360 ,loss= 1.3364638090133667
2021-07-03 20:02:05  client id= 0 ,round= 2 ,epoch= 1 ,client update iteration= 370 ,loss= 1.2681912183761597
2021-07-03 20:02:07  client id= 0 ,round= 2 ,epoch= 1 ,client update iteration= 380 ,loss= 1.3667751550674438
2021-07-03 20:02:08  client id= 0 ,round= 2 ,epoch= 1 ,client update iteration= 390 ,loss= 0.9768091440200806
******client id  1 ******
client_update start
2021-07-03 20:02:10  client id= 1 ,round= 2 ,epoch= 1 ,client update iteration= 10 ,loss= 1.627359390258789
2021-07-03 20:02:12  client id= 1 ,round= 2 ,epoch= 1 ,client update iteration= 20 ,loss= 1.7585787773132324
2021-07-03 20:02:14  client id= 1 ,round= 2 ,epoch= 1 ,client update iteration= 30 ,loss= 1.6707863807678223
2021-07-03 20:02:16  client id= 1 ,round= 2 ,epoch= 1 ,client update iteration= 40 ,loss= 1.451995849609375
2021-07-03 20:02:18  client id= 1 ,round= 2 ,epoch= 1 ,client update iteration= 50 ,loss= 1.750437617301941
2021-07-03 20:02:20  client id= 1 ,round= 2 ,epoch= 1 ,client update iteration= 60 ,loss= 1.4432865381240845
2021-07-03 20:02:22  client id= 1 ,round= 2 ,epoch= 1 ,client update iteration= 70 ,loss= 1.5156642198562622
2021-07-03 20:02:24  client id= 1 ,round= 2 ,epoch= 1 ,client update iteration= 80 ,loss= 1.715846300125122
2021-07-03 20:02:25  client id= 1 ,round= 2 ,epoch= 1 ,client update iteration= 90 ,loss= 1.5183496475219727
2021-07-03 20:02:27  client id= 1 ,round= 2 ,epoch= 1 ,client update iteration= 100 ,loss= 1.5299469232559204
2021-07-03 20:02:29  client id= 1 ,round= 2 ,epoch= 1 ,client update iteration= 110 ,loss= 1.3913310766220093
2021-07-03 20:02:31  client id= 1 ,round= 2 ,epoch= 1 ,client update iteration= 120 ,loss= 1.223471999168396
2021-07-03 20:02:33  client id= 1 ,round= 2 ,epoch= 1 ,client update iteration= 130 ,loss= 1.3106145858764648
2021-07-03 20:02:35  client id= 1 ,round= 2 ,epoch= 1 ,client update iteration= 140 ,loss= 1.4512286186218262
2021-07-03 20:02:37  client id= 1 ,round= 2 ,epoch= 1 ,client update iteration= 150 ,loss= 1.350518822669983
2021-07-03 20:02:38  client id= 1 ,round= 2 ,epoch= 1 ,client update iteration= 160 ,loss= 1.2157347202301025
2021-07-03 20:02:40  client id= 1 ,round= 2 ,epoch= 1 ,client update iteration= 170 ,loss= 1.4370172023773193
2021-07-03 20:02:42  client id= 1 ,round= 2 ,epoch= 1 ,client update iteration= 180 ,loss= 1.2555588483810425
2021-07-03 20:02:44  client id= 1 ,round= 2 ,epoch= 1 ,client update iteration= 190 ,loss= 1.113909363746643
2021-07-03 20:02:46  client id= 1 ,round= 2 ,epoch= 1 ,client update iteration= 200 ,loss= 1.4044840335845947
2021-07-03 20:02:48  client id= 1 ,round= 2 ,epoch= 1 ,client update iteration= 210 ,loss= 1.2035351991653442
2021-07-03 20:02:50  client id= 1 ,round= 2 ,epoch= 1 ,client update iteration= 220 ,loss= 1.4048659801483154
2021-07-03 20:02:52  client id= 1 ,round= 2 ,epoch= 1 ,client update iteration= 230 ,loss= 1.2140482664108276
2021-07-03 20:02:53  client id= 1 ,round= 2 ,epoch= 1 ,client update iteration= 240 ,loss= 1.1479142904281616
2021-07-03 20:02:55  client id= 1 ,round= 2 ,epoch= 1 ,client update iteration= 250 ,loss= 1.126278042793274
2021-07-03 20:02:57  client id= 1 ,round= 2 ,epoch= 1 ,client update iteration= 260 ,loss= 1.216088056564331
2021-07-03 20:02:59  client id= 1 ,round= 2 ,epoch= 1 ,client update iteration= 270 ,loss= 1.2184504270553589
2021-07-03 20:03:01  client id= 1 ,round= 2 ,epoch= 1 ,client update iteration= 280 ,loss= 1.105232834815979
2021-07-03 20:03:03  client id= 1 ,round= 2 ,epoch= 1 ,client update iteration= 290 ,loss= 1.1248070001602173
2021-07-03 20:03:05  client id= 1 ,round= 2 ,epoch= 1 ,client update iteration= 300 ,loss= 1.053477168083191
2021-07-03 20:03:06  client id= 1 ,round= 2 ,epoch= 1 ,client update iteration= 310 ,loss= 1.406371831893921
2021-07-03 20:03:08  client id= 1 ,round= 2 ,epoch= 1 ,client update iteration= 320 ,loss= 1.204896330833435
2021-07-03 20:03:10  client id= 1 ,round= 2 ,epoch= 1 ,client update iteration= 330 ,loss= 1.1845883131027222
2021-07-03 20:03:12  client id= 1 ,round= 2 ,epoch= 1 ,client update iteration= 340 ,loss= 1.0494340658187866
2021-07-03 20:03:14  client id= 1 ,round= 2 ,epoch= 1 ,client update iteration= 350 ,loss= 1.238913893699646
2021-07-03 20:03:16  client id= 1 ,round= 2 ,epoch= 1 ,client update iteration= 360 ,loss= 1.0019057989120483
2021-07-03 20:03:18  client id= 1 ,round= 2 ,epoch= 1 ,client update iteration= 370 ,loss= 1.4730384349822998
2021-07-03 20:03:20  client id= 1 ,round= 2 ,epoch= 1 ,client update iteration= 380 ,loss= 1.2696466445922852
2021-07-03 20:03:21  client id= 1 ,round= 2 ,epoch= 1 ,client update iteration= 390 ,loss= 0.9370026588439941
end_round_time 2021-07-03 20:03:22
start add noise 2021-07-03 20:03:22
layer= 0 ratio= 0.0625
layer= 1 ratio= 0.0625
layer= 2 ratio= 0.0625
layer= 3 ratio= 0.0625
layer= 4 ratio= 0.0625
layer= 5 ratio= 0.0625
layer= 6 ratio= 0.0625
layer= 7 ratio= 0.0625
layer= 8 ratio= 0.0625
layer= 9 ratio= 0.0625
layer= 10 ratio= 0.0625
layer= 11 ratio= 0.0625
layer= 12 ratio= 0.0625
layer= 13 ratio= 0.0625
layer= 14 ratio= 0.0625
layer= 15 ratio= 0.0625
layer= 0 ratio= 0.0625
layer= 1 ratio= 0.0625
layer= 2 ratio= 0.0625
layer= 3 ratio= 0.0625
layer= 4 ratio= 0.0625
layer= 5 ratio= 0.0625
layer= 6 ratio= 0.0625
layer= 7 ratio= 0.0625
layer= 8 ratio= 0.0625
layer= 9 ratio= 0.0625
layer= 10 ratio= 0.0625
layer= 11 ratio= 0.0625
layer= 12 ratio= 0.0625
layer= 13 ratio= 0.0625
layer= 14 ratio= 0.0625
layer= 15 ratio= 0.0625
end add noise time 2021-07-03 20:03:22
average train loss= 1.3484100967721866
2021-07-03 20:03:30,round 2,val Accuracy Top1: 57.960000 %
2021-07-03 20:03:30,round 2,val Accuracy Top5: 95.270000 %
start_round_time 2021-07-03 20:03:30
******client id  0 ******
client_update start
2021-07-03 20:03:32  client id= 0 ,round= 3 ,epoch= 1 ,client update iteration= 10 ,loss= 1.4143626689910889
2021-07-03 20:03:34  client id= 0 ,round= 3 ,epoch= 1 ,client update iteration= 20 ,loss= 1.2049789428710938
2021-07-03 20:03:36  client id= 0 ,round= 3 ,epoch= 1 ,client update iteration= 30 ,loss= 1.0991014242172241
2021-07-03 20:03:38  client id= 0 ,round= 3 ,epoch= 1 ,client update iteration= 40 ,loss= 1.1804579496383667
2021-07-03 20:03:40  client id= 0 ,round= 3 ,epoch= 1 ,client update iteration= 50 ,loss= 1.5285210609436035
2021-07-03 20:03:42  client id= 0 ,round= 3 ,epoch= 1 ,client update iteration= 60 ,loss= 0.8744834661483765
2021-07-03 20:03:43  client id= 0 ,round= 3 ,epoch= 1 ,client update iteration= 70 ,loss= 1.0975459814071655
2021-07-03 20:03:45  client id= 0 ,round= 3 ,epoch= 1 ,client update iteration= 80 ,loss= 0.9892593622207642
2021-07-03 20:03:47  client id= 0 ,round= 3 ,epoch= 1 ,client update iteration= 90 ,loss= 0.9721547365188599
2021-07-03 20:03:49  client id= 0 ,round= 3 ,epoch= 1 ,client update iteration= 100 ,loss= 1.122430682182312
2021-07-03 20:03:51  client id= 0 ,round= 3 ,epoch= 1 ,client update iteration= 110 ,loss= 1.1096500158309937
2021-07-03 20:03:53  client id= 0 ,round= 3 ,epoch= 1 ,client update iteration= 120 ,loss= 0.9941617250442505
2021-07-03 20:03:55  client id= 0 ,round= 3 ,epoch= 1 ,client update iteration= 130 ,loss= 1.016629695892334
2021-07-03 20:03:57  client id= 0 ,round= 3 ,epoch= 1 ,client update iteration= 140 ,loss= 1.0773106813430786
2021-07-03 20:03:58  client id= 0 ,round= 3 ,epoch= 1 ,client update iteration= 150 ,loss= 1.2617583274841309
2021-07-03 20:04:00  client id= 0 ,round= 3 ,epoch= 1 ,client update iteration= 160 ,loss= 1.056493878364563
2021-07-03 20:04:02  client id= 0 ,round= 3 ,epoch= 1 ,client update iteration= 170 ,loss= 0.7015414237976074
2021-07-03 20:04:04  client id= 0 ,round= 3 ,epoch= 1 ,client update iteration= 180 ,loss= 1.12192702293396
2021-07-03 20:04:06  client id= 0 ,round= 3 ,epoch= 1 ,client update iteration= 190 ,loss= 1.138289213180542
2021-07-03 20:04:08  client id= 0 ,round= 3 ,epoch= 1 ,client update iteration= 200 ,loss= 0.8331732749938965
2021-07-03 20:04:10  client id= 0 ,round= 3 ,epoch= 1 ,client update iteration= 210 ,loss= 1.223915934562683
2021-07-03 20:04:11  client id= 0 ,round= 3 ,epoch= 1 ,client update iteration= 220 ,loss= 0.9852706789970398
2021-07-03 20:04:13  client id= 0 ,round= 3 ,epoch= 1 ,client update iteration= 230 ,loss= 1.1106204986572266
2021-07-03 20:04:15  client id= 0 ,round= 3 ,epoch= 1 ,client update iteration= 240 ,loss= 0.9138169884681702
2021-07-03 20:04:17  client id= 0 ,round= 3 ,epoch= 1 ,client update iteration= 250 ,loss= 1.1125210523605347
2021-07-03 20:04:19  client id= 0 ,round= 3 ,epoch= 1 ,client update iteration= 260 ,loss= 0.9906759262084961
2021-07-03 20:04:21  client id= 0 ,round= 3 ,epoch= 1 ,client update iteration= 270 ,loss= 1.2711329460144043
2021-07-03 20:04:23  client id= 0 ,round= 3 ,epoch= 1 ,client update iteration= 280 ,loss= 1.235324740409851
2021-07-03 20:04:25  client id= 0 ,round= 3 ,epoch= 1 ,client update iteration= 290 ,loss= 0.9520706534385681
2021-07-03 20:04:26  client id= 0 ,round= 3 ,epoch= 1 ,client update iteration= 300 ,loss= 0.7550520300865173
2021-07-03 20:04:28  client id= 0 ,round= 3 ,epoch= 1 ,client update iteration= 310 ,loss= 0.9494010210037231
2021-07-03 20:04:30  client id= 0 ,round= 3 ,epoch= 1 ,client update iteration= 320 ,loss= 1.0225363969802856
2021-07-03 20:04:32  client id= 0 ,round= 3 ,epoch= 1 ,client update iteration= 330 ,loss= 0.9067310094833374
2021-07-03 20:04:34  client id= 0 ,round= 3 ,epoch= 1 ,client update iteration= 340 ,loss= 0.8445274829864502
2021-07-03 20:04:36  client id= 0 ,round= 3 ,epoch= 1 ,client update iteration= 350 ,loss= 0.9654558897018433
2021-07-03 20:04:38  client id= 0 ,round= 3 ,epoch= 1 ,client update iteration= 360 ,loss= 1.0399065017700195
2021-07-03 20:04:39  client id= 0 ,round= 3 ,epoch= 1 ,client update iteration= 370 ,loss= 0.9408313035964966
2021-07-03 20:04:41  client id= 0 ,round= 3 ,epoch= 1 ,client update iteration= 380 ,loss= 0.9482139945030212
2021-07-03 20:04:43  client id= 0 ,round= 3 ,epoch= 1 ,client update iteration= 390 ,loss= 0.8752714991569519
******client id  1 ******
client_update start
2021-07-03 20:04:45  client id= 1 ,round= 3 ,epoch= 1 ,client update iteration= 10 ,loss= 1.1695934534072876
2021-07-03 20:04:47  client id= 1 ,round= 3 ,epoch= 1 ,client update iteration= 20 ,loss= 1.4499566555023193
2021-07-03 20:04:49  client id= 1 ,round= 3 ,epoch= 1 ,client update iteration= 30 ,loss= 1.2974095344543457
2021-07-03 20:04:51  client id= 1 ,round= 3 ,epoch= 1 ,client update iteration= 40 ,loss= 1.2176591157913208
2021-07-03 20:04:53  client id= 1 ,round= 3 ,epoch= 1 ,client update iteration= 50 ,loss= 1.0958821773529053
2021-07-03 20:04:55  client id= 1 ,round= 3 ,epoch= 1 ,client update iteration= 60 ,loss= 1.0455812215805054
2021-07-03 20:04:56  client id= 1 ,round= 3 ,epoch= 1 ,client update iteration= 70 ,loss= 1.182130217552185
2021-07-03 20:04:58  client id= 1 ,round= 3 ,epoch= 1 ,client update iteration= 80 ,loss= 1.1718111038208008
2021-07-03 20:05:00  client id= 1 ,round= 3 ,epoch= 1 ,client update iteration= 90 ,loss= 1.270696997642517
2021-07-03 20:05:02  client id= 1 ,round= 3 ,epoch= 1 ,client update iteration= 100 ,loss= 1.0901554822921753
2021-07-03 20:05:04  client id= 1 ,round= 3 ,epoch= 1 ,client update iteration= 110 ,loss= 1.4020649194717407
2021-07-03 20:05:06  client id= 1 ,round= 3 ,epoch= 1 ,client update iteration= 120 ,loss= 1.2956825494766235
2021-07-03 20:05:08  client id= 1 ,round= 3 ,epoch= 1 ,client update iteration= 130 ,loss= 1.0248056650161743
2021-07-03 20:05:09  client id= 1 ,round= 3 ,epoch= 1 ,client update iteration= 140 ,loss= 1.0049350261688232
2021-07-03 20:05:11  client id= 1 ,round= 3 ,epoch= 1 ,client update iteration= 150 ,loss= 0.8741264343261719
2021-07-03 20:05:13  client id= 1 ,round= 3 ,epoch= 1 ,client update iteration= 160 ,loss= 1.3497633934020996
2021-07-03 20:05:15  client id= 1 ,round= 3 ,epoch= 1 ,client update iteration= 170 ,loss= 1.0763708353042603
2021-07-03 20:05:17  client id= 1 ,round= 3 ,epoch= 1 ,client update iteration= 180 ,loss= 0.934061586856842
2021-07-03 20:05:19  client id= 1 ,round= 3 ,epoch= 1 ,client update iteration= 190 ,loss= 0.8500524163246155
2021-07-03 20:05:21  client id= 1 ,round= 3 ,epoch= 1 ,client update iteration= 200 ,loss= 1.0365670919418335
2021-07-03 20:05:22  client id= 1 ,round= 3 ,epoch= 1 ,client update iteration= 210 ,loss= 1.0199155807495117
2021-07-03 20:05:24  client id= 1 ,round= 3 ,epoch= 1 ,client update iteration= 220 ,loss= 1.1750411987304688
2021-07-03 20:05:26  client id= 1 ,round= 3 ,epoch= 1 ,client update iteration= 230 ,loss= 1.1373388767242432
2021-07-03 20:05:28  client id= 1 ,round= 3 ,epoch= 1 ,client update iteration= 240 ,loss= 1.061189889907837
2021-07-03 20:05:30  client id= 1 ,round= 3 ,epoch= 1 ,client update iteration= 250 ,loss= 1.1498397588729858
2021-07-03 20:05:32  client id= 1 ,round= 3 ,epoch= 1 ,client update iteration= 260 ,loss= 0.8496286273002625
2021-07-03 20:05:34  client id= 1 ,round= 3 ,epoch= 1 ,client update iteration= 270 ,loss= 0.9102336168289185
2021-07-03 20:05:36  client id= 1 ,round= 3 ,epoch= 1 ,client update iteration= 280 ,loss= 1.2468156814575195
2021-07-03 20:05:37  client id= 1 ,round= 3 ,epoch= 1 ,client update iteration= 290 ,loss= 0.9139282703399658
2021-07-03 20:05:39  client id= 1 ,round= 3 ,epoch= 1 ,client update iteration= 300 ,loss= 1.1201444864273071
2021-07-03 20:05:41  client id= 1 ,round= 3 ,epoch= 1 ,client update iteration= 310 ,loss= 0.9036652445793152
2021-07-03 20:05:43  client id= 1 ,round= 3 ,epoch= 1 ,client update iteration= 320 ,loss= 0.989217221736908
2021-07-03 20:05:45  client id= 1 ,round= 3 ,epoch= 1 ,client update iteration= 330 ,loss= 0.7464736104011536
2021-07-03 20:05:47  client id= 1 ,round= 3 ,epoch= 1 ,client update iteration= 340 ,loss= 0.8190521001815796
2021-07-03 20:05:49  client id= 1 ,round= 3 ,epoch= 1 ,client update iteration= 350 ,loss= 0.8845056295394897
2021-07-03 20:05:50  client id= 1 ,round= 3 ,epoch= 1 ,client update iteration= 360 ,loss= 0.9048490524291992
2021-07-03 20:05:52  client id= 1 ,round= 3 ,epoch= 1 ,client update iteration= 370 ,loss= 1.3564079999923706
2021-07-03 20:05:54  client id= 1 ,round= 3 ,epoch= 1 ,client update iteration= 380 ,loss= 0.7676033973693848
2021-07-03 20:05:56  client id= 1 ,round= 3 ,epoch= 1 ,client update iteration= 390 ,loss= 1.1514956951141357
end_round_time 2021-07-03 20:05:56
start add noise 2021-07-03 20:05:56
layer= 0 ratio= 0.0625
layer= 1 ratio= 0.0625
layer= 2 ratio= 0.0625
layer= 3 ratio= 0.0625
layer= 4 ratio= 0.0625
layer= 5 ratio= 0.0625
layer= 6 ratio= 0.0625
layer= 7 ratio= 0.0625
layer= 8 ratio= 0.0625
layer= 9 ratio= 0.0625
layer= 10 ratio= 0.0625
layer= 11 ratio= 0.0625
layer= 12 ratio= 0.0625
layer= 13 ratio= 0.0625
layer= 14 ratio= 0.0625
layer= 15 ratio= 0.0625
layer= 0 ratio= 0.0625
layer= 1 ratio= 0.0625
layer= 2 ratio= 0.0625
layer= 3 ratio= 0.0625
layer= 4 ratio= 0.0625
layer= 5 ratio= 0.0625
layer= 6 ratio= 0.0625
layer= 7 ratio= 0.0625
layer= 8 ratio= 0.0625
layer= 9 ratio= 0.0625
layer= 10 ratio= 0.0625
layer= 11 ratio= 0.0625
layer= 12 ratio= 0.0625
layer= 13 ratio= 0.0625
layer= 14 ratio= 0.0625
layer= 15 ratio= 0.0625
end add noise time 2021-07-03 20:05:56
average train loss= 1.0560079011161005
2021-07-03 20:06:05,round 3,val Accuracy Top1: 69.210000 %
2021-07-03 20:06:05,round 3,val Accuracy Top5: 97.360000 %
start_round_time 2021-07-03 20:06:05
******client id  0 ******
client_update start
2021-07-03 20:06:07  client id= 0 ,round= 4 ,epoch= 1 ,client update iteration= 10 ,loss= 1.0161690711975098
2021-07-03 20:06:09  client id= 0 ,round= 4 ,epoch= 1 ,client update iteration= 20 ,loss= 1.1693254709243774
2021-07-03 20:06:11  client id= 0 ,round= 4 ,epoch= 1 ,client update iteration= 30 ,loss= 0.9263088703155518
2021-07-03 20:06:13  client id= 0 ,round= 4 ,epoch= 1 ,client update iteration= 40 ,loss= 0.8436095118522644
2021-07-03 20:06:14  client id= 0 ,round= 4 ,epoch= 1 ,client update iteration= 50 ,loss= 0.7683008909225464
2021-07-03 20:06:16  client id= 0 ,round= 4 ,epoch= 1 ,client update iteration= 60 ,loss= 1.0013959407806396
2021-07-03 20:06:18  client id= 0 ,round= 4 ,epoch= 1 ,client update iteration= 70 ,loss= 0.8974648714065552
2021-07-03 20:06:20  client id= 0 ,round= 4 ,epoch= 1 ,client update iteration= 80 ,loss= 0.8015904426574707
2021-07-03 20:06:22  client id= 0 ,round= 4 ,epoch= 1 ,client update iteration= 90 ,loss= 0.8216354250907898
2021-07-03 20:06:24  client id= 0 ,round= 4 ,epoch= 1 ,client update iteration= 100 ,loss= 0.9920644164085388
2021-07-03 20:06:26  client id= 0 ,round= 4 ,epoch= 1 ,client update iteration= 110 ,loss= 0.8666267395019531
2021-07-03 20:06:28  client id= 0 ,round= 4 ,epoch= 1 ,client update iteration= 120 ,loss= 1.0091253519058228
2021-07-03 20:06:29  client id= 0 ,round= 4 ,epoch= 1 ,client update iteration= 130 ,loss= 1.1370880603790283
2021-07-03 20:06:31  client id= 0 ,round= 4 ,epoch= 1 ,client update iteration= 140 ,loss= 1.0292047262191772
2021-07-03 20:06:33  client id= 0 ,round= 4 ,epoch= 1 ,client update iteration= 150 ,loss= 1.1297632455825806
2021-07-03 20:06:35  client id= 0 ,round= 4 ,epoch= 1 ,client update iteration= 160 ,loss= 0.953903079032898
2021-07-03 20:06:37  client id= 0 ,round= 4 ,epoch= 1 ,client update iteration= 170 ,loss= 0.7317517995834351
2021-07-03 20:06:39  client id= 0 ,round= 4 ,epoch= 1 ,client update iteration= 180 ,loss= 0.7655966877937317
2021-07-03 20:06:41  client id= 0 ,round= 4 ,epoch= 1 ,client update iteration= 190 ,loss= 0.6415858268737793
2021-07-03 20:06:42  client id= 0 ,round= 4 ,epoch= 1 ,client update iteration= 200 ,loss= 0.9548448920249939
2021-07-03 20:06:44  client id= 0 ,round= 4 ,epoch= 1 ,client update iteration= 210 ,loss= 0.6668524146080017
2021-07-03 20:06:46  client id= 0 ,round= 4 ,epoch= 1 ,client update iteration= 220 ,loss= 0.770649254322052
2021-07-03 20:06:48  client id= 0 ,round= 4 ,epoch= 1 ,client update iteration= 230 ,loss= 1.010757327079773
2021-07-03 20:06:50  client id= 0 ,round= 4 ,epoch= 1 ,client update iteration= 240 ,loss= 0.9242631196975708
2021-07-03 20:06:52  client id= 0 ,round= 4 ,epoch= 1 ,client update iteration= 250 ,loss= 0.6946601867675781
2021-07-03 20:06:54  client id= 0 ,round= 4 ,epoch= 1 ,client update iteration= 260 ,loss= 0.8090160489082336
2021-07-03 20:06:55  client id= 0 ,round= 4 ,epoch= 1 ,client update iteration= 270 ,loss= 1.0110057592391968
2021-07-03 20:06:57  client id= 0 ,round= 4 ,epoch= 1 ,client update iteration= 280 ,loss= 0.7505630850791931
2021-07-03 20:06:59  client id= 0 ,round= 4 ,epoch= 1 ,client update iteration= 290 ,loss= 0.7401816844940186
2021-07-03 20:07:01  client id= 0 ,round= 4 ,epoch= 1 ,client update iteration= 300 ,loss= 0.9713558554649353
2021-07-03 20:07:03  client id= 0 ,round= 4 ,epoch= 1 ,client update iteration= 310 ,loss= 0.9255847930908203
2021-07-03 20:07:05  client id= 0 ,round= 4 ,epoch= 1 ,client update iteration= 320 ,loss= 0.721780002117157
2021-07-03 20:07:07  client id= 0 ,round= 4 ,epoch= 1 ,client update iteration= 330 ,loss= 0.9004189968109131
2021-07-03 20:07:09  client id= 0 ,round= 4 ,epoch= 1 ,client update iteration= 340 ,loss= 0.8631391525268555
2021-07-03 20:07:10  client id= 0 ,round= 4 ,epoch= 1 ,client update iteration= 350 ,loss= 0.8343139886856079
2021-07-03 20:07:12  client id= 0 ,round= 4 ,epoch= 1 ,client update iteration= 360 ,loss= 0.7883195281028748
2021-07-03 20:07:14  client id= 0 ,round= 4 ,epoch= 1 ,client update iteration= 370 ,loss= 0.8672621250152588
2021-07-03 20:07:16  client id= 0 ,round= 4 ,epoch= 1 ,client update iteration= 380 ,loss= 0.7613940834999084
2021-07-03 20:07:18  client id= 0 ,round= 4 ,epoch= 1 ,client update iteration= 390 ,loss= 1.005340814590454
******client id  1 ******
client_update start
2021-07-03 20:07:20  client id= 1 ,round= 4 ,epoch= 1 ,client update iteration= 10 ,loss= 0.729179322719574
2021-07-03 20:07:22  client id= 1 ,round= 4 ,epoch= 1 ,client update iteration= 20 ,loss= 1.0711959600448608
2021-07-03 20:07:24  client id= 1 ,round= 4 ,epoch= 1 ,client update iteration= 30 ,loss= 0.9701266884803772
2021-07-03 20:07:25  client id= 1 ,round= 4 ,epoch= 1 ,client update iteration= 40 ,loss= 0.8761972188949585
2021-07-03 20:07:27  client id= 1 ,round= 4 ,epoch= 1 ,client update iteration= 50 ,loss= 0.7276208400726318
2021-07-03 20:07:29  client id= 1 ,round= 4 ,epoch= 1 ,client update iteration= 60 ,loss= 0.8073586821556091
2021-07-03 20:07:31  client id= 1 ,round= 4 ,epoch= 1 ,client update iteration= 70 ,loss= 1.0166605710983276
2021-07-03 20:07:33  client id= 1 ,round= 4 ,epoch= 1 ,client update iteration= 80 ,loss= 1.0037137269973755
2021-07-03 20:07:35  client id= 1 ,round= 4 ,epoch= 1 ,client update iteration= 90 ,loss= 0.9368596076965332
2021-07-03 20:07:37  client id= 1 ,round= 4 ,epoch= 1 ,client update iteration= 100 ,loss= 0.8256161212921143
2021-07-03 20:07:39  client id= 1 ,round= 4 ,epoch= 1 ,client update iteration= 110 ,loss= 0.689768373966217
2021-07-03 20:07:40  client id= 1 ,round= 4 ,epoch= 1 ,client update iteration= 120 ,loss= 0.9940080642700195
2021-07-03 20:07:42  client id= 1 ,round= 4 ,epoch= 1 ,client update iteration= 130 ,loss= 0.8786185383796692
2021-07-03 20:07:44  client id= 1 ,round= 4 ,epoch= 1 ,client update iteration= 140 ,loss= 0.9052916765213013
2021-07-03 20:07:46  client id= 1 ,round= 4 ,epoch= 1 ,client update iteration= 150 ,loss= 0.9705215096473694
2021-07-03 20:07:48  client id= 1 ,round= 4 ,epoch= 1 ,client update iteration= 160 ,loss= 0.82404625415802
2021-07-03 20:07:50  client id= 1 ,round= 4 ,epoch= 1 ,client update iteration= 170 ,loss= 1.0139541625976562
2021-07-03 20:07:52  client id= 1 ,round= 4 ,epoch= 1 ,client update iteration= 180 ,loss= 0.7835233807563782
2021-07-03 20:07:53  client id= 1 ,round= 4 ,epoch= 1 ,client update iteration= 190 ,loss= 0.9473358988761902
2021-07-03 20:07:55  client id= 1 ,round= 4 ,epoch= 1 ,client update iteration= 200 ,loss= 1.0260918140411377
2021-07-03 20:07:57  client id= 1 ,round= 4 ,epoch= 1 ,client update iteration= 210 ,loss= 0.8352624773979187
2021-07-03 20:07:59  client id= 1 ,round= 4 ,epoch= 1 ,client update iteration= 220 ,loss= 0.7854182124137878
2021-07-03 20:08:01  client id= 1 ,round= 4 ,epoch= 1 ,client update iteration= 230 ,loss= 1.2063299417495728
2021-07-03 20:08:03  client id= 1 ,round= 4 ,epoch= 1 ,client update iteration= 240 ,loss= 0.8020530343055725
2021-07-03 20:08:05  client id= 1 ,round= 4 ,epoch= 1 ,client update iteration= 250 ,loss= 0.9615048170089722
2021-07-03 20:08:07  client id= 1 ,round= 4 ,epoch= 1 ,client update iteration= 260 ,loss= 0.822509765625
2021-07-03 20:08:08  client id= 1 ,round= 4 ,epoch= 1 ,client update iteration= 270 ,loss= 0.9612441658973694
2021-07-03 20:08:10  client id= 1 ,round= 4 ,epoch= 1 ,client update iteration= 280 ,loss= 0.804350733757019
2021-07-03 20:08:12  client id= 1 ,round= 4 ,epoch= 1 ,client update iteration= 290 ,loss= 0.7761208415031433
2021-07-03 20:08:14  client id= 1 ,round= 4 ,epoch= 1 ,client update iteration= 300 ,loss= 0.9907516837120056
2021-07-03 20:08:16  client id= 1 ,round= 4 ,epoch= 1 ,client update iteration= 310 ,loss= 0.8658030033111572
2021-07-03 20:08:18  client id= 1 ,round= 4 ,epoch= 1 ,client update iteration= 320 ,loss= 0.6000158190727234
2021-07-03 20:08:20  client id= 1 ,round= 4 ,epoch= 1 ,client update iteration= 330 ,loss= 0.7592759728431702
2021-07-03 20:08:21  client id= 1 ,round= 4 ,epoch= 1 ,client update iteration= 340 ,loss= 0.8853599429130554
2021-07-03 20:08:23  client id= 1 ,round= 4 ,epoch= 1 ,client update iteration= 350 ,loss= 0.9396249055862427
2021-07-03 20:08:25  client id= 1 ,round= 4 ,epoch= 1 ,client update iteration= 360 ,loss= 0.8948066234588623
2021-07-03 20:08:27  client id= 1 ,round= 4 ,epoch= 1 ,client update iteration= 370 ,loss= 0.9198482632637024
2021-07-03 20:08:29  client id= 1 ,round= 4 ,epoch= 1 ,client update iteration= 380 ,loss= 0.8345381617546082
2021-07-03 20:08:31  client id= 1 ,round= 4 ,epoch= 1 ,client update iteration= 390 ,loss= 0.7784360647201538
end_round_time 2021-07-03 20:08:31
start add noise 2021-07-03 20:08:31
layer= 0 ratio= 0.0625
layer= 1 ratio= 0.0625
layer= 2 ratio= 0.0625
layer= 3 ratio= 0.0625
layer= 4 ratio= 0.0625
layer= 5 ratio= 0.0625
layer= 6 ratio= 0.0625
layer= 7 ratio= 0.0625
layer= 8 ratio= 0.0625
layer= 9 ratio= 0.0625
layer= 10 ratio= 0.0625
layer= 11 ratio= 0.0625
layer= 12 ratio= 0.0625
layer= 13 ratio= 0.0625
layer= 14 ratio= 0.0625
layer= 15 ratio= 0.0625
layer= 0 ratio= 0.0625
layer= 1 ratio= 0.0625
layer= 2 ratio= 0.0625
layer= 3 ratio= 0.0625
layer= 4 ratio= 0.0625
layer= 5 ratio= 0.0625
layer= 6 ratio= 0.0625
layer= 7 ratio= 0.0625
layer= 8 ratio= 0.0625
layer= 9 ratio= 0.0625
layer= 10 ratio= 0.0625
layer= 11 ratio= 0.0625
layer= 12 ratio= 0.0625
layer= 13 ratio= 0.0625
layer= 14 ratio= 0.0625
layer= 15 ratio= 0.0625
end add noise time 2021-07-03 20:08:31
average train loss= 0.8712786030586418
2021-07-03 20:08:40,round 4,val Accuracy Top1: 71.400000 %
2021-07-03 20:08:40,round 4,val Accuracy Top5: 97.640000 %
start_round_time 2021-07-03 20:08:40
******client id  0 ******
client_update start
2021-07-03 20:08:42  client id= 0 ,round= 5 ,epoch= 1 ,client update iteration= 10 ,loss= 0.7777296304702759
2021-07-03 20:08:44  client id= 0 ,round= 5 ,epoch= 1 ,client update iteration= 20 ,loss= 0.6361156105995178
2021-07-03 20:08:45  client id= 0 ,round= 5 ,epoch= 1 ,client update iteration= 30 ,loss= 0.8251250386238098
2021-07-03 20:08:47  client id= 0 ,round= 5 ,epoch= 1 ,client update iteration= 40 ,loss= 0.8252407312393188
2021-07-03 20:08:49  client id= 0 ,round= 5 ,epoch= 1 ,client update iteration= 50 ,loss= 0.6501692533493042
2021-07-03 20:08:51  client id= 0 ,round= 5 ,epoch= 1 ,client update iteration= 60 ,loss= 1.010754108428955
2021-07-03 20:08:53  client id= 0 ,round= 5 ,epoch= 1 ,client update iteration= 70 ,loss= 0.5414249300956726
2021-07-03 20:08:55  client id= 0 ,round= 5 ,epoch= 1 ,client update iteration= 80 ,loss= 0.8675721287727356
2021-07-03 20:08:57  client id= 0 ,round= 5 ,epoch= 1 ,client update iteration= 90 ,loss= 0.7429133057594299
2021-07-03 20:08:58  client id= 0 ,round= 5 ,epoch= 1 ,client update iteration= 100 ,loss= 0.7770616412162781
2021-07-03 20:09:00  client id= 0 ,round= 5 ,epoch= 1 ,client update iteration= 110 ,loss= 0.8138387203216553
2021-07-03 20:09:02  client id= 0 ,round= 5 ,epoch= 1 ,client update iteration= 120 ,loss= 0.9503371119499207
2021-07-03 20:09:04  client id= 0 ,round= 5 ,epoch= 1 ,client update iteration= 130 ,loss= 0.8207705616950989
2021-07-03 20:09:06  client id= 0 ,round= 5 ,epoch= 1 ,client update iteration= 140 ,loss= 0.8175208568572998
2021-07-03 20:09:08  client id= 0 ,round= 5 ,epoch= 1 ,client update iteration= 150 ,loss= 0.8065300583839417
2021-07-03 20:09:10  client id= 0 ,round= 5 ,epoch= 1 ,client update iteration= 160 ,loss= 0.617968738079071
2021-07-03 20:09:11  client id= 0 ,round= 5 ,epoch= 1 ,client update iteration= 170 ,loss= 1.0861014127731323
2021-07-03 20:09:13  client id= 0 ,round= 5 ,epoch= 1 ,client update iteration= 180 ,loss= 0.8690425753593445
2021-07-03 20:09:15  client id= 0 ,round= 5 ,epoch= 1 ,client update iteration= 190 ,loss= 0.8441444635391235
2021-07-03 20:09:17  client id= 0 ,round= 5 ,epoch= 1 ,client update iteration= 200 ,loss= 0.8745102286338806
2021-07-03 20:09:19  client id= 0 ,round= 5 ,epoch= 1 ,client update iteration= 210 ,loss= 0.5492579936981201
2021-07-03 20:09:21  client id= 0 ,round= 5 ,epoch= 1 ,client update iteration= 220 ,loss= 0.6684195399284363
2021-07-03 20:09:23  client id= 0 ,round= 5 ,epoch= 1 ,client update iteration= 230 ,loss= 0.5633982419967651
2021-07-03 20:09:25  client id= 0 ,round= 5 ,epoch= 1 ,client update iteration= 240 ,loss= 0.9423901438713074
2021-07-03 20:09:26  client id= 0 ,round= 5 ,epoch= 1 ,client update iteration= 250 ,loss= 0.8360806107521057
2021-07-03 20:09:28  client id= 0 ,round= 5 ,epoch= 1 ,client update iteration= 260 ,loss= 0.6909618377685547
2021-07-03 20:09:30  client id= 0 ,round= 5 ,epoch= 1 ,client update iteration= 270 ,loss= 0.747268795967102
2021-07-03 20:09:32  client id= 0 ,round= 5 ,epoch= 1 ,client update iteration= 280 ,loss= 0.9783551096916199
2021-07-03 20:09:34  client id= 0 ,round= 5 ,epoch= 1 ,client update iteration= 290 ,loss= 0.8297269940376282
2021-07-03 20:09:36  client id= 0 ,round= 5 ,epoch= 1 ,client update iteration= 300 ,loss= 0.7357034087181091
2021-07-03 20:09:38  client id= 0 ,round= 5 ,epoch= 1 ,client update iteration= 310 ,loss= 0.8340622186660767
2021-07-03 20:09:39  client id= 0 ,round= 5 ,epoch= 1 ,client update iteration= 320 ,loss= 0.7697752714157104
2021-07-03 20:09:41  client id= 0 ,round= 5 ,epoch= 1 ,client update iteration= 330 ,loss= 0.9982787370681763
2021-07-03 20:09:43  client id= 0 ,round= 5 ,epoch= 1 ,client update iteration= 340 ,loss= 1.0208872556686401
2021-07-03 20:09:45  client id= 0 ,round= 5 ,epoch= 1 ,client update iteration= 350 ,loss= 0.937873363494873
2021-07-03 20:09:47  client id= 0 ,round= 5 ,epoch= 1 ,client update iteration= 360 ,loss= 0.7188786864280701
2021-07-03 20:09:49  client id= 0 ,round= 5 ,epoch= 1 ,client update iteration= 370 ,loss= 0.6690831184387207
2021-07-03 20:09:51  client id= 0 ,round= 5 ,epoch= 1 ,client update iteration= 380 ,loss= 0.7220116853713989
2021-07-03 20:09:52  client id= 0 ,round= 5 ,epoch= 1 ,client update iteration= 390 ,loss= 0.8613449931144714
******client id  1 ******
client_update start
2021-07-03 20:09:54  client id= 1 ,round= 5 ,epoch= 1 ,client update iteration= 10 ,loss= 0.9461761713027954
2021-07-03 20:09:56  client id= 1 ,round= 5 ,epoch= 1 ,client update iteration= 20 ,loss= 0.8112615346908569
2021-07-03 20:09:58  client id= 1 ,round= 5 ,epoch= 1 ,client update iteration= 30 ,loss= 1.1055063009262085
2021-07-03 20:10:00  client id= 1 ,round= 5 ,epoch= 1 ,client update iteration= 40 ,loss= 0.7069804072380066
2021-07-03 20:10:02  client id= 1 ,round= 5 ,epoch= 1 ,client update iteration= 50 ,loss= 0.8615604639053345
2021-07-03 20:10:04  client id= 1 ,round= 5 ,epoch= 1 ,client update iteration= 60 ,loss= 1.0079437494277954
2021-07-03 20:10:06  client id= 1 ,round= 5 ,epoch= 1 ,client update iteration= 70 ,loss= 0.7529277801513672
2021-07-03 20:10:08  client id= 1 ,round= 5 ,epoch= 1 ,client update iteration= 80 ,loss= 0.517486572265625
2021-07-03 20:10:09  client id= 1 ,round= 5 ,epoch= 1 ,client update iteration= 90 ,loss= 0.6928757429122925
2021-07-03 20:10:11  client id= 1 ,round= 5 ,epoch= 1 ,client update iteration= 100 ,loss= 0.8137117028236389
2021-07-03 20:10:13  client id= 1 ,round= 5 ,epoch= 1 ,client update iteration= 110 ,loss= 0.8174640536308289
2021-07-03 20:10:15  client id= 1 ,round= 5 ,epoch= 1 ,client update iteration= 120 ,loss= 0.7530158758163452
2021-07-03 20:10:17  client id= 1 ,round= 5 ,epoch= 1 ,client update iteration= 130 ,loss= 0.8467715382575989
2021-07-03 20:10:19  client id= 1 ,round= 5 ,epoch= 1 ,client update iteration= 140 ,loss= 0.817655622959137
2021-07-03 20:10:21  client id= 1 ,round= 5 ,epoch= 1 ,client update iteration= 150 ,loss= 0.9671380519866943
2021-07-03 20:10:22  client id= 1 ,round= 5 ,epoch= 1 ,client update iteration= 160 ,loss= 0.8337688446044922
2021-07-03 20:10:24  client id= 1 ,round= 5 ,epoch= 1 ,client update iteration= 170 ,loss= 0.9455578923225403
2021-07-03 20:10:26  client id= 1 ,round= 5 ,epoch= 1 ,client update iteration= 180 ,loss= 0.6235890984535217
2021-07-03 20:10:28  client id= 1 ,round= 5 ,epoch= 1 ,client update iteration= 190 ,loss= 0.956841230392456
2021-07-03 20:10:30  client id= 1 ,round= 5 ,epoch= 1 ,client update iteration= 200 ,loss= 0.7390031814575195
2021-07-03 20:10:32  client id= 1 ,round= 5 ,epoch= 1 ,client update iteration= 210 ,loss= 0.7575308680534363
2021-07-03 20:10:34  client id= 1 ,round= 5 ,epoch= 1 ,client update iteration= 220 ,loss= 0.5638109445571899
2021-07-03 20:10:36  client id= 1 ,round= 5 ,epoch= 1 ,client update iteration= 230 ,loss= 0.804728627204895
2021-07-03 20:10:37  client id= 1 ,round= 5 ,epoch= 1 ,client update iteration= 240 ,loss= 0.8020986318588257
2021-07-03 20:10:39  client id= 1 ,round= 5 ,epoch= 1 ,client update iteration= 250 ,loss= 0.8118661046028137
2021-07-03 20:10:41  client id= 1 ,round= 5 ,epoch= 1 ,client update iteration= 260 ,loss= 0.9401022791862488
2021-07-03 20:10:43  client id= 1 ,round= 5 ,epoch= 1 ,client update iteration= 270 ,loss= 0.8231293559074402
2021-07-03 20:10:45  client id= 1 ,round= 5 ,epoch= 1 ,client update iteration= 280 ,loss= 0.6686457991600037
2021-07-03 20:10:47  client id= 1 ,round= 5 ,epoch= 1 ,client update iteration= 290 ,loss= 0.8811889886856079
2021-07-03 20:10:49  client id= 1 ,round= 5 ,epoch= 1 ,client update iteration= 300 ,loss= 0.6987026929855347
2021-07-03 20:10:50  client id= 1 ,round= 5 ,epoch= 1 ,client update iteration= 310 ,loss= 0.8623031377792358
2021-07-03 20:10:52  client id= 1 ,round= 5 ,epoch= 1 ,client update iteration= 320 ,loss= 0.6598373651504517
2021-07-03 20:10:54  client id= 1 ,round= 5 ,epoch= 1 ,client update iteration= 330 ,loss= 0.8581538796424866
2021-07-03 20:10:56  client id= 1 ,round= 5 ,epoch= 1 ,client update iteration= 340 ,loss= 0.8880776166915894
2021-07-03 20:10:58  client id= 1 ,round= 5 ,epoch= 1 ,client update iteration= 350 ,loss= 0.6446158289909363
2021-07-03 20:11:00  client id= 1 ,round= 5 ,epoch= 1 ,client update iteration= 360 ,loss= 0.6910024881362915
2021-07-03 20:11:02  client id= 1 ,round= 5 ,epoch= 1 ,client update iteration= 370 ,loss= 0.6763436198234558
2021-07-03 20:11:04  client id= 1 ,round= 5 ,epoch= 1 ,client update iteration= 380 ,loss= 0.9222378730773926
2021-07-03 20:11:05  client id= 1 ,round= 5 ,epoch= 1 ,client update iteration= 390 ,loss= 0.5713211894035339
end_round_time 2021-07-03 20:11:06
start add noise 2021-07-03 20:11:06
layer= 0 ratio= 0.0625
layer= 1 ratio= 0.0625
layer= 2 ratio= 0.0625
layer= 3 ratio= 0.0625
layer= 4 ratio= 0.0625
layer= 5 ratio= 0.0625
layer= 6 ratio= 0.0625
layer= 7 ratio= 0.0625
layer= 8 ratio= 0.0625
layer= 9 ratio= 0.0625
layer= 10 ratio= 0.0625
layer= 11 ratio= 0.0625
layer= 12 ratio= 0.0625
layer= 13 ratio= 0.0625
layer= 14 ratio= 0.0625
layer= 15 ratio= 0.0625
layer= 0 ratio= 0.0625
layer= 1 ratio= 0.0625
layer= 2 ratio= 0.0625
layer= 3 ratio= 0.0625
layer= 4 ratio= 0.0625
layer= 5 ratio= 0.0625
layer= 6 ratio= 0.0625
layer= 7 ratio= 0.0625
layer= 8 ratio= 0.0625
layer= 9 ratio= 0.0625
layer= 10 ratio= 0.0625
layer= 11 ratio= 0.0625
layer= 12 ratio= 0.0625
layer= 13 ratio= 0.0625
layer= 14 ratio= 0.0625
layer= 15 ratio= 0.0625
end add noise time 2021-07-03 20:11:06
average train loss= 0.7983379565617617
2021-07-03 20:11:14,round 5,val Accuracy Top1: 71.020000 %
2021-07-03 20:11:14,round 5,val Accuracy Top5: 97.920000 %
start_round_time 2021-07-03 20:11:14
******client id  0 ******
client_update start
2021-07-03 20:11:16  client id= 0 ,round= 6 ,epoch= 1 ,client update iteration= 10 ,loss= 1.042288899421692
2021-07-03 20:11:18  client id= 0 ,round= 6 ,epoch= 1 ,client update iteration= 20 ,loss= 0.8976579904556274
2021-07-03 20:11:20  client id= 0 ,round= 6 ,epoch= 1 ,client update iteration= 30 ,loss= 0.6635189056396484
2021-07-03 20:11:22  client id= 0 ,round= 6 ,epoch= 1 ,client update iteration= 40 ,loss= 0.7684072852134705
2021-07-03 20:11:24  client id= 0 ,round= 6 ,epoch= 1 ,client update iteration= 50 ,loss= 0.9332586526870728
2021-07-03 20:11:26  client id= 0 ,round= 6 ,epoch= 1 ,client update iteration= 60 ,loss= 0.7827848196029663
2021-07-03 20:11:27  client id= 0 ,round= 6 ,epoch= 1 ,client update iteration= 70 ,loss= 0.9155270457267761
2021-07-03 20:11:29  client id= 0 ,round= 6 ,epoch= 1 ,client update iteration= 80 ,loss= 0.8175369501113892
2021-07-03 20:11:31  client id= 0 ,round= 6 ,epoch= 1 ,client update iteration= 90 ,loss= 0.8061389923095703
2021-07-03 20:11:33  client id= 0 ,round= 6 ,epoch= 1 ,client update iteration= 100 ,loss= 0.8051477074623108
2021-07-03 20:11:35  client id= 0 ,round= 6 ,epoch= 1 ,client update iteration= 110 ,loss= 0.9169588685035706
2021-07-03 20:11:37  client id= 0 ,round= 6 ,epoch= 1 ,client update iteration= 120 ,loss= 0.8777365684509277
2021-07-03 20:11:39  client id= 0 ,round= 6 ,epoch= 1 ,client update iteration= 130 ,loss= 0.7990542054176331
2021-07-03 20:11:41  client id= 0 ,round= 6 ,epoch= 1 ,client update iteration= 140 ,loss= 1.316329002380371
2021-07-03 20:11:42  client id= 0 ,round= 6 ,epoch= 1 ,client update iteration= 150 ,loss= 0.856715977191925
2021-07-03 20:11:44  client id= 0 ,round= 6 ,epoch= 1 ,client update iteration= 160 ,loss= 0.9558401703834534
2021-07-03 20:11:46  client id= 0 ,round= 6 ,epoch= 1 ,client update iteration= 170 ,loss= 0.8673627972602844
2021-07-03 20:11:48  client id= 0 ,round= 6 ,epoch= 1 ,client update iteration= 180 ,loss= 0.6721090078353882
2021-07-03 20:11:50  client id= 0 ,round= 6 ,epoch= 1 ,client update iteration= 190 ,loss= 0.821881890296936
2021-07-03 20:11:52  client id= 0 ,round= 6 ,epoch= 1 ,client update iteration= 200 ,loss= 0.7441229820251465
2021-07-03 20:11:54  client id= 0 ,round= 6 ,epoch= 1 ,client update iteration= 210 ,loss= 0.9775017499923706
2021-07-03 20:11:55  client id= 0 ,round= 6 ,epoch= 1 ,client update iteration= 220 ,loss= 0.513344407081604
2021-07-03 20:11:57  client id= 0 ,round= 6 ,epoch= 1 ,client update iteration= 230 ,loss= 0.7900119423866272
2021-07-03 20:11:59  client id= 0 ,round= 6 ,epoch= 1 ,client update iteration= 240 ,loss= 0.7539685368537903
2021-07-03 20:12:01  client id= 0 ,round= 6 ,epoch= 1 ,client update iteration= 250 ,loss= 0.5903686285018921
2021-07-03 20:12:03  client id= 0 ,round= 6 ,epoch= 1 ,client update iteration= 260 ,loss= 0.5478678345680237
2021-07-03 20:12:05  client id= 0 ,round= 6 ,epoch= 1 ,client update iteration= 270 ,loss= 0.9110410809516907
2021-07-03 20:12:07  client id= 0 ,round= 6 ,epoch= 1 ,client update iteration= 280 ,loss= 0.49529391527175903
2021-07-03 20:12:08  client id= 0 ,round= 6 ,epoch= 1 ,client update iteration= 290 ,loss= 0.7161443829536438
2021-07-03 20:12:10  client id= 0 ,round= 6 ,epoch= 1 ,client update iteration= 300 ,loss= 0.9119609594345093
2021-07-03 20:12:12  client id= 0 ,round= 6 ,epoch= 1 ,client update iteration= 310 ,loss= 0.6724235415458679
2021-07-03 20:12:14  client id= 0 ,round= 6 ,epoch= 1 ,client update iteration= 320 ,loss= 0.6550953984260559
2021-07-03 20:12:16  client id= 0 ,round= 6 ,epoch= 1 ,client update iteration= 330 ,loss= 0.7257703542709351
2021-07-03 20:12:18  client id= 0 ,round= 6 ,epoch= 1 ,client update iteration= 340 ,loss= 0.68932044506073
2021-07-03 20:12:20  client id= 0 ,round= 6 ,epoch= 1 ,client update iteration= 350 ,loss= 0.6203970313072205
2021-07-03 20:12:22  client id= 0 ,round= 6 ,epoch= 1 ,client update iteration= 360 ,loss= 0.6117510199546814
2021-07-03 20:12:23  client id= 0 ,round= 6 ,epoch= 1 ,client update iteration= 370 ,loss= 0.48123520612716675
2021-07-03 20:12:25  client id= 0 ,round= 6 ,epoch= 1 ,client update iteration= 380 ,loss= 0.8270142078399658
2021-07-03 20:12:27  client id= 0 ,round= 6 ,epoch= 1 ,client update iteration= 390 ,loss= 0.6208435893058777
******client id  1 ******
client_update start
2021-07-03 20:12:29  client id= 1 ,round= 6 ,epoch= 1 ,client update iteration= 10 ,loss= 1.175450325012207
2021-07-03 20:12:31  client id= 1 ,round= 6 ,epoch= 1 ,client update iteration= 20 ,loss= 0.8696469664573669
2021-07-03 20:12:33  client id= 1 ,round= 6 ,epoch= 1 ,client update iteration= 30 ,loss= 0.9118834733963013
2021-07-03 20:12:35  client id= 1 ,round= 6 ,epoch= 1 ,client update iteration= 40 ,loss= 0.8034260869026184
2021-07-03 20:12:37  client id= 1 ,round= 6 ,epoch= 1 ,client update iteration= 50 ,loss= 0.6884506344795227
2021-07-03 20:12:38  client id= 1 ,round= 6 ,epoch= 1 ,client update iteration= 60 ,loss= 0.908933162689209
2021-07-03 20:12:40  client id= 1 ,round= 6 ,epoch= 1 ,client update iteration= 70 ,loss= 1.0157842636108398
2021-07-03 20:12:42  client id= 1 ,round= 6 ,epoch= 1 ,client update iteration= 80 ,loss= 0.8571540713310242
2021-07-03 20:12:44  client id= 1 ,round= 6 ,epoch= 1 ,client update iteration= 90 ,loss= 1.0844786167144775
2021-07-03 20:12:46  client id= 1 ,round= 6 ,epoch= 1 ,client update iteration= 100 ,loss= 0.9645861983299255
2021-07-03 20:12:48  client id= 1 ,round= 6 ,epoch= 1 ,client update iteration= 110 ,loss= 0.8966904878616333
2021-07-03 20:12:50  client id= 1 ,round= 6 ,epoch= 1 ,client update iteration= 120 ,loss= 0.7458592057228088
2021-07-03 20:12:52  client id= 1 ,round= 6 ,epoch= 1 ,client update iteration= 130 ,loss= 0.7204827070236206
2021-07-03 20:12:53  client id= 1 ,round= 6 ,epoch= 1 ,client update iteration= 140 ,loss= 1.1757490634918213
2021-07-03 20:12:55  client id= 1 ,round= 6 ,epoch= 1 ,client update iteration= 150 ,loss= 1.1337714195251465
2021-07-03 20:12:57  client id= 1 ,round= 6 ,epoch= 1 ,client update iteration= 160 ,loss= 0.7836158275604248
2021-07-03 20:12:59  client id= 1 ,round= 6 ,epoch= 1 ,client update iteration= 170 ,loss= 0.7336527705192566
2021-07-03 20:13:01  client id= 1 ,round= 6 ,epoch= 1 ,client update iteration= 180 ,loss= 0.8581944108009338
2021-07-03 20:13:03  client id= 1 ,round= 6 ,epoch= 1 ,client update iteration= 190 ,loss= 0.712404191493988
2021-07-03 20:13:05  client id= 1 ,round= 6 ,epoch= 1 ,client update iteration= 200 ,loss= 0.6448062658309937
2021-07-03 20:13:06  client id= 1 ,round= 6 ,epoch= 1 ,client update iteration= 210 ,loss= 0.8958595395088196
2021-07-03 20:13:08  client id= 1 ,round= 6 ,epoch= 1 ,client update iteration= 220 ,loss= 0.848771333694458
2021-07-03 20:13:10  client id= 1 ,round= 6 ,epoch= 1 ,client update iteration= 230 ,loss= 0.8526815176010132
2021-07-03 20:13:12  client id= 1 ,round= 6 ,epoch= 1 ,client update iteration= 240 ,loss= 0.7972849607467651
2021-07-03 20:13:14  client id= 1 ,round= 6 ,epoch= 1 ,client update iteration= 250 ,loss= 0.5808587670326233
2021-07-03 20:13:16  client id= 1 ,round= 6 ,epoch= 1 ,client update iteration= 260 ,loss= 0.9437368512153625
2021-07-03 20:13:18  client id= 1 ,round= 6 ,epoch= 1 ,client update iteration= 270 ,loss= 0.7572734355926514
2021-07-03 20:13:20  client id= 1 ,round= 6 ,epoch= 1 ,client update iteration= 280 ,loss= 0.8455965518951416
2021-07-03 20:13:21  client id= 1 ,round= 6 ,epoch= 1 ,client update iteration= 290 ,loss= 0.8622822165489197
2021-07-03 20:13:23  client id= 1 ,round= 6 ,epoch= 1 ,client update iteration= 300 ,loss= 0.9716243743896484
2021-07-03 20:13:25  client id= 1 ,round= 6 ,epoch= 1 ,client update iteration= 310 ,loss= 1.0929919481277466
2021-07-03 20:13:27  client id= 1 ,round= 6 ,epoch= 1 ,client update iteration= 320 ,loss= 0.8141240477561951
2021-07-03 20:13:29  client id= 1 ,round= 6 ,epoch= 1 ,client update iteration= 330 ,loss= 0.9792500734329224
2021-07-03 20:13:31  client id= 1 ,round= 6 ,epoch= 1 ,client update iteration= 340 ,loss= 0.87999427318573
2021-07-03 20:13:33  client id= 1 ,round= 6 ,epoch= 1 ,client update iteration= 350 ,loss= 0.761315107345581
2021-07-03 20:13:34  client id= 1 ,round= 6 ,epoch= 1 ,client update iteration= 360 ,loss= 0.9019463658332825
2021-07-03 20:13:36  client id= 1 ,round= 6 ,epoch= 1 ,client update iteration= 370 ,loss= 0.7101479172706604
2021-07-03 20:13:38  client id= 1 ,round= 6 ,epoch= 1 ,client update iteration= 380 ,loss= 1.061352014541626
2021-07-03 20:13:40  client id= 1 ,round= 6 ,epoch= 1 ,client update iteration= 390 ,loss= 1.140803575515747
end_round_time 2021-07-03 20:13:40
start add noise 2021-07-03 20:13:40
layer= 0 ratio= 0.0625
layer= 1 ratio= 0.0625
layer= 2 ratio= 0.0625
layer= 3 ratio= 0.0625
layer= 4 ratio= 0.0625
layer= 5 ratio= 0.0625
layer= 6 ratio= 0.0625
layer= 7 ratio= 0.0625
layer= 8 ratio= 0.0625
layer= 9 ratio= 0.0625
layer= 10 ratio= 0.0625
layer= 11 ratio= 0.0625
layer= 12 ratio= 0.0625
layer= 13 ratio= 0.0625
layer= 14 ratio= 0.0625
layer= 15 ratio= 0.0625
layer= 0 ratio= 0.0625
layer= 1 ratio= 0.0625
layer= 2 ratio= 0.0625
layer= 3 ratio= 0.0625
layer= 4 ratio= 0.0625
layer= 5 ratio= 0.0625
layer= 6 ratio= 0.0625
layer= 7 ratio= 0.0625
layer= 8 ratio= 0.0625
layer= 9 ratio= 0.0625
layer= 10 ratio= 0.0625
layer= 11 ratio= 0.0625
layer= 12 ratio= 0.0625
layer= 13 ratio= 0.0625
layer= 14 ratio= 0.0625
layer= 15 ratio= 0.0625
end add noise time 2021-07-03 20:13:40
average train loss= 0.823359260588046
2021-07-03 20:13:49,round 6,val Accuracy Top1: 69.310000 %
2021-07-03 20:13:49,round 6,val Accuracy Top5: 97.790000 %
start_round_time 2021-07-03 20:13:49
******client id  0 ******
client_update start
2021-07-03 20:13:51  client id= 0 ,round= 7 ,epoch= 1 ,client update iteration= 10 ,loss= 1.4781861305236816
2021-07-03 20:13:53  client id= 0 ,round= 7 ,epoch= 1 ,client update iteration= 20 ,loss= 1.1277010440826416
2021-07-03 20:13:55  client id= 0 ,round= 7 ,epoch= 1 ,client update iteration= 30 ,loss= 1.2474188804626465
2021-07-03 20:13:57  client id= 0 ,round= 7 ,epoch= 1 ,client update iteration= 40 ,loss= 1.1703898906707764
2021-07-03 20:13:58  client id= 0 ,round= 7 ,epoch= 1 ,client update iteration= 50 ,loss= 1.343519687652588
2021-07-03 20:14:00  client id= 0 ,round= 7 ,epoch= 1 ,client update iteration= 60 ,loss= 1.0080716609954834
2021-07-03 20:14:02  client id= 0 ,round= 7 ,epoch= 1 ,client update iteration= 70 ,loss= 0.9280378222465515
2021-07-03 20:14:04  client id= 0 ,round= 7 ,epoch= 1 ,client update iteration= 80 ,loss= 1.0081771612167358
2021-07-03 20:14:06  client id= 0 ,round= 7 ,epoch= 1 ,client update iteration= 90 ,loss= 0.9051232933998108
2021-07-03 20:14:08  client id= 0 ,round= 7 ,epoch= 1 ,client update iteration= 100 ,loss= 1.078431487083435
2021-07-03 20:14:10  client id= 0 ,round= 7 ,epoch= 1 ,client update iteration= 110 ,loss= 1.099347710609436
2021-07-03 20:14:11  client id= 0 ,round= 7 ,epoch= 1 ,client update iteration= 120 ,loss= 0.9349098801612854
2021-07-03 20:14:13  client id= 0 ,round= 7 ,epoch= 1 ,client update iteration= 130 ,loss= 0.8168807625770569
2021-07-03 20:14:15  client id= 0 ,round= 7 ,epoch= 1 ,client update iteration= 140 ,loss= 0.882953941822052
2021-07-03 20:14:17  client id= 0 ,round= 7 ,epoch= 1 ,client update iteration= 150 ,loss= 0.7079309821128845
2021-07-03 20:14:19  client id= 0 ,round= 7 ,epoch= 1 ,client update iteration= 160 ,loss= 0.8780267834663391
2021-07-03 20:14:21  client id= 0 ,round= 7 ,epoch= 1 ,client update iteration= 170 ,loss= 0.9025799632072449
2021-07-03 20:14:23  client id= 0 ,round= 7 ,epoch= 1 ,client update iteration= 180 ,loss= 0.7793063521385193
2021-07-03 20:14:24  client id= 0 ,round= 7 ,epoch= 1 ,client update iteration= 190 ,loss= 0.7517412304878235
2021-07-03 20:14:26  client id= 0 ,round= 7 ,epoch= 1 ,client update iteration= 200 ,loss= 0.8466440439224243
2021-07-03 20:14:28  client id= 0 ,round= 7 ,epoch= 1 ,client update iteration= 210 ,loss= 1.0004643201828003
2021-07-03 20:14:30  client id= 0 ,round= 7 ,epoch= 1 ,client update iteration= 220 ,loss= 0.8910809755325317
2021-07-03 20:14:32  client id= 0 ,round= 7 ,epoch= 1 ,client update iteration= 230 ,loss= 0.7215661406517029
2021-07-03 20:14:34  client id= 0 ,round= 7 ,epoch= 1 ,client update iteration= 240 ,loss= 0.7383019328117371
2021-07-03 20:14:36  client id= 0 ,round= 7 ,epoch= 1 ,client update iteration= 250 ,loss= 0.8581413626670837
2021-07-03 20:14:38  client id= 0 ,round= 7 ,epoch= 1 ,client update iteration= 260 ,loss= 1.0050374269485474
2021-07-03 20:14:39  client id= 0 ,round= 7 ,epoch= 1 ,client update iteration= 270 ,loss= 0.7212319374084473
2021-07-03 20:14:41  client id= 0 ,round= 7 ,epoch= 1 ,client update iteration= 280 ,loss= 0.9716966152191162
2021-07-03 20:14:43  client id= 0 ,round= 7 ,epoch= 1 ,client update iteration= 290 ,loss= 0.7662808299064636
2021-07-03 20:14:45  client id= 0 ,round= 7 ,epoch= 1 ,client update iteration= 300 ,loss= 0.881039559841156
2021-07-03 20:14:47  client id= 0 ,round= 7 ,epoch= 1 ,client update iteration= 310 ,loss= 1.0091553926467896
2021-07-03 20:14:49  client id= 0 ,round= 7 ,epoch= 1 ,client update iteration= 320 ,loss= 0.9247928857803345
2021-07-03 20:14:51  client id= 0 ,round= 7 ,epoch= 1 ,client update iteration= 330 ,loss= 0.7797693610191345
2021-07-03 20:14:52  client id= 0 ,round= 7 ,epoch= 1 ,client update iteration= 340 ,loss= 0.4763016402721405
2021-07-03 20:14:54  client id= 0 ,round= 7 ,epoch= 1 ,client update iteration= 350 ,loss= 1.020399808883667
2021-07-03 20:14:56  client id= 0 ,round= 7 ,epoch= 1 ,client update iteration= 360 ,loss= 0.9252156019210815
2021-07-03 20:14:58  client id= 0 ,round= 7 ,epoch= 1 ,client update iteration= 370 ,loss= 0.6685515642166138
2021-07-03 20:15:00  client id= 0 ,round= 7 ,epoch= 1 ,client update iteration= 380 ,loss= 0.9009291529655457
2021-07-03 20:15:02  client id= 0 ,round= 7 ,epoch= 1 ,client update iteration= 390 ,loss= 0.7851250767707825
******client id  1 ******
client_update start
2021-07-03 20:15:04  client id= 1 ,round= 7 ,epoch= 1 ,client update iteration= 10 ,loss= 1.3454182147979736
2021-07-03 20:15:06  client id= 1 ,round= 7 ,epoch= 1 ,client update iteration= 20 ,loss= 1.4700721502304077
2021-07-03 20:15:08  client id= 1 ,round= 7 ,epoch= 1 ,client update iteration= 30 ,loss= 0.9364945888519287
2021-07-03 20:15:09  client id= 1 ,round= 7 ,epoch= 1 ,client update iteration= 40 ,loss= 1.415975570678711
2021-07-03 20:15:11  client id= 1 ,round= 7 ,epoch= 1 ,client update iteration= 50 ,loss= 1.0395294427871704
2021-07-03 20:15:13  client id= 1 ,round= 7 ,epoch= 1 ,client update iteration= 60 ,loss= 0.9831725358963013
2021-07-03 20:15:15  client id= 1 ,round= 7 ,epoch= 1 ,client update iteration= 70 ,loss= 0.8594678044319153
2021-07-03 20:15:17  client id= 1 ,round= 7 ,epoch= 1 ,client update iteration= 80 ,loss= 0.937039852142334
2021-07-03 20:15:19  client id= 1 ,round= 7 ,epoch= 1 ,client update iteration= 90 ,loss= 1.1475837230682373
2021-07-03 20:15:21  client id= 1 ,round= 7 ,epoch= 1 ,client update iteration= 100 ,loss= 1.2976349592208862
2021-07-03 20:15:22  client id= 1 ,round= 7 ,epoch= 1 ,client update iteration= 110 ,loss= 1.1528031826019287
2021-07-03 20:15:24  client id= 1 ,round= 7 ,epoch= 1 ,client update iteration= 120 ,loss= 0.8601375818252563
2021-07-03 20:15:26  client id= 1 ,round= 7 ,epoch= 1 ,client update iteration= 130 ,loss= 0.9123417735099792
2021-07-03 20:15:28  client id= 1 ,round= 7 ,epoch= 1 ,client update iteration= 140 ,loss= 1.0865144729614258
2021-07-03 20:15:30  client id= 1 ,round= 7 ,epoch= 1 ,client update iteration= 150 ,loss= 1.137345790863037
2021-07-03 20:15:32  client id= 1 ,round= 7 ,epoch= 1 ,client update iteration= 160 ,loss= 1.2104721069335938
2021-07-03 20:15:34  client id= 1 ,round= 7 ,epoch= 1 ,client update iteration= 170 ,loss= 1.0696792602539062
2021-07-03 20:15:36  client id= 1 ,round= 7 ,epoch= 1 ,client update iteration= 180 ,loss= 1.0586122274398804
2021-07-03 20:15:37  client id= 1 ,round= 7 ,epoch= 1 ,client update iteration= 190 ,loss= 0.9555759429931641
2021-07-03 20:15:39  client id= 1 ,round= 7 ,epoch= 1 ,client update iteration= 200 ,loss= 1.0486197471618652
2021-07-03 20:15:41  client id= 1 ,round= 7 ,epoch= 1 ,client update iteration= 210 ,loss= 0.7843860387802124
2021-07-03 20:15:43  client id= 1 ,round= 7 ,epoch= 1 ,client update iteration= 220 ,loss= 0.9120244383811951
2021-07-03 20:15:45  client id= 1 ,round= 7 ,epoch= 1 ,client update iteration= 230 ,loss= 0.8817324638366699
2021-07-03 20:15:47  client id= 1 ,round= 7 ,epoch= 1 ,client update iteration= 240 ,loss= 0.6019886136054993
2021-07-03 20:15:49  client id= 1 ,round= 7 ,epoch= 1 ,client update iteration= 250 ,loss= 0.8777638077735901
2021-07-03 20:15:50  client id= 1 ,round= 7 ,epoch= 1 ,client update iteration= 260 ,loss= 0.9645304083824158
2021-07-03 20:15:52  client id= 1 ,round= 7 ,epoch= 1 ,client update iteration= 270 ,loss= 0.7865184545516968
2021-07-03 20:15:54  client id= 1 ,round= 7 ,epoch= 1 ,client update iteration= 280 ,loss= 1.0773098468780518
2021-07-03 20:15:56  client id= 1 ,round= 7 ,epoch= 1 ,client update iteration= 290 ,loss= 0.9608292579650879
2021-07-03 20:15:58  client id= 1 ,round= 7 ,epoch= 1 ,client update iteration= 300 ,loss= 1.1407225131988525
2021-07-03 20:16:00  client id= 1 ,round= 7 ,epoch= 1 ,client update iteration= 310 ,loss= 0.599288821220398
2021-07-03 20:16:02  client id= 1 ,round= 7 ,epoch= 1 ,client update iteration= 320 ,loss= 0.9342241287231445
2021-07-03 20:16:04  client id= 1 ,round= 7 ,epoch= 1 ,client update iteration= 330 ,loss= 0.8084427118301392
2021-07-03 20:16:05  client id= 1 ,round= 7 ,epoch= 1 ,client update iteration= 340 ,loss= 1.3987724781036377
2021-07-03 20:16:07  client id= 1 ,round= 7 ,epoch= 1 ,client update iteration= 350 ,loss= 0.85750412940979
2021-07-03 20:16:09  client id= 1 ,round= 7 ,epoch= 1 ,client update iteration= 360 ,loss= 0.897128164768219
2021-07-03 20:16:11  client id= 1 ,round= 7 ,epoch= 1 ,client update iteration= 370 ,loss= 0.805689811706543
2021-07-03 20:16:13  client id= 1 ,round= 7 ,epoch= 1 ,client update iteration= 380 ,loss= 0.8343592882156372
2021-07-03 20:16:15  client id= 1 ,round= 7 ,epoch= 1 ,client update iteration= 390 ,loss= 0.8445947170257568
end_round_time 2021-07-03 20:16:15
start add noise 2021-07-03 20:16:15
layer= 0 ratio= 0.0625
layer= 1 ratio= 0.0625
layer= 2 ratio= 0.0625
layer= 3 ratio= 0.0625
layer= 4 ratio= 0.0625
layer= 5 ratio= 0.0625
layer= 6 ratio= 0.0625
layer= 7 ratio= 0.0625
layer= 8 ratio= 0.0625
layer= 9 ratio= 0.0625
layer= 10 ratio= 0.0625
layer= 11 ratio= 0.0625
layer= 12 ratio= 0.0625
layer= 13 ratio= 0.0625
layer= 14 ratio= 0.0625
layer= 15 ratio= 0.0625
layer= 0 ratio= 0.0625
layer= 1 ratio= 0.0625
layer= 2 ratio= 0.0625
layer= 3 ratio= 0.0625
layer= 4 ratio= 0.0625
layer= 5 ratio= 0.0625
layer= 6 ratio= 0.0625
layer= 7 ratio= 0.0625
layer= 8 ratio= 0.0625
layer= 9 ratio= 0.0625
layer= 10 ratio= 0.0625
layer= 11 ratio= 0.0625
layer= 12 ratio= 0.0625
layer= 13 ratio= 0.0625
layer= 14 ratio= 0.0625
layer= 15 ratio= 0.0625
end add noise time 2021-07-03 20:16:15
average train loss= 0.9384632271421535
2021-07-03 20:16:24,round 7,val Accuracy Top1: 66.100000 %
2021-07-03 20:16:24,round 7,val Accuracy Top5: 97.100000 %
start_round_time 2021-07-03 20:16:24
******client id  0 ******
client_update start
2021-07-03 20:16:26  client id= 0 ,round= 8 ,epoch= 1 ,client update iteration= 10 ,loss= 1.7390960454940796
2021-07-03 20:16:28  client id= 0 ,round= 8 ,epoch= 1 ,client update iteration= 20 ,loss= 1.3876776695251465
2021-07-03 20:16:29  client id= 0 ,round= 8 ,epoch= 1 ,client update iteration= 30 ,loss= 1.2701568603515625
2021-07-03 20:16:31  client id= 0 ,round= 8 ,epoch= 1 ,client update iteration= 40 ,loss= 1.4462049007415771
2021-07-03 20:16:33  client id= 0 ,round= 8 ,epoch= 1 ,client update iteration= 50 ,loss= 1.2350332736968994
2021-07-03 20:16:35  client id= 0 ,round= 8 ,epoch= 1 ,client update iteration= 60 ,loss= 1.428585410118103
2021-07-03 20:16:37  client id= 0 ,round= 8 ,epoch= 1 ,client update iteration= 70 ,loss= 0.994529664516449
2021-07-03 20:16:39  client id= 0 ,round= 8 ,epoch= 1 ,client update iteration= 80 ,loss= 1.1247860193252563
2021-07-03 20:16:41  client id= 0 ,round= 8 ,epoch= 1 ,client update iteration= 90 ,loss= 1.2045183181762695
2021-07-03 20:16:43  client id= 0 ,round= 8 ,epoch= 1 ,client update iteration= 100 ,loss= 0.8910424113273621
2021-07-03 20:16:44  client id= 0 ,round= 8 ,epoch= 1 ,client update iteration= 110 ,loss= 1.179664134979248
2021-07-03 20:16:46  client id= 0 ,round= 8 ,epoch= 1 ,client update iteration= 120 ,loss= 0.998262882232666
2021-07-03 20:16:48  client id= 0 ,round= 8 ,epoch= 1 ,client update iteration= 130 ,loss= 1.045129418373108
2021-07-03 20:16:50  client id= 0 ,round= 8 ,epoch= 1 ,client update iteration= 140 ,loss= 1.2688848972320557
2021-07-03 20:16:52  client id= 0 ,round= 8 ,epoch= 1 ,client update iteration= 150 ,loss= 1.3968284130096436
2021-07-03 20:16:54  client id= 0 ,round= 8 ,epoch= 1 ,client update iteration= 160 ,loss= 1.2530109882354736
2021-07-03 20:16:56  client id= 0 ,round= 8 ,epoch= 1 ,client update iteration= 170 ,loss= 0.9703073501586914
2021-07-03 20:16:57  client id= 0 ,round= 8 ,epoch= 1 ,client update iteration= 180 ,loss= 1.1508703231811523
2021-07-03 20:16:59  client id= 0 ,round= 8 ,epoch= 1 ,client update iteration= 190 ,loss= 1.0823551416397095
2021-07-03 20:17:01  client id= 0 ,round= 8 ,epoch= 1 ,client update iteration= 200 ,loss= 1.2256629467010498
2021-07-03 20:17:03  client id= 0 ,round= 8 ,epoch= 1 ,client update iteration= 210 ,loss= 1.2185791730880737
2021-07-03 20:17:05  client id= 0 ,round= 8 ,epoch= 1 ,client update iteration= 220 ,loss= 0.84482342004776
2021-07-03 20:17:07  client id= 0 ,round= 8 ,epoch= 1 ,client update iteration= 230 ,loss= 0.9744880199432373
2021-07-03 20:17:09  client id= 0 ,round= 8 ,epoch= 1 ,client update iteration= 240 ,loss= 0.7769761085510254
2021-07-03 20:17:10  client id= 0 ,round= 8 ,epoch= 1 ,client update iteration= 250 ,loss= 0.8443005084991455
2021-07-03 20:17:12  client id= 0 ,round= 8 ,epoch= 1 ,client update iteration= 260 ,loss= 1.0155795812606812
2021-07-03 20:17:14  client id= 0 ,round= 8 ,epoch= 1 ,client update iteration= 270 ,loss= 0.9047605395317078
2021-07-03 20:17:16  client id= 0 ,round= 8 ,epoch= 1 ,client update iteration= 280 ,loss= 0.6064991354942322
2021-07-03 20:17:18  client id= 0 ,round= 8 ,epoch= 1 ,client update iteration= 290 ,loss= 1.0738478899002075
2021-07-03 20:17:20  client id= 0 ,round= 8 ,epoch= 1 ,client update iteration= 300 ,loss= 0.8481244444847107
2021-07-03 20:17:22  client id= 0 ,round= 8 ,epoch= 1 ,client update iteration= 310 ,loss= 0.9206616878509521
2021-07-03 20:17:24  client id= 0 ,round= 8 ,epoch= 1 ,client update iteration= 320 ,loss= 1.1105055809020996
2021-07-03 20:17:25  client id= 0 ,round= 8 ,epoch= 1 ,client update iteration= 330 ,loss= 0.99100661277771
2021-07-03 20:17:27  client id= 0 ,round= 8 ,epoch= 1 ,client update iteration= 340 ,loss= 1.100892186164856
2021-07-03 20:17:29  client id= 0 ,round= 8 ,epoch= 1 ,client update iteration= 350 ,loss= 0.9925666451454163
2021-07-03 20:17:31  client id= 0 ,round= 8 ,epoch= 1 ,client update iteration= 360 ,loss= 0.8560197353363037
2021-07-03 20:17:33  client id= 0 ,round= 8 ,epoch= 1 ,client update iteration= 370 ,loss= 1.0373340845108032
2021-07-03 20:17:35  client id= 0 ,round= 8 ,epoch= 1 ,client update iteration= 380 ,loss= 0.8720219731330872
2021-07-03 20:17:37  client id= 0 ,round= 8 ,epoch= 1 ,client update iteration= 390 ,loss= 0.9661312699317932
******client id  1 ******
client_update start
2021-07-03 20:17:39  client id= 1 ,round= 8 ,epoch= 1 ,client update iteration= 10 ,loss= 1.414279580116272
2021-07-03 20:17:40  client id= 1 ,round= 8 ,epoch= 1 ,client update iteration= 20 ,loss= 1.6800224781036377
2021-07-03 20:17:42  client id= 1 ,round= 8 ,epoch= 1 ,client update iteration= 30 ,loss= 1.6272869110107422
2021-07-03 20:17:44  client id= 1 ,round= 8 ,epoch= 1 ,client update iteration= 40 ,loss= 1.3192470073699951
2021-07-03 20:17:46  client id= 1 ,round= 8 ,epoch= 1 ,client update iteration= 50 ,loss= 1.2820494174957275
2021-07-03 20:17:48  client id= 1 ,round= 8 ,epoch= 1 ,client update iteration= 60 ,loss= 1.3872618675231934
2021-07-03 20:17:50  client id= 1 ,round= 8 ,epoch= 1 ,client update iteration= 70 ,loss= 1.0068680047988892
2021-07-03 20:17:52  client id= 1 ,round= 8 ,epoch= 1 ,client update iteration= 80 ,loss= 1.0968393087387085
2021-07-03 20:17:54  client id= 1 ,round= 8 ,epoch= 1 ,client update iteration= 90 ,loss= 1.3040199279785156
2021-07-03 20:17:55  client id= 1 ,round= 8 ,epoch= 1 ,client update iteration= 100 ,loss= 1.3205493688583374
2021-07-03 20:17:57  client id= 1 ,round= 8 ,epoch= 1 ,client update iteration= 110 ,loss= 1.1153905391693115
2021-07-03 20:17:59  client id= 1 ,round= 8 ,epoch= 1 ,client update iteration= 120 ,loss= 1.157778024673462
2021-07-03 20:18:01  client id= 1 ,round= 8 ,epoch= 1 ,client update iteration= 130 ,loss= 1.0035820007324219
2021-07-03 20:18:03  client id= 1 ,round= 8 ,epoch= 1 ,client update iteration= 140 ,loss= 1.2345188856124878
2021-07-03 20:18:05  client id= 1 ,round= 8 ,epoch= 1 ,client update iteration= 150 ,loss= 0.9497848749160767
2021-07-03 20:18:07  client id= 1 ,round= 8 ,epoch= 1 ,client update iteration= 160 ,loss= 0.8532828688621521
2021-07-03 20:18:08  client id= 1 ,round= 8 ,epoch= 1 ,client update iteration= 170 ,loss= 0.9104688763618469
2021-07-03 20:18:10  client id= 1 ,round= 8 ,epoch= 1 ,client update iteration= 180 ,loss= 1.1153976917266846
2021-07-03 20:18:12  client id= 1 ,round= 8 ,epoch= 1 ,client update iteration= 190 ,loss= 1.1590185165405273
2021-07-03 20:18:14  client id= 1 ,round= 8 ,epoch= 1 ,client update iteration= 200 ,loss= 1.047444462776184
2021-07-03 20:18:16  client id= 1 ,round= 8 ,epoch= 1 ,client update iteration= 210 ,loss= 1.0016810894012451
2021-07-03 20:18:18  client id= 1 ,round= 8 ,epoch= 1 ,client update iteration= 220 ,loss= 0.8523503541946411
2021-07-03 20:18:20  client id= 1 ,round= 8 ,epoch= 1 ,client update iteration= 230 ,loss= 0.9601771235466003
2021-07-03 20:18:22  client id= 1 ,round= 8 ,epoch= 1 ,client update iteration= 240 ,loss= 0.9494130611419678
2021-07-03 20:18:23  client id= 1 ,round= 8 ,epoch= 1 ,client update iteration= 250 ,loss= 1.21091890335083
2021-07-03 20:18:25  client id= 1 ,round= 8 ,epoch= 1 ,client update iteration= 260 ,loss= 1.091407060623169
2021-07-03 20:18:27  client id= 1 ,round= 8 ,epoch= 1 ,client update iteration= 270 ,loss= 1.0315194129943848
2021-07-03 20:18:29  client id= 1 ,round= 8 ,epoch= 1 ,client update iteration= 280 ,loss= 1.1636818647384644
2021-07-03 20:18:31  client id= 1 ,round= 8 ,epoch= 1 ,client update iteration= 290 ,loss= 0.969976544380188
2021-07-03 20:18:33  client id= 1 ,round= 8 ,epoch= 1 ,client update iteration= 300 ,loss= 0.7702044248580933
2021-07-03 20:18:35  client id= 1 ,round= 8 ,epoch= 1 ,client update iteration= 310 ,loss= 1.2715210914611816
2021-07-03 20:18:36  client id= 1 ,round= 8 ,epoch= 1 ,client update iteration= 320 ,loss= 0.8927606344223022
2021-07-03 20:18:38  client id= 1 ,round= 8 ,epoch= 1 ,client update iteration= 330 ,loss= 1.005005121231079
2021-07-03 20:18:40  client id= 1 ,round= 8 ,epoch= 1 ,client update iteration= 340 ,loss= 0.9326953887939453
2021-07-03 20:18:42  client id= 1 ,round= 8 ,epoch= 1 ,client update iteration= 350 ,loss= 0.856151282787323
2021-07-03 20:18:44  client id= 1 ,round= 8 ,epoch= 1 ,client update iteration= 360 ,loss= 0.730098307132721
2021-07-03 20:18:46  client id= 1 ,round= 8 ,epoch= 1 ,client update iteration= 370 ,loss= 0.9070842266082764
2021-07-03 20:18:48  client id= 1 ,round= 8 ,epoch= 1 ,client update iteration= 380 ,loss= 0.935947835445404
2021-07-03 20:18:49  client id= 1 ,round= 8 ,epoch= 1 ,client update iteration= 390 ,loss= 0.9461659789085388
end_round_time 2021-07-03 20:18:50
start add noise 2021-07-03 20:18:50
layer= 0 ratio= 0.0625
layer= 1 ratio= 0.0625
layer= 2 ratio= 0.0625
layer= 3 ratio= 0.0625
layer= 4 ratio= 0.0625
layer= 5 ratio= 0.0625
layer= 6 ratio= 0.0625
layer= 7 ratio= 0.0625
layer= 8 ratio= 0.0625
layer= 9 ratio= 0.0625
layer= 10 ratio= 0.0625
layer= 11 ratio= 0.0625
layer= 12 ratio= 0.0625
layer= 13 ratio= 0.0625
layer= 14 ratio= 0.0625
layer= 15 ratio= 0.0625
layer= 0 ratio= 0.0625
layer= 1 ratio= 0.0625
layer= 2 ratio= 0.0625
layer= 3 ratio= 0.0625
layer= 4 ratio= 0.0625
layer= 5 ratio= 0.0625
layer= 6 ratio= 0.0625
layer= 7 ratio= 0.0625
layer= 8 ratio= 0.0625
layer= 9 ratio= 0.0625
layer= 10 ratio= 0.0625
layer= 11 ratio= 0.0625
layer= 12 ratio= 0.0625
layer= 13 ratio= 0.0625
layer= 14 ratio= 0.0625
layer= 15 ratio= 0.0625
end add noise time 2021-07-03 20:18:50
average train loss= 1.1352038337751422
2021-07-03 20:18:58,round 8,val Accuracy Top1: 60.100000 %
2021-07-03 20:18:58,round 8,val Accuracy Top5: 96.120000 %
start_round_time 2021-07-03 20:18:58
******client id  0 ******
client_update start
2021-07-03 20:19:00  client id= 0 ,round= 9 ,epoch= 1 ,client update iteration= 10 ,loss= 1.8294342756271362
2021-07-03 20:19:02  client id= 0 ,round= 9 ,epoch= 1 ,client update iteration= 20 ,loss= 1.5799617767333984
2021-07-03 20:19:04  client id= 0 ,round= 9 ,epoch= 1 ,client update iteration= 30 ,loss= 1.6152880191802979
2021-07-03 20:19:06  client id= 0 ,round= 9 ,epoch= 1 ,client update iteration= 40 ,loss= 1.4485429525375366
2021-07-03 20:19:08  client id= 0 ,round= 9 ,epoch= 1 ,client update iteration= 50 ,loss= 1.3615546226501465
2021-07-03 20:19:10  client id= 0 ,round= 9 ,epoch= 1 ,client update iteration= 60 ,loss= 1.2653448581695557
2021-07-03 20:19:11  client id= 0 ,round= 9 ,epoch= 1 ,client update iteration= 70 ,loss= 1.5669519901275635
2021-07-03 20:19:13  client id= 0 ,round= 9 ,epoch= 1 ,client update iteration= 80 ,loss= 1.2726056575775146
2021-07-03 20:19:15  client id= 0 ,round= 9 ,epoch= 1 ,client update iteration= 90 ,loss= 1.4546773433685303
2021-07-03 20:19:17  client id= 0 ,round= 9 ,epoch= 1 ,client update iteration= 100 ,loss= 1.3728010654449463
2021-07-03 20:19:19  client id= 0 ,round= 9 ,epoch= 1 ,client update iteration= 110 ,loss= 1.1357921361923218
2021-07-03 20:19:21  client id= 0 ,round= 9 ,epoch= 1 ,client update iteration= 120 ,loss= 1.5343551635742188
2021-07-03 20:19:23  client id= 0 ,round= 9 ,epoch= 1 ,client update iteration= 130 ,loss= 1.0600835084915161
2021-07-03 20:19:25  client id= 0 ,round= 9 ,epoch= 1 ,client update iteration= 140 ,loss= 1.2238690853118896
2021-07-03 20:19:26  client id= 0 ,round= 9 ,epoch= 1 ,client update iteration= 150 ,loss= 1.1410375833511353
2021-07-03 20:19:28  client id= 0 ,round= 9 ,epoch= 1 ,client update iteration= 160 ,loss= 1.1628860235214233
2021-07-03 20:19:30  client id= 0 ,round= 9 ,epoch= 1 ,client update iteration= 170 ,loss= 1.2860126495361328
2021-07-03 20:19:32  client id= 0 ,round= 9 ,epoch= 1 ,client update iteration= 180 ,loss= 1.226305603981018
2021-07-03 20:19:34  client id= 0 ,round= 9 ,epoch= 1 ,client update iteration= 190 ,loss= 1.2750314474105835
2021-07-03 20:19:36  client id= 0 ,round= 9 ,epoch= 1 ,client update iteration= 200 ,loss= 1.0042427778244019
2021-07-03 20:19:38  client id= 0 ,round= 9 ,epoch= 1 ,client update iteration= 210 ,loss= 1.349958896636963
2021-07-03 20:19:39  client id= 0 ,round= 9 ,epoch= 1 ,client update iteration= 220 ,loss= 1.3437901735305786
2021-07-03 20:19:41  client id= 0 ,round= 9 ,epoch= 1 ,client update iteration= 230 ,loss= 1.090030312538147
2021-07-03 20:19:43  client id= 0 ,round= 9 ,epoch= 1 ,client update iteration= 240 ,loss= 1.176774501800537
2021-07-03 20:19:45  client id= 0 ,round= 9 ,epoch= 1 ,client update iteration= 250 ,loss= 0.9752920269966125
2021-07-03 20:19:47  client id= 0 ,round= 9 ,epoch= 1 ,client update iteration= 260 ,loss= 1.032877802848816
2021-07-03 20:19:49  client id= 0 ,round= 9 ,epoch= 1 ,client update iteration= 270 ,loss= 1.0828933715820312
2021-07-03 20:19:51  client id= 0 ,round= 9 ,epoch= 1 ,client update iteration= 280 ,loss= 0.972264289855957
2021-07-03 20:19:52  client id= 0 ,round= 9 ,epoch= 1 ,client update iteration= 290 ,loss= 0.9186850786209106
2021-07-03 20:19:54  client id= 0 ,round= 9 ,epoch= 1 ,client update iteration= 300 ,loss= 0.9633166193962097
2021-07-03 20:19:56  client id= 0 ,round= 9 ,epoch= 1 ,client update iteration= 310 ,loss= 1.150719404220581
2021-07-03 20:19:58  client id= 0 ,round= 9 ,epoch= 1 ,client update iteration= 320 ,loss= 1.0812420845031738
2021-07-03 20:20:00  client id= 0 ,round= 9 ,epoch= 1 ,client update iteration= 330 ,loss= 0.8973294496536255
2021-07-03 20:20:02  client id= 0 ,round= 9 ,epoch= 1 ,client update iteration= 340 ,loss= 1.2784249782562256
2021-07-03 20:20:04  client id= 0 ,round= 9 ,epoch= 1 ,client update iteration= 350 ,loss= 1.4412217140197754
2021-07-03 20:20:05  client id= 0 ,round= 9 ,epoch= 1 ,client update iteration= 360 ,loss= 0.7646360397338867
2021-07-03 20:20:07  client id= 0 ,round= 9 ,epoch= 1 ,client update iteration= 370 ,loss= 1.08502995967865
2021-07-03 20:20:09  client id= 0 ,round= 9 ,epoch= 1 ,client update iteration= 380 ,loss= 0.9011667370796204
2021-07-03 20:20:11  client id= 0 ,round= 9 ,epoch= 1 ,client update iteration= 390 ,loss= 1.2758198976516724
******client id  1 ******
client_update start
2021-07-03 20:20:13  client id= 1 ,round= 9 ,epoch= 1 ,client update iteration= 10 ,loss= 2.022792100906372
2021-07-03 20:20:15  client id= 1 ,round= 9 ,epoch= 1 ,client update iteration= 20 ,loss= 1.9240312576293945
2021-07-03 20:20:17  client id= 1 ,round= 9 ,epoch= 1 ,client update iteration= 30 ,loss= 1.5021865367889404
2021-07-03 20:20:19  client id= 1 ,round= 9 ,epoch= 1 ,client update iteration= 40 ,loss= 1.5431709289550781
2021-07-03 20:20:20  client id= 1 ,round= 9 ,epoch= 1 ,client update iteration= 50 ,loss= 1.7330400943756104
2021-07-03 20:20:22  client id= 1 ,round= 9 ,epoch= 1 ,client update iteration= 60 ,loss= 1.3016456365585327
2021-07-03 20:20:24  client id= 1 ,round= 9 ,epoch= 1 ,client update iteration= 70 ,loss= 1.3586018085479736
2021-07-03 20:20:26  client id= 1 ,round= 9 ,epoch= 1 ,client update iteration= 80 ,loss= 1.0974457263946533
2021-07-03 20:20:28  client id= 1 ,round= 9 ,epoch= 1 ,client update iteration= 90 ,loss= 1.4432032108306885
2021-07-03 20:20:30  client id= 1 ,round= 9 ,epoch= 1 ,client update iteration= 100 ,loss= 1.5233032703399658
2021-07-03 20:20:32  client id= 1 ,round= 9 ,epoch= 1 ,client update iteration= 110 ,loss= 1.062971830368042
2021-07-03 20:20:33  client id= 1 ,round= 9 ,epoch= 1 ,client update iteration= 120 ,loss= 1.1726452112197876
2021-07-03 20:20:35  client id= 1 ,round= 9 ,epoch= 1 ,client update iteration= 130 ,loss= 1.5414739847183228
2021-07-03 20:20:37  client id= 1 ,round= 9 ,epoch= 1 ,client update iteration= 140 ,loss= 0.985677182674408
2021-07-03 20:20:39  client id= 1 ,round= 9 ,epoch= 1 ,client update iteration= 150 ,loss= 1.4459784030914307
2021-07-03 20:20:41  client id= 1 ,round= 9 ,epoch= 1 ,client update iteration= 160 ,loss= 1.2991185188293457
2021-07-03 20:20:43  client id= 1 ,round= 9 ,epoch= 1 ,client update iteration= 170 ,loss= 1.1175010204315186
2021-07-03 20:20:45  client id= 1 ,round= 9 ,epoch= 1 ,client update iteration= 180 ,loss= 1.1765776872634888
2021-07-03 20:20:47  client id= 1 ,round= 9 ,epoch= 1 ,client update iteration= 190 ,loss= 1.1472455263137817
2021-07-03 20:20:48  client id= 1 ,round= 9 ,epoch= 1 ,client update iteration= 200 ,loss= 1.1979538202285767
2021-07-03 20:20:50  client id= 1 ,round= 9 ,epoch= 1 ,client update iteration= 210 ,loss= 1.5321409702301025
2021-07-03 20:20:52  client id= 1 ,round= 9 ,epoch= 1 ,client update iteration= 220 ,loss= 1.063188910484314
2021-07-03 20:20:54  client id= 1 ,round= 9 ,epoch= 1 ,client update iteration= 230 ,loss= 1.0987838506698608
2021-07-03 20:20:56  client id= 1 ,round= 9 ,epoch= 1 ,client update iteration= 240 ,loss= 0.9447810649871826
2021-07-03 20:20:58  client id= 1 ,round= 9 ,epoch= 1 ,client update iteration= 250 ,loss= 1.17647385597229
2021-07-03 20:21:00  client id= 1 ,round= 9 ,epoch= 1 ,client update iteration= 260 ,loss= 1.349589467048645
2021-07-03 20:21:01  client id= 1 ,round= 9 ,epoch= 1 ,client update iteration= 270 ,loss= 1.0324803590774536
2021-07-03 20:21:03  client id= 1 ,round= 9 ,epoch= 1 ,client update iteration= 280 ,loss= 0.9788886904716492
2021-07-03 20:21:05  client id= 1 ,round= 9 ,epoch= 1 ,client update iteration= 290 ,loss= 1.1415899991989136
2021-07-03 20:21:07  client id= 1 ,round= 9 ,epoch= 1 ,client update iteration= 300 ,loss= 1.0462768077850342
2021-07-03 20:21:09  client id= 1 ,round= 9 ,epoch= 1 ,client update iteration= 310 ,loss= 1.1696231365203857
2021-07-03 20:21:11  client id= 1 ,round= 9 ,epoch= 1 ,client update iteration= 320 ,loss= 1.091925859451294
2021-07-03 20:21:13  client id= 1 ,round= 9 ,epoch= 1 ,client update iteration= 330 ,loss= 1.566627025604248
2021-07-03 20:21:14  client id= 1 ,round= 9 ,epoch= 1 ,client update iteration= 340 ,loss= 1.213066577911377
2021-07-03 20:21:16  client id= 1 ,round= 9 ,epoch= 1 ,client update iteration= 350 ,loss= 1.002855896949768
2021-07-03 20:21:18  client id= 1 ,round= 9 ,epoch= 1 ,client update iteration= 360 ,loss= 1.2992383241653442
2021-07-03 20:21:20  client id= 1 ,round= 9 ,epoch= 1 ,client update iteration= 370 ,loss= 1.112342119216919
2021-07-03 20:21:22  client id= 1 ,round= 9 ,epoch= 1 ,client update iteration= 380 ,loss= 1.0374009609222412
2021-07-03 20:21:24  client id= 1 ,round= 9 ,epoch= 1 ,client update iteration= 390 ,loss= 1.084319829940796
end_round_time 2021-07-03 20:21:24
start add noise 2021-07-03 20:21:24
layer= 0 ratio= 0.0625
layer= 1 ratio= 0.0625
layer= 2 ratio= 0.0625
layer= 3 ratio= 0.0625
layer= 4 ratio= 0.0625
layer= 5 ratio= 0.0625
layer= 6 ratio= 0.0625
layer= 7 ratio= 0.0625
layer= 8 ratio= 0.0625
layer= 9 ratio= 0.0625
layer= 10 ratio= 0.0625
layer= 11 ratio= 0.0625
layer= 12 ratio= 0.0625
layer= 13 ratio= 0.0625
layer= 14 ratio= 0.0625
layer= 15 ratio= 0.0625
layer= 0 ratio= 0.0625
layer= 1 ratio= 0.0625
layer= 2 ratio= 0.0625
layer= 3 ratio= 0.0625
layer= 4 ratio= 0.0625
layer= 5 ratio= 0.0625
layer= 6 ratio= 0.0625
layer= 7 ratio= 0.0625
layer= 8 ratio= 0.0625
layer= 9 ratio= 0.0625
layer= 10 ratio= 0.0625
layer= 11 ratio= 0.0625
layer= 12 ratio= 0.0625
layer= 13 ratio= 0.0625
layer= 14 ratio= 0.0625
layer= 15 ratio= 0.0625
end add noise time 2021-07-03 20:21:24
average train loss= 1.288978767745635
2021-07-03 20:21:33,round 9,val Accuracy Top1: 55.810000 %
2021-07-03 20:21:33,round 9,val Accuracy Top5: 93.290000 %
start_round_time 2021-07-03 20:21:33
******client id  0 ******
client_update start
2021-07-03 20:21:35  client id= 0 ,round= 10 ,epoch= 1 ,client update iteration= 10 ,loss= 2.0087831020355225
2021-07-03 20:21:37  client id= 0 ,round= 10 ,epoch= 1 ,client update iteration= 20 ,loss= 1.9298138618469238
2021-07-03 20:21:38  client id= 0 ,round= 10 ,epoch= 1 ,client update iteration= 30 ,loss= 1.5507371425628662
2021-07-03 20:21:40  client id= 0 ,round= 10 ,epoch= 1 ,client update iteration= 40 ,loss= 2.0240323543548584
2021-07-03 20:21:42  client id= 0 ,round= 10 ,epoch= 1 ,client update iteration= 50 ,loss= 1.7581011056900024
2021-07-03 20:21:44  client id= 0 ,round= 10 ,epoch= 1 ,client update iteration= 60 ,loss= 1.5643067359924316
2021-07-03 20:21:46  client id= 0 ,round= 10 ,epoch= 1 ,client update iteration= 70 ,loss= 1.660230278968811
2021-07-03 20:21:48  client id= 0 ,round= 10 ,epoch= 1 ,client update iteration= 80 ,loss= 1.7101746797561646
2021-07-03 20:21:50  client id= 0 ,round= 10 ,epoch= 1 ,client update iteration= 90 ,loss= 1.6060833930969238
2021-07-03 20:21:51  client id= 0 ,round= 10 ,epoch= 1 ,client update iteration= 100 ,loss= 1.7508083581924438
2021-07-03 20:21:53  client id= 0 ,round= 10 ,epoch= 1 ,client update iteration= 110 ,loss= 1.9409589767456055
2021-07-03 20:21:55  client id= 0 ,round= 10 ,epoch= 1 ,client update iteration= 120 ,loss= 1.2567803859710693
2021-07-03 20:21:57  client id= 0 ,round= 10 ,epoch= 1 ,client update iteration= 130 ,loss= 1.2066289186477661
2021-07-03 20:21:59  client id= 0 ,round= 10 ,epoch= 1 ,client update iteration= 140 ,loss= 1.130185842514038
2021-07-03 20:22:01  client id= 0 ,round= 10 ,epoch= 1 ,client update iteration= 150 ,loss= 1.2855818271636963
2021-07-03 20:22:03  client id= 0 ,round= 10 ,epoch= 1 ,client update iteration= 160 ,loss= 1.5064117908477783
2021-07-03 20:22:04  client id= 0 ,round= 10 ,epoch= 1 ,client update iteration= 170 ,loss= 1.3983098268508911
2021-07-03 20:22:06  client id= 0 ,round= 10 ,epoch= 1 ,client update iteration= 180 ,loss= 1.2010433673858643
2021-07-03 20:22:08  client id= 0 ,round= 10 ,epoch= 1 ,client update iteration= 190 ,loss= 1.2561246156692505
2021-07-03 20:22:10  client id= 0 ,round= 10 ,epoch= 1 ,client update iteration= 200 ,loss= 1.1201484203338623
2021-07-03 20:22:12  client id= 0 ,round= 10 ,epoch= 1 ,client update iteration= 210 ,loss= 1.5320838689804077
2021-07-03 20:22:14  client id= 0 ,round= 10 ,epoch= 1 ,client update iteration= 220 ,loss= 1.2965083122253418
2021-07-03 20:22:16  client id= 0 ,round= 10 ,epoch= 1 ,client update iteration= 230 ,loss= 1.1863243579864502
2021-07-03 20:22:17  client id= 0 ,round= 10 ,epoch= 1 ,client update iteration= 240 ,loss= 1.15986967086792
2021-07-03 20:22:19  client id= 0 ,round= 10 ,epoch= 1 ,client update iteration= 250 ,loss= 1.449604868888855
2021-07-03 20:22:21  client id= 0 ,round= 10 ,epoch= 1 ,client update iteration= 260 ,loss= 1.1828795671463013
2021-07-03 20:22:23  client id= 0 ,round= 10 ,epoch= 1 ,client update iteration= 270 ,loss= 1.2380114793777466
2021-07-03 20:22:25  client id= 0 ,round= 10 ,epoch= 1 ,client update iteration= 280 ,loss= 1.1712509393692017
2021-07-03 20:22:27  client id= 0 ,round= 10 ,epoch= 1 ,client update iteration= 290 ,loss= 1.2143452167510986
2021-07-03 20:22:29  client id= 0 ,round= 10 ,epoch= 1 ,client update iteration= 300 ,loss= 1.2634228467941284
2021-07-03 20:22:30  client id= 0 ,round= 10 ,epoch= 1 ,client update iteration= 310 ,loss= 1.2746926546096802
2021-07-03 20:22:32  client id= 0 ,round= 10 ,epoch= 1 ,client update iteration= 320 ,loss= 1.520340085029602
2021-07-03 20:22:34  client id= 0 ,round= 10 ,epoch= 1 ,client update iteration= 330 ,loss= 1.1415106058120728
2021-07-03 20:22:36  client id= 0 ,round= 10 ,epoch= 1 ,client update iteration= 340 ,loss= 1.0779829025268555
2021-07-03 20:22:38  client id= 0 ,round= 10 ,epoch= 1 ,client update iteration= 350 ,loss= 1.1182163953781128
2021-07-03 20:22:40  client id= 0 ,round= 10 ,epoch= 1 ,client update iteration= 360 ,loss= 1.5454057455062866
2021-07-03 20:22:42  client id= 0 ,round= 10 ,epoch= 1 ,client update iteration= 370 ,loss= 1.3016935586929321
2021-07-03 20:22:43  client id= 0 ,round= 10 ,epoch= 1 ,client update iteration= 380 ,loss= 1.2438889741897583
2021-07-03 20:22:45  client id= 0 ,round= 10 ,epoch= 1 ,client update iteration= 390 ,loss= 1.0847554206848145
******client id  1 ******
client_update start
2021-07-03 20:22:47  client id= 1 ,round= 10 ,epoch= 1 ,client update iteration= 10 ,loss= 2.095959424972534
2021-07-03 20:22:49  client id= 1 ,round= 10 ,epoch= 1 ,client update iteration= 20 ,loss= 1.6847012042999268
2021-07-03 20:22:51  client id= 1 ,round= 10 ,epoch= 1 ,client update iteration= 30 ,loss= 1.4493366479873657
2021-07-03 20:22:53  client id= 1 ,round= 10 ,epoch= 1 ,client update iteration= 40 ,loss= 1.5333579778671265
2021-07-03 20:22:55  client id= 1 ,round= 10 ,epoch= 1 ,client update iteration= 50 ,loss= 1.8380978107452393
2021-07-03 20:22:57  client id= 1 ,round= 10 ,epoch= 1 ,client update iteration= 60 ,loss= 1.4847939014434814
2021-07-03 20:22:59  client id= 1 ,round= 10 ,epoch= 1 ,client update iteration= 70 ,loss= 1.5030096769332886
2021-07-03 20:23:00  client id= 1 ,round= 10 ,epoch= 1 ,client update iteration= 80 ,loss= 1.6761853694915771
2021-07-03 20:23:02  client id= 1 ,round= 10 ,epoch= 1 ,client update iteration= 90 ,loss= 1.2672125101089478
2021-07-03 20:23:04  client id= 1 ,round= 10 ,epoch= 1 ,client update iteration= 100 ,loss= 1.4010474681854248
2021-07-03 20:23:06  client id= 1 ,round= 10 ,epoch= 1 ,client update iteration= 110 ,loss= 1.751663088798523
2021-07-03 20:23:08  client id= 1 ,round= 10 ,epoch= 1 ,client update iteration= 120 ,loss= 1.4563162326812744
2021-07-03 20:23:10  client id= 1 ,round= 10 ,epoch= 1 ,client update iteration= 130 ,loss= 1.2601031064987183
2021-07-03 20:23:12  client id= 1 ,round= 10 ,epoch= 1 ,client update iteration= 140 ,loss= 1.5312159061431885
2021-07-03 20:23:13  client id= 1 ,round= 10 ,epoch= 1 ,client update iteration= 150 ,loss= 1.6831693649291992
2021-07-03 20:23:15  client id= 1 ,round= 10 ,epoch= 1 ,client update iteration= 160 ,loss= 1.293203353881836
2021-07-03 20:23:17  client id= 1 ,round= 10 ,epoch= 1 ,client update iteration= 170 ,loss= 1.4019358158111572
2021-07-03 20:23:19  client id= 1 ,round= 10 ,epoch= 1 ,client update iteration= 180 ,loss= 1.0910300016403198
2021-07-03 20:23:21  client id= 1 ,round= 10 ,epoch= 1 ,client update iteration= 190 ,loss= 1.1238995790481567
2021-07-03 20:23:23  client id= 1 ,round= 10 ,epoch= 1 ,client update iteration= 200 ,loss= 1.9140236377716064
2021-07-03 20:23:25  client id= 1 ,round= 10 ,epoch= 1 ,client update iteration= 210 ,loss= 1.539184808731079
2021-07-03 20:23:26  client id= 1 ,round= 10 ,epoch= 1 ,client update iteration= 220 ,loss= 1.203513264656067
2021-07-03 20:23:28  client id= 1 ,round= 10 ,epoch= 1 ,client update iteration= 230 ,loss= 1.3526781797409058
2021-07-03 20:23:30  client id= 1 ,round= 10 ,epoch= 1 ,client update iteration= 240 ,loss= 1.4480125904083252
2021-07-03 20:23:32  client id= 1 ,round= 10 ,epoch= 1 ,client update iteration= 250 ,loss= 1.553723931312561
2021-07-03 20:23:34  client id= 1 ,round= 10 ,epoch= 1 ,client update iteration= 260 ,loss= 1.1699961423873901
2021-07-03 20:23:36  client id= 1 ,round= 10 ,epoch= 1 ,client update iteration= 270 ,loss= 1.290129542350769
2021-07-03 20:23:38  client id= 1 ,round= 10 ,epoch= 1 ,client update iteration= 280 ,loss= 1.1439818143844604
2021-07-03 20:23:39  client id= 1 ,round= 10 ,epoch= 1 ,client update iteration= 290 ,loss= 1.1920702457427979
2021-07-03 20:23:41  client id= 1 ,round= 10 ,epoch= 1 ,client update iteration= 300 ,loss= 1.311536431312561
2021-07-03 20:23:43  client id= 1 ,round= 10 ,epoch= 1 ,client update iteration= 310 ,loss= 1.300328016281128
2021-07-03 20:23:45  client id= 1 ,round= 10 ,epoch= 1 ,client update iteration= 320 ,loss= 1.2758607864379883
2021-07-03 20:23:47  client id= 1 ,round= 10 ,epoch= 1 ,client update iteration= 330 ,loss= 1.136690616607666
2021-07-03 20:23:49  client id= 1 ,round= 10 ,epoch= 1 ,client update iteration= 340 ,loss= 1.2894258499145508
2021-07-03 20:23:51  client id= 1 ,round= 10 ,epoch= 1 ,client update iteration= 350 ,loss= 1.360193133354187
2021-07-03 20:23:52  client id= 1 ,round= 10 ,epoch= 1 ,client update iteration= 360 ,loss= 0.9160553812980652
2021-07-03 20:23:54  client id= 1 ,round= 10 ,epoch= 1 ,client update iteration= 370 ,loss= 0.6776060461997986
2021-07-03 20:23:56  client id= 1 ,round= 10 ,epoch= 1 ,client update iteration= 380 ,loss= 1.2790817022323608
2021-07-03 20:23:58  client id= 1 ,round= 10 ,epoch= 1 ,client update iteration= 390 ,loss= 1.2024750709533691
end_round_time 2021-07-03 20:23:58
start add noise 2021-07-03 20:23:58
layer= 0 ratio= 0.0625
layer= 1 ratio= 0.0625
layer= 2 ratio= 0.0625
layer= 3 ratio= 0.0625
layer= 4 ratio= 0.0625
layer= 5 ratio= 0.0625
layer= 6 ratio= 0.0625
layer= 7 ratio= 0.0625
layer= 8 ratio= 0.0625
layer= 9 ratio= 0.0625
layer= 10 ratio= 0.0625
layer= 11 ratio= 0.0625
layer= 12 ratio= 0.0625
layer= 13 ratio= 0.0625
layer= 14 ratio= 0.0625
layer= 15 ratio= 0.0625
layer= 0 ratio= 0.0625
layer= 1 ratio= 0.0625
layer= 2 ratio= 0.0625
layer= 3 ratio= 0.0625
layer= 4 ratio= 0.0625
layer= 5 ratio= 0.0625
layer= 6 ratio= 0.0625
layer= 7 ratio= 0.0625
layer= 8 ratio= 0.0625
layer= 9 ratio= 0.0625
layer= 10 ratio= 0.0625
layer= 11 ratio= 0.0625
layer= 12 ratio= 0.0625
layer= 13 ratio= 0.0625
layer= 14 ratio= 0.0625
layer= 15 ratio= 0.0625
end add noise time 2021-07-03 20:23:58
average train loss= 1.423876779768473
2021-07-03 20:24:07,round 10,val Accuracy Top1: 45.800000 %
2021-07-03 20:24:07,round 10,val Accuracy Top5: 87.470000 %
