type sample_L1
pb 5000000.0
clip_bound 20.0
log_path log/Alexnet/2/sample_L1/True
train_data data
test_data data
batch_size 64
test_batch_size 64
lr 0.0002
momentum 0.5
no_cuda False
seed 1
log_interval 1
privacy_delta 1e-06
sample_num 500
islog True
is_ratio_list True
num_clients 2
num_rounds 10
epochs 1
ratio_type 2
按照权重分配eps
device cuda
loading data
load data done
AlexNet(
  (conv1): Sequential(
    (0): Conv2d(3, 96, kernel_size=(6, 6), stride=(1, 1))
    (1): ReLU()
  )
  (conv2): Sequential(
    (0): Conv2d(96, 256, kernel_size=(5, 5), stride=(1, 1), padding=(2, 2))
    (1): ReLU()
    (2): MaxPool2d(kernel_size=3, stride=2, padding=0, dilation=1, ceil_mode=False)
  )
  (conv3): Sequential(
    (0): Conv2d(256, 384, kernel_size=(3, 3), stride=(1, 1), padding=(1, 1))
    (1): ReLU()
  )
  (conv4): Sequential(
    (0): Conv2d(384, 384, kernel_size=(3, 3), stride=(1, 1), padding=(1, 1))
    (1): ReLU()
  )
  (conv5): Sequential(
    (0): Conv2d(384, 256, kernel_size=(3, 3), stride=(1, 1), padding=(1, 1))
    (1): ReLU()
    (2): MaxPool2d(kernel_size=3, stride=2, padding=0, dilation=1, ceil_mode=False)
  )
  (dense): Sequential(
    (0): Linear(in_features=9216, out_features=4096, bias=True)
    (1): ReLU()
    (2): Dropout(p=0.5, inplace=False)
    (3): Linear(in_features=4096, out_features=4096, bias=True)
    (4): ReLU()
    (5): Dropout(p=0.5, inplace=False)
    (6): Linear(in_features=4096, out_features=10, bias=True)
  )
)
********start training********
******client id  0 ******
client_update start
client id= 0 ,round= 1 ,epoch= 1 ,client update iteration= 10 ,loss= 2.2886760234832764
client id= 0 ,round= 1 ,epoch= 1 ,client update iteration= 20 ,loss= 2.192927598953247
client id= 0 ,round= 1 ,epoch= 1 ,client update iteration= 30 ,loss= 2.010194778442383
client id= 0 ,round= 1 ,epoch= 1 ,client update iteration= 40 ,loss= 2.1967225074768066
client id= 0 ,round= 1 ,epoch= 1 ,client update iteration= 50 ,loss= 2.079861640930176
client id= 0 ,round= 1 ,epoch= 1 ,client update iteration= 60 ,loss= 2.1779348850250244
client id= 0 ,round= 1 ,epoch= 1 ,client update iteration= 70 ,loss= 2.07785701751709
client id= 0 ,round= 1 ,epoch= 1 ,client update iteration= 80 ,loss= 2.0318377017974854
client id= 0 ,round= 1 ,epoch= 1 ,client update iteration= 90 ,loss= 1.8222912549972534
client id= 0 ,round= 1 ,epoch= 1 ,client update iteration= 100 ,loss= 1.805619716644287
client id= 0 ,round= 1 ,epoch= 1 ,client update iteration= 110 ,loss= 1.8822702169418335
client id= 0 ,round= 1 ,epoch= 1 ,client update iteration= 120 ,loss= 1.8982609510421753
client id= 0 ,round= 1 ,epoch= 1 ,client update iteration= 130 ,loss= 1.77434241771698
client id= 0 ,round= 1 ,epoch= 1 ,client update iteration= 140 ,loss= 1.769999623298645
client id= 0 ,round= 1 ,epoch= 1 ,client update iteration= 150 ,loss= 1.753037929534912
client id= 0 ,round= 1 ,epoch= 1 ,client update iteration= 160 ,loss= 1.8111380338668823
client id= 0 ,round= 1 ,epoch= 1 ,client update iteration= 170 ,loss= 1.8198294639587402
client id= 0 ,round= 1 ,epoch= 1 ,client update iteration= 180 ,loss= 1.7293621301651
client id= 0 ,round= 1 ,epoch= 1 ,client update iteration= 190 ,loss= 1.5993928909301758
client id= 0 ,round= 1 ,epoch= 1 ,client update iteration= 200 ,loss= 1.6794731616973877
client id= 0 ,round= 1 ,epoch= 1 ,client update iteration= 210 ,loss= 1.5999221801757812
client id= 0 ,round= 1 ,epoch= 1 ,client update iteration= 220 ,loss= 1.5680686235427856
client id= 0 ,round= 1 ,epoch= 1 ,client update iteration= 230 ,loss= 1.5697485208511353
client id= 0 ,round= 1 ,epoch= 1 ,client update iteration= 240 ,loss= 1.6872693300247192
client id= 0 ,round= 1 ,epoch= 1 ,client update iteration= 250 ,loss= 1.594486117362976
client id= 0 ,round= 1 ,epoch= 1 ,client update iteration= 260 ,loss= 1.4808138608932495
client id= 0 ,round= 1 ,epoch= 1 ,client update iteration= 270 ,loss= 1.5023467540740967
client id= 0 ,round= 1 ,epoch= 1 ,client update iteration= 280 ,loss= 1.7590874433517456
client id= 0 ,round= 1 ,epoch= 1 ,client update iteration= 290 ,loss= 1.562911868095398
client id= 0 ,round= 1 ,epoch= 1 ,client update iteration= 300 ,loss= 1.5564641952514648
client id= 0 ,round= 1 ,epoch= 1 ,client update iteration= 310 ,loss= 1.3770265579223633
client id= 0 ,round= 1 ,epoch= 1 ,client update iteration= 320 ,loss= 1.5086945295333862
client id= 0 ,round= 1 ,epoch= 1 ,client update iteration= 330 ,loss= 1.4560346603393555
client id= 0 ,round= 1 ,epoch= 1 ,client update iteration= 340 ,loss= 1.5035752058029175
client id= 0 ,round= 1 ,epoch= 1 ,client update iteration= 350 ,loss= 1.4473631381988525
client id= 0 ,round= 1 ,epoch= 1 ,client update iteration= 360 ,loss= 1.6087462902069092
client id= 0 ,round= 1 ,epoch= 1 ,client update iteration= 370 ,loss= 1.3569494485855103
client id= 0 ,round= 1 ,epoch= 1 ,client update iteration= 380 ,loss= 1.3602931499481201
client id= 0 ,round= 1 ,epoch= 1 ,client update iteration= 390 ,loss= 1.4574546813964844
******client id  1 ******
client_update start
client id= 1 ,round= 1 ,epoch= 1 ,client update iteration= 10 ,loss= 2.2624452114105225
client id= 1 ,round= 1 ,epoch= 1 ,client update iteration= 20 ,loss= 2.152984380722046
client id= 1 ,round= 1 ,epoch= 1 ,client update iteration= 30 ,loss= 2.168637990951538
client id= 1 ,round= 1 ,epoch= 1 ,client update iteration= 40 ,loss= 2.0857324600219727
client id= 1 ,round= 1 ,epoch= 1 ,client update iteration= 50 ,loss= 2.087489128112793
client id= 1 ,round= 1 ,epoch= 1 ,client update iteration= 60 ,loss= 1.8849225044250488
client id= 1 ,round= 1 ,epoch= 1 ,client update iteration= 70 ,loss= 1.7030584812164307
client id= 1 ,round= 1 ,epoch= 1 ,client update iteration= 80 ,loss= 1.849967122077942
client id= 1 ,round= 1 ,epoch= 1 ,client update iteration= 90 ,loss= 1.7608381509780884
client id= 1 ,round= 1 ,epoch= 1 ,client update iteration= 100 ,loss= 1.7749669551849365
client id= 1 ,round= 1 ,epoch= 1 ,client update iteration= 110 ,loss= 1.6455272436141968
client id= 1 ,round= 1 ,epoch= 1 ,client update iteration= 120 ,loss= 1.718011736869812
client id= 1 ,round= 1 ,epoch= 1 ,client update iteration= 130 ,loss= 1.8067989349365234
client id= 1 ,round= 1 ,epoch= 1 ,client update iteration= 140 ,loss= 1.8627116680145264
client id= 1 ,round= 1 ,epoch= 1 ,client update iteration= 150 ,loss= 1.9448450803756714
client id= 1 ,round= 1 ,epoch= 1 ,client update iteration= 160 ,loss= 1.6669565439224243
client id= 1 ,round= 1 ,epoch= 1 ,client update iteration= 170 ,loss= 1.721391201019287
client id= 1 ,round= 1 ,epoch= 1 ,client update iteration= 180 ,loss= 1.6106534004211426
client id= 1 ,round= 1 ,epoch= 1 ,client update iteration= 190 ,loss= 1.7309578657150269
client id= 1 ,round= 1 ,epoch= 1 ,client update iteration= 200 ,loss= 1.6348172426223755
client id= 1 ,round= 1 ,epoch= 1 ,client update iteration= 210 ,loss= 1.6174129247665405
client id= 1 ,round= 1 ,epoch= 1 ,client update iteration= 220 ,loss= 1.5106922388076782
client id= 1 ,round= 1 ,epoch= 1 ,client update iteration= 230 ,loss= 1.780999779701233
client id= 1 ,round= 1 ,epoch= 1 ,client update iteration= 240 ,loss= 1.4495121240615845
client id= 1 ,round= 1 ,epoch= 1 ,client update iteration= 250 ,loss= 1.5672705173492432
client id= 1 ,round= 1 ,epoch= 1 ,client update iteration= 260 ,loss= 1.4573200941085815
client id= 1 ,round= 1 ,epoch= 1 ,client update iteration= 270 ,loss= 1.5087536573410034
client id= 1 ,round= 1 ,epoch= 1 ,client update iteration= 280 ,loss= 1.474246859550476
client id= 1 ,round= 1 ,epoch= 1 ,client update iteration= 290 ,loss= 1.5471606254577637
client id= 1 ,round= 1 ,epoch= 1 ,client update iteration= 300 ,loss= 1.5352237224578857
client id= 1 ,round= 1 ,epoch= 1 ,client update iteration= 310 ,loss= 1.4884756803512573
client id= 1 ,round= 1 ,epoch= 1 ,client update iteration= 320 ,loss= 1.3577524423599243
client id= 1 ,round= 1 ,epoch= 1 ,client update iteration= 330 ,loss= 1.3438373804092407
client id= 1 ,round= 1 ,epoch= 1 ,client update iteration= 340 ,loss= 1.5581437349319458
client id= 1 ,round= 1 ,epoch= 1 ,client update iteration= 350 ,loss= 1.4874671697616577
client id= 1 ,round= 1 ,epoch= 1 ,client update iteration= 360 ,loss= 1.6288107633590698
client id= 1 ,round= 1 ,epoch= 1 ,client update iteration= 370 ,loss= 1.4071545600891113
client id= 1 ,round= 1 ,epoch= 1 ,client update iteration= 380 ,loss= 1.4515300989151
client id= 1 ,round= 1 ,epoch= 1 ,client update iteration= 390 ,loss= 1.5083626508712769
start cal weight time2021-06-30 17:30:50
end cal weight time2021-06-30 17:30:50
layer= 0 ratio= 0.011436135033744679
layer= 1 ratio= 0.013723362040493615
layer= 2 ratio= 0.016468034448592336
layer= 3 ratio= 0.019761641338310806
layer= 4 ratio= 0.023713969605972968
layer= 5 ratio= 0.02845676352716756
layer= 6 ratio= 0.03414811623260107
layer= 7 ratio= 0.04097773947912128
layer= 8 ratio= 0.049173287374945536
layer= 9 ratio= 0.05900794484993465
layer= 10 ratio= 0.07080953381992157
layer= 11 ratio= 0.08497144058390589
layer= 12 ratio= 0.10196572870068706
layer= 13 ratio= 0.12235887444082445
layer= 14 ratio= 0.14683064932898934
layer= 15 ratio= 0.1761967791947872
start add noise2021-06-30 17:30:50
end_add_noise_time2021-06-30 17:30:53
start cal weight time2021-06-30 17:30:53
end cal weight time2021-06-30 17:30:53
layer= 0 ratio= 0.011436135033744679
layer= 1 ratio= 0.013723362040493615
layer= 2 ratio= 0.016468034448592336
layer= 3 ratio= 0.019761641338310806
layer= 4 ratio= 0.023713969605972968
layer= 5 ratio= 0.02845676352716756
layer= 6 ratio= 0.03414811623260107
layer= 7 ratio= 0.04097773947912128
layer= 8 ratio= 0.049173287374945536
layer= 9 ratio= 0.05900794484993465
layer= 10 ratio= 0.07080953381992157
layer= 11 ratio= 0.08497144058390589
layer= 12 ratio= 0.10196572870068706
layer= 13 ratio= 0.12235887444082445
layer= 14 ratio= 0.14683064932898934
layer= 15 ratio= 0.1761967791947872
start add noise2021-06-30 17:30:53
end_add_noise_time2021-06-30 17:30:57
average train loss= 1.713184524984921
2021-06-30 17:31:06,round 1,val Accuracy Top1: 21.690000 %
2021-06-30 17:31:06,round 1,val Accuracy Top5: 70.630000 %
******client id  0 ******
client_update start
client id= 0 ,round= 2 ,epoch= 1 ,client update iteration= 10 ,loss= 1.6874996423721313
client id= 0 ,round= 2 ,epoch= 1 ,client update iteration= 20 ,loss= 1.6410413980484009
client id= 0 ,round= 2 ,epoch= 1 ,client update iteration= 30 ,loss= 1.7829265594482422
client id= 0 ,round= 2 ,epoch= 1 ,client update iteration= 40 ,loss= 1.4897006750106812
client id= 0 ,round= 2 ,epoch= 1 ,client update iteration= 50 ,loss= 1.8238701820373535
client id= 0 ,round= 2 ,epoch= 1 ,client update iteration= 60 ,loss= 1.4234142303466797
client id= 0 ,round= 2 ,epoch= 1 ,client update iteration= 70 ,loss= 1.401816964149475
client id= 0 ,round= 2 ,epoch= 1 ,client update iteration= 80 ,loss= 1.3949086666107178
client id= 0 ,round= 2 ,epoch= 1 ,client update iteration= 90 ,loss= 1.187515377998352
client id= 0 ,round= 2 ,epoch= 1 ,client update iteration= 100 ,loss= 1.3307008743286133
client id= 0 ,round= 2 ,epoch= 1 ,client update iteration= 110 ,loss= 1.2110915184020996
client id= 0 ,round= 2 ,epoch= 1 ,client update iteration= 120 ,loss= 1.1848840713500977
client id= 0 ,round= 2 ,epoch= 1 ,client update iteration= 130 ,loss= 1.370599389076233
client id= 0 ,round= 2 ,epoch= 1 ,client update iteration= 140 ,loss= 1.5827231407165527
client id= 0 ,round= 2 ,epoch= 1 ,client update iteration= 150 ,loss= 1.483248233795166
client id= 0 ,round= 2 ,epoch= 1 ,client update iteration= 160 ,loss= 1.117287039756775
client id= 0 ,round= 2 ,epoch= 1 ,client update iteration= 170 ,loss= 1.2200870513916016
client id= 0 ,round= 2 ,epoch= 1 ,client update iteration= 180 ,loss= 1.3767132759094238
client id= 0 ,round= 2 ,epoch= 1 ,client update iteration= 190 ,loss= 1.1030884981155396
client id= 0 ,round= 2 ,epoch= 1 ,client update iteration= 200 ,loss= 1.3970507383346558
client id= 0 ,round= 2 ,epoch= 1 ,client update iteration= 210 ,loss= 1.4090337753295898
client id= 0 ,round= 2 ,epoch= 1 ,client update iteration= 220 ,loss= 1.370667576789856
client id= 0 ,round= 2 ,epoch= 1 ,client update iteration= 230 ,loss= 1.137779712677002
client id= 0 ,round= 2 ,epoch= 1 ,client update iteration= 240 ,loss= 1.0760986804962158
client id= 0 ,round= 2 ,epoch= 1 ,client update iteration= 250 ,loss= 1.221186876296997
client id= 0 ,round= 2 ,epoch= 1 ,client update iteration= 260 ,loss= 1.3806908130645752
client id= 0 ,round= 2 ,epoch= 1 ,client update iteration= 270 ,loss= 1.0896821022033691
client id= 0 ,round= 2 ,epoch= 1 ,client update iteration= 280 ,loss= 1.1430367231369019
client id= 0 ,round= 2 ,epoch= 1 ,client update iteration= 290 ,loss= 1.0304161310195923
client id= 0 ,round= 2 ,epoch= 1 ,client update iteration= 300 ,loss= 1.2520800828933716
client id= 0 ,round= 2 ,epoch= 1 ,client update iteration= 310 ,loss= 1.521310806274414
client id= 0 ,round= 2 ,epoch= 1 ,client update iteration= 320 ,loss= 1.2722707986831665
client id= 0 ,round= 2 ,epoch= 1 ,client update iteration= 330 ,loss= 1.2635899782180786
client id= 0 ,round= 2 ,epoch= 1 ,client update iteration= 340 ,loss= 1.0202502012252808
client id= 0 ,round= 2 ,epoch= 1 ,client update iteration= 350 ,loss= 1.201781153678894
client id= 0 ,round= 2 ,epoch= 1 ,client update iteration= 360 ,loss= 1.3585870265960693
client id= 0 ,round= 2 ,epoch= 1 ,client update iteration= 370 ,loss= 1.1507166624069214
client id= 0 ,round= 2 ,epoch= 1 ,client update iteration= 380 ,loss= 1.3682743310928345
client id= 0 ,round= 2 ,epoch= 1 ,client update iteration= 390 ,loss= 1.0008190870285034
******client id  1 ******
client_update start
client id= 1 ,round= 2 ,epoch= 1 ,client update iteration= 10 ,loss= 1.9606878757476807
client id= 1 ,round= 2 ,epoch= 1 ,client update iteration= 20 ,loss= 1.826802134513855
client id= 1 ,round= 2 ,epoch= 1 ,client update iteration= 30 ,loss= 1.531177282333374
client id= 1 ,round= 2 ,epoch= 1 ,client update iteration= 40 ,loss= 1.3966586589813232
client id= 1 ,round= 2 ,epoch= 1 ,client update iteration= 50 ,loss= 1.6635562181472778
client id= 1 ,round= 2 ,epoch= 1 ,client update iteration= 60 ,loss= 1.3885018825531006
client id= 1 ,round= 2 ,epoch= 1 ,client update iteration= 70 ,loss= 1.5569599866867065
client id= 1 ,round= 2 ,epoch= 1 ,client update iteration= 80 ,loss= 1.7060965299606323
client id= 1 ,round= 2 ,epoch= 1 ,client update iteration= 90 ,loss= 1.4876817464828491
client id= 1 ,round= 2 ,epoch= 1 ,client update iteration= 100 ,loss= 1.7275720834732056
client id= 1 ,round= 2 ,epoch= 1 ,client update iteration= 110 ,loss= 1.376145601272583
client id= 1 ,round= 2 ,epoch= 1 ,client update iteration= 120 ,loss= 1.1592767238616943
client id= 1 ,round= 2 ,epoch= 1 ,client update iteration= 130 ,loss= 1.3421438932418823
client id= 1 ,round= 2 ,epoch= 1 ,client update iteration= 140 ,loss= 1.3823434114456177
client id= 1 ,round= 2 ,epoch= 1 ,client update iteration= 150 ,loss= 1.3626883029937744
client id= 1 ,round= 2 ,epoch= 1 ,client update iteration= 160 ,loss= 1.2587172985076904
client id= 1 ,round= 2 ,epoch= 1 ,client update iteration= 170 ,loss= 1.477858304977417
client id= 1 ,round= 2 ,epoch= 1 ,client update iteration= 180 ,loss= 1.267863154411316
client id= 1 ,round= 2 ,epoch= 1 ,client update iteration= 190 ,loss= 1.197660207748413
client id= 1 ,round= 2 ,epoch= 1 ,client update iteration= 200 ,loss= 1.4158179759979248
client id= 1 ,round= 2 ,epoch= 1 ,client update iteration= 210 ,loss= 1.2720149755477905
client id= 1 ,round= 2 ,epoch= 1 ,client update iteration= 220 ,loss= 1.3036829233169556
client id= 1 ,round= 2 ,epoch= 1 ,client update iteration= 230 ,loss= 1.1768131256103516
client id= 1 ,round= 2 ,epoch= 1 ,client update iteration= 240 ,loss= 1.1940786838531494
client id= 1 ,round= 2 ,epoch= 1 ,client update iteration= 250 ,loss= 1.1184015274047852
client id= 1 ,round= 2 ,epoch= 1 ,client update iteration= 260 ,loss= 1.2345441579818726
client id= 1 ,round= 2 ,epoch= 1 ,client update iteration= 270 ,loss= 1.1512678861618042
client id= 1 ,round= 2 ,epoch= 1 ,client update iteration= 280 ,loss= 1.1471959352493286
client id= 1 ,round= 2 ,epoch= 1 ,client update iteration= 290 ,loss= 1.085474967956543
client id= 1 ,round= 2 ,epoch= 1 ,client update iteration= 300 ,loss= 1.0866612195968628
client id= 1 ,round= 2 ,epoch= 1 ,client update iteration= 310 ,loss= 1.3817150592803955
client id= 1 ,round= 2 ,epoch= 1 ,client update iteration= 320 ,loss= 1.1871944665908813
client id= 1 ,round= 2 ,epoch= 1 ,client update iteration= 330 ,loss= 1.3214384317398071
client id= 1 ,round= 2 ,epoch= 1 ,client update iteration= 340 ,loss= 1.0893056392669678
client id= 1 ,round= 2 ,epoch= 1 ,client update iteration= 350 ,loss= 1.1733256578445435
client id= 1 ,round= 2 ,epoch= 1 ,client update iteration= 360 ,loss= 1.0059115886688232
client id= 1 ,round= 2 ,epoch= 1 ,client update iteration= 370 ,loss= 1.5432451963424683
client id= 1 ,round= 2 ,epoch= 1 ,client update iteration= 380 ,loss= 1.3006073236465454
client id= 1 ,round= 2 ,epoch= 1 ,client update iteration= 390 ,loss= 0.9347012639045715
start cal weight time2021-06-30 17:33:33
end cal weight time2021-06-30 17:33:33
layer= 0 ratio= 0.011436135033744679
layer= 1 ratio= 0.013723362040493615
layer= 2 ratio= 0.016468034448592336
layer= 3 ratio= 0.019761641338310806
layer= 4 ratio= 0.023713969605972968
layer= 5 ratio= 0.02845676352716756
layer= 6 ratio= 0.03414811623260107
layer= 7 ratio= 0.04097773947912128
layer= 8 ratio= 0.049173287374945536
layer= 9 ratio= 0.05900794484993465
layer= 10 ratio= 0.07080953381992157
layer= 11 ratio= 0.08497144058390589
layer= 12 ratio= 0.10196572870068706
layer= 13 ratio= 0.12235887444082445
layer= 14 ratio= 0.14683064932898934
layer= 15 ratio= 0.1761967791947872
start add noise2021-06-30 17:33:33
end_add_noise_time2021-06-30 17:33:37
start cal weight time2021-06-30 17:33:37
end cal weight time2021-06-30 17:33:37
layer= 0 ratio= 0.011436135033744679
layer= 1 ratio= 0.013723362040493615
layer= 2 ratio= 0.016468034448592336
layer= 3 ratio= 0.019761641338310806
layer= 4 ratio= 0.023713969605972968
layer= 5 ratio= 0.02845676352716756
layer= 6 ratio= 0.03414811623260107
layer= 7 ratio= 0.04097773947912128
layer= 8 ratio= 0.049173287374945536
layer= 9 ratio= 0.05900794484993465
layer= 10 ratio= 0.07080953381992157
layer= 11 ratio= 0.08497144058390589
layer= 12 ratio= 0.10196572870068706
layer= 13 ratio= 0.12235887444082445
layer= 14 ratio= 0.14683064932898934
layer= 15 ratio= 0.1761967791947872
start add noise2021-06-30 17:33:37
end_add_noise_time2021-06-30 17:33:40
average train loss= 1.3487761045813256
2021-06-30 17:33:49,round 2,val Accuracy Top1: 59.780000 %
2021-06-30 17:33:49,round 2,val Accuracy Top5: 95.800000 %
******client id  0 ******
client_update start
client id= 0 ,round= 3 ,epoch= 1 ,client update iteration= 10 ,loss= 1.5
client id= 0 ,round= 3 ,epoch= 1 ,client update iteration= 20 ,loss= 1.2175883054733276
client id= 0 ,round= 3 ,epoch= 1 ,client update iteration= 30 ,loss= 1.1486326456069946
client id= 0 ,round= 3 ,epoch= 1 ,client update iteration= 40 ,loss= 1.2380293607711792
client id= 0 ,round= 3 ,epoch= 1 ,client update iteration= 50 ,loss= 1.3405299186706543
client id= 0 ,round= 3 ,epoch= 1 ,client update iteration= 60 ,loss= 0.8688674569129944
client id= 0 ,round= 3 ,epoch= 1 ,client update iteration= 70 ,loss= 1.1237967014312744
client id= 0 ,round= 3 ,epoch= 1 ,client update iteration= 80 ,loss= 0.969074547290802
client id= 0 ,round= 3 ,epoch= 1 ,client update iteration= 90 ,loss= 0.9840328097343445
client id= 0 ,round= 3 ,epoch= 1 ,client update iteration= 100 ,loss= 1.2082728147506714
client id= 0 ,round= 3 ,epoch= 1 ,client update iteration= 110 ,loss= 1.116041660308838
client id= 0 ,round= 3 ,epoch= 1 ,client update iteration= 120 ,loss= 1.1193205118179321
client id= 0 ,round= 3 ,epoch= 1 ,client update iteration= 130 ,loss= 1.1451259851455688
client id= 0 ,round= 3 ,epoch= 1 ,client update iteration= 140 ,loss= 0.9576612114906311
client id= 0 ,round= 3 ,epoch= 1 ,client update iteration= 150 ,loss= 1.1963822841644287
client id= 0 ,round= 3 ,epoch= 1 ,client update iteration= 160 ,loss= 1.0172697305679321
client id= 0 ,round= 3 ,epoch= 1 ,client update iteration= 170 ,loss= 0.7945758700370789
client id= 0 ,round= 3 ,epoch= 1 ,client update iteration= 180 ,loss= 0.9981465935707092
client id= 0 ,round= 3 ,epoch= 1 ,client update iteration= 190 ,loss= 1.1130322217941284
client id= 0 ,round= 3 ,epoch= 1 ,client update iteration= 200 ,loss= 0.8345552682876587
client id= 0 ,round= 3 ,epoch= 1 ,client update iteration= 210 ,loss= 1.1465204954147339
client id= 0 ,round= 3 ,epoch= 1 ,client update iteration= 220 ,loss= 1.0332093238830566
client id= 0 ,round= 3 ,epoch= 1 ,client update iteration= 230 ,loss= 1.0983266830444336
client id= 0 ,round= 3 ,epoch= 1 ,client update iteration= 240 ,loss= 1.0562363862991333
client id= 0 ,round= 3 ,epoch= 1 ,client update iteration= 250 ,loss= 1.0969377756118774
client id= 0 ,round= 3 ,epoch= 1 ,client update iteration= 260 ,loss= 0.9499607086181641
client id= 0 ,round= 3 ,epoch= 1 ,client update iteration= 270 ,loss= 1.228982925415039
client id= 0 ,round= 3 ,epoch= 1 ,client update iteration= 280 ,loss= 1.1524920463562012
client id= 0 ,round= 3 ,epoch= 1 ,client update iteration= 290 ,loss= 0.8358620405197144
client id= 0 ,round= 3 ,epoch= 1 ,client update iteration= 300 ,loss= 0.6786550283432007
client id= 0 ,round= 3 ,epoch= 1 ,client update iteration= 310 ,loss= 0.9072027206420898
client id= 0 ,round= 3 ,epoch= 1 ,client update iteration= 320 ,loss= 0.961918830871582
client id= 0 ,round= 3 ,epoch= 1 ,client update iteration= 330 ,loss= 0.8676840662956238
client id= 0 ,round= 3 ,epoch= 1 ,client update iteration= 340 ,loss= 0.7913107872009277
client id= 0 ,round= 3 ,epoch= 1 ,client update iteration= 350 ,loss= 1.0494508743286133
client id= 0 ,round= 3 ,epoch= 1 ,client update iteration= 360 ,loss= 1.2089372873306274
client id= 0 ,round= 3 ,epoch= 1 ,client update iteration= 370 ,loss= 1.0015500783920288
client id= 0 ,round= 3 ,epoch= 1 ,client update iteration= 380 ,loss= 1.0361169576644897
client id= 0 ,round= 3 ,epoch= 1 ,client update iteration= 390 ,loss= 0.8238999247550964
******client id  1 ******
client_update start
client id= 1 ,round= 3 ,epoch= 1 ,client update iteration= 10 ,loss= 1.2443593740463257
client id= 1 ,round= 3 ,epoch= 1 ,client update iteration= 20 ,loss= 1.4490374326705933
client id= 1 ,round= 3 ,epoch= 1 ,client update iteration= 30 ,loss= 1.176591157913208
client id= 1 ,round= 3 ,epoch= 1 ,client update iteration= 40 ,loss= 1.2936266660690308
client id= 1 ,round= 3 ,epoch= 1 ,client update iteration= 50 ,loss= 0.9858639240264893
client id= 1 ,round= 3 ,epoch= 1 ,client update iteration= 60 ,loss= 0.994872510433197
client id= 1 ,round= 3 ,epoch= 1 ,client update iteration= 70 ,loss= 1.2108075618743896
client id= 1 ,round= 3 ,epoch= 1 ,client update iteration= 80 ,loss= 1.1132402420043945
client id= 1 ,round= 3 ,epoch= 1 ,client update iteration= 90 ,loss= 1.206925630569458
client id= 1 ,round= 3 ,epoch= 1 ,client update iteration= 100 ,loss= 1.0324835777282715
client id= 1 ,round= 3 ,epoch= 1 ,client update iteration= 110 ,loss= 1.3665459156036377
client id= 1 ,round= 3 ,epoch= 1 ,client update iteration= 120 ,loss= 1.35679030418396
client id= 1 ,round= 3 ,epoch= 1 ,client update iteration= 130 ,loss= 0.920203685760498
client id= 1 ,round= 3 ,epoch= 1 ,client update iteration= 140 ,loss= 0.9470236897468567
client id= 1 ,round= 3 ,epoch= 1 ,client update iteration= 150 ,loss= 0.9129138588905334
client id= 1 ,round= 3 ,epoch= 1 ,client update iteration= 160 ,loss= 1.5248849391937256
client id= 1 ,round= 3 ,epoch= 1 ,client update iteration= 170 ,loss= 1.0786117315292358
client id= 1 ,round= 3 ,epoch= 1 ,client update iteration= 180 ,loss= 0.8693920969963074
client id= 1 ,round= 3 ,epoch= 1 ,client update iteration= 190 ,loss= 0.8128320574760437
client id= 1 ,round= 3 ,epoch= 1 ,client update iteration= 200 ,loss= 1.0831243991851807
client id= 1 ,round= 3 ,epoch= 1 ,client update iteration= 210 ,loss= 1.0289407968521118
client id= 1 ,round= 3 ,epoch= 1 ,client update iteration= 220 ,loss= 1.1089195013046265
client id= 1 ,round= 3 ,epoch= 1 ,client update iteration= 230 ,loss= 1.1902859210968018
client id= 1 ,round= 3 ,epoch= 1 ,client update iteration= 240 ,loss= 0.9868812561035156
client id= 1 ,round= 3 ,epoch= 1 ,client update iteration= 250 ,loss= 1.0581914186477661
client id= 1 ,round= 3 ,epoch= 1 ,client update iteration= 260 ,loss= 0.8513557314872742
client id= 1 ,round= 3 ,epoch= 1 ,client update iteration= 270 ,loss= 0.8690893054008484
client id= 1 ,round= 3 ,epoch= 1 ,client update iteration= 280 ,loss= 1.2366859912872314
client id= 1 ,round= 3 ,epoch= 1 ,client update iteration= 290 ,loss= 1.004907250404358
client id= 1 ,round= 3 ,epoch= 1 ,client update iteration= 300 ,loss= 1.0237946510314941
client id= 1 ,round= 3 ,epoch= 1 ,client update iteration= 310 ,loss= 0.9158226847648621
client id= 1 ,round= 3 ,epoch= 1 ,client update iteration= 320 ,loss= 0.9529011249542236
client id= 1 ,round= 3 ,epoch= 1 ,client update iteration= 330 ,loss= 0.8041055798530579
client id= 1 ,round= 3 ,epoch= 1 ,client update iteration= 340 ,loss= 0.7699522972106934
client id= 1 ,round= 3 ,epoch= 1 ,client update iteration= 350 ,loss= 0.8582021594047546
client id= 1 ,round= 3 ,epoch= 1 ,client update iteration= 360 ,loss= 0.880786120891571
client id= 1 ,round= 3 ,epoch= 1 ,client update iteration= 370 ,loss= 1.4306318759918213
client id= 1 ,round= 3 ,epoch= 1 ,client update iteration= 380 ,loss= 0.6187252998352051
client id= 1 ,round= 3 ,epoch= 1 ,client update iteration= 390 ,loss= 1.1469519138336182
start cal weight time2021-06-30 17:36:15
end cal weight time2021-06-30 17:36:15
layer= 0 ratio= 0.011436135033744679
layer= 1 ratio= 0.013723362040493615
layer= 2 ratio= 0.016468034448592336
layer= 3 ratio= 0.019761641338310806
layer= 4 ratio= 0.023713969605972968
layer= 5 ratio= 0.02845676352716756
layer= 6 ratio= 0.03414811623260107
layer= 7 ratio= 0.04097773947912128
layer= 8 ratio= 0.049173287374945536
layer= 9 ratio= 0.05900794484993465
layer= 10 ratio= 0.07080953381992157
layer= 11 ratio= 0.08497144058390589
layer= 12 ratio= 0.10196572870068706
layer= 13 ratio= 0.12235887444082445
layer= 14 ratio= 0.14683064932898934
layer= 15 ratio= 0.1761967791947872
start add noise2021-06-30 17:36:15
end_add_noise_time2021-06-30 17:36:19
start cal weight time2021-06-30 17:36:19
end cal weight time2021-06-30 17:36:19
layer= 0 ratio= 0.011436135033744679
layer= 1 ratio= 0.013723362040493615
layer= 2 ratio= 0.016468034448592336
layer= 3 ratio= 0.019761641338310806
layer= 4 ratio= 0.023713969605972968
layer= 5 ratio= 0.02845676352716756
layer= 6 ratio= 0.03414811623260107
layer= 7 ratio= 0.04097773947912128
layer= 8 ratio= 0.049173287374945536
layer= 9 ratio= 0.05900794484993465
layer= 10 ratio= 0.07080953381992157
layer= 11 ratio= 0.08497144058390589
layer= 12 ratio= 0.10196572870068706
layer= 13 ratio= 0.12235887444082445
layer= 14 ratio= 0.14683064932898934
layer= 15 ratio= 0.1761967791947872
start add noise2021-06-30 17:36:19
end_add_noise_time2021-06-30 17:36:23
average train loss= 1.0545190576549686
2021-06-30 17:36:32,round 3,val Accuracy Top1: 66.240000 %
2021-06-30 17:36:32,round 3,val Accuracy Top5: 97.010000 %
******client id  0 ******
client_update start
client id= 0 ,round= 4 ,epoch= 1 ,client update iteration= 10 ,loss= 1.2165075540542603
client id= 0 ,round= 4 ,epoch= 1 ,client update iteration= 20 ,loss= 1.1848214864730835
client id= 0 ,round= 4 ,epoch= 1 ,client update iteration= 30 ,loss= 1.0173933506011963
client id= 0 ,round= 4 ,epoch= 1 ,client update iteration= 40 ,loss= 1.029179573059082
client id= 0 ,round= 4 ,epoch= 1 ,client update iteration= 50 ,loss= 0.95574551820755
client id= 0 ,round= 4 ,epoch= 1 ,client update iteration= 60 ,loss= 0.9310420155525208
client id= 0 ,round= 4 ,epoch= 1 ,client update iteration= 70 ,loss= 0.9843125343322754
client id= 0 ,round= 4 ,epoch= 1 ,client update iteration= 80 ,loss= 0.9726792573928833
client id= 0 ,round= 4 ,epoch= 1 ,client update iteration= 90 ,loss= 0.9799521565437317
client id= 0 ,round= 4 ,epoch= 1 ,client update iteration= 100 ,loss= 0.9963295459747314
client id= 0 ,round= 4 ,epoch= 1 ,client update iteration= 110 ,loss= 1.0478514432907104
client id= 0 ,round= 4 ,epoch= 1 ,client update iteration= 120 ,loss= 1.0512404441833496
client id= 0 ,round= 4 ,epoch= 1 ,client update iteration= 130 ,loss= 1.1236507892608643
client id= 0 ,round= 4 ,epoch= 1 ,client update iteration= 140 ,loss= 1.2027404308319092
client id= 0 ,round= 4 ,epoch= 1 ,client update iteration= 150 ,loss= 1.139338731765747
client id= 0 ,round= 4 ,epoch= 1 ,client update iteration= 160 ,loss= 0.9637584090232849
client id= 0 ,round= 4 ,epoch= 1 ,client update iteration= 170 ,loss= 0.7970758080482483
client id= 0 ,round= 4 ,epoch= 1 ,client update iteration= 180 ,loss= 0.7782720327377319
client id= 0 ,round= 4 ,epoch= 1 ,client update iteration= 190 ,loss= 0.7620737552642822
client id= 0 ,round= 4 ,epoch= 1 ,client update iteration= 200 ,loss= 1.0154049396514893
client id= 0 ,round= 4 ,epoch= 1 ,client update iteration= 210 ,loss= 0.6461523771286011
client id= 0 ,round= 4 ,epoch= 1 ,client update iteration= 220 ,loss= 0.841758131980896
client id= 0 ,round= 4 ,epoch= 1 ,client update iteration= 230 ,loss= 1.0307613611221313
client id= 0 ,round= 4 ,epoch= 1 ,client update iteration= 240 ,loss= 0.9923120141029358
client id= 0 ,round= 4 ,epoch= 1 ,client update iteration= 250 ,loss= 0.6887641549110413
client id= 0 ,round= 4 ,epoch= 1 ,client update iteration= 260 ,loss= 0.8665366172790527
client id= 0 ,round= 4 ,epoch= 1 ,client update iteration= 270 ,loss= 0.9891008138656616
client id= 0 ,round= 4 ,epoch= 1 ,client update iteration= 280 ,loss= 0.8004051446914673
client id= 0 ,round= 4 ,epoch= 1 ,client update iteration= 290 ,loss= 0.7624015212059021
client id= 0 ,round= 4 ,epoch= 1 ,client update iteration= 300 ,loss= 0.8800990581512451
client id= 0 ,round= 4 ,epoch= 1 ,client update iteration= 310 ,loss= 0.8787028193473816
client id= 0 ,round= 4 ,epoch= 1 ,client update iteration= 320 ,loss= 0.8353634476661682
client id= 0 ,round= 4 ,epoch= 1 ,client update iteration= 330 ,loss= 1.0002906322479248
client id= 0 ,round= 4 ,epoch= 1 ,client update iteration= 340 ,loss= 0.8993108868598938
client id= 0 ,round= 4 ,epoch= 1 ,client update iteration= 350 ,loss= 0.8869139552116394
client id= 0 ,round= 4 ,epoch= 1 ,client update iteration= 360 ,loss= 0.8880532383918762
client id= 0 ,round= 4 ,epoch= 1 ,client update iteration= 370 ,loss= 0.8361587524414062
client id= 0 ,round= 4 ,epoch= 1 ,client update iteration= 380 ,loss= 0.6863510608673096
client id= 0 ,round= 4 ,epoch= 1 ,client update iteration= 390 ,loss= 0.8733159303665161
******client id  1 ******
client_update start
client id= 1 ,round= 4 ,epoch= 1 ,client update iteration= 10 ,loss= 0.7920831441879272
client id= 1 ,round= 4 ,epoch= 1 ,client update iteration= 20 ,loss= 1.131242036819458
client id= 1 ,round= 4 ,epoch= 1 ,client update iteration= 30 ,loss= 0.9921837449073792
client id= 1 ,round= 4 ,epoch= 1 ,client update iteration= 40 ,loss= 1.0423082113265991
client id= 1 ,round= 4 ,epoch= 1 ,client update iteration= 50 ,loss= 0.872924268245697
client id= 1 ,round= 4 ,epoch= 1 ,client update iteration= 60 ,loss= 0.9540919661521912
client id= 1 ,round= 4 ,epoch= 1 ,client update iteration= 70 ,loss= 1.1497130393981934
client id= 1 ,round= 4 ,epoch= 1 ,client update iteration= 80 ,loss= 1.1303445100784302
client id= 1 ,round= 4 ,epoch= 1 ,client update iteration= 90 ,loss= 1.0591553449630737
client id= 1 ,round= 4 ,epoch= 1 ,client update iteration= 100 ,loss= 0.8113882541656494
client id= 1 ,round= 4 ,epoch= 1 ,client update iteration= 110 ,loss= 0.7352855205535889
client id= 1 ,round= 4 ,epoch= 1 ,client update iteration= 120 ,loss= 1.1729583740234375
client id= 1 ,round= 4 ,epoch= 1 ,client update iteration= 130 ,loss= 0.9488235116004944
client id= 1 ,round= 4 ,epoch= 1 ,client update iteration= 140 ,loss= 0.9796010255813599
client id= 1 ,round= 4 ,epoch= 1 ,client update iteration= 150 ,loss= 0.962288498878479
client id= 1 ,round= 4 ,epoch= 1 ,client update iteration= 160 ,loss= 0.859843373298645
client id= 1 ,round= 4 ,epoch= 1 ,client update iteration= 170 ,loss= 1.0740504264831543
client id= 1 ,round= 4 ,epoch= 1 ,client update iteration= 180 ,loss= 0.7721742391586304
client id= 1 ,round= 4 ,epoch= 1 ,client update iteration= 190 ,loss= 1.0040035247802734
client id= 1 ,round= 4 ,epoch= 1 ,client update iteration= 200 ,loss= 0.9576086401939392
client id= 1 ,round= 4 ,epoch= 1 ,client update iteration= 210 ,loss= 0.866929829120636
client id= 1 ,round= 4 ,epoch= 1 ,client update iteration= 220 ,loss= 0.9169375896453857
client id= 1 ,round= 4 ,epoch= 1 ,client update iteration= 230 ,loss= 1.113883376121521
client id= 1 ,round= 4 ,epoch= 1 ,client update iteration= 240 ,loss= 0.9226571321487427
client id= 1 ,round= 4 ,epoch= 1 ,client update iteration= 250 ,loss= 0.8973783254623413
client id= 1 ,round= 4 ,epoch= 1 ,client update iteration= 260 ,loss= 0.905358076095581
client id= 1 ,round= 4 ,epoch= 1 ,client update iteration= 270 ,loss= 1.0092761516571045
client id= 1 ,round= 4 ,epoch= 1 ,client update iteration= 280 ,loss= 0.8591257333755493
client id= 1 ,round= 4 ,epoch= 1 ,client update iteration= 290 ,loss= 0.8865816593170166
client id= 1 ,round= 4 ,epoch= 1 ,client update iteration= 300 ,loss= 0.9555168151855469
client id= 1 ,round= 4 ,epoch= 1 ,client update iteration= 310 ,loss= 0.9021874666213989
client id= 1 ,round= 4 ,epoch= 1 ,client update iteration= 320 ,loss= 0.553824245929718
client id= 1 ,round= 4 ,epoch= 1 ,client update iteration= 330 ,loss= 0.9484877586364746
client id= 1 ,round= 4 ,epoch= 1 ,client update iteration= 340 ,loss= 0.7690959572792053
client id= 1 ,round= 4 ,epoch= 1 ,client update iteration= 350 ,loss= 0.9292919635772705
client id= 1 ,round= 4 ,epoch= 1 ,client update iteration= 360 ,loss= 1.0102391242980957
client id= 1 ,round= 4 ,epoch= 1 ,client update iteration= 370 ,loss= 0.8537977337837219
client id= 1 ,round= 4 ,epoch= 1 ,client update iteration= 380 ,loss= 0.7310500741004944
client id= 1 ,round= 4 ,epoch= 1 ,client update iteration= 390 ,loss= 0.7886390089988708
start cal weight time2021-06-30 17:38:58
end cal weight time2021-06-30 17:38:58
layer= 0 ratio= 0.011436135033744679
layer= 1 ratio= 0.013723362040493615
layer= 2 ratio= 0.016468034448592336
layer= 3 ratio= 0.019761641338310806
layer= 4 ratio= 0.023713969605972968
layer= 5 ratio= 0.02845676352716756
layer= 6 ratio= 0.03414811623260107
layer= 7 ratio= 0.04097773947912128
layer= 8 ratio= 0.049173287374945536
layer= 9 ratio= 0.05900794484993465
layer= 10 ratio= 0.07080953381992157
layer= 11 ratio= 0.08497144058390589
layer= 12 ratio= 0.10196572870068706
layer= 13 ratio= 0.12235887444082445
layer= 14 ratio= 0.14683064932898934
layer= 15 ratio= 0.1761967791947872
start add noise2021-06-30 17:38:58
end_add_noise_time2021-06-30 17:39:01
start cal weight time2021-06-30 17:39:01
end cal weight time2021-06-30 17:39:01
layer= 0 ratio= 0.011436135033744679
layer= 1 ratio= 0.013723362040493615
layer= 2 ratio= 0.016468034448592336
layer= 3 ratio= 0.019761641338310806
layer= 4 ratio= 0.023713969605972968
layer= 5 ratio= 0.02845676352716756
layer= 6 ratio= 0.03414811623260107
layer= 7 ratio= 0.04097773947912128
layer= 8 ratio= 0.049173287374945536
layer= 9 ratio= 0.05900794484993465
layer= 10 ratio= 0.07080953381992157
layer= 11 ratio= 0.08497144058390589
layer= 12 ratio= 0.10196572870068706
layer= 13 ratio= 0.12235887444082445
layer= 14 ratio= 0.14683064932898934
layer= 15 ratio= 0.1761967791947872
start add noise2021-06-30 17:39:01
end_add_noise_time2021-06-30 17:39:05
average train loss= 0.9134361807952451
2021-06-30 17:39:14,round 4,val Accuracy Top1: 65.600000 %
2021-06-30 17:39:14,round 4,val Accuracy Top5: 96.420000 %
******client id  0 ******
client_update start
client id= 0 ,round= 5 ,epoch= 1 ,client update iteration= 10 ,loss= 1.0620899200439453
client id= 0 ,round= 5 ,epoch= 1 ,client update iteration= 20 ,loss= 0.8856183886528015
client id= 0 ,round= 5 ,epoch= 1 ,client update iteration= 30 ,loss= 0.9431758522987366
client id= 0 ,round= 5 ,epoch= 1 ,client update iteration= 40 ,loss= 0.9490705728530884
client id= 0 ,round= 5 ,epoch= 1 ,client update iteration= 50 ,loss= 0.8833683133125305
client id= 0 ,round= 5 ,epoch= 1 ,client update iteration= 60 ,loss= 1.1642926931381226
client id= 0 ,round= 5 ,epoch= 1 ,client update iteration= 70 ,loss= 0.8758223652839661
client id= 0 ,round= 5 ,epoch= 1 ,client update iteration= 80 ,loss= 1.0936241149902344
client id= 0 ,round= 5 ,epoch= 1 ,client update iteration= 90 ,loss= 0.8125776052474976
client id= 0 ,round= 5 ,epoch= 1 ,client update iteration= 100 ,loss= 1.000576376914978
client id= 0 ,round= 5 ,epoch= 1 ,client update iteration= 110 ,loss= 0.8368709683418274
client id= 0 ,round= 5 ,epoch= 1 ,client update iteration= 120 ,loss= 1.2284072637557983
client id= 0 ,round= 5 ,epoch= 1 ,client update iteration= 130 ,loss= 1.0732706785202026
client id= 0 ,round= 5 ,epoch= 1 ,client update iteration= 140 ,loss= 0.9527787566184998
client id= 0 ,round= 5 ,epoch= 1 ,client update iteration= 150 ,loss= 0.9511627554893494
client id= 0 ,round= 5 ,epoch= 1 ,client update iteration= 160 ,loss= 0.6044946312904358
client id= 0 ,round= 5 ,epoch= 1 ,client update iteration= 170 ,loss= 1.0046648979187012
client id= 0 ,round= 5 ,epoch= 1 ,client update iteration= 180 ,loss= 0.973955512046814
client id= 0 ,round= 5 ,epoch= 1 ,client update iteration= 190 ,loss= 0.8583880066871643
client id= 0 ,round= 5 ,epoch= 1 ,client update iteration= 200 ,loss= 0.8716169595718384
client id= 0 ,round= 5 ,epoch= 1 ,client update iteration= 210 ,loss= 0.6461148262023926
client id= 0 ,round= 5 ,epoch= 1 ,client update iteration= 220 ,loss= 0.6482018232345581
client id= 0 ,round= 5 ,epoch= 1 ,client update iteration= 230 ,loss= 0.6395122408866882
client id= 0 ,round= 5 ,epoch= 1 ,client update iteration= 240 ,loss= 1.069616436958313
client id= 0 ,round= 5 ,epoch= 1 ,client update iteration= 250 ,loss= 0.9388539791107178
client id= 0 ,round= 5 ,epoch= 1 ,client update iteration= 260 ,loss= 0.7335450649261475
client id= 0 ,round= 5 ,epoch= 1 ,client update iteration= 270 ,loss= 0.7288410663604736
client id= 0 ,round= 5 ,epoch= 1 ,client update iteration= 280 ,loss= 0.8888707756996155
client id= 0 ,round= 5 ,epoch= 1 ,client update iteration= 290 ,loss= 0.8327449560165405
client id= 0 ,round= 5 ,epoch= 1 ,client update iteration= 300 ,loss= 0.9655188918113708
client id= 0 ,round= 5 ,epoch= 1 ,client update iteration= 310 ,loss= 0.8945923447608948
client id= 0 ,round= 5 ,epoch= 1 ,client update iteration= 320 ,loss= 0.7616550326347351
client id= 0 ,round= 5 ,epoch= 1 ,client update iteration= 330 ,loss= 1.0027996301651
client id= 0 ,round= 5 ,epoch= 1 ,client update iteration= 340 ,loss= 1.1028563976287842
client id= 0 ,round= 5 ,epoch= 1 ,client update iteration= 350 ,loss= 0.7524285912513733
client id= 0 ,round= 5 ,epoch= 1 ,client update iteration= 360 ,loss= 0.9182636141777039
client id= 0 ,round= 5 ,epoch= 1 ,client update iteration= 370 ,loss= 0.7817689180374146
client id= 0 ,round= 5 ,epoch= 1 ,client update iteration= 380 ,loss= 0.8844812512397766
client id= 0 ,round= 5 ,epoch= 1 ,client update iteration= 390 ,loss= 1.2179111242294312
******client id  1 ******
client_update start
client id= 1 ,round= 5 ,epoch= 1 ,client update iteration= 10 ,loss= 1.301613688468933
client id= 1 ,round= 5 ,epoch= 1 ,client update iteration= 20 ,loss= 0.9366999268531799
client id= 1 ,round= 5 ,epoch= 1 ,client update iteration= 30 ,loss= 1.1058603525161743
client id= 1 ,round= 5 ,epoch= 1 ,client update iteration= 40 ,loss= 0.8415168523788452
client id= 1 ,round= 5 ,epoch= 1 ,client update iteration= 50 ,loss= 1.1354243755340576
client id= 1 ,round= 5 ,epoch= 1 ,client update iteration= 60 ,loss= 0.9212671518325806
client id= 1 ,round= 5 ,epoch= 1 ,client update iteration= 70 ,loss= 1.001695990562439
client id= 1 ,round= 5 ,epoch= 1 ,client update iteration= 80 ,loss= 0.890247106552124
client id= 1 ,round= 5 ,epoch= 1 ,client update iteration= 90 ,loss= 0.8253089189529419
client id= 1 ,round= 5 ,epoch= 1 ,client update iteration= 100 ,loss= 0.8181527256965637
client id= 1 ,round= 5 ,epoch= 1 ,client update iteration= 110 ,loss= 0.869637668132782
client id= 1 ,round= 5 ,epoch= 1 ,client update iteration= 120 ,loss= 0.9806666374206543
client id= 1 ,round= 5 ,epoch= 1 ,client update iteration= 130 ,loss= 0.8879908323287964
client id= 1 ,round= 5 ,epoch= 1 ,client update iteration= 140 ,loss= 0.8498069047927856
client id= 1 ,round= 5 ,epoch= 1 ,client update iteration= 150 ,loss= 1.0111796855926514
client id= 1 ,round= 5 ,epoch= 1 ,client update iteration= 160 ,loss= 0.7693726420402527
client id= 1 ,round= 5 ,epoch= 1 ,client update iteration= 170 ,loss= 1.0866507291793823
client id= 1 ,round= 5 ,epoch= 1 ,client update iteration= 180 ,loss= 0.7613338232040405
client id= 1 ,round= 5 ,epoch= 1 ,client update iteration= 190 ,loss= 0.9794058203697205
client id= 1 ,round= 5 ,epoch= 1 ,client update iteration= 200 ,loss= 0.9296020865440369
client id= 1 ,round= 5 ,epoch= 1 ,client update iteration= 210 ,loss= 0.8526454567909241
client id= 1 ,round= 5 ,epoch= 1 ,client update iteration= 220 ,loss= 0.6666269302368164
client id= 1 ,round= 5 ,epoch= 1 ,client update iteration= 230 ,loss= 0.9144032001495361
client id= 1 ,round= 5 ,epoch= 1 ,client update iteration= 240 ,loss= 1.0698609352111816
client id= 1 ,round= 5 ,epoch= 1 ,client update iteration= 250 ,loss= 0.6808580160140991
client id= 1 ,round= 5 ,epoch= 1 ,client update iteration= 260 ,loss= 0.9665306210517883
client id= 1 ,round= 5 ,epoch= 1 ,client update iteration= 270 ,loss= 0.9056892991065979
client id= 1 ,round= 5 ,epoch= 1 ,client update iteration= 280 ,loss= 0.8137513399124146
client id= 1 ,round= 5 ,epoch= 1 ,client update iteration= 290 ,loss= 0.7987781763076782
client id= 1 ,round= 5 ,epoch= 1 ,client update iteration= 300 ,loss= 0.7107678055763245
client id= 1 ,round= 5 ,epoch= 1 ,client update iteration= 310 ,loss= 0.9509382843971252
client id= 1 ,round= 5 ,epoch= 1 ,client update iteration= 320 ,loss= 0.9113075733184814
client id= 1 ,round= 5 ,epoch= 1 ,client update iteration= 330 ,loss= 0.8062599301338196
client id= 1 ,round= 5 ,epoch= 1 ,client update iteration= 340 ,loss= 1.0577607154846191
client id= 1 ,round= 5 ,epoch= 1 ,client update iteration= 350 ,loss= 0.7938858270645142
client id= 1 ,round= 5 ,epoch= 1 ,client update iteration= 360 ,loss= 0.7110592126846313
client id= 1 ,round= 5 ,epoch= 1 ,client update iteration= 370 ,loss= 0.998266875743866
client id= 1 ,round= 5 ,epoch= 1 ,client update iteration= 380 ,loss= 0.9355168342590332
client id= 1 ,round= 5 ,epoch= 1 ,client update iteration= 390 ,loss= 0.5829382538795471
start cal weight time2021-06-30 17:41:39
end cal weight time2021-06-30 17:41:39
layer= 0 ratio= 0.011436135033744679
layer= 1 ratio= 0.013723362040493615
layer= 2 ratio= 0.016468034448592336
layer= 3 ratio= 0.019761641338310806
layer= 4 ratio= 0.023713969605972968
layer= 5 ratio= 0.02845676352716756
layer= 6 ratio= 0.03414811623260107
layer= 7 ratio= 0.04097773947912128
layer= 8 ratio= 0.049173287374945536
layer= 9 ratio= 0.05900794484993465
layer= 10 ratio= 0.07080953381992157
layer= 11 ratio= 0.08497144058390589
layer= 12 ratio= 0.10196572870068706
layer= 13 ratio= 0.12235887444082445
layer= 14 ratio= 0.14683064932898934
layer= 15 ratio= 0.1761967791947872
start add noise2021-06-30 17:41:39
end_add_noise_time2021-06-30 17:41:43
start cal weight time2021-06-30 17:41:43
end cal weight time2021-06-30 17:41:43
layer= 0 ratio= 0.011436135033744679
layer= 1 ratio= 0.013723362040493615
layer= 2 ratio= 0.016468034448592336
layer= 3 ratio= 0.019761641338310806
layer= 4 ratio= 0.023713969605972968
layer= 5 ratio= 0.02845676352716756
layer= 6 ratio= 0.03414811623260107
layer= 7 ratio= 0.04097773947912128
layer= 8 ratio= 0.049173287374945536
layer= 9 ratio= 0.05900794484993465
layer= 10 ratio= 0.07080953381992157
layer= 11 ratio= 0.08497144058390589
layer= 12 ratio= 0.10196572870068706
layer= 13 ratio= 0.12235887444082445
layer= 14 ratio= 0.14683064932898934
layer= 15 ratio= 0.1761967791947872
start add noise2021-06-30 17:41:43
end_add_noise_time2021-06-30 17:41:46
average train loss= 0.9015619966685009
2021-06-30 17:41:55,round 5,val Accuracy Top1: 65.880000 %
2021-06-30 17:41:55,round 5,val Accuracy Top5: 96.690000 %
******client id  0 ******
client_update start
client id= 0 ,round= 6 ,epoch= 1 ,client update iteration= 10 ,loss= 1.5251425504684448
client id= 0 ,round= 6 ,epoch= 1 ,client update iteration= 20 ,loss= 1.2583380937576294
client id= 0 ,round= 6 ,epoch= 1 ,client update iteration= 30 ,loss= 0.8483184576034546
client id= 0 ,round= 6 ,epoch= 1 ,client update iteration= 40 ,loss= 0.9474847912788391
client id= 0 ,round= 6 ,epoch= 1 ,client update iteration= 50 ,loss= 1.2503714561462402
client id= 0 ,round= 6 ,epoch= 1 ,client update iteration= 60 ,loss= 1.0512446165084839
client id= 0 ,round= 6 ,epoch= 1 ,client update iteration= 70 ,loss= 0.7964743971824646
client id= 0 ,round= 6 ,epoch= 1 ,client update iteration= 80 ,loss= 0.8899164795875549
client id= 0 ,round= 6 ,epoch= 1 ,client update iteration= 90 ,loss= 0.8023778796195984
client id= 0 ,round= 6 ,epoch= 1 ,client update iteration= 100 ,loss= 1.0231090784072876
client id= 0 ,round= 6 ,epoch= 1 ,client update iteration= 110 ,loss= 0.9800086617469788
client id= 0 ,round= 6 ,epoch= 1 ,client update iteration= 120 ,loss= 1.0883395671844482
client id= 0 ,round= 6 ,epoch= 1 ,client update iteration= 130 ,loss= 0.7956764101982117
client id= 0 ,round= 6 ,epoch= 1 ,client update iteration= 140 ,loss= 1.1756560802459717
client id= 0 ,round= 6 ,epoch= 1 ,client update iteration= 150 ,loss= 0.9529541730880737
client id= 0 ,round= 6 ,epoch= 1 ,client update iteration= 160 ,loss= 1.0797302722930908
client id= 0 ,round= 6 ,epoch= 1 ,client update iteration= 170 ,loss= 1.0128382444381714
client id= 0 ,round= 6 ,epoch= 1 ,client update iteration= 180 ,loss= 0.8242306113243103
client id= 0 ,round= 6 ,epoch= 1 ,client update iteration= 190 ,loss= 0.6250314712524414
client id= 0 ,round= 6 ,epoch= 1 ,client update iteration= 200 ,loss= 0.898402750492096
client id= 0 ,round= 6 ,epoch= 1 ,client update iteration= 210 ,loss= 0.9126561284065247
client id= 0 ,round= 6 ,epoch= 1 ,client update iteration= 220 ,loss= 0.7244096398353577
client id= 0 ,round= 6 ,epoch= 1 ,client update iteration= 230 ,loss= 0.8082935214042664
client id= 0 ,round= 6 ,epoch= 1 ,client update iteration= 240 ,loss= 0.8507378101348877
client id= 0 ,round= 6 ,epoch= 1 ,client update iteration= 250 ,loss= 0.8322040438652039
client id= 0 ,round= 6 ,epoch= 1 ,client update iteration= 260 ,loss= 0.5774692893028259
client id= 0 ,round= 6 ,epoch= 1 ,client update iteration= 270 ,loss= 0.8188735842704773
client id= 0 ,round= 6 ,epoch= 1 ,client update iteration= 280 ,loss= 0.6169823408126831
client id= 0 ,round= 6 ,epoch= 1 ,client update iteration= 290 ,loss= 0.6538171768188477
client id= 0 ,round= 6 ,epoch= 1 ,client update iteration= 300 ,loss= 1.025583028793335
client id= 0 ,round= 6 ,epoch= 1 ,client update iteration= 310 ,loss= 0.6869130730628967
client id= 0 ,round= 6 ,epoch= 1 ,client update iteration= 320 ,loss= 0.7100317478179932
client id= 0 ,round= 6 ,epoch= 1 ,client update iteration= 330 ,loss= 0.7377354502677917
client id= 0 ,round= 6 ,epoch= 1 ,client update iteration= 340 ,loss= 0.7446441650390625
client id= 0 ,round= 6 ,epoch= 1 ,client update iteration= 350 ,loss= 0.8156635761260986
client id= 0 ,round= 6 ,epoch= 1 ,client update iteration= 360 ,loss= 0.6780365109443665
client id= 0 ,round= 6 ,epoch= 1 ,client update iteration= 370 ,loss= 0.6146500110626221
client id= 0 ,round= 6 ,epoch= 1 ,client update iteration= 380 ,loss= 0.8793192505836487
client id= 0 ,round= 6 ,epoch= 1 ,client update iteration= 390 ,loss= 0.7278532981872559
******client id  1 ******
client_update start
client id= 1 ,round= 6 ,epoch= 1 ,client update iteration= 10 ,loss= 1.3290512561798096
client id= 1 ,round= 6 ,epoch= 1 ,client update iteration= 20 ,loss= 1.1145730018615723
client id= 1 ,round= 6 ,epoch= 1 ,client update iteration= 30 ,loss= 0.8873667120933533
client id= 1 ,round= 6 ,epoch= 1 ,client update iteration= 40 ,loss= 1.1928255558013916
client id= 1 ,round= 6 ,epoch= 1 ,client update iteration= 50 ,loss= 0.8679214715957642
client id= 1 ,round= 6 ,epoch= 1 ,client update iteration= 60 ,loss= 0.8872014880180359
client id= 1 ,round= 6 ,epoch= 1 ,client update iteration= 70 ,loss= 1.167121171951294
client id= 1 ,round= 6 ,epoch= 1 ,client update iteration= 80 ,loss= 1.051683783531189
client id= 1 ,round= 6 ,epoch= 1 ,client update iteration= 90 ,loss= 1.1342391967773438
client id= 1 ,round= 6 ,epoch= 1 ,client update iteration= 100 ,loss= 1.0278722047805786
client id= 1 ,round= 6 ,epoch= 1 ,client update iteration= 110 ,loss= 0.7576841711997986
client id= 1 ,round= 6 ,epoch= 1 ,client update iteration= 120 ,loss= 0.91731858253479
client id= 1 ,round= 6 ,epoch= 1 ,client update iteration= 130 ,loss= 0.8113124966621399
client id= 1 ,round= 6 ,epoch= 1 ,client update iteration= 140 ,loss= 1.1750760078430176
client id= 1 ,round= 6 ,epoch= 1 ,client update iteration= 150 ,loss= 1.1852198839187622
client id= 1 ,round= 6 ,epoch= 1 ,client update iteration= 160 ,loss= 0.9406444430351257
client id= 1 ,round= 6 ,epoch= 1 ,client update iteration= 170 ,loss= 0.8019588589668274
client id= 1 ,round= 6 ,epoch= 1 ,client update iteration= 180 ,loss= 0.860744059085846
client id= 1 ,round= 6 ,epoch= 1 ,client update iteration= 190 ,loss= 0.6490444540977478
client id= 1 ,round= 6 ,epoch= 1 ,client update iteration= 200 ,loss= 0.706253707408905
client id= 1 ,round= 6 ,epoch= 1 ,client update iteration= 210 ,loss= 0.7984493374824524
client id= 1 ,round= 6 ,epoch= 1 ,client update iteration= 220 ,loss= 1.0954325199127197
client id= 1 ,round= 6 ,epoch= 1 ,client update iteration= 230 ,loss= 0.855697751045227
client id= 1 ,round= 6 ,epoch= 1 ,client update iteration= 240 ,loss= 0.9786628484725952
client id= 1 ,round= 6 ,epoch= 1 ,client update iteration= 250 ,loss= 0.8116312623023987
client id= 1 ,round= 6 ,epoch= 1 ,client update iteration= 260 ,loss= 0.8802506923675537
client id= 1 ,round= 6 ,epoch= 1 ,client update iteration= 270 ,loss= 0.8516331911087036
client id= 1 ,round= 6 ,epoch= 1 ,client update iteration= 280 ,loss= 1.0882363319396973
client id= 1 ,round= 6 ,epoch= 1 ,client update iteration= 290 ,loss= 0.8864859938621521
client id= 1 ,round= 6 ,epoch= 1 ,client update iteration= 300 ,loss= 0.8979294896125793
client id= 1 ,round= 6 ,epoch= 1 ,client update iteration= 310 ,loss= 0.9427931308746338
client id= 1 ,round= 6 ,epoch= 1 ,client update iteration= 320 ,loss= 1.1316865682601929
client id= 1 ,round= 6 ,epoch= 1 ,client update iteration= 330 ,loss= 0.9071208238601685
client id= 1 ,round= 6 ,epoch= 1 ,client update iteration= 340 ,loss= 1.1057701110839844
client id= 1 ,round= 6 ,epoch= 1 ,client update iteration= 350 ,loss= 1.0353238582611084
client id= 1 ,round= 6 ,epoch= 1 ,client update iteration= 360 ,loss= 0.8552197217941284
client id= 1 ,round= 6 ,epoch= 1 ,client update iteration= 370 ,loss= 0.6213539838790894
client id= 1 ,round= 6 ,epoch= 1 ,client update iteration= 380 ,loss= 1.1986393928527832
client id= 1 ,round= 6 ,epoch= 1 ,client update iteration= 390 ,loss= 1.06489896774292
start cal weight time2021-06-30 17:44:21
end cal weight time2021-06-30 17:44:21
layer= 0 ratio= 0.011436135033744679
layer= 1 ratio= 0.013723362040493615
layer= 2 ratio= 0.016468034448592336
layer= 3 ratio= 0.019761641338310806
layer= 4 ratio= 0.023713969605972968
layer= 5 ratio= 0.02845676352716756
layer= 6 ratio= 0.03414811623260107
layer= 7 ratio= 0.04097773947912128
layer= 8 ratio= 0.049173287374945536
layer= 9 ratio= 0.05900794484993465
layer= 10 ratio= 0.07080953381992157
layer= 11 ratio= 0.08497144058390589
layer= 12 ratio= 0.10196572870068706
layer= 13 ratio= 0.12235887444082445
layer= 14 ratio= 0.14683064932898934
layer= 15 ratio= 0.1761967791947872
start add noise2021-06-30 17:44:21
end_add_noise_time2021-06-30 17:44:25
start cal weight time2021-06-30 17:44:25
end cal weight time2021-06-30 17:44:25
layer= 0 ratio= 0.011436135033744679
layer= 1 ratio= 0.013723362040493615
layer= 2 ratio= 0.016468034448592336
layer= 3 ratio= 0.019761641338310806
layer= 4 ratio= 0.023713969605972968
layer= 5 ratio= 0.02845676352716756
layer= 6 ratio= 0.03414811623260107
layer= 7 ratio= 0.04097773947912128
layer= 8 ratio= 0.049173287374945536
layer= 9 ratio= 0.05900794484993465
layer= 10 ratio= 0.07080953381992157
layer= 11 ratio= 0.08497144058390589
layer= 12 ratio= 0.10196572870068706
layer= 13 ratio= 0.12235887444082445
layer= 14 ratio= 0.14683064932898934
layer= 15 ratio= 0.1761967791947872
start add noise2021-06-30 17:44:25
end_add_noise_time2021-06-30 17:44:28
average train loss= 0.926637776291279
2021-06-30 17:44:37,round 6,val Accuracy Top1: 61.530000 %
2021-06-30 17:44:37,round 6,val Accuracy Top5: 96.720000 %
******client id  0 ******
client_update start
client id= 0 ,round= 7 ,epoch= 1 ,client update iteration= 10 ,loss= 1.7351789474487305
client id= 0 ,round= 7 ,epoch= 1 ,client update iteration= 20 ,loss= 1.472395896911621
client id= 0 ,round= 7 ,epoch= 1 ,client update iteration= 30 ,loss= 1.218407154083252
client id= 0 ,round= 7 ,epoch= 1 ,client update iteration= 40 ,loss= 1.2962775230407715
client id= 0 ,round= 7 ,epoch= 1 ,client update iteration= 50 ,loss= 1.0656962394714355
client id= 0 ,round= 7 ,epoch= 1 ,client update iteration= 60 ,loss= 1.2849626541137695
client id= 0 ,round= 7 ,epoch= 1 ,client update iteration= 70 ,loss= 0.6285521984100342
client id= 0 ,round= 7 ,epoch= 1 ,client update iteration= 80 ,loss= 0.789267897605896
client id= 0 ,round= 7 ,epoch= 1 ,client update iteration= 90 ,loss= 0.9877434372901917
client id= 0 ,round= 7 ,epoch= 1 ,client update iteration= 100 ,loss= 1.1465188264846802
client id= 0 ,round= 7 ,epoch= 1 ,client update iteration= 110 ,loss= 1.2008137702941895
client id= 0 ,round= 7 ,epoch= 1 ,client update iteration= 120 ,loss= 1.1761276721954346
client id= 0 ,round= 7 ,epoch= 1 ,client update iteration= 130 ,loss= 0.9316210150718689
client id= 0 ,round= 7 ,epoch= 1 ,client update iteration= 140 ,loss= 0.8213739991188049
client id= 0 ,round= 7 ,epoch= 1 ,client update iteration= 150 ,loss= 0.9293060898780823
client id= 0 ,round= 7 ,epoch= 1 ,client update iteration= 160 ,loss= 0.9033287167549133
client id= 0 ,round= 7 ,epoch= 1 ,client update iteration= 170 ,loss= 0.8292462825775146
client id= 0 ,round= 7 ,epoch= 1 ,client update iteration= 180 ,loss= 0.7862058281898499
client id= 0 ,round= 7 ,epoch= 1 ,client update iteration= 190 ,loss= 0.772693932056427
client id= 0 ,round= 7 ,epoch= 1 ,client update iteration= 200 ,loss= 0.9587670564651489
client id= 0 ,round= 7 ,epoch= 1 ,client update iteration= 210 ,loss= 1.0523144006729126
client id= 0 ,round= 7 ,epoch= 1 ,client update iteration= 220 ,loss= 0.8460654020309448
client id= 0 ,round= 7 ,epoch= 1 ,client update iteration= 230 ,loss= 0.9590536952018738
client id= 0 ,round= 7 ,epoch= 1 ,client update iteration= 240 ,loss= 0.8565452694892883
client id= 0 ,round= 7 ,epoch= 1 ,client update iteration= 250 ,loss= 0.6527442932128906
client id= 0 ,round= 7 ,epoch= 1 ,client update iteration= 260 ,loss= 0.8565816283226013
client id= 0 ,round= 7 ,epoch= 1 ,client update iteration= 270 ,loss= 0.7452536225318909
client id= 0 ,round= 7 ,epoch= 1 ,client update iteration= 280 ,loss= 0.8350526690483093
client id= 0 ,round= 7 ,epoch= 1 ,client update iteration= 290 ,loss= 0.8723280429840088
client id= 0 ,round= 7 ,epoch= 1 ,client update iteration= 300 ,loss= 0.6971677541732788
client id= 0 ,round= 7 ,epoch= 1 ,client update iteration= 310 ,loss= 0.9986417889595032
client id= 0 ,round= 7 ,epoch= 1 ,client update iteration= 320 ,loss= 0.9661515355110168
client id= 0 ,round= 7 ,epoch= 1 ,client update iteration= 330 ,loss= 0.7654007077217102
client id= 0 ,round= 7 ,epoch= 1 ,client update iteration= 340 ,loss= 0.77316814661026
client id= 0 ,round= 7 ,epoch= 1 ,client update iteration= 350 ,loss= 1.0369577407836914
client id= 0 ,round= 7 ,epoch= 1 ,client update iteration= 360 ,loss= 1.0220239162445068
client id= 0 ,round= 7 ,epoch= 1 ,client update iteration= 370 ,loss= 0.6166101098060608
client id= 0 ,round= 7 ,epoch= 1 ,client update iteration= 380 ,loss= 0.8654592633247375
client id= 0 ,round= 7 ,epoch= 1 ,client update iteration= 390 ,loss= 0.8336262106895447
******client id  1 ******
client_update start
client id= 1 ,round= 7 ,epoch= 1 ,client update iteration= 10 ,loss= 1.421990990638733
client id= 1 ,round= 7 ,epoch= 1 ,client update iteration= 20 ,loss= 1.17160964012146
client id= 1 ,round= 7 ,epoch= 1 ,client update iteration= 30 ,loss= 1.1075172424316406
client id= 1 ,round= 7 ,epoch= 1 ,client update iteration= 40 ,loss= 1.2532243728637695
client id= 1 ,round= 7 ,epoch= 1 ,client update iteration= 50 ,loss= 0.9275866746902466
client id= 1 ,round= 7 ,epoch= 1 ,client update iteration= 60 ,loss= 1.259022831916809
client id= 1 ,round= 7 ,epoch= 1 ,client update iteration= 70 ,loss= 1.1399000883102417
client id= 1 ,round= 7 ,epoch= 1 ,client update iteration= 80 ,loss= 1.2063068151474
client id= 1 ,round= 7 ,epoch= 1 ,client update iteration= 90 ,loss= 1.0471855401992798
client id= 1 ,round= 7 ,epoch= 1 ,client update iteration= 100 ,loss= 1.303544282913208
client id= 1 ,round= 7 ,epoch= 1 ,client update iteration= 110 ,loss= 1.272615909576416
client id= 1 ,round= 7 ,epoch= 1 ,client update iteration= 120 ,loss= 0.9599936008453369
client id= 1 ,round= 7 ,epoch= 1 ,client update iteration= 130 ,loss= 1.2418723106384277
client id= 1 ,round= 7 ,epoch= 1 ,client update iteration= 140 ,loss= 1.0630264282226562
client id= 1 ,round= 7 ,epoch= 1 ,client update iteration= 150 ,loss= 1.2400232553482056
client id= 1 ,round= 7 ,epoch= 1 ,client update iteration= 160 ,loss= 1.071535587310791
client id= 1 ,round= 7 ,epoch= 1 ,client update iteration= 170 ,loss= 1.061618447303772
client id= 1 ,round= 7 ,epoch= 1 ,client update iteration= 180 ,loss= 1.0583969354629517
client id= 1 ,round= 7 ,epoch= 1 ,client update iteration= 190 ,loss= 0.9644528031349182
client id= 1 ,round= 7 ,epoch= 1 ,client update iteration= 200 ,loss= 0.83132404088974
client id= 1 ,round= 7 ,epoch= 1 ,client update iteration= 210 ,loss= 0.92513108253479
client id= 1 ,round= 7 ,epoch= 1 ,client update iteration= 220 ,loss= 0.9705466628074646
client id= 1 ,round= 7 ,epoch= 1 ,client update iteration= 230 ,loss= 1.0208005905151367
client id= 1 ,round= 7 ,epoch= 1 ,client update iteration= 240 ,loss= 0.48481285572052
client id= 1 ,round= 7 ,epoch= 1 ,client update iteration= 250 ,loss= 0.633036196231842
client id= 1 ,round= 7 ,epoch= 1 ,client update iteration= 260 ,loss= 0.8281192779541016
client id= 1 ,round= 7 ,epoch= 1 ,client update iteration= 270 ,loss= 0.7885018587112427
client id= 1 ,round= 7 ,epoch= 1 ,client update iteration= 280 ,loss= 1.0159357786178589
client id= 1 ,round= 7 ,epoch= 1 ,client update iteration= 290 ,loss= 0.7962331175804138
client id= 1 ,round= 7 ,epoch= 1 ,client update iteration= 300 ,loss= 1.023385763168335
client id= 1 ,round= 7 ,epoch= 1 ,client update iteration= 310 ,loss= 0.6770630478858948
client id= 1 ,round= 7 ,epoch= 1 ,client update iteration= 320 ,loss= 0.802646815776825
client id= 1 ,round= 7 ,epoch= 1 ,client update iteration= 330 ,loss= 0.9953060746192932
client id= 1 ,round= 7 ,epoch= 1 ,client update iteration= 340 ,loss= 1.3635002374649048
client id= 1 ,round= 7 ,epoch= 1 ,client update iteration= 350 ,loss= 0.860039472579956
client id= 1 ,round= 7 ,epoch= 1 ,client update iteration= 360 ,loss= 0.9096471667289734
client id= 1 ,round= 7 ,epoch= 1 ,client update iteration= 370 ,loss= 0.9130826592445374
client id= 1 ,round= 7 ,epoch= 1 ,client update iteration= 380 ,loss= 0.7408880591392517
client id= 1 ,round= 7 ,epoch= 1 ,client update iteration= 390 ,loss= 0.9780741333961487
start cal weight time2021-06-30 17:47:03
end cal weight time2021-06-30 17:47:03
layer= 0 ratio= 0.011436135033744679
layer= 1 ratio= 0.013723362040493615
layer= 2 ratio= 0.016468034448592336
layer= 3 ratio= 0.019761641338310806
layer= 4 ratio= 0.023713969605972968
layer= 5 ratio= 0.02845676352716756
layer= 6 ratio= 0.03414811623260107
layer= 7 ratio= 0.04097773947912128
layer= 8 ratio= 0.049173287374945536
layer= 9 ratio= 0.05900794484993465
layer= 10 ratio= 0.07080953381992157
layer= 11 ratio= 0.08497144058390589
layer= 12 ratio= 0.10196572870068706
layer= 13 ratio= 0.12235887444082445
layer= 14 ratio= 0.14683064932898934
layer= 15 ratio= 0.1761967791947872
start add noise2021-06-30 17:47:03
end_add_noise_time2021-06-30 17:47:06
start cal weight time2021-06-30 17:47:06
end cal weight time2021-06-30 17:47:06
layer= 0 ratio= 0.011436135033744679
layer= 1 ratio= 0.013723362040493615
layer= 2 ratio= 0.016468034448592336
layer= 3 ratio= 0.019761641338310806
layer= 4 ratio= 0.023713969605972968
layer= 5 ratio= 0.02845676352716756
layer= 6 ratio= 0.03414811623260107
layer= 7 ratio= 0.04097773947912128
layer= 8 ratio= 0.049173287374945536
layer= 9 ratio= 0.05900794484993465
layer= 10 ratio= 0.07080953381992157
layer= 11 ratio= 0.08497144058390589
layer= 12 ratio= 0.10196572870068706
layer= 13 ratio= 0.12235887444082445
layer= 14 ratio= 0.14683064932898934
layer= 15 ratio= 0.1761967791947872
start add noise2021-06-30 17:47:06
end_add_noise_time2021-06-30 17:47:10
average train loss= 0.9637246302631506
2021-06-30 17:47:19,round 7,val Accuracy Top1: 58.740000 %
2021-06-30 17:47:19,round 7,val Accuracy Top5: 96.120000 %
******client id  0 ******
client_update start
client id= 0 ,round= 8 ,epoch= 1 ,client update iteration= 10 ,loss= 1.5933806896209717
client id= 0 ,round= 8 ,epoch= 1 ,client update iteration= 20 ,loss= 1.3529317378997803
client id= 0 ,round= 8 ,epoch= 1 ,client update iteration= 30 ,loss= 1.4104595184326172
client id= 0 ,round= 8 ,epoch= 1 ,client update iteration= 40 ,loss= 1.3207064867019653
client id= 0 ,round= 8 ,epoch= 1 ,client update iteration= 50 ,loss= 1.2713909149169922
client id= 0 ,round= 8 ,epoch= 1 ,client update iteration= 60 ,loss= 1.3947004079818726
client id= 0 ,round= 8 ,epoch= 1 ,client update iteration= 70 ,loss= 0.751246988773346
client id= 0 ,round= 8 ,epoch= 1 ,client update iteration= 80 ,loss= 0.8812421560287476
client id= 0 ,round= 8 ,epoch= 1 ,client update iteration= 90 ,loss= 1.182206153869629
client id= 0 ,round= 8 ,epoch= 1 ,client update iteration= 100 ,loss= 0.8313146233558655
client id= 0 ,round= 8 ,epoch= 1 ,client update iteration= 110 ,loss= 0.7329099178314209
client id= 0 ,round= 8 ,epoch= 1 ,client update iteration= 120 ,loss= 1.065726637840271
client id= 0 ,round= 8 ,epoch= 1 ,client update iteration= 130 ,loss= 1.0111795663833618
client id= 0 ,round= 8 ,epoch= 1 ,client update iteration= 140 ,loss= 1.11271333694458
client id= 0 ,round= 8 ,epoch= 1 ,client update iteration= 150 ,loss= 0.9762035608291626
client id= 0 ,round= 8 ,epoch= 1 ,client update iteration= 160 ,loss= 1.342337965965271
client id= 0 ,round= 8 ,epoch= 1 ,client update iteration= 170 ,loss= 0.8423442244529724
client id= 0 ,round= 8 ,epoch= 1 ,client update iteration= 180 ,loss= 1.0207918882369995
client id= 0 ,round= 8 ,epoch= 1 ,client update iteration= 190 ,loss= 1.0263843536376953
client id= 0 ,round= 8 ,epoch= 1 ,client update iteration= 200 ,loss= 1.0907336473464966
client id= 0 ,round= 8 ,epoch= 1 ,client update iteration= 210 ,loss= 0.9994699954986572
client id= 0 ,round= 8 ,epoch= 1 ,client update iteration= 220 ,loss= 1.0933780670166016
client id= 0 ,round= 8 ,epoch= 1 ,client update iteration= 230 ,loss= 1.1233452558517456
client id= 0 ,round= 8 ,epoch= 1 ,client update iteration= 240 ,loss= 0.55864417552948
client id= 0 ,round= 8 ,epoch= 1 ,client update iteration= 250 ,loss= 0.8360885381698608
client id= 0 ,round= 8 ,epoch= 1 ,client update iteration= 260 ,loss= 1.0609248876571655
client id= 0 ,round= 8 ,epoch= 1 ,client update iteration= 270 ,loss= 0.9803576469421387
client id= 0 ,round= 8 ,epoch= 1 ,client update iteration= 280 ,loss= 0.8589792847633362
client id= 0 ,round= 8 ,epoch= 1 ,client update iteration= 290 ,loss= 1.0147923231124878
client id= 0 ,round= 8 ,epoch= 1 ,client update iteration= 300 ,loss= 0.9164551496505737
client id= 0 ,round= 8 ,epoch= 1 ,client update iteration= 310 ,loss= 1.006942629814148
client id= 0 ,round= 8 ,epoch= 1 ,client update iteration= 320 ,loss= 0.9110048413276672
client id= 0 ,round= 8 ,epoch= 1 ,client update iteration= 330 ,loss= 0.9786205887794495
client id= 0 ,round= 8 ,epoch= 1 ,client update iteration= 340 ,loss= 0.8288347125053406
client id= 0 ,round= 8 ,epoch= 1 ,client update iteration= 350 ,loss= 1.0697053670883179
client id= 0 ,round= 8 ,epoch= 1 ,client update iteration= 360 ,loss= 0.9494239687919617
client id= 0 ,round= 8 ,epoch= 1 ,client update iteration= 370 ,loss= 1.0557587146759033
client id= 0 ,round= 8 ,epoch= 1 ,client update iteration= 380 ,loss= 0.726320743560791
client id= 0 ,round= 8 ,epoch= 1 ,client update iteration= 390 ,loss= 0.8438712954521179
******client id  1 ******
client_update start
client id= 1 ,round= 8 ,epoch= 1 ,client update iteration= 10 ,loss= 1.5577112436294556
client id= 1 ,round= 8 ,epoch= 1 ,client update iteration= 20 ,loss= 1.4371402263641357
client id= 1 ,round= 8 ,epoch= 1 ,client update iteration= 30 ,loss= 1.5994386672973633
client id= 1 ,round= 8 ,epoch= 1 ,client update iteration= 40 ,loss= 1.5466805696487427
client id= 1 ,round= 8 ,epoch= 1 ,client update iteration= 50 ,loss= 1.1338783502578735
client id= 1 ,round= 8 ,epoch= 1 ,client update iteration= 60 ,loss= 1.299527883529663
client id= 1 ,round= 8 ,epoch= 1 ,client update iteration= 70 ,loss= 0.9873310327529907
client id= 1 ,round= 8 ,epoch= 1 ,client update iteration= 80 ,loss= 1.0416651964187622
client id= 1 ,round= 8 ,epoch= 1 ,client update iteration= 90 ,loss= 1.3373469114303589
client id= 1 ,round= 8 ,epoch= 1 ,client update iteration= 100 ,loss= 1.2194654941558838
client id= 1 ,round= 8 ,epoch= 1 ,client update iteration= 110 ,loss= 0.7680814862251282
client id= 1 ,round= 8 ,epoch= 1 ,client update iteration= 120 ,loss= 0.9339144229888916
client id= 1 ,round= 8 ,epoch= 1 ,client update iteration= 130 ,loss= 1.0921709537506104
client id= 1 ,round= 8 ,epoch= 1 ,client update iteration= 140 ,loss= 0.9113404154777527
client id= 1 ,round= 8 ,epoch= 1 ,client update iteration= 150 ,loss= 0.8601219058036804
client id= 1 ,round= 8 ,epoch= 1 ,client update iteration= 160 ,loss= 0.8879886865615845
client id= 1 ,round= 8 ,epoch= 1 ,client update iteration= 170 ,loss= 1.1861209869384766
client id= 1 ,round= 8 ,epoch= 1 ,client update iteration= 180 ,loss= 1.196530818939209
client id= 1 ,round= 8 ,epoch= 1 ,client update iteration= 190 ,loss= 1.1686694622039795
client id= 1 ,round= 8 ,epoch= 1 ,client update iteration= 200 ,loss= 1.1416926383972168
client id= 1 ,round= 8 ,epoch= 1 ,client update iteration= 210 ,loss= 1.0786041021347046
client id= 1 ,round= 8 ,epoch= 1 ,client update iteration= 220 ,loss= 0.9782576560974121
client id= 1 ,round= 8 ,epoch= 1 ,client update iteration= 230 ,loss= 1.0533101558685303
client id= 1 ,round= 8 ,epoch= 1 ,client update iteration= 240 ,loss= 1.0391161441802979
client id= 1 ,round= 8 ,epoch= 1 ,client update iteration= 250 ,loss= 0.9145041108131409
client id= 1 ,round= 8 ,epoch= 1 ,client update iteration= 260 ,loss= 0.8537560105323792
client id= 1 ,round= 8 ,epoch= 1 ,client update iteration= 270 ,loss= 1.094855785369873
client id= 1 ,round= 8 ,epoch= 1 ,client update iteration= 280 ,loss= 0.8952658176422119
client id= 1 ,round= 8 ,epoch= 1 ,client update iteration= 290 ,loss= 0.9175912141799927
client id= 1 ,round= 8 ,epoch= 1 ,client update iteration= 300 ,loss= 1.0114754438400269
client id= 1 ,round= 8 ,epoch= 1 ,client update iteration= 310 ,loss= 1.1301233768463135
client id= 1 ,round= 8 ,epoch= 1 ,client update iteration= 320 ,loss= 0.8480315804481506
client id= 1 ,round= 8 ,epoch= 1 ,client update iteration= 330 ,loss= 0.9690163731575012
client id= 1 ,round= 8 ,epoch= 1 ,client update iteration= 340 ,loss= 0.9553029537200928
client id= 1 ,round= 8 ,epoch= 1 ,client update iteration= 350 ,loss= 0.8596550822257996
client id= 1 ,round= 8 ,epoch= 1 ,client update iteration= 360 ,loss= 0.7255086898803711
client id= 1 ,round= 8 ,epoch= 1 ,client update iteration= 370 ,loss= 0.756626546382904
client id= 1 ,round= 8 ,epoch= 1 ,client update iteration= 380 ,loss= 0.6616084575653076
client id= 1 ,round= 8 ,epoch= 1 ,client update iteration= 390 ,loss= 0.8372238278388977
start cal weight time2021-06-30 17:49:44
end cal weight time2021-06-30 17:49:44
layer= 0 ratio= 0.011436135033744679
layer= 1 ratio= 0.013723362040493615
layer= 2 ratio= 0.016468034448592336
layer= 3 ratio= 0.019761641338310806
layer= 4 ratio= 0.023713969605972968
layer= 5 ratio= 0.02845676352716756
layer= 6 ratio= 0.03414811623260107
layer= 7 ratio= 0.04097773947912128
layer= 8 ratio= 0.049173287374945536
layer= 9 ratio= 0.05900794484993465
layer= 10 ratio= 0.07080953381992157
layer= 11 ratio= 0.08497144058390589
layer= 12 ratio= 0.10196572870068706
layer= 13 ratio= 0.12235887444082445
layer= 14 ratio= 0.14683064932898934
layer= 15 ratio= 0.1761967791947872
start add noise2021-06-30 17:49:44
end_add_noise_time2021-06-30 17:49:48
start cal weight time2021-06-30 17:49:48
end cal weight time2021-06-30 17:49:48
layer= 0 ratio= 0.011436135033744679
layer= 1 ratio= 0.013723362040493615
layer= 2 ratio= 0.016468034448592336
layer= 3 ratio= 0.019761641338310806
layer= 4 ratio= 0.023713969605972968
layer= 5 ratio= 0.02845676352716756
layer= 6 ratio= 0.03414811623260107
layer= 7 ratio= 0.04097773947912128
layer= 8 ratio= 0.049173287374945536
layer= 9 ratio= 0.05900794484993465
layer= 10 ratio= 0.07080953381992157
layer= 11 ratio= 0.08497144058390589
layer= 12 ratio= 0.10196572870068706
layer= 13 ratio= 0.12235887444082445
layer= 14 ratio= 0.14683064932898934
layer= 15 ratio= 0.1761967791947872
start add noise2021-06-30 17:49:48
end_add_noise_time2021-06-30 17:49:52
average train loss= 1.0686363550403235
2021-06-30 17:50:01,round 8,val Accuracy Top1: 59.180000 %
2021-06-30 17:50:01,round 8,val Accuracy Top5: 95.420000 %
******client id  0 ******
client_update start
client id= 0 ,round= 9 ,epoch= 1 ,client update iteration= 10 ,loss= 1.5372273921966553
client id= 0 ,round= 9 ,epoch= 1 ,client update iteration= 20 ,loss= 1.5515490770339966
client id= 0 ,round= 9 ,epoch= 1 ,client update iteration= 30 ,loss= 1.643417239189148
client id= 0 ,round= 9 ,epoch= 1 ,client update iteration= 40 ,loss= 1.252254843711853
client id= 0 ,round= 9 ,epoch= 1 ,client update iteration= 50 ,loss= 1.2871757745742798
client id= 0 ,round= 9 ,epoch= 1 ,client update iteration= 60 ,loss= 1.1194138526916504
client id= 0 ,round= 9 ,epoch= 1 ,client update iteration= 70 ,loss= 1.6337625980377197
client id= 0 ,round= 9 ,epoch= 1 ,client update iteration= 80 ,loss= 1.4194655418395996
client id= 0 ,round= 9 ,epoch= 1 ,client update iteration= 90 ,loss= 1.5033751726150513
client id= 0 ,round= 9 ,epoch= 1 ,client update iteration= 100 ,loss= 1.2327907085418701
client id= 0 ,round= 9 ,epoch= 1 ,client update iteration= 110 ,loss= 1.0532680749893188
client id= 0 ,round= 9 ,epoch= 1 ,client update iteration= 120 ,loss= 1.3472168445587158
client id= 0 ,round= 9 ,epoch= 1 ,client update iteration= 130 ,loss= 1.4962090253829956
client id= 0 ,round= 9 ,epoch= 1 ,client update iteration= 140 ,loss= 1.267249345779419
client id= 0 ,round= 9 ,epoch= 1 ,client update iteration= 150 ,loss= 1.124284029006958
client id= 0 ,round= 9 ,epoch= 1 ,client update iteration= 160 ,loss= 0.9718269109725952
client id= 0 ,round= 9 ,epoch= 1 ,client update iteration= 170 ,loss= 1.2216418981552124
client id= 0 ,round= 9 ,epoch= 1 ,client update iteration= 180 ,loss= 1.32221257686615
client id= 0 ,round= 9 ,epoch= 1 ,client update iteration= 190 ,loss= 1.535672903060913
client id= 0 ,round= 9 ,epoch= 1 ,client update iteration= 200 ,loss= 0.7749727964401245
client id= 0 ,round= 9 ,epoch= 1 ,client update iteration= 210 ,loss= 1.3277703523635864
client id= 0 ,round= 9 ,epoch= 1 ,client update iteration= 220 ,loss= 1.1432493925094604
client id= 0 ,round= 9 ,epoch= 1 ,client update iteration= 230 ,loss= 1.2171413898468018
client id= 0 ,round= 9 ,epoch= 1 ,client update iteration= 240 ,loss= 1.0014369487762451
client id= 0 ,round= 9 ,epoch= 1 ,client update iteration= 250 ,loss= 1.0289204120635986
client id= 0 ,round= 9 ,epoch= 1 ,client update iteration= 260 ,loss= 1.2815784215927124
client id= 0 ,round= 9 ,epoch= 1 ,client update iteration= 270 ,loss= 0.9701018929481506
client id= 0 ,round= 9 ,epoch= 1 ,client update iteration= 280 ,loss= 1.0919767618179321
client id= 0 ,round= 9 ,epoch= 1 ,client update iteration= 290 ,loss= 0.9521689414978027
client id= 0 ,round= 9 ,epoch= 1 ,client update iteration= 300 ,loss= 1.197605013847351
client id= 0 ,round= 9 ,epoch= 1 ,client update iteration= 310 ,loss= 1.1645656824111938
client id= 0 ,round= 9 ,epoch= 1 ,client update iteration= 320 ,loss= 1.2338343858718872
client id= 0 ,round= 9 ,epoch= 1 ,client update iteration= 330 ,loss= 0.9539903998374939
client id= 0 ,round= 9 ,epoch= 1 ,client update iteration= 340 ,loss= 1.1985493898391724
client id= 0 ,round= 9 ,epoch= 1 ,client update iteration= 350 ,loss= 1.0985103845596313
client id= 0 ,round= 9 ,epoch= 1 ,client update iteration= 360 ,loss= 0.9615530967712402
client id= 0 ,round= 9 ,epoch= 1 ,client update iteration= 370 ,loss= 1.285695195198059
client id= 0 ,round= 9 ,epoch= 1 ,client update iteration= 380 ,loss= 1.103885293006897
client id= 0 ,round= 9 ,epoch= 1 ,client update iteration= 390 ,loss= 1.224191665649414
******client id  1 ******
client_update start
client id= 1 ,round= 9 ,epoch= 1 ,client update iteration= 10 ,loss= 1.7435132265090942
client id= 1 ,round= 9 ,epoch= 1 ,client update iteration= 20 ,loss= 1.4692195653915405
client id= 1 ,round= 9 ,epoch= 1 ,client update iteration= 30 ,loss= 1.4232035875320435
client id= 1 ,round= 9 ,epoch= 1 ,client update iteration= 40 ,loss= 1.1162008047103882
client id= 1 ,round= 9 ,epoch= 1 ,client update iteration= 50 ,loss= 1.5058549642562866
client id= 1 ,round= 9 ,epoch= 1 ,client update iteration= 60 ,loss= 1.2998489141464233
client id= 1 ,round= 9 ,epoch= 1 ,client update iteration= 70 ,loss= 1.4616769552230835
client id= 1 ,round= 9 ,epoch= 1 ,client update iteration= 80 ,loss= 1.528018593788147
client id= 1 ,round= 9 ,epoch= 1 ,client update iteration= 90 ,loss= 1.1941357851028442
client id= 1 ,round= 9 ,epoch= 1 ,client update iteration= 100 ,loss= 1.364736557006836
client id= 1 ,round= 9 ,epoch= 1 ,client update iteration= 110 ,loss= 1.2037882804870605
client id= 1 ,round= 9 ,epoch= 1 ,client update iteration= 120 ,loss= 1.2947882413864136
client id= 1 ,round= 9 ,epoch= 1 ,client update iteration= 130 ,loss= 1.5216424465179443
client id= 1 ,round= 9 ,epoch= 1 ,client update iteration= 140 ,loss= 1.3098551034927368
client id= 1 ,round= 9 ,epoch= 1 ,client update iteration= 150 ,loss= 1.0396966934204102
client id= 1 ,round= 9 ,epoch= 1 ,client update iteration= 160 ,loss= 1.289650797843933
client id= 1 ,round= 9 ,epoch= 1 ,client update iteration= 170 ,loss= 1.0289522409439087
client id= 1 ,round= 9 ,epoch= 1 ,client update iteration= 180 ,loss= 1.3538833856582642
client id= 1 ,round= 9 ,epoch= 1 ,client update iteration= 190 ,loss= 1.153171420097351
client id= 1 ,round= 9 ,epoch= 1 ,client update iteration= 200 ,loss= 1.1899429559707642
client id= 1 ,round= 9 ,epoch= 1 ,client update iteration= 210 ,loss= 1.1173820495605469
client id= 1 ,round= 9 ,epoch= 1 ,client update iteration= 220 ,loss= 1.2206897735595703
client id= 1 ,round= 9 ,epoch= 1 ,client update iteration= 230 ,loss= 1.0753443241119385
client id= 1 ,round= 9 ,epoch= 1 ,client update iteration= 240 ,loss= 0.9140520095825195
client id= 1 ,round= 9 ,epoch= 1 ,client update iteration= 250 ,loss= 0.9499658346176147
client id= 1 ,round= 9 ,epoch= 1 ,client update iteration= 260 ,loss= 1.051592230796814
client id= 1 ,round= 9 ,epoch= 1 ,client update iteration= 270 ,loss= 1.1459308862686157
client id= 1 ,round= 9 ,epoch= 1 ,client update iteration= 280 ,loss= 1.005139946937561
client id= 1 ,round= 9 ,epoch= 1 ,client update iteration= 290 ,loss= 0.8915921449661255
client id= 1 ,round= 9 ,epoch= 1 ,client update iteration= 300 ,loss= 0.921271026134491
client id= 1 ,round= 9 ,epoch= 1 ,client update iteration= 310 ,loss= 1.1733075380325317
client id= 1 ,round= 9 ,epoch= 1 ,client update iteration= 320 ,loss= 0.9817032814025879
client id= 1 ,round= 9 ,epoch= 1 ,client update iteration= 330 ,loss= 1.3279083967208862
client id= 1 ,round= 9 ,epoch= 1 ,client update iteration= 340 ,loss= 1.088965892791748
client id= 1 ,round= 9 ,epoch= 1 ,client update iteration= 350 ,loss= 1.0058170557022095
client id= 1 ,round= 9 ,epoch= 1 ,client update iteration= 360 ,loss= 1.2485560178756714
client id= 1 ,round= 9 ,epoch= 1 ,client update iteration= 370 ,loss= 0.9229143261909485
client id= 1 ,round= 9 ,epoch= 1 ,client update iteration= 380 ,loss= 0.846530020236969
client id= 1 ,round= 9 ,epoch= 1 ,client update iteration= 390 ,loss= 1.199149489402771
start cal weight time2021-06-30 17:52:26
end cal weight time2021-06-30 17:52:26
layer= 0 ratio= 0.011436135033744679
layer= 1 ratio= 0.013723362040493615
layer= 2 ratio= 0.016468034448592336
layer= 3 ratio= 0.019761641338310806
layer= 4 ratio= 0.023713969605972968
layer= 5 ratio= 0.02845676352716756
layer= 6 ratio= 0.03414811623260107
layer= 7 ratio= 0.04097773947912128
layer= 8 ratio= 0.049173287374945536
layer= 9 ratio= 0.05900794484993465
layer= 10 ratio= 0.07080953381992157
layer= 11 ratio= 0.08497144058390589
layer= 12 ratio= 0.10196572870068706
layer= 13 ratio= 0.12235887444082445
layer= 14 ratio= 0.14683064932898934
layer= 15 ratio= 0.1761967791947872
start add noise2021-06-30 17:52:26
end_add_noise_time2021-06-30 17:52:30
start cal weight time2021-06-30 17:52:30
end cal weight time2021-06-30 17:52:30
layer= 0 ratio= 0.011436135033744679
layer= 1 ratio= 0.013723362040493615
layer= 2 ratio= 0.016468034448592336
layer= 3 ratio= 0.019761641338310806
layer= 4 ratio= 0.023713969605972968
layer= 5 ratio= 0.02845676352716756
layer= 6 ratio= 0.03414811623260107
layer= 7 ratio= 0.04097773947912128
layer= 8 ratio= 0.049173287374945536
layer= 9 ratio= 0.05900794484993465
layer= 10 ratio= 0.07080953381992157
layer= 11 ratio= 0.08497144058390589
layer= 12 ratio= 0.10196572870068706
layer= 13 ratio= 0.12235887444082445
layer= 14 ratio= 0.14683064932898934
layer= 15 ratio= 0.1761967791947872
start add noise2021-06-30 17:52:30
end_add_noise_time2021-06-30 17:52:33
average train loss= 1.2214632381868484
2021-06-30 17:52:42,round 9,val Accuracy Top1: 54.030000 %
2021-06-30 17:52:42,round 9,val Accuracy Top5: 94.060000 %
******client id  0 ******
client_update start
client id= 0 ,round= 10 ,epoch= 1 ,client update iteration= 10 ,loss= 2.1937971115112305
client id= 0 ,round= 10 ,epoch= 1 ,client update iteration= 20 ,loss= 1.8345603942871094
client id= 0 ,round= 10 ,epoch= 1 ,client update iteration= 30 ,loss= 1.8017313480377197
client id= 0 ,round= 10 ,epoch= 1 ,client update iteration= 40 ,loss= 1.466332197189331
client id= 0 ,round= 10 ,epoch= 1 ,client update iteration= 50 ,loss= 1.9323923587799072
client id= 0 ,round= 10 ,epoch= 1 ,client update iteration= 60 ,loss= 1.8531655073165894
client id= 0 ,round= 10 ,epoch= 1 ,client update iteration= 70 ,loss= 1.8828119039535522
client id= 0 ,round= 10 ,epoch= 1 ,client update iteration= 80 ,loss= 2.095381498336792
client id= 0 ,round= 10 ,epoch= 1 ,client update iteration= 90 ,loss= 1.8084722757339478
client id= 0 ,round= 10 ,epoch= 1 ,client update iteration= 100 ,loss= 1.6613012552261353
client id= 0 ,round= 10 ,epoch= 1 ,client update iteration= 110 ,loss= 1.8137128353118896
client id= 0 ,round= 10 ,epoch= 1 ,client update iteration= 120 ,loss= 1.7284055948257446
client id= 0 ,round= 10 ,epoch= 1 ,client update iteration= 130 ,loss= 1.7529605627059937
client id= 0 ,round= 10 ,epoch= 1 ,client update iteration= 140 ,loss= 1.4397658109664917
client id= 0 ,round= 10 ,epoch= 1 ,client update iteration= 150 ,loss= 1.5250253677368164
client id= 0 ,round= 10 ,epoch= 1 ,client update iteration= 160 ,loss= 1.440940499305725
client id= 0 ,round= 10 ,epoch= 1 ,client update iteration= 170 ,loss= 1.8543182611465454
client id= 0 ,round= 10 ,epoch= 1 ,client update iteration= 180 ,loss= 1.4482754468917847
client id= 0 ,round= 10 ,epoch= 1 ,client update iteration= 190 ,loss= 1.225330114364624
client id= 0 ,round= 10 ,epoch= 1 ,client update iteration= 200 ,loss= 1.2911622524261475
client id= 0 ,round= 10 ,epoch= 1 ,client update iteration= 210 ,loss= 1.4863700866699219
client id= 0 ,round= 10 ,epoch= 1 ,client update iteration= 220 ,loss= 1.3284300565719604
client id= 0 ,round= 10 ,epoch= 1 ,client update iteration= 230 ,loss= 1.0351405143737793
client id= 0 ,round= 10 ,epoch= 1 ,client update iteration= 240 ,loss= 1.5199099779129028
client id= 0 ,round= 10 ,epoch= 1 ,client update iteration= 250 ,loss= 1.5188838243484497
client id= 0 ,round= 10 ,epoch= 1 ,client update iteration= 260 ,loss= 2.0126254558563232
client id= 0 ,round= 10 ,epoch= 1 ,client update iteration= 270 ,loss= 1.2357432842254639
client id= 0 ,round= 10 ,epoch= 1 ,client update iteration= 280 ,loss= 1.315382719039917
client id= 0 ,round= 10 ,epoch= 1 ,client update iteration= 290 ,loss= 1.3552407026290894
client id= 0 ,round= 10 ,epoch= 1 ,client update iteration= 300 ,loss= 1.7431654930114746
client id= 0 ,round= 10 ,epoch= 1 ,client update iteration= 310 ,loss= 1.8579829931259155
client id= 0 ,round= 10 ,epoch= 1 ,client update iteration= 320 ,loss= 1.2497254610061646
client id= 0 ,round= 10 ,epoch= 1 ,client update iteration= 330 ,loss= 1.013397216796875
client id= 0 ,round= 10 ,epoch= 1 ,client update iteration= 340 ,loss= 1.3681671619415283
client id= 0 ,round= 10 ,epoch= 1 ,client update iteration= 350 ,loss= 1.1620352268218994
client id= 0 ,round= 10 ,epoch= 1 ,client update iteration= 360 ,loss= 1.4333704710006714
client id= 0 ,round= 10 ,epoch= 1 ,client update iteration= 370 ,loss= 1.4328274726867676
client id= 0 ,round= 10 ,epoch= 1 ,client update iteration= 380 ,loss= 1.106646180152893
client id= 0 ,round= 10 ,epoch= 1 ,client update iteration= 390 ,loss= 1.322506070137024
******client id  1 ******
client_update start
client id= 1 ,round= 10 ,epoch= 1 ,client update iteration= 10 ,loss= 1.8794665336608887
client id= 1 ,round= 10 ,epoch= 1 ,client update iteration= 20 ,loss= 2.1185154914855957
client id= 1 ,round= 10 ,epoch= 1 ,client update iteration= 30 ,loss= 1.9389512538909912
client id= 1 ,round= 10 ,epoch= 1 ,client update iteration= 40 ,loss= 1.7434172630310059
client id= 1 ,round= 10 ,epoch= 1 ,client update iteration= 50 ,loss= 1.982182264328003
client id= 1 ,round= 10 ,epoch= 1 ,client update iteration= 60 ,loss= 1.8393516540527344
client id= 1 ,round= 10 ,epoch= 1 ,client update iteration= 70 ,loss= 1.8749282360076904
client id= 1 ,round= 10 ,epoch= 1 ,client update iteration= 80 ,loss= 1.9993929862976074
client id= 1 ,round= 10 ,epoch= 1 ,client update iteration= 90 ,loss= 1.5167869329452515
client id= 1 ,round= 10 ,epoch= 1 ,client update iteration= 100 ,loss= 1.6354808807373047
client id= 1 ,round= 10 ,epoch= 1 ,client update iteration= 110 ,loss= 1.9045737981796265
client id= 1 ,round= 10 ,epoch= 1 ,client update iteration= 120 ,loss= 2.004345655441284
client id= 1 ,round= 10 ,epoch= 1 ,client update iteration= 130 ,loss= 1.6832107305526733
client id= 1 ,round= 10 ,epoch= 1 ,client update iteration= 140 ,loss= 1.7517216205596924
client id= 1 ,round= 10 ,epoch= 1 ,client update iteration= 150 ,loss= 1.8248107433319092
client id= 1 ,round= 10 ,epoch= 1 ,client update iteration= 160 ,loss= 1.7482876777648926
client id= 1 ,round= 10 ,epoch= 1 ,client update iteration= 170 ,loss= 1.5698672533035278
client id= 1 ,round= 10 ,epoch= 1 ,client update iteration= 180 ,loss= 1.628158688545227
client id= 1 ,round= 10 ,epoch= 1 ,client update iteration= 190 ,loss= 1.4105960130691528
client id= 1 ,round= 10 ,epoch= 1 ,client update iteration= 200 ,loss= 1.646101474761963
client id= 1 ,round= 10 ,epoch= 1 ,client update iteration= 210 ,loss= 1.4682222604751587
client id= 1 ,round= 10 ,epoch= 1 ,client update iteration= 220 ,loss= 1.7729052305221558
client id= 1 ,round= 10 ,epoch= 1 ,client update iteration= 230 ,loss= 1.6762866973876953
client id= 1 ,round= 10 ,epoch= 1 ,client update iteration= 240 ,loss= 1.4029020071029663
client id= 1 ,round= 10 ,epoch= 1 ,client update iteration= 250 ,loss= 1.5149420499801636
client id= 1 ,round= 10 ,epoch= 1 ,client update iteration= 260 ,loss= 1.465820074081421
client id= 1 ,round= 10 ,epoch= 1 ,client update iteration= 270 ,loss= 1.3825690746307373
client id= 1 ,round= 10 ,epoch= 1 ,client update iteration= 280 ,loss= 1.3600107431411743
client id= 1 ,round= 10 ,epoch= 1 ,client update iteration= 290 ,loss= 1.313280701637268
client id= 1 ,round= 10 ,epoch= 1 ,client update iteration= 300 ,loss= 1.2593104839324951
client id= 1 ,round= 10 ,epoch= 1 ,client update iteration= 310 ,loss= 1.3666398525238037
client id= 1 ,round= 10 ,epoch= 1 ,client update iteration= 320 ,loss= 1.332426905632019
client id= 1 ,round= 10 ,epoch= 1 ,client update iteration= 330 ,loss= 1.3430335521697998
client id= 1 ,round= 10 ,epoch= 1 ,client update iteration= 340 ,loss= 1.1181795597076416
client id= 1 ,round= 10 ,epoch= 1 ,client update iteration= 350 ,loss= 1.617900013923645
client id= 1 ,round= 10 ,epoch= 1 ,client update iteration= 360 ,loss= 1.0531004667282104
client id= 1 ,round= 10 ,epoch= 1 ,client update iteration= 370 ,loss= 1.444017767906189
client id= 1 ,round= 10 ,epoch= 1 ,client update iteration= 380 ,loss= 1.2865071296691895
client id= 1 ,round= 10 ,epoch= 1 ,client update iteration= 390 ,loss= 1.4683668613433838
start cal weight time2021-06-30 17:55:08
end cal weight time2021-06-30 17:55:08
layer= 0 ratio= 0.011436135033744679
layer= 1 ratio= 0.013723362040493615
layer= 2 ratio= 0.016468034448592336
layer= 3 ratio= 0.019761641338310806
layer= 4 ratio= 0.023713969605972968
layer= 5 ratio= 0.02845676352716756
layer= 6 ratio= 0.03414811623260107
layer= 7 ratio= 0.04097773947912128
layer= 8 ratio= 0.049173287374945536
layer= 9 ratio= 0.05900794484993465
layer= 10 ratio= 0.07080953381992157
layer= 11 ratio= 0.08497144058390589
layer= 12 ratio= 0.10196572870068706
layer= 13 ratio= 0.12235887444082445
layer= 14 ratio= 0.14683064932898934
layer= 15 ratio= 0.1761967791947872
start add noise2021-06-30 17:55:08
end_add_noise_time2021-06-30 17:55:11
start cal weight time2021-06-30 17:55:11
end cal weight time2021-06-30 17:55:11
layer= 0 ratio= 0.011436135033744679
layer= 1 ratio= 0.013723362040493615
layer= 2 ratio= 0.016468034448592336
layer= 3 ratio= 0.019761641338310806
layer= 4 ratio= 0.023713969605972968
layer= 5 ratio= 0.02845676352716756
layer= 6 ratio= 0.03414811623260107
layer= 7 ratio= 0.04097773947912128
layer= 8 ratio= 0.049173287374945536
layer= 9 ratio= 0.05900794484993465
layer= 10 ratio= 0.07080953381992157
layer= 11 ratio= 0.08497144058390589
layer= 12 ratio= 0.10196572870068706
layer= 13 ratio= 0.12235887444082445
layer= 14 ratio= 0.14683064932898934
layer= 15 ratio= 0.1761967791947872
start add noise2021-06-30 17:55:11
end_add_noise_time2021-06-30 17:55:15
average train loss= 1.5952103879598094
2021-06-30 17:55:24,round 10,val Accuracy Top1: 41.880000 %
2021-06-30 17:55:24,round 10,val Accuracy Top5: 89.850000 %
