type sample_L1
pb 7000000.0
clip_bound 20.0
log_path log/Alexnet/2/sample_L1/True
train_data data
test_data data
batch_size 64
test_batch_size 64
lr 0.0002
momentum 0.5
no_cuda False
seed 1
log_interval 1
privacy_delta 1e-06
sample_num 500
islog True
is_ratio_list True
num_clients 2
num_rounds 10
epochs 1
ratio_type 2
按照权重分配eps
device cuda
loading data
load data done
AlexNet(
  (conv1): Sequential(
    (0): Conv2d(3, 96, kernel_size=(6, 6), stride=(1, 1))
    (1): ReLU()
  )
  (conv2): Sequential(
    (0): Conv2d(96, 256, kernel_size=(5, 5), stride=(1, 1), padding=(2, 2))
    (1): ReLU()
    (2): MaxPool2d(kernel_size=3, stride=2, padding=0, dilation=1, ceil_mode=False)
  )
  (conv3): Sequential(
    (0): Conv2d(256, 384, kernel_size=(3, 3), stride=(1, 1), padding=(1, 1))
    (1): ReLU()
  )
  (conv4): Sequential(
    (0): Conv2d(384, 384, kernel_size=(3, 3), stride=(1, 1), padding=(1, 1))
    (1): ReLU()
  )
  (conv5): Sequential(
    (0): Conv2d(384, 256, kernel_size=(3, 3), stride=(1, 1), padding=(1, 1))
    (1): ReLU()
    (2): MaxPool2d(kernel_size=3, stride=2, padding=0, dilation=1, ceil_mode=False)
  )
  (dense): Sequential(
    (0): Linear(in_features=9216, out_features=4096, bias=True)
    (1): ReLU()
    (2): Dropout(p=0.5, inplace=False)
    (3): Linear(in_features=4096, out_features=4096, bias=True)
    (4): ReLU()
    (5): Dropout(p=0.5, inplace=False)
    (6): Linear(in_features=4096, out_features=10, bias=True)
  )
)
********start training********
******client id  0 ******
client_update start
client id= 0 ,round= 1 ,epoch= 1 ,client update iteration= 10 ,loss= 2.2886710166931152
client id= 0 ,round= 1 ,epoch= 1 ,client update iteration= 20 ,loss= 2.1898293495178223
client id= 0 ,round= 1 ,epoch= 1 ,client update iteration= 30 ,loss= 2.0082602500915527
client id= 0 ,round= 1 ,epoch= 1 ,client update iteration= 40 ,loss= 2.1936192512512207
client id= 0 ,round= 1 ,epoch= 1 ,client update iteration= 50 ,loss= 2.0731863975524902
client id= 0 ,round= 1 ,epoch= 1 ,client update iteration= 60 ,loss= 2.149155378341675
client id= 0 ,round= 1 ,epoch= 1 ,client update iteration= 70 ,loss= 2.065403461456299
client id= 0 ,round= 1 ,epoch= 1 ,client update iteration= 80 ,loss= 2.0393104553222656
client id= 0 ,round= 1 ,epoch= 1 ,client update iteration= 90 ,loss= 1.8022239208221436
client id= 0 ,round= 1 ,epoch= 1 ,client update iteration= 100 ,loss= 1.8127355575561523
client id= 0 ,round= 1 ,epoch= 1 ,client update iteration= 110 ,loss= 1.8636540174484253
client id= 0 ,round= 1 ,epoch= 1 ,client update iteration= 120 ,loss= 1.8896760940551758
client id= 0 ,round= 1 ,epoch= 1 ,client update iteration= 130 ,loss= 1.7803480625152588
client id= 0 ,round= 1 ,epoch= 1 ,client update iteration= 140 ,loss= 1.8194141387939453
client id= 0 ,round= 1 ,epoch= 1 ,client update iteration= 150 ,loss= 1.678418517112732
client id= 0 ,round= 1 ,epoch= 1 ,client update iteration= 160 ,loss= 1.8030561208724976
client id= 0 ,round= 1 ,epoch= 1 ,client update iteration= 170 ,loss= 1.785880208015442
client id= 0 ,round= 1 ,epoch= 1 ,client update iteration= 180 ,loss= 1.7162984609603882
client id= 0 ,round= 1 ,epoch= 1 ,client update iteration= 190 ,loss= 1.5737560987472534
client id= 0 ,round= 1 ,epoch= 1 ,client update iteration= 200 ,loss= 1.7009552717208862
client id= 0 ,round= 1 ,epoch= 1 ,client update iteration= 210 ,loss= 1.5846478939056396
client id= 0 ,round= 1 ,epoch= 1 ,client update iteration= 220 ,loss= 1.5220259428024292
client id= 0 ,round= 1 ,epoch= 1 ,client update iteration= 230 ,loss= 1.4857906103134155
client id= 0 ,round= 1 ,epoch= 1 ,client update iteration= 240 ,loss= 1.6441494226455688
client id= 0 ,round= 1 ,epoch= 1 ,client update iteration= 250 ,loss= 1.5336506366729736
client id= 0 ,round= 1 ,epoch= 1 ,client update iteration= 260 ,loss= 1.4910500049591064
client id= 0 ,round= 1 ,epoch= 1 ,client update iteration= 270 ,loss= 1.5028067827224731
client id= 0 ,round= 1 ,epoch= 1 ,client update iteration= 280 ,loss= 1.7264163494110107
client id= 0 ,round= 1 ,epoch= 1 ,client update iteration= 290 ,loss= 1.4977525472640991
client id= 0 ,round= 1 ,epoch= 1 ,client update iteration= 300 ,loss= 1.5742645263671875
client id= 0 ,round= 1 ,epoch= 1 ,client update iteration= 310 ,loss= 1.3785911798477173
client id= 0 ,round= 1 ,epoch= 1 ,client update iteration= 320 ,loss= 1.443922996520996
client id= 0 ,round= 1 ,epoch= 1 ,client update iteration= 330 ,loss= 1.4576435089111328
client id= 0 ,round= 1 ,epoch= 1 ,client update iteration= 340 ,loss= 1.4928926229476929
client id= 0 ,round= 1 ,epoch= 1 ,client update iteration= 350 ,loss= 1.4035100936889648
client id= 0 ,round= 1 ,epoch= 1 ,client update iteration= 360 ,loss= 1.5641231536865234
client id= 0 ,round= 1 ,epoch= 1 ,client update iteration= 370 ,loss= 1.3487502336502075
client id= 0 ,round= 1 ,epoch= 1 ,client update iteration= 380 ,loss= 1.310369610786438
client id= 0 ,round= 1 ,epoch= 1 ,client update iteration= 390 ,loss= 1.3822715282440186
******client id  1 ******
client_update start
client id= 1 ,round= 1 ,epoch= 1 ,client update iteration= 10 ,loss= 2.2633419036865234
client id= 1 ,round= 1 ,epoch= 1 ,client update iteration= 20 ,loss= 2.1521008014678955
client id= 1 ,round= 1 ,epoch= 1 ,client update iteration= 30 ,loss= 2.1792523860931396
client id= 1 ,round= 1 ,epoch= 1 ,client update iteration= 40 ,loss= 2.084512948989868
client id= 1 ,round= 1 ,epoch= 1 ,client update iteration= 50 ,loss= 2.0614569187164307
client id= 1 ,round= 1 ,epoch= 1 ,client update iteration= 60 ,loss= 1.8733996152877808
client id= 1 ,round= 1 ,epoch= 1 ,client update iteration= 70 ,loss= 1.725117802619934
client id= 1 ,round= 1 ,epoch= 1 ,client update iteration= 80 ,loss= 1.8322056531906128
client id= 1 ,round= 1 ,epoch= 1 ,client update iteration= 90 ,loss= 1.7481492757797241
client id= 1 ,round= 1 ,epoch= 1 ,client update iteration= 100 ,loss= 1.7777355909347534
client id= 1 ,round= 1 ,epoch= 1 ,client update iteration= 110 ,loss= 1.6609572172164917
client id= 1 ,round= 1 ,epoch= 1 ,client update iteration= 120 ,loss= 1.7889214754104614
client id= 1 ,round= 1 ,epoch= 1 ,client update iteration= 130 ,loss= 1.796339750289917
client id= 1 ,round= 1 ,epoch= 1 ,client update iteration= 140 ,loss= 1.8551758527755737
client id= 1 ,round= 1 ,epoch= 1 ,client update iteration= 150 ,loss= 1.9405877590179443
client id= 1 ,round= 1 ,epoch= 1 ,client update iteration= 160 ,loss= 1.654931902885437
client id= 1 ,round= 1 ,epoch= 1 ,client update iteration= 170 ,loss= 1.6918209791183472
client id= 1 ,round= 1 ,epoch= 1 ,client update iteration= 180 ,loss= 1.6462382078170776
client id= 1 ,round= 1 ,epoch= 1 ,client update iteration= 190 ,loss= 1.7134863138198853
client id= 1 ,round= 1 ,epoch= 1 ,client update iteration= 200 ,loss= 1.6306647062301636
client id= 1 ,round= 1 ,epoch= 1 ,client update iteration= 210 ,loss= 1.6309844255447388
client id= 1 ,round= 1 ,epoch= 1 ,client update iteration= 220 ,loss= 1.5264396667480469
client id= 1 ,round= 1 ,epoch= 1 ,client update iteration= 230 ,loss= 1.7350178956985474
client id= 1 ,round= 1 ,epoch= 1 ,client update iteration= 240 ,loss= 1.4566439390182495
client id= 1 ,round= 1 ,epoch= 1 ,client update iteration= 250 ,loss= 1.5159902572631836
client id= 1 ,round= 1 ,epoch= 1 ,client update iteration= 260 ,loss= 1.4609249830245972
client id= 1 ,round= 1 ,epoch= 1 ,client update iteration= 270 ,loss= 1.492128610610962
client id= 1 ,round= 1 ,epoch= 1 ,client update iteration= 280 ,loss= 1.4497555494308472
client id= 1 ,round= 1 ,epoch= 1 ,client update iteration= 290 ,loss= 1.531599521636963
client id= 1 ,round= 1 ,epoch= 1 ,client update iteration= 300 ,loss= 1.5507278442382812
client id= 1 ,round= 1 ,epoch= 1 ,client update iteration= 310 ,loss= 1.4868139028549194
client id= 1 ,round= 1 ,epoch= 1 ,client update iteration= 320 ,loss= 1.3559582233428955
client id= 1 ,round= 1 ,epoch= 1 ,client update iteration= 330 ,loss= 1.3627705574035645
client id= 1 ,round= 1 ,epoch= 1 ,client update iteration= 340 ,loss= 1.5691978931427002
client id= 1 ,round= 1 ,epoch= 1 ,client update iteration= 350 ,loss= 1.4943522214889526
client id= 1 ,round= 1 ,epoch= 1 ,client update iteration= 360 ,loss= 1.6478078365325928
client id= 1 ,round= 1 ,epoch= 1 ,client update iteration= 370 ,loss= 1.3506202697753906
client id= 1 ,round= 1 ,epoch= 1 ,client update iteration= 380 ,loss= 1.3398981094360352
client id= 1 ,round= 1 ,epoch= 1 ,client update iteration= 390 ,loss= 1.5093618631362915
start cal weight time2021-06-30 18:26:12
end cal weight time2021-06-30 18:26:12
layer= 0 ratio= 0.011436135033744679
layer= 1 ratio= 0.013723362040493615
layer= 2 ratio= 0.016468034448592336
layer= 3 ratio= 0.019761641338310806
layer= 4 ratio= 0.023713969605972968
layer= 5 ratio= 0.02845676352716756
layer= 6 ratio= 0.03414811623260107
layer= 7 ratio= 0.04097773947912128
layer= 8 ratio= 0.049173287374945536
layer= 9 ratio= 0.05900794484993465
layer= 10 ratio= 0.07080953381992157
layer= 11 ratio= 0.08497144058390589
layer= 12 ratio= 0.10196572870068706
layer= 13 ratio= 0.12235887444082445
layer= 14 ratio= 0.14683064932898934
layer= 15 ratio= 0.1761967791947872
start add noise2021-06-30 18:26:12
end_add_noise_time2021-06-30 18:26:16
start cal weight time2021-06-30 18:26:16
end cal weight time2021-06-30 18:26:16
layer= 0 ratio= 0.011436135033744679
layer= 1 ratio= 0.013723362040493615
layer= 2 ratio= 0.016468034448592336
layer= 3 ratio= 0.019761641338310806
layer= 4 ratio= 0.023713969605972968
layer= 5 ratio= 0.02845676352716756
layer= 6 ratio= 0.03414811623260107
layer= 7 ratio= 0.04097773947912128
layer= 8 ratio= 0.049173287374945536
layer= 9 ratio= 0.05900794484993465
layer= 10 ratio= 0.07080953381992157
layer= 11 ratio= 0.08497144058390589
layer= 12 ratio= 0.10196572870068706
layer= 13 ratio= 0.12235887444082445
layer= 14 ratio= 0.14683064932898934
layer= 15 ratio= 0.1761967791947872
start add noise2021-06-30 18:26:16
end_add_noise_time2021-06-30 18:26:20
average train loss= 1.7099107874323949
2021-06-30 18:26:29,round 1,val Accuracy Top1: 21.800000 %
2021-06-30 18:26:29,round 1,val Accuracy Top5: 71.820000 %
******client id  0 ******
client_update start
client id= 0 ,round= 2 ,epoch= 1 ,client update iteration= 10 ,loss= 1.7213780879974365
client id= 0 ,round= 2 ,epoch= 1 ,client update iteration= 20 ,loss= 1.5942944288253784
client id= 0 ,round= 2 ,epoch= 1 ,client update iteration= 30 ,loss= 1.8344552516937256
client id= 0 ,round= 2 ,epoch= 1 ,client update iteration= 40 ,loss= 1.5051690340042114
client id= 0 ,round= 2 ,epoch= 1 ,client update iteration= 50 ,loss= 1.8144938945770264
client id= 0 ,round= 2 ,epoch= 1 ,client update iteration= 60 ,loss= 1.411365032196045
client id= 0 ,round= 2 ,epoch= 1 ,client update iteration= 70 ,loss= 1.3561298847198486
client id= 0 ,round= 2 ,epoch= 1 ,client update iteration= 80 ,loss= 1.3718758821487427
client id= 0 ,round= 2 ,epoch= 1 ,client update iteration= 90 ,loss= 1.2552474737167358
client id= 0 ,round= 2 ,epoch= 1 ,client update iteration= 100 ,loss= 1.334428071975708
client id= 0 ,round= 2 ,epoch= 1 ,client update iteration= 110 ,loss= 1.2761688232421875
client id= 0 ,round= 2 ,epoch= 1 ,client update iteration= 120 ,loss= 1.2287976741790771
client id= 0 ,round= 2 ,epoch= 1 ,client update iteration= 130 ,loss= 1.31818687915802
client id= 0 ,round= 2 ,epoch= 1 ,client update iteration= 140 ,loss= 1.617716908454895
client id= 0 ,round= 2 ,epoch= 1 ,client update iteration= 150 ,loss= 1.446651816368103
client id= 0 ,round= 2 ,epoch= 1 ,client update iteration= 160 ,loss= 1.1863681077957153
client id= 0 ,round= 2 ,epoch= 1 ,client update iteration= 170 ,loss= 1.2690168619155884
client id= 0 ,round= 2 ,epoch= 1 ,client update iteration= 180 ,loss= 1.4291298389434814
client id= 0 ,round= 2 ,epoch= 1 ,client update iteration= 190 ,loss= 1.175592303276062
client id= 0 ,round= 2 ,epoch= 1 ,client update iteration= 200 ,loss= 1.3532581329345703
client id= 0 ,round= 2 ,epoch= 1 ,client update iteration= 210 ,loss= 1.4389475584030151
client id= 0 ,round= 2 ,epoch= 1 ,client update iteration= 220 ,loss= 1.3290746212005615
client id= 0 ,round= 2 ,epoch= 1 ,client update iteration= 230 ,loss= 1.0995866060256958
client id= 0 ,round= 2 ,epoch= 1 ,client update iteration= 240 ,loss= 0.9971812963485718
client id= 0 ,round= 2 ,epoch= 1 ,client update iteration= 250 ,loss= 1.1484969854354858
client id= 0 ,round= 2 ,epoch= 1 ,client update iteration= 260 ,loss= 1.3399580717086792
client id= 0 ,round= 2 ,epoch= 1 ,client update iteration= 270 ,loss= 1.0604428052902222
client id= 0 ,round= 2 ,epoch= 1 ,client update iteration= 280 ,loss= 1.1728047132492065
client id= 0 ,round= 2 ,epoch= 1 ,client update iteration= 290 ,loss= 1.1127705574035645
client id= 0 ,round= 2 ,epoch= 1 ,client update iteration= 300 ,loss= 1.2141144275665283
client id= 0 ,round= 2 ,epoch= 1 ,client update iteration= 310 ,loss= 1.5133401155471802
client id= 0 ,round= 2 ,epoch= 1 ,client update iteration= 320 ,loss= 1.2567815780639648
client id= 0 ,round= 2 ,epoch= 1 ,client update iteration= 330 ,loss= 1.2021266222000122
client id= 0 ,round= 2 ,epoch= 1 ,client update iteration= 340 ,loss= 0.9439350366592407
client id= 0 ,round= 2 ,epoch= 1 ,client update iteration= 350 ,loss= 1.1703259944915771
client id= 0 ,round= 2 ,epoch= 1 ,client update iteration= 360 ,loss= 1.3487730026245117
client id= 0 ,round= 2 ,epoch= 1 ,client update iteration= 370 ,loss= 1.2167377471923828
client id= 0 ,round= 2 ,epoch= 1 ,client update iteration= 380 ,loss= 1.414793848991394
client id= 0 ,round= 2 ,epoch= 1 ,client update iteration= 390 ,loss= 1.0785901546478271
******client id  1 ******
client_update start
client id= 1 ,round= 2 ,epoch= 1 ,client update iteration= 10 ,loss= 1.6214983463287354
client id= 1 ,round= 2 ,epoch= 1 ,client update iteration= 20 ,loss= 1.755772352218628
client id= 1 ,round= 2 ,epoch= 1 ,client update iteration= 30 ,loss= 1.5322102308273315
client id= 1 ,round= 2 ,epoch= 1 ,client update iteration= 40 ,loss= 1.4317127466201782
client id= 1 ,round= 2 ,epoch= 1 ,client update iteration= 50 ,loss= 1.5867583751678467
client id= 1 ,round= 2 ,epoch= 1 ,client update iteration= 60 ,loss= 1.3476158380508423
client id= 1 ,round= 2 ,epoch= 1 ,client update iteration= 70 ,loss= 1.4511480331420898
client id= 1 ,round= 2 ,epoch= 1 ,client update iteration= 80 ,loss= 1.6346917152404785
client id= 1 ,round= 2 ,epoch= 1 ,client update iteration= 90 ,loss= 1.5627732276916504
client id= 1 ,round= 2 ,epoch= 1 ,client update iteration= 100 ,loss= 1.7004077434539795
client id= 1 ,round= 2 ,epoch= 1 ,client update iteration= 110 ,loss= 1.3683072328567505
client id= 1 ,round= 2 ,epoch= 1 ,client update iteration= 120 ,loss= 1.1468334197998047
client id= 1 ,round= 2 ,epoch= 1 ,client update iteration= 130 ,loss= 1.306347131729126
client id= 1 ,round= 2 ,epoch= 1 ,client update iteration= 140 ,loss= 1.4187755584716797
client id= 1 ,round= 2 ,epoch= 1 ,client update iteration= 150 ,loss= 1.4281752109527588
client id= 1 ,round= 2 ,epoch= 1 ,client update iteration= 160 ,loss= 1.3445643186569214
client id= 1 ,round= 2 ,epoch= 1 ,client update iteration= 170 ,loss= 1.4508415460586548
client id= 1 ,round= 2 ,epoch= 1 ,client update iteration= 180 ,loss= 1.2969833612442017
client id= 1 ,round= 2 ,epoch= 1 ,client update iteration= 190 ,loss= 1.1686785221099854
client id= 1 ,round= 2 ,epoch= 1 ,client update iteration= 200 ,loss= 1.3672807216644287
client id= 1 ,round= 2 ,epoch= 1 ,client update iteration= 210 ,loss= 1.2001737356185913
client id= 1 ,round= 2 ,epoch= 1 ,client update iteration= 220 ,loss= 1.2829527854919434
client id= 1 ,round= 2 ,epoch= 1 ,client update iteration= 230 ,loss= 1.1785638332366943
client id= 1 ,round= 2 ,epoch= 1 ,client update iteration= 240 ,loss= 1.1957287788391113
client id= 1 ,round= 2 ,epoch= 1 ,client update iteration= 250 ,loss= 1.2274481058120728
client id= 1 ,round= 2 ,epoch= 1 ,client update iteration= 260 ,loss= 1.232384443283081
client id= 1 ,round= 2 ,epoch= 1 ,client update iteration= 270 ,loss= 1.2079888582229614
client id= 1 ,round= 2 ,epoch= 1 ,client update iteration= 280 ,loss= 1.240563988685608
client id= 1 ,round= 2 ,epoch= 1 ,client update iteration= 290 ,loss= 1.1447888612747192
client id= 1 ,round= 2 ,epoch= 1 ,client update iteration= 300 ,loss= 1.0689395666122437
client id= 1 ,round= 2 ,epoch= 1 ,client update iteration= 310 ,loss= 1.3537113666534424
client id= 1 ,round= 2 ,epoch= 1 ,client update iteration= 320 ,loss= 1.1330819129943848
client id= 1 ,round= 2 ,epoch= 1 ,client update iteration= 330 ,loss= 1.2366995811462402
client id= 1 ,round= 2 ,epoch= 1 ,client update iteration= 340 ,loss= 1.0190200805664062
client id= 1 ,round= 2 ,epoch= 1 ,client update iteration= 350 ,loss= 1.2388570308685303
client id= 1 ,round= 2 ,epoch= 1 ,client update iteration= 360 ,loss= 0.97265625
client id= 1 ,round= 2 ,epoch= 1 ,client update iteration= 370 ,loss= 1.5041663646697998
client id= 1 ,round= 2 ,epoch= 1 ,client update iteration= 380 ,loss= 1.2933722734451294
client id= 1 ,round= 2 ,epoch= 1 ,client update iteration= 390 ,loss= 0.9531409740447998
start cal weight time2021-06-30 18:28:55
end cal weight time2021-06-30 18:28:55
layer= 0 ratio= 0.011436135033744679
layer= 1 ratio= 0.013723362040493615
layer= 2 ratio= 0.016468034448592336
layer= 3 ratio= 0.019761641338310806
layer= 4 ratio= 0.023713969605972968
layer= 5 ratio= 0.02845676352716756
layer= 6 ratio= 0.03414811623260107
layer= 7 ratio= 0.04097773947912128
layer= 8 ratio= 0.049173287374945536
layer= 9 ratio= 0.05900794484993465
layer= 10 ratio= 0.07080953381992157
layer= 11 ratio= 0.08497144058390589
layer= 12 ratio= 0.10196572870068706
layer= 13 ratio= 0.12235887444082445
layer= 14 ratio= 0.14683064932898934
layer= 15 ratio= 0.1761967791947872
start add noise2021-06-30 18:28:55
end_add_noise_time2021-06-30 18:28:58
start cal weight time2021-06-30 18:28:58
end cal weight time2021-06-30 18:28:58
layer= 0 ratio= 0.011436135033744679
layer= 1 ratio= 0.013723362040493615
layer= 2 ratio= 0.016468034448592336
layer= 3 ratio= 0.019761641338310806
layer= 4 ratio= 0.023713969605972968
layer= 5 ratio= 0.02845676352716756
layer= 6 ratio= 0.03414811623260107
layer= 7 ratio= 0.04097773947912128
layer= 8 ratio= 0.049173287374945536
layer= 9 ratio= 0.05900794484993465
layer= 10 ratio= 0.07080953381992157
layer= 11 ratio= 0.08497144058390589
layer= 12 ratio= 0.10196572870068706
layer= 13 ratio= 0.12235887444082445
layer= 14 ratio= 0.14683064932898934
layer= 15 ratio= 0.1761967791947872
start add noise2021-06-30 18:28:58
end_add_noise_time2021-06-30 18:29:02
average train loss= 1.3444262942694643
2021-06-30 18:29:11,round 2,val Accuracy Top1: 60.040000 %
2021-06-30 18:29:11,round 2,val Accuracy Top5: 95.900000 %
******client id  0 ******
client_update start
client id= 0 ,round= 3 ,epoch= 1 ,client update iteration= 10 ,loss= 1.4988012313842773
client id= 0 ,round= 3 ,epoch= 1 ,client update iteration= 20 ,loss= 1.189154028892517
client id= 0 ,round= 3 ,epoch= 1 ,client update iteration= 30 ,loss= 1.0865671634674072
client id= 0 ,round= 3 ,epoch= 1 ,client update iteration= 40 ,loss= 1.255624771118164
client id= 0 ,round= 3 ,epoch= 1 ,client update iteration= 50 ,loss= 1.390456199645996
client id= 0 ,round= 3 ,epoch= 1 ,client update iteration= 60 ,loss= 0.8954527974128723
client id= 0 ,round= 3 ,epoch= 1 ,client update iteration= 70 ,loss= 1.0232484340667725
client id= 0 ,round= 3 ,epoch= 1 ,client update iteration= 80 ,loss= 1.0054234266281128
client id= 0 ,round= 3 ,epoch= 1 ,client update iteration= 90 ,loss= 0.9903749227523804
client id= 0 ,round= 3 ,epoch= 1 ,client update iteration= 100 ,loss= 1.265295386314392
client id= 0 ,round= 3 ,epoch= 1 ,client update iteration= 110 ,loss= 1.078647494316101
client id= 0 ,round= 3 ,epoch= 1 ,client update iteration= 120 ,loss= 1.0410791635513306
client id= 0 ,round= 3 ,epoch= 1 ,client update iteration= 130 ,loss= 1.0464057922363281
client id= 0 ,round= 3 ,epoch= 1 ,client update iteration= 140 ,loss= 1.0319973230361938
client id= 0 ,round= 3 ,epoch= 1 ,client update iteration= 150 ,loss= 1.1671096086502075
client id= 0 ,round= 3 ,epoch= 1 ,client update iteration= 160 ,loss= 1.080475091934204
client id= 0 ,round= 3 ,epoch= 1 ,client update iteration= 170 ,loss= 0.7301164865493774
client id= 0 ,round= 3 ,epoch= 1 ,client update iteration= 180 ,loss= 1.0924179553985596
client id= 0 ,round= 3 ,epoch= 1 ,client update iteration= 190 ,loss= 1.1463948488235474
client id= 0 ,round= 3 ,epoch= 1 ,client update iteration= 200 ,loss= 0.8072090744972229
client id= 0 ,round= 3 ,epoch= 1 ,client update iteration= 210 ,loss= 1.1633501052856445
client id= 0 ,round= 3 ,epoch= 1 ,client update iteration= 220 ,loss= 1.017526388168335
client id= 0 ,round= 3 ,epoch= 1 ,client update iteration= 230 ,loss= 1.0458555221557617
client id= 0 ,round= 3 ,epoch= 1 ,client update iteration= 240 ,loss= 0.9541710615158081
client id= 0 ,round= 3 ,epoch= 1 ,client update iteration= 250 ,loss= 1.0603035688400269
client id= 0 ,round= 3 ,epoch= 1 ,client update iteration= 260 ,loss= 0.9499121904373169
client id= 0 ,round= 3 ,epoch= 1 ,client update iteration= 270 ,loss= 1.1712384223937988
client id= 0 ,round= 3 ,epoch= 1 ,client update iteration= 280 ,loss= 1.1437302827835083
client id= 0 ,round= 3 ,epoch= 1 ,client update iteration= 290 ,loss= 0.8335066437721252
client id= 0 ,round= 3 ,epoch= 1 ,client update iteration= 300 ,loss= 0.6731728315353394
client id= 0 ,round= 3 ,epoch= 1 ,client update iteration= 310 ,loss= 0.9610959887504578
client id= 0 ,round= 3 ,epoch= 1 ,client update iteration= 320 ,loss= 0.99383544921875
client id= 0 ,round= 3 ,epoch= 1 ,client update iteration= 330 ,loss= 0.8373926877975464
client id= 0 ,round= 3 ,epoch= 1 ,client update iteration= 340 ,loss= 0.8060862421989441
client id= 0 ,round= 3 ,epoch= 1 ,client update iteration= 350 ,loss= 0.948403000831604
client id= 0 ,round= 3 ,epoch= 1 ,client update iteration= 360 ,loss= 1.0824260711669922
client id= 0 ,round= 3 ,epoch= 1 ,client update iteration= 370 ,loss= 0.9361951947212219
client id= 0 ,round= 3 ,epoch= 1 ,client update iteration= 380 ,loss= 0.9349395632743835
client id= 0 ,round= 3 ,epoch= 1 ,client update iteration= 390 ,loss= 0.8812304139137268
******client id  1 ******
client_update start
client id= 1 ,round= 3 ,epoch= 1 ,client update iteration= 10 ,loss= 1.1813576221466064
client id= 1 ,round= 3 ,epoch= 1 ,client update iteration= 20 ,loss= 1.521648645401001
client id= 1 ,round= 3 ,epoch= 1 ,client update iteration= 30 ,loss= 1.322617530822754
client id= 1 ,round= 3 ,epoch= 1 ,client update iteration= 40 ,loss= 1.2225565910339355
client id= 1 ,round= 3 ,epoch= 1 ,client update iteration= 50 ,loss= 0.9185984134674072
client id= 1 ,round= 3 ,epoch= 1 ,client update iteration= 60 ,loss= 1.1040281057357788
client id= 1 ,round= 3 ,epoch= 1 ,client update iteration= 70 ,loss= 1.1842412948608398
client id= 1 ,round= 3 ,epoch= 1 ,client update iteration= 80 ,loss= 1.175542950630188
client id= 1 ,round= 3 ,epoch= 1 ,client update iteration= 90 ,loss= 1.2454806566238403
client id= 1 ,round= 3 ,epoch= 1 ,client update iteration= 100 ,loss= 1.0633031129837036
client id= 1 ,round= 3 ,epoch= 1 ,client update iteration= 110 ,loss= 1.3824882507324219
client id= 1 ,round= 3 ,epoch= 1 ,client update iteration= 120 ,loss= 1.3553550243377686
client id= 1 ,round= 3 ,epoch= 1 ,client update iteration= 130 ,loss= 0.9722917675971985
client id= 1 ,round= 3 ,epoch= 1 ,client update iteration= 140 ,loss= 0.9376039505004883
client id= 1 ,round= 3 ,epoch= 1 ,client update iteration= 150 ,loss= 0.908782958984375
client id= 1 ,round= 3 ,epoch= 1 ,client update iteration= 160 ,loss= 1.3788455724716187
client id= 1 ,round= 3 ,epoch= 1 ,client update iteration= 170 ,loss= 1.0900239944458008
client id= 1 ,round= 3 ,epoch= 1 ,client update iteration= 180 ,loss= 0.8506702184677124
client id= 1 ,round= 3 ,epoch= 1 ,client update iteration= 190 ,loss= 0.8195747137069702
client id= 1 ,round= 3 ,epoch= 1 ,client update iteration= 200 ,loss= 0.9501672387123108
client id= 1 ,round= 3 ,epoch= 1 ,client update iteration= 210 ,loss= 1.144990086555481
client id= 1 ,round= 3 ,epoch= 1 ,client update iteration= 220 ,loss= 1.2039601802825928
client id= 1 ,round= 3 ,epoch= 1 ,client update iteration= 230 ,loss= 1.1784863471984863
client id= 1 ,round= 3 ,epoch= 1 ,client update iteration= 240 ,loss= 1.0445345640182495
client id= 1 ,round= 3 ,epoch= 1 ,client update iteration= 250 ,loss= 1.1013171672821045
client id= 1 ,round= 3 ,epoch= 1 ,client update iteration= 260 ,loss= 0.8941319584846497
client id= 1 ,round= 3 ,epoch= 1 ,client update iteration= 270 ,loss= 0.8856326937675476
client id= 1 ,round= 3 ,epoch= 1 ,client update iteration= 280 ,loss= 1.2193557024002075
client id= 1 ,round= 3 ,epoch= 1 ,client update iteration= 290 ,loss= 0.857674241065979
client id= 1 ,round= 3 ,epoch= 1 ,client update iteration= 300 ,loss= 1.0549122095108032
client id= 1 ,round= 3 ,epoch= 1 ,client update iteration= 310 ,loss= 0.9468290209770203
client id= 1 ,round= 3 ,epoch= 1 ,client update iteration= 320 ,loss= 0.9984726309776306
client id= 1 ,round= 3 ,epoch= 1 ,client update iteration= 330 ,loss= 0.7671117782592773
client id= 1 ,round= 3 ,epoch= 1 ,client update iteration= 340 ,loss= 0.8619605302810669
client id= 1 ,round= 3 ,epoch= 1 ,client update iteration= 350 ,loss= 0.9154307246208191
client id= 1 ,round= 3 ,epoch= 1 ,client update iteration= 360 ,loss= 0.8749561309814453
client id= 1 ,round= 3 ,epoch= 1 ,client update iteration= 370 ,loss= 1.3965364694595337
client id= 1 ,round= 3 ,epoch= 1 ,client update iteration= 380 ,loss= 0.6551117897033691
client id= 1 ,round= 3 ,epoch= 1 ,client update iteration= 390 ,loss= 1.2188056707382202
start cal weight time2021-06-30 18:31:37
end cal weight time2021-06-30 18:31:37
layer= 0 ratio= 0.011436135033744679
layer= 1 ratio= 0.013723362040493615
layer= 2 ratio= 0.016468034448592336
layer= 3 ratio= 0.019761641338310806
layer= 4 ratio= 0.023713969605972968
layer= 5 ratio= 0.02845676352716756
layer= 6 ratio= 0.03414811623260107
layer= 7 ratio= 0.04097773947912128
layer= 8 ratio= 0.049173287374945536
layer= 9 ratio= 0.05900794484993465
layer= 10 ratio= 0.07080953381992157
layer= 11 ratio= 0.08497144058390589
layer= 12 ratio= 0.10196572870068706
layer= 13 ratio= 0.12235887444082445
layer= 14 ratio= 0.14683064932898934
layer= 15 ratio= 0.1761967791947872
start add noise2021-06-30 18:31:37
end_add_noise_time2021-06-30 18:31:40
start cal weight time2021-06-30 18:31:40
end cal weight time2021-06-30 18:31:40
layer= 0 ratio= 0.011436135033744679
layer= 1 ratio= 0.013723362040493615
layer= 2 ratio= 0.016468034448592336
layer= 3 ratio= 0.019761641338310806
layer= 4 ratio= 0.023713969605972968
layer= 5 ratio= 0.02845676352716756
layer= 6 ratio= 0.03414811623260107
layer= 7 ratio= 0.04097773947912128
layer= 8 ratio= 0.049173287374945536
layer= 9 ratio= 0.05900794484993465
layer= 10 ratio= 0.07080953381992157
layer= 11 ratio= 0.08497144058390589
layer= 12 ratio= 0.10196572870068706
layer= 13 ratio= 0.12235887444082445
layer= 14 ratio= 0.14683064932898934
layer= 15 ratio= 0.1761967791947872
start add noise2021-06-30 18:31:40
end_add_noise_time2021-06-30 18:31:44
average train loss= 1.0466161070729765
2021-06-30 18:31:53,round 3,val Accuracy Top1: 69.530000 %
2021-06-30 18:31:53,round 3,val Accuracy Top5: 97.510000 %
******client id  0 ******
client_update start
client id= 0 ,round= 4 ,epoch= 1 ,client update iteration= 10 ,loss= 1.0963490009307861
client id= 0 ,round= 4 ,epoch= 1 ,client update iteration= 20 ,loss= 1.0908468961715698
client id= 0 ,round= 4 ,epoch= 1 ,client update iteration= 30 ,loss= 0.9572625756263733
client id= 0 ,round= 4 ,epoch= 1 ,client update iteration= 40 ,loss= 0.8857618570327759
client id= 0 ,round= 4 ,epoch= 1 ,client update iteration= 50 ,loss= 0.8303743600845337
client id= 0 ,round= 4 ,epoch= 1 ,client update iteration= 60 ,loss= 0.90744549036026
client id= 0 ,round= 4 ,epoch= 1 ,client update iteration= 70 ,loss= 0.8964030146598816
client id= 0 ,round= 4 ,epoch= 1 ,client update iteration= 80 ,loss= 0.858688473701477
client id= 0 ,round= 4 ,epoch= 1 ,client update iteration= 90 ,loss= 0.9062160849571228
client id= 0 ,round= 4 ,epoch= 1 ,client update iteration= 100 ,loss= 0.9772205352783203
client id= 0 ,round= 4 ,epoch= 1 ,client update iteration= 110 ,loss= 0.882480800151825
client id= 0 ,round= 4 ,epoch= 1 ,client update iteration= 120 ,loss= 0.8371298313140869
client id= 0 ,round= 4 ,epoch= 1 ,client update iteration= 130 ,loss= 1.108476161956787
client id= 0 ,round= 4 ,epoch= 1 ,client update iteration= 140 ,loss= 1.1398409605026245
client id= 0 ,round= 4 ,epoch= 1 ,client update iteration= 150 ,loss= 1.1720645427703857
client id= 0 ,round= 4 ,epoch= 1 ,client update iteration= 160 ,loss= 0.9664473533630371
client id= 0 ,round= 4 ,epoch= 1 ,client update iteration= 170 ,loss= 0.730790376663208
client id= 0 ,round= 4 ,epoch= 1 ,client update iteration= 180 ,loss= 0.733298659324646
client id= 0 ,round= 4 ,epoch= 1 ,client update iteration= 190 ,loss= 0.6553899645805359
client id= 0 ,round= 4 ,epoch= 1 ,client update iteration= 200 ,loss= 0.8451266288757324
client id= 0 ,round= 4 ,epoch= 1 ,client update iteration= 210 ,loss= 0.679006040096283
client id= 0 ,round= 4 ,epoch= 1 ,client update iteration= 220 ,loss= 0.8301751017570496
client id= 0 ,round= 4 ,epoch= 1 ,client update iteration= 230 ,loss= 1.0122339725494385
client id= 0 ,round= 4 ,epoch= 1 ,client update iteration= 240 ,loss= 0.933346688747406
client id= 0 ,round= 4 ,epoch= 1 ,client update iteration= 250 ,loss= 0.6565735936164856
client id= 0 ,round= 4 ,epoch= 1 ,client update iteration= 260 ,loss= 0.8084937930107117
client id= 0 ,round= 4 ,epoch= 1 ,client update iteration= 270 ,loss= 1.0309216976165771
client id= 0 ,round= 4 ,epoch= 1 ,client update iteration= 280 ,loss= 0.8129820823669434
client id= 0 ,round= 4 ,epoch= 1 ,client update iteration= 290 ,loss= 0.7634470462799072
client id= 0 ,round= 4 ,epoch= 1 ,client update iteration= 300 ,loss= 0.8000887036323547
client id= 0 ,round= 4 ,epoch= 1 ,client update iteration= 310 ,loss= 0.8954653739929199
client id= 0 ,round= 4 ,epoch= 1 ,client update iteration= 320 ,loss= 0.7236312627792358
client id= 0 ,round= 4 ,epoch= 1 ,client update iteration= 330 ,loss= 0.8493332862854004
client id= 0 ,round= 4 ,epoch= 1 ,client update iteration= 340 ,loss= 0.8921659588813782
client id= 0 ,round= 4 ,epoch= 1 ,client update iteration= 350 ,loss= 0.8645812273025513
client id= 0 ,round= 4 ,epoch= 1 ,client update iteration= 360 ,loss= 0.8021733164787292
client id= 0 ,round= 4 ,epoch= 1 ,client update iteration= 370 ,loss= 0.6956740021705627
client id= 0 ,round= 4 ,epoch= 1 ,client update iteration= 380 ,loss= 0.7435066103935242
client id= 0 ,round= 4 ,epoch= 1 ,client update iteration= 390 ,loss= 0.7653083205223083
******client id  1 ******
client_update start
client id= 1 ,round= 4 ,epoch= 1 ,client update iteration= 10 ,loss= 0.6990477442741394
client id= 1 ,round= 4 ,epoch= 1 ,client update iteration= 20 ,loss= 1.1639306545257568
client id= 1 ,round= 4 ,epoch= 1 ,client update iteration= 30 ,loss= 1.0160027742385864
client id= 1 ,round= 4 ,epoch= 1 ,client update iteration= 40 ,loss= 0.9004392027854919
client id= 1 ,round= 4 ,epoch= 1 ,client update iteration= 50 ,loss= 0.8071367740631104
client id= 1 ,round= 4 ,epoch= 1 ,client update iteration= 60 ,loss= 0.661312997341156
client id= 1 ,round= 4 ,epoch= 1 ,client update iteration= 70 ,loss= 1.0706391334533691
client id= 1 ,round= 4 ,epoch= 1 ,client update iteration= 80 ,loss= 0.999765157699585
client id= 1 ,round= 4 ,epoch= 1 ,client update iteration= 90 ,loss= 0.923771858215332
client id= 1 ,round= 4 ,epoch= 1 ,client update iteration= 100 ,loss= 0.8574026823043823
client id= 1 ,round= 4 ,epoch= 1 ,client update iteration= 110 ,loss= 0.7885005474090576
client id= 1 ,round= 4 ,epoch= 1 ,client update iteration= 120 ,loss= 0.9936146140098572
client id= 1 ,round= 4 ,epoch= 1 ,client update iteration= 130 ,loss= 0.931045651435852
client id= 1 ,round= 4 ,epoch= 1 ,client update iteration= 140 ,loss= 0.9156288504600525
client id= 1 ,round= 4 ,epoch= 1 ,client update iteration= 150 ,loss= 0.9361975193023682
client id= 1 ,round= 4 ,epoch= 1 ,client update iteration= 160 ,loss= 0.8782444596290588
client id= 1 ,round= 4 ,epoch= 1 ,client update iteration= 170 ,loss= 1.1440473794937134
client id= 1 ,round= 4 ,epoch= 1 ,client update iteration= 180 ,loss= 0.6900052428245544
client id= 1 ,round= 4 ,epoch= 1 ,client update iteration= 190 ,loss= 1.0499571561813354
client id= 1 ,round= 4 ,epoch= 1 ,client update iteration= 200 ,loss= 0.9640960693359375
client id= 1 ,round= 4 ,epoch= 1 ,client update iteration= 210 ,loss= 0.8396508693695068
client id= 1 ,round= 4 ,epoch= 1 ,client update iteration= 220 ,loss= 0.7922776341438293
client id= 1 ,round= 4 ,epoch= 1 ,client update iteration= 230 ,loss= 1.0562750101089478
client id= 1 ,round= 4 ,epoch= 1 ,client update iteration= 240 ,loss= 0.8184848427772522
client id= 1 ,round= 4 ,epoch= 1 ,client update iteration= 250 ,loss= 0.8774274587631226
client id= 1 ,round= 4 ,epoch= 1 ,client update iteration= 260 ,loss= 0.9402315616607666
client id= 1 ,round= 4 ,epoch= 1 ,client update iteration= 270 ,loss= 0.9673884510993958
client id= 1 ,round= 4 ,epoch= 1 ,client update iteration= 280 ,loss= 0.8757746815681458
client id= 1 ,round= 4 ,epoch= 1 ,client update iteration= 290 ,loss= 0.7426818013191223
client id= 1 ,round= 4 ,epoch= 1 ,client update iteration= 300 ,loss= 0.9033738970756531
client id= 1 ,round= 4 ,epoch= 1 ,client update iteration= 310 ,loss= 0.8567742705345154
client id= 1 ,round= 4 ,epoch= 1 ,client update iteration= 320 ,loss= 0.5958343744277954
client id= 1 ,round= 4 ,epoch= 1 ,client update iteration= 330 ,loss= 0.8002411127090454
client id= 1 ,round= 4 ,epoch= 1 ,client update iteration= 340 ,loss= 0.7731452584266663
client id= 1 ,round= 4 ,epoch= 1 ,client update iteration= 350 ,loss= 0.9535542130470276
client id= 1 ,round= 4 ,epoch= 1 ,client update iteration= 360 ,loss= 1.0451346635818481
client id= 1 ,round= 4 ,epoch= 1 ,client update iteration= 370 ,loss= 0.9248849153518677
client id= 1 ,round= 4 ,epoch= 1 ,client update iteration= 380 ,loss= 0.6993141770362854
client id= 1 ,round= 4 ,epoch= 1 ,client update iteration= 390 ,loss= 0.7361544370651245
start cal weight time2021-06-30 18:34:18
end cal weight time2021-06-30 18:34:18
layer= 0 ratio= 0.011436135033744679
layer= 1 ratio= 0.013723362040493615
layer= 2 ratio= 0.016468034448592336
layer= 3 ratio= 0.019761641338310806
layer= 4 ratio= 0.023713969605972968
layer= 5 ratio= 0.02845676352716756
layer= 6 ratio= 0.03414811623260107
layer= 7 ratio= 0.04097773947912128
layer= 8 ratio= 0.049173287374945536
layer= 9 ratio= 0.05900794484993465
layer= 10 ratio= 0.07080953381992157
layer= 11 ratio= 0.08497144058390589
layer= 12 ratio= 0.10196572870068706
layer= 13 ratio= 0.12235887444082445
layer= 14 ratio= 0.14683064932898934
layer= 15 ratio= 0.1761967791947872
start add noise2021-06-30 18:34:18
end_add_noise_time2021-06-30 18:34:22
start cal weight time2021-06-30 18:34:22
end cal weight time2021-06-30 18:34:22
layer= 0 ratio= 0.011436135033744679
layer= 1 ratio= 0.013723362040493615
layer= 2 ratio= 0.016468034448592336
layer= 3 ratio= 0.019761641338310806
layer= 4 ratio= 0.023713969605972968
layer= 5 ratio= 0.02845676352716756
layer= 6 ratio= 0.03414811623260107
layer= 7 ratio= 0.04097773947912128
layer= 8 ratio= 0.049173287374945536
layer= 9 ratio= 0.05900794484993465
layer= 10 ratio= 0.07080953381992157
layer= 11 ratio= 0.08497144058390589
layer= 12 ratio= 0.10196572870068706
layer= 13 ratio= 0.12235887444082445
layer= 14 ratio= 0.14683064932898934
layer= 15 ratio= 0.1761967791947872
start add noise2021-06-30 18:34:22
end_add_noise_time2021-06-30 18:34:25
average train loss= 0.8641964326734128
2021-06-30 18:34:34,round 4,val Accuracy Top1: 72.630000 %
2021-06-30 18:34:34,round 4,val Accuracy Top5: 97.840000 %
******client id  0 ******
client_update start
client id= 0 ,round= 5 ,epoch= 1 ,client update iteration= 10 ,loss= 0.7473870515823364
client id= 0 ,round= 5 ,epoch= 1 ,client update iteration= 20 ,loss= 0.5772932767868042
client id= 0 ,round= 5 ,epoch= 1 ,client update iteration= 30 ,loss= 0.7559872269630432
client id= 0 ,round= 5 ,epoch= 1 ,client update iteration= 40 ,loss= 0.852335512638092
client id= 0 ,round= 5 ,epoch= 1 ,client update iteration= 50 ,loss= 0.6683789491653442
client id= 0 ,round= 5 ,epoch= 1 ,client update iteration= 60 ,loss= 1.0148049592971802
client id= 0 ,round= 5 ,epoch= 1 ,client update iteration= 70 ,loss= 0.7511810660362244
client id= 0 ,round= 5 ,epoch= 1 ,client update iteration= 80 ,loss= 1.0283750295639038
client id= 0 ,round= 5 ,epoch= 1 ,client update iteration= 90 ,loss= 0.7318697571754456
client id= 0 ,round= 5 ,epoch= 1 ,client update iteration= 100 ,loss= 0.8338452577590942
client id= 0 ,round= 5 ,epoch= 1 ,client update iteration= 110 ,loss= 0.6739861369132996
client id= 0 ,round= 5 ,epoch= 1 ,client update iteration= 120 ,loss= 0.9591289758682251
client id= 0 ,round= 5 ,epoch= 1 ,client update iteration= 130 ,loss= 0.6466153264045715
client id= 0 ,round= 5 ,epoch= 1 ,client update iteration= 140 ,loss= 0.8371454477310181
client id= 0 ,round= 5 ,epoch= 1 ,client update iteration= 150 ,loss= 0.7662969827651978
client id= 0 ,round= 5 ,epoch= 1 ,client update iteration= 160 ,loss= 0.5918402075767517
client id= 0 ,round= 5 ,epoch= 1 ,client update iteration= 170 ,loss= 0.9538642764091492
client id= 0 ,round= 5 ,epoch= 1 ,client update iteration= 180 ,loss= 0.9240484833717346
client id= 0 ,round= 5 ,epoch= 1 ,client update iteration= 190 ,loss= 0.8166815042495728
client id= 0 ,round= 5 ,epoch= 1 ,client update iteration= 200 ,loss= 0.7977935671806335
client id= 0 ,round= 5 ,epoch= 1 ,client update iteration= 210 ,loss= 0.5135276317596436
client id= 0 ,round= 5 ,epoch= 1 ,client update iteration= 220 ,loss= 0.6269880533218384
client id= 0 ,round= 5 ,epoch= 1 ,client update iteration= 230 ,loss= 0.5675705671310425
client id= 0 ,round= 5 ,epoch= 1 ,client update iteration= 240 ,loss= 1.1050827503204346
client id= 0 ,round= 5 ,epoch= 1 ,client update iteration= 250 ,loss= 0.875613808631897
client id= 0 ,round= 5 ,epoch= 1 ,client update iteration= 260 ,loss= 0.6166490912437439
client id= 0 ,round= 5 ,epoch= 1 ,client update iteration= 270 ,loss= 0.6820853352546692
client id= 0 ,round= 5 ,epoch= 1 ,client update iteration= 280 ,loss= 0.9421842694282532
client id= 0 ,round= 5 ,epoch= 1 ,client update iteration= 290 ,loss= 0.825204610824585
client id= 0 ,round= 5 ,epoch= 1 ,client update iteration= 300 ,loss= 0.7334920167922974
client id= 0 ,round= 5 ,epoch= 1 ,client update iteration= 310 ,loss= 0.9452038407325745
client id= 0 ,round= 5 ,epoch= 1 ,client update iteration= 320 ,loss= 0.7064697742462158
client id= 0 ,round= 5 ,epoch= 1 ,client update iteration= 330 ,loss= 1.0659551620483398
client id= 0 ,round= 5 ,epoch= 1 ,client update iteration= 340 ,loss= 0.9264959692955017
client id= 0 ,round= 5 ,epoch= 1 ,client update iteration= 350 ,loss= 0.8389660716056824
client id= 0 ,round= 5 ,epoch= 1 ,client update iteration= 360 ,loss= 0.7689896821975708
client id= 0 ,round= 5 ,epoch= 1 ,client update iteration= 370 ,loss= 0.7850977778434753
client id= 0 ,round= 5 ,epoch= 1 ,client update iteration= 380 ,loss= 0.818263053894043
client id= 0 ,round= 5 ,epoch= 1 ,client update iteration= 390 ,loss= 1.0538135766983032
******client id  1 ******
client_update start
client id= 1 ,round= 5 ,epoch= 1 ,client update iteration= 10 ,loss= 0.9334794878959656
client id= 1 ,round= 5 ,epoch= 1 ,client update iteration= 20 ,loss= 0.7765893936157227
client id= 1 ,round= 5 ,epoch= 1 ,client update iteration= 30 ,loss= 0.9123391509056091
client id= 1 ,round= 5 ,epoch= 1 ,client update iteration= 40 ,loss= 0.6253321766853333
client id= 1 ,round= 5 ,epoch= 1 ,client update iteration= 50 ,loss= 0.9010812044143677
client id= 1 ,round= 5 ,epoch= 1 ,client update iteration= 60 ,loss= 0.8221317529678345
client id= 1 ,round= 5 ,epoch= 1 ,client update iteration= 70 ,loss= 0.9606733918190002
client id= 1 ,round= 5 ,epoch= 1 ,client update iteration= 80 ,loss= 0.7355481386184692
client id= 1 ,round= 5 ,epoch= 1 ,client update iteration= 90 ,loss= 0.6813209652900696
client id= 1 ,round= 5 ,epoch= 1 ,client update iteration= 100 ,loss= 0.9071391820907593
client id= 1 ,round= 5 ,epoch= 1 ,client update iteration= 110 ,loss= 0.843754768371582
client id= 1 ,round= 5 ,epoch= 1 ,client update iteration= 120 ,loss= 0.8751901388168335
client id= 1 ,round= 5 ,epoch= 1 ,client update iteration= 130 ,loss= 0.8479019999504089
client id= 1 ,round= 5 ,epoch= 1 ,client update iteration= 140 ,loss= 0.7146629095077515
client id= 1 ,round= 5 ,epoch= 1 ,client update iteration= 150 ,loss= 0.89695143699646
client id= 1 ,round= 5 ,epoch= 1 ,client update iteration= 160 ,loss= 0.8711926937103271
client id= 1 ,round= 5 ,epoch= 1 ,client update iteration= 170 ,loss= 0.8710717558860779
client id= 1 ,round= 5 ,epoch= 1 ,client update iteration= 180 ,loss= 0.6210699081420898
client id= 1 ,round= 5 ,epoch= 1 ,client update iteration= 190 ,loss= 0.9411924481391907
client id= 1 ,round= 5 ,epoch= 1 ,client update iteration= 200 ,loss= 0.7937232255935669
client id= 1 ,round= 5 ,epoch= 1 ,client update iteration= 210 ,loss= 0.8152406215667725
client id= 1 ,round= 5 ,epoch= 1 ,client update iteration= 220 ,loss= 0.5944870114326477
client id= 1 ,round= 5 ,epoch= 1 ,client update iteration= 230 ,loss= 0.7353321313858032
client id= 1 ,round= 5 ,epoch= 1 ,client update iteration= 240 ,loss= 0.8754479885101318
client id= 1 ,round= 5 ,epoch= 1 ,client update iteration= 250 ,loss= 0.7966272830963135
client id= 1 ,round= 5 ,epoch= 1 ,client update iteration= 260 ,loss= 0.9802370667457581
client id= 1 ,round= 5 ,epoch= 1 ,client update iteration= 270 ,loss= 0.8022642135620117
client id= 1 ,round= 5 ,epoch= 1 ,client update iteration= 280 ,loss= 0.7524967789649963
client id= 1 ,round= 5 ,epoch= 1 ,client update iteration= 290 ,loss= 0.7754874229431152
client id= 1 ,round= 5 ,epoch= 1 ,client update iteration= 300 ,loss= 0.5197440981864929
client id= 1 ,round= 5 ,epoch= 1 ,client update iteration= 310 ,loss= 0.8750174641609192
client id= 1 ,round= 5 ,epoch= 1 ,client update iteration= 320 ,loss= 0.7231963872909546
client id= 1 ,round= 5 ,epoch= 1 ,client update iteration= 330 ,loss= 0.8640936613082886
client id= 1 ,round= 5 ,epoch= 1 ,client update iteration= 340 ,loss= 0.9024893045425415
client id= 1 ,round= 5 ,epoch= 1 ,client update iteration= 350 ,loss= 0.6885943412780762
client id= 1 ,round= 5 ,epoch= 1 ,client update iteration= 360 ,loss= 0.5602552890777588
client id= 1 ,round= 5 ,epoch= 1 ,client update iteration= 370 ,loss= 0.7119343876838684
client id= 1 ,round= 5 ,epoch= 1 ,client update iteration= 380 ,loss= 0.7285709977149963
client id= 1 ,round= 5 ,epoch= 1 ,client update iteration= 390 ,loss= 0.5119494199752808
start cal weight time2021-06-30 18:37:00
end cal weight time2021-06-30 18:37:00
layer= 0 ratio= 0.011436135033744679
layer= 1 ratio= 0.013723362040493615
layer= 2 ratio= 0.016468034448592336
layer= 3 ratio= 0.019761641338310806
layer= 4 ratio= 0.023713969605972968
layer= 5 ratio= 0.02845676352716756
layer= 6 ratio= 0.03414811623260107
layer= 7 ratio= 0.04097773947912128
layer= 8 ratio= 0.049173287374945536
layer= 9 ratio= 0.05900794484993465
layer= 10 ratio= 0.07080953381992157
layer= 11 ratio= 0.08497144058390589
layer= 12 ratio= 0.10196572870068706
layer= 13 ratio= 0.12235887444082445
layer= 14 ratio= 0.14683064932898934
layer= 15 ratio= 0.1761967791947872
start add noise2021-06-30 18:37:00
end_add_noise_time2021-06-30 18:37:04
start cal weight time2021-06-30 18:37:04
end cal weight time2021-06-30 18:37:04
layer= 0 ratio= 0.011436135033744679
layer= 1 ratio= 0.013723362040493615
layer= 2 ratio= 0.016468034448592336
layer= 3 ratio= 0.019761641338310806
layer= 4 ratio= 0.023713969605972968
layer= 5 ratio= 0.02845676352716756
layer= 6 ratio= 0.03414811623260107
layer= 7 ratio= 0.04097773947912128
layer= 8 ratio= 0.049173287374945536
layer= 9 ratio= 0.05900794484993465
layer= 10 ratio= 0.07080953381992157
layer= 11 ratio= 0.08497144058390589
layer= 12 ratio= 0.10196572870068706
layer= 13 ratio= 0.12235887444082445
layer= 14 ratio= 0.14683064932898934
layer= 15 ratio= 0.1761967791947872
start add noise2021-06-30 18:37:04
end_add_noise_time2021-06-30 18:37:07
average train loss= 0.7822468676759153
2021-06-30 18:37:16,round 5,val Accuracy Top1: 73.190000 %
2021-06-30 18:37:16,round 5,val Accuracy Top5: 97.950000 %
******client id  0 ******
client_update start
client id= 0 ,round= 6 ,epoch= 1 ,client update iteration= 10 ,loss= 0.800984263420105
client id= 0 ,round= 6 ,epoch= 1 ,client update iteration= 20 ,loss= 0.7955735325813293
client id= 0 ,round= 6 ,epoch= 1 ,client update iteration= 30 ,loss= 0.5655705332756042
client id= 0 ,round= 6 ,epoch= 1 ,client update iteration= 40 ,loss= 0.7734586596488953
client id= 0 ,round= 6 ,epoch= 1 ,client update iteration= 50 ,loss= 0.8935418725013733
client id= 0 ,round= 6 ,epoch= 1 ,client update iteration= 60 ,loss= 0.8066635727882385
client id= 0 ,round= 6 ,epoch= 1 ,client update iteration= 70 ,loss= 0.7620935440063477
client id= 0 ,round= 6 ,epoch= 1 ,client update iteration= 80 ,loss= 0.8455963730812073
client id= 0 ,round= 6 ,epoch= 1 ,client update iteration= 90 ,loss= 0.8168781399726868
client id= 0 ,round= 6 ,epoch= 1 ,client update iteration= 100 ,loss= 0.5809895396232605
client id= 0 ,round= 6 ,epoch= 1 ,client update iteration= 110 ,loss= 0.8035518527030945
client id= 0 ,round= 6 ,epoch= 1 ,client update iteration= 120 ,loss= 0.9775475263595581
client id= 0 ,round= 6 ,epoch= 1 ,client update iteration= 130 ,loss= 0.7001399993896484
client id= 0 ,round= 6 ,epoch= 1 ,client update iteration= 140 ,loss= 1.1344022750854492
client id= 0 ,round= 6 ,epoch= 1 ,client update iteration= 150 ,loss= 0.8335685729980469
client id= 0 ,round= 6 ,epoch= 1 ,client update iteration= 160 ,loss= 0.7972174286842346
client id= 0 ,round= 6 ,epoch= 1 ,client update iteration= 170 ,loss= 1.034216284751892
client id= 0 ,round= 6 ,epoch= 1 ,client update iteration= 180 ,loss= 0.798084557056427
client id= 0 ,round= 6 ,epoch= 1 ,client update iteration= 190 ,loss= 0.641288697719574
client id= 0 ,round= 6 ,epoch= 1 ,client update iteration= 200 ,loss= 0.7283361554145813
client id= 0 ,round= 6 ,epoch= 1 ,client update iteration= 210 ,loss= 1.0122435092926025
client id= 0 ,round= 6 ,epoch= 1 ,client update iteration= 220 ,loss= 0.48937299847602844
client id= 0 ,round= 6 ,epoch= 1 ,client update iteration= 230 ,loss= 0.8132666945457458
client id= 0 ,round= 6 ,epoch= 1 ,client update iteration= 240 ,loss= 0.8049734234809875
client id= 0 ,round= 6 ,epoch= 1 ,client update iteration= 250 ,loss= 0.5751785635948181
client id= 0 ,round= 6 ,epoch= 1 ,client update iteration= 260 ,loss= 0.6137866973876953
client id= 0 ,round= 6 ,epoch= 1 ,client update iteration= 270 ,loss= 0.6605018377304077
client id= 0 ,round= 6 ,epoch= 1 ,client update iteration= 280 ,loss= 0.5417799353599548
client id= 0 ,round= 6 ,epoch= 1 ,client update iteration= 290 ,loss= 0.6106252670288086
client id= 0 ,round= 6 ,epoch= 1 ,client update iteration= 300 ,loss= 0.8281861543655396
client id= 0 ,round= 6 ,epoch= 1 ,client update iteration= 310 ,loss= 0.6219102740287781
client id= 0 ,round= 6 ,epoch= 1 ,client update iteration= 320 ,loss= 0.6082645058631897
client id= 0 ,round= 6 ,epoch= 1 ,client update iteration= 330 ,loss= 0.48242196440696716
client id= 0 ,round= 6 ,epoch= 1 ,client update iteration= 340 ,loss= 0.682469367980957
client id= 0 ,round= 6 ,epoch= 1 ,client update iteration= 350 ,loss= 0.7760270237922668
client id= 0 ,round= 6 ,epoch= 1 ,client update iteration= 360 ,loss= 0.5649075508117676
client id= 0 ,round= 6 ,epoch= 1 ,client update iteration= 370 ,loss= 0.47743192315101624
client id= 0 ,round= 6 ,epoch= 1 ,client update iteration= 380 ,loss= 0.8724966645240784
client id= 0 ,round= 6 ,epoch= 1 ,client update iteration= 390 ,loss= 0.5534329414367676
******client id  1 ******
client_update start
client id= 1 ,round= 6 ,epoch= 1 ,client update iteration= 10 ,loss= 0.8903954029083252
client id= 1 ,round= 6 ,epoch= 1 ,client update iteration= 20 ,loss= 0.8069561719894409
client id= 1 ,round= 6 ,epoch= 1 ,client update iteration= 30 ,loss= 0.7791136503219604
client id= 1 ,round= 6 ,epoch= 1 ,client update iteration= 40 ,loss= 0.8008469343185425
client id= 1 ,round= 6 ,epoch= 1 ,client update iteration= 50 ,loss= 0.5227883458137512
client id= 1 ,round= 6 ,epoch= 1 ,client update iteration= 60 ,loss= 0.8280448913574219
client id= 1 ,round= 6 ,epoch= 1 ,client update iteration= 70 ,loss= 0.9388672709465027
client id= 1 ,round= 6 ,epoch= 1 ,client update iteration= 80 ,loss= 0.8958308696746826
client id= 1 ,round= 6 ,epoch= 1 ,client update iteration= 90 ,loss= 0.9980515241622925
client id= 1 ,round= 6 ,epoch= 1 ,client update iteration= 100 ,loss= 0.8949478268623352
client id= 1 ,round= 6 ,epoch= 1 ,client update iteration= 110 ,loss= 0.620191216468811
client id= 1 ,round= 6 ,epoch= 1 ,client update iteration= 120 ,loss= 0.5713239908218384
client id= 1 ,round= 6 ,epoch= 1 ,client update iteration= 130 ,loss= 0.7295001149177551
client id= 1 ,round= 6 ,epoch= 1 ,client update iteration= 140 ,loss= 1.193280816078186
client id= 1 ,round= 6 ,epoch= 1 ,client update iteration= 150 ,loss= 1.0728607177734375
client id= 1 ,round= 6 ,epoch= 1 ,client update iteration= 160 ,loss= 0.7516469955444336
client id= 1 ,round= 6 ,epoch= 1 ,client update iteration= 170 ,loss= 0.5977909564971924
client id= 1 ,round= 6 ,epoch= 1 ,client update iteration= 180 ,loss= 0.7443878054618835
client id= 1 ,round= 6 ,epoch= 1 ,client update iteration= 190 ,loss= 0.6049520373344421
client id= 1 ,round= 6 ,epoch= 1 ,client update iteration= 200 ,loss= 0.7344543933868408
client id= 1 ,round= 6 ,epoch= 1 ,client update iteration= 210 ,loss= 0.6682087182998657
client id= 1 ,round= 6 ,epoch= 1 ,client update iteration= 220 ,loss= 0.8654285073280334
client id= 1 ,round= 6 ,epoch= 1 ,client update iteration= 230 ,loss= 0.6828076243400574
client id= 1 ,round= 6 ,epoch= 1 ,client update iteration= 240 ,loss= 0.8116664886474609
client id= 1 ,round= 6 ,epoch= 1 ,client update iteration= 250 ,loss= 0.7624890804290771
client id= 1 ,round= 6 ,epoch= 1 ,client update iteration= 260 ,loss= 0.9343605041503906
client id= 1 ,round= 6 ,epoch= 1 ,client update iteration= 270 ,loss= 0.6882461905479431
client id= 1 ,round= 6 ,epoch= 1 ,client update iteration= 280 ,loss= 0.8495085835456848
client id= 1 ,round= 6 ,epoch= 1 ,client update iteration= 290 ,loss= 0.8530718088150024
client id= 1 ,round= 6 ,epoch= 1 ,client update iteration= 300 ,loss= 0.9686613082885742
client id= 1 ,round= 6 ,epoch= 1 ,client update iteration= 310 ,loss= 0.8725230693817139
client id= 1 ,round= 6 ,epoch= 1 ,client update iteration= 320 ,loss= 0.8672460317611694
client id= 1 ,round= 6 ,epoch= 1 ,client update iteration= 330 ,loss= 0.9500769376754761
client id= 1 ,round= 6 ,epoch= 1 ,client update iteration= 340 ,loss= 0.8917697072029114
client id= 1 ,round= 6 ,epoch= 1 ,client update iteration= 350 ,loss= 0.8183042407035828
client id= 1 ,round= 6 ,epoch= 1 ,client update iteration= 360 ,loss= 0.8263846039772034
client id= 1 ,round= 6 ,epoch= 1 ,client update iteration= 370 ,loss= 0.67044597864151
client id= 1 ,round= 6 ,epoch= 1 ,client update iteration= 380 ,loss= 1.0830579996109009
client id= 1 ,round= 6 ,epoch= 1 ,client update iteration= 390 ,loss= 0.8904700875282288
start cal weight time2021-06-30 18:39:42
end cal weight time2021-06-30 18:39:42
layer= 0 ratio= 0.011436135033744679
layer= 1 ratio= 0.013723362040493615
layer= 2 ratio= 0.016468034448592336
layer= 3 ratio= 0.019761641338310806
layer= 4 ratio= 0.023713969605972968
layer= 5 ratio= 0.02845676352716756
layer= 6 ratio= 0.03414811623260107
layer= 7 ratio= 0.04097773947912128
layer= 8 ratio= 0.049173287374945536
layer= 9 ratio= 0.05900794484993465
layer= 10 ratio= 0.07080953381992157
layer= 11 ratio= 0.08497144058390589
layer= 12 ratio= 0.10196572870068706
layer= 13 ratio= 0.12235887444082445
layer= 14 ratio= 0.14683064932898934
layer= 15 ratio= 0.1761967791947872
start add noise2021-06-30 18:39:42
end_add_noise_time2021-06-30 18:39:45
start cal weight time2021-06-30 18:39:45
end cal weight time2021-06-30 18:39:45
layer= 0 ratio= 0.011436135033744679
layer= 1 ratio= 0.013723362040493615
layer= 2 ratio= 0.016468034448592336
layer= 3 ratio= 0.019761641338310806
layer= 4 ratio= 0.023713969605972968
layer= 5 ratio= 0.02845676352716756
layer= 6 ratio= 0.03414811623260107
layer= 7 ratio= 0.04097773947912128
layer= 8 ratio= 0.049173287374945536
layer= 9 ratio= 0.05900794484993465
layer= 10 ratio= 0.07080953381992157
layer= 11 ratio= 0.08497144058390589
layer= 12 ratio= 0.10196572870068706
layer= 13 ratio= 0.12235887444082445
layer= 14 ratio= 0.14683064932898934
layer= 15 ratio= 0.1761967791947872
start add noise2021-06-30 18:39:45
end_add_noise_time2021-06-30 18:39:49
average train loss= 0.7726750992753011
2021-06-30 18:39:58,round 6,val Accuracy Top1: 71.070000 %
2021-06-30 18:39:58,round 6,val Accuracy Top5: 97.710000 %
******client id  0 ******
client_update start
client id= 0 ,round= 7 ,epoch= 1 ,client update iteration= 10 ,loss= 0.9314308166503906
client id= 0 ,round= 7 ,epoch= 1 ,client update iteration= 20 ,loss= 0.9756385087966919
client id= 0 ,round= 7 ,epoch= 1 ,client update iteration= 30 ,loss= 0.9232656955718994
client id= 0 ,round= 7 ,epoch= 1 ,client update iteration= 40 ,loss= 1.0110820531845093
client id= 0 ,round= 7 ,epoch= 1 ,client update iteration= 50 ,loss= 0.6530507802963257
client id= 0 ,round= 7 ,epoch= 1 ,client update iteration= 60 ,loss= 0.8663679361343384
client id= 0 ,round= 7 ,epoch= 1 ,client update iteration= 70 ,loss= 0.7544068694114685
client id= 0 ,round= 7 ,epoch= 1 ,client update iteration= 80 ,loss= 0.7114730477333069
client id= 0 ,round= 7 ,epoch= 1 ,client update iteration= 90 ,loss= 0.8673325777053833
client id= 0 ,round= 7 ,epoch= 1 ,client update iteration= 100 ,loss= 0.8815203309059143
client id= 0 ,round= 7 ,epoch= 1 ,client update iteration= 110 ,loss= 0.8551856279373169
client id= 0 ,round= 7 ,epoch= 1 ,client update iteration= 120 ,loss= 0.8160627484321594
client id= 0 ,round= 7 ,epoch= 1 ,client update iteration= 130 ,loss= 0.8327663540840149
client id= 0 ,round= 7 ,epoch= 1 ,client update iteration= 140 ,loss= 0.6684717535972595
client id= 0 ,round= 7 ,epoch= 1 ,client update iteration= 150 ,loss= 0.7039797306060791
client id= 0 ,round= 7 ,epoch= 1 ,client update iteration= 160 ,loss= 0.7129501104354858
client id= 0 ,round= 7 ,epoch= 1 ,client update iteration= 170 ,loss= 0.7611269950866699
client id= 0 ,round= 7 ,epoch= 1 ,client update iteration= 180 ,loss= 0.6737478375434875
client id= 0 ,round= 7 ,epoch= 1 ,client update iteration= 190 ,loss= 0.5779431462287903
client id= 0 ,round= 7 ,epoch= 1 ,client update iteration= 200 ,loss= 0.6470704078674316
client id= 0 ,round= 7 ,epoch= 1 ,client update iteration= 210 ,loss= 0.8319675922393799
client id= 0 ,round= 7 ,epoch= 1 ,client update iteration= 220 ,loss= 0.6817020177841187
client id= 0 ,round= 7 ,epoch= 1 ,client update iteration= 230 ,loss= 0.8018247485160828
client id= 0 ,round= 7 ,epoch= 1 ,client update iteration= 240 ,loss= 0.667823314666748
client id= 0 ,round= 7 ,epoch= 1 ,client update iteration= 250 ,loss= 0.7415528893470764
client id= 0 ,round= 7 ,epoch= 1 ,client update iteration= 260 ,loss= 0.8847335577011108
client id= 0 ,round= 7 ,epoch= 1 ,client update iteration= 270 ,loss= 0.6478172540664673
client id= 0 ,round= 7 ,epoch= 1 ,client update iteration= 280 ,loss= 0.794498085975647
client id= 0 ,round= 7 ,epoch= 1 ,client update iteration= 290 ,loss= 0.7589119672775269
client id= 0 ,round= 7 ,epoch= 1 ,client update iteration= 300 ,loss= 0.6235972046852112
client id= 0 ,round= 7 ,epoch= 1 ,client update iteration= 310 ,loss= 0.6963008046150208
client id= 0 ,round= 7 ,epoch= 1 ,client update iteration= 320 ,loss= 1.025923490524292
client id= 0 ,round= 7 ,epoch= 1 ,client update iteration= 330 ,loss= 0.6392512321472168
client id= 0 ,round= 7 ,epoch= 1 ,client update iteration= 340 ,loss= 0.48834457993507385
client id= 0 ,round= 7 ,epoch= 1 ,client update iteration= 350 ,loss= 0.76130211353302
client id= 0 ,round= 7 ,epoch= 1 ,client update iteration= 360 ,loss= 0.7768980860710144
client id= 0 ,round= 7 ,epoch= 1 ,client update iteration= 370 ,loss= 0.4935402572154999
client id= 0 ,round= 7 ,epoch= 1 ,client update iteration= 380 ,loss= 0.8693616390228271
client id= 0 ,round= 7 ,epoch= 1 ,client update iteration= 390 ,loss= 0.5536512732505798
******client id  1 ******
client_update start
client id= 1 ,round= 7 ,epoch= 1 ,client update iteration= 10 ,loss= 1.0548553466796875
client id= 1 ,round= 7 ,epoch= 1 ,client update iteration= 20 ,loss= 0.8965088129043579
client id= 1 ,round= 7 ,epoch= 1 ,client update iteration= 30 ,loss= 0.8313175439834595
client id= 1 ,round= 7 ,epoch= 1 ,client update iteration= 40 ,loss= 1.1182427406311035
client id= 1 ,round= 7 ,epoch= 1 ,client update iteration= 50 ,loss= 0.7233829498291016
client id= 1 ,round= 7 ,epoch= 1 ,client update iteration= 60 ,loss= 0.9159752130508423
client id= 1 ,round= 7 ,epoch= 1 ,client update iteration= 70 ,loss= 0.8237872123718262
client id= 1 ,round= 7 ,epoch= 1 ,client update iteration= 80 ,loss= 0.7688512802124023
client id= 1 ,round= 7 ,epoch= 1 ,client update iteration= 90 ,loss= 0.7054167985916138
client id= 1 ,round= 7 ,epoch= 1 ,client update iteration= 100 ,loss= 1.0441641807556152
client id= 1 ,round= 7 ,epoch= 1 ,client update iteration= 110 ,loss= 0.9112358689308167
client id= 1 ,round= 7 ,epoch= 1 ,client update iteration= 120 ,loss= 0.5150043368339539
client id= 1 ,round= 7 ,epoch= 1 ,client update iteration= 130 ,loss= 1.1052651405334473
client id= 1 ,round= 7 ,epoch= 1 ,client update iteration= 140 ,loss= 0.8500354290008545
client id= 1 ,round= 7 ,epoch= 1 ,client update iteration= 150 ,loss= 1.1593146324157715
client id= 1 ,round= 7 ,epoch= 1 ,client update iteration= 160 ,loss= 0.929613471031189
client id= 1 ,round= 7 ,epoch= 1 ,client update iteration= 170 ,loss= 0.9071345925331116
client id= 1 ,round= 7 ,epoch= 1 ,client update iteration= 180 ,loss= 0.7800552845001221
client id= 1 ,round= 7 ,epoch= 1 ,client update iteration= 190 ,loss= 0.7818526029586792
client id= 1 ,round= 7 ,epoch= 1 ,client update iteration= 200 ,loss= 0.7808153033256531
client id= 1 ,round= 7 ,epoch= 1 ,client update iteration= 210 ,loss= 0.7618299126625061
client id= 1 ,round= 7 ,epoch= 1 ,client update iteration= 220 ,loss= 0.7690699100494385
client id= 1 ,round= 7 ,epoch= 1 ,client update iteration= 230 ,loss= 0.6764596700668335
client id= 1 ,round= 7 ,epoch= 1 ,client update iteration= 240 ,loss= 0.4470718502998352
client id= 1 ,round= 7 ,epoch= 1 ,client update iteration= 250 ,loss= 0.6912202835083008
client id= 1 ,round= 7 ,epoch= 1 ,client update iteration= 260 ,loss= 0.7459368705749512
client id= 1 ,round= 7 ,epoch= 1 ,client update iteration= 270 ,loss= 0.7953341603279114
client id= 1 ,round= 7 ,epoch= 1 ,client update iteration= 280 ,loss= 1.0432047843933105
client id= 1 ,round= 7 ,epoch= 1 ,client update iteration= 290 ,loss= 0.5781708359718323
client id= 1 ,round= 7 ,epoch= 1 ,client update iteration= 300 ,loss= 0.7861102819442749
client id= 1 ,round= 7 ,epoch= 1 ,client update iteration= 310 ,loss= 0.577860414981842
client id= 1 ,round= 7 ,epoch= 1 ,client update iteration= 320 ,loss= 0.7670726180076599
client id= 1 ,round= 7 ,epoch= 1 ,client update iteration= 330 ,loss= 0.8913537263870239
client id= 1 ,round= 7 ,epoch= 1 ,client update iteration= 340 ,loss= 1.1983649730682373
client id= 1 ,round= 7 ,epoch= 1 ,client update iteration= 350 ,loss= 0.6677354574203491
client id= 1 ,round= 7 ,epoch= 1 ,client update iteration= 360 ,loss= 0.7396970987319946
client id= 1 ,round= 7 ,epoch= 1 ,client update iteration= 370 ,loss= 0.6503157615661621
client id= 1 ,round= 7 ,epoch= 1 ,client update iteration= 380 ,loss= 0.6612868309020996
client id= 1 ,round= 7 ,epoch= 1 ,client update iteration= 390 ,loss= 0.985031247138977
start cal weight time2021-06-30 18:42:23
end cal weight time2021-06-30 18:42:23
layer= 0 ratio= 0.011436135033744679
layer= 1 ratio= 0.013723362040493615
layer= 2 ratio= 0.016468034448592336
layer= 3 ratio= 0.019761641338310806
layer= 4 ratio= 0.023713969605972968
layer= 5 ratio= 0.02845676352716756
layer= 6 ratio= 0.03414811623260107
layer= 7 ratio= 0.04097773947912128
layer= 8 ratio= 0.049173287374945536
layer= 9 ratio= 0.05900794484993465
layer= 10 ratio= 0.07080953381992157
layer= 11 ratio= 0.08497144058390589
layer= 12 ratio= 0.10196572870068706
layer= 13 ratio= 0.12235887444082445
layer= 14 ratio= 0.14683064932898934
layer= 15 ratio= 0.1761967791947872
start add noise2021-06-30 18:42:23
end_add_noise_time2021-06-30 18:42:27
start cal weight time2021-06-30 18:42:27
end cal weight time2021-06-30 18:42:27
layer= 0 ratio= 0.011436135033744679
layer= 1 ratio= 0.013723362040493615
layer= 2 ratio= 0.016468034448592336
layer= 3 ratio= 0.019761641338310806
layer= 4 ratio= 0.023713969605972968
layer= 5 ratio= 0.02845676352716756
layer= 6 ratio= 0.03414811623260107
layer= 7 ratio= 0.04097773947912128
layer= 8 ratio= 0.049173287374945536
layer= 9 ratio= 0.05900794484993465
layer= 10 ratio= 0.07080953381992157
layer= 11 ratio= 0.08497144058390589
layer= 12 ratio= 0.10196572870068706
layer= 13 ratio= 0.12235887444082445
layer= 14 ratio= 0.14683064932898934
layer= 15 ratio= 0.1761967791947872
start add noise2021-06-30 18:42:27
end_add_noise_time2021-06-30 18:42:30
average train loss= 0.7655951011821132
2021-06-30 18:42:39,round 7,val Accuracy Top1: 69.820000 %
2021-06-30 18:42:39,round 7,val Accuracy Top5: 97.650000 %
******client id  0 ******
client_update start
client id= 0 ,round= 8 ,epoch= 1 ,client update iteration= 10 ,loss= 1.0452402830123901
client id= 0 ,round= 8 ,epoch= 1 ,client update iteration= 20 ,loss= 0.7519561052322388
client id= 0 ,round= 8 ,epoch= 1 ,client update iteration= 30 ,loss= 0.8774889707565308
client id= 0 ,round= 8 ,epoch= 1 ,client update iteration= 40 ,loss= 1.0104670524597168
client id= 0 ,round= 8 ,epoch= 1 ,client update iteration= 50 ,loss= 1.12328040599823
client id= 0 ,round= 8 ,epoch= 1 ,client update iteration= 60 ,loss= 0.7383677959442139
client id= 0 ,round= 8 ,epoch= 1 ,client update iteration= 70 ,loss= 0.6603840589523315
client id= 0 ,round= 8 ,epoch= 1 ,client update iteration= 80 ,loss= 0.5866117477416992
client id= 0 ,round= 8 ,epoch= 1 ,client update iteration= 90 ,loss= 0.8533136248588562
client id= 0 ,round= 8 ,epoch= 1 ,client update iteration= 100 ,loss= 0.7277650237083435
client id= 0 ,round= 8 ,epoch= 1 ,client update iteration= 110 ,loss= 0.6331273913383484
client id= 0 ,round= 8 ,epoch= 1 ,client update iteration= 120 ,loss= 0.8176435232162476
client id= 0 ,round= 8 ,epoch= 1 ,client update iteration= 130 ,loss= 0.5430195331573486
client id= 0 ,round= 8 ,epoch= 1 ,client update iteration= 140 ,loss= 0.9617903232574463
client id= 0 ,round= 8 ,epoch= 1 ,client update iteration= 150 ,loss= 0.6160023212432861
client id= 0 ,round= 8 ,epoch= 1 ,client update iteration= 160 ,loss= 0.8898033499717712
client id= 0 ,round= 8 ,epoch= 1 ,client update iteration= 170 ,loss= 0.5372980237007141
client id= 0 ,round= 8 ,epoch= 1 ,client update iteration= 180 ,loss= 1.0103551149368286
client id= 0 ,round= 8 ,epoch= 1 ,client update iteration= 190 ,loss= 0.8826348781585693
client id= 0 ,round= 8 ,epoch= 1 ,client update iteration= 200 ,loss= 0.8074146509170532
client id= 0 ,round= 8 ,epoch= 1 ,client update iteration= 210 ,loss= 0.8954890966415405
client id= 0 ,round= 8 ,epoch= 1 ,client update iteration= 220 ,loss= 0.7144672274589539
client id= 0 ,round= 8 ,epoch= 1 ,client update iteration= 230 ,loss= 0.8098626732826233
client id= 0 ,round= 8 ,epoch= 1 ,client update iteration= 240 ,loss= 0.4930194914340973
client id= 0 ,round= 8 ,epoch= 1 ,client update iteration= 250 ,loss= 0.6034186482429504
client id= 0 ,round= 8 ,epoch= 1 ,client update iteration= 260 ,loss= 1.1131665706634521
client id= 0 ,round= 8 ,epoch= 1 ,client update iteration= 270 ,loss= 0.6442013382911682
client id= 0 ,round= 8 ,epoch= 1 ,client update iteration= 280 ,loss= 0.5622313022613525
client id= 0 ,round= 8 ,epoch= 1 ,client update iteration= 290 ,loss= 0.8456360697746277
client id= 0 ,round= 8 ,epoch= 1 ,client update iteration= 300 ,loss= 0.5680913925170898
client id= 0 ,round= 8 ,epoch= 1 ,client update iteration= 310 ,loss= 0.6429367661476135
client id= 0 ,round= 8 ,epoch= 1 ,client update iteration= 320 ,loss= 0.6108704209327698
client id= 0 ,round= 8 ,epoch= 1 ,client update iteration= 330 ,loss= 0.5913220643997192
client id= 0 ,round= 8 ,epoch= 1 ,client update iteration= 340 ,loss= 0.5380151867866516
client id= 0 ,round= 8 ,epoch= 1 ,client update iteration= 350 ,loss= 0.7852462530136108
client id= 0 ,round= 8 ,epoch= 1 ,client update iteration= 360 ,loss= 0.7866710424423218
client id= 0 ,round= 8 ,epoch= 1 ,client update iteration= 370 ,loss= 0.6796630024909973
client id= 0 ,round= 8 ,epoch= 1 ,client update iteration= 380 ,loss= 0.5838035941123962
client id= 0 ,round= 8 ,epoch= 1 ,client update iteration= 390 ,loss= 0.723655641078949
******client id  1 ******
client_update start
client id= 1 ,round= 8 ,epoch= 1 ,client update iteration= 10 ,loss= 0.9530028104782104
client id= 1 ,round= 8 ,epoch= 1 ,client update iteration= 20 ,loss= 1.1239334344863892
client id= 1 ,round= 8 ,epoch= 1 ,client update iteration= 30 ,loss= 1.2977629899978638
client id= 1 ,round= 8 ,epoch= 1 ,client update iteration= 40 ,loss= 0.9333293437957764
client id= 1 ,round= 8 ,epoch= 1 ,client update iteration= 50 ,loss= 0.8101719617843628
client id= 1 ,round= 8 ,epoch= 1 ,client update iteration= 60 ,loss= 0.6300303339958191
client id= 1 ,round= 8 ,epoch= 1 ,client update iteration= 70 ,loss= 0.5155313611030579
client id= 1 ,round= 8 ,epoch= 1 ,client update iteration= 80 ,loss= 0.5977252125740051
client id= 1 ,round= 8 ,epoch= 1 ,client update iteration= 90 ,loss= 1.0319509506225586
client id= 1 ,round= 8 ,epoch= 1 ,client update iteration= 100 ,loss= 0.8633049130439758
client id= 1 ,round= 8 ,epoch= 1 ,client update iteration= 110 ,loss= 0.5558268427848816
client id= 1 ,round= 8 ,epoch= 1 ,client update iteration= 120 ,loss= 0.7315659523010254
client id= 1 ,round= 8 ,epoch= 1 ,client update iteration= 130 ,loss= 0.7601874470710754
client id= 1 ,round= 8 ,epoch= 1 ,client update iteration= 140 ,loss= 0.6338831186294556
client id= 1 ,round= 8 ,epoch= 1 ,client update iteration= 150 ,loss= 0.7328788042068481
client id= 1 ,round= 8 ,epoch= 1 ,client update iteration= 160 ,loss= 0.7040250301361084
client id= 1 ,round= 8 ,epoch= 1 ,client update iteration= 170 ,loss= 1.0324586629867554
client id= 1 ,round= 8 ,epoch= 1 ,client update iteration= 180 ,loss= 0.7666911482810974
client id= 1 ,round= 8 ,epoch= 1 ,client update iteration= 190 ,loss= 0.8049183487892151
client id= 1 ,round= 8 ,epoch= 1 ,client update iteration= 200 ,loss= 0.8136538863182068
client id= 1 ,round= 8 ,epoch= 1 ,client update iteration= 210 ,loss= 0.8950771689414978
client id= 1 ,round= 8 ,epoch= 1 ,client update iteration= 220 ,loss= 0.6774608492851257
client id= 1 ,round= 8 ,epoch= 1 ,client update iteration= 230 ,loss= 0.6697978973388672
client id= 1 ,round= 8 ,epoch= 1 ,client update iteration= 240 ,loss= 0.7333597540855408
client id= 1 ,round= 8 ,epoch= 1 ,client update iteration= 250 ,loss= 0.8569901585578918
client id= 1 ,round= 8 ,epoch= 1 ,client update iteration= 260 ,loss= 0.7542513012886047
client id= 1 ,round= 8 ,epoch= 1 ,client update iteration= 270 ,loss= 0.7717369794845581
client id= 1 ,round= 8 ,epoch= 1 ,client update iteration= 280 ,loss= 0.8643307685852051
client id= 1 ,round= 8 ,epoch= 1 ,client update iteration= 290 ,loss= 0.5614748597145081
client id= 1 ,round= 8 ,epoch= 1 ,client update iteration= 300 ,loss= 0.799307644367218
client id= 1 ,round= 8 ,epoch= 1 ,client update iteration= 310 ,loss= 0.976308286190033
client id= 1 ,round= 8 ,epoch= 1 ,client update iteration= 320 ,loss= 0.7901261448860168
client id= 1 ,round= 8 ,epoch= 1 ,client update iteration= 330 ,loss= 0.8012175559997559
client id= 1 ,round= 8 ,epoch= 1 ,client update iteration= 340 ,loss= 0.7654139995574951
client id= 1 ,round= 8 ,epoch= 1 ,client update iteration= 350 ,loss= 0.8197567462921143
client id= 1 ,round= 8 ,epoch= 1 ,client update iteration= 360 ,loss= 0.5765883326530457
client id= 1 ,round= 8 ,epoch= 1 ,client update iteration= 370 ,loss= 0.6238918304443359
client id= 1 ,round= 8 ,epoch= 1 ,client update iteration= 380 ,loss= 0.7051198482513428
client id= 1 ,round= 8 ,epoch= 1 ,client update iteration= 390 ,loss= 0.52498459815979
start cal weight time2021-06-30 18:45:04
end cal weight time2021-06-30 18:45:04
layer= 0 ratio= 0.011436135033744679
layer= 1 ratio= 0.013723362040493615
layer= 2 ratio= 0.016468034448592336
layer= 3 ratio= 0.019761641338310806
layer= 4 ratio= 0.023713969605972968
layer= 5 ratio= 0.02845676352716756
layer= 6 ratio= 0.03414811623260107
layer= 7 ratio= 0.04097773947912128
layer= 8 ratio= 0.049173287374945536
layer= 9 ratio= 0.05900794484993465
layer= 10 ratio= 0.07080953381992157
layer= 11 ratio= 0.08497144058390589
layer= 12 ratio= 0.10196572870068706
layer= 13 ratio= 0.12235887444082445
layer= 14 ratio= 0.14683064932898934
layer= 15 ratio= 0.1761967791947872
start add noise2021-06-30 18:45:04
end_add_noise_time2021-06-30 18:45:08
start cal weight time2021-06-30 18:45:08
end cal weight time2021-06-30 18:45:08
layer= 0 ratio= 0.011436135033744679
layer= 1 ratio= 0.013723362040493615
layer= 2 ratio= 0.016468034448592336
layer= 3 ratio= 0.019761641338310806
layer= 4 ratio= 0.023713969605972968
layer= 5 ratio= 0.02845676352716756
layer= 6 ratio= 0.03414811623260107
layer= 7 ratio= 0.04097773947912128
layer= 8 ratio= 0.049173287374945536
layer= 9 ratio= 0.05900794484993465
layer= 10 ratio= 0.07080953381992157
layer= 11 ratio= 0.08497144058390589
layer= 12 ratio= 0.10196572870068706
layer= 13 ratio= 0.12235887444082445
layer= 14 ratio= 0.14683064932898934
layer= 15 ratio= 0.1761967791947872
start add noise2021-06-30 18:45:08
end_add_noise_time2021-06-30 18:45:11
average train loss= 0.7811739033521594
2021-06-30 18:45:20,round 8,val Accuracy Top1: 71.660000 %
2021-06-30 18:45:20,round 8,val Accuracy Top5: 97.420000 %
******client id  0 ******
client_update start
client id= 0 ,round= 9 ,epoch= 1 ,client update iteration= 10 ,loss= 0.8908191323280334
client id= 0 ,round= 9 ,epoch= 1 ,client update iteration= 20 ,loss= 0.8853780031204224
client id= 0 ,round= 9 ,epoch= 1 ,client update iteration= 30 ,loss= 1.0708308219909668
client id= 0 ,round= 9 ,epoch= 1 ,client update iteration= 40 ,loss= 0.5789057612419128
client id= 0 ,round= 9 ,epoch= 1 ,client update iteration= 50 ,loss= 0.8298222422599792
client id= 0 ,round= 9 ,epoch= 1 ,client update iteration= 60 ,loss= 0.7886362075805664
client id= 0 ,round= 9 ,epoch= 1 ,client update iteration= 70 ,loss= 1.0268722772598267
client id= 0 ,round= 9 ,epoch= 1 ,client update iteration= 80 ,loss= 0.8338183760643005
client id= 0 ,round= 9 ,epoch= 1 ,client update iteration= 90 ,loss= 0.8206482529640198
client id= 0 ,round= 9 ,epoch= 1 ,client update iteration= 100 ,loss= 0.7347747087478638
client id= 0 ,round= 9 ,epoch= 1 ,client update iteration= 110 ,loss= 0.7406648397445679
client id= 0 ,round= 9 ,epoch= 1 ,client update iteration= 120 ,loss= 1.1423357725143433
client id= 0 ,round= 9 ,epoch= 1 ,client update iteration= 130 ,loss= 0.6244315505027771
client id= 0 ,round= 9 ,epoch= 1 ,client update iteration= 140 ,loss= 0.5889096856117249
client id= 0 ,round= 9 ,epoch= 1 ,client update iteration= 150 ,loss= 0.6714908480644226
client id= 0 ,round= 9 ,epoch= 1 ,client update iteration= 160 ,loss= 0.7531722784042358
client id= 0 ,round= 9 ,epoch= 1 ,client update iteration= 170 ,loss= 0.7327859401702881
client id= 0 ,round= 9 ,epoch= 1 ,client update iteration= 180 ,loss= 0.770699143409729
client id= 0 ,round= 9 ,epoch= 1 ,client update iteration= 190 ,loss= 1.0282899141311646
client id= 0 ,round= 9 ,epoch= 1 ,client update iteration= 200 ,loss= 0.6482080221176147
client id= 0 ,round= 9 ,epoch= 1 ,client update iteration= 210 ,loss= 1.0795409679412842
client id= 0 ,round= 9 ,epoch= 1 ,client update iteration= 220 ,loss= 0.7675554752349854
client id= 0 ,round= 9 ,epoch= 1 ,client update iteration= 230 ,loss= 0.6317278146743774
client id= 0 ,round= 9 ,epoch= 1 ,client update iteration= 240 ,loss= 0.6311966776847839
client id= 0 ,round= 9 ,epoch= 1 ,client update iteration= 250 ,loss= 0.7825663685798645
client id= 0 ,round= 9 ,epoch= 1 ,client update iteration= 260 ,loss= 0.8546847105026245
client id= 0 ,round= 9 ,epoch= 1 ,client update iteration= 270 ,loss= 0.8940457105636597
client id= 0 ,round= 9 ,epoch= 1 ,client update iteration= 280 ,loss= 0.668083906173706
client id= 0 ,round= 9 ,epoch= 1 ,client update iteration= 290 ,loss= 0.8760913014411926
client id= 0 ,round= 9 ,epoch= 1 ,client update iteration= 300 ,loss= 0.8046857118606567
client id= 0 ,round= 9 ,epoch= 1 ,client update iteration= 310 ,loss= 0.5445473194122314
client id= 0 ,round= 9 ,epoch= 1 ,client update iteration= 320 ,loss= 0.6685781478881836
client id= 0 ,round= 9 ,epoch= 1 ,client update iteration= 330 ,loss= 0.4356232285499573
client id= 0 ,round= 9 ,epoch= 1 ,client update iteration= 340 ,loss= 1.0738861560821533
client id= 0 ,round= 9 ,epoch= 1 ,client update iteration= 350 ,loss= 0.8539620041847229
client id= 0 ,round= 9 ,epoch= 1 ,client update iteration= 360 ,loss= 0.6105985641479492
client id= 0 ,round= 9 ,epoch= 1 ,client update iteration= 370 ,loss= 1.0765982866287231
client id= 0 ,round= 9 ,epoch= 1 ,client update iteration= 380 ,loss= 0.6669473648071289
client id= 0 ,round= 9 ,epoch= 1 ,client update iteration= 390 ,loss= 1.1114881038665771
******client id  1 ******
client_update start
client id= 1 ,round= 9 ,epoch= 1 ,client update iteration= 10 ,loss= 1.1733169555664062
client id= 1 ,round= 9 ,epoch= 1 ,client update iteration= 20 ,loss= 1.0220495462417603
client id= 1 ,round= 9 ,epoch= 1 ,client update iteration= 30 ,loss= 1.1397652626037598
client id= 1 ,round= 9 ,epoch= 1 ,client update iteration= 40 ,loss= 0.7378451824188232
client id= 1 ,round= 9 ,epoch= 1 ,client update iteration= 50 ,loss= 1.3831512928009033
client id= 1 ,round= 9 ,epoch= 1 ,client update iteration= 60 ,loss= 1.0356144905090332
client id= 1 ,round= 9 ,epoch= 1 ,client update iteration= 70 ,loss= 0.7095640301704407
client id= 1 ,round= 9 ,epoch= 1 ,client update iteration= 80 ,loss= 0.8479912281036377
client id= 1 ,round= 9 ,epoch= 1 ,client update iteration= 90 ,loss= 0.5290350317955017
client id= 1 ,round= 9 ,epoch= 1 ,client update iteration= 100 ,loss= 0.8232743144035339
client id= 1 ,round= 9 ,epoch= 1 ,client update iteration= 110 ,loss= 0.6481584906578064
client id= 1 ,round= 9 ,epoch= 1 ,client update iteration= 120 ,loss= 0.714103102684021
client id= 1 ,round= 9 ,epoch= 1 ,client update iteration= 130 ,loss= 0.8723264336585999
client id= 1 ,round= 9 ,epoch= 1 ,client update iteration= 140 ,loss= 0.6746354103088379
client id= 1 ,round= 9 ,epoch= 1 ,client update iteration= 150 ,loss= 0.9393953084945679
client id= 1 ,round= 9 ,epoch= 1 ,client update iteration= 160 ,loss= 0.8135936856269836
client id= 1 ,round= 9 ,epoch= 1 ,client update iteration= 170 ,loss= 0.7057415246963501
client id= 1 ,round= 9 ,epoch= 1 ,client update iteration= 180 ,loss= 0.7822369933128357
client id= 1 ,round= 9 ,epoch= 1 ,client update iteration= 190 ,loss= 0.7213701605796814
client id= 1 ,round= 9 ,epoch= 1 ,client update iteration= 200 ,loss= 1.0966399908065796
client id= 1 ,round= 9 ,epoch= 1 ,client update iteration= 210 ,loss= 0.7661306262016296
client id= 1 ,round= 9 ,epoch= 1 ,client update iteration= 220 ,loss= 0.8490538001060486
client id= 1 ,round= 9 ,epoch= 1 ,client update iteration= 230 ,loss= 0.7065114378929138
client id= 1 ,round= 9 ,epoch= 1 ,client update iteration= 240 ,loss= 0.5885759592056274
client id= 1 ,round= 9 ,epoch= 1 ,client update iteration= 250 ,loss= 0.5828100442886353
client id= 1 ,round= 9 ,epoch= 1 ,client update iteration= 260 ,loss= 0.825344979763031
client id= 1 ,round= 9 ,epoch= 1 ,client update iteration= 270 ,loss= 0.8393850326538086
client id= 1 ,round= 9 ,epoch= 1 ,client update iteration= 280 ,loss= 0.721095085144043
client id= 1 ,round= 9 ,epoch= 1 ,client update iteration= 290 ,loss= 0.911082923412323
client id= 1 ,round= 9 ,epoch= 1 ,client update iteration= 300 ,loss= 0.5738568902015686
client id= 1 ,round= 9 ,epoch= 1 ,client update iteration= 310 ,loss= 0.9762106537818909
client id= 1 ,round= 9 ,epoch= 1 ,client update iteration= 320 ,loss= 0.7127658724784851
client id= 1 ,round= 9 ,epoch= 1 ,client update iteration= 330 ,loss= 1.0181479454040527
client id= 1 ,round= 9 ,epoch= 1 ,client update iteration= 340 ,loss= 0.7931410074234009
client id= 1 ,round= 9 ,epoch= 1 ,client update iteration= 350 ,loss= 0.6276452541351318
client id= 1 ,round= 9 ,epoch= 1 ,client update iteration= 360 ,loss= 0.6848366856575012
client id= 1 ,round= 9 ,epoch= 1 ,client update iteration= 370 ,loss= 0.5850599408149719
client id= 1 ,round= 9 ,epoch= 1 ,client update iteration= 380 ,loss= 0.6668168902397156
client id= 1 ,round= 9 ,epoch= 1 ,client update iteration= 390 ,loss= 0.8099044561386108
start cal weight time2021-06-30 18:47:45
end cal weight time2021-06-30 18:47:45
layer= 0 ratio= 0.011436135033744679
layer= 1 ratio= 0.013723362040493615
layer= 2 ratio= 0.016468034448592336
layer= 3 ratio= 0.019761641338310806
layer= 4 ratio= 0.023713969605972968
layer= 5 ratio= 0.02845676352716756
layer= 6 ratio= 0.03414811623260107
layer= 7 ratio= 0.04097773947912128
layer= 8 ratio= 0.049173287374945536
layer= 9 ratio= 0.05900794484993465
layer= 10 ratio= 0.07080953381992157
layer= 11 ratio= 0.08497144058390589
layer= 12 ratio= 0.10196572870068706
layer= 13 ratio= 0.12235887444082445
layer= 14 ratio= 0.14683064932898934
layer= 15 ratio= 0.1761967791947872
start add noise2021-06-30 18:47:45
end_add_noise_time2021-06-30 18:47:49
start cal weight time2021-06-30 18:47:49
end cal weight time2021-06-30 18:47:49
layer= 0 ratio= 0.011436135033744679
layer= 1 ratio= 0.013723362040493615
layer= 2 ratio= 0.016468034448592336
layer= 3 ratio= 0.019761641338310806
layer= 4 ratio= 0.023713969605972968
layer= 5 ratio= 0.02845676352716756
layer= 6 ratio= 0.03414811623260107
layer= 7 ratio= 0.04097773947912128
layer= 8 ratio= 0.049173287374945536
layer= 9 ratio= 0.05900794484993465
layer= 10 ratio= 0.07080953381992157
layer= 11 ratio= 0.08497144058390589
layer= 12 ratio= 0.10196572870068706
layer= 13 ratio= 0.12235887444082445
layer= 14 ratio= 0.14683064932898934
layer= 15 ratio= 0.1761967791947872
start add noise2021-06-30 18:47:49
end_add_noise_time2021-06-30 18:47:52
average train loss= 0.7810254020382985
2021-06-30 18:48:01,round 9,val Accuracy Top1: 70.710000 %
2021-06-30 18:48:01,round 9,val Accuracy Top5: 97.460000 %
******client id  0 ******
client_update start
client id= 0 ,round= 10 ,epoch= 1 ,client update iteration= 10 ,loss= 0.9708911180496216
client id= 0 ,round= 10 ,epoch= 1 ,client update iteration= 20 ,loss= 0.9791697263717651
client id= 0 ,round= 10 ,epoch= 1 ,client update iteration= 30 ,loss= 1.0194748640060425
client id= 0 ,round= 10 ,epoch= 1 ,client update iteration= 40 ,loss= 0.8713968396186829
client id= 0 ,round= 10 ,epoch= 1 ,client update iteration= 50 ,loss= 0.8744421005249023
client id= 0 ,round= 10 ,epoch= 1 ,client update iteration= 60 ,loss= 0.7830426096916199
client id= 0 ,round= 10 ,epoch= 1 ,client update iteration= 70 ,loss= 1.030976414680481
client id= 0 ,round= 10 ,epoch= 1 ,client update iteration= 80 ,loss= 1.1277796030044556
client id= 0 ,round= 10 ,epoch= 1 ,client update iteration= 90 ,loss= 1.003922939300537
client id= 0 ,round= 10 ,epoch= 1 ,client update iteration= 100 ,loss= 0.7478193640708923
client id= 0 ,round= 10 ,epoch= 1 ,client update iteration= 110 ,loss= 1.317981481552124
client id= 0 ,round= 10 ,epoch= 1 ,client update iteration= 120 ,loss= 0.624119222164154
client id= 0 ,round= 10 ,epoch= 1 ,client update iteration= 130 ,loss= 0.6301506757736206
client id= 0 ,round= 10 ,epoch= 1 ,client update iteration= 140 ,loss= 0.5504274368286133
client id= 0 ,round= 10 ,epoch= 1 ,client update iteration= 150 ,loss= 0.9279817938804626
client id= 0 ,round= 10 ,epoch= 1 ,client update iteration= 160 ,loss= 0.9157531261444092
client id= 0 ,round= 10 ,epoch= 1 ,client update iteration= 170 ,loss= 0.7428881525993347
client id= 0 ,round= 10 ,epoch= 1 ,client update iteration= 180 ,loss= 0.9223023653030396
client id= 0 ,round= 10 ,epoch= 1 ,client update iteration= 190 ,loss= 0.7285556793212891
client id= 0 ,round= 10 ,epoch= 1 ,client update iteration= 200 ,loss= 0.4893406629562378
client id= 0 ,round= 10 ,epoch= 1 ,client update iteration= 210 ,loss= 0.7719247937202454
client id= 0 ,round= 10 ,epoch= 1 ,client update iteration= 220 ,loss= 0.912507176399231
client id= 0 ,round= 10 ,epoch= 1 ,client update iteration= 230 ,loss= 0.5986557006835938
client id= 0 ,round= 10 ,epoch= 1 ,client update iteration= 240 ,loss= 0.684950053691864
client id= 0 ,round= 10 ,epoch= 1 ,client update iteration= 250 ,loss= 0.7999148368835449
client id= 0 ,round= 10 ,epoch= 1 ,client update iteration= 260 ,loss= 0.8855154514312744
client id= 0 ,round= 10 ,epoch= 1 ,client update iteration= 270 ,loss= 0.7051966786384583
client id= 0 ,round= 10 ,epoch= 1 ,client update iteration= 280 ,loss= 0.6105940937995911
client id= 0 ,round= 10 ,epoch= 1 ,client update iteration= 290 ,loss= 0.6210123300552368
client id= 0 ,round= 10 ,epoch= 1 ,client update iteration= 300 ,loss= 1.1211575269699097
client id= 0 ,round= 10 ,epoch= 1 ,client update iteration= 310 ,loss= 1.0052235126495361
client id= 0 ,round= 10 ,epoch= 1 ,client update iteration= 320 ,loss= 0.8071585893630981
client id= 0 ,round= 10 ,epoch= 1 ,client update iteration= 330 ,loss= 0.5081081986427307
client id= 0 ,round= 10 ,epoch= 1 ,client update iteration= 340 ,loss= 0.8846311569213867
client id= 0 ,round= 10 ,epoch= 1 ,client update iteration= 350 ,loss= 0.5524070858955383
client id= 0 ,round= 10 ,epoch= 1 ,client update iteration= 360 ,loss= 0.9982786178588867
client id= 0 ,round= 10 ,epoch= 1 ,client update iteration= 370 ,loss= 0.8661758899688721
client id= 0 ,round= 10 ,epoch= 1 ,client update iteration= 380 ,loss= 0.7651875615119934
client id= 0 ,round= 10 ,epoch= 1 ,client update iteration= 390 ,loss= 0.7141056656837463
******client id  1 ******
client_update start
client id= 1 ,round= 10 ,epoch= 1 ,client update iteration= 10 ,loss= 1.275011420249939
client id= 1 ,round= 10 ,epoch= 1 ,client update iteration= 20 ,loss= 1.0169490575790405
client id= 1 ,round= 10 ,epoch= 1 ,client update iteration= 30 ,loss= 0.9334121346473694
client id= 1 ,round= 10 ,epoch= 1 ,client update iteration= 40 ,loss= 1.0422745943069458
client id= 1 ,round= 10 ,epoch= 1 ,client update iteration= 50 ,loss= 0.9416573643684387
client id= 1 ,round= 10 ,epoch= 1 ,client update iteration= 60 ,loss= 0.7619299292564392
client id= 1 ,round= 10 ,epoch= 1 ,client update iteration= 70 ,loss= 0.8163163661956787
client id= 1 ,round= 10 ,epoch= 1 ,client update iteration= 80 ,loss= 0.7580835819244385
client id= 1 ,round= 10 ,epoch= 1 ,client update iteration= 90 ,loss= 0.7218616008758545
client id= 1 ,round= 10 ,epoch= 1 ,client update iteration= 100 ,loss= 0.7094621062278748
client id= 1 ,round= 10 ,epoch= 1 ,client update iteration= 110 ,loss= 0.9598647952079773
client id= 1 ,round= 10 ,epoch= 1 ,client update iteration= 120 ,loss= 0.7951271533966064
client id= 1 ,round= 10 ,epoch= 1 ,client update iteration= 130 ,loss= 1.027205467224121
client id= 1 ,round= 10 ,epoch= 1 ,client update iteration= 140 ,loss= 0.7276737689971924
client id= 1 ,round= 10 ,epoch= 1 ,client update iteration= 150 ,loss= 0.7564100623130798
client id= 1 ,round= 10 ,epoch= 1 ,client update iteration= 160 ,loss= 0.8859393000602722
client id= 1 ,round= 10 ,epoch= 1 ,client update iteration= 170 ,loss= 0.6724317073822021
client id= 1 ,round= 10 ,epoch= 1 ,client update iteration= 180 ,loss= 0.7330896258354187
client id= 1 ,round= 10 ,epoch= 1 ,client update iteration= 190 ,loss= 0.7182072401046753
client id= 1 ,round= 10 ,epoch= 1 ,client update iteration= 200 ,loss= 0.9744918942451477
client id= 1 ,round= 10 ,epoch= 1 ,client update iteration= 210 ,loss= 0.6752819418907166
client id= 1 ,round= 10 ,epoch= 1 ,client update iteration= 220 ,loss= 1.0421761274337769
client id= 1 ,round= 10 ,epoch= 1 ,client update iteration= 230 ,loss= 0.6578226089477539
client id= 1 ,round= 10 ,epoch= 1 ,client update iteration= 240 ,loss= 0.742294192314148
client id= 1 ,round= 10 ,epoch= 1 ,client update iteration= 250 ,loss= 1.044636845588684
client id= 1 ,round= 10 ,epoch= 1 ,client update iteration= 260 ,loss= 0.815635621547699
client id= 1 ,round= 10 ,epoch= 1 ,client update iteration= 270 ,loss= 0.7344450354576111
client id= 1 ,round= 10 ,epoch= 1 ,client update iteration= 280 ,loss= 0.7347650527954102
client id= 1 ,round= 10 ,epoch= 1 ,client update iteration= 290 ,loss= 0.6844717264175415
client id= 1 ,round= 10 ,epoch= 1 ,client update iteration= 300 ,loss= 0.9690699577331543
client id= 1 ,round= 10 ,epoch= 1 ,client update iteration= 310 ,loss= 0.7077285647392273
client id= 1 ,round= 10 ,epoch= 1 ,client update iteration= 320 ,loss= 0.6929439306259155
client id= 1 ,round= 10 ,epoch= 1 ,client update iteration= 330 ,loss= 0.858009934425354
client id= 1 ,round= 10 ,epoch= 1 ,client update iteration= 340 ,loss= 0.842841625213623
client id= 1 ,round= 10 ,epoch= 1 ,client update iteration= 350 ,loss= 0.8062813878059387
client id= 1 ,round= 10 ,epoch= 1 ,client update iteration= 360 ,loss= 0.4781624674797058
client id= 1 ,round= 10 ,epoch= 1 ,client update iteration= 370 ,loss= 0.6369242072105408
client id= 1 ,round= 10 ,epoch= 1 ,client update iteration= 380 ,loss= 0.9263983964920044
client id= 1 ,round= 10 ,epoch= 1 ,client update iteration= 390 ,loss= 0.5273628830909729
start cal weight time2021-06-30 18:50:26
end cal weight time2021-06-30 18:50:26
layer= 0 ratio= 0.011436135033744679
layer= 1 ratio= 0.013723362040493615
layer= 2 ratio= 0.016468034448592336
layer= 3 ratio= 0.019761641338310806
layer= 4 ratio= 0.023713969605972968
layer= 5 ratio= 0.02845676352716756
layer= 6 ratio= 0.03414811623260107
layer= 7 ratio= 0.04097773947912128
layer= 8 ratio= 0.049173287374945536
layer= 9 ratio= 0.05900794484993465
layer= 10 ratio= 0.07080953381992157
layer= 11 ratio= 0.08497144058390589
layer= 12 ratio= 0.10196572870068706
layer= 13 ratio= 0.12235887444082445
layer= 14 ratio= 0.14683064932898934
layer= 15 ratio= 0.1761967791947872
start add noise2021-06-30 18:50:26
end_add_noise_time2021-06-30 18:50:30
start cal weight time2021-06-30 18:50:30
end cal weight time2021-06-30 18:50:30
layer= 0 ratio= 0.011436135033744679
layer= 1 ratio= 0.013723362040493615
layer= 2 ratio= 0.016468034448592336
layer= 3 ratio= 0.019761641338310806
layer= 4 ratio= 0.023713969605972968
layer= 5 ratio= 0.02845676352716756
layer= 6 ratio= 0.03414811623260107
layer= 7 ratio= 0.04097773947912128
layer= 8 ratio= 0.049173287374945536
layer= 9 ratio= 0.05900794484993465
layer= 10 ratio= 0.07080953381992157
layer= 11 ratio= 0.08497144058390589
layer= 12 ratio= 0.10196572870068706
layer= 13 ratio= 0.12235887444082445
layer= 14 ratio= 0.14683064932898934
layer= 15 ratio= 0.1761967791947872
start add noise2021-06-30 18:50:30
end_add_noise_time2021-06-30 18:50:34
average train loss= 0.8239263730966832
2021-06-30 18:50:42,round 10,val Accuracy Top1: 69.520000 %
2021-06-30 18:50:42,round 10,val Accuracy Top5: 96.990000 %
