type sample_L1
pb 9000000.0
clip_bound 20.0
log_path log/Alexnet/2/sample_L1/True
train_data data
test_data data
batch_size 64
test_batch_size 64
lr 0.0002
momentum 0.5
no_cuda False
seed 1
log_interval 1
privacy_delta 1e-06
sample_num 500
islog True
is_ratio_list True
num_clients 2
num_rounds 10
epochs 1
ratio_type 2
按照权重分配eps
device cuda
loading data
load data done
AlexNet(
  (conv1): Sequential(
    (0): Conv2d(3, 96, kernel_size=(6, 6), stride=(1, 1))
    (1): ReLU()
  )
  (conv2): Sequential(
    (0): Conv2d(96, 256, kernel_size=(5, 5), stride=(1, 1), padding=(2, 2))
    (1): ReLU()
    (2): MaxPool2d(kernel_size=3, stride=2, padding=0, dilation=1, ceil_mode=False)
  )
  (conv3): Sequential(
    (0): Conv2d(256, 384, kernel_size=(3, 3), stride=(1, 1), padding=(1, 1))
    (1): ReLU()
  )
  (conv4): Sequential(
    (0): Conv2d(384, 384, kernel_size=(3, 3), stride=(1, 1), padding=(1, 1))
    (1): ReLU()
  )
  (conv5): Sequential(
    (0): Conv2d(384, 256, kernel_size=(3, 3), stride=(1, 1), padding=(1, 1))
    (1): ReLU()
    (2): MaxPool2d(kernel_size=3, stride=2, padding=0, dilation=1, ceil_mode=False)
  )
  (dense): Sequential(
    (0): Linear(in_features=9216, out_features=4096, bias=True)
    (1): ReLU()
    (2): Dropout(p=0.5, inplace=False)
    (3): Linear(in_features=4096, out_features=4096, bias=True)
    (4): ReLU()
    (5): Dropout(p=0.5, inplace=False)
    (6): Linear(in_features=4096, out_features=10, bias=True)
  )
)
********start training********
******client id  0 ******
client_update start
client id= 0 ,round= 1 ,epoch= 1 ,client update iteration= 10 ,loss= 2.288750648498535
client id= 0 ,round= 1 ,epoch= 1 ,client update iteration= 20 ,loss= 2.1896536350250244
client id= 0 ,round= 1 ,epoch= 1 ,client update iteration= 30 ,loss= 2.000657081604004
client id= 0 ,round= 1 ,epoch= 1 ,client update iteration= 40 ,loss= 2.179154634475708
client id= 0 ,round= 1 ,epoch= 1 ,client update iteration= 50 ,loss= 2.0650107860565186
client id= 0 ,round= 1 ,epoch= 1 ,client update iteration= 60 ,loss= 2.1425750255584717
client id= 0 ,round= 1 ,epoch= 1 ,client update iteration= 70 ,loss= 2.028496265411377
client id= 0 ,round= 1 ,epoch= 1 ,client update iteration= 80 ,loss= 2.0087497234344482
client id= 0 ,round= 1 ,epoch= 1 ,client update iteration= 90 ,loss= 1.8215935230255127
client id= 0 ,round= 1 ,epoch= 1 ,client update iteration= 100 ,loss= 1.7886604070663452
client id= 0 ,round= 1 ,epoch= 1 ,client update iteration= 110 ,loss= 1.805849552154541
client id= 0 ,round= 1 ,epoch= 1 ,client update iteration= 120 ,loss= 1.938398003578186
client id= 0 ,round= 1 ,epoch= 1 ,client update iteration= 130 ,loss= 1.8119724988937378
client id= 0 ,round= 1 ,epoch= 1 ,client update iteration= 140 ,loss= 1.9158167839050293
client id= 0 ,round= 1 ,epoch= 1 ,client update iteration= 150 ,loss= 1.652397871017456
client id= 0 ,round= 1 ,epoch= 1 ,client update iteration= 160 ,loss= 1.7979214191436768
client id= 0 ,round= 1 ,epoch= 1 ,client update iteration= 170 ,loss= 1.7725999355316162
client id= 0 ,round= 1 ,epoch= 1 ,client update iteration= 180 ,loss= 1.674406886100769
client id= 0 ,round= 1 ,epoch= 1 ,client update iteration= 190 ,loss= 1.520368218421936
client id= 0 ,round= 1 ,epoch= 1 ,client update iteration= 200 ,loss= 1.6549477577209473
client id= 0 ,round= 1 ,epoch= 1 ,client update iteration= 210 ,loss= 1.6022082567214966
client id= 0 ,round= 1 ,epoch= 1 ,client update iteration= 220 ,loss= 1.5917487144470215
client id= 0 ,round= 1 ,epoch= 1 ,client update iteration= 230 ,loss= 1.5220253467559814
client id= 0 ,round= 1 ,epoch= 1 ,client update iteration= 240 ,loss= 1.6929408311843872
client id= 0 ,round= 1 ,epoch= 1 ,client update iteration= 250 ,loss= 1.5227333307266235
client id= 0 ,round= 1 ,epoch= 1 ,client update iteration= 260 ,loss= 1.4833494424819946
client id= 0 ,round= 1 ,epoch= 1 ,client update iteration= 270 ,loss= 1.5320037603378296
client id= 0 ,round= 1 ,epoch= 1 ,client update iteration= 280 ,loss= 1.6484068632125854
client id= 0 ,round= 1 ,epoch= 1 ,client update iteration= 290 ,loss= 1.4755852222442627
client id= 0 ,round= 1 ,epoch= 1 ,client update iteration= 300 ,loss= 1.6360936164855957
client id= 0 ,round= 1 ,epoch= 1 ,client update iteration= 310 ,loss= 1.343169093132019
client id= 0 ,round= 1 ,epoch= 1 ,client update iteration= 320 ,loss= 1.481197714805603
client id= 0 ,round= 1 ,epoch= 1 ,client update iteration= 330 ,loss= 1.4696089029312134
client id= 0 ,round= 1 ,epoch= 1 ,client update iteration= 340 ,loss= 1.4834496974945068
client id= 0 ,round= 1 ,epoch= 1 ,client update iteration= 350 ,loss= 1.4148929119110107
client id= 0 ,round= 1 ,epoch= 1 ,client update iteration= 360 ,loss= 1.5867944955825806
client id= 0 ,round= 1 ,epoch= 1 ,client update iteration= 370 ,loss= 1.3714123964309692
client id= 0 ,round= 1 ,epoch= 1 ,client update iteration= 380 ,loss= 1.369604229927063
client id= 0 ,round= 1 ,epoch= 1 ,client update iteration= 390 ,loss= 1.4352519512176514
******client id  1 ******
client_update start
client id= 1 ,round= 1 ,epoch= 1 ,client update iteration= 10 ,loss= 2.2629551887512207
client id= 1 ,round= 1 ,epoch= 1 ,client update iteration= 20 ,loss= 2.151836395263672
client id= 1 ,round= 1 ,epoch= 1 ,client update iteration= 30 ,loss= 2.178633213043213
client id= 1 ,round= 1 ,epoch= 1 ,client update iteration= 40 ,loss= 2.0875635147094727
client id= 1 ,round= 1 ,epoch= 1 ,client update iteration= 50 ,loss= 2.0787813663482666
client id= 1 ,round= 1 ,epoch= 1 ,client update iteration= 60 ,loss= 1.886703372001648
client id= 1 ,round= 1 ,epoch= 1 ,client update iteration= 70 ,loss= 1.7360306978225708
client id= 1 ,round= 1 ,epoch= 1 ,client update iteration= 80 ,loss= 1.8270690441131592
client id= 1 ,round= 1 ,epoch= 1 ,client update iteration= 90 ,loss= 1.778037667274475
client id= 1 ,round= 1 ,epoch= 1 ,client update iteration= 100 ,loss= 1.7922996282577515
client id= 1 ,round= 1 ,epoch= 1 ,client update iteration= 110 ,loss= 1.6517854928970337
client id= 1 ,round= 1 ,epoch= 1 ,client update iteration= 120 ,loss= 1.7602124214172363
client id= 1 ,round= 1 ,epoch= 1 ,client update iteration= 130 ,loss= 1.7560069561004639
client id= 1 ,round= 1 ,epoch= 1 ,client update iteration= 140 ,loss= 1.8918652534484863
client id= 1 ,round= 1 ,epoch= 1 ,client update iteration= 150 ,loss= 1.9589768648147583
client id= 1 ,round= 1 ,epoch= 1 ,client update iteration= 160 ,loss= 1.6450035572052002
client id= 1 ,round= 1 ,epoch= 1 ,client update iteration= 170 ,loss= 1.7140069007873535
client id= 1 ,round= 1 ,epoch= 1 ,client update iteration= 180 ,loss= 1.6097725629806519
client id= 1 ,round= 1 ,epoch= 1 ,client update iteration= 190 ,loss= 1.7292954921722412
client id= 1 ,round= 1 ,epoch= 1 ,client update iteration= 200 ,loss= 1.6089117527008057
client id= 1 ,round= 1 ,epoch= 1 ,client update iteration= 210 ,loss= 1.6219109296798706
client id= 1 ,round= 1 ,epoch= 1 ,client update iteration= 220 ,loss= 1.5434592962265015
client id= 1 ,round= 1 ,epoch= 1 ,client update iteration= 230 ,loss= 1.763177752494812
client id= 1 ,round= 1 ,epoch= 1 ,client update iteration= 240 ,loss= 1.4411617517471313
client id= 1 ,round= 1 ,epoch= 1 ,client update iteration= 250 ,loss= 1.5446550846099854
client id= 1 ,round= 1 ,epoch= 1 ,client update iteration= 260 ,loss= 1.495184063911438
client id= 1 ,round= 1 ,epoch= 1 ,client update iteration= 270 ,loss= 1.48746657371521
client id= 1 ,round= 1 ,epoch= 1 ,client update iteration= 280 ,loss= 1.4827890396118164
client id= 1 ,round= 1 ,epoch= 1 ,client update iteration= 290 ,loss= 1.5391581058502197
client id= 1 ,round= 1 ,epoch= 1 ,client update iteration= 300 ,loss= 1.5781667232513428
client id= 1 ,round= 1 ,epoch= 1 ,client update iteration= 310 ,loss= 1.4824602603912354
client id= 1 ,round= 1 ,epoch= 1 ,client update iteration= 320 ,loss= 1.3908579349517822
client id= 1 ,round= 1 ,epoch= 1 ,client update iteration= 330 ,loss= 1.3640515804290771
client id= 1 ,round= 1 ,epoch= 1 ,client update iteration= 340 ,loss= 1.5142821073532104
client id= 1 ,round= 1 ,epoch= 1 ,client update iteration= 350 ,loss= 1.501448154449463
client id= 1 ,round= 1 ,epoch= 1 ,client update iteration= 360 ,loss= 1.6350421905517578
client id= 1 ,round= 1 ,epoch= 1 ,client update iteration= 370 ,loss= 1.4167428016662598
client id= 1 ,round= 1 ,epoch= 1 ,client update iteration= 380 ,loss= 1.3512396812438965
client id= 1 ,round= 1 ,epoch= 1 ,client update iteration= 390 ,loss= 1.5102280378341675
start cal weight time2021-06-30 19:20:07
end cal weight time2021-06-30 19:20:07
layer= 0 ratio= 0.011436135033744679
layer= 1 ratio= 0.013723362040493615
layer= 2 ratio= 0.016468034448592336
layer= 3 ratio= 0.019761641338310806
layer= 4 ratio= 0.023713969605972968
layer= 5 ratio= 0.02845676352716756
layer= 6 ratio= 0.03414811623260107
layer= 7 ratio= 0.04097773947912128
layer= 8 ratio= 0.049173287374945536
layer= 9 ratio= 0.05900794484993465
layer= 10 ratio= 0.07080953381992157
layer= 11 ratio= 0.08497144058390589
layer= 12 ratio= 0.10196572870068706
layer= 13 ratio= 0.12235887444082445
layer= 14 ratio= 0.14683064932898934
layer= 15 ratio= 0.1761967791947872
start add noise2021-06-30 19:20:07
end_add_noise_time2021-06-30 19:20:11
start cal weight time2021-06-30 19:20:11
end cal weight time2021-06-30 19:20:11
layer= 0 ratio= 0.011436135033744679
layer= 1 ratio= 0.013723362040493615
layer= 2 ratio= 0.016468034448592336
layer= 3 ratio= 0.019761641338310806
layer= 4 ratio= 0.023713969605972968
layer= 5 ratio= 0.02845676352716756
layer= 6 ratio= 0.03414811623260107
layer= 7 ratio= 0.04097773947912128
layer= 8 ratio= 0.049173287374945536
layer= 9 ratio= 0.05900794484993465
layer= 10 ratio= 0.07080953381992157
layer= 11 ratio= 0.08497144058390589
layer= 12 ratio= 0.10196572870068706
layer= 13 ratio= 0.12235887444082445
layer= 14 ratio= 0.14683064932898934
layer= 15 ratio= 0.1761967791947872
start add noise2021-06-30 19:20:11
end_add_noise_time2021-06-30 19:20:14
average train loss= 1.7137853797439417
2021-06-30 19:20:23,round 1,val Accuracy Top1: 21.840000 %
2021-06-30 19:20:23,round 1,val Accuracy Top5: 69.220000 %
******client id  0 ******
client_update start
client id= 0 ,round= 2 ,epoch= 1 ,client update iteration= 10 ,loss= 1.6723827123641968
client id= 0 ,round= 2 ,epoch= 1 ,client update iteration= 20 ,loss= 1.6402482986450195
client id= 0 ,round= 2 ,epoch= 1 ,client update iteration= 30 ,loss= 1.8540397882461548
client id= 0 ,round= 2 ,epoch= 1 ,client update iteration= 40 ,loss= 1.4672341346740723
client id= 0 ,round= 2 ,epoch= 1 ,client update iteration= 50 ,loss= 1.795224905014038
client id= 0 ,round= 2 ,epoch= 1 ,client update iteration= 60 ,loss= 1.4463896751403809
client id= 0 ,round= 2 ,epoch= 1 ,client update iteration= 70 ,loss= 1.399841547012329
client id= 0 ,round= 2 ,epoch= 1 ,client update iteration= 80 ,loss= 1.332580804824829
client id= 0 ,round= 2 ,epoch= 1 ,client update iteration= 90 ,loss= 1.2583742141723633
client id= 0 ,round= 2 ,epoch= 1 ,client update iteration= 100 ,loss= 1.3175853490829468
client id= 0 ,round= 2 ,epoch= 1 ,client update iteration= 110 ,loss= 1.210991621017456
client id= 0 ,round= 2 ,epoch= 1 ,client update iteration= 120 ,loss= 1.2177491188049316
client id= 0 ,round= 2 ,epoch= 1 ,client update iteration= 130 ,loss= 1.3289213180541992
client id= 0 ,round= 2 ,epoch= 1 ,client update iteration= 140 ,loss= 1.6031123399734497
client id= 0 ,round= 2 ,epoch= 1 ,client update iteration= 150 ,loss= 1.431859016418457
client id= 0 ,round= 2 ,epoch= 1 ,client update iteration= 160 ,loss= 1.128810167312622
client id= 0 ,round= 2 ,epoch= 1 ,client update iteration= 170 ,loss= 1.331222414970398
client id= 0 ,round= 2 ,epoch= 1 ,client update iteration= 180 ,loss= 1.4113653898239136
client id= 0 ,round= 2 ,epoch= 1 ,client update iteration= 190 ,loss= 1.1790008544921875
client id= 0 ,round= 2 ,epoch= 1 ,client update iteration= 200 ,loss= 1.39681077003479
client id= 0 ,round= 2 ,epoch= 1 ,client update iteration= 210 ,loss= 1.4650987386703491
client id= 0 ,round= 2 ,epoch= 1 ,client update iteration= 220 ,loss= 1.3629223108291626
client id= 0 ,round= 2 ,epoch= 1 ,client update iteration= 230 ,loss= 1.0607603788375854
client id= 0 ,round= 2 ,epoch= 1 ,client update iteration= 240 ,loss= 1.0227910280227661
client id= 0 ,round= 2 ,epoch= 1 ,client update iteration= 250 ,loss= 1.2761303186416626
client id= 0 ,round= 2 ,epoch= 1 ,client update iteration= 260 ,loss= 1.3925074338912964
client id= 0 ,round= 2 ,epoch= 1 ,client update iteration= 270 ,loss= 1.1119273900985718
client id= 0 ,round= 2 ,epoch= 1 ,client update iteration= 280 ,loss= 1.1781821250915527
client id= 0 ,round= 2 ,epoch= 1 ,client update iteration= 290 ,loss= 1.148577094078064
client id= 0 ,round= 2 ,epoch= 1 ,client update iteration= 300 ,loss= 1.1905101537704468
client id= 0 ,round= 2 ,epoch= 1 ,client update iteration= 310 ,loss= 1.4687007665634155
client id= 0 ,round= 2 ,epoch= 1 ,client update iteration= 320 ,loss= 1.236380934715271
client id= 0 ,round= 2 ,epoch= 1 ,client update iteration= 330 ,loss= 1.196433186531067
client id= 0 ,round= 2 ,epoch= 1 ,client update iteration= 340 ,loss= 0.9647908806800842
client id= 0 ,round= 2 ,epoch= 1 ,client update iteration= 350 ,loss= 1.1617779731750488
client id= 0 ,round= 2 ,epoch= 1 ,client update iteration= 360 ,loss= 1.4035494327545166
client id= 0 ,round= 2 ,epoch= 1 ,client update iteration= 370 ,loss= 1.1517404317855835
client id= 0 ,round= 2 ,epoch= 1 ,client update iteration= 380 ,loss= 1.4293047189712524
client id= 0 ,round= 2 ,epoch= 1 ,client update iteration= 390 ,loss= 0.9590178728103638
******client id  1 ******
client_update start
client id= 1 ,round= 2 ,epoch= 1 ,client update iteration= 10 ,loss= 2.4820964336395264
client id= 1 ,round= 2 ,epoch= 1 ,client update iteration= 20 ,loss= 1.8582117557525635
client id= 1 ,round= 2 ,epoch= 1 ,client update iteration= 30 ,loss= 1.541639804840088
client id= 1 ,round= 2 ,epoch= 1 ,client update iteration= 40 ,loss= 1.389028549194336
client id= 1 ,round= 2 ,epoch= 1 ,client update iteration= 50 ,loss= 1.6257777214050293
client id= 1 ,round= 2 ,epoch= 1 ,client update iteration= 60 ,loss= 1.4673140048980713
client id= 1 ,round= 2 ,epoch= 1 ,client update iteration= 70 ,loss= 1.521527886390686
client id= 1 ,round= 2 ,epoch= 1 ,client update iteration= 80 ,loss= 1.5715358257293701
client id= 1 ,round= 2 ,epoch= 1 ,client update iteration= 90 ,loss= 1.5188838243484497
client id= 1 ,round= 2 ,epoch= 1 ,client update iteration= 100 ,loss= 1.5333644151687622
client id= 1 ,round= 2 ,epoch= 1 ,client update iteration= 110 ,loss= 1.3558720350265503
client id= 1 ,round= 2 ,epoch= 1 ,client update iteration= 120 ,loss= 1.2189960479736328
client id= 1 ,round= 2 ,epoch= 1 ,client update iteration= 130 ,loss= 1.3418983221054077
client id= 1 ,round= 2 ,epoch= 1 ,client update iteration= 140 ,loss= 1.4205949306488037
client id= 1 ,round= 2 ,epoch= 1 ,client update iteration= 150 ,loss= 1.3727571964263916
client id= 1 ,round= 2 ,epoch= 1 ,client update iteration= 160 ,loss= 1.3026554584503174
client id= 1 ,round= 2 ,epoch= 1 ,client update iteration= 170 ,loss= 1.5326744318008423
client id= 1 ,round= 2 ,epoch= 1 ,client update iteration= 180 ,loss= 1.332700490951538
client id= 1 ,round= 2 ,epoch= 1 ,client update iteration= 190 ,loss= 1.1939674615859985
client id= 1 ,round= 2 ,epoch= 1 ,client update iteration= 200 ,loss= 1.408989429473877
client id= 1 ,round= 2 ,epoch= 1 ,client update iteration= 210 ,loss= 1.2437509298324585
client id= 1 ,round= 2 ,epoch= 1 ,client update iteration= 220 ,loss= 1.3961310386657715
client id= 1 ,round= 2 ,epoch= 1 ,client update iteration= 230 ,loss= 1.191633701324463
client id= 1 ,round= 2 ,epoch= 1 ,client update iteration= 240 ,loss= 1.2781239748001099
client id= 1 ,round= 2 ,epoch= 1 ,client update iteration= 250 ,loss= 1.121651291847229
client id= 1 ,round= 2 ,epoch= 1 ,client update iteration= 260 ,loss= 1.1674951314926147
client id= 1 ,round= 2 ,epoch= 1 ,client update iteration= 270 ,loss= 1.181670069694519
client id= 1 ,round= 2 ,epoch= 1 ,client update iteration= 280 ,loss= 1.1443474292755127
client id= 1 ,round= 2 ,epoch= 1 ,client update iteration= 290 ,loss= 1.1153244972229004
client id= 1 ,round= 2 ,epoch= 1 ,client update iteration= 300 ,loss= 1.1550174951553345
client id= 1 ,round= 2 ,epoch= 1 ,client update iteration= 310 ,loss= 1.3584482669830322
client id= 1 ,round= 2 ,epoch= 1 ,client update iteration= 320 ,loss= 1.1682024002075195
client id= 1 ,round= 2 ,epoch= 1 ,client update iteration= 330 ,loss= 1.2836049795150757
client id= 1 ,round= 2 ,epoch= 1 ,client update iteration= 340 ,loss= 1.101965308189392
client id= 1 ,round= 2 ,epoch= 1 ,client update iteration= 350 ,loss= 1.2390260696411133
client id= 1 ,round= 2 ,epoch= 1 ,client update iteration= 360 ,loss= 1.0063621997833252
client id= 1 ,round= 2 ,epoch= 1 ,client update iteration= 370 ,loss= 1.571411371231079
client id= 1 ,round= 2 ,epoch= 1 ,client update iteration= 380 ,loss= 1.3161076307296753
client id= 1 ,round= 2 ,epoch= 1 ,client update iteration= 390 ,loss= 0.9447664022445679
start cal weight time2021-06-30 19:22:49
end cal weight time2021-06-30 19:22:49
layer= 0 ratio= 0.011436135033744679
layer= 1 ratio= 0.013723362040493615
layer= 2 ratio= 0.016468034448592336
layer= 3 ratio= 0.019761641338310806
layer= 4 ratio= 0.023713969605972968
layer= 5 ratio= 0.02845676352716756
layer= 6 ratio= 0.03414811623260107
layer= 7 ratio= 0.04097773947912128
layer= 8 ratio= 0.049173287374945536
layer= 9 ratio= 0.05900794484993465
layer= 10 ratio= 0.07080953381992157
layer= 11 ratio= 0.08497144058390589
layer= 12 ratio= 0.10196572870068706
layer= 13 ratio= 0.12235887444082445
layer= 14 ratio= 0.14683064932898934
layer= 15 ratio= 0.1761967791947872
start add noise2021-06-30 19:22:49
end_add_noise_time2021-06-30 19:22:52
start cal weight time2021-06-30 19:22:52
end cal weight time2021-06-30 19:22:52
layer= 0 ratio= 0.011436135033744679
layer= 1 ratio= 0.013723362040493615
layer= 2 ratio= 0.016468034448592336
layer= 3 ratio= 0.019761641338310806
layer= 4 ratio= 0.023713969605972968
layer= 5 ratio= 0.02845676352716756
layer= 6 ratio= 0.03414811623260107
layer= 7 ratio= 0.04097773947912128
layer= 8 ratio= 0.049173287374945536
layer= 9 ratio= 0.05900794484993465
layer= 10 ratio= 0.07080953381992157
layer= 11 ratio= 0.08497144058390589
layer= 12 ratio= 0.10196572870068706
layer= 13 ratio= 0.12235887444082445
layer= 14 ratio= 0.14683064932898934
layer= 15 ratio= 0.1761967791947872
start add noise2021-06-30 19:22:52
end_add_noise_time2021-06-30 19:22:55
average train loss= 1.3567497340766974
2021-06-30 19:23:04,round 2,val Accuracy Top1: 59.840000 %
2021-06-30 19:23:04,round 2,val Accuracy Top5: 95.920000 %
******client id  0 ******
client_update start
client id= 0 ,round= 3 ,epoch= 1 ,client update iteration= 10 ,loss= 1.5288820266723633
client id= 0 ,round= 3 ,epoch= 1 ,client update iteration= 20 ,loss= 1.2393683195114136
client id= 0 ,round= 3 ,epoch= 1 ,client update iteration= 30 ,loss= 1.1009835004806519
client id= 0 ,round= 3 ,epoch= 1 ,client update iteration= 40 ,loss= 1.2281910181045532
client id= 0 ,round= 3 ,epoch= 1 ,client update iteration= 50 ,loss= 1.4096671342849731
client id= 0 ,round= 3 ,epoch= 1 ,client update iteration= 60 ,loss= 0.8749512434005737
client id= 0 ,round= 3 ,epoch= 1 ,client update iteration= 70 ,loss= 1.061694860458374
client id= 0 ,round= 3 ,epoch= 1 ,client update iteration= 80 ,loss= 1.0396263599395752
client id= 0 ,round= 3 ,epoch= 1 ,client update iteration= 90 ,loss= 0.9692938327789307
client id= 0 ,round= 3 ,epoch= 1 ,client update iteration= 100 ,loss= 1.1279833316802979
client id= 0 ,round= 3 ,epoch= 1 ,client update iteration= 110 ,loss= 1.08161461353302
client id= 0 ,round= 3 ,epoch= 1 ,client update iteration= 120 ,loss= 1.1132888793945312
client id= 0 ,round= 3 ,epoch= 1 ,client update iteration= 130 ,loss= 1.0719799995422363
client id= 0 ,round= 3 ,epoch= 1 ,client update iteration= 140 ,loss= 1.0267452001571655
client id= 0 ,round= 3 ,epoch= 1 ,client update iteration= 150 ,loss= 1.1642024517059326
client id= 0 ,round= 3 ,epoch= 1 ,client update iteration= 160 ,loss= 0.9505528211593628
client id= 0 ,round= 3 ,epoch= 1 ,client update iteration= 170 ,loss= 0.7446401119232178
client id= 0 ,round= 3 ,epoch= 1 ,client update iteration= 180 ,loss= 1.0626637935638428
client id= 0 ,round= 3 ,epoch= 1 ,client update iteration= 190 ,loss= 1.1470035314559937
client id= 0 ,round= 3 ,epoch= 1 ,client update iteration= 200 ,loss= 0.7797045111656189
client id= 0 ,round= 3 ,epoch= 1 ,client update iteration= 210 ,loss= 1.158071756362915
client id= 0 ,round= 3 ,epoch= 1 ,client update iteration= 220 ,loss= 1.0126700401306152
client id= 0 ,round= 3 ,epoch= 1 ,client update iteration= 230 ,loss= 1.0562103986740112
client id= 0 ,round= 3 ,epoch= 1 ,client update iteration= 240 ,loss= 0.8887710571289062
client id= 0 ,round= 3 ,epoch= 1 ,client update iteration= 250 ,loss= 1.1553270816802979
client id= 0 ,round= 3 ,epoch= 1 ,client update iteration= 260 ,loss= 0.9401617050170898
client id= 0 ,round= 3 ,epoch= 1 ,client update iteration= 270 ,loss= 1.136964201927185
client id= 0 ,round= 3 ,epoch= 1 ,client update iteration= 280 ,loss= 1.2130217552185059
client id= 0 ,round= 3 ,epoch= 1 ,client update iteration= 290 ,loss= 0.8163768649101257
client id= 0 ,round= 3 ,epoch= 1 ,client update iteration= 300 ,loss= 0.6911062598228455
client id= 0 ,round= 3 ,epoch= 1 ,client update iteration= 310 ,loss= 0.9212364554405212
client id= 0 ,round= 3 ,epoch= 1 ,client update iteration= 320 ,loss= 0.9668101072311401
client id= 0 ,round= 3 ,epoch= 1 ,client update iteration= 330 ,loss= 0.8282843828201294
client id= 0 ,round= 3 ,epoch= 1 ,client update iteration= 340 ,loss= 0.8219978213310242
client id= 0 ,round= 3 ,epoch= 1 ,client update iteration= 350 ,loss= 1.0715945959091187
client id= 0 ,round= 3 ,epoch= 1 ,client update iteration= 360 ,loss= 1.1094073057174683
client id= 0 ,round= 3 ,epoch= 1 ,client update iteration= 370 ,loss= 1.0614560842514038
client id= 0 ,round= 3 ,epoch= 1 ,client update iteration= 380 ,loss= 0.9744930863380432
client id= 0 ,round= 3 ,epoch= 1 ,client update iteration= 390 ,loss= 0.7736353874206543
******client id  1 ******
client_update start
client id= 1 ,round= 3 ,epoch= 1 ,client update iteration= 10 ,loss= 1.2083182334899902
client id= 1 ,round= 3 ,epoch= 1 ,client update iteration= 20 ,loss= 1.4412614107131958
client id= 1 ,round= 3 ,epoch= 1 ,client update iteration= 30 ,loss= 1.2924715280532837
client id= 1 ,round= 3 ,epoch= 1 ,client update iteration= 40 ,loss= 1.2933881282806396
client id= 1 ,round= 3 ,epoch= 1 ,client update iteration= 50 ,loss= 1.0086427927017212
client id= 1 ,round= 3 ,epoch= 1 ,client update iteration= 60 ,loss= 1.1120433807373047
client id= 1 ,round= 3 ,epoch= 1 ,client update iteration= 70 ,loss= 1.1257048845291138
client id= 1 ,round= 3 ,epoch= 1 ,client update iteration= 80 ,loss= 1.091362476348877
client id= 1 ,round= 3 ,epoch= 1 ,client update iteration= 90 ,loss= 1.3005118370056152
client id= 1 ,round= 3 ,epoch= 1 ,client update iteration= 100 ,loss= 1.06036376953125
client id= 1 ,round= 3 ,epoch= 1 ,client update iteration= 110 ,loss= 1.4149324893951416
client id= 1 ,round= 3 ,epoch= 1 ,client update iteration= 120 ,loss= 1.3611546754837036
client id= 1 ,round= 3 ,epoch= 1 ,client update iteration= 130 ,loss= 0.948429524898529
client id= 1 ,round= 3 ,epoch= 1 ,client update iteration= 140 ,loss= 1.0292377471923828
client id= 1 ,round= 3 ,epoch= 1 ,client update iteration= 150 ,loss= 0.8864360451698303
client id= 1 ,round= 3 ,epoch= 1 ,client update iteration= 160 ,loss= 1.4489871263504028
client id= 1 ,round= 3 ,epoch= 1 ,client update iteration= 170 ,loss= 1.0749813318252563
client id= 1 ,round= 3 ,epoch= 1 ,client update iteration= 180 ,loss= 0.879043698310852
client id= 1 ,round= 3 ,epoch= 1 ,client update iteration= 190 ,loss= 0.8139830827713013
client id= 1 ,round= 3 ,epoch= 1 ,client update iteration= 200 ,loss= 0.945227861404419
client id= 1 ,round= 3 ,epoch= 1 ,client update iteration= 210 ,loss= 1.1272845268249512
client id= 1 ,round= 3 ,epoch= 1 ,client update iteration= 220 ,loss= 1.2265719175338745
client id= 1 ,round= 3 ,epoch= 1 ,client update iteration= 230 ,loss= 1.146242380142212
client id= 1 ,round= 3 ,epoch= 1 ,client update iteration= 240 ,loss= 1.020724892616272
client id= 1 ,round= 3 ,epoch= 1 ,client update iteration= 250 ,loss= 1.0819733142852783
client id= 1 ,round= 3 ,epoch= 1 ,client update iteration= 260 ,loss= 0.8225424885749817
client id= 1 ,round= 3 ,epoch= 1 ,client update iteration= 270 ,loss= 0.8691368699073792
client id= 1 ,round= 3 ,epoch= 1 ,client update iteration= 280 ,loss= 1.256166696548462
client id= 1 ,round= 3 ,epoch= 1 ,client update iteration= 290 ,loss= 0.8868529796600342
client id= 1 ,round= 3 ,epoch= 1 ,client update iteration= 300 ,loss= 1.1311076879501343
client id= 1 ,round= 3 ,epoch= 1 ,client update iteration= 310 ,loss= 0.8565706610679626
client id= 1 ,round= 3 ,epoch= 1 ,client update iteration= 320 ,loss= 1.0197241306304932
client id= 1 ,round= 3 ,epoch= 1 ,client update iteration= 330 ,loss= 0.8528028726577759
client id= 1 ,round= 3 ,epoch= 1 ,client update iteration= 340 ,loss= 0.8348419070243835
client id= 1 ,round= 3 ,epoch= 1 ,client update iteration= 350 ,loss= 0.9044869542121887
client id= 1 ,round= 3 ,epoch= 1 ,client update iteration= 360 ,loss= 0.9199830293655396
client id= 1 ,round= 3 ,epoch= 1 ,client update iteration= 370 ,loss= 1.3542996644973755
client id= 1 ,round= 3 ,epoch= 1 ,client update iteration= 380 ,loss= 0.7533658146858215
client id= 1 ,round= 3 ,epoch= 1 ,client update iteration= 390 ,loss= 1.2216017246246338
start cal weight time2021-06-30 19:25:30
end cal weight time2021-06-30 19:25:30
layer= 0 ratio= 0.011436135033744679
layer= 1 ratio= 0.013723362040493615
layer= 2 ratio= 0.016468034448592336
layer= 3 ratio= 0.019761641338310806
layer= 4 ratio= 0.023713969605972968
layer= 5 ratio= 0.02845676352716756
layer= 6 ratio= 0.03414811623260107
layer= 7 ratio= 0.04097773947912128
layer= 8 ratio= 0.049173287374945536
layer= 9 ratio= 0.05900794484993465
layer= 10 ratio= 0.07080953381992157
layer= 11 ratio= 0.08497144058390589
layer= 12 ratio= 0.10196572870068706
layer= 13 ratio= 0.12235887444082445
layer= 14 ratio= 0.14683064932898934
layer= 15 ratio= 0.1761967791947872
start add noise2021-06-30 19:25:30
end_add_noise_time2021-06-30 19:25:33
start cal weight time2021-06-30 19:25:33
end cal weight time2021-06-30 19:25:33
layer= 0 ratio= 0.011436135033744679
layer= 1 ratio= 0.013723362040493615
layer= 2 ratio= 0.016468034448592336
layer= 3 ratio= 0.019761641338310806
layer= 4 ratio= 0.023713969605972968
layer= 5 ratio= 0.02845676352716756
layer= 6 ratio= 0.03414811623260107
layer= 7 ratio= 0.04097773947912128
layer= 8 ratio= 0.049173287374945536
layer= 9 ratio= 0.05900794484993465
layer= 10 ratio= 0.07080953381992157
layer= 11 ratio= 0.08497144058390589
layer= 12 ratio= 0.10196572870068706
layer= 13 ratio= 0.12235887444082445
layer= 14 ratio= 0.14683064932898934
layer= 15 ratio= 0.1761967791947872
start add noise2021-06-30 19:25:33
end_add_noise_time2021-06-30 19:25:36
average train loss= 1.0542485496729537
2021-06-30 19:25:45,round 3,val Accuracy Top1: 69.940000 %
2021-06-30 19:25:45,round 3,val Accuracy Top5: 97.510000 %
******client id  0 ******
client_update start
client id= 0 ,round= 4 ,epoch= 1 ,client update iteration= 10 ,loss= 0.9613660573959351
client id= 0 ,round= 4 ,epoch= 1 ,client update iteration= 20 ,loss= 1.1626781225204468
client id= 0 ,round= 4 ,epoch= 1 ,client update iteration= 30 ,loss= 0.9525816440582275
client id= 0 ,round= 4 ,epoch= 1 ,client update iteration= 40 ,loss= 0.8564261794090271
client id= 0 ,round= 4 ,epoch= 1 ,client update iteration= 50 ,loss= 0.7511465549468994
client id= 0 ,round= 4 ,epoch= 1 ,client update iteration= 60 ,loss= 0.9972336292266846
client id= 0 ,round= 4 ,epoch= 1 ,client update iteration= 70 ,loss= 0.8223627805709839
client id= 0 ,round= 4 ,epoch= 1 ,client update iteration= 80 ,loss= 0.8566534519195557
client id= 0 ,round= 4 ,epoch= 1 ,client update iteration= 90 ,loss= 0.8648259043693542
client id= 0 ,round= 4 ,epoch= 1 ,client update iteration= 100 ,loss= 0.9743441343307495
client id= 0 ,round= 4 ,epoch= 1 ,client update iteration= 110 ,loss= 0.8782945871353149
client id= 0 ,round= 4 ,epoch= 1 ,client update iteration= 120 ,loss= 0.9670581221580505
client id= 0 ,round= 4 ,epoch= 1 ,client update iteration= 130 ,loss= 1.1110213994979858
client id= 0 ,round= 4 ,epoch= 1 ,client update iteration= 140 ,loss= 1.1713699102401733
client id= 0 ,round= 4 ,epoch= 1 ,client update iteration= 150 ,loss= 1.151292085647583
client id= 0 ,round= 4 ,epoch= 1 ,client update iteration= 160 ,loss= 0.9743205308914185
client id= 0 ,round= 4 ,epoch= 1 ,client update iteration= 170 ,loss= 0.7596731781959534
client id= 0 ,round= 4 ,epoch= 1 ,client update iteration= 180 ,loss= 0.7222762703895569
client id= 0 ,round= 4 ,epoch= 1 ,client update iteration= 190 ,loss= 0.6512317061424255
client id= 0 ,round= 4 ,epoch= 1 ,client update iteration= 200 ,loss= 0.9489926099777222
client id= 0 ,round= 4 ,epoch= 1 ,client update iteration= 210 ,loss= 0.6804772615432739
client id= 0 ,round= 4 ,epoch= 1 ,client update iteration= 220 ,loss= 0.8303043246269226
client id= 0 ,round= 4 ,epoch= 1 ,client update iteration= 230 ,loss= 1.0370230674743652
client id= 0 ,round= 4 ,epoch= 1 ,client update iteration= 240 ,loss= 0.8858186602592468
client id= 0 ,round= 4 ,epoch= 1 ,client update iteration= 250 ,loss= 0.6686541438102722
client id= 0 ,round= 4 ,epoch= 1 ,client update iteration= 260 ,loss= 0.7934930324554443
client id= 0 ,round= 4 ,epoch= 1 ,client update iteration= 270 ,loss= 0.8605017066001892
client id= 0 ,round= 4 ,epoch= 1 ,client update iteration= 280 ,loss= 0.7918285131454468
client id= 0 ,round= 4 ,epoch= 1 ,client update iteration= 290 ,loss= 0.7409974336624146
client id= 0 ,round= 4 ,epoch= 1 ,client update iteration= 300 ,loss= 0.8733627200126648
client id= 0 ,round= 4 ,epoch= 1 ,client update iteration= 310 ,loss= 0.8776071071624756
client id= 0 ,round= 4 ,epoch= 1 ,client update iteration= 320 ,loss= 0.71689373254776
client id= 0 ,round= 4 ,epoch= 1 ,client update iteration= 330 ,loss= 0.9421175718307495
client id= 0 ,round= 4 ,epoch= 1 ,client update iteration= 340 ,loss= 0.7763873934745789
client id= 0 ,round= 4 ,epoch= 1 ,client update iteration= 350 ,loss= 0.788695752620697
client id= 0 ,round= 4 ,epoch= 1 ,client update iteration= 360 ,loss= 0.7904711365699768
client id= 0 ,round= 4 ,epoch= 1 ,client update iteration= 370 ,loss= 0.8986603021621704
client id= 0 ,round= 4 ,epoch= 1 ,client update iteration= 380 ,loss= 0.7392545938491821
client id= 0 ,round= 4 ,epoch= 1 ,client update iteration= 390 ,loss= 0.7641336917877197
******client id  1 ******
client_update start
client id= 1 ,round= 4 ,epoch= 1 ,client update iteration= 10 ,loss= 0.6950798034667969
client id= 1 ,round= 4 ,epoch= 1 ,client update iteration= 20 ,loss= 1.1782946586608887
client id= 1 ,round= 4 ,epoch= 1 ,client update iteration= 30 ,loss= 0.9415869116783142
client id= 1 ,round= 4 ,epoch= 1 ,client update iteration= 40 ,loss= 0.9146729111671448
client id= 1 ,round= 4 ,epoch= 1 ,client update iteration= 50 ,loss= 0.7610660791397095
client id= 1 ,round= 4 ,epoch= 1 ,client update iteration= 60 ,loss= 0.7887880802154541
client id= 1 ,round= 4 ,epoch= 1 ,client update iteration= 70 ,loss= 1.0486787557601929
client id= 1 ,round= 4 ,epoch= 1 ,client update iteration= 80 ,loss= 0.987227737903595
client id= 1 ,round= 4 ,epoch= 1 ,client update iteration= 90 ,loss= 0.9107494354248047
client id= 1 ,round= 4 ,epoch= 1 ,client update iteration= 100 ,loss= 0.8501451015472412
client id= 1 ,round= 4 ,epoch= 1 ,client update iteration= 110 ,loss= 0.6993844509124756
client id= 1 ,round= 4 ,epoch= 1 ,client update iteration= 120 ,loss= 1.1221123933792114
client id= 1 ,round= 4 ,epoch= 1 ,client update iteration= 130 ,loss= 0.8691962957382202
client id= 1 ,round= 4 ,epoch= 1 ,client update iteration= 140 ,loss= 1.014412522315979
client id= 1 ,round= 4 ,epoch= 1 ,client update iteration= 150 ,loss= 0.8538419604301453
client id= 1 ,round= 4 ,epoch= 1 ,client update iteration= 160 ,loss= 0.7909337282180786
client id= 1 ,round= 4 ,epoch= 1 ,client update iteration= 170 ,loss= 1.128539800643921
client id= 1 ,round= 4 ,epoch= 1 ,client update iteration= 180 ,loss= 0.8027635812759399
client id= 1 ,round= 4 ,epoch= 1 ,client update iteration= 190 ,loss= 0.946315586566925
client id= 1 ,round= 4 ,epoch= 1 ,client update iteration= 200 ,loss= 0.9721072912216187
client id= 1 ,round= 4 ,epoch= 1 ,client update iteration= 210 ,loss= 0.8281622529029846
client id= 1 ,round= 4 ,epoch= 1 ,client update iteration= 220 ,loss= 0.8783506155014038
client id= 1 ,round= 4 ,epoch= 1 ,client update iteration= 230 ,loss= 1.074221134185791
client id= 1 ,round= 4 ,epoch= 1 ,client update iteration= 240 ,loss= 0.8420590162277222
client id= 1 ,round= 4 ,epoch= 1 ,client update iteration= 250 ,loss= 0.9886372089385986
client id= 1 ,round= 4 ,epoch= 1 ,client update iteration= 260 ,loss= 0.8657730221748352
client id= 1 ,round= 4 ,epoch= 1 ,client update iteration= 270 ,loss= 0.9932191967964172
client id= 1 ,round= 4 ,epoch= 1 ,client update iteration= 280 ,loss= 0.83558189868927
client id= 1 ,round= 4 ,epoch= 1 ,client update iteration= 290 ,loss= 0.7702882289886475
client id= 1 ,round= 4 ,epoch= 1 ,client update iteration= 300 ,loss= 0.9852624535560608
client id= 1 ,round= 4 ,epoch= 1 ,client update iteration= 310 ,loss= 0.8594323992729187
client id= 1 ,round= 4 ,epoch= 1 ,client update iteration= 320 ,loss= 0.5887706279754639
client id= 1 ,round= 4 ,epoch= 1 ,client update iteration= 330 ,loss= 0.8600871562957764
client id= 1 ,round= 4 ,epoch= 1 ,client update iteration= 340 ,loss= 0.9770469665527344
client id= 1 ,round= 4 ,epoch= 1 ,client update iteration= 350 ,loss= 0.8842974901199341
client id= 1 ,round= 4 ,epoch= 1 ,client update iteration= 360 ,loss= 0.9012146592140198
client id= 1 ,round= 4 ,epoch= 1 ,client update iteration= 370 ,loss= 0.8910603523254395
client id= 1 ,round= 4 ,epoch= 1 ,client update iteration= 380 ,loss= 0.7894154191017151
client id= 1 ,round= 4 ,epoch= 1 ,client update iteration= 390 ,loss= 0.8065286874771118
start cal weight time2021-06-30 19:28:11
end cal weight time2021-06-30 19:28:11
layer= 0 ratio= 0.011436135033744679
layer= 1 ratio= 0.013723362040493615
layer= 2 ratio= 0.016468034448592336
layer= 3 ratio= 0.019761641338310806
layer= 4 ratio= 0.023713969605972968
layer= 5 ratio= 0.02845676352716756
layer= 6 ratio= 0.03414811623260107
layer= 7 ratio= 0.04097773947912128
layer= 8 ratio= 0.049173287374945536
layer= 9 ratio= 0.05900794484993465
layer= 10 ratio= 0.07080953381992157
layer= 11 ratio= 0.08497144058390589
layer= 12 ratio= 0.10196572870068706
layer= 13 ratio= 0.12235887444082445
layer= 14 ratio= 0.14683064932898934
layer= 15 ratio= 0.1761967791947872
start add noise2021-06-30 19:28:11
end_add_noise_time2021-06-30 19:28:14
start cal weight time2021-06-30 19:28:14
end cal weight time2021-06-30 19:28:14
layer= 0 ratio= 0.011436135033744679
layer= 1 ratio= 0.013723362040493615
layer= 2 ratio= 0.016468034448592336
layer= 3 ratio= 0.019761641338310806
layer= 4 ratio= 0.023713969605972968
layer= 5 ratio= 0.02845676352716756
layer= 6 ratio= 0.03414811623260107
layer= 7 ratio= 0.04097773947912128
layer= 8 ratio= 0.049173287374945536
layer= 9 ratio= 0.05900794484993465
layer= 10 ratio= 0.07080953381992157
layer= 11 ratio= 0.08497144058390589
layer= 12 ratio= 0.10196572870068706
layer= 13 ratio= 0.12235887444082445
layer= 14 ratio= 0.14683064932898934
layer= 15 ratio= 0.1761967791947872
start add noise2021-06-30 19:28:14
end_add_noise_time2021-06-30 19:28:18
average train loss= 0.855996383158752
2021-06-30 19:28:26,round 4,val Accuracy Top1: 72.980000 %
2021-06-30 19:28:26,round 4,val Accuracy Top5: 97.860000 %
******client id  0 ******
client_update start
client id= 0 ,round= 5 ,epoch= 1 ,client update iteration= 10 ,loss= 0.7725987434387207
client id= 0 ,round= 5 ,epoch= 1 ,client update iteration= 20 ,loss= 0.5657651424407959
client id= 0 ,round= 5 ,epoch= 1 ,client update iteration= 30 ,loss= 0.7434898614883423
client id= 0 ,round= 5 ,epoch= 1 ,client update iteration= 40 ,loss= 0.6351349353790283
client id= 0 ,round= 5 ,epoch= 1 ,client update iteration= 50 ,loss= 0.5710873603820801
client id= 0 ,round= 5 ,epoch= 1 ,client update iteration= 60 ,loss= 0.7757136821746826
client id= 0 ,round= 5 ,epoch= 1 ,client update iteration= 70 ,loss= 0.5982261300086975
client id= 0 ,round= 5 ,epoch= 1 ,client update iteration= 80 ,loss= 0.9581596255302429
client id= 0 ,round= 5 ,epoch= 1 ,client update iteration= 90 ,loss= 0.6785457730293274
client id= 0 ,round= 5 ,epoch= 1 ,client update iteration= 100 ,loss= 0.7229849100112915
client id= 0 ,round= 5 ,epoch= 1 ,client update iteration= 110 ,loss= 0.5678831338882446
client id= 0 ,round= 5 ,epoch= 1 ,client update iteration= 120 ,loss= 0.8307783603668213
client id= 0 ,round= 5 ,epoch= 1 ,client update iteration= 130 ,loss= 0.7171201109886169
client id= 0 ,round= 5 ,epoch= 1 ,client update iteration= 140 ,loss= 0.8105434775352478
client id= 0 ,round= 5 ,epoch= 1 ,client update iteration= 150 ,loss= 0.732664942741394
client id= 0 ,round= 5 ,epoch= 1 ,client update iteration= 160 ,loss= 0.5111260414123535
client id= 0 ,round= 5 ,epoch= 1 ,client update iteration= 170 ,loss= 0.8895097970962524
client id= 0 ,round= 5 ,epoch= 1 ,client update iteration= 180 ,loss= 0.895597517490387
client id= 0 ,round= 5 ,epoch= 1 ,client update iteration= 190 ,loss= 0.7644540667533875
client id= 0 ,round= 5 ,epoch= 1 ,client update iteration= 200 ,loss= 0.7501022219657898
client id= 0 ,round= 5 ,epoch= 1 ,client update iteration= 210 ,loss= 0.4959464967250824
client id= 0 ,round= 5 ,epoch= 1 ,client update iteration= 220 ,loss= 0.5885711312294006
client id= 0 ,round= 5 ,epoch= 1 ,client update iteration= 230 ,loss= 0.5030388236045837
client id= 0 ,round= 5 ,epoch= 1 ,client update iteration= 240 ,loss= 1.053913950920105
client id= 0 ,round= 5 ,epoch= 1 ,client update iteration= 250 ,loss= 0.7822600603103638
client id= 0 ,round= 5 ,epoch= 1 ,client update iteration= 260 ,loss= 0.4950355291366577
client id= 0 ,round= 5 ,epoch= 1 ,client update iteration= 270 ,loss= 0.6008736491203308
client id= 0 ,round= 5 ,epoch= 1 ,client update iteration= 280 ,loss= 0.7163667678833008
client id= 0 ,round= 5 ,epoch= 1 ,client update iteration= 290 ,loss= 0.7671548128128052
client id= 0 ,round= 5 ,epoch= 1 ,client update iteration= 300 ,loss= 0.7880387902259827
client id= 0 ,round= 5 ,epoch= 1 ,client update iteration= 310 ,loss= 0.8203569650650024
client id= 0 ,round= 5 ,epoch= 1 ,client update iteration= 320 ,loss= 0.6606425642967224
client id= 0 ,round= 5 ,epoch= 1 ,client update iteration= 330 ,loss= 0.9195204377174377
client id= 0 ,round= 5 ,epoch= 1 ,client update iteration= 340 ,loss= 0.8816462755203247
client id= 0 ,round= 5 ,epoch= 1 ,client update iteration= 350 ,loss= 0.8721760511398315
client id= 0 ,round= 5 ,epoch= 1 ,client update iteration= 360 ,loss= 0.6170948147773743
client id= 0 ,round= 5 ,epoch= 1 ,client update iteration= 370 ,loss= 0.7313634753227234
client id= 0 ,round= 5 ,epoch= 1 ,client update iteration= 380 ,loss= 0.8659515976905823
client id= 0 ,round= 5 ,epoch= 1 ,client update iteration= 390 ,loss= 1.043969750404358
******client id  1 ******
client_update start
client id= 1 ,round= 5 ,epoch= 1 ,client update iteration= 10 ,loss= 0.8107452988624573
client id= 1 ,round= 5 ,epoch= 1 ,client update iteration= 20 ,loss= 0.6865745782852173
client id= 1 ,round= 5 ,epoch= 1 ,client update iteration= 30 ,loss= 0.7515520453453064
client id= 1 ,round= 5 ,epoch= 1 ,client update iteration= 40 ,loss= 0.6283515095710754
client id= 1 ,round= 5 ,epoch= 1 ,client update iteration= 50 ,loss= 0.8427770137786865
client id= 1 ,round= 5 ,epoch= 1 ,client update iteration= 60 ,loss= 0.9133440256118774
client id= 1 ,round= 5 ,epoch= 1 ,client update iteration= 70 ,loss= 0.8128891587257385
client id= 1 ,round= 5 ,epoch= 1 ,client update iteration= 80 ,loss= 0.6232813000679016
client id= 1 ,round= 5 ,epoch= 1 ,client update iteration= 90 ,loss= 0.6109948754310608
client id= 1 ,round= 5 ,epoch= 1 ,client update iteration= 100 ,loss= 0.732525646686554
client id= 1 ,round= 5 ,epoch= 1 ,client update iteration= 110 ,loss= 0.8294860124588013
client id= 1 ,round= 5 ,epoch= 1 ,client update iteration= 120 ,loss= 0.713811457157135
client id= 1 ,round= 5 ,epoch= 1 ,client update iteration= 130 ,loss= 0.7858222126960754
client id= 1 ,round= 5 ,epoch= 1 ,client update iteration= 140 ,loss= 0.7859252095222473
client id= 1 ,round= 5 ,epoch= 1 ,client update iteration= 150 ,loss= 0.7984575033187866
client id= 1 ,round= 5 ,epoch= 1 ,client update iteration= 160 ,loss= 0.8011665344238281
client id= 1 ,round= 5 ,epoch= 1 ,client update iteration= 170 ,loss= 0.7553447484970093
client id= 1 ,round= 5 ,epoch= 1 ,client update iteration= 180 ,loss= 0.6076322793960571
client id= 1 ,round= 5 ,epoch= 1 ,client update iteration= 190 ,loss= 0.8648427128791809
client id= 1 ,round= 5 ,epoch= 1 ,client update iteration= 200 ,loss= 0.7187110781669617
client id= 1 ,round= 5 ,epoch= 1 ,client update iteration= 210 ,loss= 0.7242896556854248
client id= 1 ,round= 5 ,epoch= 1 ,client update iteration= 220 ,loss= 0.5508538484573364
client id= 1 ,round= 5 ,epoch= 1 ,client update iteration= 230 ,loss= 0.7217847108840942
client id= 1 ,round= 5 ,epoch= 1 ,client update iteration= 240 ,loss= 0.8867227435112
client id= 1 ,round= 5 ,epoch= 1 ,client update iteration= 250 ,loss= 0.7551290392875671
client id= 1 ,round= 5 ,epoch= 1 ,client update iteration= 260 ,loss= 0.8716469407081604
client id= 1 ,round= 5 ,epoch= 1 ,client update iteration= 270 ,loss= 0.786505937576294
client id= 1 ,round= 5 ,epoch= 1 ,client update iteration= 280 ,loss= 0.643873929977417
client id= 1 ,round= 5 ,epoch= 1 ,client update iteration= 290 ,loss= 0.8490012884140015
client id= 1 ,round= 5 ,epoch= 1 ,client update iteration= 300 ,loss= 0.5606704354286194
client id= 1 ,round= 5 ,epoch= 1 ,client update iteration= 310 ,loss= 0.8593214154243469
client id= 1 ,round= 5 ,epoch= 1 ,client update iteration= 320 ,loss= 0.6276423335075378
client id= 1 ,round= 5 ,epoch= 1 ,client update iteration= 330 ,loss= 0.6999949216842651
client id= 1 ,round= 5 ,epoch= 1 ,client update iteration= 340 ,loss= 0.8524580597877502
client id= 1 ,round= 5 ,epoch= 1 ,client update iteration= 350 ,loss= 0.6926487684249878
client id= 1 ,round= 5 ,epoch= 1 ,client update iteration= 360 ,loss= 0.6622983813285828
client id= 1 ,round= 5 ,epoch= 1 ,client update iteration= 370 ,loss= 0.6587491035461426
client id= 1 ,round= 5 ,epoch= 1 ,client update iteration= 380 ,loss= 0.8872089385986328
client id= 1 ,round= 5 ,epoch= 1 ,client update iteration= 390 ,loss= 0.4618414342403412
start cal weight time2021-06-30 19:30:52
end cal weight time2021-06-30 19:30:52
layer= 0 ratio= 0.011436135033744679
layer= 1 ratio= 0.013723362040493615
layer= 2 ratio= 0.016468034448592336
layer= 3 ratio= 0.019761641338310806
layer= 4 ratio= 0.023713969605972968
layer= 5 ratio= 0.02845676352716756
layer= 6 ratio= 0.03414811623260107
layer= 7 ratio= 0.04097773947912128
layer= 8 ratio= 0.049173287374945536
layer= 9 ratio= 0.05900794484993465
layer= 10 ratio= 0.07080953381992157
layer= 11 ratio= 0.08497144058390589
layer= 12 ratio= 0.10196572870068706
layer= 13 ratio= 0.12235887444082445
layer= 14 ratio= 0.14683064932898934
layer= 15 ratio= 0.1761967791947872
start add noise2021-06-30 19:30:52
end_add_noise_time2021-06-30 19:30:55
start cal weight time2021-06-30 19:30:55
end cal weight time2021-06-30 19:30:55
layer= 0 ratio= 0.011436135033744679
layer= 1 ratio= 0.013723362040493615
layer= 2 ratio= 0.016468034448592336
layer= 3 ratio= 0.019761641338310806
layer= 4 ratio= 0.023713969605972968
layer= 5 ratio= 0.02845676352716756
layer= 6 ratio= 0.03414811623260107
layer= 7 ratio= 0.04097773947912128
layer= 8 ratio= 0.049173287374945536
layer= 9 ratio= 0.05900794484993465
layer= 10 ratio= 0.07080953381992157
layer= 11 ratio= 0.08497144058390589
layer= 12 ratio= 0.10196572870068706
layer= 13 ratio= 0.12235887444082445
layer= 14 ratio= 0.14683064932898934
layer= 15 ratio= 0.1761967791947872
start add noise2021-06-30 19:30:55
end_add_noise_time2021-06-30 19:30:59
average train loss= 0.7379451221822169
2021-06-30 19:31:08,round 5,val Accuracy Top1: 74.920000 %
2021-06-30 19:31:08,round 5,val Accuracy Top5: 98.160000 %
******client id  0 ******
client_update start
client id= 0 ,round= 6 ,epoch= 1 ,client update iteration= 10 ,loss= 0.6646553874015808
client id= 0 ,round= 6 ,epoch= 1 ,client update iteration= 20 ,loss= 0.7348271012306213
client id= 0 ,round= 6 ,epoch= 1 ,client update iteration= 30 ,loss= 0.584510862827301
client id= 0 ,round= 6 ,epoch= 1 ,client update iteration= 40 ,loss= 0.5272545218467712
client id= 0 ,round= 6 ,epoch= 1 ,client update iteration= 50 ,loss= 0.8132963180541992
client id= 0 ,round= 6 ,epoch= 1 ,client update iteration= 60 ,loss= 0.6738197803497314
client id= 0 ,round= 6 ,epoch= 1 ,client update iteration= 70 ,loss= 0.5504249930381775
client id= 0 ,round= 6 ,epoch= 1 ,client update iteration= 80 ,loss= 0.7266574501991272
client id= 0 ,round= 6 ,epoch= 1 ,client update iteration= 90 ,loss= 0.7676779627799988
client id= 0 ,round= 6 ,epoch= 1 ,client update iteration= 100 ,loss= 0.5598728060722351
client id= 0 ,round= 6 ,epoch= 1 ,client update iteration= 110 ,loss= 0.7244136929512024
client id= 0 ,round= 6 ,epoch= 1 ,client update iteration= 120 ,loss= 0.8723471164703369
client id= 0 ,round= 6 ,epoch= 1 ,client update iteration= 130 ,loss= 0.6819308400154114
client id= 0 ,round= 6 ,epoch= 1 ,client update iteration= 140 ,loss= 0.8961989879608154
client id= 0 ,round= 6 ,epoch= 1 ,client update iteration= 150 ,loss= 0.714743435382843
client id= 0 ,round= 6 ,epoch= 1 ,client update iteration= 160 ,loss= 0.8002705574035645
client id= 0 ,round= 6 ,epoch= 1 ,client update iteration= 170 ,loss= 0.8989714980125427
client id= 0 ,round= 6 ,epoch= 1 ,client update iteration= 180 ,loss= 0.5594974160194397
client id= 0 ,round= 6 ,epoch= 1 ,client update iteration= 190 ,loss= 0.5426986813545227
client id= 0 ,round= 6 ,epoch= 1 ,client update iteration= 200 ,loss= 0.6231098771095276
client id= 0 ,round= 6 ,epoch= 1 ,client update iteration= 210 ,loss= 0.9410926699638367
client id= 0 ,round= 6 ,epoch= 1 ,client update iteration= 220 ,loss= 0.5645527243614197
client id= 0 ,round= 6 ,epoch= 1 ,client update iteration= 230 ,loss= 0.6353793144226074
client id= 0 ,round= 6 ,epoch= 1 ,client update iteration= 240 ,loss= 0.5438404679298401
client id= 0 ,round= 6 ,epoch= 1 ,client update iteration= 250 ,loss= 0.45906221866607666
client id= 0 ,round= 6 ,epoch= 1 ,client update iteration= 260 ,loss= 0.545056164264679
client id= 0 ,round= 6 ,epoch= 1 ,client update iteration= 270 ,loss= 0.6454162001609802
client id= 0 ,round= 6 ,epoch= 1 ,client update iteration= 280 ,loss= 0.486095130443573
client id= 0 ,round= 6 ,epoch= 1 ,client update iteration= 290 ,loss= 0.625679612159729
client id= 0 ,round= 6 ,epoch= 1 ,client update iteration= 300 ,loss= 0.7211719751358032
client id= 0 ,round= 6 ,epoch= 1 ,client update iteration= 310 ,loss= 0.6367990374565125
client id= 0 ,round= 6 ,epoch= 1 ,client update iteration= 320 ,loss= 0.5521819591522217
client id= 0 ,round= 6 ,epoch= 1 ,client update iteration= 330 ,loss= 0.49492427706718445
client id= 0 ,round= 6 ,epoch= 1 ,client update iteration= 340 ,loss= 0.6708048582077026
client id= 0 ,round= 6 ,epoch= 1 ,client update iteration= 350 ,loss= 0.5923530459403992
client id= 0 ,round= 6 ,epoch= 1 ,client update iteration= 360 ,loss= 0.5918606519699097
client id= 0 ,round= 6 ,epoch= 1 ,client update iteration= 370 ,loss= 0.44387418031692505
client id= 0 ,round= 6 ,epoch= 1 ,client update iteration= 380 ,loss= 0.7492466568946838
client id= 0 ,round= 6 ,epoch= 1 ,client update iteration= 390 ,loss= 0.545448899269104
******client id  1 ******
client_update start
client id= 1 ,round= 6 ,epoch= 1 ,client update iteration= 10 ,loss= 0.7520686984062195
client id= 1 ,round= 6 ,epoch= 1 ,client update iteration= 20 ,loss= 0.6473132967948914
client id= 1 ,round= 6 ,epoch= 1 ,client update iteration= 30 ,loss= 0.6318916082382202
client id= 1 ,round= 6 ,epoch= 1 ,client update iteration= 40 ,loss= 0.5419833660125732
client id= 1 ,round= 6 ,epoch= 1 ,client update iteration= 50 ,loss= 0.5534809827804565
client id= 1 ,round= 6 ,epoch= 1 ,client update iteration= 60 ,loss= 0.6248303651809692
client id= 1 ,round= 6 ,epoch= 1 ,client update iteration= 70 ,loss= 0.8992016911506653
client id= 1 ,round= 6 ,epoch= 1 ,client update iteration= 80 ,loss= 0.7210160493850708
client id= 1 ,round= 6 ,epoch= 1 ,client update iteration= 90 ,loss= 0.8800668120384216
client id= 1 ,round= 6 ,epoch= 1 ,client update iteration= 100 ,loss= 0.6558358669281006
client id= 1 ,round= 6 ,epoch= 1 ,client update iteration= 110 ,loss= 0.6643744707107544
client id= 1 ,round= 6 ,epoch= 1 ,client update iteration= 120 ,loss= 0.6559500694274902
client id= 1 ,round= 6 ,epoch= 1 ,client update iteration= 130 ,loss= 0.5460125207901001
client id= 1 ,round= 6 ,epoch= 1 ,client update iteration= 140 ,loss= 1.0516599416732788
client id= 1 ,round= 6 ,epoch= 1 ,client update iteration= 150 ,loss= 0.8801265358924866
client id= 1 ,round= 6 ,epoch= 1 ,client update iteration= 160 ,loss= 0.724477231502533
client id= 1 ,round= 6 ,epoch= 1 ,client update iteration= 170 ,loss= 0.5310341119766235
client id= 1 ,round= 6 ,epoch= 1 ,client update iteration= 180 ,loss= 0.652851939201355
client id= 1 ,round= 6 ,epoch= 1 ,client update iteration= 190 ,loss= 0.6551681160926819
client id= 1 ,round= 6 ,epoch= 1 ,client update iteration= 200 ,loss= 0.6376277208328247
client id= 1 ,round= 6 ,epoch= 1 ,client update iteration= 210 ,loss= 0.5855251550674438
client id= 1 ,round= 6 ,epoch= 1 ,client update iteration= 220 ,loss= 0.6920226216316223
client id= 1 ,round= 6 ,epoch= 1 ,client update iteration= 230 ,loss= 0.7016292214393616
client id= 1 ,round= 6 ,epoch= 1 ,client update iteration= 240 ,loss= 0.7808630466461182
client id= 1 ,round= 6 ,epoch= 1 ,client update iteration= 250 ,loss= 0.6153103709220886
client id= 1 ,round= 6 ,epoch= 1 ,client update iteration= 260 ,loss= 0.7957294583320618
client id= 1 ,round= 6 ,epoch= 1 ,client update iteration= 270 ,loss= 0.7553141117095947
client id= 1 ,round= 6 ,epoch= 1 ,client update iteration= 280 ,loss= 0.6413970589637756
client id= 1 ,round= 6 ,epoch= 1 ,client update iteration= 290 ,loss= 0.8504190444946289
client id= 1 ,round= 6 ,epoch= 1 ,client update iteration= 300 ,loss= 0.8868821263313293
client id= 1 ,round= 6 ,epoch= 1 ,client update iteration= 310 ,loss= 0.8845619559288025
client id= 1 ,round= 6 ,epoch= 1 ,client update iteration= 320 ,loss= 0.8376809358596802
client id= 1 ,round= 6 ,epoch= 1 ,client update iteration= 330 ,loss= 0.835445761680603
client id= 1 ,round= 6 ,epoch= 1 ,client update iteration= 340 ,loss= 0.8501936793327332
client id= 1 ,round= 6 ,epoch= 1 ,client update iteration= 350 ,loss= 0.6395953297615051
client id= 1 ,round= 6 ,epoch= 1 ,client update iteration= 360 ,loss= 0.5620481967926025
client id= 1 ,round= 6 ,epoch= 1 ,client update iteration= 370 ,loss= 0.6375395655632019
client id= 1 ,round= 6 ,epoch= 1 ,client update iteration= 380 ,loss= 1.1951920986175537
client id= 1 ,round= 6 ,epoch= 1 ,client update iteration= 390 ,loss= 0.7123468518257141
start cal weight time2021-06-30 19:33:33
end cal weight time2021-06-30 19:33:33
layer= 0 ratio= 0.011436135033744679
layer= 1 ratio= 0.013723362040493615
layer= 2 ratio= 0.016468034448592336
layer= 3 ratio= 0.019761641338310806
layer= 4 ratio= 0.023713969605972968
layer= 5 ratio= 0.02845676352716756
layer= 6 ratio= 0.03414811623260107
layer= 7 ratio= 0.04097773947912128
layer= 8 ratio= 0.049173287374945536
layer= 9 ratio= 0.05900794484993465
layer= 10 ratio= 0.07080953381992157
layer= 11 ratio= 0.08497144058390589
layer= 12 ratio= 0.10196572870068706
layer= 13 ratio= 0.12235887444082445
layer= 14 ratio= 0.14683064932898934
layer= 15 ratio= 0.1761967791947872
start add noise2021-06-30 19:33:33
end_add_noise_time2021-06-30 19:33:37
start cal weight time2021-06-30 19:33:37
end cal weight time2021-06-30 19:33:37
layer= 0 ratio= 0.011436135033744679
layer= 1 ratio= 0.013723362040493615
layer= 2 ratio= 0.016468034448592336
layer= 3 ratio= 0.019761641338310806
layer= 4 ratio= 0.023713969605972968
layer= 5 ratio= 0.02845676352716756
layer= 6 ratio= 0.03414811623260107
layer= 7 ratio= 0.04097773947912128
layer= 8 ratio= 0.049173287374945536
layer= 9 ratio= 0.05900794484993465
layer= 10 ratio= 0.07080953381992157
layer= 11 ratio= 0.08497144058390589
layer= 12 ratio= 0.10196572870068706
layer= 13 ratio= 0.12235887444082445
layer= 14 ratio= 0.14683064932898934
layer= 15 ratio= 0.1761967791947872
start add noise2021-06-30 19:33:37
end_add_noise_time2021-06-30 19:33:40
average train loss= 0.675318595545981
2021-06-30 19:33:49,round 6,val Accuracy Top1: 77.130000 %
2021-06-30 19:33:49,round 6,val Accuracy Top5: 98.450000 %
******client id  0 ******
client_update start
client id= 0 ,round= 7 ,epoch= 1 ,client update iteration= 10 ,loss= 0.7125600576400757
client id= 0 ,round= 7 ,epoch= 1 ,client update iteration= 20 ,loss= 0.8222844004631042
client id= 0 ,round= 7 ,epoch= 1 ,client update iteration= 30 ,loss= 0.8428541421890259
client id= 0 ,round= 7 ,epoch= 1 ,client update iteration= 40 ,loss= 0.8579174280166626
client id= 0 ,round= 7 ,epoch= 1 ,client update iteration= 50 ,loss= 0.7070826292037964
client id= 0 ,round= 7 ,epoch= 1 ,client update iteration= 60 ,loss= 0.7102802991867065
client id= 0 ,round= 7 ,epoch= 1 ,client update iteration= 70 ,loss= 0.4816526770591736
client id= 0 ,round= 7 ,epoch= 1 ,client update iteration= 80 ,loss= 0.4696023166179657
client id= 0 ,round= 7 ,epoch= 1 ,client update iteration= 90 ,loss= 0.5846536755561829
client id= 0 ,round= 7 ,epoch= 1 ,client update iteration= 100 ,loss= 1.081052303314209
client id= 0 ,round= 7 ,epoch= 1 ,client update iteration= 110 ,loss= 0.7237803936004639
client id= 0 ,round= 7 ,epoch= 1 ,client update iteration= 120 ,loss= 0.8824601769447327
client id= 0 ,round= 7 ,epoch= 1 ,client update iteration= 130 ,loss= 0.5391378402709961
client id= 0 ,round= 7 ,epoch= 1 ,client update iteration= 140 ,loss= 0.659830629825592
client id= 0 ,round= 7 ,epoch= 1 ,client update iteration= 150 ,loss= 0.6538867950439453
client id= 0 ,round= 7 ,epoch= 1 ,client update iteration= 160 ,loss= 0.6998985409736633
client id= 0 ,round= 7 ,epoch= 1 ,client update iteration= 170 ,loss= 0.5963895320892334
client id= 0 ,round= 7 ,epoch= 1 ,client update iteration= 180 ,loss= 0.6405619978904724
client id= 0 ,round= 7 ,epoch= 1 ,client update iteration= 190 ,loss= 0.5693024396896362
client id= 0 ,round= 7 ,epoch= 1 ,client update iteration= 200 ,loss= 0.7177563309669495
client id= 0 ,round= 7 ,epoch= 1 ,client update iteration= 210 ,loss= 0.8592482805252075
client id= 0 ,round= 7 ,epoch= 1 ,client update iteration= 220 ,loss= 0.5538119077682495
client id= 0 ,round= 7 ,epoch= 1 ,client update iteration= 230 ,loss= 0.6765594482421875
client id= 0 ,round= 7 ,epoch= 1 ,client update iteration= 240 ,loss= 0.779460608959198
client id= 0 ,round= 7 ,epoch= 1 ,client update iteration= 250 ,loss= 0.580022931098938
client id= 0 ,round= 7 ,epoch= 1 ,client update iteration= 260 ,loss= 0.6705338954925537
client id= 0 ,round= 7 ,epoch= 1 ,client update iteration= 270 ,loss= 0.48613443970680237
client id= 0 ,round= 7 ,epoch= 1 ,client update iteration= 280 ,loss= 0.6775398850440979
client id= 0 ,round= 7 ,epoch= 1 ,client update iteration= 290 ,loss= 0.604740560054779
client id= 0 ,round= 7 ,epoch= 1 ,client update iteration= 300 ,loss= 0.584051251411438
client id= 0 ,round= 7 ,epoch= 1 ,client update iteration= 310 ,loss= 0.4612782895565033
client id= 0 ,round= 7 ,epoch= 1 ,client update iteration= 320 ,loss= 0.7954674363136292
client id= 0 ,round= 7 ,epoch= 1 ,client update iteration= 330 ,loss= 0.5210638046264648
client id= 0 ,round= 7 ,epoch= 1 ,client update iteration= 340 ,loss= 0.44796979427337646
client id= 0 ,round= 7 ,epoch= 1 ,client update iteration= 350 ,loss= 0.772681713104248
client id= 0 ,round= 7 ,epoch= 1 ,client update iteration= 360 ,loss= 0.6186855435371399
client id= 0 ,round= 7 ,epoch= 1 ,client update iteration= 370 ,loss= 0.444151908159256
client id= 0 ,round= 7 ,epoch= 1 ,client update iteration= 380 ,loss= 0.6541734933853149
client id= 0 ,round= 7 ,epoch= 1 ,client update iteration= 390 ,loss= 0.5355743169784546
******client id  1 ******
client_update start
client id= 1 ,round= 7 ,epoch= 1 ,client update iteration= 10 ,loss= 0.7851508855819702
client id= 1 ,round= 7 ,epoch= 1 ,client update iteration= 20 ,loss= 0.8388503193855286
client id= 1 ,round= 7 ,epoch= 1 ,client update iteration= 30 ,loss= 0.5010413527488708
client id= 1 ,round= 7 ,epoch= 1 ,client update iteration= 40 ,loss= 0.6602657437324524
client id= 1 ,round= 7 ,epoch= 1 ,client update iteration= 50 ,loss= 0.6620923280715942
client id= 1 ,round= 7 ,epoch= 1 ,client update iteration= 60 ,loss= 0.72063148021698
client id= 1 ,round= 7 ,epoch= 1 ,client update iteration= 70 ,loss= 0.596632182598114
client id= 1 ,round= 7 ,epoch= 1 ,client update iteration= 80 ,loss= 0.7700291275978088
client id= 1 ,round= 7 ,epoch= 1 ,client update iteration= 90 ,loss= 0.4605899155139923
client id= 1 ,round= 7 ,epoch= 1 ,client update iteration= 100 ,loss= 0.7818726897239685
client id= 1 ,round= 7 ,epoch= 1 ,client update iteration= 110 ,loss= 0.7755283713340759
client id= 1 ,round= 7 ,epoch= 1 ,client update iteration= 120 ,loss= 0.6115507483482361
client id= 1 ,round= 7 ,epoch= 1 ,client update iteration= 130 ,loss= 0.6937584280967712
client id= 1 ,round= 7 ,epoch= 1 ,client update iteration= 140 ,loss= 0.5613685250282288
client id= 1 ,round= 7 ,epoch= 1 ,client update iteration= 150 ,loss= 0.7430497407913208
client id= 1 ,round= 7 ,epoch= 1 ,client update iteration= 160 ,loss= 0.8046502470970154
client id= 1 ,round= 7 ,epoch= 1 ,client update iteration= 170 ,loss= 0.8260826468467712
client id= 1 ,round= 7 ,epoch= 1 ,client update iteration= 180 ,loss= 0.7580214738845825
client id= 1 ,round= 7 ,epoch= 1 ,client update iteration= 190 ,loss= 0.6316815614700317
client id= 1 ,round= 7 ,epoch= 1 ,client update iteration= 200 ,loss= 0.6612195372581482
client id= 1 ,round= 7 ,epoch= 1 ,client update iteration= 210 ,loss= 0.5985119342803955
client id= 1 ,round= 7 ,epoch= 1 ,client update iteration= 220 ,loss= 0.6767738461494446
client id= 1 ,round= 7 ,epoch= 1 ,client update iteration= 230 ,loss= 0.6365661025047302
client id= 1 ,round= 7 ,epoch= 1 ,client update iteration= 240 ,loss= 0.5324190855026245
client id= 1 ,round= 7 ,epoch= 1 ,client update iteration= 250 ,loss= 0.5561753511428833
client id= 1 ,round= 7 ,epoch= 1 ,client update iteration= 260 ,loss= 0.8786177039146423
client id= 1 ,round= 7 ,epoch= 1 ,client update iteration= 270 ,loss= 0.6322011947631836
client id= 1 ,round= 7 ,epoch= 1 ,client update iteration= 280 ,loss= 0.8124547004699707
client id= 1 ,round= 7 ,epoch= 1 ,client update iteration= 290 ,loss= 0.5719407796859741
client id= 1 ,round= 7 ,epoch= 1 ,client update iteration= 300 ,loss= 0.9476761221885681
client id= 1 ,round= 7 ,epoch= 1 ,client update iteration= 310 ,loss= 0.564966082572937
client id= 1 ,round= 7 ,epoch= 1 ,client update iteration= 320 ,loss= 0.7022625803947449
client id= 1 ,round= 7 ,epoch= 1 ,client update iteration= 330 ,loss= 0.7123472690582275
client id= 1 ,round= 7 ,epoch= 1 ,client update iteration= 340 ,loss= 0.9087494015693665
client id= 1 ,round= 7 ,epoch= 1 ,client update iteration= 350 ,loss= 0.5614304542541504
client id= 1 ,round= 7 ,epoch= 1 ,client update iteration= 360 ,loss= 0.6757206320762634
client id= 1 ,round= 7 ,epoch= 1 ,client update iteration= 370 ,loss= 0.6410547494888306
client id= 1 ,round= 7 ,epoch= 1 ,client update iteration= 380 ,loss= 0.602380633354187
client id= 1 ,round= 7 ,epoch= 1 ,client update iteration= 390 ,loss= 0.9843483567237854
start cal weight time2021-06-30 19:36:15
end cal weight time2021-06-30 19:36:15
layer= 0 ratio= 0.011436135033744679
layer= 1 ratio= 0.013723362040493615
layer= 2 ratio= 0.016468034448592336
layer= 3 ratio= 0.019761641338310806
layer= 4 ratio= 0.023713969605972968
layer= 5 ratio= 0.02845676352716756
layer= 6 ratio= 0.03414811623260107
layer= 7 ratio= 0.04097773947912128
layer= 8 ratio= 0.049173287374945536
layer= 9 ratio= 0.05900794484993465
layer= 10 ratio= 0.07080953381992157
layer= 11 ratio= 0.08497144058390589
layer= 12 ratio= 0.10196572870068706
layer= 13 ratio= 0.12235887444082445
layer= 14 ratio= 0.14683064932898934
layer= 15 ratio= 0.1761967791947872
start add noise2021-06-30 19:36:15
end_add_noise_time2021-06-30 19:36:18
start cal weight time2021-06-30 19:36:18
end cal weight time2021-06-30 19:36:18
layer= 0 ratio= 0.011436135033744679
layer= 1 ratio= 0.013723362040493615
layer= 2 ratio= 0.016468034448592336
layer= 3 ratio= 0.019761641338310806
layer= 4 ratio= 0.023713969605972968
layer= 5 ratio= 0.02845676352716756
layer= 6 ratio= 0.03414811623260107
layer= 7 ratio= 0.04097773947912128
layer= 8 ratio= 0.049173287374945536
layer= 9 ratio= 0.05900794484993465
layer= 10 ratio= 0.07080953381992157
layer= 11 ratio= 0.08497144058390589
layer= 12 ratio= 0.10196572870068706
layer= 13 ratio= 0.12235887444082445
layer= 14 ratio= 0.14683064932898934
layer= 15 ratio= 0.1761967791947872
start add noise2021-06-30 19:36:18
end_add_noise_time2021-06-30 19:36:21
average train loss= 0.6523972933402147
2021-06-30 19:36:30,round 7,val Accuracy Top1: 76.750000 %
2021-06-30 19:36:30,round 7,val Accuracy Top5: 98.450000 %
******client id  0 ******
client_update start
client id= 0 ,round= 8 ,epoch= 1 ,client update iteration= 10 ,loss= 0.5183402299880981
client id= 0 ,round= 8 ,epoch= 1 ,client update iteration= 20 ,loss= 0.6767624616622925
client id= 0 ,round= 8 ,epoch= 1 ,client update iteration= 30 ,loss= 0.7886677384376526
client id= 0 ,round= 8 ,epoch= 1 ,client update iteration= 40 ,loss= 0.6087929010391235
client id= 0 ,round= 8 ,epoch= 1 ,client update iteration= 50 ,loss= 0.823930025100708
client id= 0 ,round= 8 ,epoch= 1 ,client update iteration= 60 ,loss= 0.7881288528442383
client id= 0 ,round= 8 ,epoch= 1 ,client update iteration= 70 ,loss= 0.5573837757110596
client id= 0 ,round= 8 ,epoch= 1 ,client update iteration= 80 ,loss= 0.5144373774528503
client id= 0 ,round= 8 ,epoch= 1 ,client update iteration= 90 ,loss= 0.7012137770652771
client id= 0 ,round= 8 ,epoch= 1 ,client update iteration= 100 ,loss= 0.47528010606765747
client id= 0 ,round= 8 ,epoch= 1 ,client update iteration= 110 ,loss= 0.5262234210968018
client id= 0 ,round= 8 ,epoch= 1 ,client update iteration= 120 ,loss= 0.6815217137336731
client id= 0 ,round= 8 ,epoch= 1 ,client update iteration= 130 ,loss= 0.6328954100608826
client id= 0 ,round= 8 ,epoch= 1 ,client update iteration= 140 ,loss= 0.6745709776878357
client id= 0 ,round= 8 ,epoch= 1 ,client update iteration= 150 ,loss= 0.7007983326911926
client id= 0 ,round= 8 ,epoch= 1 ,client update iteration= 160 ,loss= 0.749649167060852
client id= 0 ,round= 8 ,epoch= 1 ,client update iteration= 170 ,loss= 0.3940959572792053
client id= 0 ,round= 8 ,epoch= 1 ,client update iteration= 180 ,loss= 0.6680271029472351
client id= 0 ,round= 8 ,epoch= 1 ,client update iteration= 190 ,loss= 0.6768753528594971
client id= 0 ,round= 8 ,epoch= 1 ,client update iteration= 200 ,loss= 0.7040014863014221
client id= 0 ,round= 8 ,epoch= 1 ,client update iteration= 210 ,loss= 0.6903373003005981
client id= 0 ,round= 8 ,epoch= 1 ,client update iteration= 220 ,loss= 0.6032503247261047
client id= 0 ,round= 8 ,epoch= 1 ,client update iteration= 230 ,loss= 0.7492915391921997
client id= 0 ,round= 8 ,epoch= 1 ,client update iteration= 240 ,loss= 0.5447070002555847
client id= 0 ,round= 8 ,epoch= 1 ,client update iteration= 250 ,loss= 0.4374065399169922
client id= 0 ,round= 8 ,epoch= 1 ,client update iteration= 260 ,loss= 0.5183199644088745
client id= 0 ,round= 8 ,epoch= 1 ,client update iteration= 270 ,loss= 0.4175628125667572
client id= 0 ,round= 8 ,epoch= 1 ,client update iteration= 280 ,loss= 0.3527064621448517
client id= 0 ,round= 8 ,epoch= 1 ,client update iteration= 290 ,loss= 0.835462212562561
client id= 0 ,round= 8 ,epoch= 1 ,client update iteration= 300 ,loss= 0.47800278663635254
client id= 0 ,round= 8 ,epoch= 1 ,client update iteration= 310 ,loss= 0.55608731508255
client id= 0 ,round= 8 ,epoch= 1 ,client update iteration= 320 ,loss= 0.5797187089920044
client id= 0 ,round= 8 ,epoch= 1 ,client update iteration= 330 ,loss= 0.5276489853858948
client id= 0 ,round= 8 ,epoch= 1 ,client update iteration= 340 ,loss= 0.6900433897972107
client id= 0 ,round= 8 ,epoch= 1 ,client update iteration= 350 ,loss= 0.7729007005691528
client id= 0 ,round= 8 ,epoch= 1 ,client update iteration= 360 ,loss= 0.5333381295204163
client id= 0 ,round= 8 ,epoch= 1 ,client update iteration= 370 ,loss= 0.6506249904632568
client id= 0 ,round= 8 ,epoch= 1 ,client update iteration= 380 ,loss= 0.430880606174469
client id= 0 ,round= 8 ,epoch= 1 ,client update iteration= 390 ,loss= 0.5748347043991089
******client id  1 ******
client_update start
client id= 1 ,round= 8 ,epoch= 1 ,client update iteration= 10 ,loss= 0.6530616283416748
client id= 1 ,round= 8 ,epoch= 1 ,client update iteration= 20 ,loss= 0.7519692182540894
client id= 1 ,round= 8 ,epoch= 1 ,client update iteration= 30 ,loss= 0.7273421287536621
client id= 1 ,round= 8 ,epoch= 1 ,client update iteration= 40 ,loss= 0.6765444874763489
client id= 1 ,round= 8 ,epoch= 1 ,client update iteration= 50 ,loss= 0.7391876578330994
client id= 1 ,round= 8 ,epoch= 1 ,client update iteration= 60 ,loss= 0.6306211948394775
client id= 1 ,round= 8 ,epoch= 1 ,client update iteration= 70 ,loss= 0.5345646142959595
client id= 1 ,round= 8 ,epoch= 1 ,client update iteration= 80 ,loss= 0.6148390173912048
client id= 1 ,round= 8 ,epoch= 1 ,client update iteration= 90 ,loss= 0.8430614471435547
client id= 1 ,round= 8 ,epoch= 1 ,client update iteration= 100 ,loss= 0.7050048112869263
client id= 1 ,round= 8 ,epoch= 1 ,client update iteration= 110 ,loss= 0.49155792593955994
client id= 1 ,round= 8 ,epoch= 1 ,client update iteration= 120 ,loss= 0.5365071892738342
client id= 1 ,round= 8 ,epoch= 1 ,client update iteration= 130 ,loss= 0.5816656947135925
client id= 1 ,round= 8 ,epoch= 1 ,client update iteration= 140 ,loss= 0.6420133113861084
client id= 1 ,round= 8 ,epoch= 1 ,client update iteration= 150 ,loss= 0.7132375240325928
client id= 1 ,round= 8 ,epoch= 1 ,client update iteration= 160 ,loss= 0.621757984161377
client id= 1 ,round= 8 ,epoch= 1 ,client update iteration= 170 ,loss= 0.7010830044746399
client id= 1 ,round= 8 ,epoch= 1 ,client update iteration= 180 ,loss= 0.6676467657089233
client id= 1 ,round= 8 ,epoch= 1 ,client update iteration= 190 ,loss= 0.7098758816719055
client id= 1 ,round= 8 ,epoch= 1 ,client update iteration= 200 ,loss= 0.662806510925293
client id= 1 ,round= 8 ,epoch= 1 ,client update iteration= 210 ,loss= 0.8570262789726257
client id= 1 ,round= 8 ,epoch= 1 ,client update iteration= 220 ,loss= 0.5142701268196106
client id= 1 ,round= 8 ,epoch= 1 ,client update iteration= 230 ,loss= 0.786665678024292
client id= 1 ,round= 8 ,epoch= 1 ,client update iteration= 240 ,loss= 0.6597879528999329
client id= 1 ,round= 8 ,epoch= 1 ,client update iteration= 250 ,loss= 0.6487863063812256
client id= 1 ,round= 8 ,epoch= 1 ,client update iteration= 260 ,loss= 0.5295354127883911
client id= 1 ,round= 8 ,epoch= 1 ,client update iteration= 270 ,loss= 0.7328643798828125
client id= 1 ,round= 8 ,epoch= 1 ,client update iteration= 280 ,loss= 0.8440219759941101
client id= 1 ,round= 8 ,epoch= 1 ,client update iteration= 290 ,loss= 0.47863927483558655
client id= 1 ,round= 8 ,epoch= 1 ,client update iteration= 300 ,loss= 0.529293954372406
client id= 1 ,round= 8 ,epoch= 1 ,client update iteration= 310 ,loss= 0.9830620288848877
client id= 1 ,round= 8 ,epoch= 1 ,client update iteration= 320 ,loss= 0.5143894553184509
client id= 1 ,round= 8 ,epoch= 1 ,client update iteration= 330 ,loss= 0.6560754776000977
client id= 1 ,round= 8 ,epoch= 1 ,client update iteration= 340 ,loss= 0.7962921857833862
client id= 1 ,round= 8 ,epoch= 1 ,client update iteration= 350 ,loss= 0.7311343550682068
client id= 1 ,round= 8 ,epoch= 1 ,client update iteration= 360 ,loss= 0.6196234822273254
client id= 1 ,round= 8 ,epoch= 1 ,client update iteration= 370 ,loss= 0.5929542183876038
client id= 1 ,round= 8 ,epoch= 1 ,client update iteration= 380 ,loss= 0.6067358255386353
client id= 1 ,round= 8 ,epoch= 1 ,client update iteration= 390 ,loss= 0.5820204615592957
start cal weight time2021-06-30 19:38:56
end cal weight time2021-06-30 19:38:56
layer= 0 ratio= 0.011436135033744679
layer= 1 ratio= 0.013723362040493615
layer= 2 ratio= 0.016468034448592336
layer= 3 ratio= 0.019761641338310806
layer= 4 ratio= 0.023713969605972968
layer= 5 ratio= 0.02845676352716756
layer= 6 ratio= 0.03414811623260107
layer= 7 ratio= 0.04097773947912128
layer= 8 ratio= 0.049173287374945536
layer= 9 ratio= 0.05900794484993465
layer= 10 ratio= 0.07080953381992157
layer= 11 ratio= 0.08497144058390589
layer= 12 ratio= 0.10196572870068706
layer= 13 ratio= 0.12235887444082445
layer= 14 ratio= 0.14683064932898934
layer= 15 ratio= 0.1761967791947872
start add noise2021-06-30 19:38:56
end_add_noise_time2021-06-30 19:38:59
start cal weight time2021-06-30 19:38:59
end cal weight time2021-06-30 19:38:59
layer= 0 ratio= 0.011436135033744679
layer= 1 ratio= 0.013723362040493615
layer= 2 ratio= 0.016468034448592336
layer= 3 ratio= 0.019761641338310806
layer= 4 ratio= 0.023713969605972968
layer= 5 ratio= 0.02845676352716756
layer= 6 ratio= 0.03414811623260107
layer= 7 ratio= 0.04097773947912128
layer= 8 ratio= 0.049173287374945536
layer= 9 ratio= 0.05900794484993465
layer= 10 ratio= 0.07080953381992157
layer= 11 ratio= 0.08497144058390589
layer= 12 ratio= 0.10196572870068706
layer= 13 ratio= 0.12235887444082445
layer= 14 ratio= 0.14683064932898934
layer= 15 ratio= 0.1761967791947872
start add noise2021-06-30 19:38:59
end_add_noise_time2021-06-30 19:39:02
average train loss= 0.6502450477817785
2021-06-30 19:39:11,round 8,val Accuracy Top1: 74.790000 %
2021-06-30 19:39:11,round 8,val Accuracy Top5: 98.070000 %
******client id  0 ******
client_update start
client id= 0 ,round= 9 ,epoch= 1 ,client update iteration= 10 ,loss= 0.5468581914901733
client id= 0 ,round= 9 ,epoch= 1 ,client update iteration= 20 ,loss= 0.7547588348388672
client id= 0 ,round= 9 ,epoch= 1 ,client update iteration= 30 ,loss= 0.7779967188835144
client id= 0 ,round= 9 ,epoch= 1 ,client update iteration= 40 ,loss= 0.536232054233551
client id= 0 ,round= 9 ,epoch= 1 ,client update iteration= 50 ,loss= 0.7193436026573181
client id= 0 ,round= 9 ,epoch= 1 ,client update iteration= 60 ,loss= 0.5931344628334045
client id= 0 ,round= 9 ,epoch= 1 ,client update iteration= 70 ,loss= 1.0427957773208618
client id= 0 ,round= 9 ,epoch= 1 ,client update iteration= 80 ,loss= 0.8050887584686279
client id= 0 ,round= 9 ,epoch= 1 ,client update iteration= 90 ,loss= 0.48666977882385254
client id= 0 ,round= 9 ,epoch= 1 ,client update iteration= 100 ,loss= 0.5864228010177612
client id= 0 ,round= 9 ,epoch= 1 ,client update iteration= 110 ,loss= 0.6925703883171082
client id= 0 ,round= 9 ,epoch= 1 ,client update iteration= 120 ,loss= 0.9748332500457764
client id= 0 ,round= 9 ,epoch= 1 ,client update iteration= 130 ,loss= 0.543965220451355
client id= 0 ,round= 9 ,epoch= 1 ,client update iteration= 140 ,loss= 0.5220703482627869
client id= 0 ,round= 9 ,epoch= 1 ,client update iteration= 150 ,loss= 0.5311101078987122
client id= 0 ,round= 9 ,epoch= 1 ,client update iteration= 160 ,loss= 0.5637537240982056
client id= 0 ,round= 9 ,epoch= 1 ,client update iteration= 170 ,loss= 0.7552177906036377
client id= 0 ,round= 9 ,epoch= 1 ,client update iteration= 180 ,loss= 0.7373154163360596
client id= 0 ,round= 9 ,epoch= 1 ,client update iteration= 190 ,loss= 0.9067147374153137
client id= 0 ,round= 9 ,epoch= 1 ,client update iteration= 200 ,loss= 0.6127408742904663
client id= 0 ,round= 9 ,epoch= 1 ,client update iteration= 210 ,loss= 0.8054008483886719
client id= 0 ,round= 9 ,epoch= 1 ,client update iteration= 220 ,loss= 0.6893670558929443
client id= 0 ,round= 9 ,epoch= 1 ,client update iteration= 230 ,loss= 0.5622193217277527
client id= 0 ,round= 9 ,epoch= 1 ,client update iteration= 240 ,loss= 0.7735004425048828
client id= 0 ,round= 9 ,epoch= 1 ,client update iteration= 250 ,loss= 0.7004067301750183
client id= 0 ,round= 9 ,epoch= 1 ,client update iteration= 260 ,loss= 0.7616816759109497
client id= 0 ,round= 9 ,epoch= 1 ,client update iteration= 270 ,loss= 0.735615611076355
client id= 0 ,round= 9 ,epoch= 1 ,client update iteration= 280 ,loss= 0.47175532579421997
client id= 0 ,round= 9 ,epoch= 1 ,client update iteration= 290 ,loss= 0.6158679127693176
client id= 0 ,round= 9 ,epoch= 1 ,client update iteration= 300 ,loss= 0.582990825176239
client id= 0 ,round= 9 ,epoch= 1 ,client update iteration= 310 ,loss= 0.6234747171401978
client id= 0 ,round= 9 ,epoch= 1 ,client update iteration= 320 ,loss= 0.6814743280410767
client id= 0 ,round= 9 ,epoch= 1 ,client update iteration= 330 ,loss= 0.5348435044288635
client id= 0 ,round= 9 ,epoch= 1 ,client update iteration= 340 ,loss= 0.8007535338401794
client id= 0 ,round= 9 ,epoch= 1 ,client update iteration= 350 ,loss= 0.660438060760498
client id= 0 ,round= 9 ,epoch= 1 ,client update iteration= 360 ,loss= 0.5950565338134766
client id= 0 ,round= 9 ,epoch= 1 ,client update iteration= 370 ,loss= 0.7422493696212769
client id= 0 ,round= 9 ,epoch= 1 ,client update iteration= 380 ,loss= 0.42438453435897827
client id= 0 ,round= 9 ,epoch= 1 ,client update iteration= 390 ,loss= 0.7153696417808533
******client id  1 ******
client_update start
client id= 1 ,round= 9 ,epoch= 1 ,client update iteration= 10 ,loss= 0.9544670581817627
client id= 1 ,round= 9 ,epoch= 1 ,client update iteration= 20 ,loss= 0.8354482650756836
client id= 1 ,round= 9 ,epoch= 1 ,client update iteration= 30 ,loss= 0.6490885019302368
client id= 1 ,round= 9 ,epoch= 1 ,client update iteration= 40 ,loss= 0.6771379709243774
client id= 1 ,round= 9 ,epoch= 1 ,client update iteration= 50 ,loss= 0.9750536680221558
client id= 1 ,round= 9 ,epoch= 1 ,client update iteration= 60 ,loss= 1.0308821201324463
client id= 1 ,round= 9 ,epoch= 1 ,client update iteration= 70 ,loss= 0.56666100025177
client id= 1 ,round= 9 ,epoch= 1 ,client update iteration= 80 ,loss= 0.6537874937057495
client id= 1 ,round= 9 ,epoch= 1 ,client update iteration= 90 ,loss= 0.7173976302146912
client id= 1 ,round= 9 ,epoch= 1 ,client update iteration= 100 ,loss= 0.6700596213340759
client id= 1 ,round= 9 ,epoch= 1 ,client update iteration= 110 ,loss= 0.7173261046409607
client id= 1 ,round= 9 ,epoch= 1 ,client update iteration= 120 ,loss= 0.5386193990707397
client id= 1 ,round= 9 ,epoch= 1 ,client update iteration= 130 ,loss= 0.7806363105773926
client id= 1 ,round= 9 ,epoch= 1 ,client update iteration= 140 ,loss= 0.6217159628868103
client id= 1 ,round= 9 ,epoch= 1 ,client update iteration= 150 ,loss= 0.7077674269676208
client id= 1 ,round= 9 ,epoch= 1 ,client update iteration= 160 ,loss= 0.5950384736061096
client id= 1 ,round= 9 ,epoch= 1 ,client update iteration= 170 ,loss= 0.6852553486824036
client id= 1 ,round= 9 ,epoch= 1 ,client update iteration= 180 ,loss= 0.6358411908149719
client id= 1 ,round= 9 ,epoch= 1 ,client update iteration= 190 ,loss= 0.5335548520088196
client id= 1 ,round= 9 ,epoch= 1 ,client update iteration= 200 ,loss= 0.7921385169029236
client id= 1 ,round= 9 ,epoch= 1 ,client update iteration= 210 ,loss= 0.5204632878303528
client id= 1 ,round= 9 ,epoch= 1 ,client update iteration= 220 ,loss= 0.6449379920959473
client id= 1 ,round= 9 ,epoch= 1 ,client update iteration= 230 ,loss= 0.6980658173561096
client id= 1 ,round= 9 ,epoch= 1 ,client update iteration= 240 ,loss= 0.597015917301178
client id= 1 ,round= 9 ,epoch= 1 ,client update iteration= 250 ,loss= 0.4876181185245514
client id= 1 ,round= 9 ,epoch= 1 ,client update iteration= 260 ,loss= 0.5840007066726685
client id= 1 ,round= 9 ,epoch= 1 ,client update iteration= 270 ,loss= 0.60985267162323
client id= 1 ,round= 9 ,epoch= 1 ,client update iteration= 280 ,loss= 0.6526134610176086
client id= 1 ,round= 9 ,epoch= 1 ,client update iteration= 290 ,loss= 0.6714620590209961
client id= 1 ,round= 9 ,epoch= 1 ,client update iteration= 300 ,loss= 0.4433436989784241
client id= 1 ,round= 9 ,epoch= 1 ,client update iteration= 310 ,loss= 0.8902841806411743
client id= 1 ,round= 9 ,epoch= 1 ,client update iteration= 320 ,loss= 0.5435492992401123
client id= 1 ,round= 9 ,epoch= 1 ,client update iteration= 330 ,loss= 0.8748780488967896
client id= 1 ,round= 9 ,epoch= 1 ,client update iteration= 340 ,loss= 0.6814369559288025
client id= 1 ,round= 9 ,epoch= 1 ,client update iteration= 350 ,loss= 0.5412030816078186
client id= 1 ,round= 9 ,epoch= 1 ,client update iteration= 360 ,loss= 0.7721977233886719
client id= 1 ,round= 9 ,epoch= 1 ,client update iteration= 370 ,loss= 0.46079909801483154
client id= 1 ,round= 9 ,epoch= 1 ,client update iteration= 380 ,loss= 0.5679333806037903
client id= 1 ,round= 9 ,epoch= 1 ,client update iteration= 390 ,loss= 0.5840136408805847
start cal weight time2021-06-30 19:41:37
end cal weight time2021-06-30 19:41:37
layer= 0 ratio= 0.011436135033744679
layer= 1 ratio= 0.013723362040493615
layer= 2 ratio= 0.016468034448592336
layer= 3 ratio= 0.019761641338310806
layer= 4 ratio= 0.023713969605972968
layer= 5 ratio= 0.02845676352716756
layer= 6 ratio= 0.03414811623260107
layer= 7 ratio= 0.04097773947912128
layer= 8 ratio= 0.049173287374945536
layer= 9 ratio= 0.05900794484993465
layer= 10 ratio= 0.07080953381992157
layer= 11 ratio= 0.08497144058390589
layer= 12 ratio= 0.10196572870068706
layer= 13 ratio= 0.12235887444082445
layer= 14 ratio= 0.14683064932898934
layer= 15 ratio= 0.1761967791947872
start add noise2021-06-30 19:41:37
end_add_noise_time2021-06-30 19:41:40
start cal weight time2021-06-30 19:41:40
end cal weight time2021-06-30 19:41:40
layer= 0 ratio= 0.011436135033744679
layer= 1 ratio= 0.013723362040493615
layer= 2 ratio= 0.016468034448592336
layer= 3 ratio= 0.019761641338310806
layer= 4 ratio= 0.023713969605972968
layer= 5 ratio= 0.02845676352716756
layer= 6 ratio= 0.03414811623260107
layer= 7 ratio= 0.04097773947912128
layer= 8 ratio= 0.049173287374945536
layer= 9 ratio= 0.05900794484993465
layer= 10 ratio= 0.07080953381992157
layer= 11 ratio= 0.08497144058390589
layer= 12 ratio= 0.10196572870068706
layer= 13 ratio= 0.12235887444082445
layer= 14 ratio= 0.14683064932898934
layer= 15 ratio= 0.1761967791947872
start add noise2021-06-30 19:41:40
end_add_noise_time2021-06-30 19:41:43
average train loss= 0.658768745829992
2021-06-30 19:41:52,round 9,val Accuracy Top1: 77.810000 %
2021-06-30 19:41:52,round 9,val Accuracy Top5: 98.440000 %
******client id  0 ******
client_update start
client id= 0 ,round= 10 ,epoch= 1 ,client update iteration= 10 ,loss= 0.7708123326301575
client id= 0 ,round= 10 ,epoch= 1 ,client update iteration= 20 ,loss= 0.6931717991828918
client id= 0 ,round= 10 ,epoch= 1 ,client update iteration= 30 ,loss= 0.6489661931991577
client id= 0 ,round= 10 ,epoch= 1 ,client update iteration= 40 ,loss= 0.7128233313560486
client id= 0 ,round= 10 ,epoch= 1 ,client update iteration= 50 ,loss= 0.6378797292709351
client id= 0 ,round= 10 ,epoch= 1 ,client update iteration= 60 ,loss= 0.718049168586731
client id= 0 ,round= 10 ,epoch= 1 ,client update iteration= 70 ,loss= 0.7423779964447021
client id= 0 ,round= 10 ,epoch= 1 ,client update iteration= 80 ,loss= 0.7614510655403137
client id= 0 ,round= 10 ,epoch= 1 ,client update iteration= 90 ,loss= 0.5516995787620544
client id= 0 ,round= 10 ,epoch= 1 ,client update iteration= 100 ,loss= 0.6913996934890747
client id= 0 ,round= 10 ,epoch= 1 ,client update iteration= 110 ,loss= 0.7929713726043701
client id= 0 ,round= 10 ,epoch= 1 ,client update iteration= 120 ,loss= 0.5025570392608643
client id= 0 ,round= 10 ,epoch= 1 ,client update iteration= 130 ,loss= 0.5394434332847595
client id= 0 ,round= 10 ,epoch= 1 ,client update iteration= 140 ,loss= 0.47835591435432434
client id= 0 ,round= 10 ,epoch= 1 ,client update iteration= 150 ,loss= 0.6826664209365845
client id= 0 ,round= 10 ,epoch= 1 ,client update iteration= 160 ,loss= 0.742010235786438
client id= 0 ,round= 10 ,epoch= 1 ,client update iteration= 170 ,loss= 0.8144788146018982
client id= 0 ,round= 10 ,epoch= 1 ,client update iteration= 180 ,loss= 0.6852030754089355
client id= 0 ,round= 10 ,epoch= 1 ,client update iteration= 190 ,loss= 0.5482798218727112
client id= 0 ,round= 10 ,epoch= 1 ,client update iteration= 200 ,loss= 0.5086051225662231
client id= 0 ,round= 10 ,epoch= 1 ,client update iteration= 210 ,loss= 0.49769628047943115
client id= 0 ,round= 10 ,epoch= 1 ,client update iteration= 220 ,loss= 0.5236326456069946
client id= 0 ,round= 10 ,epoch= 1 ,client update iteration= 230 ,loss= 0.5189688801765442
client id= 0 ,round= 10 ,epoch= 1 ,client update iteration= 240 ,loss= 0.6279581189155579
client id= 0 ,round= 10 ,epoch= 1 ,client update iteration= 250 ,loss= 0.5609888434410095
client id= 0 ,round= 10 ,epoch= 1 ,client update iteration= 260 ,loss= 0.7261621356010437
client id= 0 ,round= 10 ,epoch= 1 ,client update iteration= 270 ,loss= 0.8317666053771973
client id= 0 ,round= 10 ,epoch= 1 ,client update iteration= 280 ,loss= 0.5352542400360107
client id= 0 ,round= 10 ,epoch= 1 ,client update iteration= 290 ,loss= 0.4410949945449829
client id= 0 ,round= 10 ,epoch= 1 ,client update iteration= 300 ,loss= 0.7403962016105652
client id= 0 ,round= 10 ,epoch= 1 ,client update iteration= 310 ,loss= 0.6783760786056519
client id= 0 ,round= 10 ,epoch= 1 ,client update iteration= 320 ,loss= 0.7726647853851318
client id= 0 ,round= 10 ,epoch= 1 ,client update iteration= 330 ,loss= 0.3999118506908417
client id= 0 ,round= 10 ,epoch= 1 ,client update iteration= 340 ,loss= 0.7489948272705078
client id= 0 ,round= 10 ,epoch= 1 ,client update iteration= 350 ,loss= 0.48495519161224365
client id= 0 ,round= 10 ,epoch= 1 ,client update iteration= 360 ,loss= 0.584998607635498
client id= 0 ,round= 10 ,epoch= 1 ,client update iteration= 370 ,loss= 0.673574686050415
client id= 0 ,round= 10 ,epoch= 1 ,client update iteration= 380 ,loss= 0.5832096338272095
client id= 0 ,round= 10 ,epoch= 1 ,client update iteration= 390 ,loss= 0.5230614542961121
******client id  1 ******
client_update start
client id= 1 ,round= 10 ,epoch= 1 ,client update iteration= 10 ,loss= 0.7136344909667969
client id= 1 ,round= 10 ,epoch= 1 ,client update iteration= 20 ,loss= 0.9022649526596069
client id= 1 ,round= 10 ,epoch= 1 ,client update iteration= 30 ,loss= 0.8189510703086853
client id= 1 ,round= 10 ,epoch= 1 ,client update iteration= 40 ,loss= 0.8424021601676941
client id= 1 ,round= 10 ,epoch= 1 ,client update iteration= 50 ,loss= 0.7425575852394104
client id= 1 ,round= 10 ,epoch= 1 ,client update iteration= 60 ,loss= 0.5031337141990662
client id= 1 ,round= 10 ,epoch= 1 ,client update iteration= 70 ,loss= 0.8066402673721313
client id= 1 ,round= 10 ,epoch= 1 ,client update iteration= 80 ,loss= 0.8195021748542786
client id= 1 ,round= 10 ,epoch= 1 ,client update iteration= 90 ,loss= 0.47465819120407104
client id= 1 ,round= 10 ,epoch= 1 ,client update iteration= 100 ,loss= 0.4789204001426697
client id= 1 ,round= 10 ,epoch= 1 ,client update iteration= 110 ,loss= 0.8344337940216064
client id= 1 ,round= 10 ,epoch= 1 ,client update iteration= 120 ,loss= 0.5481442213058472
client id= 1 ,round= 10 ,epoch= 1 ,client update iteration= 130 ,loss= 0.41425472497940063
client id= 1 ,round= 10 ,epoch= 1 ,client update iteration= 140 ,loss= 0.43489503860473633
client id= 1 ,round= 10 ,epoch= 1 ,client update iteration= 150 ,loss= 0.6479031443595886
client id= 1 ,round= 10 ,epoch= 1 ,client update iteration= 160 ,loss= 0.7252430319786072
client id= 1 ,round= 10 ,epoch= 1 ,client update iteration= 170 ,loss= 0.4827929735183716
client id= 1 ,round= 10 ,epoch= 1 ,client update iteration= 180 ,loss= 0.7444877624511719
client id= 1 ,round= 10 ,epoch= 1 ,client update iteration= 190 ,loss= 0.5860835909843445
client id= 1 ,round= 10 ,epoch= 1 ,client update iteration= 200 ,loss= 0.8087669610977173
client id= 1 ,round= 10 ,epoch= 1 ,client update iteration= 210 ,loss= 0.7697168588638306
client id= 1 ,round= 10 ,epoch= 1 ,client update iteration= 220 ,loss= 0.6079747080802917
client id= 1 ,round= 10 ,epoch= 1 ,client update iteration= 230 ,loss= 0.44093021750450134
client id= 1 ,round= 10 ,epoch= 1 ,client update iteration= 240 ,loss= 0.4885435700416565
client id= 1 ,round= 10 ,epoch= 1 ,client update iteration= 250 ,loss= 1.051204800605774
client id= 1 ,round= 10 ,epoch= 1 ,client update iteration= 260 ,loss= 0.666898250579834
client id= 1 ,round= 10 ,epoch= 1 ,client update iteration= 270 ,loss= 0.5739730596542358
client id= 1 ,round= 10 ,epoch= 1 ,client update iteration= 280 ,loss= 0.3756232261657715
client id= 1 ,round= 10 ,epoch= 1 ,client update iteration= 290 ,loss= 0.590131402015686
client id= 1 ,round= 10 ,epoch= 1 ,client update iteration= 300 ,loss= 0.7271788120269775
client id= 1 ,round= 10 ,epoch= 1 ,client update iteration= 310 ,loss= 0.5525173544883728
client id= 1 ,round= 10 ,epoch= 1 ,client update iteration= 320 ,loss= 0.7353037595748901
client id= 1 ,round= 10 ,epoch= 1 ,client update iteration= 330 ,loss= 0.7290630340576172
client id= 1 ,round= 10 ,epoch= 1 ,client update iteration= 340 ,loss= 0.6874868869781494
client id= 1 ,round= 10 ,epoch= 1 ,client update iteration= 350 ,loss= 0.5828545093536377
client id= 1 ,round= 10 ,epoch= 1 ,client update iteration= 360 ,loss= 0.4227473735809326
client id= 1 ,round= 10 ,epoch= 1 ,client update iteration= 370 ,loss= 0.45435911417007446
client id= 1 ,round= 10 ,epoch= 1 ,client update iteration= 380 ,loss= 0.6442985534667969
client id= 1 ,round= 10 ,epoch= 1 ,client update iteration= 390 ,loss= 0.48283207416534424
start cal weight time2021-06-30 19:44:18
end cal weight time2021-06-30 19:44:18
layer= 0 ratio= 0.011436135033744679
layer= 1 ratio= 0.013723362040493615
layer= 2 ratio= 0.016468034448592336
layer= 3 ratio= 0.019761641338310806
layer= 4 ratio= 0.023713969605972968
layer= 5 ratio= 0.02845676352716756
layer= 6 ratio= 0.03414811623260107
layer= 7 ratio= 0.04097773947912128
layer= 8 ratio= 0.049173287374945536
layer= 9 ratio= 0.05900794484993465
layer= 10 ratio= 0.07080953381992157
layer= 11 ratio= 0.08497144058390589
layer= 12 ratio= 0.10196572870068706
layer= 13 ratio= 0.12235887444082445
layer= 14 ratio= 0.14683064932898934
layer= 15 ratio= 0.1761967791947872
start add noise2021-06-30 19:44:18
end_add_noise_time2021-06-30 19:44:21
start cal weight time2021-06-30 19:44:21
end cal weight time2021-06-30 19:44:21
layer= 0 ratio= 0.011436135033744679
layer= 1 ratio= 0.013723362040493615
layer= 2 ratio= 0.016468034448592336
layer= 3 ratio= 0.019761641338310806
layer= 4 ratio= 0.023713969605972968
layer= 5 ratio= 0.02845676352716756
layer= 6 ratio= 0.03414811623260107
layer= 7 ratio= 0.04097773947912128
layer= 8 ratio= 0.049173287374945536
layer= 9 ratio= 0.05900794484993465
layer= 10 ratio= 0.07080953381992157
layer= 11 ratio= 0.08497144058390589
layer= 12 ratio= 0.10196572870068706
layer= 13 ratio= 0.12235887444082445
layer= 14 ratio= 0.14683064932898934
layer= 15 ratio= 0.1761967791947872
start add noise2021-06-30 19:44:21
end_add_noise_time2021-06-30 19:44:24
average train loss= 0.637379004636689
2021-06-30 19:44:33,round 10,val Accuracy Top1: 75.040000 %
2021-06-30 19:44:33,round 10,val Accuracy Top5: 98.320000 %
