type sample_L1
pb 4000000.0
clip_bound 20.0
log_path log/Alexnet/2/sample_L1/True
train_data data
test_data data
batch_size 64
test_batch_size 64
lr 0.0002
momentum 0.5
no_cuda False
seed 1
log_interval 1
privacy_delta 1e-06
sample_num 500
islog True
is_ratio_list True
num_clients 2
num_rounds 10
epochs 1
ratio_type 2
按照权重分配eps
device cuda
loading data
load data done
AlexNet(
  (conv1): Sequential(
    (0): Conv2d(3, 96, kernel_size=(6, 6), stride=(1, 1))
    (1): ReLU()
  )
  (conv2): Sequential(
    (0): Conv2d(96, 256, kernel_size=(5, 5), stride=(1, 1), padding=(2, 2))
    (1): ReLU()
    (2): MaxPool2d(kernel_size=3, stride=2, padding=0, dilation=1, ceil_mode=False)
  )
  (conv3): Sequential(
    (0): Conv2d(256, 384, kernel_size=(3, 3), stride=(1, 1), padding=(1, 1))
    (1): ReLU()
  )
  (conv4): Sequential(
    (0): Conv2d(384, 384, kernel_size=(3, 3), stride=(1, 1), padding=(1, 1))
    (1): ReLU()
  )
  (conv5): Sequential(
    (0): Conv2d(384, 256, kernel_size=(3, 3), stride=(1, 1), padding=(1, 1))
    (1): ReLU()
    (2): MaxPool2d(kernel_size=3, stride=2, padding=0, dilation=1, ceil_mode=False)
  )
  (dense): Sequential(
    (0): Linear(in_features=9216, out_features=4096, bias=True)
    (1): ReLU()
    (2): Dropout(p=0.5, inplace=False)
    (3): Linear(in_features=4096, out_features=4096, bias=True)
    (4): ReLU()
    (5): Dropout(p=0.5, inplace=False)
    (6): Linear(in_features=4096, out_features=10, bias=True)
  )
)
********start training********
******client id  0 ******
client_update start
client id= 0 ,round= 1 ,epoch= 1 ,client update iteration= 10 ,loss= 2.2884676456451416
client id= 0 ,round= 1 ,epoch= 1 ,client update iteration= 20 ,loss= 2.19093918800354
client id= 0 ,round= 1 ,epoch= 1 ,client update iteration= 30 ,loss= 2.0039291381835938
client id= 0 ,round= 1 ,epoch= 1 ,client update iteration= 40 ,loss= 2.1908950805664062
client id= 0 ,round= 1 ,epoch= 1 ,client update iteration= 50 ,loss= 2.0789783000946045
client id= 0 ,round= 1 ,epoch= 1 ,client update iteration= 60 ,loss= 2.1645073890686035
client id= 0 ,round= 1 ,epoch= 1 ,client update iteration= 70 ,loss= 2.0718257427215576
client id= 0 ,round= 1 ,epoch= 1 ,client update iteration= 80 ,loss= 2.0586607456207275
client id= 0 ,round= 1 ,epoch= 1 ,client update iteration= 90 ,loss= 1.8196611404418945
client id= 0 ,round= 1 ,epoch= 1 ,client update iteration= 100 ,loss= 1.8060057163238525
client id= 0 ,round= 1 ,epoch= 1 ,client update iteration= 110 ,loss= 1.8667032718658447
client id= 0 ,round= 1 ,epoch= 1 ,client update iteration= 120 ,loss= 1.9257878065109253
client id= 0 ,round= 1 ,epoch= 1 ,client update iteration= 130 ,loss= 1.7583919763565063
client id= 0 ,round= 1 ,epoch= 1 ,client update iteration= 140 ,loss= 1.7936756610870361
client id= 0 ,round= 1 ,epoch= 1 ,client update iteration= 150 ,loss= 1.7808765172958374
client id= 0 ,round= 1 ,epoch= 1 ,client update iteration= 160 ,loss= 1.803835153579712
client id= 0 ,round= 1 ,epoch= 1 ,client update iteration= 170 ,loss= 1.837745189666748
client id= 0 ,round= 1 ,epoch= 1 ,client update iteration= 180 ,loss= 1.7674859762191772
client id= 0 ,round= 1 ,epoch= 1 ,client update iteration= 190 ,loss= 1.5390682220458984
client id= 0 ,round= 1 ,epoch= 1 ,client update iteration= 200 ,loss= 1.7062270641326904
client id= 0 ,round= 1 ,epoch= 1 ,client update iteration= 210 ,loss= 1.6211748123168945
client id= 0 ,round= 1 ,epoch= 1 ,client update iteration= 220 ,loss= 1.4959120750427246
client id= 0 ,round= 1 ,epoch= 1 ,client update iteration= 230 ,loss= 1.5468173027038574
client id= 0 ,round= 1 ,epoch= 1 ,client update iteration= 240 ,loss= 1.5758386850357056
client id= 0 ,round= 1 ,epoch= 1 ,client update iteration= 250 ,loss= 1.54485285282135
client id= 0 ,round= 1 ,epoch= 1 ,client update iteration= 260 ,loss= 1.4962687492370605
client id= 0 ,round= 1 ,epoch= 1 ,client update iteration= 270 ,loss= 1.5138424634933472
client id= 0 ,round= 1 ,epoch= 1 ,client update iteration= 280 ,loss= 1.735458493232727
client id= 0 ,round= 1 ,epoch= 1 ,client update iteration= 290 ,loss= 1.5090481042861938
client id= 0 ,round= 1 ,epoch= 1 ,client update iteration= 300 ,loss= 1.5638649463653564
client id= 0 ,round= 1 ,epoch= 1 ,client update iteration= 310 ,loss= 1.4567663669586182
client id= 0 ,round= 1 ,epoch= 1 ,client update iteration= 320 ,loss= 1.574808120727539
client id= 0 ,round= 1 ,epoch= 1 ,client update iteration= 330 ,loss= 1.433948278427124
client id= 0 ,round= 1 ,epoch= 1 ,client update iteration= 340 ,loss= 1.5539485216140747
client id= 0 ,round= 1 ,epoch= 1 ,client update iteration= 350 ,loss= 1.4055103063583374
client id= 0 ,round= 1 ,epoch= 1 ,client update iteration= 360 ,loss= 1.5521944761276245
client id= 0 ,round= 1 ,epoch= 1 ,client update iteration= 370 ,loss= 1.3707823753356934
client id= 0 ,round= 1 ,epoch= 1 ,client update iteration= 380 ,loss= 1.328466773033142
client id= 0 ,round= 1 ,epoch= 1 ,client update iteration= 390 ,loss= 1.4466350078582764
******client id  1 ******
client_update start
client id= 1 ,round= 1 ,epoch= 1 ,client update iteration= 10 ,loss= 2.2626044750213623
client id= 1 ,round= 1 ,epoch= 1 ,client update iteration= 20 ,loss= 2.147505283355713
client id= 1 ,round= 1 ,epoch= 1 ,client update iteration= 30 ,loss= 2.1626152992248535
client id= 1 ,round= 1 ,epoch= 1 ,client update iteration= 40 ,loss= 2.085487127304077
client id= 1 ,round= 1 ,epoch= 1 ,client update iteration= 50 ,loss= 2.084986925125122
client id= 1 ,round= 1 ,epoch= 1 ,client update iteration= 60 ,loss= 1.879875898361206
client id= 1 ,round= 1 ,epoch= 1 ,client update iteration= 70 ,loss= 1.6952673196792603
client id= 1 ,round= 1 ,epoch= 1 ,client update iteration= 80 ,loss= 1.8791775703430176
client id= 1 ,round= 1 ,epoch= 1 ,client update iteration= 90 ,loss= 1.7410506010055542
client id= 1 ,round= 1 ,epoch= 1 ,client update iteration= 100 ,loss= 1.7924060821533203
client id= 1 ,round= 1 ,epoch= 1 ,client update iteration= 110 ,loss= 1.6860500574111938
client id= 1 ,round= 1 ,epoch= 1 ,client update iteration= 120 ,loss= 1.7576212882995605
client id= 1 ,round= 1 ,epoch= 1 ,client update iteration= 130 ,loss= 1.845617413520813
client id= 1 ,round= 1 ,epoch= 1 ,client update iteration= 140 ,loss= 1.8341445922851562
client id= 1 ,round= 1 ,epoch= 1 ,client update iteration= 150 ,loss= 1.9693633317947388
client id= 1 ,round= 1 ,epoch= 1 ,client update iteration= 160 ,loss= 1.715134859085083
client id= 1 ,round= 1 ,epoch= 1 ,client update iteration= 170 ,loss= 1.7286791801452637
client id= 1 ,round= 1 ,epoch= 1 ,client update iteration= 180 ,loss= 1.6360982656478882
client id= 1 ,round= 1 ,epoch= 1 ,client update iteration= 190 ,loss= 1.7135652303695679
client id= 1 ,round= 1 ,epoch= 1 ,client update iteration= 200 ,loss= 1.647458553314209
client id= 1 ,round= 1 ,epoch= 1 ,client update iteration= 210 ,loss= 1.6817013025283813
client id= 1 ,round= 1 ,epoch= 1 ,client update iteration= 220 ,loss= 1.5098035335540771
client id= 1 ,round= 1 ,epoch= 1 ,client update iteration= 230 ,loss= 1.7743295431137085
client id= 1 ,round= 1 ,epoch= 1 ,client update iteration= 240 ,loss= 1.5049293041229248
client id= 1 ,round= 1 ,epoch= 1 ,client update iteration= 250 ,loss= 1.5304569005966187
client id= 1 ,round= 1 ,epoch= 1 ,client update iteration= 260 ,loss= 1.4362845420837402
client id= 1 ,round= 1 ,epoch= 1 ,client update iteration= 270 ,loss= 1.4933013916015625
client id= 1 ,round= 1 ,epoch= 1 ,client update iteration= 280 ,loss= 1.4769285917282104
client id= 1 ,round= 1 ,epoch= 1 ,client update iteration= 290 ,loss= 1.6375313997268677
client id= 1 ,round= 1 ,epoch= 1 ,client update iteration= 300 ,loss= 1.538491129875183
client id= 1 ,round= 1 ,epoch= 1 ,client update iteration= 310 ,loss= 1.4240388870239258
client id= 1 ,round= 1 ,epoch= 1 ,client update iteration= 320 ,loss= 1.3795965909957886
client id= 1 ,round= 1 ,epoch= 1 ,client update iteration= 330 ,loss= 1.339660406112671
client id= 1 ,round= 1 ,epoch= 1 ,client update iteration= 340 ,loss= 1.571373701095581
client id= 1 ,round= 1 ,epoch= 1 ,client update iteration= 350 ,loss= 1.5051275491714478
client id= 1 ,round= 1 ,epoch= 1 ,client update iteration= 360 ,loss= 1.6232284307479858
client id= 1 ,round= 1 ,epoch= 1 ,client update iteration= 370 ,loss= 1.3923923969268799
client id= 1 ,round= 1 ,epoch= 1 ,client update iteration= 380 ,loss= 1.402355670928955
client id= 1 ,round= 1 ,epoch= 1 ,client update iteration= 390 ,loss= 1.4390980005264282
start cal weight time2021-06-30 17:02:15
end cal weight time2021-06-30 17:02:15
layer= 0 ratio= 0.011436135033744679
layer= 1 ratio= 0.013723362040493615
layer= 2 ratio= 0.016468034448592336
layer= 3 ratio= 0.019761641338310806
layer= 4 ratio= 0.023713969605972968
layer= 5 ratio= 0.02845676352716756
layer= 6 ratio= 0.03414811623260107
layer= 7 ratio= 0.04097773947912128
layer= 8 ratio= 0.049173287374945536
layer= 9 ratio= 0.05900794484993465
layer= 10 ratio= 0.07080953381992157
layer= 11 ratio= 0.08497144058390589
layer= 12 ratio= 0.10196572870068706
layer= 13 ratio= 0.12235887444082445
layer= 14 ratio= 0.14683064932898934
layer= 15 ratio= 0.1761967791947872
start add noise2021-06-30 17:02:15
end_add_noise_time2021-06-30 17:02:22
start cal weight time2021-06-30 17:02:22
end cal weight time2021-06-30 17:02:22
layer= 0 ratio= 0.011436135033744679
layer= 1 ratio= 0.013723362040493615
layer= 2 ratio= 0.016468034448592336
layer= 3 ratio= 0.019761641338310806
layer= 4 ratio= 0.023713969605972968
layer= 5 ratio= 0.02845676352716756
layer= 6 ratio= 0.03414811623260107
layer= 7 ratio= 0.04097773947912128
layer= 8 ratio= 0.049173287374945536
layer= 9 ratio= 0.05900794484993465
layer= 10 ratio= 0.07080953381992157
layer= 11 ratio= 0.08497144058390589
layer= 12 ratio= 0.10196572870068706
layer= 13 ratio= 0.12235887444082445
layer= 14 ratio= 0.14683064932898934
layer= 15 ratio= 0.1761967791947872
start add noise2021-06-30 17:02:22
end_add_noise_time2021-06-30 17:02:28
average train loss= 1.7148426082128148
2021-06-30 17:02:38,round 1,val Accuracy Top1: 22.750000 %
2021-06-30 17:02:38,round 1,val Accuracy Top5: 74.000000 %
******client id  0 ******
client_update start
client id= 0 ,round= 2 ,epoch= 1 ,client update iteration= 10 ,loss= 1.7504726648330688
client id= 0 ,round= 2 ,epoch= 1 ,client update iteration= 20 ,loss= 1.6101816892623901
client id= 0 ,round= 2 ,epoch= 1 ,client update iteration= 30 ,loss= 1.865954041481018
client id= 0 ,round= 2 ,epoch= 1 ,client update iteration= 40 ,loss= 1.5395238399505615
client id= 0 ,round= 2 ,epoch= 1 ,client update iteration= 50 ,loss= 1.8381237983703613
client id= 0 ,round= 2 ,epoch= 1 ,client update iteration= 60 ,loss= 1.4762725830078125
client id= 0 ,round= 2 ,epoch= 1 ,client update iteration= 70 ,loss= 1.359952449798584
client id= 0 ,round= 2 ,epoch= 1 ,client update iteration= 80 ,loss= 1.4100899696350098
client id= 0 ,round= 2 ,epoch= 1 ,client update iteration= 90 ,loss= 1.235867977142334
client id= 0 ,round= 2 ,epoch= 1 ,client update iteration= 100 ,loss= 1.2910209894180298
client id= 0 ,round= 2 ,epoch= 1 ,client update iteration= 110 ,loss= 1.2135810852050781
client id= 0 ,round= 2 ,epoch= 1 ,client update iteration= 120 ,loss= 1.2407587766647339
client id= 0 ,round= 2 ,epoch= 1 ,client update iteration= 130 ,loss= 1.3322874307632446
client id= 0 ,round= 2 ,epoch= 1 ,client update iteration= 140 ,loss= 1.5974278450012207
client id= 0 ,round= 2 ,epoch= 1 ,client update iteration= 150 ,loss= 1.4892972707748413
client id= 0 ,round= 2 ,epoch= 1 ,client update iteration= 160 ,loss= 1.1446956396102905
client id= 0 ,round= 2 ,epoch= 1 ,client update iteration= 170 ,loss= 1.2224559783935547
client id= 0 ,round= 2 ,epoch= 1 ,client update iteration= 180 ,loss= 1.4069980382919312
client id= 0 ,round= 2 ,epoch= 1 ,client update iteration= 190 ,loss= 1.2172977924346924
client id= 0 ,round= 2 ,epoch= 1 ,client update iteration= 200 ,loss= 1.4075816869735718
client id= 0 ,round= 2 ,epoch= 1 ,client update iteration= 210 ,loss= 1.405158519744873
client id= 0 ,round= 2 ,epoch= 1 ,client update iteration= 220 ,loss= 1.3883311748504639
client id= 0 ,round= 2 ,epoch= 1 ,client update iteration= 230 ,loss= 1.0876991748809814
client id= 0 ,round= 2 ,epoch= 1 ,client update iteration= 240 ,loss= 1.050036072731018
client id= 0 ,round= 2 ,epoch= 1 ,client update iteration= 250 ,loss= 1.207364559173584
client id= 0 ,round= 2 ,epoch= 1 ,client update iteration= 260 ,loss= 1.2719402313232422
client id= 0 ,round= 2 ,epoch= 1 ,client update iteration= 270 ,loss= 1.0590158700942993
client id= 0 ,round= 2 ,epoch= 1 ,client update iteration= 280 ,loss= 1.1472901105880737
client id= 0 ,round= 2 ,epoch= 1 ,client update iteration= 290 ,loss= 0.9866864085197449
client id= 0 ,round= 2 ,epoch= 1 ,client update iteration= 300 ,loss= 1.2446036338806152
client id= 0 ,round= 2 ,epoch= 1 ,client update iteration= 310 ,loss= 1.3473541736602783
client id= 0 ,round= 2 ,epoch= 1 ,client update iteration= 320 ,loss= 1.2263718843460083
client id= 0 ,round= 2 ,epoch= 1 ,client update iteration= 330 ,loss= 1.1960196495056152
client id= 0 ,round= 2 ,epoch= 1 ,client update iteration= 340 ,loss= 1.0191179513931274
client id= 0 ,round= 2 ,epoch= 1 ,client update iteration= 350 ,loss= 1.2490673065185547
client id= 0 ,round= 2 ,epoch= 1 ,client update iteration= 360 ,loss= 1.344533085823059
client id= 0 ,round= 2 ,epoch= 1 ,client update iteration= 370 ,loss= 1.221726894378662
client id= 0 ,round= 2 ,epoch= 1 ,client update iteration= 380 ,loss= 1.4815212488174438
client id= 0 ,round= 2 ,epoch= 1 ,client update iteration= 390 ,loss= 0.9753404855728149
******client id  1 ******
client_update start
client id= 1 ,round= 2 ,epoch= 1 ,client update iteration= 10 ,loss= 1.7516038417816162
client id= 1 ,round= 2 ,epoch= 1 ,client update iteration= 20 ,loss= 1.796728491783142
client id= 1 ,round= 2 ,epoch= 1 ,client update iteration= 30 ,loss= 1.4760332107543945
client id= 1 ,round= 2 ,epoch= 1 ,client update iteration= 40 ,loss= 1.470700979232788
client id= 1 ,round= 2 ,epoch= 1 ,client update iteration= 50 ,loss= 1.6281980276107788
client id= 1 ,round= 2 ,epoch= 1 ,client update iteration= 60 ,loss= 1.4123525619506836
client id= 1 ,round= 2 ,epoch= 1 ,client update iteration= 70 ,loss= 1.5205520391464233
client id= 1 ,round= 2 ,epoch= 1 ,client update iteration= 80 ,loss= 1.5753538608551025
client id= 1 ,round= 2 ,epoch= 1 ,client update iteration= 90 ,loss= 1.4679312705993652
client id= 1 ,round= 2 ,epoch= 1 ,client update iteration= 100 ,loss= 1.5972646474838257
client id= 1 ,round= 2 ,epoch= 1 ,client update iteration= 110 ,loss= 1.3143805265426636
client id= 1 ,round= 2 ,epoch= 1 ,client update iteration= 120 ,loss= 1.1733367443084717
client id= 1 ,round= 2 ,epoch= 1 ,client update iteration= 130 ,loss= 1.3019143342971802
client id= 1 ,round= 2 ,epoch= 1 ,client update iteration= 140 ,loss= 1.3465803861618042
client id= 1 ,round= 2 ,epoch= 1 ,client update iteration= 150 ,loss= 1.4024239778518677
client id= 1 ,round= 2 ,epoch= 1 ,client update iteration= 160 ,loss= 1.234392523765564
client id= 1 ,round= 2 ,epoch= 1 ,client update iteration= 170 ,loss= 1.478276014328003
client id= 1 ,round= 2 ,epoch= 1 ,client update iteration= 180 ,loss= 1.2271900177001953
client id= 1 ,round= 2 ,epoch= 1 ,client update iteration= 190 ,loss= 1.200975775718689
client id= 1 ,round= 2 ,epoch= 1 ,client update iteration= 200 ,loss= 1.3677375316619873
client id= 1 ,round= 2 ,epoch= 1 ,client update iteration= 210 ,loss= 1.281040906906128
client id= 1 ,round= 2 ,epoch= 1 ,client update iteration= 220 ,loss= 1.3605471849441528
client id= 1 ,round= 2 ,epoch= 1 ,client update iteration= 230 ,loss= 1.1558458805084229
client id= 1 ,round= 2 ,epoch= 1 ,client update iteration= 240 ,loss= 1.1464382410049438
client id= 1 ,round= 2 ,epoch= 1 ,client update iteration= 250 ,loss= 1.1230312585830688
client id= 1 ,round= 2 ,epoch= 1 ,client update iteration= 260 ,loss= 1.2279493808746338
client id= 1 ,round= 2 ,epoch= 1 ,client update iteration= 270 ,loss= 1.1513713598251343
client id= 1 ,round= 2 ,epoch= 1 ,client update iteration= 280 ,loss= 1.2107089757919312
client id= 1 ,round= 2 ,epoch= 1 ,client update iteration= 290 ,loss= 1.1619713306427002
client id= 1 ,round= 2 ,epoch= 1 ,client update iteration= 300 ,loss= 1.1186530590057373
client id= 1 ,round= 2 ,epoch= 1 ,client update iteration= 310 ,loss= 1.3748562335968018
client id= 1 ,round= 2 ,epoch= 1 ,client update iteration= 320 ,loss= 1.161953330039978
client id= 1 ,round= 2 ,epoch= 1 ,client update iteration= 330 ,loss= 1.2143449783325195
client id= 1 ,round= 2 ,epoch= 1 ,client update iteration= 340 ,loss= 1.0761741399765015
client id= 1 ,round= 2 ,epoch= 1 ,client update iteration= 350 ,loss= 1.2128207683563232
client id= 1 ,round= 2 ,epoch= 1 ,client update iteration= 360 ,loss= 0.9857051968574524
client id= 1 ,round= 2 ,epoch= 1 ,client update iteration= 370 ,loss= 1.4880855083465576
client id= 1 ,round= 2 ,epoch= 1 ,client update iteration= 380 ,loss= 1.2921102046966553
client id= 1 ,round= 2 ,epoch= 1 ,client update iteration= 390 ,loss= 0.9379475712776184
start cal weight time2021-06-30 17:05:12
end cal weight time2021-06-30 17:05:12
layer= 0 ratio= 0.011436135033744679
layer= 1 ratio= 0.013723362040493615
layer= 2 ratio= 0.016468034448592336
layer= 3 ratio= 0.019761641338310806
layer= 4 ratio= 0.023713969605972968
layer= 5 ratio= 0.02845676352716756
layer= 6 ratio= 0.03414811623260107
layer= 7 ratio= 0.04097773947912128
layer= 8 ratio= 0.049173287374945536
layer= 9 ratio= 0.05900794484993465
layer= 10 ratio= 0.07080953381992157
layer= 11 ratio= 0.08497144058390589
layer= 12 ratio= 0.10196572870068706
layer= 13 ratio= 0.12235887444082445
layer= 14 ratio= 0.14683064932898934
layer= 15 ratio= 0.1761967791947872
start add noise2021-06-30 17:05:12
end_add_noise_time2021-06-30 17:05:19
start cal weight time2021-06-30 17:05:19
end cal weight time2021-06-30 17:05:19
layer= 0 ratio= 0.011436135033744679
layer= 1 ratio= 0.013723362040493615
layer= 2 ratio= 0.016468034448592336
layer= 3 ratio= 0.019761641338310806
layer= 4 ratio= 0.023713969605972968
layer= 5 ratio= 0.02845676352716756
layer= 6 ratio= 0.03414811623260107
layer= 7 ratio= 0.04097773947912128
layer= 8 ratio= 0.049173287374945536
layer= 9 ratio= 0.05900794484993465
layer= 10 ratio= 0.07080953381992157
layer= 11 ratio= 0.08497144058390589
layer= 12 ratio= 0.10196572870068706
layer= 13 ratio= 0.12235887444082445
layer= 14 ratio= 0.14683064932898934
layer= 15 ratio= 0.1761967791947872
start add noise2021-06-30 17:05:19
end_add_noise_time2021-06-30 17:05:25
average train loss= 1.3394272835053447
2021-06-30 17:05:34,round 2,val Accuracy Top1: 59.530000 %
2021-06-30 17:05:34,round 2,val Accuracy Top5: 95.590000 %
******client id  0 ******
client_update start
client id= 0 ,round= 3 ,epoch= 1 ,client update iteration= 10 ,loss= 1.4621961116790771
client id= 0 ,round= 3 ,epoch= 1 ,client update iteration= 20 ,loss= 1.1925770044326782
client id= 0 ,round= 3 ,epoch= 1 ,client update iteration= 30 ,loss= 1.0193356275558472
client id= 0 ,round= 3 ,epoch= 1 ,client update iteration= 40 ,loss= 1.387915015220642
client id= 0 ,round= 3 ,epoch= 1 ,client update iteration= 50 ,loss= 1.377182126045227
client id= 0 ,round= 3 ,epoch= 1 ,client update iteration= 60 ,loss= 0.93370121717453
client id= 0 ,round= 3 ,epoch= 1 ,client update iteration= 70 ,loss= 1.0618747472763062
client id= 0 ,round= 3 ,epoch= 1 ,client update iteration= 80 ,loss= 0.9787324666976929
client id= 0 ,round= 3 ,epoch= 1 ,client update iteration= 90 ,loss= 1.0079877376556396
client id= 0 ,round= 3 ,epoch= 1 ,client update iteration= 100 ,loss= 1.2082183361053467
client id= 0 ,round= 3 ,epoch= 1 ,client update iteration= 110 ,loss= 1.114620566368103
client id= 0 ,round= 3 ,epoch= 1 ,client update iteration= 120 ,loss= 1.1225500106811523
client id= 0 ,round= 3 ,epoch= 1 ,client update iteration= 130 ,loss= 1.1886980533599854
client id= 0 ,round= 3 ,epoch= 1 ,client update iteration= 140 ,loss= 1.1148970127105713
client id= 0 ,round= 3 ,epoch= 1 ,client update iteration= 150 ,loss= 1.2100279331207275
client id= 0 ,round= 3 ,epoch= 1 ,client update iteration= 160 ,loss= 1.1056500673294067
client id= 0 ,round= 3 ,epoch= 1 ,client update iteration= 170 ,loss= 0.7327960133552551
client id= 0 ,round= 3 ,epoch= 1 ,client update iteration= 180 ,loss= 0.9983450770378113
client id= 0 ,round= 3 ,epoch= 1 ,client update iteration= 190 ,loss= 1.2014447450637817
client id= 0 ,round= 3 ,epoch= 1 ,client update iteration= 200 ,loss= 0.8900060653686523
client id= 0 ,round= 3 ,epoch= 1 ,client update iteration= 210 ,loss= 1.1411913633346558
client id= 0 ,round= 3 ,epoch= 1 ,client update iteration= 220 ,loss= 1.0730338096618652
client id= 0 ,round= 3 ,epoch= 1 ,client update iteration= 230 ,loss= 1.029669165611267
client id= 0 ,round= 3 ,epoch= 1 ,client update iteration= 240 ,loss= 0.9134628772735596
client id= 0 ,round= 3 ,epoch= 1 ,client update iteration= 250 ,loss= 1.1092199087142944
client id= 0 ,round= 3 ,epoch= 1 ,client update iteration= 260 ,loss= 0.9331274032592773
client id= 0 ,round= 3 ,epoch= 1 ,client update iteration= 270 ,loss= 1.30052649974823
client id= 0 ,round= 3 ,epoch= 1 ,client update iteration= 280 ,loss= 1.1503384113311768
client id= 0 ,round= 3 ,epoch= 1 ,client update iteration= 290 ,loss= 0.8714489340782166
client id= 0 ,round= 3 ,epoch= 1 ,client update iteration= 300 ,loss= 0.7366729974746704
client id= 0 ,round= 3 ,epoch= 1 ,client update iteration= 310 ,loss= 0.9343495965003967
client id= 0 ,round= 3 ,epoch= 1 ,client update iteration= 320 ,loss= 1.0431987047195435
client id= 0 ,round= 3 ,epoch= 1 ,client update iteration= 330 ,loss= 0.8923653960227966
client id= 0 ,round= 3 ,epoch= 1 ,client update iteration= 340 ,loss= 0.8326911926269531
client id= 0 ,round= 3 ,epoch= 1 ,client update iteration= 350 ,loss= 0.9526486396789551
client id= 0 ,round= 3 ,epoch= 1 ,client update iteration= 360 ,loss= 1.1353676319122314
client id= 0 ,round= 3 ,epoch= 1 ,client update iteration= 370 ,loss= 1.0917298793792725
client id= 0 ,round= 3 ,epoch= 1 ,client update iteration= 380 ,loss= 0.9837442636489868
client id= 0 ,round= 3 ,epoch= 1 ,client update iteration= 390 ,loss= 0.819459855556488
******client id  1 ******
client_update start
client id= 1 ,round= 3 ,epoch= 1 ,client update iteration= 10 ,loss= 1.2280107736587524
client id= 1 ,round= 3 ,epoch= 1 ,client update iteration= 20 ,loss= 1.4580540657043457
client id= 1 ,round= 3 ,epoch= 1 ,client update iteration= 30 ,loss= 1.2391119003295898
client id= 1 ,round= 3 ,epoch= 1 ,client update iteration= 40 ,loss= 1.3488339185714722
client id= 1 ,round= 3 ,epoch= 1 ,client update iteration= 50 ,loss= 1.0517475605010986
client id= 1 ,round= 3 ,epoch= 1 ,client update iteration= 60 ,loss= 1.1917973756790161
client id= 1 ,round= 3 ,epoch= 1 ,client update iteration= 70 ,loss= 1.2101199626922607
client id= 1 ,round= 3 ,epoch= 1 ,client update iteration= 80 ,loss= 1.2044379711151123
client id= 1 ,round= 3 ,epoch= 1 ,client update iteration= 90 ,loss= 1.200117588043213
client id= 1 ,round= 3 ,epoch= 1 ,client update iteration= 100 ,loss= 0.9943232536315918
client id= 1 ,round= 3 ,epoch= 1 ,client update iteration= 110 ,loss= 1.4423054456710815
client id= 1 ,round= 3 ,epoch= 1 ,client update iteration= 120 ,loss= 1.3944661617279053
client id= 1 ,round= 3 ,epoch= 1 ,client update iteration= 130 ,loss= 1.0062235593795776
client id= 1 ,round= 3 ,epoch= 1 ,client update iteration= 140 ,loss= 0.9607928395271301
client id= 1 ,round= 3 ,epoch= 1 ,client update iteration= 150 ,loss= 0.8938314914703369
client id= 1 ,round= 3 ,epoch= 1 ,client update iteration= 160 ,loss= 1.4221609830856323
client id= 1 ,round= 3 ,epoch= 1 ,client update iteration= 170 ,loss= 1.0175399780273438
client id= 1 ,round= 3 ,epoch= 1 ,client update iteration= 180 ,loss= 0.8641607761383057
client id= 1 ,round= 3 ,epoch= 1 ,client update iteration= 190 ,loss= 0.7936801910400391
client id= 1 ,round= 3 ,epoch= 1 ,client update iteration= 200 ,loss= 1.0886378288269043
client id= 1 ,round= 3 ,epoch= 1 ,client update iteration= 210 ,loss= 1.0625401735305786
client id= 1 ,round= 3 ,epoch= 1 ,client update iteration= 220 ,loss= 1.2582972049713135
client id= 1 ,round= 3 ,epoch= 1 ,client update iteration= 230 ,loss= 1.1511460542678833
client id= 1 ,round= 3 ,epoch= 1 ,client update iteration= 240 ,loss= 0.9229691028594971
client id= 1 ,round= 3 ,epoch= 1 ,client update iteration= 250 ,loss= 1.145390272140503
client id= 1 ,round= 3 ,epoch= 1 ,client update iteration= 260 ,loss= 0.7792606949806213
client id= 1 ,round= 3 ,epoch= 1 ,client update iteration= 270 ,loss= 0.8659127950668335
client id= 1 ,round= 3 ,epoch= 1 ,client update iteration= 280 ,loss= 1.2000049352645874
client id= 1 ,round= 3 ,epoch= 1 ,client update iteration= 290 ,loss= 0.9751203656196594
client id= 1 ,round= 3 ,epoch= 1 ,client update iteration= 300 ,loss= 1.0296927690505981
client id= 1 ,round= 3 ,epoch= 1 ,client update iteration= 310 ,loss= 0.9292225241661072
client id= 1 ,round= 3 ,epoch= 1 ,client update iteration= 320 ,loss= 1.0160083770751953
client id= 1 ,round= 3 ,epoch= 1 ,client update iteration= 330 ,loss= 0.7696839570999146
client id= 1 ,round= 3 ,epoch= 1 ,client update iteration= 340 ,loss= 0.8103395700454712
client id= 1 ,round= 3 ,epoch= 1 ,client update iteration= 350 ,loss= 0.8989278674125671
client id= 1 ,round= 3 ,epoch= 1 ,client update iteration= 360 ,loss= 0.9158918261528015
client id= 1 ,round= 3 ,epoch= 1 ,client update iteration= 370 ,loss= 1.3154271841049194
client id= 1 ,round= 3 ,epoch= 1 ,client update iteration= 380 ,loss= 0.7447534799575806
client id= 1 ,round= 3 ,epoch= 1 ,client update iteration= 390 ,loss= 1.2115083932876587
start cal weight time2021-06-30 17:08:09
end cal weight time2021-06-30 17:08:09
layer= 0 ratio= 0.011436135033744679
layer= 1 ratio= 0.013723362040493615
layer= 2 ratio= 0.016468034448592336
layer= 3 ratio= 0.019761641338310806
layer= 4 ratio= 0.023713969605972968
layer= 5 ratio= 0.02845676352716756
layer= 6 ratio= 0.03414811623260107
layer= 7 ratio= 0.04097773947912128
layer= 8 ratio= 0.049173287374945536
layer= 9 ratio= 0.05900794484993465
layer= 10 ratio= 0.07080953381992157
layer= 11 ratio= 0.08497144058390589
layer= 12 ratio= 0.10196572870068706
layer= 13 ratio= 0.12235887444082445
layer= 14 ratio= 0.14683064932898934
layer= 15 ratio= 0.1761967791947872
start add noise2021-06-30 17:08:09
end_add_noise_time2021-06-30 17:08:14
start cal weight time2021-06-30 17:08:14
end cal weight time2021-06-30 17:08:14
layer= 0 ratio= 0.011436135033744679
layer= 1 ratio= 0.013723362040493615
layer= 2 ratio= 0.016468034448592336
layer= 3 ratio= 0.019761641338310806
layer= 4 ratio= 0.023713969605972968
layer= 5 ratio= 0.02845676352716756
layer= 6 ratio= 0.03414811623260107
layer= 7 ratio= 0.04097773947912128
layer= 8 ratio= 0.049173287374945536
layer= 9 ratio= 0.05900794484993465
layer= 10 ratio= 0.07080953381992157
layer= 11 ratio= 0.08497144058390589
layer= 12 ratio= 0.10196572870068706
layer= 13 ratio= 0.12235887444082445
layer= 14 ratio= 0.14683064932898934
layer= 15 ratio= 0.1761967791947872
start add noise2021-06-30 17:08:14
end_add_noise_time2021-06-30 17:08:19
average train loss= 1.0601965355141387
2021-06-30 17:08:29,round 3,val Accuracy Top1: 60.270000 %
2021-06-30 17:08:29,round 3,val Accuracy Top5: 95.960000 %
******client id  0 ******
client_update start
client id= 0 ,round= 4 ,epoch= 1 ,client update iteration= 10 ,loss= 1.427175521850586
client id= 0 ,round= 4 ,epoch= 1 ,client update iteration= 20 ,loss= 1.1719026565551758
client id= 0 ,round= 4 ,epoch= 1 ,client update iteration= 30 ,loss= 0.9678815007209778
client id= 0 ,round= 4 ,epoch= 1 ,client update iteration= 40 ,loss= 1.0012762546539307
client id= 0 ,round= 4 ,epoch= 1 ,client update iteration= 50 ,loss= 0.9526755809783936
client id= 0 ,round= 4 ,epoch= 1 ,client update iteration= 60 ,loss= 1.0594433546066284
client id= 0 ,round= 4 ,epoch= 1 ,client update iteration= 70 ,loss= 1.150823712348938
client id= 0 ,round= 4 ,epoch= 1 ,client update iteration= 80 ,loss= 0.9437639713287354
client id= 0 ,round= 4 ,epoch= 1 ,client update iteration= 90 ,loss= 1.1782666444778442
client id= 0 ,round= 4 ,epoch= 1 ,client update iteration= 100 ,loss= 1.0051817893981934
client id= 0 ,round= 4 ,epoch= 1 ,client update iteration= 110 ,loss= 1.1550008058547974
client id= 0 ,round= 4 ,epoch= 1 ,client update iteration= 120 ,loss= 1.0310343503952026
client id= 0 ,round= 4 ,epoch= 1 ,client update iteration= 130 ,loss= 1.2629057168960571
client id= 0 ,round= 4 ,epoch= 1 ,client update iteration= 140 ,loss= 1.281019687652588
client id= 0 ,round= 4 ,epoch= 1 ,client update iteration= 150 ,loss= 1.2257202863693237
client id= 0 ,round= 4 ,epoch= 1 ,client update iteration= 160 ,loss= 1.0336196422576904
client id= 0 ,round= 4 ,epoch= 1 ,client update iteration= 170 ,loss= 0.7719577550888062
client id= 0 ,round= 4 ,epoch= 1 ,client update iteration= 180 ,loss= 0.6807422637939453
client id= 0 ,round= 4 ,epoch= 1 ,client update iteration= 190 ,loss= 0.7527673244476318
client id= 0 ,round= 4 ,epoch= 1 ,client update iteration= 200 ,loss= 1.159167766571045
client id= 0 ,round= 4 ,epoch= 1 ,client update iteration= 210 ,loss= 0.7614664435386658
client id= 0 ,round= 4 ,epoch= 1 ,client update iteration= 220 ,loss= 1.0362162590026855
client id= 0 ,round= 4 ,epoch= 1 ,client update iteration= 230 ,loss= 0.9735002517700195
client id= 0 ,round= 4 ,epoch= 1 ,client update iteration= 240 ,loss= 0.986340343952179
client id= 0 ,round= 4 ,epoch= 1 ,client update iteration= 250 ,loss= 0.6930898427963257
client id= 0 ,round= 4 ,epoch= 1 ,client update iteration= 260 ,loss= 0.7866857051849365
client id= 0 ,round= 4 ,epoch= 1 ,client update iteration= 270 ,loss= 0.9659882187843323
client id= 0 ,round= 4 ,epoch= 1 ,client update iteration= 280 ,loss= 0.870341956615448
client id= 0 ,round= 4 ,epoch= 1 ,client update iteration= 290 ,loss= 0.7553454637527466
client id= 0 ,round= 4 ,epoch= 1 ,client update iteration= 300 ,loss= 0.8491093516349792
client id= 0 ,round= 4 ,epoch= 1 ,client update iteration= 310 ,loss= 0.9143128395080566
client id= 0 ,round= 4 ,epoch= 1 ,client update iteration= 320 ,loss= 0.8555507659912109
client id= 0 ,round= 4 ,epoch= 1 ,client update iteration= 330 ,loss= 0.8388383388519287
client id= 0 ,round= 4 ,epoch= 1 ,client update iteration= 340 ,loss= 0.8368249535560608
client id= 0 ,round= 4 ,epoch= 1 ,client update iteration= 350 ,loss= 0.9383718371391296
client id= 0 ,round= 4 ,epoch= 1 ,client update iteration= 360 ,loss= 0.8558317422866821
client id= 0 ,round= 4 ,epoch= 1 ,client update iteration= 370 ,loss= 0.9384915828704834
client id= 0 ,round= 4 ,epoch= 1 ,client update iteration= 380 ,loss= 0.6955897808074951
client id= 0 ,round= 4 ,epoch= 1 ,client update iteration= 390 ,loss= 0.7708438634872437
******client id  1 ******
client_update start
client id= 1 ,round= 4 ,epoch= 1 ,client update iteration= 10 ,loss= 1.26646888256073
client id= 1 ,round= 4 ,epoch= 1 ,client update iteration= 20 ,loss= 1.166617512702942
client id= 1 ,round= 4 ,epoch= 1 ,client update iteration= 30 ,loss= 1.0303447246551514
client id= 1 ,round= 4 ,epoch= 1 ,client update iteration= 40 ,loss= 1.0214259624481201
client id= 1 ,round= 4 ,epoch= 1 ,client update iteration= 50 ,loss= 0.8370345830917358
client id= 1 ,round= 4 ,epoch= 1 ,client update iteration= 60 ,loss= 0.8261340856552124
client id= 1 ,round= 4 ,epoch= 1 ,client update iteration= 70 ,loss= 1.326637625694275
client id= 1 ,round= 4 ,epoch= 1 ,client update iteration= 80 ,loss= 1.0356056690216064
client id= 1 ,round= 4 ,epoch= 1 ,client update iteration= 90 ,loss= 1.099075436592102
client id= 1 ,round= 4 ,epoch= 1 ,client update iteration= 100 ,loss= 1.0526297092437744
client id= 1 ,round= 4 ,epoch= 1 ,client update iteration= 110 ,loss= 0.7358114123344421
client id= 1 ,round= 4 ,epoch= 1 ,client update iteration= 120 ,loss= 1.0930964946746826
client id= 1 ,round= 4 ,epoch= 1 ,client update iteration= 130 ,loss= 0.9157699346542358
client id= 1 ,round= 4 ,epoch= 1 ,client update iteration= 140 ,loss= 0.8630090951919556
client id= 1 ,round= 4 ,epoch= 1 ,client update iteration= 150 ,loss= 1.0539363622665405
client id= 1 ,round= 4 ,epoch= 1 ,client update iteration= 160 ,loss= 0.9876452088356018
client id= 1 ,round= 4 ,epoch= 1 ,client update iteration= 170 ,loss= 1.1993852853775024
client id= 1 ,round= 4 ,epoch= 1 ,client update iteration= 180 ,loss= 0.873634397983551
client id= 1 ,round= 4 ,epoch= 1 ,client update iteration= 190 ,loss= 1.0061181783676147
client id= 1 ,round= 4 ,epoch= 1 ,client update iteration= 200 ,loss= 1.1026482582092285
client id= 1 ,round= 4 ,epoch= 1 ,client update iteration= 210 ,loss= 0.815732479095459
client id= 1 ,round= 4 ,epoch= 1 ,client update iteration= 220 ,loss= 0.8264973163604736
client id= 1 ,round= 4 ,epoch= 1 ,client update iteration= 230 ,loss= 1.2650070190429688
client id= 1 ,round= 4 ,epoch= 1 ,client update iteration= 240 ,loss= 0.8610632419586182
client id= 1 ,round= 4 ,epoch= 1 ,client update iteration= 250 ,loss= 0.9606979489326477
client id= 1 ,round= 4 ,epoch= 1 ,client update iteration= 260 ,loss= 0.9648439288139343
client id= 1 ,round= 4 ,epoch= 1 ,client update iteration= 270 ,loss= 1.058782696723938
client id= 1 ,round= 4 ,epoch= 1 ,client update iteration= 280 ,loss= 0.9563461542129517
client id= 1 ,round= 4 ,epoch= 1 ,client update iteration= 290 ,loss= 0.8433200120925903
client id= 1 ,round= 4 ,epoch= 1 ,client update iteration= 300 ,loss= 1.0461475849151611
client id= 1 ,round= 4 ,epoch= 1 ,client update iteration= 310 ,loss= 0.8887556791305542
client id= 1 ,round= 4 ,epoch= 1 ,client update iteration= 320 ,loss= 0.6308672428131104
client id= 1 ,round= 4 ,epoch= 1 ,client update iteration= 330 ,loss= 0.8660632371902466
client id= 1 ,round= 4 ,epoch= 1 ,client update iteration= 340 ,loss= 0.809036135673523
client id= 1 ,round= 4 ,epoch= 1 ,client update iteration= 350 ,loss= 0.9417080283164978
client id= 1 ,round= 4 ,epoch= 1 ,client update iteration= 360 ,loss= 0.9475963711738586
client id= 1 ,round= 4 ,epoch= 1 ,client update iteration= 370 ,loss= 0.9809285998344421
client id= 1 ,round= 4 ,epoch= 1 ,client update iteration= 380 ,loss= 0.8221726417541504
client id= 1 ,round= 4 ,epoch= 1 ,client update iteration= 390 ,loss= 0.8076705932617188
start cal weight time2021-06-30 17:11:03
end cal weight time2021-06-30 17:11:03
layer= 0 ratio= 0.011436135033744679
layer= 1 ratio= 0.013723362040493615
layer= 2 ratio= 0.016468034448592336
layer= 3 ratio= 0.019761641338310806
layer= 4 ratio= 0.023713969605972968
layer= 5 ratio= 0.02845676352716756
layer= 6 ratio= 0.03414811623260107
layer= 7 ratio= 0.04097773947912128
layer= 8 ratio= 0.049173287374945536
layer= 9 ratio= 0.05900794484993465
layer= 10 ratio= 0.07080953381992157
layer= 11 ratio= 0.08497144058390589
layer= 12 ratio= 0.10196572870068706
layer= 13 ratio= 0.12235887444082445
layer= 14 ratio= 0.14683064932898934
layer= 15 ratio= 0.1761967791947872
start add noise2021-06-30 17:11:03
end_add_noise_time2021-06-30 17:11:09
start cal weight time2021-06-30 17:11:09
end cal weight time2021-06-30 17:11:09
layer= 0 ratio= 0.011436135033744679
layer= 1 ratio= 0.013723362040493615
layer= 2 ratio= 0.016468034448592336
layer= 3 ratio= 0.019761641338310806
layer= 4 ratio= 0.023713969605972968
layer= 5 ratio= 0.02845676352716756
layer= 6 ratio= 0.03414811623260107
layer= 7 ratio= 0.04097773947912128
layer= 8 ratio= 0.049173287374945536
layer= 9 ratio= 0.05900794484993465
layer= 10 ratio= 0.07080953381992157
layer= 11 ratio= 0.08497144058390589
layer= 12 ratio= 0.10196572870068706
layer= 13 ratio= 0.12235887444082445
layer= 14 ratio= 0.14683064932898934
layer= 15 ratio= 0.1761967791947872
start add noise2021-06-30 17:11:09
end_add_noise_time2021-06-30 17:11:14
average train loss= 0.9547667344055517
2021-06-30 17:11:24,round 4,val Accuracy Top1: 54.760000 %
2021-06-30 17:11:24,round 4,val Accuracy Top5: 95.740000 %
******client id  0 ******
client_update start
client id= 0 ,round= 5 ,epoch= 1 ,client update iteration= 10 ,loss= 1.112151026725769
client id= 0 ,round= 5 ,epoch= 1 ,client update iteration= 20 ,loss= 1.1114040613174438
client id= 0 ,round= 5 ,epoch= 1 ,client update iteration= 30 ,loss= 1.082040548324585
client id= 0 ,round= 5 ,epoch= 1 ,client update iteration= 40 ,loss= 1.132996916770935
client id= 0 ,round= 5 ,epoch= 1 ,client update iteration= 50 ,loss= 0.9450844526290894
client id= 0 ,round= 5 ,epoch= 1 ,client update iteration= 60 ,loss= 1.1316598653793335
client id= 0 ,round= 5 ,epoch= 1 ,client update iteration= 70 ,loss= 1.0397725105285645
client id= 0 ,round= 5 ,epoch= 1 ,client update iteration= 80 ,loss= 1.1151889562606812
client id= 0 ,round= 5 ,epoch= 1 ,client update iteration= 90 ,loss= 0.9268019795417786
client id= 0 ,round= 5 ,epoch= 1 ,client update iteration= 100 ,loss= 0.9328585863113403
client id= 0 ,round= 5 ,epoch= 1 ,client update iteration= 110 ,loss= 0.9596667885780334
client id= 0 ,round= 5 ,epoch= 1 ,client update iteration= 120 ,loss= 1.2450686693191528
client id= 0 ,round= 5 ,epoch= 1 ,client update iteration= 130 ,loss= 1.0990676879882812
client id= 0 ,round= 5 ,epoch= 1 ,client update iteration= 140 ,loss= 0.8512454032897949
client id= 0 ,round= 5 ,epoch= 1 ,client update iteration= 150 ,loss= 0.8830283284187317
client id= 0 ,round= 5 ,epoch= 1 ,client update iteration= 160 ,loss= 0.8565623760223389
client id= 0 ,round= 5 ,epoch= 1 ,client update iteration= 170 ,loss= 1.0679789781570435
client id= 0 ,round= 5 ,epoch= 1 ,client update iteration= 180 ,loss= 1.32516348361969
client id= 0 ,round= 5 ,epoch= 1 ,client update iteration= 190 ,loss= 0.9213126301765442
client id= 0 ,round= 5 ,epoch= 1 ,client update iteration= 200 ,loss= 1.0261441469192505
client id= 0 ,round= 5 ,epoch= 1 ,client update iteration= 210 ,loss= 0.8740495443344116
client id= 0 ,round= 5 ,epoch= 1 ,client update iteration= 220 ,loss= 0.6074135303497314
client id= 0 ,round= 5 ,epoch= 1 ,client update iteration= 230 ,loss= 0.6748501658439636
client id= 0 ,round= 5 ,epoch= 1 ,client update iteration= 240 ,loss= 1.1018009185791016
client id= 0 ,round= 5 ,epoch= 1 ,client update iteration= 250 ,loss= 1.0331050157546997
client id= 0 ,round= 5 ,epoch= 1 ,client update iteration= 260 ,loss= 0.7293143272399902
client id= 0 ,round= 5 ,epoch= 1 ,client update iteration= 270 ,loss= 0.8301324844360352
client id= 0 ,round= 5 ,epoch= 1 ,client update iteration= 280 ,loss= 1.1492470502853394
client id= 0 ,round= 5 ,epoch= 1 ,client update iteration= 290 ,loss= 1.030962347984314
client id= 0 ,round= 5 ,epoch= 1 ,client update iteration= 300 ,loss= 0.8117418885231018
client id= 0 ,round= 5 ,epoch= 1 ,client update iteration= 310 ,loss= 0.937574028968811
client id= 0 ,round= 5 ,epoch= 1 ,client update iteration= 320 ,loss= 0.8896116018295288
client id= 0 ,round= 5 ,epoch= 1 ,client update iteration= 330 ,loss= 1.1104973554611206
client id= 0 ,round= 5 ,epoch= 1 ,client update iteration= 340 ,loss= 1.1309430599212646
client id= 0 ,round= 5 ,epoch= 1 ,client update iteration= 350 ,loss= 1.1145358085632324
client id= 0 ,round= 5 ,epoch= 1 ,client update iteration= 360 ,loss= 0.8500243425369263
client id= 0 ,round= 5 ,epoch= 1 ,client update iteration= 370 ,loss= 0.7796293497085571
client id= 0 ,round= 5 ,epoch= 1 ,client update iteration= 380 ,loss= 0.8510762453079224
client id= 0 ,round= 5 ,epoch= 1 ,client update iteration= 390 ,loss= 1.1612329483032227
******client id  1 ******
client_update start
client id= 1 ,round= 5 ,epoch= 1 ,client update iteration= 10 ,loss= 1.2434388399124146
client id= 1 ,round= 5 ,epoch= 1 ,client update iteration= 20 ,loss= 1.1855971813201904
client id= 1 ,round= 5 ,epoch= 1 ,client update iteration= 30 ,loss= 1.320631504058838
client id= 1 ,round= 5 ,epoch= 1 ,client update iteration= 40 ,loss= 0.9554112553596497
client id= 1 ,round= 5 ,epoch= 1 ,client update iteration= 50 ,loss= 1.0670093297958374
client id= 1 ,round= 5 ,epoch= 1 ,client update iteration= 60 ,loss= 1.0594122409820557
client id= 1 ,round= 5 ,epoch= 1 ,client update iteration= 70 ,loss= 1.1494807004928589
client id= 1 ,round= 5 ,epoch= 1 ,client update iteration= 80 ,loss= 0.9275801777839661
client id= 1 ,round= 5 ,epoch= 1 ,client update iteration= 90 ,loss= 0.8842518329620361
client id= 1 ,round= 5 ,epoch= 1 ,client update iteration= 100 ,loss= 1.0097384452819824
client id= 1 ,round= 5 ,epoch= 1 ,client update iteration= 110 ,loss= 1.0439844131469727
client id= 1 ,round= 5 ,epoch= 1 ,client update iteration= 120 ,loss= 1.0397602319717407
client id= 1 ,round= 5 ,epoch= 1 ,client update iteration= 130 ,loss= 0.9988163709640503
client id= 1 ,round= 5 ,epoch= 1 ,client update iteration= 140 ,loss= 0.8915249109268188
client id= 1 ,round= 5 ,epoch= 1 ,client update iteration= 150 ,loss= 0.9984339475631714
client id= 1 ,round= 5 ,epoch= 1 ,client update iteration= 160 ,loss= 0.966577410697937
client id= 1 ,round= 5 ,epoch= 1 ,client update iteration= 170 ,loss= 1.1742974519729614
client id= 1 ,round= 5 ,epoch= 1 ,client update iteration= 180 ,loss= 0.9356028437614441
client id= 1 ,round= 5 ,epoch= 1 ,client update iteration= 190 ,loss= 1.118086576461792
client id= 1 ,round= 5 ,epoch= 1 ,client update iteration= 200 ,loss= 1.0017006397247314
client id= 1 ,round= 5 ,epoch= 1 ,client update iteration= 210 ,loss= 1.0314972400665283
client id= 1 ,round= 5 ,epoch= 1 ,client update iteration= 220 ,loss= 0.7143515348434448
client id= 1 ,round= 5 ,epoch= 1 ,client update iteration= 230 ,loss= 0.9860974550247192
client id= 1 ,round= 5 ,epoch= 1 ,client update iteration= 240 ,loss= 1.0503209829330444
client id= 1 ,round= 5 ,epoch= 1 ,client update iteration= 250 ,loss= 0.9211096167564392
client id= 1 ,round= 5 ,epoch= 1 ,client update iteration= 260 ,loss= 0.9733264446258545
client id= 1 ,round= 5 ,epoch= 1 ,client update iteration= 270 ,loss= 0.9114331007003784
client id= 1 ,round= 5 ,epoch= 1 ,client update iteration= 280 ,loss= 0.9489563703536987
client id= 1 ,round= 5 ,epoch= 1 ,client update iteration= 290 ,loss= 0.9413528442382812
client id= 1 ,round= 5 ,epoch= 1 ,client update iteration= 300 ,loss= 0.8238475322723389
client id= 1 ,round= 5 ,epoch= 1 ,client update iteration= 310 ,loss= 1.0488201379776
client id= 1 ,round= 5 ,epoch= 1 ,client update iteration= 320 ,loss= 0.8951520919799805
client id= 1 ,round= 5 ,epoch= 1 ,client update iteration= 330 ,loss= 0.9378951191902161
client id= 1 ,round= 5 ,epoch= 1 ,client update iteration= 340 ,loss= 1.017584204673767
client id= 1 ,round= 5 ,epoch= 1 ,client update iteration= 350 ,loss= 0.6941009163856506
client id= 1 ,round= 5 ,epoch= 1 ,client update iteration= 360 ,loss= 0.6622048616409302
client id= 1 ,round= 5 ,epoch= 1 ,client update iteration= 370 ,loss= 0.810221254825592
client id= 1 ,round= 5 ,epoch= 1 ,client update iteration= 380 ,loss= 0.9179821014404297
client id= 1 ,round= 5 ,epoch= 1 ,client update iteration= 390 ,loss= 0.5819198489189148
start cal weight time2021-06-30 17:13:59
end cal weight time2021-06-30 17:13:59
layer= 0 ratio= 0.011436135033744679
layer= 1 ratio= 0.013723362040493615
layer= 2 ratio= 0.016468034448592336
layer= 3 ratio= 0.019761641338310806
layer= 4 ratio= 0.023713969605972968
layer= 5 ratio= 0.02845676352716756
layer= 6 ratio= 0.03414811623260107
layer= 7 ratio= 0.04097773947912128
layer= 8 ratio= 0.049173287374945536
layer= 9 ratio= 0.05900794484993465
layer= 10 ratio= 0.07080953381992157
layer= 11 ratio= 0.08497144058390589
layer= 12 ratio= 0.10196572870068706
layer= 13 ratio= 0.12235887444082445
layer= 14 ratio= 0.14683064932898934
layer= 15 ratio= 0.1761967791947872
start add noise2021-06-30 17:13:59
end_add_noise_time2021-06-30 17:14:04
start cal weight time2021-06-30 17:14:04
end cal weight time2021-06-30 17:14:04
layer= 0 ratio= 0.011436135033744679
layer= 1 ratio= 0.013723362040493615
layer= 2 ratio= 0.016468034448592336
layer= 3 ratio= 0.019761641338310806
layer= 4 ratio= 0.023713969605972968
layer= 5 ratio= 0.02845676352716756
layer= 6 ratio= 0.03414811623260107
layer= 7 ratio= 0.04097773947912128
layer= 8 ratio= 0.049173287374945536
layer= 9 ratio= 0.05900794484993465
layer= 10 ratio= 0.07080953381992157
layer= 11 ratio= 0.08497144058390589
layer= 12 ratio= 0.10196572870068706
layer= 13 ratio= 0.12235887444082445
layer= 14 ratio= 0.14683064932898934
layer= 15 ratio= 0.1761967791947872
start add noise2021-06-30 17:14:04
end_add_noise_time2021-06-30 17:14:09
average train loss= 0.981761848606417
2021-06-30 17:14:19,round 5,val Accuracy Top1: 54.090000 %
2021-06-30 17:14:19,round 5,val Accuracy Top5: 95.140000 %
******client id  0 ******
client_update start
client id= 0 ,round= 6 ,epoch= 1 ,client update iteration= 10 ,loss= 1.5418165922164917
client id= 0 ,round= 6 ,epoch= 1 ,client update iteration= 20 ,loss= 1.4051833152770996
client id= 0 ,round= 6 ,epoch= 1 ,client update iteration= 30 ,loss= 0.9456027746200562
client id= 0 ,round= 6 ,epoch= 1 ,client update iteration= 40 ,loss= 1.2702968120574951
client id= 0 ,round= 6 ,epoch= 1 ,client update iteration= 50 ,loss= 1.1961644887924194
client id= 0 ,round= 6 ,epoch= 1 ,client update iteration= 60 ,loss= 1.084010124206543
client id= 0 ,round= 6 ,epoch= 1 ,client update iteration= 70 ,loss= 1.087579607963562
client id= 0 ,round= 6 ,epoch= 1 ,client update iteration= 80 ,loss= 0.9933329820632935
client id= 0 ,round= 6 ,epoch= 1 ,client update iteration= 90 ,loss= 1.065816879272461
client id= 0 ,round= 6 ,epoch= 1 ,client update iteration= 100 ,loss= 0.8814324140548706
client id= 0 ,round= 6 ,epoch= 1 ,client update iteration= 110 ,loss= 1.369681715965271
client id= 0 ,round= 6 ,epoch= 1 ,client update iteration= 120 ,loss= 1.0700005292892456
client id= 0 ,round= 6 ,epoch= 1 ,client update iteration= 130 ,loss= 1.21479332447052
client id= 0 ,round= 6 ,epoch= 1 ,client update iteration= 140 ,loss= 1.0812790393829346
client id= 0 ,round= 6 ,epoch= 1 ,client update iteration= 150 ,loss= 1.1025868654251099
client id= 0 ,round= 6 ,epoch= 1 ,client update iteration= 160 ,loss= 1.2894552946090698
client id= 0 ,round= 6 ,epoch= 1 ,client update iteration= 170 ,loss= 1.3160219192504883
client id= 0 ,round= 6 ,epoch= 1 ,client update iteration= 180 ,loss= 1.0572062730789185
client id= 0 ,round= 6 ,epoch= 1 ,client update iteration= 190 ,loss= 0.7929463982582092
client id= 0 ,round= 6 ,epoch= 1 ,client update iteration= 200 ,loss= 0.9499622583389282
client id= 0 ,round= 6 ,epoch= 1 ,client update iteration= 210 ,loss= 1.205709457397461
client id= 0 ,round= 6 ,epoch= 1 ,client update iteration= 220 ,loss= 0.9043161273002625
client id= 0 ,round= 6 ,epoch= 1 ,client update iteration= 230 ,loss= 1.0821956396102905
client id= 0 ,round= 6 ,epoch= 1 ,client update iteration= 240 ,loss= 1.036024808883667
client id= 0 ,round= 6 ,epoch= 1 ,client update iteration= 250 ,loss= 0.8475362062454224
client id= 0 ,round= 6 ,epoch= 1 ,client update iteration= 260 ,loss= 0.8463744521141052
client id= 0 ,round= 6 ,epoch= 1 ,client update iteration= 270 ,loss= 1.0737013816833496
client id= 0 ,round= 6 ,epoch= 1 ,client update iteration= 280 ,loss= 0.6150158047676086
client id= 0 ,round= 6 ,epoch= 1 ,client update iteration= 290 ,loss= 0.7615141272544861
client id= 0 ,round= 6 ,epoch= 1 ,client update iteration= 300 ,loss= 1.3052605390548706
client id= 0 ,round= 6 ,epoch= 1 ,client update iteration= 310 ,loss= 0.9103069305419922
client id= 0 ,round= 6 ,epoch= 1 ,client update iteration= 320 ,loss= 0.8028271794319153
client id= 0 ,round= 6 ,epoch= 1 ,client update iteration= 330 ,loss= 0.7727920413017273
client id= 0 ,round= 6 ,epoch= 1 ,client update iteration= 340 ,loss= 0.8077459931373596
client id= 0 ,round= 6 ,epoch= 1 ,client update iteration= 350 ,loss= 1.014417290687561
client id= 0 ,round= 6 ,epoch= 1 ,client update iteration= 360 ,loss= 0.9808682799339294
client id= 0 ,round= 6 ,epoch= 1 ,client update iteration= 370 ,loss= 0.7491362690925598
client id= 0 ,round= 6 ,epoch= 1 ,client update iteration= 380 ,loss= 0.8832617998123169
client id= 0 ,round= 6 ,epoch= 1 ,client update iteration= 390 ,loss= 0.7437973022460938
******client id  1 ******
client_update start
client id= 1 ,round= 6 ,epoch= 1 ,client update iteration= 10 ,loss= 1.8765406608581543
client id= 1 ,round= 6 ,epoch= 1 ,client update iteration= 20 ,loss= 1.4957557916641235
client id= 1 ,round= 6 ,epoch= 1 ,client update iteration= 30 ,loss= 1.4044901132583618
client id= 1 ,round= 6 ,epoch= 1 ,client update iteration= 40 ,loss= 1.22518789768219
client id= 1 ,round= 6 ,epoch= 1 ,client update iteration= 50 ,loss= 1.3145017623901367
client id= 1 ,round= 6 ,epoch= 1 ,client update iteration= 60 ,loss= 1.2761040925979614
client id= 1 ,round= 6 ,epoch= 1 ,client update iteration= 70 ,loss= 1.0916513204574585
client id= 1 ,round= 6 ,epoch= 1 ,client update iteration= 80 ,loss= 1.3235180377960205
client id= 1 ,round= 6 ,epoch= 1 ,client update iteration= 90 ,loss= 1.2302623987197876
client id= 1 ,round= 6 ,epoch= 1 ,client update iteration= 100 ,loss= 1.2299330234527588
client id= 1 ,round= 6 ,epoch= 1 ,client update iteration= 110 ,loss= 1.2535240650177002
client id= 1 ,round= 6 ,epoch= 1 ,client update iteration= 120 ,loss= 1.0112383365631104
client id= 1 ,round= 6 ,epoch= 1 ,client update iteration= 130 ,loss= 0.8924068808555603
client id= 1 ,round= 6 ,epoch= 1 ,client update iteration= 140 ,loss= 1.3346856832504272
client id= 1 ,round= 6 ,epoch= 1 ,client update iteration= 150 ,loss= 1.256180763244629
client id= 1 ,round= 6 ,epoch= 1 ,client update iteration= 160 ,loss= 0.9829259514808655
client id= 1 ,round= 6 ,epoch= 1 ,client update iteration= 170 ,loss= 1.0365028381347656
client id= 1 ,round= 6 ,epoch= 1 ,client update iteration= 180 ,loss= 1.0159767866134644
client id= 1 ,round= 6 ,epoch= 1 ,client update iteration= 190 ,loss= 0.9401620626449585
client id= 1 ,round= 6 ,epoch= 1 ,client update iteration= 200 ,loss= 0.9118402600288391
client id= 1 ,round= 6 ,epoch= 1 ,client update iteration= 210 ,loss= 1.0981258153915405
client id= 1 ,round= 6 ,epoch= 1 ,client update iteration= 220 ,loss= 1.051263451576233
client id= 1 ,round= 6 ,epoch= 1 ,client update iteration= 230 ,loss= 1.0868303775787354
client id= 1 ,round= 6 ,epoch= 1 ,client update iteration= 240 ,loss= 1.0304827690124512
client id= 1 ,round= 6 ,epoch= 1 ,client update iteration= 250 ,loss= 1.0860683917999268
client id= 1 ,round= 6 ,epoch= 1 ,client update iteration= 260 ,loss= 1.1785337924957275
client id= 1 ,round= 6 ,epoch= 1 ,client update iteration= 270 ,loss= 1.0545194149017334
client id= 1 ,round= 6 ,epoch= 1 ,client update iteration= 280 ,loss= 1.415574312210083
client id= 1 ,round= 6 ,epoch= 1 ,client update iteration= 290 ,loss= 1.1482982635498047
client id= 1 ,round= 6 ,epoch= 1 ,client update iteration= 300 ,loss= 0.9304310083389282
client id= 1 ,round= 6 ,epoch= 1 ,client update iteration= 310 ,loss= 1.1366772651672363
client id= 1 ,round= 6 ,epoch= 1 ,client update iteration= 320 ,loss= 1.2328516244888306
client id= 1 ,round= 6 ,epoch= 1 ,client update iteration= 330 ,loss= 1.2518730163574219
client id= 1 ,round= 6 ,epoch= 1 ,client update iteration= 340 ,loss= 1.0794721841812134
client id= 1 ,round= 6 ,epoch= 1 ,client update iteration= 350 ,loss= 1.0367118120193481
client id= 1 ,round= 6 ,epoch= 1 ,client update iteration= 360 ,loss= 0.7835400700569153
client id= 1 ,round= 6 ,epoch= 1 ,client update iteration= 370 ,loss= 0.7977218627929688
client id= 1 ,round= 6 ,epoch= 1 ,client update iteration= 380 ,loss= 1.2915749549865723
client id= 1 ,round= 6 ,epoch= 1 ,client update iteration= 390 ,loss= 0.9943321347236633
start cal weight time2021-06-30 17:16:54
end cal weight time2021-06-30 17:16:54
layer= 0 ratio= 0.011436135033744679
layer= 1 ratio= 0.013723362040493615
layer= 2 ratio= 0.016468034448592336
layer= 3 ratio= 0.019761641338310806
layer= 4 ratio= 0.023713969605972968
layer= 5 ratio= 0.02845676352716756
layer= 6 ratio= 0.03414811623260107
layer= 7 ratio= 0.04097773947912128
layer= 8 ratio= 0.049173287374945536
layer= 9 ratio= 0.05900794484993465
layer= 10 ratio= 0.07080953381992157
layer= 11 ratio= 0.08497144058390589
layer= 12 ratio= 0.10196572870068706
layer= 13 ratio= 0.12235887444082445
layer= 14 ratio= 0.14683064932898934
layer= 15 ratio= 0.1761967791947872
start add noise2021-06-30 17:16:54
end_add_noise_time2021-06-30 17:16:59
start cal weight time2021-06-30 17:16:59
end cal weight time2021-06-30 17:16:59
layer= 0 ratio= 0.011436135033744679
layer= 1 ratio= 0.013723362040493615
layer= 2 ratio= 0.016468034448592336
layer= 3 ratio= 0.019761641338310806
layer= 4 ratio= 0.023713969605972968
layer= 5 ratio= 0.02845676352716756
layer= 6 ratio= 0.03414811623260107
layer= 7 ratio= 0.04097773947912128
layer= 8 ratio= 0.049173287374945536
layer= 9 ratio= 0.05900794484993465
layer= 10 ratio= 0.07080953381992157
layer= 11 ratio= 0.08497144058390589
layer= 12 ratio= 0.10196572870068706
layer= 13 ratio= 0.12235887444082445
layer= 14 ratio= 0.14683064932898934
layer= 15 ratio= 0.1761967791947872
start add noise2021-06-30 17:16:59
end_add_noise_time2021-06-30 17:17:03
average train loss= 1.0925097715519274
2021-06-30 17:17:13,round 6,val Accuracy Top1: 52.610000 %
2021-06-30 17:17:13,round 6,val Accuracy Top5: 92.880000 %
******client id  0 ******
client_update start
client id= 0 ,round= 7 ,epoch= 1 ,client update iteration= 10 ,loss= 2.15679931640625
client id= 0 ,round= 7 ,epoch= 1 ,client update iteration= 20 ,loss= 1.7577879428863525
client id= 0 ,round= 7 ,epoch= 1 ,client update iteration= 30 ,loss= 1.723524570465088
client id= 0 ,round= 7 ,epoch= 1 ,client update iteration= 40 ,loss= 1.9090255498886108
client id= 0 ,round= 7 ,epoch= 1 ,client update iteration= 50 ,loss= 1.5596849918365479
client id= 0 ,round= 7 ,epoch= 1 ,client update iteration= 60 ,loss= 1.6461677551269531
client id= 0 ,round= 7 ,epoch= 1 ,client update iteration= 70 ,loss= 1.5606895685195923
client id= 0 ,round= 7 ,epoch= 1 ,client update iteration= 80 ,loss= 1.3617258071899414
client id= 0 ,round= 7 ,epoch= 1 ,client update iteration= 90 ,loss= 1.5052186250686646
client id= 0 ,round= 7 ,epoch= 1 ,client update iteration= 100 ,loss= 1.6190162897109985
client id= 0 ,round= 7 ,epoch= 1 ,client update iteration= 110 ,loss= 1.3127243518829346
client id= 0 ,round= 7 ,epoch= 1 ,client update iteration= 120 ,loss= 1.4464954137802124
client id= 0 ,round= 7 ,epoch= 1 ,client update iteration= 130 ,loss= 1.060639500617981
client id= 0 ,round= 7 ,epoch= 1 ,client update iteration= 140 ,loss= 1.2445663213729858
client id= 0 ,round= 7 ,epoch= 1 ,client update iteration= 150 ,loss= 1.3248132467269897
client id= 0 ,round= 7 ,epoch= 1 ,client update iteration= 160 ,loss= 1.2021392583847046
client id= 0 ,round= 7 ,epoch= 1 ,client update iteration= 170 ,loss= 1.2283775806427002
client id= 0 ,round= 7 ,epoch= 1 ,client update iteration= 180 ,loss= 1.4498186111450195
client id= 0 ,round= 7 ,epoch= 1 ,client update iteration= 190 ,loss= 1.0440540313720703
client id= 0 ,round= 7 ,epoch= 1 ,client update iteration= 200 ,loss= 1.3609308004379272
client id= 0 ,round= 7 ,epoch= 1 ,client update iteration= 210 ,loss= 1.0187410116195679
client id= 0 ,round= 7 ,epoch= 1 ,client update iteration= 220 ,loss= 1.1079822778701782
client id= 0 ,round= 7 ,epoch= 1 ,client update iteration= 230 ,loss= 1.1104316711425781
client id= 0 ,round= 7 ,epoch= 1 ,client update iteration= 240 ,loss= 0.8390437960624695
client id= 0 ,round= 7 ,epoch= 1 ,client update iteration= 250 ,loss= 1.193328857421875
client id= 0 ,round= 7 ,epoch= 1 ,client update iteration= 260 ,loss= 1.146183967590332
client id= 0 ,round= 7 ,epoch= 1 ,client update iteration= 270 ,loss= 1.0615438222885132
client id= 0 ,round= 7 ,epoch= 1 ,client update iteration= 280 ,loss= 1.0299487113952637
client id= 0 ,round= 7 ,epoch= 1 ,client update iteration= 290 ,loss= 1.2540946006774902
client id= 0 ,round= 7 ,epoch= 1 ,client update iteration= 300 ,loss= 1.05646550655365
client id= 0 ,round= 7 ,epoch= 1 ,client update iteration= 310 ,loss= 0.8784654140472412
client id= 0 ,round= 7 ,epoch= 1 ,client update iteration= 320 ,loss= 1.0353432893753052
client id= 0 ,round= 7 ,epoch= 1 ,client update iteration= 330 ,loss= 0.9992479085922241
client id= 0 ,round= 7 ,epoch= 1 ,client update iteration= 340 ,loss= 0.8124027848243713
client id= 0 ,round= 7 ,epoch= 1 ,client update iteration= 350 ,loss= 1.3352683782577515
client id= 0 ,round= 7 ,epoch= 1 ,client update iteration= 360 ,loss= 1.1521456241607666
client id= 0 ,round= 7 ,epoch= 1 ,client update iteration= 370 ,loss= 0.9868831038475037
client id= 0 ,round= 7 ,epoch= 1 ,client update iteration= 380 ,loss= 1.164341926574707
client id= 0 ,round= 7 ,epoch= 1 ,client update iteration= 390 ,loss= 1.1845924854278564
******client id  1 ******
client_update start
client id= 1 ,round= 7 ,epoch= 1 ,client update iteration= 10 ,loss= 1.8595987558364868
client id= 1 ,round= 7 ,epoch= 1 ,client update iteration= 20 ,loss= 2.0844838619232178
client id= 1 ,round= 7 ,epoch= 1 ,client update iteration= 30 ,loss= 1.615449070930481
client id= 1 ,round= 7 ,epoch= 1 ,client update iteration= 40 ,loss= 1.5411782264709473
client id= 1 ,round= 7 ,epoch= 1 ,client update iteration= 50 ,loss= 1.5835601091384888
client id= 1 ,round= 7 ,epoch= 1 ,client update iteration= 60 ,loss= 1.6211150884628296
client id= 1 ,round= 7 ,epoch= 1 ,client update iteration= 70 ,loss= 1.3780826330184937
client id= 1 ,round= 7 ,epoch= 1 ,client update iteration= 80 ,loss= 1.520929217338562
client id= 1 ,round= 7 ,epoch= 1 ,client update iteration= 90 ,loss= 1.2566332817077637
client id= 1 ,round= 7 ,epoch= 1 ,client update iteration= 100 ,loss= 1.7437798976898193
client id= 1 ,round= 7 ,epoch= 1 ,client update iteration= 110 ,loss= 1.5757362842559814
client id= 1 ,round= 7 ,epoch= 1 ,client update iteration= 120 ,loss= 1.1975610256195068
client id= 1 ,round= 7 ,epoch= 1 ,client update iteration= 130 ,loss= 1.5153154134750366
client id= 1 ,round= 7 ,epoch= 1 ,client update iteration= 140 ,loss= 1.2420475482940674
client id= 1 ,round= 7 ,epoch= 1 ,client update iteration= 150 ,loss= 1.3657279014587402
client id= 1 ,round= 7 ,epoch= 1 ,client update iteration= 160 ,loss= 1.5594778060913086
client id= 1 ,round= 7 ,epoch= 1 ,client update iteration= 170 ,loss= 1.3849531412124634
client id= 1 ,round= 7 ,epoch= 1 ,client update iteration= 180 ,loss= 1.2704343795776367
client id= 1 ,round= 7 ,epoch= 1 ,client update iteration= 190 ,loss= 1.2314852476119995
client id= 1 ,round= 7 ,epoch= 1 ,client update iteration= 200 ,loss= 1.0666285753250122
client id= 1 ,round= 7 ,epoch= 1 ,client update iteration= 210 ,loss= 0.9735121130943298
client id= 1 ,round= 7 ,epoch= 1 ,client update iteration= 220 ,loss= 1.3065975904464722
client id= 1 ,round= 7 ,epoch= 1 ,client update iteration= 230 ,loss= 1.0908446311950684
client id= 1 ,round= 7 ,epoch= 1 ,client update iteration= 240 ,loss= 0.8364303112030029
client id= 1 ,round= 7 ,epoch= 1 ,client update iteration= 250 ,loss= 1.1359055042266846
client id= 1 ,round= 7 ,epoch= 1 ,client update iteration= 260 ,loss= 1.153542160987854
client id= 1 ,round= 7 ,epoch= 1 ,client update iteration= 270 ,loss= 1.1868841648101807
client id= 1 ,round= 7 ,epoch= 1 ,client update iteration= 280 ,loss= 1.331727147102356
client id= 1 ,round= 7 ,epoch= 1 ,client update iteration= 290 ,loss= 0.8939500451087952
client id= 1 ,round= 7 ,epoch= 1 ,client update iteration= 300 ,loss= 1.1652470827102661
client id= 1 ,round= 7 ,epoch= 1 ,client update iteration= 310 ,loss= 0.8055812120437622
client id= 1 ,round= 7 ,epoch= 1 ,client update iteration= 320 ,loss= 1.1532442569732666
client id= 1 ,round= 7 ,epoch= 1 ,client update iteration= 330 ,loss= 1.004492998123169
client id= 1 ,round= 7 ,epoch= 1 ,client update iteration= 340 ,loss= 1.5403441190719604
client id= 1 ,round= 7 ,epoch= 1 ,client update iteration= 350 ,loss= 1.1058405637741089
client id= 1 ,round= 7 ,epoch= 1 ,client update iteration= 360 ,loss= 1.1535298824310303
client id= 1 ,round= 7 ,epoch= 1 ,client update iteration= 370 ,loss= 1.194187045097351
client id= 1 ,round= 7 ,epoch= 1 ,client update iteration= 380 ,loss= 1.066299557685852
client id= 1 ,round= 7 ,epoch= 1 ,client update iteration= 390 ,loss= 1.1774805784225464
start cal weight time2021-06-30 17:19:47
end cal weight time2021-06-30 17:19:47
layer= 0 ratio= 0.011436135033744679
layer= 1 ratio= 0.013723362040493615
layer= 2 ratio= 0.016468034448592336
layer= 3 ratio= 0.019761641338310806
layer= 4 ratio= 0.023713969605972968
layer= 5 ratio= 0.02845676352716756
layer= 6 ratio= 0.03414811623260107
layer= 7 ratio= 0.04097773947912128
layer= 8 ratio= 0.049173287374945536
layer= 9 ratio= 0.05900794484993465
layer= 10 ratio= 0.07080953381992157
layer= 11 ratio= 0.08497144058390589
layer= 12 ratio= 0.10196572870068706
layer= 13 ratio= 0.12235887444082445
layer= 14 ratio= 0.14683064932898934
layer= 15 ratio= 0.1761967791947872
start add noise2021-06-30 17:19:47
end_add_noise_time2021-06-30 17:19:53
start cal weight time2021-06-30 17:19:53
end cal weight time2021-06-30 17:19:53
layer= 0 ratio= 0.011436135033744679
layer= 1 ratio= 0.013723362040493615
layer= 2 ratio= 0.016468034448592336
layer= 3 ratio= 0.019761641338310806
layer= 4 ratio= 0.023713969605972968
layer= 5 ratio= 0.02845676352716756
layer= 6 ratio= 0.03414811623260107
layer= 7 ratio= 0.04097773947912128
layer= 8 ratio= 0.049173287374945536
layer= 9 ratio= 0.05900794484993465
layer= 10 ratio= 0.07080953381992157
layer= 11 ratio= 0.08497144058390589
layer= 12 ratio= 0.10196572870068706
layer= 13 ratio= 0.12235887444082445
layer= 14 ratio= 0.14683064932898934
layer= 15 ratio= 0.1761967791947872
start add noise2021-06-30 17:19:53
end_add_noise_time2021-06-30 17:19:58
average train loss= 1.3067616677040332
2021-06-30 17:20:08,round 7,val Accuracy Top1: 31.790000 %
2021-06-30 17:20:08,round 7,val Accuracy Top5: 86.380000 %
******client id  0 ******
client_update start
client id= 0 ,round= 8 ,epoch= 1 ,client update iteration= 10 ,loss= 2.4272348880767822
client id= 0 ,round= 8 ,epoch= 1 ,client update iteration= 20 ,loss= 2.096022844314575
client id= 0 ,round= 8 ,epoch= 1 ,client update iteration= 30 ,loss= 2.2459025382995605
client id= 0 ,round= 8 ,epoch= 1 ,client update iteration= 40 ,loss= 2.1316566467285156
client id= 0 ,round= 8 ,epoch= 1 ,client update iteration= 50 ,loss= 2.245204448699951
client id= 0 ,round= 8 ,epoch= 1 ,client update iteration= 60 ,loss= 2.3081047534942627
client id= 0 ,round= 8 ,epoch= 1 ,client update iteration= 70 ,loss= 2.358271837234497
client id= 0 ,round= 8 ,epoch= 1 ,client update iteration= 80 ,loss= 2.2021782398223877
client id= 0 ,round= 8 ,epoch= 1 ,client update iteration= 90 ,loss= 2.398104667663574
client id= 0 ,round= 8 ,epoch= 1 ,client update iteration= 100 ,loss= 2.3113975524902344
client id= 0 ,round= 8 ,epoch= 1 ,client update iteration= 110 ,loss= 2.318049669265747
client id= 0 ,round= 8 ,epoch= 1 ,client update iteration= 120 ,loss= 2.2978355884552
client id= 0 ,round= 8 ,epoch= 1 ,client update iteration= 130 ,loss= 2.304302215576172
client id= 0 ,round= 8 ,epoch= 1 ,client update iteration= 140 ,loss= 2.299206495285034
client id= 0 ,round= 8 ,epoch= 1 ,client update iteration= 150 ,loss= 2.3024942874908447
client id= 0 ,round= 8 ,epoch= 1 ,client update iteration= 160 ,loss= 2.3059194087982178
client id= 0 ,round= 8 ,epoch= 1 ,client update iteration= 170 ,loss= 2.3102598190307617
client id= 0 ,round= 8 ,epoch= 1 ,client update iteration= 180 ,loss= 2.301724672317505
client id= 0 ,round= 8 ,epoch= 1 ,client update iteration= 190 ,loss= 2.3056249618530273
client id= 0 ,round= 8 ,epoch= 1 ,client update iteration= 200 ,loss= 2.303363561630249
client id= 0 ,round= 8 ,epoch= 1 ,client update iteration= 210 ,loss= 2.307460069656372
client id= 0 ,round= 8 ,epoch= 1 ,client update iteration= 220 ,loss= 2.302700996398926
client id= 0 ,round= 8 ,epoch= 1 ,client update iteration= 230 ,loss= 2.3074703216552734
client id= 0 ,round= 8 ,epoch= 1 ,client update iteration= 240 ,loss= 2.300785779953003
client id= 0 ,round= 8 ,epoch= 1 ,client update iteration= 250 ,loss= 2.300070285797119
client id= 0 ,round= 8 ,epoch= 1 ,client update iteration= 260 ,loss= 2.3051416873931885
client id= 0 ,round= 8 ,epoch= 1 ,client update iteration= 270 ,loss= 2.305205821990967
client id= 0 ,round= 8 ,epoch= 1 ,client update iteration= 280 ,loss= 2.296762466430664
client id= 0 ,round= 8 ,epoch= 1 ,client update iteration= 290 ,loss= 2.307028293609619
client id= 0 ,round= 8 ,epoch= 1 ,client update iteration= 300 ,loss= 2.305864095687866
client id= 0 ,round= 8 ,epoch= 1 ,client update iteration= 310 ,loss= 2.3007001876831055
client id= 0 ,round= 8 ,epoch= 1 ,client update iteration= 320 ,loss= 2.3036324977874756
client id= 0 ,round= 8 ,epoch= 1 ,client update iteration= 330 ,loss= 2.2979209423065186
client id= 0 ,round= 8 ,epoch= 1 ,client update iteration= 340 ,loss= 2.3070900440216064
client id= 0 ,round= 8 ,epoch= 1 ,client update iteration= 350 ,loss= 2.306699514389038
client id= 0 ,round= 8 ,epoch= 1 ,client update iteration= 360 ,loss= 2.3065149784088135
client id= 0 ,round= 8 ,epoch= 1 ,client update iteration= 370 ,loss= 2.3034090995788574
client id= 0 ,round= 8 ,epoch= 1 ,client update iteration= 380 ,loss= 2.297924757003784
client id= 0 ,round= 8 ,epoch= 1 ,client update iteration= 390 ,loss= 2.3017637729644775
******client id  1 ******
client_update start
client id= 1 ,round= 8 ,epoch= 1 ,client update iteration= 10 ,loss= 2.3659090995788574
client id= 1 ,round= 8 ,epoch= 1 ,client update iteration= 20 ,loss= 2.347938060760498
client id= 1 ,round= 8 ,epoch= 1 ,client update iteration= 30 ,loss= 2.21622633934021
client id= 1 ,round= 8 ,epoch= 1 ,client update iteration= 40 ,loss= 2.1834609508514404
client id= 1 ,round= 8 ,epoch= 1 ,client update iteration= 50 ,loss= 2.221876621246338
client id= 1 ,round= 8 ,epoch= 1 ,client update iteration= 60 ,loss= 2.066115140914917
client id= 1 ,round= 8 ,epoch= 1 ,client update iteration= 70 ,loss= 2.216341018676758
client id= 1 ,round= 8 ,epoch= 1 ,client update iteration= 80 ,loss= 2.412302017211914
client id= 1 ,round= 8 ,epoch= 1 ,client update iteration= 90 ,loss= 2.301737070083618
client id= 1 ,round= 8 ,epoch= 1 ,client update iteration= 100 ,loss= 2.258136749267578
client id= 1 ,round= 8 ,epoch= 1 ,client update iteration= 110 ,loss= 2.3436012268066406
client id= 1 ,round= 8 ,epoch= 1 ,client update iteration= 120 ,loss= 2.3132643699645996
client id= 1 ,round= 8 ,epoch= 1 ,client update iteration= 130 ,loss= 2.2971317768096924
client id= 1 ,round= 8 ,epoch= 1 ,client update iteration= 140 ,loss= 2.3232080936431885
client id= 1 ,round= 8 ,epoch= 1 ,client update iteration= 150 ,loss= 2.3147644996643066
client id= 1 ,round= 8 ,epoch= 1 ,client update iteration= 160 ,loss= 2.313354015350342
client id= 1 ,round= 8 ,epoch= 1 ,client update iteration= 170 ,loss= 2.3058958053588867
client id= 1 ,round= 8 ,epoch= 1 ,client update iteration= 180 ,loss= 2.309274911880493
client id= 1 ,round= 8 ,epoch= 1 ,client update iteration= 190 ,loss= 2.3072428703308105
client id= 1 ,round= 8 ,epoch= 1 ,client update iteration= 200 ,loss= 2.3000850677490234
client id= 1 ,round= 8 ,epoch= 1 ,client update iteration= 210 ,loss= 2.2939703464508057
client id= 1 ,round= 8 ,epoch= 1 ,client update iteration= 220 ,loss= 2.3108043670654297
client id= 1 ,round= 8 ,epoch= 1 ,client update iteration= 230 ,loss= 2.3106849193573
client id= 1 ,round= 8 ,epoch= 1 ,client update iteration= 240 ,loss= 2.303250789642334
client id= 1 ,round= 8 ,epoch= 1 ,client update iteration= 250 ,loss= 2.3015997409820557
client id= 1 ,round= 8 ,epoch= 1 ,client update iteration= 260 ,loss= 2.304697275161743
client id= 1 ,round= 8 ,epoch= 1 ,client update iteration= 270 ,loss= 2.310969829559326
client id= 1 ,round= 8 ,epoch= 1 ,client update iteration= 280 ,loss= 2.3084771633148193
client id= 1 ,round= 8 ,epoch= 1 ,client update iteration= 290 ,loss= 2.30186128616333
client id= 1 ,round= 8 ,epoch= 1 ,client update iteration= 300 ,loss= 2.304844379425049
client id= 1 ,round= 8 ,epoch= 1 ,client update iteration= 310 ,loss= 2.3089916706085205
client id= 1 ,round= 8 ,epoch= 1 ,client update iteration= 320 ,loss= 2.2994961738586426
client id= 1 ,round= 8 ,epoch= 1 ,client update iteration= 330 ,loss= 2.3042187690734863
client id= 1 ,round= 8 ,epoch= 1 ,client update iteration= 340 ,loss= 2.313520908355713
client id= 1 ,round= 8 ,epoch= 1 ,client update iteration= 350 ,loss= 2.303068161010742
client id= 1 ,round= 8 ,epoch= 1 ,client update iteration= 360 ,loss= 2.304462194442749
client id= 1 ,round= 8 ,epoch= 1 ,client update iteration= 370 ,loss= 2.3026912212371826
client id= 1 ,round= 8 ,epoch= 1 ,client update iteration= 380 ,loss= 2.303062677383423
client id= 1 ,round= 8 ,epoch= 1 ,client update iteration= 390 ,loss= 2.30830454826355
start cal weight time2021-06-30 17:22:36
end cal weight time2021-06-30 17:22:36
layer= 0 ratio= 0.011436135033744679
layer= 1 ratio= 0.013723362040493615
layer= 2 ratio= 0.016468034448592336
layer= 3 ratio= 0.019761641338310806
layer= 4 ratio= 0.023713969605972968
layer= 5 ratio= 0.02845676352716756
layer= 6 ratio= 0.03414811623260107
layer= 7 ratio= 0.04097773947912128
layer= 8 ratio= 0.049173287374945536
layer= 9 ratio= 0.05900794484993465
layer= 10 ratio= 0.07080953381992157
layer= 11 ratio= 0.08497144058390589
layer= 12 ratio= 0.10196572870068706
layer= 13 ratio= 0.12235887444082445
layer= 14 ratio= 0.14683064932898934
layer= 15 ratio= 0.1761967791947872
start add noise2021-06-30 17:22:36
end_add_noise_time2021-06-30 17:22:39
start cal weight time2021-06-30 17:22:39
end cal weight time2021-06-30 17:22:39
layer= 0 ratio= 0.011436135033744679
layer= 1 ratio= 0.013723362040493615
layer= 2 ratio= 0.016468034448592336
layer= 3 ratio= 0.019761641338310806
layer= 4 ratio= 0.023713969605972968
layer= 5 ratio= 0.02845676352716756
layer= 6 ratio= 0.03414811623260107
layer= 7 ratio= 0.04097773947912128
layer= 8 ratio= 0.049173287374945536
layer= 9 ratio= 0.05900794484993465
layer= 10 ratio= 0.07080953381992157
layer= 11 ratio= 0.08497144058390589
layer= 12 ratio= 0.10196572870068706
layer= 13 ratio= 0.12235887444082445
layer= 14 ratio= 0.14683064932898934
layer= 15 ratio= 0.1761967791947872
start add noise2021-06-30 17:22:39
end_add_noise_time2021-06-30 17:22:43
average train loss= 2.3038116545628404
2021-06-30 17:22:52,round 8,val Accuracy Top1: 10.000000 %
2021-06-30 17:22:52,round 8,val Accuracy Top5: 50.010000 %
******client id  0 ******
client_update start
client id= 0 ,round= 9 ,epoch= 1 ,client update iteration= 10 ,loss= 2.3071041107177734
client id= 0 ,round= 9 ,epoch= 1 ,client update iteration= 20 ,loss= 2.3065829277038574
client id= 0 ,round= 9 ,epoch= 1 ,client update iteration= 30 ,loss= 2.308147668838501
client id= 0 ,round= 9 ,epoch= 1 ,client update iteration= 40 ,loss= 2.297363042831421
client id= 0 ,round= 9 ,epoch= 1 ,client update iteration= 50 ,loss= 2.301517963409424
client id= 0 ,round= 9 ,epoch= 1 ,client update iteration= 60 ,loss= 2.305452346801758
client id= 0 ,round= 9 ,epoch= 1 ,client update iteration= 70 ,loss= 2.3129477500915527
client id= 0 ,round= 9 ,epoch= 1 ,client update iteration= 80 ,loss= 2.304029941558838
client id= 0 ,round= 9 ,epoch= 1 ,client update iteration= 90 ,loss= 2.299858808517456
client id= 0 ,round= 9 ,epoch= 1 ,client update iteration= 100 ,loss= 2.308866500854492
client id= 0 ,round= 9 ,epoch= 1 ,client update iteration= 110 ,loss= 2.3114378452301025
client id= 0 ,round= 9 ,epoch= 1 ,client update iteration= 120 ,loss= 2.3024544715881348
client id= 0 ,round= 9 ,epoch= 1 ,client update iteration= 130 ,loss= 2.3066489696502686
client id= 0 ,round= 9 ,epoch= 1 ,client update iteration= 140 ,loss= 2.2963125705718994
client id= 0 ,round= 9 ,epoch= 1 ,client update iteration= 150 ,loss= 2.312253713607788
client id= 0 ,round= 9 ,epoch= 1 ,client update iteration= 160 ,loss= 2.297229528427124
client id= 0 ,round= 9 ,epoch= 1 ,client update iteration= 170 ,loss= 2.2993650436401367
client id= 0 ,round= 9 ,epoch= 1 ,client update iteration= 180 ,loss= 2.298224449157715
client id= 0 ,round= 9 ,epoch= 1 ,client update iteration= 190 ,loss= 2.2965381145477295
client id= 0 ,round= 9 ,epoch= 1 ,client update iteration= 200 ,loss= 2.2932426929473877
client id= 0 ,round= 9 ,epoch= 1 ,client update iteration= 210 ,loss= 2.295180559158325
client id= 0 ,round= 9 ,epoch= 1 ,client update iteration= 220 ,loss= 2.306445598602295
client id= 0 ,round= 9 ,epoch= 1 ,client update iteration= 230 ,loss= 2.3033928871154785
client id= 0 ,round= 9 ,epoch= 1 ,client update iteration= 240 ,loss= 2.301860809326172
client id= 0 ,round= 9 ,epoch= 1 ,client update iteration= 250 ,loss= 2.304837942123413
client id= 0 ,round= 9 ,epoch= 1 ,client update iteration= 260 ,loss= 2.30584454536438
client id= 0 ,round= 9 ,epoch= 1 ,client update iteration= 270 ,loss= 2.295715093612671
client id= 0 ,round= 9 ,epoch= 1 ,client update iteration= 280 ,loss= 2.298762559890747
client id= 0 ,round= 9 ,epoch= 1 ,client update iteration= 290 ,loss= 2.3087422847747803
client id= 0 ,round= 9 ,epoch= 1 ,client update iteration= 300 ,loss= 2.2978501319885254
client id= 0 ,round= 9 ,epoch= 1 ,client update iteration= 310 ,loss= 2.30131459236145
client id= 0 ,round= 9 ,epoch= 1 ,client update iteration= 320 ,loss= 2.304367780685425
client id= 0 ,round= 9 ,epoch= 1 ,client update iteration= 330 ,loss= 2.3005142211914062
client id= 0 ,round= 9 ,epoch= 1 ,client update iteration= 340 ,loss= 2.2947745323181152
client id= 0 ,round= 9 ,epoch= 1 ,client update iteration= 350 ,loss= 2.3111367225646973
client id= 0 ,round= 9 ,epoch= 1 ,client update iteration= 360 ,loss= 2.301604986190796
client id= 0 ,round= 9 ,epoch= 1 ,client update iteration= 370 ,loss= 2.302035093307495
client id= 0 ,round= 9 ,epoch= 1 ,client update iteration= 380 ,loss= 2.309860944747925
client id= 0 ,round= 9 ,epoch= 1 ,client update iteration= 390 ,loss= 2.3126988410949707
******client id  1 ******
client_update start
client id= 1 ,round= 9 ,epoch= 1 ,client update iteration= 10 ,loss= 2.310882091522217
client id= 1 ,round= 9 ,epoch= 1 ,client update iteration= 20 ,loss= 2.305372714996338
client id= 1 ,round= 9 ,epoch= 1 ,client update iteration= 30 ,loss= 2.3097500801086426
client id= 1 ,round= 9 ,epoch= 1 ,client update iteration= 40 ,loss= 2.2977375984191895
client id= 1 ,round= 9 ,epoch= 1 ,client update iteration= 50 ,loss= 2.3096232414245605
client id= 1 ,round= 9 ,epoch= 1 ,client update iteration= 60 ,loss= 2.309314250946045
client id= 1 ,round= 9 ,epoch= 1 ,client update iteration= 70 ,loss= 2.3200597763061523
client id= 1 ,round= 9 ,epoch= 1 ,client update iteration= 80 ,loss= 2.308458089828491
client id= 1 ,round= 9 ,epoch= 1 ,client update iteration= 90 ,loss= 2.317821502685547
client id= 1 ,round= 9 ,epoch= 1 ,client update iteration= 100 ,loss= 2.3114259243011475
client id= 1 ,round= 9 ,epoch= 1 ,client update iteration= 110 ,loss= 2.303914785385132
client id= 1 ,round= 9 ,epoch= 1 ,client update iteration= 120 ,loss= 2.3004848957061768
client id= 1 ,round= 9 ,epoch= 1 ,client update iteration= 130 ,loss= 2.305992364883423
client id= 1 ,round= 9 ,epoch= 1 ,client update iteration= 140 ,loss= 2.296031951904297
client id= 1 ,round= 9 ,epoch= 1 ,client update iteration= 150 ,loss= 2.305196523666382
client id= 1 ,round= 9 ,epoch= 1 ,client update iteration= 160 ,loss= 2.300469398498535
client id= 1 ,round= 9 ,epoch= 1 ,client update iteration= 170 ,loss= 2.3098948001861572
client id= 1 ,round= 9 ,epoch= 1 ,client update iteration= 180 ,loss= 2.3114266395568848
client id= 1 ,round= 9 ,epoch= 1 ,client update iteration= 190 ,loss= 2.3106305599212646
client id= 1 ,round= 9 ,epoch= 1 ,client update iteration= 200 ,loss= 2.300868034362793
client id= 1 ,round= 9 ,epoch= 1 ,client update iteration= 210 ,loss= 2.300349712371826
client id= 1 ,round= 9 ,epoch= 1 ,client update iteration= 220 ,loss= 2.306466817855835
client id= 1 ,round= 9 ,epoch= 1 ,client update iteration= 230 ,loss= 2.3058316707611084
client id= 1 ,round= 9 ,epoch= 1 ,client update iteration= 240 ,loss= 2.3076741695404053
client id= 1 ,round= 9 ,epoch= 1 ,client update iteration= 250 ,loss= 2.3048200607299805
client id= 1 ,round= 9 ,epoch= 1 ,client update iteration= 260 ,loss= 2.298736333847046
client id= 1 ,round= 9 ,epoch= 1 ,client update iteration= 270 ,loss= 2.3051340579986572
client id= 1 ,round= 9 ,epoch= 1 ,client update iteration= 280 ,loss= 2.3066351413726807
client id= 1 ,round= 9 ,epoch= 1 ,client update iteration= 290 ,loss= 2.306147813796997
client id= 1 ,round= 9 ,epoch= 1 ,client update iteration= 300 ,loss= 2.312596321105957
client id= 1 ,round= 9 ,epoch= 1 ,client update iteration= 310 ,loss= 2.3002493381500244
client id= 1 ,round= 9 ,epoch= 1 ,client update iteration= 320 ,loss= 2.307767629623413
client id= 1 ,round= 9 ,epoch= 1 ,client update iteration= 330 ,loss= 2.300142765045166
client id= 1 ,round= 9 ,epoch= 1 ,client update iteration= 340 ,loss= 2.2999508380889893
client id= 1 ,round= 9 ,epoch= 1 ,client update iteration= 350 ,loss= 2.3018314838409424
client id= 1 ,round= 9 ,epoch= 1 ,client update iteration= 360 ,loss= 2.3160955905914307
client id= 1 ,round= 9 ,epoch= 1 ,client update iteration= 370 ,loss= 2.3081307411193848
client id= 1 ,round= 9 ,epoch= 1 ,client update iteration= 380 ,loss= 2.3012919425964355
client id= 1 ,round= 9 ,epoch= 1 ,client update iteration= 390 ,loss= 2.2994577884674072
start cal weight time2021-06-30 17:25:19
end cal weight time2021-06-30 17:25:19
layer= 0 ratio= 0.011436135033744679
layer= 1 ratio= 0.013723362040493615
layer= 2 ratio= 0.016468034448592336
layer= 3 ratio= 0.019761641338310806
layer= 4 ratio= 0.023713969605972968
layer= 5 ratio= 0.02845676352716756
layer= 6 ratio= 0.03414811623260107
layer= 7 ratio= 0.04097773947912128
layer= 8 ratio= 0.049173287374945536
layer= 9 ratio= 0.05900794484993465
layer= 10 ratio= 0.07080953381992157
layer= 11 ratio= 0.08497144058390589
layer= 12 ratio= 0.10196572870068706
layer= 13 ratio= 0.12235887444082445
layer= 14 ratio= 0.14683064932898934
layer= 15 ratio= 0.1761967791947872
start add noise2021-06-30 17:25:19
end_add_noise_time2021-06-30 17:25:22
start cal weight time2021-06-30 17:25:22
end cal weight time2021-06-30 17:25:22
layer= 0 ratio= 0.011436135033744679
layer= 1 ratio= 0.013723362040493615
layer= 2 ratio= 0.016468034448592336
layer= 3 ratio= 0.019761641338310806
layer= 4 ratio= 0.023713969605972968
layer= 5 ratio= 0.02845676352716756
layer= 6 ratio= 0.03414811623260107
layer= 7 ratio= 0.04097773947912128
layer= 8 ratio= 0.049173287374945536
layer= 9 ratio= 0.05900794484993465
layer= 10 ratio= 0.07080953381992157
layer= 11 ratio= 0.08497144058390589
layer= 12 ratio= 0.10196572870068706
layer= 13 ratio= 0.12235887444082445
layer= 14 ratio= 0.14683064932898934
layer= 15 ratio= 0.1761967791947872
start add noise2021-06-30 17:25:22
end_add_noise_time2021-06-30 17:25:26
average train loss= 2.3040242591477416
2021-06-30 17:25:35,round 9,val Accuracy Top1: 10.000000 %
2021-06-30 17:25:35,round 9,val Accuracy Top5: 50.000000 %
******client id  0 ******
client_update start
client id= 0 ,round= 10 ,epoch= 1 ,client update iteration= 10 ,loss= 2.308896064758301
client id= 0 ,round= 10 ,epoch= 1 ,client update iteration= 20 ,loss= 2.3018550872802734
client id= 0 ,round= 10 ,epoch= 1 ,client update iteration= 30 ,loss= 2.3063910007476807
client id= 0 ,round= 10 ,epoch= 1 ,client update iteration= 40 ,loss= 2.3118138313293457
client id= 0 ,round= 10 ,epoch= 1 ,client update iteration= 50 ,loss= 2.2972779273986816
client id= 0 ,round= 10 ,epoch= 1 ,client update iteration= 60 ,loss= 2.309833526611328
client id= 0 ,round= 10 ,epoch= 1 ,client update iteration= 70 ,loss= 2.3062429428100586
client id= 0 ,round= 10 ,epoch= 1 ,client update iteration= 80 ,loss= 2.2987446784973145
client id= 0 ,round= 10 ,epoch= 1 ,client update iteration= 90 ,loss= 2.311143636703491
client id= 0 ,round= 10 ,epoch= 1 ,client update iteration= 100 ,loss= 2.2954461574554443
client id= 0 ,round= 10 ,epoch= 1 ,client update iteration= 110 ,loss= 2.293955087661743
client id= 0 ,round= 10 ,epoch= 1 ,client update iteration= 120 ,loss= 2.3235533237457275
client id= 0 ,round= 10 ,epoch= 1 ,client update iteration= 130 ,loss= 2.301494598388672
client id= 0 ,round= 10 ,epoch= 1 ,client update iteration= 140 ,loss= 2.2871596813201904
client id= 0 ,round= 10 ,epoch= 1 ,client update iteration= 150 ,loss= 2.2859106063842773
client id= 0 ,round= 10 ,epoch= 1 ,client update iteration= 160 ,loss= 2.2994656562805176
client id= 0 ,round= 10 ,epoch= 1 ,client update iteration= 170 ,loss= 2.310079574584961
client id= 0 ,round= 10 ,epoch= 1 ,client update iteration= 180 ,loss= 2.3134360313415527
client id= 0 ,round= 10 ,epoch= 1 ,client update iteration= 190 ,loss= 2.3033406734466553
client id= 0 ,round= 10 ,epoch= 1 ,client update iteration= 200 ,loss= 2.3031153678894043
client id= 0 ,round= 10 ,epoch= 1 ,client update iteration= 210 ,loss= 2.296675205230713
client id= 0 ,round= 10 ,epoch= 1 ,client update iteration= 220 ,loss= 2.31353497505188
client id= 0 ,round= 10 ,epoch= 1 ,client update iteration= 230 ,loss= 2.332124948501587
client id= 0 ,round= 10 ,epoch= 1 ,client update iteration= 240 ,loss= 2.3165194988250732
client id= 0 ,round= 10 ,epoch= 1 ,client update iteration= 250 ,loss= 2.306772232055664
client id= 0 ,round= 10 ,epoch= 1 ,client update iteration= 260 ,loss= 2.320281505584717
client id= 0 ,round= 10 ,epoch= 1 ,client update iteration= 270 ,loss= 2.300510883331299
client id= 0 ,round= 10 ,epoch= 1 ,client update iteration= 280 ,loss= 2.305530309677124
client id= 0 ,round= 10 ,epoch= 1 ,client update iteration= 290 ,loss= 2.292823553085327
client id= 0 ,round= 10 ,epoch= 1 ,client update iteration= 300 ,loss= 2.3007469177246094
client id= 0 ,round= 10 ,epoch= 1 ,client update iteration= 310 ,loss= 2.2929365634918213
client id= 0 ,round= 10 ,epoch= 1 ,client update iteration= 320 ,loss= 2.317793607711792
client id= 0 ,round= 10 ,epoch= 1 ,client update iteration= 330 ,loss= 2.302581310272217
client id= 0 ,round= 10 ,epoch= 1 ,client update iteration= 340 ,loss= 2.2908270359039307
client id= 0 ,round= 10 ,epoch= 1 ,client update iteration= 350 ,loss= 2.309476375579834
client id= 0 ,round= 10 ,epoch= 1 ,client update iteration= 360 ,loss= 2.2907068729400635
client id= 0 ,round= 10 ,epoch= 1 ,client update iteration= 370 ,loss= 2.2839674949645996
client id= 0 ,round= 10 ,epoch= 1 ,client update iteration= 380 ,loss= 2.2977406978607178
client id= 0 ,round= 10 ,epoch= 1 ,client update iteration= 390 ,loss= 2.3273520469665527
******client id  1 ******
client_update start
client id= 1 ,round= 10 ,epoch= 1 ,client update iteration= 10 ,loss= 2.3028945922851562
client id= 1 ,round= 10 ,epoch= 1 ,client update iteration= 20 ,loss= 2.290233612060547
client id= 1 ,round= 10 ,epoch= 1 ,client update iteration= 30 ,loss= 2.315778970718384
client id= 1 ,round= 10 ,epoch= 1 ,client update iteration= 40 ,loss= 2.287620782852173
client id= 1 ,round= 10 ,epoch= 1 ,client update iteration= 50 ,loss= 2.3092246055603027
client id= 1 ,round= 10 ,epoch= 1 ,client update iteration= 60 ,loss= 2.2981324195861816
client id= 1 ,round= 10 ,epoch= 1 ,client update iteration= 70 ,loss= 2.3034043312072754
client id= 1 ,round= 10 ,epoch= 1 ,client update iteration= 80 ,loss= 2.309354782104492
client id= 1 ,round= 10 ,epoch= 1 ,client update iteration= 90 ,loss= 2.3021340370178223
client id= 1 ,round= 10 ,epoch= 1 ,client update iteration= 100 ,loss= 2.3044285774230957
client id= 1 ,round= 10 ,epoch= 1 ,client update iteration= 110 ,loss= 2.307234287261963
client id= 1 ,round= 10 ,epoch= 1 ,client update iteration= 120 ,loss= 2.298198699951172
client id= 1 ,round= 10 ,epoch= 1 ,client update iteration= 130 ,loss= 2.307374954223633
client id= 1 ,round= 10 ,epoch= 1 ,client update iteration= 140 ,loss= 2.295581102371216
client id= 1 ,round= 10 ,epoch= 1 ,client update iteration= 150 ,loss= 2.2988669872283936
client id= 1 ,round= 10 ,epoch= 1 ,client update iteration= 160 ,loss= 2.311347007751465
client id= 1 ,round= 10 ,epoch= 1 ,client update iteration= 170 ,loss= 2.301163673400879
client id= 1 ,round= 10 ,epoch= 1 ,client update iteration= 180 ,loss= 2.3024868965148926
client id= 1 ,round= 10 ,epoch= 1 ,client update iteration= 190 ,loss= 2.299268960952759
client id= 1 ,round= 10 ,epoch= 1 ,client update iteration= 200 ,loss= 2.292362928390503
client id= 1 ,round= 10 ,epoch= 1 ,client update iteration= 210 ,loss= 2.2989611625671387
client id= 1 ,round= 10 ,epoch= 1 ,client update iteration= 220 ,loss= 2.3072047233581543
client id= 1 ,round= 10 ,epoch= 1 ,client update iteration= 230 ,loss= 2.292396306991577
client id= 1 ,round= 10 ,epoch= 1 ,client update iteration= 240 ,loss= 2.318740129470825
client id= 1 ,round= 10 ,epoch= 1 ,client update iteration= 250 ,loss= 2.294600486755371
client id= 1 ,round= 10 ,epoch= 1 ,client update iteration= 260 ,loss= 2.3131535053253174
client id= 1 ,round= 10 ,epoch= 1 ,client update iteration= 270 ,loss= 2.3167924880981445
client id= 1 ,round= 10 ,epoch= 1 ,client update iteration= 280 ,loss= 2.3126111030578613
client id= 1 ,round= 10 ,epoch= 1 ,client update iteration= 290 ,loss= 2.295408248901367
client id= 1 ,round= 10 ,epoch= 1 ,client update iteration= 300 ,loss= 2.303772449493408
client id= 1 ,round= 10 ,epoch= 1 ,client update iteration= 310 ,loss= 2.292116165161133
client id= 1 ,round= 10 ,epoch= 1 ,client update iteration= 320 ,loss= 2.3054089546203613
client id= 1 ,round= 10 ,epoch= 1 ,client update iteration= 330 ,loss= 2.3001768589019775
client id= 1 ,round= 10 ,epoch= 1 ,client update iteration= 340 ,loss= 2.3096296787261963
client id= 1 ,round= 10 ,epoch= 1 ,client update iteration= 350 ,loss= 2.3091721534729004
client id= 1 ,round= 10 ,epoch= 1 ,client update iteration= 360 ,loss= 2.3161063194274902
client id= 1 ,round= 10 ,epoch= 1 ,client update iteration= 370 ,loss= 2.3170619010925293
client id= 1 ,round= 10 ,epoch= 1 ,client update iteration= 380 ,loss= 2.313235282897949
client id= 1 ,round= 10 ,epoch= 1 ,client update iteration= 390 ,loss= 2.3068628311157227
start cal weight time2021-06-30 17:28:03
end cal weight time2021-06-30 17:28:03
layer= 0 ratio= 0.011436135033744679
layer= 1 ratio= 0.013723362040493615
layer= 2 ratio= 0.016468034448592336
layer= 3 ratio= 0.019761641338310806
layer= 4 ratio= 0.023713969605972968
layer= 5 ratio= 0.02845676352716756
layer= 6 ratio= 0.03414811623260107
layer= 7 ratio= 0.04097773947912128
layer= 8 ratio= 0.049173287374945536
layer= 9 ratio= 0.05900794484993465
layer= 10 ratio= 0.07080953381992157
layer= 11 ratio= 0.08497144058390589
layer= 12 ratio= 0.10196572870068706
layer= 13 ratio= 0.12235887444082445
layer= 14 ratio= 0.14683064932898934
layer= 15 ratio= 0.1761967791947872
start add noise2021-06-30 17:28:03
end_add_noise_time2021-06-30 17:28:06
start cal weight time2021-06-30 17:28:06
end cal weight time2021-06-30 17:28:06
layer= 0 ratio= 0.011436135033744679
layer= 1 ratio= 0.013723362040493615
layer= 2 ratio= 0.016468034448592336
layer= 3 ratio= 0.019761641338310806
layer= 4 ratio= 0.023713969605972968
layer= 5 ratio= 0.02845676352716756
layer= 6 ratio= 0.03414811623260107
layer= 7 ratio= 0.04097773947912128
layer= 8 ratio= 0.049173287374945536
layer= 9 ratio= 0.05900794484993465
layer= 10 ratio= 0.07080953381992157
layer= 11 ratio= 0.08497144058390589
layer= 12 ratio= 0.10196572870068706
layer= 13 ratio= 0.12235887444082445
layer= 14 ratio= 0.14683064932898934
layer= 15 ratio= 0.1761967791947872
start add noise2021-06-30 17:28:06
end_add_noise_time2021-06-30 17:28:10
average train loss= 2.3047598213186045
2021-06-30 17:28:19,round 10,val Accuracy Top1: 10.000000 %
2021-06-30 17:28:19,round 10,val Accuracy Top5: 50.000000 %
