type sample_L1
pb 2000000.0
clip_bound 20.0
log_path log/Alexnet/2/sample_L1/True
train_data data
test_data data
batch_size 64
test_batch_size 64
lr 0.0002
momentum 0.5
no_cuda False
seed 1
log_interval 1
privacy_delta 1e-06
sample_num 500
islog True
is_ratio_list True
num_clients 2
num_rounds 10
epochs 1
ratio_type 2
按照权重分配eps
device cuda
loading data
load data done
AlexNet(
  (conv1): Sequential(
    (0): Conv2d(3, 96, kernel_size=(6, 6), stride=(1, 1))
    (1): ReLU()
  )
  (conv2): Sequential(
    (0): Conv2d(96, 256, kernel_size=(5, 5), stride=(1, 1), padding=(2, 2))
    (1): ReLU()
    (2): MaxPool2d(kernel_size=3, stride=2, padding=0, dilation=1, ceil_mode=False)
  )
  (conv3): Sequential(
    (0): Conv2d(256, 384, kernel_size=(3, 3), stride=(1, 1), padding=(1, 1))
    (1): ReLU()
  )
  (conv4): Sequential(
    (0): Conv2d(384, 384, kernel_size=(3, 3), stride=(1, 1), padding=(1, 1))
    (1): ReLU()
  )
  (conv5): Sequential(
    (0): Conv2d(384, 256, kernel_size=(3, 3), stride=(1, 1), padding=(1, 1))
    (1): ReLU()
    (2): MaxPool2d(kernel_size=3, stride=2, padding=0, dilation=1, ceil_mode=False)
  )
  (dense): Sequential(
    (0): Linear(in_features=9216, out_features=4096, bias=True)
    (1): ReLU()
    (2): Dropout(p=0.5, inplace=False)
    (3): Linear(in_features=4096, out_features=4096, bias=True)
    (4): ReLU()
    (5): Dropout(p=0.5, inplace=False)
    (6): Linear(in_features=4096, out_features=10, bias=True)
  )
)
********start training********
******client id  0 ******
client_update start
client id= 0 ,round= 1 ,epoch= 1 ,client update iteration= 10 ,loss= 2.2887165546417236
client id= 0 ,round= 1 ,epoch= 1 ,client update iteration= 20 ,loss= 2.193317413330078
client id= 0 ,round= 1 ,epoch= 1 ,client update iteration= 30 ,loss= 2.0042107105255127
client id= 0 ,round= 1 ,epoch= 1 ,client update iteration= 40 ,loss= 2.1736698150634766
client id= 0 ,round= 1 ,epoch= 1 ,client update iteration= 50 ,loss= 2.0594677925109863
client id= 0 ,round= 1 ,epoch= 1 ,client update iteration= 60 ,loss= 2.175610303878784
client id= 0 ,round= 1 ,epoch= 1 ,client update iteration= 70 ,loss= 2.0302047729492188
client id= 0 ,round= 1 ,epoch= 1 ,client update iteration= 80 ,loss= 2.0196917057037354
client id= 0 ,round= 1 ,epoch= 1 ,client update iteration= 90 ,loss= 1.838423252105713
client id= 0 ,round= 1 ,epoch= 1 ,client update iteration= 100 ,loss= 1.7737716436386108
client id= 0 ,round= 1 ,epoch= 1 ,client update iteration= 110 ,loss= 1.8200880289077759
client id= 0 ,round= 1 ,epoch= 1 ,client update iteration= 120 ,loss= 1.8932714462280273
client id= 0 ,round= 1 ,epoch= 1 ,client update iteration= 130 ,loss= 1.8042906522750854
client id= 0 ,round= 1 ,epoch= 1 ,client update iteration= 140 ,loss= 1.8903692960739136
client id= 0 ,round= 1 ,epoch= 1 ,client update iteration= 150 ,loss= 1.6667115688323975
client id= 0 ,round= 1 ,epoch= 1 ,client update iteration= 160 ,loss= 1.8204808235168457
client id= 0 ,round= 1 ,epoch= 1 ,client update iteration= 170 ,loss= 1.754285454750061
client id= 0 ,round= 1 ,epoch= 1 ,client update iteration= 180 ,loss= 1.7001372575759888
client id= 0 ,round= 1 ,epoch= 1 ,client update iteration= 190 ,loss= 1.5962488651275635
client id= 0 ,round= 1 ,epoch= 1 ,client update iteration= 200 ,loss= 1.688862919807434
client id= 0 ,round= 1 ,epoch= 1 ,client update iteration= 210 ,loss= 1.588732123374939
client id= 0 ,round= 1 ,epoch= 1 ,client update iteration= 220 ,loss= 1.5955556631088257
client id= 0 ,round= 1 ,epoch= 1 ,client update iteration= 230 ,loss= 1.5210552215576172
client id= 0 ,round= 1 ,epoch= 1 ,client update iteration= 240 ,loss= 1.6858134269714355
client id= 0 ,round= 1 ,epoch= 1 ,client update iteration= 250 ,loss= 1.545444369316101
client id= 0 ,round= 1 ,epoch= 1 ,client update iteration= 260 ,loss= 1.462138056755066
client id= 0 ,round= 1 ,epoch= 1 ,client update iteration= 270 ,loss= 1.5298819541931152
client id= 0 ,round= 1 ,epoch= 1 ,client update iteration= 280 ,loss= 1.744277000427246
client id= 0 ,round= 1 ,epoch= 1 ,client update iteration= 290 ,loss= 1.5178396701812744
client id= 0 ,round= 1 ,epoch= 1 ,client update iteration= 300 ,loss= 1.5699399709701538
client id= 0 ,round= 1 ,epoch= 1 ,client update iteration= 310 ,loss= 1.4336402416229248
client id= 0 ,round= 1 ,epoch= 1 ,client update iteration= 320 ,loss= 1.5790393352508545
client id= 0 ,round= 1 ,epoch= 1 ,client update iteration= 330 ,loss= 1.4262539148330688
client id= 0 ,round= 1 ,epoch= 1 ,client update iteration= 340 ,loss= 1.507395625114441
client id= 0 ,round= 1 ,epoch= 1 ,client update iteration= 350 ,loss= 1.458741545677185
client id= 0 ,round= 1 ,epoch= 1 ,client update iteration= 360 ,loss= 1.5628575086593628
client id= 0 ,round= 1 ,epoch= 1 ,client update iteration= 370 ,loss= 1.3476991653442383
client id= 0 ,round= 1 ,epoch= 1 ,client update iteration= 380 ,loss= 1.3195383548736572
client id= 0 ,round= 1 ,epoch= 1 ,client update iteration= 390 ,loss= 1.4072140455245972
******client id  1 ******
client_update start
client id= 1 ,round= 1 ,epoch= 1 ,client update iteration= 10 ,loss= 2.2630648612976074
client id= 1 ,round= 1 ,epoch= 1 ,client update iteration= 20 ,loss= 2.1480417251586914
client id= 1 ,round= 1 ,epoch= 1 ,client update iteration= 30 ,loss= 2.1645002365112305
client id= 1 ,round= 1 ,epoch= 1 ,client update iteration= 40 ,loss= 2.091184616088867
client id= 1 ,round= 1 ,epoch= 1 ,client update iteration= 50 ,loss= 2.06748366355896
client id= 1 ,round= 1 ,epoch= 1 ,client update iteration= 60 ,loss= 1.882161259651184
client id= 1 ,round= 1 ,epoch= 1 ,client update iteration= 70 ,loss= 1.6975167989730835
client id= 1 ,round= 1 ,epoch= 1 ,client update iteration= 80 ,loss= 1.8571429252624512
client id= 1 ,round= 1 ,epoch= 1 ,client update iteration= 90 ,loss= 1.7383276224136353
client id= 1 ,round= 1 ,epoch= 1 ,client update iteration= 100 ,loss= 1.7805930376052856
client id= 1 ,round= 1 ,epoch= 1 ,client update iteration= 110 ,loss= 1.6972947120666504
client id= 1 ,round= 1 ,epoch= 1 ,client update iteration= 120 ,loss= 1.7562346458435059
client id= 1 ,round= 1 ,epoch= 1 ,client update iteration= 130 ,loss= 1.873761773109436
client id= 1 ,round= 1 ,epoch= 1 ,client update iteration= 140 ,loss= 1.8563071489334106
client id= 1 ,round= 1 ,epoch= 1 ,client update iteration= 150 ,loss= 1.948224663734436
client id= 1 ,round= 1 ,epoch= 1 ,client update iteration= 160 ,loss= 1.7199087142944336
client id= 1 ,round= 1 ,epoch= 1 ,client update iteration= 170 ,loss= 1.7222932577133179
client id= 1 ,round= 1 ,epoch= 1 ,client update iteration= 180 ,loss= 1.5831141471862793
client id= 1 ,round= 1 ,epoch= 1 ,client update iteration= 190 ,loss= 1.7114256620407104
client id= 1 ,round= 1 ,epoch= 1 ,client update iteration= 200 ,loss= 1.6031668186187744
client id= 1 ,round= 1 ,epoch= 1 ,client update iteration= 210 ,loss= 1.6527154445648193
client id= 1 ,round= 1 ,epoch= 1 ,client update iteration= 220 ,loss= 1.54393470287323
client id= 1 ,round= 1 ,epoch= 1 ,client update iteration= 230 ,loss= 1.8202978372573853
client id= 1 ,round= 1 ,epoch= 1 ,client update iteration= 240 ,loss= 1.4534074068069458
client id= 1 ,round= 1 ,epoch= 1 ,client update iteration= 250 ,loss= 1.5619869232177734
client id= 1 ,round= 1 ,epoch= 1 ,client update iteration= 260 ,loss= 1.4744857549667358
client id= 1 ,round= 1 ,epoch= 1 ,client update iteration= 270 ,loss= 1.475459098815918
client id= 1 ,round= 1 ,epoch= 1 ,client update iteration= 280 ,loss= 1.4512207508087158
client id= 1 ,round= 1 ,epoch= 1 ,client update iteration= 290 ,loss= 1.6281300783157349
client id= 1 ,round= 1 ,epoch= 1 ,client update iteration= 300 ,loss= 1.5457372665405273
client id= 1 ,round= 1 ,epoch= 1 ,client update iteration= 310 ,loss= 1.4656611680984497
client id= 1 ,round= 1 ,epoch= 1 ,client update iteration= 320 ,loss= 1.367127776145935
client id= 1 ,round= 1 ,epoch= 1 ,client update iteration= 330 ,loss= 1.3966972827911377
client id= 1 ,round= 1 ,epoch= 1 ,client update iteration= 340 ,loss= 1.550161600112915
client id= 1 ,round= 1 ,epoch= 1 ,client update iteration= 350 ,loss= 1.570493221282959
client id= 1 ,round= 1 ,epoch= 1 ,client update iteration= 360 ,loss= 1.538727045059204
client id= 1 ,round= 1 ,epoch= 1 ,client update iteration= 370 ,loss= 1.4423304796218872
client id= 1 ,round= 1 ,epoch= 1 ,client update iteration= 380 ,loss= 1.3660423755645752
client id= 1 ,round= 1 ,epoch= 1 ,client update iteration= 390 ,loss= 1.5514062643051147
start cal weight time2021-06-30 16:04:09
end cal weight time2021-06-30 16:04:09
layer= 0 ratio= 0.011436135033744679
layer= 1 ratio= 0.013723362040493615
layer= 2 ratio= 0.016468034448592336
layer= 3 ratio= 0.019761641338310806
layer= 4 ratio= 0.023713969605972968
layer= 5 ratio= 0.02845676352716756
layer= 6 ratio= 0.03414811623260107
layer= 7 ratio= 0.04097773947912128
layer= 8 ratio= 0.049173287374945536
layer= 9 ratio= 0.05900794484993465
layer= 10 ratio= 0.07080953381992157
layer= 11 ratio= 0.08497144058390589
layer= 12 ratio= 0.10196572870068706
layer= 13 ratio= 0.12235887444082445
layer= 14 ratio= 0.14683064932898934
layer= 15 ratio= 0.1761967791947872
start add noise2021-06-30 16:04:09
end_add_noise_time2021-06-30 16:04:12
start cal weight time2021-06-30 16:04:12
end cal weight time2021-06-30 16:04:12
layer= 0 ratio= 0.011436135033744679
layer= 1 ratio= 0.013723362040493615
layer= 2 ratio= 0.016468034448592336
layer= 3 ratio= 0.019761641338310806
layer= 4 ratio= 0.023713969605972968
layer= 5 ratio= 0.02845676352716756
layer= 6 ratio= 0.03414811623260107
layer= 7 ratio= 0.04097773947912128
layer= 8 ratio= 0.049173287374945536
layer= 9 ratio= 0.05900794484993465
layer= 10 ratio= 0.07080953381992157
layer= 11 ratio= 0.08497144058390589
layer= 12 ratio= 0.10196572870068706
layer= 13 ratio= 0.12235887444082445
layer= 14 ratio= 0.14683064932898934
layer= 15 ratio= 0.1761967791947872
start add noise2021-06-30 16:04:12
end_add_noise_time2021-06-30 16:04:14
average train loss= 1.7141311956793452
2021-06-30 16:04:23,round 1,val Accuracy Top1: 18.100000 %
2021-06-30 16:04:23,round 1,val Accuracy Top5: 73.410000 %
******client id  0 ******
client_update start
client id= 0 ,round= 2 ,epoch= 1 ,client update iteration= 10 ,loss= 1.637550950050354
client id= 0 ,round= 2 ,epoch= 1 ,client update iteration= 20 ,loss= 1.7058783769607544
client id= 0 ,round= 2 ,epoch= 1 ,client update iteration= 30 ,loss= 1.7856451272964478
client id= 0 ,round= 2 ,epoch= 1 ,client update iteration= 40 ,loss= 1.5614408254623413
client id= 0 ,round= 2 ,epoch= 1 ,client update iteration= 50 ,loss= 1.841578483581543
client id= 0 ,round= 2 ,epoch= 1 ,client update iteration= 60 ,loss= 1.391548991203308
client id= 0 ,round= 2 ,epoch= 1 ,client update iteration= 70 ,loss= 1.3807072639465332
client id= 0 ,round= 2 ,epoch= 1 ,client update iteration= 80 ,loss= 1.4850999116897583
client id= 0 ,round= 2 ,epoch= 1 ,client update iteration= 90 ,loss= 1.3085509538650513
client id= 0 ,round= 2 ,epoch= 1 ,client update iteration= 100 ,loss= 1.2960439920425415
client id= 0 ,round= 2 ,epoch= 1 ,client update iteration= 110 ,loss= 1.1776204109191895
client id= 0 ,round= 2 ,epoch= 1 ,client update iteration= 120 ,loss= 1.2109320163726807
client id= 0 ,round= 2 ,epoch= 1 ,client update iteration= 130 ,loss= 1.384589433670044
client id= 0 ,round= 2 ,epoch= 1 ,client update iteration= 140 ,loss= 1.6116687059402466
client id= 0 ,round= 2 ,epoch= 1 ,client update iteration= 150 ,loss= 1.5224021673202515
client id= 0 ,round= 2 ,epoch= 1 ,client update iteration= 160 ,loss= 1.144435167312622
client id= 0 ,round= 2 ,epoch= 1 ,client update iteration= 170 ,loss= 1.2349860668182373
client id= 0 ,round= 2 ,epoch= 1 ,client update iteration= 180 ,loss= 1.3502858877182007
client id= 0 ,round= 2 ,epoch= 1 ,client update iteration= 190 ,loss= 1.135194182395935
client id= 0 ,round= 2 ,epoch= 1 ,client update iteration= 200 ,loss= 1.4422783851623535
client id= 0 ,round= 2 ,epoch= 1 ,client update iteration= 210 ,loss= 1.506799340248108
client id= 0 ,round= 2 ,epoch= 1 ,client update iteration= 220 ,loss= 1.372380018234253
client id= 0 ,round= 2 ,epoch= 1 ,client update iteration= 230 ,loss= 1.0857588052749634
client id= 0 ,round= 2 ,epoch= 1 ,client update iteration= 240 ,loss= 1.0093843936920166
client id= 0 ,round= 2 ,epoch= 1 ,client update iteration= 250 ,loss= 1.2287465333938599
client id= 0 ,round= 2 ,epoch= 1 ,client update iteration= 260 ,loss= 1.3604036569595337
client id= 0 ,round= 2 ,epoch= 1 ,client update iteration= 270 ,loss= 1.072572946548462
client id= 0 ,round= 2 ,epoch= 1 ,client update iteration= 280 ,loss= 1.1327483654022217
client id= 0 ,round= 2 ,epoch= 1 ,client update iteration= 290 ,loss= 1.0825341939926147
client id= 0 ,round= 2 ,epoch= 1 ,client update iteration= 300 ,loss= 1.283817172050476
client id= 0 ,round= 2 ,epoch= 1 ,client update iteration= 310 ,loss= 1.4458582401275635
client id= 0 ,round= 2 ,epoch= 1 ,client update iteration= 320 ,loss= 1.188974380493164
client id= 0 ,round= 2 ,epoch= 1 ,client update iteration= 330 ,loss= 1.2318699359893799
client id= 0 ,round= 2 ,epoch= 1 ,client update iteration= 340 ,loss= 0.9661916494369507
client id= 0 ,round= 2 ,epoch= 1 ,client update iteration= 350 ,loss= 1.2340444326400757
client id= 0 ,round= 2 ,epoch= 1 ,client update iteration= 360 ,loss= 1.4131262302398682
client id= 0 ,round= 2 ,epoch= 1 ,client update iteration= 370 ,loss= 1.1673094034194946
client id= 0 ,round= 2 ,epoch= 1 ,client update iteration= 380 ,loss= 1.4824823141098022
client id= 0 ,round= 2 ,epoch= 1 ,client update iteration= 390 ,loss= 1.0541433095932007
******client id  1 ******
client_update start
client id= 1 ,round= 2 ,epoch= 1 ,client update iteration= 10 ,loss= 1.8743007183074951
client id= 1 ,round= 2 ,epoch= 1 ,client update iteration= 20 ,loss= 1.8164089918136597
client id= 1 ,round= 2 ,epoch= 1 ,client update iteration= 30 ,loss= 1.4803197383880615
client id= 1 ,round= 2 ,epoch= 1 ,client update iteration= 40 ,loss= 1.41729736328125
client id= 1 ,round= 2 ,epoch= 1 ,client update iteration= 50 ,loss= 1.6776045560836792
client id= 1 ,round= 2 ,epoch= 1 ,client update iteration= 60 ,loss= 1.4112390279769897
client id= 1 ,round= 2 ,epoch= 1 ,client update iteration= 70 ,loss= 1.4420931339263916
client id= 1 ,round= 2 ,epoch= 1 ,client update iteration= 80 ,loss= 1.6366949081420898
client id= 1 ,round= 2 ,epoch= 1 ,client update iteration= 90 ,loss= 1.6226016283035278
client id= 1 ,round= 2 ,epoch= 1 ,client update iteration= 100 ,loss= 1.6585967540740967
client id= 1 ,round= 2 ,epoch= 1 ,client update iteration= 110 ,loss= 1.3334275484085083
client id= 1 ,round= 2 ,epoch= 1 ,client update iteration= 120 ,loss= 1.1434721946716309
client id= 1 ,round= 2 ,epoch= 1 ,client update iteration= 130 ,loss= 1.2763277292251587
client id= 1 ,round= 2 ,epoch= 1 ,client update iteration= 140 ,loss= 1.4184411764144897
client id= 1 ,round= 2 ,epoch= 1 ,client update iteration= 150 ,loss= 1.3682684898376465
client id= 1 ,round= 2 ,epoch= 1 ,client update iteration= 160 ,loss= 1.2080134153366089
client id= 1 ,round= 2 ,epoch= 1 ,client update iteration= 170 ,loss= 1.5419217348098755
client id= 1 ,round= 2 ,epoch= 1 ,client update iteration= 180 ,loss= 1.3060097694396973
client id= 1 ,round= 2 ,epoch= 1 ,client update iteration= 190 ,loss= 1.151616096496582
client id= 1 ,round= 2 ,epoch= 1 ,client update iteration= 200 ,loss= 1.3588945865631104
client id= 1 ,round= 2 ,epoch= 1 ,client update iteration= 210 ,loss= 1.2198224067687988
client id= 1 ,round= 2 ,epoch= 1 ,client update iteration= 220 ,loss= 1.3183488845825195
client id= 1 ,round= 2 ,epoch= 1 ,client update iteration= 230 ,loss= 1.1610207557678223
client id= 1 ,round= 2 ,epoch= 1 ,client update iteration= 240 ,loss= 1.1500319242477417
client id= 1 ,round= 2 ,epoch= 1 ,client update iteration= 250 ,loss= 1.1643155813217163
client id= 1 ,round= 2 ,epoch= 1 ,client update iteration= 260 ,loss= 1.1845242977142334
client id= 1 ,round= 2 ,epoch= 1 ,client update iteration= 270 ,loss= 1.1092842817306519
client id= 1 ,round= 2 ,epoch= 1 ,client update iteration= 280 ,loss= 1.1185522079467773
client id= 1 ,round= 2 ,epoch= 1 ,client update iteration= 290 ,loss= 1.0762150287628174
client id= 1 ,round= 2 ,epoch= 1 ,client update iteration= 300 ,loss= 1.0366992950439453
client id= 1 ,round= 2 ,epoch= 1 ,client update iteration= 310 ,loss= 1.49696683883667
client id= 1 ,round= 2 ,epoch= 1 ,client update iteration= 320 ,loss= 1.2260037660598755
client id= 1 ,round= 2 ,epoch= 1 ,client update iteration= 330 ,loss= 1.2014780044555664
client id= 1 ,round= 2 ,epoch= 1 ,client update iteration= 340 ,loss= 1.089064598083496
client id= 1 ,round= 2 ,epoch= 1 ,client update iteration= 350 ,loss= 1.2277541160583496
client id= 1 ,round= 2 ,epoch= 1 ,client update iteration= 360 ,loss= 1.0911551713943481
client id= 1 ,round= 2 ,epoch= 1 ,client update iteration= 370 ,loss= 1.4376620054244995
client id= 1 ,round= 2 ,epoch= 1 ,client update iteration= 380 ,loss= 1.3581225872039795
client id= 1 ,round= 2 ,epoch= 1 ,client update iteration= 390 ,loss= 0.9440727829933167
start cal weight time2021-06-30 16:07:00
end cal weight time2021-06-30 16:07:00
layer= 0 ratio= 0.011436135033744679
layer= 1 ratio= 0.013723362040493615
layer= 2 ratio= 0.016468034448592336
layer= 3 ratio= 0.019761641338310806
layer= 4 ratio= 0.023713969605972968
layer= 5 ratio= 0.02845676352716756
layer= 6 ratio= 0.03414811623260107
layer= 7 ratio= 0.04097773947912128
layer= 8 ratio= 0.049173287374945536
layer= 9 ratio= 0.05900794484993465
layer= 10 ratio= 0.07080953381992157
layer= 11 ratio= 0.08497144058390589
layer= 12 ratio= 0.10196572870068706
layer= 13 ratio= 0.12235887444082445
layer= 14 ratio= 0.14683064932898934
layer= 15 ratio= 0.1761967791947872
start add noise2021-06-30 16:07:00
end_add_noise_time2021-06-30 16:07:03
start cal weight time2021-06-30 16:07:03
end cal weight time2021-06-30 16:07:03
layer= 0 ratio= 0.011436135033744679
layer= 1 ratio= 0.013723362040493615
layer= 2 ratio= 0.016468034448592336
layer= 3 ratio= 0.019761641338310806
layer= 4 ratio= 0.023713969605972968
layer= 5 ratio= 0.02845676352716756
layer= 6 ratio= 0.03414811623260107
layer= 7 ratio= 0.04097773947912128
layer= 8 ratio= 0.049173287374945536
layer= 9 ratio= 0.05900794484993465
layer= 10 ratio= 0.07080953381992157
layer= 11 ratio= 0.08497144058390589
layer= 12 ratio= 0.10196572870068706
layer= 13 ratio= 0.12235887444082445
layer= 14 ratio= 0.14683064932898934
layer= 15 ratio= 0.1761967791947872
start add noise2021-06-30 16:07:03
end_add_noise_time2021-06-30 16:07:06
average train loss= 1.3462253288387336
2021-06-30 16:07:15,round 2,val Accuracy Top1: 39.290000 %
2021-06-30 16:07:15,round 2,val Accuracy Top5: 92.180000 %
******client id  0 ******
client_update start
client id= 0 ,round= 3 ,epoch= 1 ,client update iteration= 10 ,loss= 1.6629959344863892
client id= 0 ,round= 3 ,epoch= 1 ,client update iteration= 20 ,loss= 1.4708397388458252
client id= 0 ,round= 3 ,epoch= 1 ,client update iteration= 30 ,loss= 1.3626841306686401
client id= 0 ,round= 3 ,epoch= 1 ,client update iteration= 40 ,loss= 1.418701171875
client id= 0 ,round= 3 ,epoch= 1 ,client update iteration= 50 ,loss= 1.3290071487426758
client id= 0 ,round= 3 ,epoch= 1 ,client update iteration= 60 ,loss= 1.1938846111297607
client id= 0 ,round= 3 ,epoch= 1 ,client update iteration= 70 ,loss= 1.1574593782424927
client id= 0 ,round= 3 ,epoch= 1 ,client update iteration= 80 ,loss= 1.0592327117919922
client id= 0 ,round= 3 ,epoch= 1 ,client update iteration= 90 ,loss= 1.1816093921661377
client id= 0 ,round= 3 ,epoch= 1 ,client update iteration= 100 ,loss= 1.1409763097763062
client id= 0 ,round= 3 ,epoch= 1 ,client update iteration= 110 ,loss= 1.1285099983215332
client id= 0 ,round= 3 ,epoch= 1 ,client update iteration= 120 ,loss= 1.1491451263427734
client id= 0 ,round= 3 ,epoch= 1 ,client update iteration= 130 ,loss= 1.2372078895568848
client id= 0 ,round= 3 ,epoch= 1 ,client update iteration= 140 ,loss= 1.1397536993026733
client id= 0 ,round= 3 ,epoch= 1 ,client update iteration= 150 ,loss= 1.1669073104858398
client id= 0 ,round= 3 ,epoch= 1 ,client update iteration= 160 ,loss= 1.2484205961227417
client id= 0 ,round= 3 ,epoch= 1 ,client update iteration= 170 ,loss= 0.8120772838592529
client id= 0 ,round= 3 ,epoch= 1 ,client update iteration= 180 ,loss= 1.1132086515426636
client id= 0 ,round= 3 ,epoch= 1 ,client update iteration= 190 ,loss= 1.208030104637146
client id= 0 ,round= 3 ,epoch= 1 ,client update iteration= 200 ,loss= 0.8364023566246033
client id= 0 ,round= 3 ,epoch= 1 ,client update iteration= 210 ,loss= 1.19744873046875
client id= 0 ,round= 3 ,epoch= 1 ,client update iteration= 220 ,loss= 1.0969140529632568
client id= 0 ,round= 3 ,epoch= 1 ,client update iteration= 230 ,loss= 1.2072657346725464
client id= 0 ,round= 3 ,epoch= 1 ,client update iteration= 240 ,loss= 0.927886962890625
client id= 0 ,round= 3 ,epoch= 1 ,client update iteration= 250 ,loss= 1.1593990325927734
client id= 0 ,round= 3 ,epoch= 1 ,client update iteration= 260 ,loss= 0.8686507344245911
client id= 0 ,round= 3 ,epoch= 1 ,client update iteration= 270 ,loss= 1.247040033340454
client id= 0 ,round= 3 ,epoch= 1 ,client update iteration= 280 ,loss= 1.0721275806427002
client id= 0 ,round= 3 ,epoch= 1 ,client update iteration= 290 ,loss= 0.9086756706237793
client id= 0 ,round= 3 ,epoch= 1 ,client update iteration= 300 ,loss= 0.8166505098342896
client id= 0 ,round= 3 ,epoch= 1 ,client update iteration= 310 ,loss= 0.9942276477813721
client id= 0 ,round= 3 ,epoch= 1 ,client update iteration= 320 ,loss= 1.0555047988891602
client id= 0 ,round= 3 ,epoch= 1 ,client update iteration= 330 ,loss= 0.9369808435440063
client id= 0 ,round= 3 ,epoch= 1 ,client update iteration= 340 ,loss= 0.9553229808807373
client id= 0 ,round= 3 ,epoch= 1 ,client update iteration= 350 ,loss= 1.1751463413238525
client id= 0 ,round= 3 ,epoch= 1 ,client update iteration= 360 ,loss= 1.1679717302322388
client id= 0 ,round= 3 ,epoch= 1 ,client update iteration= 370 ,loss= 1.1556224822998047
client id= 0 ,round= 3 ,epoch= 1 ,client update iteration= 380 ,loss= 0.9916310906410217
client id= 0 ,round= 3 ,epoch= 1 ,client update iteration= 390 ,loss= 0.8060042262077332
******client id  1 ******
client_update start
client id= 1 ,round= 3 ,epoch= 1 ,client update iteration= 10 ,loss= 1.7652286291122437
client id= 1 ,round= 3 ,epoch= 1 ,client update iteration= 20 ,loss= 1.6743351221084595
client id= 1 ,round= 3 ,epoch= 1 ,client update iteration= 30 ,loss= 1.540734887123108
client id= 1 ,round= 3 ,epoch= 1 ,client update iteration= 40 ,loss= 1.457707166671753
client id= 1 ,round= 3 ,epoch= 1 ,client update iteration= 50 ,loss= 1.1681606769561768
client id= 1 ,round= 3 ,epoch= 1 ,client update iteration= 60 ,loss= 1.0179760456085205
client id= 1 ,round= 3 ,epoch= 1 ,client update iteration= 70 ,loss= 1.2943934202194214
client id= 1 ,round= 3 ,epoch= 1 ,client update iteration= 80 ,loss= 1.2335036993026733
client id= 1 ,round= 3 ,epoch= 1 ,client update iteration= 90 ,loss= 1.2968195676803589
client id= 1 ,round= 3 ,epoch= 1 ,client update iteration= 100 ,loss= 1.2260054349899292
client id= 1 ,round= 3 ,epoch= 1 ,client update iteration= 110 ,loss= 1.422696590423584
client id= 1 ,round= 3 ,epoch= 1 ,client update iteration= 120 ,loss= 1.538333773612976
client id= 1 ,round= 3 ,epoch= 1 ,client update iteration= 130 ,loss= 1.018001914024353
client id= 1 ,round= 3 ,epoch= 1 ,client update iteration= 140 ,loss= 1.1314568519592285
client id= 1 ,round= 3 ,epoch= 1 ,client update iteration= 150 ,loss= 0.8979703783988953
client id= 1 ,round= 3 ,epoch= 1 ,client update iteration= 160 ,loss= 1.7076921463012695
client id= 1 ,round= 3 ,epoch= 1 ,client update iteration= 170 ,loss= 1.0234885215759277
client id= 1 ,round= 3 ,epoch= 1 ,client update iteration= 180 ,loss= 1.0304603576660156
client id= 1 ,round= 3 ,epoch= 1 ,client update iteration= 190 ,loss= 1.0748926401138306
client id= 1 ,round= 3 ,epoch= 1 ,client update iteration= 200 ,loss= 1.1988376379013062
client id= 1 ,round= 3 ,epoch= 1 ,client update iteration= 210 ,loss= 1.0813140869140625
client id= 1 ,round= 3 ,epoch= 1 ,client update iteration= 220 ,loss= 1.2298465967178345
client id= 1 ,round= 3 ,epoch= 1 ,client update iteration= 230 ,loss= 1.2537562847137451
client id= 1 ,round= 3 ,epoch= 1 ,client update iteration= 240 ,loss= 0.9580011367797852
client id= 1 ,round= 3 ,epoch= 1 ,client update iteration= 250 ,loss= 1.0761808156967163
client id= 1 ,round= 3 ,epoch= 1 ,client update iteration= 260 ,loss= 0.8766362071037292
client id= 1 ,round= 3 ,epoch= 1 ,client update iteration= 270 ,loss= 0.8942293524742126
client id= 1 ,round= 3 ,epoch= 1 ,client update iteration= 280 ,loss= 1.3415478467941284
client id= 1 ,round= 3 ,epoch= 1 ,client update iteration= 290 ,loss= 0.9727897047996521
client id= 1 ,round= 3 ,epoch= 1 ,client update iteration= 300 ,loss= 1.1806365251541138
client id= 1 ,round= 3 ,epoch= 1 ,client update iteration= 310 ,loss= 0.9375240206718445
client id= 1 ,round= 3 ,epoch= 1 ,client update iteration= 320 ,loss= 1.167794942855835
client id= 1 ,round= 3 ,epoch= 1 ,client update iteration= 330 ,loss= 0.8355572819709778
client id= 1 ,round= 3 ,epoch= 1 ,client update iteration= 340 ,loss= 0.9067822694778442
client id= 1 ,round= 3 ,epoch= 1 ,client update iteration= 350 ,loss= 0.9810672998428345
client id= 1 ,round= 3 ,epoch= 1 ,client update iteration= 360 ,loss= 0.8870795965194702
client id= 1 ,round= 3 ,epoch= 1 ,client update iteration= 370 ,loss= 1.3652461767196655
client id= 1 ,round= 3 ,epoch= 1 ,client update iteration= 380 ,loss= 0.7649628520011902
client id= 1 ,round= 3 ,epoch= 1 ,client update iteration= 390 ,loss= 1.3082308769226074
start cal weight time2021-06-30 16:09:53
end cal weight time2021-06-30 16:09:53
layer= 0 ratio= 0.011436135033744679
layer= 1 ratio= 0.013723362040493615
layer= 2 ratio= 0.016468034448592336
layer= 3 ratio= 0.019761641338310806
layer= 4 ratio= 0.023713969605972968
layer= 5 ratio= 0.02845676352716756
layer= 6 ratio= 0.03414811623260107
layer= 7 ratio= 0.04097773947912128
layer= 8 ratio= 0.049173287374945536
layer= 9 ratio= 0.05900794484993465
layer= 10 ratio= 0.07080953381992157
layer= 11 ratio= 0.08497144058390589
layer= 12 ratio= 0.10196572870068706
layer= 13 ratio= 0.12235887444082445
layer= 14 ratio= 0.14683064932898934
layer= 15 ratio= 0.1761967791947872
start add noise2021-06-30 16:09:53
end_add_noise_time2021-06-30 16:09:56
start cal weight time2021-06-30 16:09:56
end cal weight time2021-06-30 16:09:56
layer= 0 ratio= 0.011436135033744679
layer= 1 ratio= 0.013723362040493615
layer= 2 ratio= 0.016468034448592336
layer= 3 ratio= 0.019761641338310806
layer= 4 ratio= 0.023713969605972968
layer= 5 ratio= 0.02845676352716756
layer= 6 ratio= 0.03414811623260107
layer= 7 ratio= 0.04097773947912128
layer= 8 ratio= 0.049173287374945536
layer= 9 ratio= 0.05900794484993465
layer= 10 ratio= 0.07080953381992157
layer= 11 ratio= 0.08497144058390589
layer= 12 ratio= 0.10196572870068706
layer= 13 ratio= 0.12235887444082445
layer= 14 ratio= 0.14683064932898934
layer= 15 ratio= 0.1761967791947872
start add noise2021-06-30 16:09:56
end_add_noise_time2021-06-30 16:09:59
average train loss= 1.1572167231603656
2021-06-30 16:10:09,round 3,val Accuracy Top1: 16.960000 %
2021-06-30 16:10:09,round 3,val Accuracy Top5: 71.140000 %
******client id  0 ******
client_update start
client id= 0 ,round= 4 ,epoch= 1 ,client update iteration= 10 ,loss= 2.3174428939819336
client id= 0 ,round= 4 ,epoch= 1 ,client update iteration= 20 ,loss= 2.286534547805786
client id= 0 ,round= 4 ,epoch= 1 ,client update iteration= 30 ,loss= 2.308384895324707
client id= 0 ,round= 4 ,epoch= 1 ,client update iteration= 40 ,loss= 2.301016330718994
client id= 0 ,round= 4 ,epoch= 1 ,client update iteration= 50 ,loss= 2.301936626434326
client id= 0 ,round= 4 ,epoch= 1 ,client update iteration= 60 ,loss= 2.3039379119873047
client id= 0 ,round= 4 ,epoch= 1 ,client update iteration= 70 ,loss= 2.302190065383911
client id= 0 ,round= 4 ,epoch= 1 ,client update iteration= 80 ,loss= 2.309199571609497
client id= 0 ,round= 4 ,epoch= 1 ,client update iteration= 90 ,loss= 2.3046581745147705
client id= 0 ,round= 4 ,epoch= 1 ,client update iteration= 100 ,loss= 2.2994978427886963
client id= 0 ,round= 4 ,epoch= 1 ,client update iteration= 110 ,loss= 2.3023524284362793
client id= 0 ,round= 4 ,epoch= 1 ,client update iteration= 120 ,loss= 2.300131320953369
client id= 0 ,round= 4 ,epoch= 1 ,client update iteration= 130 ,loss= 2.3040566444396973
client id= 0 ,round= 4 ,epoch= 1 ,client update iteration= 140 ,loss= 2.299548625946045
client id= 0 ,round= 4 ,epoch= 1 ,client update iteration= 150 ,loss= 2.3091447353363037
client id= 0 ,round= 4 ,epoch= 1 ,client update iteration= 160 ,loss= 2.285250663757324
client id= 0 ,round= 4 ,epoch= 1 ,client update iteration= 170 ,loss= 2.2946763038635254
client id= 0 ,round= 4 ,epoch= 1 ,client update iteration= 180 ,loss= 2.3097386360168457
client id= 0 ,round= 4 ,epoch= 1 ,client update iteration= 190 ,loss= 2.307457208633423
client id= 0 ,round= 4 ,epoch= 1 ,client update iteration= 200 ,loss= 2.308211326599121
client id= 0 ,round= 4 ,epoch= 1 ,client update iteration= 210 ,loss= 2.3033652305603027
client id= 0 ,round= 4 ,epoch= 1 ,client update iteration= 220 ,loss= 2.31154727935791
client id= 0 ,round= 4 ,epoch= 1 ,client update iteration= 230 ,loss= 2.3042006492614746
client id= 0 ,round= 4 ,epoch= 1 ,client update iteration= 240 ,loss= 2.30609130859375
client id= 0 ,round= 4 ,epoch= 1 ,client update iteration= 250 ,loss= 2.299635887145996
client id= 0 ,round= 4 ,epoch= 1 ,client update iteration= 260 ,loss= 2.310544013977051
client id= 0 ,round= 4 ,epoch= 1 ,client update iteration= 270 ,loss= 2.306894063949585
client id= 0 ,round= 4 ,epoch= 1 ,client update iteration= 280 ,loss= 2.304286479949951
client id= 0 ,round= 4 ,epoch= 1 ,client update iteration= 290 ,loss= 2.3081586360931396
client id= 0 ,round= 4 ,epoch= 1 ,client update iteration= 300 ,loss= 2.3059773445129395
client id= 0 ,round= 4 ,epoch= 1 ,client update iteration= 310 ,loss= 2.311575412750244
client id= 0 ,round= 4 ,epoch= 1 ,client update iteration= 320 ,loss= 2.2981088161468506
client id= 0 ,round= 4 ,epoch= 1 ,client update iteration= 330 ,loss= 2.307421922683716
client id= 0 ,round= 4 ,epoch= 1 ,client update iteration= 340 ,loss= 2.3051533699035645
client id= 0 ,round= 4 ,epoch= 1 ,client update iteration= 350 ,loss= 2.304762363433838
client id= 0 ,round= 4 ,epoch= 1 ,client update iteration= 360 ,loss= 2.3095202445983887
client id= 0 ,round= 4 ,epoch= 1 ,client update iteration= 370 ,loss= 2.299163341522217
client id= 0 ,round= 4 ,epoch= 1 ,client update iteration= 380 ,loss= 2.301023244857788
client id= 0 ,round= 4 ,epoch= 1 ,client update iteration= 390 ,loss= 2.306490182876587
******client id  1 ******
client_update start
client id= 1 ,round= 4 ,epoch= 1 ,client update iteration= 10 ,loss= 2.313610792160034
client id= 1 ,round= 4 ,epoch= 1 ,client update iteration= 20 ,loss= 2.2887909412384033
client id= 1 ,round= 4 ,epoch= 1 ,client update iteration= 30 ,loss= 2.306339979171753
client id= 1 ,round= 4 ,epoch= 1 ,client update iteration= 40 ,loss= 2.3058385848999023
client id= 1 ,round= 4 ,epoch= 1 ,client update iteration= 50 ,loss= 2.311574697494507
client id= 1 ,round= 4 ,epoch= 1 ,client update iteration= 60 ,loss= 2.2990293502807617
client id= 1 ,round= 4 ,epoch= 1 ,client update iteration= 70 ,loss= 2.3059768676757812
client id= 1 ,round= 4 ,epoch= 1 ,client update iteration= 80 ,loss= 2.2936818599700928
client id= 1 ,round= 4 ,epoch= 1 ,client update iteration= 90 ,loss= 2.2982523441314697
client id= 1 ,round= 4 ,epoch= 1 ,client update iteration= 100 ,loss= 2.2994420528411865
client id= 1 ,round= 4 ,epoch= 1 ,client update iteration= 110 ,loss= 2.29411244392395
client id= 1 ,round= 4 ,epoch= 1 ,client update iteration= 120 ,loss= 2.305657148361206
client id= 1 ,round= 4 ,epoch= 1 ,client update iteration= 130 ,loss= 2.294174909591675
client id= 1 ,round= 4 ,epoch= 1 ,client update iteration= 140 ,loss= 2.300654649734497
client id= 1 ,round= 4 ,epoch= 1 ,client update iteration= 150 ,loss= 2.2890851497650146
client id= 1 ,round= 4 ,epoch= 1 ,client update iteration= 160 ,loss= 2.297999143600464
client id= 1 ,round= 4 ,epoch= 1 ,client update iteration= 170 ,loss= 2.2961678504943848
client id= 1 ,round= 4 ,epoch= 1 ,client update iteration= 180 ,loss= 2.307152509689331
client id= 1 ,round= 4 ,epoch= 1 ,client update iteration= 190 ,loss= 2.3198299407958984
client id= 1 ,round= 4 ,epoch= 1 ,client update iteration= 200 ,loss= 2.3093292713165283
client id= 1 ,round= 4 ,epoch= 1 ,client update iteration= 210 ,loss= 2.3026351928710938
client id= 1 ,round= 4 ,epoch= 1 ,client update iteration= 220 ,loss= 2.3110153675079346
client id= 1 ,round= 4 ,epoch= 1 ,client update iteration= 230 ,loss= 2.301983118057251
client id= 1 ,round= 4 ,epoch= 1 ,client update iteration= 240 ,loss= 2.296480417251587
client id= 1 ,round= 4 ,epoch= 1 ,client update iteration= 250 ,loss= 2.3030972480773926
client id= 1 ,round= 4 ,epoch= 1 ,client update iteration= 260 ,loss= 2.3081231117248535
client id= 1 ,round= 4 ,epoch= 1 ,client update iteration= 270 ,loss= 2.3020825386047363
client id= 1 ,round= 4 ,epoch= 1 ,client update iteration= 280 ,loss= 2.310269594192505
client id= 1 ,round= 4 ,epoch= 1 ,client update iteration= 290 ,loss= 2.2990527153015137
client id= 1 ,round= 4 ,epoch= 1 ,client update iteration= 300 ,loss= 2.3098459243774414
client id= 1 ,round= 4 ,epoch= 1 ,client update iteration= 310 ,loss= 2.3001842498779297
client id= 1 ,round= 4 ,epoch= 1 ,client update iteration= 320 ,loss= 2.298983335494995
client id= 1 ,round= 4 ,epoch= 1 ,client update iteration= 330 ,loss= 2.2995378971099854
client id= 1 ,round= 4 ,epoch= 1 ,client update iteration= 340 ,loss= 2.305328845977783
client id= 1 ,round= 4 ,epoch= 1 ,client update iteration= 350 ,loss= 2.2994937896728516
client id= 1 ,round= 4 ,epoch= 1 ,client update iteration= 360 ,loss= 2.302577495574951
client id= 1 ,round= 4 ,epoch= 1 ,client update iteration= 370 ,loss= 2.308720827102661
client id= 1 ,round= 4 ,epoch= 1 ,client update iteration= 380 ,loss= 2.3030169010162354
client id= 1 ,round= 4 ,epoch= 1 ,client update iteration= 390 ,loss= 2.305788993835449
start cal weight time2021-06-30 16:12:46
end cal weight time2021-06-30 16:12:46
layer= 0 ratio= 0.011436135033744679
layer= 1 ratio= 0.013723362040493615
layer= 2 ratio= 0.016468034448592336
layer= 3 ratio= 0.019761641338310806
layer= 4 ratio= 0.023713969605972968
layer= 5 ratio= 0.02845676352716756
layer= 6 ratio= 0.03414811623260107
layer= 7 ratio= 0.04097773947912128
layer= 8 ratio= 0.049173287374945536
layer= 9 ratio= 0.05900794484993465
layer= 10 ratio= 0.07080953381992157
layer= 11 ratio= 0.08497144058390589
layer= 12 ratio= 0.10196572870068706
layer= 13 ratio= 0.12235887444082445
layer= 14 ratio= 0.14683064932898934
layer= 15 ratio= 0.1761967791947872
start add noise2021-06-30 16:12:46
end_add_noise_time2021-06-30 16:12:50
start cal weight time2021-06-30 16:12:50
end cal weight time2021-06-30 16:12:50
layer= 0 ratio= 0.011436135033744679
layer= 1 ratio= 0.013723362040493615
layer= 2 ratio= 0.016468034448592336
layer= 3 ratio= 0.019761641338310806
layer= 4 ratio= 0.023713969605972968
layer= 5 ratio= 0.02845676352716756
layer= 6 ratio= 0.03414811623260107
layer= 7 ratio= 0.04097773947912128
layer= 8 ratio= 0.049173287374945536
layer= 9 ratio= 0.05900794484993465
layer= 10 ratio= 0.07080953381992157
layer= 11 ratio= 0.08497144058390589
layer= 12 ratio= 0.10196572870068706
layer= 13 ratio= 0.12235887444082445
layer= 14 ratio= 0.14683064932898934
layer= 15 ratio= 0.1761967791947872
start add noise2021-06-30 16:12:50
end_add_noise_time2021-06-30 16:12:53
average train loss= 2.3698430902817673
2021-06-30 16:13:03,round 4,val Accuracy Top1: 10.000000 %
2021-06-30 16:13:03,round 4,val Accuracy Top5: 50.000000 %
******client id  0 ******
client_update start
client id= 0 ,round= 5 ,epoch= 1 ,client update iteration= 10 ,loss= 2.3067240715026855
client id= 0 ,round= 5 ,epoch= 1 ,client update iteration= 20 ,loss= 2.309396266937256
client id= 0 ,round= 5 ,epoch= 1 ,client update iteration= 30 ,loss= 2.2903027534484863
client id= 0 ,round= 5 ,epoch= 1 ,client update iteration= 40 ,loss= 2.3018133640289307
client id= 0 ,round= 5 ,epoch= 1 ,client update iteration= 50 ,loss= 2.29963755607605
client id= 0 ,round= 5 ,epoch= 1 ,client update iteration= 60 ,loss= 2.298100709915161
client id= 0 ,round= 5 ,epoch= 1 ,client update iteration= 70 ,loss= 2.2979953289031982
client id= 0 ,round= 5 ,epoch= 1 ,client update iteration= 80 ,loss= 2.3111562728881836
client id= 0 ,round= 5 ,epoch= 1 ,client update iteration= 90 ,loss= 2.3146939277648926
client id= 0 ,round= 5 ,epoch= 1 ,client update iteration= 100 ,loss= 2.3040316104888916
client id= 0 ,round= 5 ,epoch= 1 ,client update iteration= 110 ,loss= 2.287355899810791
client id= 0 ,round= 5 ,epoch= 1 ,client update iteration= 120 ,loss= 2.312688112258911
client id= 0 ,round= 5 ,epoch= 1 ,client update iteration= 130 ,loss= 2.3076624870300293
client id= 0 ,round= 5 ,epoch= 1 ,client update iteration= 140 ,loss= 2.305666208267212
client id= 0 ,round= 5 ,epoch= 1 ,client update iteration= 150 ,loss= 2.300734519958496
client id= 0 ,round= 5 ,epoch= 1 ,client update iteration= 160 ,loss= 2.2954611778259277
client id= 0 ,round= 5 ,epoch= 1 ,client update iteration= 170 ,loss= 2.2940726280212402
client id= 0 ,round= 5 ,epoch= 1 ,client update iteration= 180 ,loss= 2.310046672821045
client id= 0 ,round= 5 ,epoch= 1 ,client update iteration= 190 ,loss= 2.3101868629455566
client id= 0 ,round= 5 ,epoch= 1 ,client update iteration= 200 ,loss= 2.3100810050964355
client id= 0 ,round= 5 ,epoch= 1 ,client update iteration= 210 ,loss= 2.299748659133911
client id= 0 ,round= 5 ,epoch= 1 ,client update iteration= 220 ,loss= 2.2892544269561768
client id= 0 ,round= 5 ,epoch= 1 ,client update iteration= 230 ,loss= 2.3150928020477295
client id= 0 ,round= 5 ,epoch= 1 ,client update iteration= 240 ,loss= 2.296643018722534
client id= 0 ,round= 5 ,epoch= 1 ,client update iteration= 250 ,loss= 2.294717311859131
client id= 0 ,round= 5 ,epoch= 1 ,client update iteration= 260 ,loss= 2.3043627738952637
client id= 0 ,round= 5 ,epoch= 1 ,client update iteration= 270 ,loss= 2.297375440597534
client id= 0 ,round= 5 ,epoch= 1 ,client update iteration= 280 ,loss= 2.3010332584381104
client id= 0 ,round= 5 ,epoch= 1 ,client update iteration= 290 ,loss= 2.3177554607391357
client id= 0 ,round= 5 ,epoch= 1 ,client update iteration= 300 ,loss= 2.3021481037139893
client id= 0 ,round= 5 ,epoch= 1 ,client update iteration= 310 ,loss= 2.3103387355804443
client id= 0 ,round= 5 ,epoch= 1 ,client update iteration= 320 ,loss= 2.314805507659912
client id= 0 ,round= 5 ,epoch= 1 ,client update iteration= 330 ,loss= 2.3104991912841797
client id= 0 ,round= 5 ,epoch= 1 ,client update iteration= 340 ,loss= 2.30861234664917
client id= 0 ,round= 5 ,epoch= 1 ,client update iteration= 350 ,loss= 2.3041563034057617
client id= 0 ,round= 5 ,epoch= 1 ,client update iteration= 360 ,loss= 2.3110804557800293
client id= 0 ,round= 5 ,epoch= 1 ,client update iteration= 370 ,loss= 2.306084632873535
client id= 0 ,round= 5 ,epoch= 1 ,client update iteration= 380 ,loss= 2.309434652328491
client id= 0 ,round= 5 ,epoch= 1 ,client update iteration= 390 ,loss= 2.3041391372680664
******client id  1 ******
client_update start
client id= 1 ,round= 5 ,epoch= 1 ,client update iteration= 10 ,loss= 2.301608085632324
client id= 1 ,round= 5 ,epoch= 1 ,client update iteration= 20 ,loss= 2.3205745220184326
client id= 1 ,round= 5 ,epoch= 1 ,client update iteration= 30 ,loss= 2.3100855350494385
client id= 1 ,round= 5 ,epoch= 1 ,client update iteration= 40 ,loss= 2.3017446994781494
client id= 1 ,round= 5 ,epoch= 1 ,client update iteration= 50 ,loss= 2.2998926639556885
client id= 1 ,round= 5 ,epoch= 1 ,client update iteration= 60 ,loss= 2.318723201751709
client id= 1 ,round= 5 ,epoch= 1 ,client update iteration= 70 ,loss= 2.3139777183532715
client id= 1 ,round= 5 ,epoch= 1 ,client update iteration= 80 ,loss= 2.306840181350708
client id= 1 ,round= 5 ,epoch= 1 ,client update iteration= 90 ,loss= 2.307316780090332
client id= 1 ,round= 5 ,epoch= 1 ,client update iteration= 100 ,loss= 2.301252841949463
client id= 1 ,round= 5 ,epoch= 1 ,client update iteration= 110 ,loss= 2.3009421825408936
client id= 1 ,round= 5 ,epoch= 1 ,client update iteration= 120 ,loss= 2.2998406887054443
client id= 1 ,round= 5 ,epoch= 1 ,client update iteration= 130 ,loss= 2.3091442584991455
client id= 1 ,round= 5 ,epoch= 1 ,client update iteration= 140 ,loss= 2.2933807373046875
client id= 1 ,round= 5 ,epoch= 1 ,client update iteration= 150 ,loss= 2.3010826110839844
client id= 1 ,round= 5 ,epoch= 1 ,client update iteration= 160 ,loss= 2.286421298980713
client id= 1 ,round= 5 ,epoch= 1 ,client update iteration= 170 ,loss= 2.298922300338745
client id= 1 ,round= 5 ,epoch= 1 ,client update iteration= 180 ,loss= 2.2959511280059814
client id= 1 ,round= 5 ,epoch= 1 ,client update iteration= 190 ,loss= 2.296379327774048
client id= 1 ,round= 5 ,epoch= 1 ,client update iteration= 200 ,loss= 2.2989721298217773
client id= 1 ,round= 5 ,epoch= 1 ,client update iteration= 210 ,loss= 2.2954859733581543
client id= 1 ,round= 5 ,epoch= 1 ,client update iteration= 220 ,loss= 2.296644449234009
client id= 1 ,round= 5 ,epoch= 1 ,client update iteration= 230 ,loss= 2.3117668628692627
client id= 1 ,round= 5 ,epoch= 1 ,client update iteration= 240 ,loss= 2.312546968460083
client id= 1 ,round= 5 ,epoch= 1 ,client update iteration= 250 ,loss= 2.314225912094116
client id= 1 ,round= 5 ,epoch= 1 ,client update iteration= 260 ,loss= 2.3121917247772217
client id= 1 ,round= 5 ,epoch= 1 ,client update iteration= 270 ,loss= 2.3030362129211426
client id= 1 ,round= 5 ,epoch= 1 ,client update iteration= 280 ,loss= 2.3014581203460693
client id= 1 ,round= 5 ,epoch= 1 ,client update iteration= 290 ,loss= 2.3040030002593994
client id= 1 ,round= 5 ,epoch= 1 ,client update iteration= 300 ,loss= 2.312746047973633
client id= 1 ,round= 5 ,epoch= 1 ,client update iteration= 310 ,loss= 2.312140464782715
client id= 1 ,round= 5 ,epoch= 1 ,client update iteration= 320 ,loss= 2.311328649520874
client id= 1 ,round= 5 ,epoch= 1 ,client update iteration= 330 ,loss= 2.30612850189209
client id= 1 ,round= 5 ,epoch= 1 ,client update iteration= 340 ,loss= 2.3141028881073
client id= 1 ,round= 5 ,epoch= 1 ,client update iteration= 350 ,loss= 2.313018798828125
client id= 1 ,round= 5 ,epoch= 1 ,client update iteration= 360 ,loss= 2.2901885509490967
client id= 1 ,round= 5 ,epoch= 1 ,client update iteration= 370 ,loss= 2.296419143676758
client id= 1 ,round= 5 ,epoch= 1 ,client update iteration= 380 ,loss= 2.3038413524627686
client id= 1 ,round= 5 ,epoch= 1 ,client update iteration= 390 ,loss= 2.308274269104004
start cal weight time2021-06-30 16:15:42
end cal weight time2021-06-30 16:15:42
layer= 0 ratio= 0.011436135033744679
layer= 1 ratio= 0.013723362040493615
layer= 2 ratio= 0.016468034448592336
layer= 3 ratio= 0.019761641338310806
layer= 4 ratio= 0.023713969605972968
layer= 5 ratio= 0.02845676352716756
layer= 6 ratio= 0.03414811623260107
layer= 7 ratio= 0.04097773947912128
layer= 8 ratio= 0.049173287374945536
layer= 9 ratio= 0.05900794484993465
layer= 10 ratio= 0.07080953381992157
layer= 11 ratio= 0.08497144058390589
layer= 12 ratio= 0.10196572870068706
layer= 13 ratio= 0.12235887444082445
layer= 14 ratio= 0.14683064932898934
layer= 15 ratio= 0.1761967791947872
start add noise2021-06-30 16:15:42
end_add_noise_time2021-06-30 16:15:46
start cal weight time2021-06-30 16:15:46
end cal weight time2021-06-30 16:15:46
layer= 0 ratio= 0.011436135033744679
layer= 1 ratio= 0.013723362040493615
layer= 2 ratio= 0.016468034448592336
layer= 3 ratio= 0.019761641338310806
layer= 4 ratio= 0.023713969605972968
layer= 5 ratio= 0.02845676352716756
layer= 6 ratio= 0.03414811623260107
layer= 7 ratio= 0.04097773947912128
layer= 8 ratio= 0.049173287374945536
layer= 9 ratio= 0.05900794484993465
layer= 10 ratio= 0.07080953381992157
layer= 11 ratio= 0.08497144058390589
layer= 12 ratio= 0.10196572870068706
layer= 13 ratio= 0.12235887444082445
layer= 14 ratio= 0.14683064932898934
layer= 15 ratio= 0.1761967791947872
start add noise2021-06-30 16:15:46
end_add_noise_time2021-06-30 16:15:51
average train loss= 2.3051536013098324
2021-06-30 16:16:01,round 5,val Accuracy Top1: 10.000000 %
2021-06-30 16:16:01,round 5,val Accuracy Top5: 50.000000 %
******client id  0 ******
client_update start
client id= 0 ,round= 6 ,epoch= 1 ,client update iteration= 10 ,loss= 2.323970317840576
client id= 0 ,round= 6 ,epoch= 1 ,client update iteration= 20 ,loss= 2.3247365951538086
client id= 0 ,round= 6 ,epoch= 1 ,client update iteration= 30 ,loss= 2.2807934284210205
client id= 0 ,round= 6 ,epoch= 1 ,client update iteration= 40 ,loss= 2.299238681793213
client id= 0 ,round= 6 ,epoch= 1 ,client update iteration= 50 ,loss= 2.3114352226257324
client id= 0 ,round= 6 ,epoch= 1 ,client update iteration= 60 ,loss= 2.3260631561279297
client id= 0 ,round= 6 ,epoch= 1 ,client update iteration= 70 ,loss= 2.301220178604126
client id= 0 ,round= 6 ,epoch= 1 ,client update iteration= 80 ,loss= 2.302264928817749
client id= 0 ,round= 6 ,epoch= 1 ,client update iteration= 90 ,loss= 2.279453992843628
client id= 0 ,round= 6 ,epoch= 1 ,client update iteration= 100 ,loss= 2.3253531455993652
client id= 0 ,round= 6 ,epoch= 1 ,client update iteration= 110 ,loss= 2.2912979125976562
client id= 0 ,round= 6 ,epoch= 1 ,client update iteration= 120 ,loss= 2.2971935272216797
client id= 0 ,round= 6 ,epoch= 1 ,client update iteration= 130 ,loss= 2.2959938049316406
client id= 0 ,round= 6 ,epoch= 1 ,client update iteration= 140 ,loss= 2.303279399871826
client id= 0 ,round= 6 ,epoch= 1 ,client update iteration= 150 ,loss= 2.2981033325195312
client id= 0 ,round= 6 ,epoch= 1 ,client update iteration= 160 ,loss= 2.3050763607025146
client id= 0 ,round= 6 ,epoch= 1 ,client update iteration= 170 ,loss= 2.3124425411224365
client id= 0 ,round= 6 ,epoch= 1 ,client update iteration= 180 ,loss= 2.283151149749756
client id= 0 ,round= 6 ,epoch= 1 ,client update iteration= 190 ,loss= 2.3283379077911377
client id= 0 ,round= 6 ,epoch= 1 ,client update iteration= 200 ,loss= 2.3056185245513916
client id= 0 ,round= 6 ,epoch= 1 ,client update iteration= 210 ,loss= 2.3221280574798584
client id= 0 ,round= 6 ,epoch= 1 ,client update iteration= 220 ,loss= 2.3274054527282715
client id= 0 ,round= 6 ,epoch= 1 ,client update iteration= 230 ,loss= 2.302731513977051
client id= 0 ,round= 6 ,epoch= 1 ,client update iteration= 240 ,loss= 2.33449649810791
client id= 0 ,round= 6 ,epoch= 1 ,client update iteration= 250 ,loss= 2.3190438747406006
client id= 0 ,round= 6 ,epoch= 1 ,client update iteration= 260 ,loss= 2.2938921451568604
client id= 0 ,round= 6 ,epoch= 1 ,client update iteration= 270 ,loss= 2.301435947418213
client id= 0 ,round= 6 ,epoch= 1 ,client update iteration= 280 ,loss= 2.304666042327881
client id= 0 ,round= 6 ,epoch= 1 ,client update iteration= 290 ,loss= 2.303359270095825
client id= 0 ,round= 6 ,epoch= 1 ,client update iteration= 300 ,loss= 2.2745563983917236
client id= 0 ,round= 6 ,epoch= 1 ,client update iteration= 310 ,loss= 2.294922351837158
client id= 0 ,round= 6 ,epoch= 1 ,client update iteration= 320 ,loss= 2.310089349746704
client id= 0 ,round= 6 ,epoch= 1 ,client update iteration= 330 ,loss= 2.28814697265625
client id= 0 ,round= 6 ,epoch= 1 ,client update iteration= 340 ,loss= 2.2933292388916016
client id= 0 ,round= 6 ,epoch= 1 ,client update iteration= 350 ,loss= 2.306384325027466
client id= 0 ,round= 6 ,epoch= 1 ,client update iteration= 360 ,loss= 2.3245832920074463
client id= 0 ,round= 6 ,epoch= 1 ,client update iteration= 370 ,loss= 2.315016031265259
client id= 0 ,round= 6 ,epoch= 1 ,client update iteration= 380 ,loss= 2.287310838699341
client id= 0 ,round= 6 ,epoch= 1 ,client update iteration= 390 ,loss= 2.339155912399292
******client id  1 ******
client_update start
client id= 1 ,round= 6 ,epoch= 1 ,client update iteration= 10 ,loss= 2.31487774848938
client id= 1 ,round= 6 ,epoch= 1 ,client update iteration= 20 ,loss= 2.3169808387756348
client id= 1 ,round= 6 ,epoch= 1 ,client update iteration= 30 ,loss= 2.3239166736602783
client id= 1 ,round= 6 ,epoch= 1 ,client update iteration= 40 ,loss= 2.311566114425659
client id= 1 ,round= 6 ,epoch= 1 ,client update iteration= 50 ,loss= 2.315340518951416
client id= 1 ,round= 6 ,epoch= 1 ,client update iteration= 60 ,loss= 2.30509090423584
client id= 1 ,round= 6 ,epoch= 1 ,client update iteration= 70 ,loss= 2.312954902648926
client id= 1 ,round= 6 ,epoch= 1 ,client update iteration= 80 ,loss= 2.33187198638916
client id= 1 ,round= 6 ,epoch= 1 ,client update iteration= 90 ,loss= 2.3044655323028564
client id= 1 ,round= 6 ,epoch= 1 ,client update iteration= 100 ,loss= 2.299475908279419
client id= 1 ,round= 6 ,epoch= 1 ,client update iteration= 110 ,loss= 2.327479124069214
client id= 1 ,round= 6 ,epoch= 1 ,client update iteration= 120 ,loss= 2.313990592956543
client id= 1 ,round= 6 ,epoch= 1 ,client update iteration= 130 ,loss= 2.314319133758545
client id= 1 ,round= 6 ,epoch= 1 ,client update iteration= 140 ,loss= 2.2893130779266357
client id= 1 ,round= 6 ,epoch= 1 ,client update iteration= 150 ,loss= 2.315269708633423
client id= 1 ,round= 6 ,epoch= 1 ,client update iteration= 160 ,loss= 2.278031349182129
client id= 1 ,round= 6 ,epoch= 1 ,client update iteration= 170 ,loss= 2.309370756149292
client id= 1 ,round= 6 ,epoch= 1 ,client update iteration= 180 ,loss= 2.321829080581665
client id= 1 ,round= 6 ,epoch= 1 ,client update iteration= 190 ,loss= 2.296950340270996
client id= 1 ,round= 6 ,epoch= 1 ,client update iteration= 200 ,loss= 2.3142447471618652
client id= 1 ,round= 6 ,epoch= 1 ,client update iteration= 210 ,loss= 2.30149245262146
client id= 1 ,round= 6 ,epoch= 1 ,client update iteration= 220 ,loss= 2.3076844215393066
client id= 1 ,round= 6 ,epoch= 1 ,client update iteration= 230 ,loss= 2.3452308177948
client id= 1 ,round= 6 ,epoch= 1 ,client update iteration= 240 ,loss= 2.300245523452759
client id= 1 ,round= 6 ,epoch= 1 ,client update iteration= 250 ,loss= 2.3032398223876953
client id= 1 ,round= 6 ,epoch= 1 ,client update iteration= 260 ,loss= 2.335850954055786
client id= 1 ,round= 6 ,epoch= 1 ,client update iteration= 270 ,loss= 2.3172788619995117
client id= 1 ,round= 6 ,epoch= 1 ,client update iteration= 280 ,loss= 2.312269926071167
client id= 1 ,round= 6 ,epoch= 1 ,client update iteration= 290 ,loss= 2.2822649478912354
client id= 1 ,round= 6 ,epoch= 1 ,client update iteration= 300 ,loss= 2.3057820796966553
client id= 1 ,round= 6 ,epoch= 1 ,client update iteration= 310 ,loss= 2.2956342697143555
client id= 1 ,round= 6 ,epoch= 1 ,client update iteration= 320 ,loss= 2.2927467823028564
client id= 1 ,round= 6 ,epoch= 1 ,client update iteration= 330 ,loss= 2.316551446914673
client id= 1 ,round= 6 ,epoch= 1 ,client update iteration= 340 ,loss= 2.335975408554077
client id= 1 ,round= 6 ,epoch= 1 ,client update iteration= 350 ,loss= 2.3016796112060547
client id= 1 ,round= 6 ,epoch= 1 ,client update iteration= 360 ,loss= 2.314891815185547
client id= 1 ,round= 6 ,epoch= 1 ,client update iteration= 370 ,loss= 2.3178625106811523
client id= 1 ,round= 6 ,epoch= 1 ,client update iteration= 380 ,loss= 2.3340065479278564
client id= 1 ,round= 6 ,epoch= 1 ,client update iteration= 390 ,loss= 2.294145107269287
start cal weight time2021-06-30 16:18:38
end cal weight time2021-06-30 16:18:38
layer= 0 ratio= 0.011436135033744679
layer= 1 ratio= 0.013723362040493615
layer= 2 ratio= 0.016468034448592336
layer= 3 ratio= 0.019761641338310806
layer= 4 ratio= 0.023713969605972968
layer= 5 ratio= 0.02845676352716756
layer= 6 ratio= 0.03414811623260107
layer= 7 ratio= 0.04097773947912128
layer= 8 ratio= 0.049173287374945536
layer= 9 ratio= 0.05900794484993465
layer= 10 ratio= 0.07080953381992157
layer= 11 ratio= 0.08497144058390589
layer= 12 ratio= 0.10196572870068706
layer= 13 ratio= 0.12235887444082445
layer= 14 ratio= 0.14683064932898934
layer= 15 ratio= 0.1761967791947872
start add noise2021-06-30 16:18:38
end_add_noise_time2021-06-30 16:18:42
start cal weight time2021-06-30 16:18:42
end cal weight time2021-06-30 16:18:42
layer= 0 ratio= 0.011436135033744679
layer= 1 ratio= 0.013723362040493615
layer= 2 ratio= 0.016468034448592336
layer= 3 ratio= 0.019761641338310806
layer= 4 ratio= 0.023713969605972968
layer= 5 ratio= 0.02845676352716756
layer= 6 ratio= 0.03414811623260107
layer= 7 ratio= 0.04097773947912128
layer= 8 ratio= 0.049173287374945536
layer= 9 ratio= 0.05900794484993465
layer= 10 ratio= 0.07080953381992157
layer= 11 ratio= 0.08497144058390589
layer= 12 ratio= 0.10196572870068706
layer= 13 ratio= 0.12235887444082445
layer= 14 ratio= 0.14683064932898934
layer= 15 ratio= 0.1761967791947872
start add noise2021-06-30 16:18:42
end_add_noise_time2021-06-30 16:18:47
average train loss= 2.3091356117097313
2021-06-30 16:18:57,round 6,val Accuracy Top1: 10.000000 %
2021-06-30 16:18:57,round 6,val Accuracy Top5: 50.000000 %
******client id  0 ******
client_update start
client id= 0 ,round= 7 ,epoch= 1 ,client update iteration= 10 ,loss= 2.3076367378234863
client id= 0 ,round= 7 ,epoch= 1 ,client update iteration= 20 ,loss= 2.3591606616973877
client id= 0 ,round= 7 ,epoch= 1 ,client update iteration= 30 ,loss= 2.352933168411255
client id= 0 ,round= 7 ,epoch= 1 ,client update iteration= 40 ,loss= 2.3644227981567383
client id= 0 ,round= 7 ,epoch= 1 ,client update iteration= 50 ,loss= 2.342703104019165
client id= 0 ,round= 7 ,epoch= 1 ,client update iteration= 60 ,loss= 2.3268985748291016
client id= 0 ,round= 7 ,epoch= 1 ,client update iteration= 70 ,loss= 2.3230700492858887
client id= 0 ,round= 7 ,epoch= 1 ,client update iteration= 80 ,loss= 2.3122174739837646
client id= 0 ,round= 7 ,epoch= 1 ,client update iteration= 90 ,loss= 2.337952136993408
client id= 0 ,round= 7 ,epoch= 1 ,client update iteration= 100 ,loss= 2.3239240646362305
client id= 0 ,round= 7 ,epoch= 1 ,client update iteration= 110 ,loss= 2.2886128425598145
client id= 0 ,round= 7 ,epoch= 1 ,client update iteration= 120 ,loss= 2.2856926918029785
client id= 0 ,round= 7 ,epoch= 1 ,client update iteration= 130 ,loss= 2.3487911224365234
client id= 0 ,round= 7 ,epoch= 1 ,client update iteration= 140 ,loss= 2.3096823692321777
client id= 0 ,round= 7 ,epoch= 1 ,client update iteration= 150 ,loss= 2.322887897491455
client id= 0 ,round= 7 ,epoch= 1 ,client update iteration= 160 ,loss= 2.301144599914551
client id= 0 ,round= 7 ,epoch= 1 ,client update iteration= 170 ,loss= 2.298466682434082
client id= 0 ,round= 7 ,epoch= 1 ,client update iteration= 180 ,loss= 2.2959375381469727
client id= 0 ,round= 7 ,epoch= 1 ,client update iteration= 190 ,loss= 2.2702865600585938
client id= 0 ,round= 7 ,epoch= 1 ,client update iteration= 200 ,loss= 2.298604965209961
client id= 0 ,round= 7 ,epoch= 1 ,client update iteration= 210 ,loss= 2.294231414794922
client id= 0 ,round= 7 ,epoch= 1 ,client update iteration= 220 ,loss= 2.294394016265869
client id= 0 ,round= 7 ,epoch= 1 ,client update iteration= 230 ,loss= 2.288867235183716
client id= 0 ,round= 7 ,epoch= 1 ,client update iteration= 240 ,loss= 2.3158252239227295
client id= 0 ,round= 7 ,epoch= 1 ,client update iteration= 250 ,loss= 2.2910478115081787
client id= 0 ,round= 7 ,epoch= 1 ,client update iteration= 260 ,loss= 2.2900800704956055
client id= 0 ,round= 7 ,epoch= 1 ,client update iteration= 270 ,loss= 2.3054428100585938
client id= 0 ,round= 7 ,epoch= 1 ,client update iteration= 280 ,loss= 2.3105807304382324
client id= 0 ,round= 7 ,epoch= 1 ,client update iteration= 290 ,loss= 2.3159894943237305
client id= 0 ,round= 7 ,epoch= 1 ,client update iteration= 300 ,loss= 2.3180367946624756
client id= 0 ,round= 7 ,epoch= 1 ,client update iteration= 310 ,loss= 2.2739756107330322
client id= 0 ,round= 7 ,epoch= 1 ,client update iteration= 320 ,loss= 2.3083715438842773
client id= 0 ,round= 7 ,epoch= 1 ,client update iteration= 330 ,loss= 2.3165476322174072
client id= 0 ,round= 7 ,epoch= 1 ,client update iteration= 340 ,loss= 2.287341833114624
client id= 0 ,round= 7 ,epoch= 1 ,client update iteration= 350 ,loss= 2.3212482929229736
client id= 0 ,round= 7 ,epoch= 1 ,client update iteration= 360 ,loss= 2.3049397468566895
client id= 0 ,round= 7 ,epoch= 1 ,client update iteration= 370 ,loss= 2.2949326038360596
client id= 0 ,round= 7 ,epoch= 1 ,client update iteration= 380 ,loss= 2.306514263153076
client id= 0 ,round= 7 ,epoch= 1 ,client update iteration= 390 ,loss= 2.3105931282043457
******client id  1 ******
client_update start
client id= 1 ,round= 7 ,epoch= 1 ,client update iteration= 10 ,loss= 2.2991559505462646
client id= 1 ,round= 7 ,epoch= 1 ,client update iteration= 20 ,loss= 2.3045246601104736
client id= 1 ,round= 7 ,epoch= 1 ,client update iteration= 30 ,loss= 2.3414740562438965
client id= 1 ,round= 7 ,epoch= 1 ,client update iteration= 40 ,loss= 2.2867772579193115
client id= 1 ,round= 7 ,epoch= 1 ,client update iteration= 50 ,loss= 2.3338706493377686
client id= 1 ,round= 7 ,epoch= 1 ,client update iteration= 60 ,loss= 2.3218274116516113
client id= 1 ,round= 7 ,epoch= 1 ,client update iteration= 70 ,loss= 2.297348976135254
client id= 1 ,round= 7 ,epoch= 1 ,client update iteration= 80 ,loss= 2.3661186695098877
client id= 1 ,round= 7 ,epoch= 1 ,client update iteration= 90 ,loss= 2.3076446056365967
client id= 1 ,round= 7 ,epoch= 1 ,client update iteration= 100 ,loss= 2.312164545059204
client id= 1 ,round= 7 ,epoch= 1 ,client update iteration= 110 ,loss= 2.3122975826263428
client id= 1 ,round= 7 ,epoch= 1 ,client update iteration= 120 ,loss= 2.3338003158569336
client id= 1 ,round= 7 ,epoch= 1 ,client update iteration= 130 ,loss= 2.312096118927002
client id= 1 ,round= 7 ,epoch= 1 ,client update iteration= 140 ,loss= 2.300394058227539
client id= 1 ,round= 7 ,epoch= 1 ,client update iteration= 150 ,loss= 2.322925567626953
client id= 1 ,round= 7 ,epoch= 1 ,client update iteration= 160 ,loss= 2.2951784133911133
client id= 1 ,round= 7 ,epoch= 1 ,client update iteration= 170 ,loss= 2.2934587001800537
client id= 1 ,round= 7 ,epoch= 1 ,client update iteration= 180 ,loss= 2.2882590293884277
client id= 1 ,round= 7 ,epoch= 1 ,client update iteration= 190 ,loss= 2.318175792694092
client id= 1 ,round= 7 ,epoch= 1 ,client update iteration= 200 ,loss= 2.2879040241241455
client id= 1 ,round= 7 ,epoch= 1 ,client update iteration= 210 ,loss= 2.2982757091522217
client id= 1 ,round= 7 ,epoch= 1 ,client update iteration= 220 ,loss= 2.2813589572906494
client id= 1 ,round= 7 ,epoch= 1 ,client update iteration= 230 ,loss= 2.323573350906372
client id= 1 ,round= 7 ,epoch= 1 ,client update iteration= 240 ,loss= 2.314476490020752
client id= 1 ,round= 7 ,epoch= 1 ,client update iteration= 250 ,loss= 2.3265717029571533
client id= 1 ,round= 7 ,epoch= 1 ,client update iteration= 260 ,loss= 2.3083245754241943
client id= 1 ,round= 7 ,epoch= 1 ,client update iteration= 270 ,loss= 2.315173625946045
client id= 1 ,round= 7 ,epoch= 1 ,client update iteration= 280 ,loss= 2.3236606121063232
client id= 1 ,round= 7 ,epoch= 1 ,client update iteration= 290 ,loss= 2.302173614501953
client id= 1 ,round= 7 ,epoch= 1 ,client update iteration= 300 ,loss= 2.3094048500061035
client id= 1 ,round= 7 ,epoch= 1 ,client update iteration= 310 ,loss= 2.3373515605926514
client id= 1 ,round= 7 ,epoch= 1 ,client update iteration= 320 ,loss= 2.305642604827881
client id= 1 ,round= 7 ,epoch= 1 ,client update iteration= 330 ,loss= 2.3279995918273926
client id= 1 ,round= 7 ,epoch= 1 ,client update iteration= 340 ,loss= 2.3403160572052
client id= 1 ,round= 7 ,epoch= 1 ,client update iteration= 350 ,loss= 2.3150649070739746
client id= 1 ,round= 7 ,epoch= 1 ,client update iteration= 360 ,loss= 2.298814058303833
client id= 1 ,round= 7 ,epoch= 1 ,client update iteration= 370 ,loss= 2.290421485900879
client id= 1 ,round= 7 ,epoch= 1 ,client update iteration= 380 ,loss= 2.283050775527954
client id= 1 ,round= 7 ,epoch= 1 ,client update iteration= 390 ,loss= 2.306483030319214
start cal weight time2021-06-30 16:21:35
end cal weight time2021-06-30 16:21:35
layer= 0 ratio= 0.011436135033744679
layer= 1 ratio= 0.013723362040493615
layer= 2 ratio= 0.016468034448592336
layer= 3 ratio= 0.019761641338310806
layer= 4 ratio= 0.023713969605972968
layer= 5 ratio= 0.02845676352716756
layer= 6 ratio= 0.03414811623260107
layer= 7 ratio= 0.04097773947912128
layer= 8 ratio= 0.049173287374945536
layer= 9 ratio= 0.05900794484993465
layer= 10 ratio= 0.07080953381992157
layer= 11 ratio= 0.08497144058390589
layer= 12 ratio= 0.10196572870068706
layer= 13 ratio= 0.12235887444082445
layer= 14 ratio= 0.14683064932898934
layer= 15 ratio= 0.1761967791947872
start add noise2021-06-30 16:21:35
end_add_noise_time2021-06-30 16:21:40
start cal weight time2021-06-30 16:21:40
end cal weight time2021-06-30 16:21:40
layer= 0 ratio= 0.011436135033744679
layer= 1 ratio= 0.013723362040493615
layer= 2 ratio= 0.016468034448592336
layer= 3 ratio= 0.019761641338310806
layer= 4 ratio= 0.023713969605972968
layer= 5 ratio= 0.02845676352716756
layer= 6 ratio= 0.03414811623260107
layer= 7 ratio= 0.04097773947912128
layer= 8 ratio= 0.049173287374945536
layer= 9 ratio= 0.05900794484993465
layer= 10 ratio= 0.07080953381992157
layer= 11 ratio= 0.08497144058390589
layer= 12 ratio= 0.10196572870068706
layer= 13 ratio= 0.12235887444082445
layer= 14 ratio= 0.14683064932898934
layer= 15 ratio= 0.1761967791947872
start add noise2021-06-30 16:21:40
end_add_noise_time2021-06-30 16:21:45
average train loss= 2.3141175090809307
2021-06-30 16:21:55,round 7,val Accuracy Top1: 10.000000 %
2021-06-30 16:21:55,round 7,val Accuracy Top5: 50.000000 %
******client id  0 ******
client_update start
client id= 0 ,round= 8 ,epoch= 1 ,client update iteration= 10 ,loss= 2.2873613834381104
client id= 0 ,round= 8 ,epoch= 1 ,client update iteration= 20 ,loss= 2.331747531890869
client id= 0 ,round= 8 ,epoch= 1 ,client update iteration= 30 ,loss= 2.3342950344085693
client id= 0 ,round= 8 ,epoch= 1 ,client update iteration= 40 ,loss= 2.364813804626465
client id= 0 ,round= 8 ,epoch= 1 ,client update iteration= 50 ,loss= 2.3511595726013184
client id= 0 ,round= 8 ,epoch= 1 ,client update iteration= 60 ,loss= 2.3208208084106445
client id= 0 ,round= 8 ,epoch= 1 ,client update iteration= 70 ,loss= 2.298147439956665
client id= 0 ,round= 8 ,epoch= 1 ,client update iteration= 80 ,loss= 2.3160316944122314
client id= 0 ,round= 8 ,epoch= 1 ,client update iteration= 90 ,loss= 2.3120405673980713
client id= 0 ,round= 8 ,epoch= 1 ,client update iteration= 100 ,loss= 2.312516450881958
client id= 0 ,round= 8 ,epoch= 1 ,client update iteration= 110 ,loss= 2.304502010345459
client id= 0 ,round= 8 ,epoch= 1 ,client update iteration= 120 ,loss= 2.322614908218384
client id= 0 ,round= 8 ,epoch= 1 ,client update iteration= 130 ,loss= 2.2960219383239746
client id= 0 ,round= 8 ,epoch= 1 ,client update iteration= 140 ,loss= 2.330002546310425
client id= 0 ,round= 8 ,epoch= 1 ,client update iteration= 150 ,loss= 2.3085949420928955
client id= 0 ,round= 8 ,epoch= 1 ,client update iteration= 160 ,loss= 2.3046610355377197
client id= 0 ,round= 8 ,epoch= 1 ,client update iteration= 170 ,loss= 2.307375431060791
client id= 0 ,round= 8 ,epoch= 1 ,client update iteration= 180 ,loss= 2.310922145843506
client id= 0 ,round= 8 ,epoch= 1 ,client update iteration= 190 ,loss= 2.3416433334350586
client id= 0 ,round= 8 ,epoch= 1 ,client update iteration= 200 ,loss= 2.303532600402832
client id= 0 ,round= 8 ,epoch= 1 ,client update iteration= 210 ,loss= 2.3030667304992676
client id= 0 ,round= 8 ,epoch= 1 ,client update iteration= 220 ,loss= 2.3235301971435547
client id= 0 ,round= 8 ,epoch= 1 ,client update iteration= 230 ,loss= 2.3155415058135986
client id= 0 ,round= 8 ,epoch= 1 ,client update iteration= 240 ,loss= 2.3150811195373535
client id= 0 ,round= 8 ,epoch= 1 ,client update iteration= 250 ,loss= 2.2899906635284424
client id= 0 ,round= 8 ,epoch= 1 ,client update iteration= 260 ,loss= 2.3062539100646973
client id= 0 ,round= 8 ,epoch= 1 ,client update iteration= 270 ,loss= 2.30794095993042
client id= 0 ,round= 8 ,epoch= 1 ,client update iteration= 280 ,loss= 2.2977819442749023
client id= 0 ,round= 8 ,epoch= 1 ,client update iteration= 290 ,loss= 2.2973592281341553
client id= 0 ,round= 8 ,epoch= 1 ,client update iteration= 300 ,loss= 2.3031718730926514
client id= 0 ,round= 8 ,epoch= 1 ,client update iteration= 310 ,loss= 2.295867681503296
client id= 0 ,round= 8 ,epoch= 1 ,client update iteration= 320 ,loss= 2.307924747467041
client id= 0 ,round= 8 ,epoch= 1 ,client update iteration= 330 ,loss= 2.3109092712402344
client id= 0 ,round= 8 ,epoch= 1 ,client update iteration= 340 ,loss= 2.2989721298217773
client id= 0 ,round= 8 ,epoch= 1 ,client update iteration= 350 ,loss= 2.3066141605377197
client id= 0 ,round= 8 ,epoch= 1 ,client update iteration= 360 ,loss= 2.2919301986694336
client id= 0 ,round= 8 ,epoch= 1 ,client update iteration= 370 ,loss= 2.3035764694213867
client id= 0 ,round= 8 ,epoch= 1 ,client update iteration= 380 ,loss= 2.296522617340088
client id= 0 ,round= 8 ,epoch= 1 ,client update iteration= 390 ,loss= 2.2927324771881104
******client id  1 ******
client_update start
client id= 1 ,round= 8 ,epoch= 1 ,client update iteration= 10 ,loss= 2.3115410804748535
client id= 1 ,round= 8 ,epoch= 1 ,client update iteration= 20 ,loss= 2.330108165740967
client id= 1 ,round= 8 ,epoch= 1 ,client update iteration= 30 ,loss= 2.3580472469329834
client id= 1 ,round= 8 ,epoch= 1 ,client update iteration= 40 ,loss= 2.2799556255340576
client id= 1 ,round= 8 ,epoch= 1 ,client update iteration= 50 ,loss= 2.2802023887634277
client id= 1 ,round= 8 ,epoch= 1 ,client update iteration= 60 ,loss= 2.3278467655181885
client id= 1 ,round= 8 ,epoch= 1 ,client update iteration= 70 ,loss= 2.2918522357940674
client id= 1 ,round= 8 ,epoch= 1 ,client update iteration= 80 ,loss= 2.335754156112671
client id= 1 ,round= 8 ,epoch= 1 ,client update iteration= 90 ,loss= 2.330676555633545
client id= 1 ,round= 8 ,epoch= 1 ,client update iteration= 100 ,loss= 2.301968574523926
client id= 1 ,round= 8 ,epoch= 1 ,client update iteration= 110 ,loss= 2.290769100189209
client id= 1 ,round= 8 ,epoch= 1 ,client update iteration= 120 ,loss= 2.315237045288086
client id= 1 ,round= 8 ,epoch= 1 ,client update iteration= 130 ,loss= 2.2808585166931152
client id= 1 ,round= 8 ,epoch= 1 ,client update iteration= 140 ,loss= 2.31860089302063
client id= 1 ,round= 8 ,epoch= 1 ,client update iteration= 150 ,loss= 2.320516347885132
client id= 1 ,round= 8 ,epoch= 1 ,client update iteration= 160 ,loss= 2.331997871398926
client id= 1 ,round= 8 ,epoch= 1 ,client update iteration= 170 ,loss= 2.294628620147705
client id= 1 ,round= 8 ,epoch= 1 ,client update iteration= 180 ,loss= 2.316006660461426
client id= 1 ,round= 8 ,epoch= 1 ,client update iteration= 190 ,loss= 2.306828737258911
client id= 1 ,round= 8 ,epoch= 1 ,client update iteration= 200 ,loss= 2.312342643737793
client id= 1 ,round= 8 ,epoch= 1 ,client update iteration= 210 ,loss= 2.3327009677886963
client id= 1 ,round= 8 ,epoch= 1 ,client update iteration= 220 ,loss= 2.3034377098083496
client id= 1 ,round= 8 ,epoch= 1 ,client update iteration= 230 ,loss= 2.297837257385254
client id= 1 ,round= 8 ,epoch= 1 ,client update iteration= 240 ,loss= 2.293206214904785
client id= 1 ,round= 8 ,epoch= 1 ,client update iteration= 250 ,loss= 2.2903294563293457
client id= 1 ,round= 8 ,epoch= 1 ,client update iteration= 260 ,loss= 2.2950522899627686
client id= 1 ,round= 8 ,epoch= 1 ,client update iteration= 270 ,loss= 2.3107056617736816
client id= 1 ,round= 8 ,epoch= 1 ,client update iteration= 280 ,loss= 2.3030946254730225
client id= 1 ,round= 8 ,epoch= 1 ,client update iteration= 290 ,loss= 2.3104586601257324
client id= 1 ,round= 8 ,epoch= 1 ,client update iteration= 300 ,loss= 2.2987165451049805
client id= 1 ,round= 8 ,epoch= 1 ,client update iteration= 310 ,loss= 2.314507484436035
client id= 1 ,round= 8 ,epoch= 1 ,client update iteration= 320 ,loss= 2.305535316467285
client id= 1 ,round= 8 ,epoch= 1 ,client update iteration= 330 ,loss= 2.2974369525909424
client id= 1 ,round= 8 ,epoch= 1 ,client update iteration= 340 ,loss= 2.3130369186401367
client id= 1 ,round= 8 ,epoch= 1 ,client update iteration= 350 ,loss= 2.3221354484558105
client id= 1 ,round= 8 ,epoch= 1 ,client update iteration= 360 ,loss= 2.3005659580230713
client id= 1 ,round= 8 ,epoch= 1 ,client update iteration= 370 ,loss= 2.314408779144287
client id= 1 ,round= 8 ,epoch= 1 ,client update iteration= 380 ,loss= 2.293602705001831
client id= 1 ,round= 8 ,epoch= 1 ,client update iteration= 390 ,loss= 2.298609972000122
start cal weight time2021-06-30 16:24:34
end cal weight time2021-06-30 16:24:34
layer= 0 ratio= 0.011436135033744679
layer= 1 ratio= 0.013723362040493615
layer= 2 ratio= 0.016468034448592336
layer= 3 ratio= 0.019761641338310806
layer= 4 ratio= 0.023713969605972968
layer= 5 ratio= 0.02845676352716756
layer= 6 ratio= 0.03414811623260107
layer= 7 ratio= 0.04097773947912128
layer= 8 ratio= 0.049173287374945536
layer= 9 ratio= 0.05900794484993465
layer= 10 ratio= 0.07080953381992157
layer= 11 ratio= 0.08497144058390589
layer= 12 ratio= 0.10196572870068706
layer= 13 ratio= 0.12235887444082445
layer= 14 ratio= 0.14683064932898934
layer= 15 ratio= 0.1761967791947872
start add noise2021-06-30 16:24:34
end_add_noise_time2021-06-30 16:24:38
start cal weight time2021-06-30 16:24:38
end cal weight time2021-06-30 16:24:38
layer= 0 ratio= 0.011436135033744679
layer= 1 ratio= 0.013723362040493615
layer= 2 ratio= 0.016468034448592336
layer= 3 ratio= 0.019761641338310806
layer= 4 ratio= 0.023713969605972968
layer= 5 ratio= 0.02845676352716756
layer= 6 ratio= 0.03414811623260107
layer= 7 ratio= 0.04097773947912128
layer= 8 ratio= 0.049173287374945536
layer= 9 ratio= 0.05900794484993465
layer= 10 ratio= 0.07080953381992157
layer= 11 ratio= 0.08497144058390589
layer= 12 ratio= 0.10196572870068706
layer= 13 ratio= 0.12235887444082445
layer= 14 ratio= 0.14683064932898934
layer= 15 ratio= 0.1761967791947872
start add noise2021-06-30 16:24:38
end_add_noise_time2021-06-30 16:24:42
average train loss= 2.3095586647462967
2021-06-30 16:24:52,round 8,val Accuracy Top1: 10.000000 %
2021-06-30 16:24:52,round 8,val Accuracy Top5: 50.000000 %
******client id  0 ******
client_update start
client id= 0 ,round= 9 ,epoch= 1 ,client update iteration= 10 ,loss= 2.3160951137542725
client id= 0 ,round= 9 ,epoch= 1 ,client update iteration= 20 ,loss= 2.312962532043457
client id= 0 ,round= 9 ,epoch= 1 ,client update iteration= 30 ,loss= 2.3093814849853516
client id= 0 ,round= 9 ,epoch= 1 ,client update iteration= 40 ,loss= 2.300179958343506
client id= 0 ,round= 9 ,epoch= 1 ,client update iteration= 50 ,loss= 2.295405387878418
client id= 0 ,round= 9 ,epoch= 1 ,client update iteration= 60 ,loss= 2.306137800216675
client id= 0 ,round= 9 ,epoch= 1 ,client update iteration= 70 ,loss= 2.299896717071533
client id= 0 ,round= 9 ,epoch= 1 ,client update iteration= 80 ,loss= 2.311936855316162
client id= 0 ,round= 9 ,epoch= 1 ,client update iteration= 90 ,loss= 2.307767391204834
client id= 0 ,round= 9 ,epoch= 1 ,client update iteration= 100 ,loss= 2.305763006210327
client id= 0 ,round= 9 ,epoch= 1 ,client update iteration= 110 ,loss= 2.303211212158203
client id= 0 ,round= 9 ,epoch= 1 ,client update iteration= 120 ,loss= 2.2994208335876465
client id= 0 ,round= 9 ,epoch= 1 ,client update iteration= 130 ,loss= 2.304727554321289
client id= 0 ,round= 9 ,epoch= 1 ,client update iteration= 140 ,loss= 2.3063230514526367
client id= 0 ,round= 9 ,epoch= 1 ,client update iteration= 150 ,loss= 2.303386688232422
client id= 0 ,round= 9 ,epoch= 1 ,client update iteration= 160 ,loss= 2.3029184341430664
client id= 0 ,round= 9 ,epoch= 1 ,client update iteration= 170 ,loss= 2.3047542572021484
client id= 0 ,round= 9 ,epoch= 1 ,client update iteration= 180 ,loss= 2.2965900897979736
client id= 0 ,round= 9 ,epoch= 1 ,client update iteration= 190 ,loss= 2.3046751022338867
client id= 0 ,round= 9 ,epoch= 1 ,client update iteration= 200 ,loss= 2.3057541847229004
client id= 0 ,round= 9 ,epoch= 1 ,client update iteration= 210 ,loss= 2.2992565631866455
client id= 0 ,round= 9 ,epoch= 1 ,client update iteration= 220 ,loss= 2.2958881855010986
client id= 0 ,round= 9 ,epoch= 1 ,client update iteration= 230 ,loss= 2.3014543056488037
client id= 0 ,round= 9 ,epoch= 1 ,client update iteration= 240 ,loss= 2.2989394664764404
client id= 0 ,round= 9 ,epoch= 1 ,client update iteration= 250 ,loss= 2.300576686859131
client id= 0 ,round= 9 ,epoch= 1 ,client update iteration= 260 ,loss= 2.309753894805908
client id= 0 ,round= 9 ,epoch= 1 ,client update iteration= 270 ,loss= 2.3049137592315674
client id= 0 ,round= 9 ,epoch= 1 ,client update iteration= 280 ,loss= 2.304786443710327
client id= 0 ,round= 9 ,epoch= 1 ,client update iteration= 290 ,loss= 2.3034462928771973
client id= 0 ,round= 9 ,epoch= 1 ,client update iteration= 300 ,loss= 2.302626848220825
client id= 0 ,round= 9 ,epoch= 1 ,client update iteration= 310 ,loss= 2.300865888595581
client id= 0 ,round= 9 ,epoch= 1 ,client update iteration= 320 ,loss= 2.3027663230895996
client id= 0 ,round= 9 ,epoch= 1 ,client update iteration= 330 ,loss= 2.3015708923339844
client id= 0 ,round= 9 ,epoch= 1 ,client update iteration= 340 ,loss= 2.2998104095458984
client id= 0 ,round= 9 ,epoch= 1 ,client update iteration= 350 ,loss= 2.3026716709136963
client id= 0 ,round= 9 ,epoch= 1 ,client update iteration= 360 ,loss= 2.3048698902130127
client id= 0 ,round= 9 ,epoch= 1 ,client update iteration= 370 ,loss= 2.3042986392974854
client id= 0 ,round= 9 ,epoch= 1 ,client update iteration= 380 ,loss= 2.3075053691864014
client id= 0 ,round= 9 ,epoch= 1 ,client update iteration= 390 ,loss= 2.299607276916504
******client id  1 ******
client_update start
client id= 1 ,round= 9 ,epoch= 1 ,client update iteration= 10 ,loss= 2.307565689086914
client id= 1 ,round= 9 ,epoch= 1 ,client update iteration= 20 ,loss= 2.293431043624878
client id= 1 ,round= 9 ,epoch= 1 ,client update iteration= 30 ,loss= 2.2865636348724365
client id= 1 ,round= 9 ,epoch= 1 ,client update iteration= 40 ,loss= 2.2780134677886963
client id= 1 ,round= 9 ,epoch= 1 ,client update iteration= 50 ,loss= 2.2905681133270264
client id= 1 ,round= 9 ,epoch= 1 ,client update iteration= 60 ,loss= 2.2960853576660156
client id= 1 ,round= 9 ,epoch= 1 ,client update iteration= 70 ,loss= 2.320014715194702
client id= 1 ,round= 9 ,epoch= 1 ,client update iteration= 80 ,loss= 2.3059980869293213
client id= 1 ,round= 9 ,epoch= 1 ,client update iteration= 90 ,loss= 2.3113203048706055
client id= 1 ,round= 9 ,epoch= 1 ,client update iteration= 100 ,loss= 2.3031508922576904
client id= 1 ,round= 9 ,epoch= 1 ,client update iteration= 110 ,loss= 2.2972164154052734
client id= 1 ,round= 9 ,epoch= 1 ,client update iteration= 120 ,loss= 2.30552339553833
client id= 1 ,round= 9 ,epoch= 1 ,client update iteration= 130 ,loss= 2.3010952472686768
client id= 1 ,round= 9 ,epoch= 1 ,client update iteration= 140 ,loss= 2.3035452365875244
client id= 1 ,round= 9 ,epoch= 1 ,client update iteration= 150 ,loss= 2.3143885135650635
client id= 1 ,round= 9 ,epoch= 1 ,client update iteration= 160 ,loss= 2.297891616821289
client id= 1 ,round= 9 ,epoch= 1 ,client update iteration= 170 ,loss= 2.2990224361419678
client id= 1 ,round= 9 ,epoch= 1 ,client update iteration= 180 ,loss= 2.313776731491089
client id= 1 ,round= 9 ,epoch= 1 ,client update iteration= 190 ,loss= 2.303770065307617
client id= 1 ,round= 9 ,epoch= 1 ,client update iteration= 200 ,loss= 2.304769277572632
client id= 1 ,round= 9 ,epoch= 1 ,client update iteration= 210 ,loss= 2.306112289428711
client id= 1 ,round= 9 ,epoch= 1 ,client update iteration= 220 ,loss= 2.3029415607452393
client id= 1 ,round= 9 ,epoch= 1 ,client update iteration= 230 ,loss= 2.3015365600585938
client id= 1 ,round= 9 ,epoch= 1 ,client update iteration= 240 ,loss= 2.302426338195801
client id= 1 ,round= 9 ,epoch= 1 ,client update iteration= 250 ,loss= 2.3059866428375244
client id= 1 ,round= 9 ,epoch= 1 ,client update iteration= 260 ,loss= 2.3031997680664062
client id= 1 ,round= 9 ,epoch= 1 ,client update iteration= 270 ,loss= 2.3022119998931885
client id= 1 ,round= 9 ,epoch= 1 ,client update iteration= 280 ,loss= 2.3138818740844727
client id= 1 ,round= 9 ,epoch= 1 ,client update iteration= 290 ,loss= 2.3030812740325928
client id= 1 ,round= 9 ,epoch= 1 ,client update iteration= 300 ,loss= 2.30444598197937
client id= 1 ,round= 9 ,epoch= 1 ,client update iteration= 310 ,loss= 2.3010611534118652
client id= 1 ,round= 9 ,epoch= 1 ,client update iteration= 320 ,loss= 2.3032870292663574
client id= 1 ,round= 9 ,epoch= 1 ,client update iteration= 330 ,loss= 2.300812244415283
client id= 1 ,round= 9 ,epoch= 1 ,client update iteration= 340 ,loss= 2.303161144256592
client id= 1 ,round= 9 ,epoch= 1 ,client update iteration= 350 ,loss= 2.3006224632263184
client id= 1 ,round= 9 ,epoch= 1 ,client update iteration= 360 ,loss= 2.3028316497802734
client id= 1 ,round= 9 ,epoch= 1 ,client update iteration= 370 ,loss= 2.301208972930908
client id= 1 ,round= 9 ,epoch= 1 ,client update iteration= 380 ,loss= 2.3006296157836914
client id= 1 ,round= 9 ,epoch= 1 ,client update iteration= 390 ,loss= 2.300926685333252
start cal weight time2021-06-30 16:27:30
end cal weight time2021-06-30 16:27:30
layer= 0 ratio= 0.011436135033744679
layer= 1 ratio= 0.013723362040493615
layer= 2 ratio= 0.016468034448592336
layer= 3 ratio= 0.019761641338310806
layer= 4 ratio= 0.023713969605972968
layer= 5 ratio= 0.02845676352716756
layer= 6 ratio= 0.03414811623260107
layer= 7 ratio= 0.04097773947912128
layer= 8 ratio= 0.049173287374945536
layer= 9 ratio= 0.05900794484993465
layer= 10 ratio= 0.07080953381992157
layer= 11 ratio= 0.08497144058390589
layer= 12 ratio= 0.10196572870068706
layer= 13 ratio= 0.12235887444082445
layer= 14 ratio= 0.14683064932898934
layer= 15 ratio= 0.1761967791947872
start add noise2021-06-30 16:27:30
end_add_noise_time2021-06-30 16:27:34
start cal weight time2021-06-30 16:27:34
end cal weight time2021-06-30 16:27:34
layer= 0 ratio= 0.011436135033744679
layer= 1 ratio= 0.013723362040493615
layer= 2 ratio= 0.016468034448592336
layer= 3 ratio= 0.019761641338310806
layer= 4 ratio= 0.023713969605972968
layer= 5 ratio= 0.02845676352716756
layer= 6 ratio= 0.03414811623260107
layer= 7 ratio= 0.04097773947912128
layer= 8 ratio= 0.049173287374945536
layer= 9 ratio= 0.05900794484993465
layer= 10 ratio= 0.07080953381992157
layer= 11 ratio= 0.08497144058390589
layer= 12 ratio= 0.10196572870068706
layer= 13 ratio= 0.12235887444082445
layer= 14 ratio= 0.14683064932898934
layer= 15 ratio= 0.1761967791947872
start add noise2021-06-30 16:27:34
end_add_noise_time2021-06-30 16:27:38
average train loss= 2.3037813767752686
2021-06-30 16:27:48,round 9,val Accuracy Top1: 10.000000 %
2021-06-30 16:27:48,round 9,val Accuracy Top5: 50.000000 %
******client id  0 ******
client_update start
client id= 0 ,round= 10 ,epoch= 1 ,client update iteration= 10 ,loss= 2.302027463912964
client id= 0 ,round= 10 ,epoch= 1 ,client update iteration= 20 ,loss= 2.3037960529327393
client id= 0 ,round= 10 ,epoch= 1 ,client update iteration= 30 ,loss= 2.306630849838257
client id= 0 ,round= 10 ,epoch= 1 ,client update iteration= 40 ,loss= 2.30464506149292
client id= 0 ,round= 10 ,epoch= 1 ,client update iteration= 50 ,loss= 2.3032124042510986
client id= 0 ,round= 10 ,epoch= 1 ,client update iteration= 60 ,loss= 2.303680658340454
client id= 0 ,round= 10 ,epoch= 1 ,client update iteration= 70 ,loss= 2.3030667304992676
client id= 0 ,round= 10 ,epoch= 1 ,client update iteration= 80 ,loss= 2.3021626472473145
client id= 0 ,round= 10 ,epoch= 1 ,client update iteration= 90 ,loss= 2.3029000759124756
client id= 0 ,round= 10 ,epoch= 1 ,client update iteration= 100 ,loss= 2.3015635013580322
client id= 0 ,round= 10 ,epoch= 1 ,client update iteration= 110 ,loss= 2.3001701831817627
client id= 0 ,round= 10 ,epoch= 1 ,client update iteration= 120 ,loss= 2.304788589477539
client id= 0 ,round= 10 ,epoch= 1 ,client update iteration= 130 ,loss= 2.3014256954193115
client id= 0 ,round= 10 ,epoch= 1 ,client update iteration= 140 ,loss= 2.302814483642578
client id= 0 ,round= 10 ,epoch= 1 ,client update iteration= 150 ,loss= 2.299734115600586
client id= 0 ,round= 10 ,epoch= 1 ,client update iteration= 160 ,loss= 2.302194595336914
client id= 0 ,round= 10 ,epoch= 1 ,client update iteration= 170 ,loss= 2.302839756011963
client id= 0 ,round= 10 ,epoch= 1 ,client update iteration= 180 ,loss= 2.301887035369873
client id= 0 ,round= 10 ,epoch= 1 ,client update iteration= 190 ,loss= 2.3051371574401855
client id= 0 ,round= 10 ,epoch= 1 ,client update iteration= 200 ,loss= 2.3019561767578125
client id= 0 ,round= 10 ,epoch= 1 ,client update iteration= 210 ,loss= 2.300123691558838
client id= 0 ,round= 10 ,epoch= 1 ,client update iteration= 220 ,loss= 2.3041574954986572
client id= 0 ,round= 10 ,epoch= 1 ,client update iteration= 230 ,loss= 2.3038291931152344
client id= 0 ,round= 10 ,epoch= 1 ,client update iteration= 240 ,loss= 2.303328514099121
client id= 0 ,round= 10 ,epoch= 1 ,client update iteration= 250 ,loss= 2.301734209060669
client id= 0 ,round= 10 ,epoch= 1 ,client update iteration= 260 ,loss= 2.308215856552124
client id= 0 ,round= 10 ,epoch= 1 ,client update iteration= 270 ,loss= 2.3005030155181885
client id= 0 ,round= 10 ,epoch= 1 ,client update iteration= 280 ,loss= 2.301741361618042
client id= 0 ,round= 10 ,epoch= 1 ,client update iteration= 290 ,loss= 2.302027463912964
client id= 0 ,round= 10 ,epoch= 1 ,client update iteration= 300 ,loss= 2.303657054901123
client id= 0 ,round= 10 ,epoch= 1 ,client update iteration= 310 ,loss= 2.3009791374206543
client id= 0 ,round= 10 ,epoch= 1 ,client update iteration= 320 ,loss= 2.3058862686157227
client id= 0 ,round= 10 ,epoch= 1 ,client update iteration= 330 ,loss= 2.300692558288574
client id= 0 ,round= 10 ,epoch= 1 ,client update iteration= 340 ,loss= 2.300712823867798
client id= 0 ,round= 10 ,epoch= 1 ,client update iteration= 350 ,loss= 2.304062604904175
client id= 0 ,round= 10 ,epoch= 1 ,client update iteration= 360 ,loss= 2.298502206802368
client id= 0 ,round= 10 ,epoch= 1 ,client update iteration= 370 ,loss= 2.3022704124450684
client id= 0 ,round= 10 ,epoch= 1 ,client update iteration= 380 ,loss= 2.301112174987793
client id= 0 ,round= 10 ,epoch= 1 ,client update iteration= 390 ,loss= 2.30733060836792
******client id  1 ******
client_update start
client id= 1 ,round= 10 ,epoch= 1 ,client update iteration= 10 ,loss= 2.302443027496338
client id= 1 ,round= 10 ,epoch= 1 ,client update iteration= 20 ,loss= 2.3053035736083984
client id= 1 ,round= 10 ,epoch= 1 ,client update iteration= 30 ,loss= 2.303556442260742
client id= 1 ,round= 10 ,epoch= 1 ,client update iteration= 40 ,loss= 2.3011696338653564
client id= 1 ,round= 10 ,epoch= 1 ,client update iteration= 50 ,loss= 2.3018054962158203
client id= 1 ,round= 10 ,epoch= 1 ,client update iteration= 60 ,loss= 2.303104877471924
client id= 1 ,round= 10 ,epoch= 1 ,client update iteration= 70 ,loss= 2.3023104667663574
client id= 1 ,round= 10 ,epoch= 1 ,client update iteration= 80 ,loss= 2.3039729595184326
client id= 1 ,round= 10 ,epoch= 1 ,client update iteration= 90 ,loss= 2.3035380840301514
client id= 1 ,round= 10 ,epoch= 1 ,client update iteration= 100 ,loss= 2.3034746646881104
client id= 1 ,round= 10 ,epoch= 1 ,client update iteration= 110 ,loss= 2.3021504878997803
client id= 1 ,round= 10 ,epoch= 1 ,client update iteration= 120 ,loss= 2.301819086074829
client id= 1 ,round= 10 ,epoch= 1 ,client update iteration= 130 ,loss= 2.3023557662963867
client id= 1 ,round= 10 ,epoch= 1 ,client update iteration= 140 ,loss= 2.302727460861206
client id= 1 ,round= 10 ,epoch= 1 ,client update iteration= 150 ,loss= 2.301971912384033
client id= 1 ,round= 10 ,epoch= 1 ,client update iteration= 160 ,loss= 2.301607608795166
client id= 1 ,round= 10 ,epoch= 1 ,client update iteration= 170 ,loss= 2.305210828781128
client id= 1 ,round= 10 ,epoch= 1 ,client update iteration= 180 ,loss= 2.3020219802856445
client id= 1 ,round= 10 ,epoch= 1 ,client update iteration= 190 ,loss= 2.3027963638305664
client id= 1 ,round= 10 ,epoch= 1 ,client update iteration= 200 ,loss= 2.3037607669830322
client id= 1 ,round= 10 ,epoch= 1 ,client update iteration= 210 ,loss= 2.301833152770996
client id= 1 ,round= 10 ,epoch= 1 ,client update iteration= 220 ,loss= 2.3033316135406494
client id= 1 ,round= 10 ,epoch= 1 ,client update iteration= 230 ,loss= 2.3032114505767822
client id= 1 ,round= 10 ,epoch= 1 ,client update iteration= 240 ,loss= 2.302809715270996
client id= 1 ,round= 10 ,epoch= 1 ,client update iteration= 250 ,loss= 2.3028299808502197
client id= 1 ,round= 10 ,epoch= 1 ,client update iteration= 260 ,loss= 2.3027780055999756
client id= 1 ,round= 10 ,epoch= 1 ,client update iteration= 270 ,loss= 2.3034071922302246
client id= 1 ,round= 10 ,epoch= 1 ,client update iteration= 280 ,loss= 2.302603006362915
client id= 1 ,round= 10 ,epoch= 1 ,client update iteration= 290 ,loss= 2.3020122051239014
client id= 1 ,round= 10 ,epoch= 1 ,client update iteration= 300 ,loss= 2.3018226623535156
client id= 1 ,round= 10 ,epoch= 1 ,client update iteration= 310 ,loss= 2.303359270095825
client id= 1 ,round= 10 ,epoch= 1 ,client update iteration= 320 ,loss= 2.3012726306915283
client id= 1 ,round= 10 ,epoch= 1 ,client update iteration= 330 ,loss= 2.302800178527832
client id= 1 ,round= 10 ,epoch= 1 ,client update iteration= 340 ,loss= 2.3032407760620117
client id= 1 ,round= 10 ,epoch= 1 ,client update iteration= 350 ,loss= 2.302943229675293
client id= 1 ,round= 10 ,epoch= 1 ,client update iteration= 360 ,loss= 2.304318904876709
client id= 1 ,round= 10 ,epoch= 1 ,client update iteration= 370 ,loss= 2.303713321685791
client id= 1 ,round= 10 ,epoch= 1 ,client update iteration= 380 ,loss= 2.3028500080108643
client id= 1 ,round= 10 ,epoch= 1 ,client update iteration= 390 ,loss= 2.3011631965637207
start cal weight time2021-06-30 16:30:20
end cal weight time2021-06-30 16:30:20
layer= 0 ratio= 0.011436135033744679
layer= 1 ratio= 0.013723362040493615
layer= 2 ratio= 0.016468034448592336
layer= 3 ratio= 0.019761641338310806
layer= 4 ratio= 0.023713969605972968
layer= 5 ratio= 0.02845676352716756
layer= 6 ratio= 0.03414811623260107
layer= 7 ratio= 0.04097773947912128
layer= 8 ratio= 0.049173287374945536
layer= 9 ratio= 0.05900794484993465
layer= 10 ratio= 0.07080953381992157
layer= 11 ratio= 0.08497144058390589
layer= 12 ratio= 0.10196572870068706
layer= 13 ratio= 0.12235887444082445
layer= 14 ratio= 0.14683064932898934
layer= 15 ratio= 0.1761967791947872
start add noise2021-06-30 16:30:20
end_add_noise_time2021-06-30 16:30:25
start cal weight time2021-06-30 16:30:25
end cal weight time2021-06-30 16:30:25
layer= 0 ratio= 0.011436135033744679
layer= 1 ratio= 0.013723362040493615
layer= 2 ratio= 0.016468034448592336
layer= 3 ratio= 0.019761641338310806
layer= 4 ratio= 0.023713969605972968
layer= 5 ratio= 0.02845676352716756
layer= 6 ratio= 0.03414811623260107
layer= 7 ratio= 0.04097773947912128
layer= 8 ratio= 0.049173287374945536
layer= 9 ratio= 0.05900794484993465
layer= 10 ratio= 0.07080953381992157
layer= 11 ratio= 0.08497144058390589
layer= 12 ratio= 0.10196572870068706
layer= 13 ratio= 0.12235887444082445
layer= 14 ratio= 0.14683064932898934
layer= 15 ratio= 0.1761967791947872
start add noise2021-06-30 16:30:25
end_add_noise_time2021-06-30 16:30:29
average train loss= 2.3027734631467656
2021-06-30 16:30:39,round 10,val Accuracy Top1: 10.000000 %
2021-06-30 16:30:39,round 10,val Accuracy Top5: 49.990000 %
