type sample_L1
pb 6000000.0
clip_bound 20.0
log_path log/Alexnet/2/sample_L1/True
train_data data
test_data data
batch_size 64
test_batch_size 64
lr 0.0002
momentum 0.5
no_cuda False
seed 1
log_interval 1
privacy_delta 1e-06
sample_num 500
islog True
is_ratio_list True
num_clients 2
num_rounds 10
epochs 1
ratio_type 2
按照权重分配eps
device cuda
loading data
load data done
AlexNet(
  (conv1): Sequential(
    (0): Conv2d(3, 96, kernel_size=(6, 6), stride=(1, 1))
    (1): ReLU()
  )
  (conv2): Sequential(
    (0): Conv2d(96, 256, kernel_size=(5, 5), stride=(1, 1), padding=(2, 2))
    (1): ReLU()
    (2): MaxPool2d(kernel_size=3, stride=2, padding=0, dilation=1, ceil_mode=False)
  )
  (conv3): Sequential(
    (0): Conv2d(256, 384, kernel_size=(3, 3), stride=(1, 1), padding=(1, 1))
    (1): ReLU()
  )
  (conv4): Sequential(
    (0): Conv2d(384, 384, kernel_size=(3, 3), stride=(1, 1), padding=(1, 1))
    (1): ReLU()
  )
  (conv5): Sequential(
    (0): Conv2d(384, 256, kernel_size=(3, 3), stride=(1, 1), padding=(1, 1))
    (1): ReLU()
    (2): MaxPool2d(kernel_size=3, stride=2, padding=0, dilation=1, ceil_mode=False)
  )
  (dense): Sequential(
    (0): Linear(in_features=9216, out_features=4096, bias=True)
    (1): ReLU()
    (2): Dropout(p=0.5, inplace=False)
    (3): Linear(in_features=4096, out_features=4096, bias=True)
    (4): ReLU()
    (5): Dropout(p=0.5, inplace=False)
    (6): Linear(in_features=4096, out_features=10, bias=True)
  )
)
********start training********
******client id  0 ******
client_update start
client id= 0 ,round= 1 ,epoch= 1 ,client update iteration= 10 ,loss= 2.288724422454834
client id= 0 ,round= 1 ,epoch= 1 ,client update iteration= 20 ,loss= 2.1929545402526855
client id= 0 ,round= 1 ,epoch= 1 ,client update iteration= 30 ,loss= 2.0107414722442627
client id= 0 ,round= 1 ,epoch= 1 ,client update iteration= 40 ,loss= 2.204026937484741
client id= 0 ,round= 1 ,epoch= 1 ,client update iteration= 50 ,loss= 2.08492112159729
client id= 0 ,round= 1 ,epoch= 1 ,client update iteration= 60 ,loss= 2.1369564533233643
client id= 0 ,round= 1 ,epoch= 1 ,client update iteration= 70 ,loss= 2.0865578651428223
client id= 0 ,round= 1 ,epoch= 1 ,client update iteration= 80 ,loss= 2.0566582679748535
client id= 0 ,round= 1 ,epoch= 1 ,client update iteration= 90 ,loss= 1.8317018747329712
client id= 0 ,round= 1 ,epoch= 1 ,client update iteration= 100 ,loss= 1.7994028329849243
client id= 0 ,round= 1 ,epoch= 1 ,client update iteration= 110 ,loss= 1.8450266122817993
client id= 0 ,round= 1 ,epoch= 1 ,client update iteration= 120 ,loss= 1.9171252250671387
client id= 0 ,round= 1 ,epoch= 1 ,client update iteration= 130 ,loss= 1.7940171957015991
client id= 0 ,round= 1 ,epoch= 1 ,client update iteration= 140 ,loss= 1.8439713716506958
client id= 0 ,round= 1 ,epoch= 1 ,client update iteration= 150 ,loss= 1.7454118728637695
client id= 0 ,round= 1 ,epoch= 1 ,client update iteration= 160 ,loss= 1.761799693107605
client id= 0 ,round= 1 ,epoch= 1 ,client update iteration= 170 ,loss= 1.8032822608947754
client id= 0 ,round= 1 ,epoch= 1 ,client update iteration= 180 ,loss= 1.715381145477295
client id= 0 ,round= 1 ,epoch= 1 ,client update iteration= 190 ,loss= 1.5610345602035522
client id= 0 ,round= 1 ,epoch= 1 ,client update iteration= 200 ,loss= 1.6647063493728638
client id= 0 ,round= 1 ,epoch= 1 ,client update iteration= 210 ,loss= 1.5619405508041382
client id= 0 ,round= 1 ,epoch= 1 ,client update iteration= 220 ,loss= 1.4838320016860962
client id= 0 ,round= 1 ,epoch= 1 ,client update iteration= 230 ,loss= 1.6062583923339844
client id= 0 ,round= 1 ,epoch= 1 ,client update iteration= 240 ,loss= 1.6751539707183838
client id= 0 ,round= 1 ,epoch= 1 ,client update iteration= 250 ,loss= 1.564909815788269
client id= 0 ,round= 1 ,epoch= 1 ,client update iteration= 260 ,loss= 1.4758219718933105
client id= 0 ,round= 1 ,epoch= 1 ,client update iteration= 270 ,loss= 1.4757832288742065
client id= 0 ,round= 1 ,epoch= 1 ,client update iteration= 280 ,loss= 1.658561110496521
client id= 0 ,round= 1 ,epoch= 1 ,client update iteration= 290 ,loss= 1.5255146026611328
client id= 0 ,round= 1 ,epoch= 1 ,client update iteration= 300 ,loss= 1.5534913539886475
client id= 0 ,round= 1 ,epoch= 1 ,client update iteration= 310 ,loss= 1.4263510704040527
client id= 0 ,round= 1 ,epoch= 1 ,client update iteration= 320 ,loss= 1.5033599138259888
client id= 0 ,round= 1 ,epoch= 1 ,client update iteration= 330 ,loss= 1.4017524719238281
client id= 0 ,round= 1 ,epoch= 1 ,client update iteration= 340 ,loss= 1.5578982830047607
client id= 0 ,round= 1 ,epoch= 1 ,client update iteration= 350 ,loss= 1.3823943138122559
client id= 0 ,round= 1 ,epoch= 1 ,client update iteration= 360 ,loss= 1.5905568599700928
client id= 0 ,round= 1 ,epoch= 1 ,client update iteration= 370 ,loss= 1.3540749549865723
client id= 0 ,round= 1 ,epoch= 1 ,client update iteration= 380 ,loss= 1.3510972261428833
client id= 0 ,round= 1 ,epoch= 1 ,client update iteration= 390 ,loss= 1.4546440839767456
******client id  1 ******
client_update start
client id= 1 ,round= 1 ,epoch= 1 ,client update iteration= 10 ,loss= 2.262847423553467
client id= 1 ,round= 1 ,epoch= 1 ,client update iteration= 20 ,loss= 2.1480021476745605
client id= 1 ,round= 1 ,epoch= 1 ,client update iteration= 30 ,loss= 2.1689329147338867
client id= 1 ,round= 1 ,epoch= 1 ,client update iteration= 40 ,loss= 2.08536434173584
client id= 1 ,round= 1 ,epoch= 1 ,client update iteration= 50 ,loss= 2.053875207901001
client id= 1 ,round= 1 ,epoch= 1 ,client update iteration= 60 ,loss= 1.8931350708007812
client id= 1 ,round= 1 ,epoch= 1 ,client update iteration= 70 ,loss= 1.7145442962646484
client id= 1 ,round= 1 ,epoch= 1 ,client update iteration= 80 ,loss= 1.8392565250396729
client id= 1 ,round= 1 ,epoch= 1 ,client update iteration= 90 ,loss= 1.795373797416687
client id= 1 ,round= 1 ,epoch= 1 ,client update iteration= 100 ,loss= 1.781407117843628
client id= 1 ,round= 1 ,epoch= 1 ,client update iteration= 110 ,loss= 1.6523836851119995
client id= 1 ,round= 1 ,epoch= 1 ,client update iteration= 120 ,loss= 1.749820351600647
client id= 1 ,round= 1 ,epoch= 1 ,client update iteration= 130 ,loss= 1.846868634223938
client id= 1 ,round= 1 ,epoch= 1 ,client update iteration= 140 ,loss= 1.8567445278167725
client id= 1 ,round= 1 ,epoch= 1 ,client update iteration= 150 ,loss= 1.9571629762649536
client id= 1 ,round= 1 ,epoch= 1 ,client update iteration= 160 ,loss= 1.6722320318222046
client id= 1 ,round= 1 ,epoch= 1 ,client update iteration= 170 ,loss= 1.717312216758728
client id= 1 ,round= 1 ,epoch= 1 ,client update iteration= 180 ,loss= 1.6532320976257324
client id= 1 ,round= 1 ,epoch= 1 ,client update iteration= 190 ,loss= 1.6806347370147705
client id= 1 ,round= 1 ,epoch= 1 ,client update iteration= 200 ,loss= 1.592555284500122
client id= 1 ,round= 1 ,epoch= 1 ,client update iteration= 210 ,loss= 1.6339101791381836
client id= 1 ,round= 1 ,epoch= 1 ,client update iteration= 220 ,loss= 1.574357271194458
client id= 1 ,round= 1 ,epoch= 1 ,client update iteration= 230 ,loss= 1.7803659439086914
client id= 1 ,round= 1 ,epoch= 1 ,client update iteration= 240 ,loss= 1.464308738708496
client id= 1 ,round= 1 ,epoch= 1 ,client update iteration= 250 ,loss= 1.5403411388397217
client id= 1 ,round= 1 ,epoch= 1 ,client update iteration= 260 ,loss= 1.4774237871170044
client id= 1 ,round= 1 ,epoch= 1 ,client update iteration= 270 ,loss= 1.498950719833374
client id= 1 ,round= 1 ,epoch= 1 ,client update iteration= 280 ,loss= 1.4828836917877197
client id= 1 ,round= 1 ,epoch= 1 ,client update iteration= 290 ,loss= 1.555100679397583
client id= 1 ,round= 1 ,epoch= 1 ,client update iteration= 300 ,loss= 1.5761187076568604
client id= 1 ,round= 1 ,epoch= 1 ,client update iteration= 310 ,loss= 1.4685518741607666
client id= 1 ,round= 1 ,epoch= 1 ,client update iteration= 320 ,loss= 1.3780107498168945
client id= 1 ,round= 1 ,epoch= 1 ,client update iteration= 330 ,loss= 1.3214163780212402
client id= 1 ,round= 1 ,epoch= 1 ,client update iteration= 340 ,loss= 1.5405735969543457
client id= 1 ,round= 1 ,epoch= 1 ,client update iteration= 350 ,loss= 1.4813404083251953
client id= 1 ,round= 1 ,epoch= 1 ,client update iteration= 360 ,loss= 1.6307902336120605
client id= 1 ,round= 1 ,epoch= 1 ,client update iteration= 370 ,loss= 1.4023871421813965
client id= 1 ,round= 1 ,epoch= 1 ,client update iteration= 380 ,loss= 1.377374529838562
client id= 1 ,round= 1 ,epoch= 1 ,client update iteration= 390 ,loss= 1.532538652420044
start cal weight time2021-06-30 17:57:53
end cal weight time2021-06-30 17:57:53
layer= 0 ratio= 0.011436135033744679
layer= 1 ratio= 0.013723362040493615
layer= 2 ratio= 0.016468034448592336
layer= 3 ratio= 0.019761641338310806
layer= 4 ratio= 0.023713969605972968
layer= 5 ratio= 0.02845676352716756
layer= 6 ratio= 0.03414811623260107
layer= 7 ratio= 0.04097773947912128
layer= 8 ratio= 0.049173287374945536
layer= 9 ratio= 0.05900794484993465
layer= 10 ratio= 0.07080953381992157
layer= 11 ratio= 0.08497144058390589
layer= 12 ratio= 0.10196572870068706
layer= 13 ratio= 0.12235887444082445
layer= 14 ratio= 0.14683064932898934
layer= 15 ratio= 0.1761967791947872
start add noise2021-06-30 17:57:53
end_add_noise_time2021-06-30 17:57:57
start cal weight time2021-06-30 17:57:57
end cal weight time2021-06-30 17:57:57
layer= 0 ratio= 0.011436135033744679
layer= 1 ratio= 0.013723362040493615
layer= 2 ratio= 0.016468034448592336
layer= 3 ratio= 0.019761641338310806
layer= 4 ratio= 0.023713969605972968
layer= 5 ratio= 0.02845676352716756
layer= 6 ratio= 0.03414811623260107
layer= 7 ratio= 0.04097773947912128
layer= 8 ratio= 0.049173287374945536
layer= 9 ratio= 0.05900794484993465
layer= 10 ratio= 0.07080953381992157
layer= 11 ratio= 0.08497144058390589
layer= 12 ratio= 0.10196572870068706
layer= 13 ratio= 0.12235887444082445
layer= 14 ratio= 0.14683064932898934
layer= 15 ratio= 0.1761967791947872
start add noise2021-06-30 17:57:57
end_add_noise_time2021-06-30 17:58:01
average train loss= 1.7124873256439443
2021-06-30 17:58:09,round 1,val Accuracy Top1: 22.570000 %
2021-06-30 17:58:09,round 1,val Accuracy Top5: 72.270000 %
******client id  0 ******
client_update start
client id= 0 ,round= 2 ,epoch= 1 ,client update iteration= 10 ,loss= 1.5963984727859497
client id= 0 ,round= 2 ,epoch= 1 ,client update iteration= 20 ,loss= 1.6454936265945435
client id= 0 ,round= 2 ,epoch= 1 ,client update iteration= 30 ,loss= 1.7301852703094482
client id= 0 ,round= 2 ,epoch= 1 ,client update iteration= 40 ,loss= 1.5910933017730713
client id= 0 ,round= 2 ,epoch= 1 ,client update iteration= 50 ,loss= 1.7795650959014893
client id= 0 ,round= 2 ,epoch= 1 ,client update iteration= 60 ,loss= 1.435275912284851
client id= 0 ,round= 2 ,epoch= 1 ,client update iteration= 70 ,loss= 1.398601770401001
client id= 0 ,round= 2 ,epoch= 1 ,client update iteration= 80 ,loss= 1.333686351776123
client id= 0 ,round= 2 ,epoch= 1 ,client update iteration= 90 ,loss= 1.1968050003051758
client id= 0 ,round= 2 ,epoch= 1 ,client update iteration= 100 ,loss= 1.3145023584365845
client id= 0 ,round= 2 ,epoch= 1 ,client update iteration= 110 ,loss= 1.2245100736618042
client id= 0 ,round= 2 ,epoch= 1 ,client update iteration= 120 ,loss= 1.2541574239730835
client id= 0 ,round= 2 ,epoch= 1 ,client update iteration= 130 ,loss= 1.3369190692901611
client id= 0 ,round= 2 ,epoch= 1 ,client update iteration= 140 ,loss= 1.6349499225616455
client id= 0 ,round= 2 ,epoch= 1 ,client update iteration= 150 ,loss= 1.4988651275634766
client id= 0 ,round= 2 ,epoch= 1 ,client update iteration= 160 ,loss= 1.1245498657226562
client id= 0 ,round= 2 ,epoch= 1 ,client update iteration= 170 ,loss= 1.209368109703064
client id= 0 ,round= 2 ,epoch= 1 ,client update iteration= 180 ,loss= 1.3899325132369995
client id= 0 ,round= 2 ,epoch= 1 ,client update iteration= 190 ,loss= 1.1158514022827148
client id= 0 ,round= 2 ,epoch= 1 ,client update iteration= 200 ,loss= 1.4582258462905884
client id= 0 ,round= 2 ,epoch= 1 ,client update iteration= 210 ,loss= 1.4546356201171875
client id= 0 ,round= 2 ,epoch= 1 ,client update iteration= 220 ,loss= 1.4202799797058105
client id= 0 ,round= 2 ,epoch= 1 ,client update iteration= 230 ,loss= 1.1001089811325073
client id= 0 ,round= 2 ,epoch= 1 ,client update iteration= 240 ,loss= 1.0671511888504028
client id= 0 ,round= 2 ,epoch= 1 ,client update iteration= 250 ,loss= 1.2993543148040771
client id= 0 ,round= 2 ,epoch= 1 ,client update iteration= 260 ,loss= 1.366985559463501
client id= 0 ,round= 2 ,epoch= 1 ,client update iteration= 270 ,loss= 1.1094567775726318
client id= 0 ,round= 2 ,epoch= 1 ,client update iteration= 280 ,loss= 1.2070435285568237
client id= 0 ,round= 2 ,epoch= 1 ,client update iteration= 290 ,loss= 1.044724941253662
client id= 0 ,round= 2 ,epoch= 1 ,client update iteration= 300 ,loss= 1.2489545345306396
client id= 0 ,round= 2 ,epoch= 1 ,client update iteration= 310 ,loss= 1.5421226024627686
client id= 0 ,round= 2 ,epoch= 1 ,client update iteration= 320 ,loss= 1.2520973682403564
client id= 0 ,round= 2 ,epoch= 1 ,client update iteration= 330 ,loss= 1.2879141569137573
client id= 0 ,round= 2 ,epoch= 1 ,client update iteration= 340 ,loss= 0.9957252740859985
client id= 0 ,round= 2 ,epoch= 1 ,client update iteration= 350 ,loss= 1.2708035707473755
client id= 0 ,round= 2 ,epoch= 1 ,client update iteration= 360 ,loss= 1.4470750093460083
client id= 0 ,round= 2 ,epoch= 1 ,client update iteration= 370 ,loss= 1.2246116399765015
client id= 0 ,round= 2 ,epoch= 1 ,client update iteration= 380 ,loss= 1.353595495223999
client id= 0 ,round= 2 ,epoch= 1 ,client update iteration= 390 ,loss= 1.0308029651641846
******client id  1 ******
client_update start
client id= 1 ,round= 2 ,epoch= 1 ,client update iteration= 10 ,loss= 1.937272548675537
client id= 1 ,round= 2 ,epoch= 1 ,client update iteration= 20 ,loss= 1.8565642833709717
client id= 1 ,round= 2 ,epoch= 1 ,client update iteration= 30 ,loss= 1.5005710124969482
client id= 1 ,round= 2 ,epoch= 1 ,client update iteration= 40 ,loss= 1.3811970949172974
client id= 1 ,round= 2 ,epoch= 1 ,client update iteration= 50 ,loss= 1.6636191606521606
client id= 1 ,round= 2 ,epoch= 1 ,client update iteration= 60 ,loss= 1.3778696060180664
client id= 1 ,round= 2 ,epoch= 1 ,client update iteration= 70 ,loss= 1.5343540906906128
client id= 1 ,round= 2 ,epoch= 1 ,client update iteration= 80 ,loss= 1.6563754081726074
client id= 1 ,round= 2 ,epoch= 1 ,client update iteration= 90 ,loss= 1.511275053024292
client id= 1 ,round= 2 ,epoch= 1 ,client update iteration= 100 ,loss= 1.6593613624572754
client id= 1 ,round= 2 ,epoch= 1 ,client update iteration= 110 ,loss= 1.3251676559448242
client id= 1 ,round= 2 ,epoch= 1 ,client update iteration= 120 ,loss= 1.1412253379821777
client id= 1 ,round= 2 ,epoch= 1 ,client update iteration= 130 ,loss= 1.2510687112808228
client id= 1 ,round= 2 ,epoch= 1 ,client update iteration= 140 ,loss= 1.407002568244934
client id= 1 ,round= 2 ,epoch= 1 ,client update iteration= 150 ,loss= 1.3913309574127197
client id= 1 ,round= 2 ,epoch= 1 ,client update iteration= 160 ,loss= 1.2872098684310913
client id= 1 ,round= 2 ,epoch= 1 ,client update iteration= 170 ,loss= 1.4467310905456543
client id= 1 ,round= 2 ,epoch= 1 ,client update iteration= 180 ,loss= 1.2754954099655151
client id= 1 ,round= 2 ,epoch= 1 ,client update iteration= 190 ,loss= 1.1962884664535522
client id= 1 ,round= 2 ,epoch= 1 ,client update iteration= 200 ,loss= 1.3595058917999268
client id= 1 ,round= 2 ,epoch= 1 ,client update iteration= 210 ,loss= 1.2426040172576904
client id= 1 ,round= 2 ,epoch= 1 ,client update iteration= 220 ,loss= 1.3902274370193481
client id= 1 ,round= 2 ,epoch= 1 ,client update iteration= 230 ,loss= 1.1856857538223267
client id= 1 ,round= 2 ,epoch= 1 ,client update iteration= 240 ,loss= 1.2635763883590698
client id= 1 ,round= 2 ,epoch= 1 ,client update iteration= 250 ,loss= 1.0559659004211426
client id= 1 ,round= 2 ,epoch= 1 ,client update iteration= 260 ,loss= 1.1838124990463257
client id= 1 ,round= 2 ,epoch= 1 ,client update iteration= 270 ,loss= 1.1763877868652344
client id= 1 ,round= 2 ,epoch= 1 ,client update iteration= 280 ,loss= 1.1891318559646606
client id= 1 ,round= 2 ,epoch= 1 ,client update iteration= 290 ,loss= 1.0807130336761475
client id= 1 ,round= 2 ,epoch= 1 ,client update iteration= 300 ,loss= 1.0829166173934937
client id= 1 ,round= 2 ,epoch= 1 ,client update iteration= 310 ,loss= 1.5004054307937622
client id= 1 ,round= 2 ,epoch= 1 ,client update iteration= 320 ,loss= 1.188937783241272
client id= 1 ,round= 2 ,epoch= 1 ,client update iteration= 330 ,loss= 1.1983774900436401
client id= 1 ,round= 2 ,epoch= 1 ,client update iteration= 340 ,loss= 1.1013641357421875
client id= 1 ,round= 2 ,epoch= 1 ,client update iteration= 350 ,loss= 1.187389612197876
client id= 1 ,round= 2 ,epoch= 1 ,client update iteration= 360 ,loss= 1.0389808416366577
client id= 1 ,round= 2 ,epoch= 1 ,client update iteration= 370 ,loss= 1.476590871810913
client id= 1 ,round= 2 ,epoch= 1 ,client update iteration= 380 ,loss= 1.3523023128509521
client id= 1 ,round= 2 ,epoch= 1 ,client update iteration= 390 ,loss= 0.9229202270507812
start cal weight time2021-06-30 18:00:35
end cal weight time2021-06-30 18:00:35
layer= 0 ratio= 0.011436135033744679
layer= 1 ratio= 0.013723362040493615
layer= 2 ratio= 0.016468034448592336
layer= 3 ratio= 0.019761641338310806
layer= 4 ratio= 0.023713969605972968
layer= 5 ratio= 0.02845676352716756
layer= 6 ratio= 0.03414811623260107
layer= 7 ratio= 0.04097773947912128
layer= 8 ratio= 0.049173287374945536
layer= 9 ratio= 0.05900794484993465
layer= 10 ratio= 0.07080953381992157
layer= 11 ratio= 0.08497144058390589
layer= 12 ratio= 0.10196572870068706
layer= 13 ratio= 0.12235887444082445
layer= 14 ratio= 0.14683064932898934
layer= 15 ratio= 0.1761967791947872
start add noise2021-06-30 18:00:35
end_add_noise_time2021-06-30 18:00:39
start cal weight time2021-06-30 18:00:39
end cal weight time2021-06-30 18:00:39
layer= 0 ratio= 0.011436135033744679
layer= 1 ratio= 0.013723362040493615
layer= 2 ratio= 0.016468034448592336
layer= 3 ratio= 0.019761641338310806
layer= 4 ratio= 0.023713969605972968
layer= 5 ratio= 0.02845676352716756
layer= 6 ratio= 0.03414811623260107
layer= 7 ratio= 0.04097773947912128
layer= 8 ratio= 0.049173287374945536
layer= 9 ratio= 0.05900794484993465
layer= 10 ratio= 0.07080953381992157
layer= 11 ratio= 0.08497144058390589
layer= 12 ratio= 0.10196572870068706
layer= 13 ratio= 0.12235887444082445
layer= 14 ratio= 0.14683064932898934
layer= 15 ratio= 0.1761967791947872
start add noise2021-06-30 18:00:39
end_add_noise_time2021-06-30 18:00:42
average train loss= 1.3514236380224642
2021-06-30 18:00:51,round 2,val Accuracy Top1: 60.390000 %
2021-06-30 18:00:51,round 2,val Accuracy Top5: 95.790000 %
******client id  0 ******
client_update start
client id= 0 ,round= 3 ,epoch= 1 ,client update iteration= 10 ,loss= 1.523819088935852
client id= 0 ,round= 3 ,epoch= 1 ,client update iteration= 20 ,loss= 1.2096006870269775
client id= 0 ,round= 3 ,epoch= 1 ,client update iteration= 30 ,loss= 1.0677591562271118
client id= 0 ,round= 3 ,epoch= 1 ,client update iteration= 40 ,loss= 1.3271584510803223
client id= 0 ,round= 3 ,epoch= 1 ,client update iteration= 50 ,loss= 1.3611369132995605
client id= 0 ,round= 3 ,epoch= 1 ,client update iteration= 60 ,loss= 0.9022291898727417
client id= 0 ,round= 3 ,epoch= 1 ,client update iteration= 70 ,loss= 1.057600498199463
client id= 0 ,round= 3 ,epoch= 1 ,client update iteration= 80 ,loss= 1.1375868320465088
client id= 0 ,round= 3 ,epoch= 1 ,client update iteration= 90 ,loss= 1.0164026021957397
client id= 0 ,round= 3 ,epoch= 1 ,client update iteration= 100 ,loss= 1.2444162368774414
client id= 0 ,round= 3 ,epoch= 1 ,client update iteration= 110 ,loss= 1.0591917037963867
client id= 0 ,round= 3 ,epoch= 1 ,client update iteration= 120 ,loss= 1.0629948377609253
client id= 0 ,round= 3 ,epoch= 1 ,client update iteration= 130 ,loss= 1.0404810905456543
client id= 0 ,round= 3 ,epoch= 1 ,client update iteration= 140 ,loss= 0.9857648015022278
client id= 0 ,round= 3 ,epoch= 1 ,client update iteration= 150 ,loss= 1.3134852647781372
client id= 0 ,round= 3 ,epoch= 1 ,client update iteration= 160 ,loss= 1.049941062927246
client id= 0 ,round= 3 ,epoch= 1 ,client update iteration= 170 ,loss= 0.6978370547294617
client id= 0 ,round= 3 ,epoch= 1 ,client update iteration= 180 ,loss= 1.0275529623031616
client id= 0 ,round= 3 ,epoch= 1 ,client update iteration= 190 ,loss= 1.1001490354537964
client id= 0 ,round= 3 ,epoch= 1 ,client update iteration= 200 ,loss= 0.8179999589920044
client id= 0 ,round= 3 ,epoch= 1 ,client update iteration= 210 ,loss= 1.0737959146499634
client id= 0 ,round= 3 ,epoch= 1 ,client update iteration= 220 ,loss= 1.0295350551605225
client id= 0 ,round= 3 ,epoch= 1 ,client update iteration= 230 ,loss= 1.0827370882034302
client id= 0 ,round= 3 ,epoch= 1 ,client update iteration= 240 ,loss= 0.798913836479187
client id= 0 ,round= 3 ,epoch= 1 ,client update iteration= 250 ,loss= 1.0861356258392334
client id= 0 ,round= 3 ,epoch= 1 ,client update iteration= 260 ,loss= 0.905103862285614
client id= 0 ,round= 3 ,epoch= 1 ,client update iteration= 270 ,loss= 1.1160255670547485
client id= 0 ,round= 3 ,epoch= 1 ,client update iteration= 280 ,loss= 1.1518553495407104
client id= 0 ,round= 3 ,epoch= 1 ,client update iteration= 290 ,loss= 0.9042955636978149
client id= 0 ,round= 3 ,epoch= 1 ,client update iteration= 300 ,loss= 0.6179254651069641
client id= 0 ,round= 3 ,epoch= 1 ,client update iteration= 310 ,loss= 0.953349769115448
client id= 0 ,round= 3 ,epoch= 1 ,client update iteration= 320 ,loss= 0.9884889125823975
client id= 0 ,round= 3 ,epoch= 1 ,client update iteration= 330 ,loss= 0.8584035038948059
client id= 0 ,round= 3 ,epoch= 1 ,client update iteration= 340 ,loss= 0.7391478419303894
client id= 0 ,round= 3 ,epoch= 1 ,client update iteration= 350 ,loss= 0.9643995761871338
client id= 0 ,round= 3 ,epoch= 1 ,client update iteration= 360 ,loss= 1.1706526279449463
client id= 0 ,round= 3 ,epoch= 1 ,client update iteration= 370 ,loss= 0.9702692031860352
client id= 0 ,round= 3 ,epoch= 1 ,client update iteration= 380 ,loss= 0.9792033433914185
client id= 0 ,round= 3 ,epoch= 1 ,client update iteration= 390 ,loss= 0.7589669227600098
******client id  1 ******
client_update start
client id= 1 ,round= 3 ,epoch= 1 ,client update iteration= 10 ,loss= 1.2204458713531494
client id= 1 ,round= 3 ,epoch= 1 ,client update iteration= 20 ,loss= 1.4174344539642334
client id= 1 ,round= 3 ,epoch= 1 ,client update iteration= 30 ,loss= 1.2788770198822021
client id= 1 ,round= 3 ,epoch= 1 ,client update iteration= 40 ,loss= 1.3394947052001953
client id= 1 ,round= 3 ,epoch= 1 ,client update iteration= 50 ,loss= 1.1139856576919556
client id= 1 ,round= 3 ,epoch= 1 ,client update iteration= 60 ,loss= 1.1207661628723145
client id= 1 ,round= 3 ,epoch= 1 ,client update iteration= 70 ,loss= 1.1672799587249756
client id= 1 ,round= 3 ,epoch= 1 ,client update iteration= 80 ,loss= 1.1438255310058594
client id= 1 ,round= 3 ,epoch= 1 ,client update iteration= 90 ,loss= 1.2395471334457397
client id= 1 ,round= 3 ,epoch= 1 ,client update iteration= 100 ,loss= 1.06495201587677
client id= 1 ,round= 3 ,epoch= 1 ,client update iteration= 110 ,loss= 1.3672657012939453
client id= 1 ,round= 3 ,epoch= 1 ,client update iteration= 120 ,loss= 1.337231993675232
client id= 1 ,round= 3 ,epoch= 1 ,client update iteration= 130 ,loss= 1.0220458507537842
client id= 1 ,round= 3 ,epoch= 1 ,client update iteration= 140 ,loss= 1.045009732246399
client id= 1 ,round= 3 ,epoch= 1 ,client update iteration= 150 ,loss= 0.904855489730835
client id= 1 ,round= 3 ,epoch= 1 ,client update iteration= 160 ,loss= 1.473406434059143
client id= 1 ,round= 3 ,epoch= 1 ,client update iteration= 170 ,loss= 1.0224119424819946
client id= 1 ,round= 3 ,epoch= 1 ,client update iteration= 180 ,loss= 0.7974258661270142
client id= 1 ,round= 3 ,epoch= 1 ,client update iteration= 190 ,loss= 0.8388069868087769
client id= 1 ,round= 3 ,epoch= 1 ,client update iteration= 200 ,loss= 1.0611867904663086
client id= 1 ,round= 3 ,epoch= 1 ,client update iteration= 210 ,loss= 1.1533901691436768
client id= 1 ,round= 3 ,epoch= 1 ,client update iteration= 220 ,loss= 1.1587774753570557
client id= 1 ,round= 3 ,epoch= 1 ,client update iteration= 230 ,loss= 1.1328715085983276
client id= 1 ,round= 3 ,epoch= 1 ,client update iteration= 240 ,loss= 1.0537279844284058
client id= 1 ,round= 3 ,epoch= 1 ,client update iteration= 250 ,loss= 1.0946686267852783
client id= 1 ,round= 3 ,epoch= 1 ,client update iteration= 260 ,loss= 0.9319870471954346
client id= 1 ,round= 3 ,epoch= 1 ,client update iteration= 270 ,loss= 0.8537355661392212
client id= 1 ,round= 3 ,epoch= 1 ,client update iteration= 280 ,loss= 1.321601390838623
client id= 1 ,round= 3 ,epoch= 1 ,client update iteration= 290 ,loss= 0.9140663743019104
client id= 1 ,round= 3 ,epoch= 1 ,client update iteration= 300 ,loss= 1.043591856956482
client id= 1 ,round= 3 ,epoch= 1 ,client update iteration= 310 ,loss= 0.8778150081634521
client id= 1 ,round= 3 ,epoch= 1 ,client update iteration= 320 ,loss= 1.0442631244659424
client id= 1 ,round= 3 ,epoch= 1 ,client update iteration= 330 ,loss= 0.7835503220558167
client id= 1 ,round= 3 ,epoch= 1 ,client update iteration= 340 ,loss= 0.8137924671173096
client id= 1 ,round= 3 ,epoch= 1 ,client update iteration= 350 ,loss= 0.957929253578186
client id= 1 ,round= 3 ,epoch= 1 ,client update iteration= 360 ,loss= 0.7999125719070435
client id= 1 ,round= 3 ,epoch= 1 ,client update iteration= 370 ,loss= 1.308753252029419
client id= 1 ,round= 3 ,epoch= 1 ,client update iteration= 380 ,loss= 0.7411176562309265
client id= 1 ,round= 3 ,epoch= 1 ,client update iteration= 390 ,loss= 1.1356995105743408
start cal weight time2021-06-30 18:03:19
end cal weight time2021-06-30 18:03:19
layer= 0 ratio= 0.011436135033744679
layer= 1 ratio= 0.013723362040493615
layer= 2 ratio= 0.016468034448592336
layer= 3 ratio= 0.019761641338310806
layer= 4 ratio= 0.023713969605972968
layer= 5 ratio= 0.02845676352716756
layer= 6 ratio= 0.03414811623260107
layer= 7 ratio= 0.04097773947912128
layer= 8 ratio= 0.049173287374945536
layer= 9 ratio= 0.05900794484993465
layer= 10 ratio= 0.07080953381992157
layer= 11 ratio= 0.08497144058390589
layer= 12 ratio= 0.10196572870068706
layer= 13 ratio= 0.12235887444082445
layer= 14 ratio= 0.14683064932898934
layer= 15 ratio= 0.1761967791947872
start add noise2021-06-30 18:03:19
end_add_noise_time2021-06-30 18:03:23
start cal weight time2021-06-30 18:03:23
end cal weight time2021-06-30 18:03:23
layer= 0 ratio= 0.011436135033744679
layer= 1 ratio= 0.013723362040493615
layer= 2 ratio= 0.016468034448592336
layer= 3 ratio= 0.019761641338310806
layer= 4 ratio= 0.023713969605972968
layer= 5 ratio= 0.02845676352716756
layer= 6 ratio= 0.03414811623260107
layer= 7 ratio= 0.04097773947912128
layer= 8 ratio= 0.049173287374945536
layer= 9 ratio= 0.05900794484993465
layer= 10 ratio= 0.07080953381992157
layer= 11 ratio= 0.08497144058390589
layer= 12 ratio= 0.10196572870068706
layer= 13 ratio= 0.12235887444082445
layer= 14 ratio= 0.14683064932898934
layer= 15 ratio= 0.1761967791947872
start add noise2021-06-30 18:03:23
end_add_noise_time2021-06-30 18:03:26
average train loss= 1.0575595386040484
2021-06-30 18:03:36,round 3,val Accuracy Top1: 68.600000 %
2021-06-30 18:03:36,round 3,val Accuracy Top5: 97.270000 %
******client id  0 ******
client_update start
client id= 0 ,round= 4 ,epoch= 1 ,client update iteration= 10 ,loss= 1.084132194519043
client id= 0 ,round= 4 ,epoch= 1 ,client update iteration= 20 ,loss= 1.2158759832382202
client id= 0 ,round= 4 ,epoch= 1 ,client update iteration= 30 ,loss= 1.0160207748413086
client id= 0 ,round= 4 ,epoch= 1 ,client update iteration= 40 ,loss= 0.9327492713928223
client id= 0 ,round= 4 ,epoch= 1 ,client update iteration= 50 ,loss= 0.8822430968284607
client id= 0 ,round= 4 ,epoch= 1 ,client update iteration= 60 ,loss= 0.9158369898796082
client id= 0 ,round= 4 ,epoch= 1 ,client update iteration= 70 ,loss= 0.900550365447998
client id= 0 ,round= 4 ,epoch= 1 ,client update iteration= 80 ,loss= 0.8759710788726807
client id= 0 ,round= 4 ,epoch= 1 ,client update iteration= 90 ,loss= 0.9345049262046814
client id= 0 ,round= 4 ,epoch= 1 ,client update iteration= 100 ,loss= 1.0748616456985474
client id= 0 ,round= 4 ,epoch= 1 ,client update iteration= 110 ,loss= 0.9769736528396606
client id= 0 ,round= 4 ,epoch= 1 ,client update iteration= 120 ,loss= 0.9962851405143738
client id= 0 ,round= 4 ,epoch= 1 ,client update iteration= 130 ,loss= 1.2253271341323853
client id= 0 ,round= 4 ,epoch= 1 ,client update iteration= 140 ,loss= 1.1529818773269653
client id= 0 ,round= 4 ,epoch= 1 ,client update iteration= 150 ,loss= 1.137021541595459
client id= 0 ,round= 4 ,epoch= 1 ,client update iteration= 160 ,loss= 0.9851155281066895
client id= 0 ,round= 4 ,epoch= 1 ,client update iteration= 170 ,loss= 0.7266111969947815
client id= 0 ,round= 4 ,epoch= 1 ,client update iteration= 180 ,loss= 0.8517557382583618
client id= 0 ,round= 4 ,epoch= 1 ,client update iteration= 190 ,loss= 0.7159692049026489
client id= 0 ,round= 4 ,epoch= 1 ,client update iteration= 200 ,loss= 0.9985390305519104
client id= 0 ,round= 4 ,epoch= 1 ,client update iteration= 210 ,loss= 0.7172070145606995
client id= 0 ,round= 4 ,epoch= 1 ,client update iteration= 220 ,loss= 0.8611973524093628
client id= 0 ,round= 4 ,epoch= 1 ,client update iteration= 230 ,loss= 1.0657192468643188
client id= 0 ,round= 4 ,epoch= 1 ,client update iteration= 240 ,loss= 0.9807935357093811
client id= 0 ,round= 4 ,epoch= 1 ,client update iteration= 250 ,loss= 0.6901363134384155
client id= 0 ,round= 4 ,epoch= 1 ,client update iteration= 260 ,loss= 0.8077107667922974
client id= 0 ,round= 4 ,epoch= 1 ,client update iteration= 270 ,loss= 0.9244167804718018
client id= 0 ,round= 4 ,epoch= 1 ,client update iteration= 280 ,loss= 0.8092607259750366
client id= 0 ,round= 4 ,epoch= 1 ,client update iteration= 290 ,loss= 0.7902464270591736
client id= 0 ,round= 4 ,epoch= 1 ,client update iteration= 300 ,loss= 1.0054161548614502
client id= 0 ,round= 4 ,epoch= 1 ,client update iteration= 310 ,loss= 0.8916733264923096
client id= 0 ,round= 4 ,epoch= 1 ,client update iteration= 320 ,loss= 0.7327015399932861
client id= 0 ,round= 4 ,epoch= 1 ,client update iteration= 330 ,loss= 0.8590971827507019
client id= 0 ,round= 4 ,epoch= 1 ,client update iteration= 340 ,loss= 0.763506293296814
client id= 0 ,round= 4 ,epoch= 1 ,client update iteration= 350 ,loss= 0.953826367855072
client id= 0 ,round= 4 ,epoch= 1 ,client update iteration= 360 ,loss= 0.7738338112831116
client id= 0 ,round= 4 ,epoch= 1 ,client update iteration= 370 ,loss= 0.8298164010047913
client id= 0 ,round= 4 ,epoch= 1 ,client update iteration= 380 ,loss= 0.693146288394928
client id= 0 ,round= 4 ,epoch= 1 ,client update iteration= 390 ,loss= 0.752646803855896
******client id  1 ******
client_update start
client id= 1 ,round= 4 ,epoch= 1 ,client update iteration= 10 ,loss= 0.7822461128234863
client id= 1 ,round= 4 ,epoch= 1 ,client update iteration= 20 ,loss= 1.0754255056381226
client id= 1 ,round= 4 ,epoch= 1 ,client update iteration= 30 ,loss= 0.9907273650169373
client id= 1 ,round= 4 ,epoch= 1 ,client update iteration= 40 ,loss= 0.9802622199058533
client id= 1 ,round= 4 ,epoch= 1 ,client update iteration= 50 ,loss= 0.8682985305786133
client id= 1 ,round= 4 ,epoch= 1 ,client update iteration= 60 ,loss= 0.7994863986968994
client id= 1 ,round= 4 ,epoch= 1 ,client update iteration= 70 ,loss= 1.1412672996520996
client id= 1 ,round= 4 ,epoch= 1 ,client update iteration= 80 ,loss= 0.9241262674331665
client id= 1 ,round= 4 ,epoch= 1 ,client update iteration= 90 ,loss= 1.0401743650436401
client id= 1 ,round= 4 ,epoch= 1 ,client update iteration= 100 ,loss= 0.8866012096405029
client id= 1 ,round= 4 ,epoch= 1 ,client update iteration= 110 ,loss= 0.6475021839141846
client id= 1 ,round= 4 ,epoch= 1 ,client update iteration= 120 ,loss= 1.1585736274719238
client id= 1 ,round= 4 ,epoch= 1 ,client update iteration= 130 ,loss= 0.8770632743835449
client id= 1 ,round= 4 ,epoch= 1 ,client update iteration= 140 ,loss= 0.9008178114891052
client id= 1 ,round= 4 ,epoch= 1 ,client update iteration= 150 ,loss= 0.9766823053359985
client id= 1 ,round= 4 ,epoch= 1 ,client update iteration= 160 ,loss= 0.8530745506286621
client id= 1 ,round= 4 ,epoch= 1 ,client update iteration= 170 ,loss= 1.1015902757644653
client id= 1 ,round= 4 ,epoch= 1 ,client update iteration= 180 ,loss= 0.7029346823692322
client id= 1 ,round= 4 ,epoch= 1 ,client update iteration= 190 ,loss= 0.9257858395576477
client id= 1 ,round= 4 ,epoch= 1 ,client update iteration= 200 ,loss= 0.879482090473175
client id= 1 ,round= 4 ,epoch= 1 ,client update iteration= 210 ,loss= 0.8086984157562256
client id= 1 ,round= 4 ,epoch= 1 ,client update iteration= 220 ,loss= 0.8188292384147644
client id= 1 ,round= 4 ,epoch= 1 ,client update iteration= 230 ,loss= 1.187427043914795
client id= 1 ,round= 4 ,epoch= 1 ,client update iteration= 240 ,loss= 0.8504968285560608
client id= 1 ,round= 4 ,epoch= 1 ,client update iteration= 250 ,loss= 0.9309266209602356
client id= 1 ,round= 4 ,epoch= 1 ,client update iteration= 260 ,loss= 0.8378753662109375
client id= 1 ,round= 4 ,epoch= 1 ,client update iteration= 270 ,loss= 1.0319212675094604
client id= 1 ,round= 4 ,epoch= 1 ,client update iteration= 280 ,loss= 0.7805988788604736
client id= 1 ,round= 4 ,epoch= 1 ,client update iteration= 290 ,loss= 0.7610213160514832
client id= 1 ,round= 4 ,epoch= 1 ,client update iteration= 300 ,loss= 0.9878333806991577
client id= 1 ,round= 4 ,epoch= 1 ,client update iteration= 310 ,loss= 0.9060258865356445
client id= 1 ,round= 4 ,epoch= 1 ,client update iteration= 320 ,loss= 0.5844854712486267
client id= 1 ,round= 4 ,epoch= 1 ,client update iteration= 330 ,loss= 0.8325796127319336
client id= 1 ,round= 4 ,epoch= 1 ,client update iteration= 340 ,loss= 0.9785583019256592
client id= 1 ,round= 4 ,epoch= 1 ,client update iteration= 350 ,loss= 0.8838046789169312
client id= 1 ,round= 4 ,epoch= 1 ,client update iteration= 360 ,loss= 0.918617308139801
client id= 1 ,round= 4 ,epoch= 1 ,client update iteration= 370 ,loss= 0.9266552925109863
client id= 1 ,round= 4 ,epoch= 1 ,client update iteration= 380 ,loss= 0.8021016716957092
client id= 1 ,round= 4 ,epoch= 1 ,client update iteration= 390 ,loss= 0.8313618898391724
start cal weight time2021-06-30 18:06:08
end cal weight time2021-06-30 18:06:08
layer= 0 ratio= 0.011436135033744679
layer= 1 ratio= 0.013723362040493615
layer= 2 ratio= 0.016468034448592336
layer= 3 ratio= 0.019761641338310806
layer= 4 ratio= 0.023713969605972968
layer= 5 ratio= 0.02845676352716756
layer= 6 ratio= 0.03414811623260107
layer= 7 ratio= 0.04097773947912128
layer= 8 ratio= 0.049173287374945536
layer= 9 ratio= 0.05900794484993465
layer= 10 ratio= 0.07080953381992157
layer= 11 ratio= 0.08497144058390589
layer= 12 ratio= 0.10196572870068706
layer= 13 ratio= 0.12235887444082445
layer= 14 ratio= 0.14683064932898934
layer= 15 ratio= 0.1761967791947872
start add noise2021-06-30 18:06:08
end_add_noise_time2021-06-30 18:06:12
start cal weight time2021-06-30 18:06:12
end cal weight time2021-06-30 18:06:12
layer= 0 ratio= 0.011436135033744679
layer= 1 ratio= 0.013723362040493615
layer= 2 ratio= 0.016468034448592336
layer= 3 ratio= 0.019761641338310806
layer= 4 ratio= 0.023713969605972968
layer= 5 ratio= 0.02845676352716756
layer= 6 ratio= 0.03414811623260107
layer= 7 ratio= 0.04097773947912128
layer= 8 ratio= 0.049173287374945536
layer= 9 ratio= 0.05900794484993465
layer= 10 ratio= 0.07080953381992157
layer= 11 ratio= 0.08497144058390589
layer= 12 ratio= 0.10196572870068706
layer= 13 ratio= 0.12235887444082445
layer= 14 ratio= 0.14683064932898934
layer= 15 ratio= 0.1761967791947872
start add noise2021-06-30 18:06:12
end_add_noise_time2021-06-30 18:06:16
average train loss= 0.886677938577769
2021-06-30 18:06:25,round 4,val Accuracy Top1: 67.990000 %
2021-06-30 18:06:25,round 4,val Accuracy Top5: 97.450000 %
******client id  0 ******
client_update start
client id= 0 ,round= 5 ,epoch= 1 ,client update iteration= 10 ,loss= 0.8303136825561523
client id= 0 ,round= 5 ,epoch= 1 ,client update iteration= 20 ,loss= 0.8788337111473083
client id= 0 ,round= 5 ,epoch= 1 ,client update iteration= 30 ,loss= 0.8173263072967529
client id= 0 ,round= 5 ,epoch= 1 ,client update iteration= 40 ,loss= 0.9554873704910278
client id= 0 ,round= 5 ,epoch= 1 ,client update iteration= 50 ,loss= 0.7343094944953918
client id= 0 ,round= 5 ,epoch= 1 ,client update iteration= 60 ,loss= 0.9196869134902954
client id= 0 ,round= 5 ,epoch= 1 ,client update iteration= 70 ,loss= 0.7592240571975708
client id= 0 ,round= 5 ,epoch= 1 ,client update iteration= 80 ,loss= 0.9064730405807495
client id= 0 ,round= 5 ,epoch= 1 ,client update iteration= 90 ,loss= 0.796704888343811
client id= 0 ,round= 5 ,epoch= 1 ,client update iteration= 100 ,loss= 0.9822580218315125
client id= 0 ,round= 5 ,epoch= 1 ,client update iteration= 110 ,loss= 0.8524275422096252
client id= 0 ,round= 5 ,epoch= 1 ,client update iteration= 120 ,loss= 1.0291907787322998
client id= 0 ,round= 5 ,epoch= 1 ,client update iteration= 130 ,loss= 0.8679732084274292
client id= 0 ,round= 5 ,epoch= 1 ,client update iteration= 140 ,loss= 0.9220650792121887
client id= 0 ,round= 5 ,epoch= 1 ,client update iteration= 150 ,loss= 0.7564500570297241
client id= 0 ,round= 5 ,epoch= 1 ,client update iteration= 160 ,loss= 0.5893166065216064
client id= 0 ,round= 5 ,epoch= 1 ,client update iteration= 170 ,loss= 0.9477118849754333
client id= 0 ,round= 5 ,epoch= 1 ,client update iteration= 180 ,loss= 1.026671290397644
client id= 0 ,round= 5 ,epoch= 1 ,client update iteration= 190 ,loss= 0.9191418290138245
client id= 0 ,round= 5 ,epoch= 1 ,client update iteration= 200 ,loss= 0.837980329990387
client id= 0 ,round= 5 ,epoch= 1 ,client update iteration= 210 ,loss= 0.48909246921539307
client id= 0 ,round= 5 ,epoch= 1 ,client update iteration= 220 ,loss= 0.6321149468421936
client id= 0 ,round= 5 ,epoch= 1 ,client update iteration= 230 ,loss= 0.6017069816589355
client id= 0 ,round= 5 ,epoch= 1 ,client update iteration= 240 ,loss= 1.0090107917785645
client id= 0 ,round= 5 ,epoch= 1 ,client update iteration= 250 ,loss= 0.9453719854354858
client id= 0 ,round= 5 ,epoch= 1 ,client update iteration= 260 ,loss= 0.6768778562545776
client id= 0 ,round= 5 ,epoch= 1 ,client update iteration= 270 ,loss= 0.6908627152442932
client id= 0 ,round= 5 ,epoch= 1 ,client update iteration= 280 ,loss= 0.9973676204681396
client id= 0 ,round= 5 ,epoch= 1 ,client update iteration= 290 ,loss= 0.806698203086853
client id= 0 ,round= 5 ,epoch= 1 ,client update iteration= 300 ,loss= 0.8144800066947937
client id= 0 ,round= 5 ,epoch= 1 ,client update iteration= 310 ,loss= 0.8786138892173767
client id= 0 ,round= 5 ,epoch= 1 ,client update iteration= 320 ,loss= 0.7464359998703003
client id= 0 ,round= 5 ,epoch= 1 ,client update iteration= 330 ,loss= 0.954852819442749
client id= 0 ,round= 5 ,epoch= 1 ,client update iteration= 340 ,loss= 1.0111677646636963
client id= 0 ,round= 5 ,epoch= 1 ,client update iteration= 350 ,loss= 0.8595902323722839
client id= 0 ,round= 5 ,epoch= 1 ,client update iteration= 360 ,loss= 0.830536425113678
client id= 0 ,round= 5 ,epoch= 1 ,client update iteration= 370 ,loss= 0.7726250290870667
client id= 0 ,round= 5 ,epoch= 1 ,client update iteration= 380 ,loss= 0.8080281019210815
client id= 0 ,round= 5 ,epoch= 1 ,client update iteration= 390 ,loss= 1.1713265180587769
******client id  1 ******
client_update start
client id= 1 ,round= 5 ,epoch= 1 ,client update iteration= 10 ,loss= 0.9797923564910889
client id= 1 ,round= 5 ,epoch= 1 ,client update iteration= 20 ,loss= 0.8538722991943359
client id= 1 ,round= 5 ,epoch= 1 ,client update iteration= 30 ,loss= 0.9666925668716431
client id= 1 ,round= 5 ,epoch= 1 ,client update iteration= 40 ,loss= 0.8434109091758728
client id= 1 ,round= 5 ,epoch= 1 ,client update iteration= 50 ,loss= 0.9160454273223877
client id= 1 ,round= 5 ,epoch= 1 ,client update iteration= 60 ,loss= 0.945533812046051
client id= 1 ,round= 5 ,epoch= 1 ,client update iteration= 70 ,loss= 0.9659364819526672
client id= 1 ,round= 5 ,epoch= 1 ,client update iteration= 80 ,loss= 0.8390098810195923
client id= 1 ,round= 5 ,epoch= 1 ,client update iteration= 90 ,loss= 0.7667662501335144
client id= 1 ,round= 5 ,epoch= 1 ,client update iteration= 100 ,loss= 0.8011783361434937
client id= 1 ,round= 5 ,epoch= 1 ,client update iteration= 110 ,loss= 0.9109776616096497
client id= 1 ,round= 5 ,epoch= 1 ,client update iteration= 120 ,loss= 0.8717998266220093
client id= 1 ,round= 5 ,epoch= 1 ,client update iteration= 130 ,loss= 0.794644832611084
client id= 1 ,round= 5 ,epoch= 1 ,client update iteration= 140 ,loss= 0.8180306553840637
client id= 1 ,round= 5 ,epoch= 1 ,client update iteration= 150 ,loss= 0.9337716698646545
client id= 1 ,round= 5 ,epoch= 1 ,client update iteration= 160 ,loss= 0.7605996131896973
client id= 1 ,round= 5 ,epoch= 1 ,client update iteration= 170 ,loss= 0.9541064500808716
client id= 1 ,round= 5 ,epoch= 1 ,client update iteration= 180 ,loss= 0.7213213443756104
client id= 1 ,round= 5 ,epoch= 1 ,client update iteration= 190 ,loss= 0.8719592094421387
client id= 1 ,round= 5 ,epoch= 1 ,client update iteration= 200 ,loss= 0.803427517414093
client id= 1 ,round= 5 ,epoch= 1 ,client update iteration= 210 ,loss= 0.843557596206665
client id= 1 ,round= 5 ,epoch= 1 ,client update iteration= 220 ,loss= 0.7075441479682922
client id= 1 ,round= 5 ,epoch= 1 ,client update iteration= 230 ,loss= 0.7606034278869629
client id= 1 ,round= 5 ,epoch= 1 ,client update iteration= 240 ,loss= 0.7951713800430298
client id= 1 ,round= 5 ,epoch= 1 ,client update iteration= 250 ,loss= 0.7785617113113403
client id= 1 ,round= 5 ,epoch= 1 ,client update iteration= 260 ,loss= 0.8787038326263428
client id= 1 ,round= 5 ,epoch= 1 ,client update iteration= 270 ,loss= 0.7026528120040894
client id= 1 ,round= 5 ,epoch= 1 ,client update iteration= 280 ,loss= 0.7740652561187744
client id= 1 ,round= 5 ,epoch= 1 ,client update iteration= 290 ,loss= 0.9890890717506409
client id= 1 ,round= 5 ,epoch= 1 ,client update iteration= 300 ,loss= 0.6733264923095703
client id= 1 ,round= 5 ,epoch= 1 ,client update iteration= 310 ,loss= 0.816999077796936
client id= 1 ,round= 5 ,epoch= 1 ,client update iteration= 320 ,loss= 0.8466230630874634
client id= 1 ,round= 5 ,epoch= 1 ,client update iteration= 330 ,loss= 0.8030194640159607
client id= 1 ,round= 5 ,epoch= 1 ,client update iteration= 340 ,loss= 0.8124530911445618
client id= 1 ,round= 5 ,epoch= 1 ,client update iteration= 350 ,loss= 0.695292592048645
client id= 1 ,round= 5 ,epoch= 1 ,client update iteration= 360 ,loss= 0.5782449841499329
client id= 1 ,round= 5 ,epoch= 1 ,client update iteration= 370 ,loss= 0.6644856333732605
client id= 1 ,round= 5 ,epoch= 1 ,client update iteration= 380 ,loss= 0.8389645218849182
client id= 1 ,round= 5 ,epoch= 1 ,client update iteration= 390 ,loss= 0.5552296042442322
start cal weight time2021-06-30 18:08:58
end cal weight time2021-06-30 18:08:58
layer= 0 ratio= 0.011436135033744679
layer= 1 ratio= 0.013723362040493615
layer= 2 ratio= 0.016468034448592336
layer= 3 ratio= 0.019761641338310806
layer= 4 ratio= 0.023713969605972968
layer= 5 ratio= 0.02845676352716756
layer= 6 ratio= 0.03414811623260107
layer= 7 ratio= 0.04097773947912128
layer= 8 ratio= 0.049173287374945536
layer= 9 ratio= 0.05900794484993465
layer= 10 ratio= 0.07080953381992157
layer= 11 ratio= 0.08497144058390589
layer= 12 ratio= 0.10196572870068706
layer= 13 ratio= 0.12235887444082445
layer= 14 ratio= 0.14683064932898934
layer= 15 ratio= 0.1761967791947872
start add noise2021-06-30 18:08:58
end_add_noise_time2021-06-30 18:09:02
start cal weight time2021-06-30 18:09:02
end cal weight time2021-06-30 18:09:02
layer= 0 ratio= 0.011436135033744679
layer= 1 ratio= 0.013723362040493615
layer= 2 ratio= 0.016468034448592336
layer= 3 ratio= 0.019761641338310806
layer= 4 ratio= 0.023713969605972968
layer= 5 ratio= 0.02845676352716756
layer= 6 ratio= 0.03414811623260107
layer= 7 ratio= 0.04097773947912128
layer= 8 ratio= 0.049173287374945536
layer= 9 ratio= 0.05900794484993465
layer= 10 ratio= 0.07080953381992157
layer= 11 ratio= 0.08497144058390589
layer= 12 ratio= 0.10196572870068706
layer= 13 ratio= 0.12235887444082445
layer= 14 ratio= 0.14683064932898934
layer= 15 ratio= 0.1761967791947872
start add noise2021-06-30 18:09:02
end_add_noise_time2021-06-30 18:09:06
average train loss= 0.8324093302268811
2021-06-30 18:09:16,round 5,val Accuracy Top1: 70.230000 %
2021-06-30 18:09:16,round 5,val Accuracy Top5: 97.640000 %
******client id  0 ******
client_update start
client id= 0 ,round= 6 ,epoch= 1 ,client update iteration= 10 ,loss= 1.17828369140625
client id= 0 ,round= 6 ,epoch= 1 ,client update iteration= 20 ,loss= 1.0669127702713013
client id= 0 ,round= 6 ,epoch= 1 ,client update iteration= 30 ,loss= 0.7843603491783142
client id= 0 ,round= 6 ,epoch= 1 ,client update iteration= 40 ,loss= 0.8709704875946045
client id= 0 ,round= 6 ,epoch= 1 ,client update iteration= 50 ,loss= 0.9582399129867554
client id= 0 ,round= 6 ,epoch= 1 ,client update iteration= 60 ,loss= 0.8638207316398621
client id= 0 ,round= 6 ,epoch= 1 ,client update iteration= 70 ,loss= 0.9190508127212524
client id= 0 ,round= 6 ,epoch= 1 ,client update iteration= 80 ,loss= 0.8072183132171631
client id= 0 ,round= 6 ,epoch= 1 ,client update iteration= 90 ,loss= 0.6992631554603577
client id= 0 ,round= 6 ,epoch= 1 ,client update iteration= 100 ,loss= 0.6551156044006348
client id= 0 ,round= 6 ,epoch= 1 ,client update iteration= 110 ,loss= 1.1015666723251343
client id= 0 ,round= 6 ,epoch= 1 ,client update iteration= 120 ,loss= 0.9646567702293396
client id= 0 ,round= 6 ,epoch= 1 ,client update iteration= 130 ,loss= 0.7450046539306641
client id= 0 ,round= 6 ,epoch= 1 ,client update iteration= 140 ,loss= 0.9978727102279663
client id= 0 ,round= 6 ,epoch= 1 ,client update iteration= 150 ,loss= 0.7906591296195984
client id= 0 ,round= 6 ,epoch= 1 ,client update iteration= 160 ,loss= 0.8673719763755798
client id= 0 ,round= 6 ,epoch= 1 ,client update iteration= 170 ,loss= 0.9593611359596252
client id= 0 ,round= 6 ,epoch= 1 ,client update iteration= 180 ,loss= 0.6768423914909363
client id= 0 ,round= 6 ,epoch= 1 ,client update iteration= 190 ,loss= 0.6995930075645447
client id= 0 ,round= 6 ,epoch= 1 ,client update iteration= 200 ,loss= 0.7244060039520264
client id= 0 ,round= 6 ,epoch= 1 ,client update iteration= 210 ,loss= 1.0242254734039307
client id= 0 ,round= 6 ,epoch= 1 ,client update iteration= 220 ,loss= 0.6005774736404419
client id= 0 ,round= 6 ,epoch= 1 ,client update iteration= 230 ,loss= 0.8751813173294067
client id= 0 ,round= 6 ,epoch= 1 ,client update iteration= 240 ,loss= 0.7924252152442932
client id= 0 ,round= 6 ,epoch= 1 ,client update iteration= 250 ,loss= 0.6016979217529297
client id= 0 ,round= 6 ,epoch= 1 ,client update iteration= 260 ,loss= 0.6224284768104553
client id= 0 ,round= 6 ,epoch= 1 ,client update iteration= 270 ,loss= 0.80118328332901
client id= 0 ,round= 6 ,epoch= 1 ,client update iteration= 280 ,loss= 0.4296324849128723
client id= 0 ,round= 6 ,epoch= 1 ,client update iteration= 290 ,loss= 0.6115921139717102
client id= 0 ,round= 6 ,epoch= 1 ,client update iteration= 300 ,loss= 0.7644365429878235
client id= 0 ,round= 6 ,epoch= 1 ,client update iteration= 310 ,loss= 0.7338204979896545
client id= 0 ,round= 6 ,epoch= 1 ,client update iteration= 320 ,loss= 0.5391232371330261
client id= 0 ,round= 6 ,epoch= 1 ,client update iteration= 330 ,loss= 0.563503086566925
client id= 0 ,round= 6 ,epoch= 1 ,client update iteration= 340 ,loss= 0.6874489784240723
client id= 0 ,round= 6 ,epoch= 1 ,client update iteration= 350 ,loss= 0.7510985136032104
client id= 0 ,round= 6 ,epoch= 1 ,client update iteration= 360 ,loss= 0.683231770992279
client id= 0 ,round= 6 ,epoch= 1 ,client update iteration= 370 ,loss= 0.4763273596763611
client id= 0 ,round= 6 ,epoch= 1 ,client update iteration= 380 ,loss= 0.8776305913925171
client id= 0 ,round= 6 ,epoch= 1 ,client update iteration= 390 ,loss= 0.7681416273117065
******client id  1 ******
client_update start
client id= 1 ,round= 6 ,epoch= 1 ,client update iteration= 10 ,loss= 1.0029881000518799
client id= 1 ,round= 6 ,epoch= 1 ,client update iteration= 20 ,loss= 1.0493727922439575
client id= 1 ,round= 6 ,epoch= 1 ,client update iteration= 30 ,loss= 0.8690541386604309
client id= 1 ,round= 6 ,epoch= 1 ,client update iteration= 40 ,loss= 0.8498196601867676
client id= 1 ,round= 6 ,epoch= 1 ,client update iteration= 50 ,loss= 0.790707528591156
client id= 1 ,round= 6 ,epoch= 1 ,client update iteration= 60 ,loss= 0.9308944344520569
client id= 1 ,round= 6 ,epoch= 1 ,client update iteration= 70 ,loss= 0.9806859493255615
client id= 1 ,round= 6 ,epoch= 1 ,client update iteration= 80 ,loss= 0.8274571895599365
client id= 1 ,round= 6 ,epoch= 1 ,client update iteration= 90 ,loss= 0.9765267968177795
client id= 1 ,round= 6 ,epoch= 1 ,client update iteration= 100 ,loss= 1.1194801330566406
client id= 1 ,round= 6 ,epoch= 1 ,client update iteration= 110 ,loss= 0.7089335322380066
client id= 1 ,round= 6 ,epoch= 1 ,client update iteration= 120 ,loss= 0.7882803082466125
client id= 1 ,round= 6 ,epoch= 1 ,client update iteration= 130 ,loss= 0.8070454597473145
client id= 1 ,round= 6 ,epoch= 1 ,client update iteration= 140 ,loss= 1.3045432567596436
client id= 1 ,round= 6 ,epoch= 1 ,client update iteration= 150 ,loss= 1.1686427593231201
client id= 1 ,round= 6 ,epoch= 1 ,client update iteration= 160 ,loss= 0.76450115442276
client id= 1 ,round= 6 ,epoch= 1 ,client update iteration= 170 ,loss= 0.7115840315818787
client id= 1 ,round= 6 ,epoch= 1 ,client update iteration= 180 ,loss= 0.8177931308746338
client id= 1 ,round= 6 ,epoch= 1 ,client update iteration= 190 ,loss= 0.6562574505805969
client id= 1 ,round= 6 ,epoch= 1 ,client update iteration= 200 ,loss= 0.7608129978179932
client id= 1 ,round= 6 ,epoch= 1 ,client update iteration= 210 ,loss= 0.7779430747032166
client id= 1 ,round= 6 ,epoch= 1 ,client update iteration= 220 ,loss= 0.9028467535972595
client id= 1 ,round= 6 ,epoch= 1 ,client update iteration= 230 ,loss= 0.8032674193382263
client id= 1 ,round= 6 ,epoch= 1 ,client update iteration= 240 ,loss= 0.7339029312133789
client id= 1 ,round= 6 ,epoch= 1 ,client update iteration= 250 ,loss= 0.6563336253166199
client id= 1 ,round= 6 ,epoch= 1 ,client update iteration= 260 ,loss= 0.7462143898010254
client id= 1 ,round= 6 ,epoch= 1 ,client update iteration= 270 ,loss= 0.8401656746864319
client id= 1 ,round= 6 ,epoch= 1 ,client update iteration= 280 ,loss= 0.7800998687744141
client id= 1 ,round= 6 ,epoch= 1 ,client update iteration= 290 ,loss= 0.8786107301712036
client id= 1 ,round= 6 ,epoch= 1 ,client update iteration= 300 ,loss= 0.7880746126174927
client id= 1 ,round= 6 ,epoch= 1 ,client update iteration= 310 ,loss= 0.8834221959114075
client id= 1 ,round= 6 ,epoch= 1 ,client update iteration= 320 ,loss= 0.9061363935470581
client id= 1 ,round= 6 ,epoch= 1 ,client update iteration= 330 ,loss= 0.995275616645813
client id= 1 ,round= 6 ,epoch= 1 ,client update iteration= 340 ,loss= 1.0636928081512451
client id= 1 ,round= 6 ,epoch= 1 ,client update iteration= 350 ,loss= 0.8352313041687012
client id= 1 ,round= 6 ,epoch= 1 ,client update iteration= 360 ,loss= 0.7819522619247437
client id= 1 ,round= 6 ,epoch= 1 ,client update iteration= 370 ,loss= 0.6662194728851318
client id= 1 ,round= 6 ,epoch= 1 ,client update iteration= 380 ,loss= 1.1370511054992676
client id= 1 ,round= 6 ,epoch= 1 ,client update iteration= 390 ,loss= 0.8050042390823364
start cal weight time2021-06-30 18:11:50
end cal weight time2021-06-30 18:11:50
layer= 0 ratio= 0.011436135033744679
layer= 1 ratio= 0.013723362040493615
layer= 2 ratio= 0.016468034448592336
layer= 3 ratio= 0.019761641338310806
layer= 4 ratio= 0.023713969605972968
layer= 5 ratio= 0.02845676352716756
layer= 6 ratio= 0.03414811623260107
layer= 7 ratio= 0.04097773947912128
layer= 8 ratio= 0.049173287374945536
layer= 9 ratio= 0.05900794484993465
layer= 10 ratio= 0.07080953381992157
layer= 11 ratio= 0.08497144058390589
layer= 12 ratio= 0.10196572870068706
layer= 13 ratio= 0.12235887444082445
layer= 14 ratio= 0.14683064932898934
layer= 15 ratio= 0.1761967791947872
start add noise2021-06-30 18:11:50
end_add_noise_time2021-06-30 18:11:54
start cal weight time2021-06-30 18:11:54
end cal weight time2021-06-30 18:11:54
layer= 0 ratio= 0.011436135033744679
layer= 1 ratio= 0.013723362040493615
layer= 2 ratio= 0.016468034448592336
layer= 3 ratio= 0.019761641338310806
layer= 4 ratio= 0.023713969605972968
layer= 5 ratio= 0.02845676352716756
layer= 6 ratio= 0.03414811623260107
layer= 7 ratio= 0.04097773947912128
layer= 8 ratio= 0.049173287374945536
layer= 9 ratio= 0.05900794484993465
layer= 10 ratio= 0.07080953381992157
layer= 11 ratio= 0.08497144058390589
layer= 12 ratio= 0.10196572870068706
layer= 13 ratio= 0.12235887444082445
layer= 14 ratio= 0.14683064932898934
layer= 15 ratio= 0.1761967791947872
start add noise2021-06-30 18:11:54
end_add_noise_time2021-06-30 18:11:59
average train loss= 0.8274931527312149
2021-06-30 18:12:08,round 6,val Accuracy Top1: 67.730000 %
2021-06-30 18:12:08,round 6,val Accuracy Top5: 97.080000 %
******client id  0 ******
client_update start
client id= 0 ,round= 7 ,epoch= 1 ,client update iteration= 10 ,loss= 1.1467941999435425
client id= 0 ,round= 7 ,epoch= 1 ,client update iteration= 20 ,loss= 1.0859707593917847
client id= 0 ,round= 7 ,epoch= 1 ,client update iteration= 30 ,loss= 1.1001538038253784
client id= 0 ,round= 7 ,epoch= 1 ,client update iteration= 40 ,loss= 1.1388347148895264
client id= 0 ,round= 7 ,epoch= 1 ,client update iteration= 50 ,loss= 0.9660126566886902
client id= 0 ,round= 7 ,epoch= 1 ,client update iteration= 60 ,loss= 0.9318761825561523
client id= 0 ,round= 7 ,epoch= 1 ,client update iteration= 70 ,loss= 0.8587785959243774
client id= 0 ,round= 7 ,epoch= 1 ,client update iteration= 80 ,loss= 0.8400492072105408
client id= 0 ,round= 7 ,epoch= 1 ,client update iteration= 90 ,loss= 0.9664430022239685
client id= 0 ,round= 7 ,epoch= 1 ,client update iteration= 100 ,loss= 1.0638601779937744
client id= 0 ,round= 7 ,epoch= 1 ,client update iteration= 110 ,loss= 0.9914358854293823
client id= 0 ,round= 7 ,epoch= 1 ,client update iteration= 120 ,loss= 0.8744488954544067
client id= 0 ,round= 7 ,epoch= 1 ,client update iteration= 130 ,loss= 0.9654037952423096
client id= 0 ,round= 7 ,epoch= 1 ,client update iteration= 140 ,loss= 0.7943264245986938
client id= 0 ,round= 7 ,epoch= 1 ,client update iteration= 150 ,loss= 0.851677417755127
client id= 0 ,round= 7 ,epoch= 1 ,client update iteration= 160 ,loss= 0.8145503401756287
client id= 0 ,round= 7 ,epoch= 1 ,client update iteration= 170 ,loss= 0.741836667060852
client id= 0 ,round= 7 ,epoch= 1 ,client update iteration= 180 ,loss= 1.0405049324035645
client id= 0 ,round= 7 ,epoch= 1 ,client update iteration= 190 ,loss= 0.6541637182235718
client id= 0 ,round= 7 ,epoch= 1 ,client update iteration= 200 ,loss= 0.7526661157608032
client id= 0 ,round= 7 ,epoch= 1 ,client update iteration= 210 ,loss= 0.9383165240287781
client id= 0 ,round= 7 ,epoch= 1 ,client update iteration= 220 ,loss= 0.8021893501281738
client id= 0 ,round= 7 ,epoch= 1 ,client update iteration= 230 ,loss= 0.9873139262199402
client id= 0 ,round= 7 ,epoch= 1 ,client update iteration= 240 ,loss= 0.6993242502212524
client id= 0 ,round= 7 ,epoch= 1 ,client update iteration= 250 ,loss= 0.7087200880050659
client id= 0 ,round= 7 ,epoch= 1 ,client update iteration= 260 ,loss= 1.0740635395050049
client id= 0 ,round= 7 ,epoch= 1 ,client update iteration= 270 ,loss= 0.7693276405334473
client id= 0 ,round= 7 ,epoch= 1 ,client update iteration= 280 ,loss= 0.7564525008201599
client id= 0 ,round= 7 ,epoch= 1 ,client update iteration= 290 ,loss= 0.7813910245895386
client id= 0 ,round= 7 ,epoch= 1 ,client update iteration= 300 ,loss= 0.5788425207138062
client id= 0 ,round= 7 ,epoch= 1 ,client update iteration= 310 ,loss= 0.8723796606063843
client id= 0 ,round= 7 ,epoch= 1 ,client update iteration= 320 ,loss= 0.951209545135498
client id= 0 ,round= 7 ,epoch= 1 ,client update iteration= 330 ,loss= 0.6960557103157043
client id= 0 ,round= 7 ,epoch= 1 ,client update iteration= 340 ,loss= 0.7041430473327637
client id= 0 ,round= 7 ,epoch= 1 ,client update iteration= 350 ,loss= 0.7618562579154968
client id= 0 ,round= 7 ,epoch= 1 ,client update iteration= 360 ,loss= 0.7715536952018738
client id= 0 ,round= 7 ,epoch= 1 ,client update iteration= 370 ,loss= 0.5450417995452881
client id= 0 ,round= 7 ,epoch= 1 ,client update iteration= 380 ,loss= 1.0364140272140503
client id= 0 ,round= 7 ,epoch= 1 ,client update iteration= 390 ,loss= 0.8107621073722839
******client id  1 ******
client_update start
client id= 1 ,round= 7 ,epoch= 1 ,client update iteration= 10 ,loss= 1.2276902198791504
client id= 1 ,round= 7 ,epoch= 1 ,client update iteration= 20 ,loss= 1.1807633638381958
client id= 1 ,round= 7 ,epoch= 1 ,client update iteration= 30 ,loss= 0.9714688658714294
client id= 1 ,round= 7 ,epoch= 1 ,client update iteration= 40 ,loss= 0.9793880581855774
client id= 1 ,round= 7 ,epoch= 1 ,client update iteration= 50 ,loss= 0.9810308814048767
client id= 1 ,round= 7 ,epoch= 1 ,client update iteration= 60 ,loss= 0.9688900113105774
client id= 1 ,round= 7 ,epoch= 1 ,client update iteration= 70 ,loss= 0.7458001375198364
client id= 1 ,round= 7 ,epoch= 1 ,client update iteration= 80 ,loss= 0.7215547561645508
client id= 1 ,round= 7 ,epoch= 1 ,client update iteration= 90 ,loss= 0.8738253116607666
client id= 1 ,round= 7 ,epoch= 1 ,client update iteration= 100 ,loss= 1.1245428323745728
client id= 1 ,round= 7 ,epoch= 1 ,client update iteration= 110 ,loss= 0.8657749891281128
client id= 1 ,round= 7 ,epoch= 1 ,client update iteration= 120 ,loss= 0.6613279581069946
client id= 1 ,round= 7 ,epoch= 1 ,client update iteration= 130 ,loss= 1.1138001680374146
client id= 1 ,round= 7 ,epoch= 1 ,client update iteration= 140 ,loss= 0.7078661918640137
client id= 1 ,round= 7 ,epoch= 1 ,client update iteration= 150 ,loss= 1.256400227546692
client id= 1 ,round= 7 ,epoch= 1 ,client update iteration= 160 ,loss= 1.1103090047836304
client id= 1 ,round= 7 ,epoch= 1 ,client update iteration= 170 ,loss= 0.9301021099090576
client id= 1 ,round= 7 ,epoch= 1 ,client update iteration= 180 ,loss= 0.9225684404373169
client id= 1 ,round= 7 ,epoch= 1 ,client update iteration= 190 ,loss= 0.8208735585212708
client id= 1 ,round= 7 ,epoch= 1 ,client update iteration= 200 ,loss= 0.87515789270401
client id= 1 ,round= 7 ,epoch= 1 ,client update iteration= 210 ,loss= 0.7400950789451599
client id= 1 ,round= 7 ,epoch= 1 ,client update iteration= 220 ,loss= 0.6332930326461792
client id= 1 ,round= 7 ,epoch= 1 ,client update iteration= 230 ,loss= 0.7699374556541443
client id= 1 ,round= 7 ,epoch= 1 ,client update iteration= 240 ,loss= 0.6104469895362854
client id= 1 ,round= 7 ,epoch= 1 ,client update iteration= 250 ,loss= 0.802057147026062
client id= 1 ,round= 7 ,epoch= 1 ,client update iteration= 260 ,loss= 0.9620768427848816
client id= 1 ,round= 7 ,epoch= 1 ,client update iteration= 270 ,loss= 0.7716702222824097
client id= 1 ,round= 7 ,epoch= 1 ,client update iteration= 280 ,loss= 0.9802799820899963
client id= 1 ,round= 7 ,epoch= 1 ,client update iteration= 290 ,loss= 0.6159477233886719
client id= 1 ,round= 7 ,epoch= 1 ,client update iteration= 300 ,loss= 0.9275214672088623
client id= 1 ,round= 7 ,epoch= 1 ,client update iteration= 310 ,loss= 0.7446660995483398
client id= 1 ,round= 7 ,epoch= 1 ,client update iteration= 320 ,loss= 0.7340399026870728
client id= 1 ,round= 7 ,epoch= 1 ,client update iteration= 330 ,loss= 0.7630359530448914
client id= 1 ,round= 7 ,epoch= 1 ,client update iteration= 340 ,loss= 1.3002476692199707
client id= 1 ,round= 7 ,epoch= 1 ,client update iteration= 350 ,loss= 0.7608973383903503
client id= 1 ,round= 7 ,epoch= 1 ,client update iteration= 360 ,loss= 0.8523342609405518
client id= 1 ,round= 7 ,epoch= 1 ,client update iteration= 370 ,loss= 0.826209545135498
client id= 1 ,round= 7 ,epoch= 1 ,client update iteration= 380 ,loss= 0.9206079840660095
client id= 1 ,round= 7 ,epoch= 1 ,client update iteration= 390 ,loss= 0.8430071473121643
start cal weight time2021-06-30 18:14:40
end cal weight time2021-06-30 18:14:40
layer= 0 ratio= 0.011436135033744679
layer= 1 ratio= 0.013723362040493615
layer= 2 ratio= 0.016468034448592336
layer= 3 ratio= 0.019761641338310806
layer= 4 ratio= 0.023713969605972968
layer= 5 ratio= 0.02845676352716756
layer= 6 ratio= 0.03414811623260107
layer= 7 ratio= 0.04097773947912128
layer= 8 ratio= 0.049173287374945536
layer= 9 ratio= 0.05900794484993465
layer= 10 ratio= 0.07080953381992157
layer= 11 ratio= 0.08497144058390589
layer= 12 ratio= 0.10196572870068706
layer= 13 ratio= 0.12235887444082445
layer= 14 ratio= 0.14683064932898934
layer= 15 ratio= 0.1761967791947872
start add noise2021-06-30 18:14:40
end_add_noise_time2021-06-30 18:14:43
start cal weight time2021-06-30 18:14:43
end cal weight time2021-06-30 18:14:43
layer= 0 ratio= 0.011436135033744679
layer= 1 ratio= 0.013723362040493615
layer= 2 ratio= 0.016468034448592336
layer= 3 ratio= 0.019761641338310806
layer= 4 ratio= 0.023713969605972968
layer= 5 ratio= 0.02845676352716756
layer= 6 ratio= 0.03414811623260107
layer= 7 ratio= 0.04097773947912128
layer= 8 ratio= 0.049173287374945536
layer= 9 ratio= 0.05900794484993465
layer= 10 ratio= 0.07080953381992157
layer= 11 ratio= 0.08497144058390589
layer= 12 ratio= 0.10196572870068706
layer= 13 ratio= 0.12235887444082445
layer= 14 ratio= 0.14683064932898934
layer= 15 ratio= 0.1761967791947872
start add noise2021-06-30 18:14:43
end_add_noise_time2021-06-30 18:14:47
average train loss= 0.8468850788557927
2021-06-30 18:14:57,round 7,val Accuracy Top1: 69.810000 %
2021-06-30 18:14:57,round 7,val Accuracy Top5: 96.880000 %
******client id  0 ******
client_update start
client id= 0 ,round= 8 ,epoch= 1 ,client update iteration= 10 ,loss= 1.2274978160858154
client id= 0 ,round= 8 ,epoch= 1 ,client update iteration= 20 ,loss= 0.7474049925804138
client id= 0 ,round= 8 ,epoch= 1 ,client update iteration= 30 ,loss= 1.0678420066833496
client id= 0 ,round= 8 ,epoch= 1 ,client update iteration= 40 ,loss= 0.869747519493103
client id= 0 ,round= 8 ,epoch= 1 ,client update iteration= 50 ,loss= 1.0911383628845215
client id= 0 ,round= 8 ,epoch= 1 ,client update iteration= 60 ,loss= 1.066455364227295
client id= 0 ,round= 8 ,epoch= 1 ,client update iteration= 70 ,loss= 0.6208579540252686
client id= 0 ,round= 8 ,epoch= 1 ,client update iteration= 80 ,loss= 0.8171181082725525
client id= 0 ,round= 8 ,epoch= 1 ,client update iteration= 90 ,loss= 0.9653187394142151
client id= 0 ,round= 8 ,epoch= 1 ,client update iteration= 100 ,loss= 0.6343997120857239
client id= 0 ,round= 8 ,epoch= 1 ,client update iteration= 110 ,loss= 0.8600596785545349
client id= 0 ,round= 8 ,epoch= 1 ,client update iteration= 120 ,loss= 0.8409990072250366
client id= 0 ,round= 8 ,epoch= 1 ,client update iteration= 130 ,loss= 0.8898422718048096
client id= 0 ,round= 8 ,epoch= 1 ,client update iteration= 140 ,loss= 0.8029689788818359
client id= 0 ,round= 8 ,epoch= 1 ,client update iteration= 150 ,loss= 0.836982011795044
client id= 0 ,round= 8 ,epoch= 1 ,client update iteration= 160 ,loss= 1.0474376678466797
client id= 0 ,round= 8 ,epoch= 1 ,client update iteration= 170 ,loss= 0.5350396037101746
client id= 0 ,round= 8 ,epoch= 1 ,client update iteration= 180 ,loss= 1.0291681289672852
client id= 0 ,round= 8 ,epoch= 1 ,client update iteration= 190 ,loss= 0.8367842435836792
client id= 0 ,round= 8 ,epoch= 1 ,client update iteration= 200 ,loss= 1.0251532793045044
client id= 0 ,round= 8 ,epoch= 1 ,client update iteration= 210 ,loss= 1.0636695623397827
client id= 0 ,round= 8 ,epoch= 1 ,client update iteration= 220 ,loss= 0.681085467338562
client id= 0 ,round= 8 ,epoch= 1 ,client update iteration= 230 ,loss= 0.6911516189575195
client id= 0 ,round= 8 ,epoch= 1 ,client update iteration= 240 ,loss= 0.5561312437057495
client id= 0 ,round= 8 ,epoch= 1 ,client update iteration= 250 ,loss= 0.6290488839149475
client id= 0 ,round= 8 ,epoch= 1 ,client update iteration= 260 ,loss= 0.9964197278022766
client id= 0 ,round= 8 ,epoch= 1 ,client update iteration= 270 ,loss= 0.5748211741447449
client id= 0 ,round= 8 ,epoch= 1 ,client update iteration= 280 ,loss= 0.6430652737617493
client id= 0 ,round= 8 ,epoch= 1 ,client update iteration= 290 ,loss= 0.915032148361206
client id= 0 ,round= 8 ,epoch= 1 ,client update iteration= 300 ,loss= 0.6358482241630554
client id= 0 ,round= 8 ,epoch= 1 ,client update iteration= 310 ,loss= 0.8161102533340454
client id= 0 ,round= 8 ,epoch= 1 ,client update iteration= 320 ,loss= 0.6347524523735046
client id= 0 ,round= 8 ,epoch= 1 ,client update iteration= 330 ,loss= 0.7226113677024841
client id= 0 ,round= 8 ,epoch= 1 ,client update iteration= 340 ,loss= 0.6562938690185547
client id= 0 ,round= 8 ,epoch= 1 ,client update iteration= 350 ,loss= 0.9590756297111511
client id= 0 ,round= 8 ,epoch= 1 ,client update iteration= 360 ,loss= 0.8018378019332886
client id= 0 ,round= 8 ,epoch= 1 ,client update iteration= 370 ,loss= 0.775443434715271
client id= 0 ,round= 8 ,epoch= 1 ,client update iteration= 380 ,loss= 0.5506594777107239
client id= 0 ,round= 8 ,epoch= 1 ,client update iteration= 390 ,loss= 0.8268540501594543
******client id  1 ******
client_update start
client id= 1 ,round= 8 ,epoch= 1 ,client update iteration= 10 ,loss= 1.4812391996383667
client id= 1 ,round= 8 ,epoch= 1 ,client update iteration= 20 ,loss= 1.4603904485702515
client id= 1 ,round= 8 ,epoch= 1 ,client update iteration= 30 ,loss= 0.9602585434913635
client id= 1 ,round= 8 ,epoch= 1 ,client update iteration= 40 ,loss= 1.0690882205963135
client id= 1 ,round= 8 ,epoch= 1 ,client update iteration= 50 ,loss= 0.9179811477661133
client id= 1 ,round= 8 ,epoch= 1 ,client update iteration= 60 ,loss= 0.9578164219856262
client id= 1 ,round= 8 ,epoch= 1 ,client update iteration= 70 ,loss= 0.7787007093429565
client id= 1 ,round= 8 ,epoch= 1 ,client update iteration= 80 ,loss= 1.0302503108978271
client id= 1 ,round= 8 ,epoch= 1 ,client update iteration= 90 ,loss= 1.1422079801559448
client id= 1 ,round= 8 ,epoch= 1 ,client update iteration= 100 ,loss= 0.9880246520042419
client id= 1 ,round= 8 ,epoch= 1 ,client update iteration= 110 ,loss= 0.6857725381851196
client id= 1 ,round= 8 ,epoch= 1 ,client update iteration= 120 ,loss= 0.5697413086891174
client id= 1 ,round= 8 ,epoch= 1 ,client update iteration= 130 ,loss= 1.1151708364486694
client id= 1 ,round= 8 ,epoch= 1 ,client update iteration= 140 ,loss= 0.9310910701751709
client id= 1 ,round= 8 ,epoch= 1 ,client update iteration= 150 ,loss= 0.7928283214569092
client id= 1 ,round= 8 ,epoch= 1 ,client update iteration= 160 ,loss= 0.8496597409248352
client id= 1 ,round= 8 ,epoch= 1 ,client update iteration= 170 ,loss= 0.9867475628852844
client id= 1 ,round= 8 ,epoch= 1 ,client update iteration= 180 ,loss= 1.1050840616226196
client id= 1 ,round= 8 ,epoch= 1 ,client update iteration= 190 ,loss= 1.0085854530334473
client id= 1 ,round= 8 ,epoch= 1 ,client update iteration= 200 ,loss= 0.8335950970649719
client id= 1 ,round= 8 ,epoch= 1 ,client update iteration= 210 ,loss= 1.0536165237426758
client id= 1 ,round= 8 ,epoch= 1 ,client update iteration= 220 ,loss= 0.8046821355819702
client id= 1 ,round= 8 ,epoch= 1 ,client update iteration= 230 ,loss= 0.8181354403495789
client id= 1 ,round= 8 ,epoch= 1 ,client update iteration= 240 ,loss= 0.7048600316047668
client id= 1 ,round= 8 ,epoch= 1 ,client update iteration= 250 ,loss= 0.9586859941482544
client id= 1 ,round= 8 ,epoch= 1 ,client update iteration= 260 ,loss= 0.6847952008247375
client id= 1 ,round= 8 ,epoch= 1 ,client update iteration= 270 ,loss= 0.7390663623809814
client id= 1 ,round= 8 ,epoch= 1 ,client update iteration= 280 ,loss= 0.9126324653625488
client id= 1 ,round= 8 ,epoch= 1 ,client update iteration= 290 ,loss= 0.7533601522445679
client id= 1 ,round= 8 ,epoch= 1 ,client update iteration= 300 ,loss= 0.7984715104103088
client id= 1 ,round= 8 ,epoch= 1 ,client update iteration= 310 ,loss= 0.9945827722549438
client id= 1 ,round= 8 ,epoch= 1 ,client update iteration= 320 ,loss= 0.7248751521110535
client id= 1 ,round= 8 ,epoch= 1 ,client update iteration= 330 ,loss= 0.8670421242713928
client id= 1 ,round= 8 ,epoch= 1 ,client update iteration= 340 ,loss= 0.7998489141464233
client id= 1 ,round= 8 ,epoch= 1 ,client update iteration= 350 ,loss= 0.7492582201957703
client id= 1 ,round= 8 ,epoch= 1 ,client update iteration= 360 ,loss= 0.633052408695221
client id= 1 ,round= 8 ,epoch= 1 ,client update iteration= 370 ,loss= 0.7031922936439514
client id= 1 ,round= 8 ,epoch= 1 ,client update iteration= 380 ,loss= 0.6546532511711121
client id= 1 ,round= 8 ,epoch= 1 ,client update iteration= 390 ,loss= 0.6966968178749084
start cal weight time2021-06-30 18:17:34
end cal weight time2021-06-30 18:17:34
layer= 0 ratio= 0.011436135033744679
layer= 1 ratio= 0.013723362040493615
layer= 2 ratio= 0.016468034448592336
layer= 3 ratio= 0.019761641338310806
layer= 4 ratio= 0.023713969605972968
layer= 5 ratio= 0.02845676352716756
layer= 6 ratio= 0.03414811623260107
layer= 7 ratio= 0.04097773947912128
layer= 8 ratio= 0.049173287374945536
layer= 9 ratio= 0.05900794484993465
layer= 10 ratio= 0.07080953381992157
layer= 11 ratio= 0.08497144058390589
layer= 12 ratio= 0.10196572870068706
layer= 13 ratio= 0.12235887444082445
layer= 14 ratio= 0.14683064932898934
layer= 15 ratio= 0.1761967791947872
start add noise2021-06-30 18:17:34
end_add_noise_time2021-06-30 18:17:38
start cal weight time2021-06-30 18:17:38
end cal weight time2021-06-30 18:17:38
layer= 0 ratio= 0.011436135033744679
layer= 1 ratio= 0.013723362040493615
layer= 2 ratio= 0.016468034448592336
layer= 3 ratio= 0.019761641338310806
layer= 4 ratio= 0.023713969605972968
layer= 5 ratio= 0.02845676352716756
layer= 6 ratio= 0.03414811623260107
layer= 7 ratio= 0.04097773947912128
layer= 8 ratio= 0.049173287374945536
layer= 9 ratio= 0.05900794484993465
layer= 10 ratio= 0.07080953381992157
layer= 11 ratio= 0.08497144058390589
layer= 12 ratio= 0.10196572870068706
layer= 13 ratio= 0.12235887444082445
layer= 14 ratio= 0.14683064932898934
layer= 15 ratio= 0.1761967791947872
start add noise2021-06-30 18:17:38
end_add_noise_time2021-06-30 18:17:42
average train loss= 0.8685956565315461
2021-06-30 18:17:51,round 8,val Accuracy Top1: 64.810000 %
2021-06-30 18:17:51,round 8,val Accuracy Top5: 97.060000 %
******client id  0 ******
client_update start
client id= 0 ,round= 9 ,epoch= 1 ,client update iteration= 10 ,loss= 1.2607648372650146
client id= 0 ,round= 9 ,epoch= 1 ,client update iteration= 20 ,loss= 1.334176778793335
client id= 0 ,round= 9 ,epoch= 1 ,client update iteration= 30 ,loss= 1.5676815509796143
client id= 0 ,round= 9 ,epoch= 1 ,client update iteration= 40 ,loss= 1.0080711841583252
client id= 0 ,round= 9 ,epoch= 1 ,client update iteration= 50 ,loss= 0.9859822392463684
client id= 0 ,round= 9 ,epoch= 1 ,client update iteration= 60 ,loss= 0.9207407236099243
client id= 0 ,round= 9 ,epoch= 1 ,client update iteration= 70 ,loss= 1.18408203125
client id= 0 ,round= 9 ,epoch= 1 ,client update iteration= 80 ,loss= 1.0072952508926392
client id= 0 ,round= 9 ,epoch= 1 ,client update iteration= 90 ,loss= 1.0606664419174194
client id= 0 ,round= 9 ,epoch= 1 ,client update iteration= 100 ,loss= 1.1201086044311523
client id= 0 ,round= 9 ,epoch= 1 ,client update iteration= 110 ,loss= 0.891510546207428
client id= 0 ,round= 9 ,epoch= 1 ,client update iteration= 120 ,loss= 1.0583709478378296
client id= 0 ,round= 9 ,epoch= 1 ,client update iteration= 130 ,loss= 0.9168660044670105
client id= 0 ,round= 9 ,epoch= 1 ,client update iteration= 140 ,loss= 1.097326397895813
client id= 0 ,round= 9 ,epoch= 1 ,client update iteration= 150 ,loss= 0.7439738512039185
client id= 0 ,round= 9 ,epoch= 1 ,client update iteration= 160 ,loss= 0.7373661994934082
client id= 0 ,round= 9 ,epoch= 1 ,client update iteration= 170 ,loss= 0.7557222247123718
client id= 0 ,round= 9 ,epoch= 1 ,client update iteration= 180 ,loss= 0.8670332431793213
client id= 0 ,round= 9 ,epoch= 1 ,client update iteration= 190 ,loss= 1.1257617473602295
client id= 0 ,round= 9 ,epoch= 1 ,client update iteration= 200 ,loss= 0.7592446208000183
client id= 0 ,round= 9 ,epoch= 1 ,client update iteration= 210 ,loss= 1.0148112773895264
client id= 0 ,round= 9 ,epoch= 1 ,client update iteration= 220 ,loss= 1.0000739097595215
client id= 0 ,round= 9 ,epoch= 1 ,client update iteration= 230 ,loss= 0.8541592359542847
client id= 0 ,round= 9 ,epoch= 1 ,client update iteration= 240 ,loss= 0.7602779865264893
client id= 0 ,round= 9 ,epoch= 1 ,client update iteration= 250 ,loss= 0.6707490682601929
client id= 0 ,round= 9 ,epoch= 1 ,client update iteration= 260 ,loss= 0.9493650197982788
client id= 0 ,round= 9 ,epoch= 1 ,client update iteration= 270 ,loss= 0.9066846966743469
client id= 0 ,round= 9 ,epoch= 1 ,client update iteration= 280 ,loss= 0.724475085735321
client id= 0 ,round= 9 ,epoch= 1 ,client update iteration= 290 ,loss= 0.7665257453918457
client id= 0 ,round= 9 ,epoch= 1 ,client update iteration= 300 ,loss= 0.7334229946136475
client id= 0 ,round= 9 ,epoch= 1 ,client update iteration= 310 ,loss= 0.6176952123641968
client id= 0 ,round= 9 ,epoch= 1 ,client update iteration= 320 ,loss= 1.0669665336608887
client id= 0 ,round= 9 ,epoch= 1 ,client update iteration= 330 ,loss= 0.7995937466621399
client id= 0 ,round= 9 ,epoch= 1 ,client update iteration= 340 ,loss= 1.1807528734207153
client id= 0 ,round= 9 ,epoch= 1 ,client update iteration= 350 ,loss= 0.9752809405326843
client id= 0 ,round= 9 ,epoch= 1 ,client update iteration= 360 ,loss= 0.637540340423584
client id= 0 ,round= 9 ,epoch= 1 ,client update iteration= 370 ,loss= 0.887273907661438
client id= 0 ,round= 9 ,epoch= 1 ,client update iteration= 380 ,loss= 0.70069819688797
client id= 0 ,round= 9 ,epoch= 1 ,client update iteration= 390 ,loss= 1.2176129817962646
******client id  1 ******
client_update start
client id= 1 ,round= 9 ,epoch= 1 ,client update iteration= 10 ,loss= 1.067342758178711
client id= 1 ,round= 9 ,epoch= 1 ,client update iteration= 20 ,loss= 1.1666322946548462
client id= 1 ,round= 9 ,epoch= 1 ,client update iteration= 30 ,loss= 0.9781314134597778
client id= 1 ,round= 9 ,epoch= 1 ,client update iteration= 40 ,loss= 0.9174284934997559
client id= 1 ,round= 9 ,epoch= 1 ,client update iteration= 50 ,loss= 1.3849531412124634
client id= 1 ,round= 9 ,epoch= 1 ,client update iteration= 60 ,loss= 1.1943126916885376
client id= 1 ,round= 9 ,epoch= 1 ,client update iteration= 70 ,loss= 1.007123351097107
client id= 1 ,round= 9 ,epoch= 1 ,client update iteration= 80 ,loss= 0.8037090301513672
client id= 1 ,round= 9 ,epoch= 1 ,client update iteration= 90 ,loss= 0.9006364941596985
client id= 1 ,round= 9 ,epoch= 1 ,client update iteration= 100 ,loss= 1.0657836198806763
client id= 1 ,round= 9 ,epoch= 1 ,client update iteration= 110 ,loss= 1.075412392616272
client id= 1 ,round= 9 ,epoch= 1 ,client update iteration= 120 ,loss= 1.06940758228302
client id= 1 ,round= 9 ,epoch= 1 ,client update iteration= 130 ,loss= 0.9592909216880798
client id= 1 ,round= 9 ,epoch= 1 ,client update iteration= 140 ,loss= 0.8492422103881836
client id= 1 ,round= 9 ,epoch= 1 ,client update iteration= 150 ,loss= 0.9928083419799805
client id= 1 ,round= 9 ,epoch= 1 ,client update iteration= 160 ,loss= 1.1263165473937988
client id= 1 ,round= 9 ,epoch= 1 ,client update iteration= 170 ,loss= 0.9267548322677612
client id= 1 ,round= 9 ,epoch= 1 ,client update iteration= 180 ,loss= 1.0207105875015259
client id= 1 ,round= 9 ,epoch= 1 ,client update iteration= 190 ,loss= 0.8715381026268005
client id= 1 ,round= 9 ,epoch= 1 ,client update iteration= 200 ,loss= 1.1414132118225098
client id= 1 ,round= 9 ,epoch= 1 ,client update iteration= 210 ,loss= 0.8968130350112915
client id= 1 ,round= 9 ,epoch= 1 ,client update iteration= 220 ,loss= 0.701332151889801
client id= 1 ,round= 9 ,epoch= 1 ,client update iteration= 230 ,loss= 0.860551118850708
client id= 1 ,round= 9 ,epoch= 1 ,client update iteration= 240 ,loss= 0.7660367488861084
client id= 1 ,round= 9 ,epoch= 1 ,client update iteration= 250 ,loss= 0.6697683930397034
client id= 1 ,round= 9 ,epoch= 1 ,client update iteration= 260 ,loss= 0.9048948287963867
client id= 1 ,round= 9 ,epoch= 1 ,client update iteration= 270 ,loss= 0.8259343504905701
client id= 1 ,round= 9 ,epoch= 1 ,client update iteration= 280 ,loss= 0.751215398311615
client id= 1 ,round= 9 ,epoch= 1 ,client update iteration= 290 ,loss= 0.7728099822998047
client id= 1 ,round= 9 ,epoch= 1 ,client update iteration= 300 ,loss= 0.6679473519325256
client id= 1 ,round= 9 ,epoch= 1 ,client update iteration= 310 ,loss= 1.0382665395736694
client id= 1 ,round= 9 ,epoch= 1 ,client update iteration= 320 ,loss= 0.9140204191207886
client id= 1 ,round= 9 ,epoch= 1 ,client update iteration= 330 ,loss= 0.8827532529830933
client id= 1 ,round= 9 ,epoch= 1 ,client update iteration= 340 ,loss= 1.045540690422058
client id= 1 ,round= 9 ,epoch= 1 ,client update iteration= 350 ,loss= 0.820375382900238
client id= 1 ,round= 9 ,epoch= 1 ,client update iteration= 360 ,loss= 1.1670235395431519
client id= 1 ,round= 9 ,epoch= 1 ,client update iteration= 370 ,loss= 0.9307437539100647
client id= 1 ,round= 9 ,epoch= 1 ,client update iteration= 380 ,loss= 0.7128503322601318
client id= 1 ,round= 9 ,epoch= 1 ,client update iteration= 390 ,loss= 0.7587611675262451
start cal weight time2021-06-30 18:20:26
end cal weight time2021-06-30 18:20:26
layer= 0 ratio= 0.011436135033744679
layer= 1 ratio= 0.013723362040493615
layer= 2 ratio= 0.016468034448592336
layer= 3 ratio= 0.019761641338310806
layer= 4 ratio= 0.023713969605972968
layer= 5 ratio= 0.02845676352716756
layer= 6 ratio= 0.03414811623260107
layer= 7 ratio= 0.04097773947912128
layer= 8 ratio= 0.049173287374945536
layer= 9 ratio= 0.05900794484993465
layer= 10 ratio= 0.07080953381992157
layer= 11 ratio= 0.08497144058390589
layer= 12 ratio= 0.10196572870068706
layer= 13 ratio= 0.12235887444082445
layer= 14 ratio= 0.14683064932898934
layer= 15 ratio= 0.1761967791947872
start add noise2021-06-30 18:20:26
end_add_noise_time2021-06-30 18:20:31
start cal weight time2021-06-30 18:20:31
end cal weight time2021-06-30 18:20:31
layer= 0 ratio= 0.011436135033744679
layer= 1 ratio= 0.013723362040493615
layer= 2 ratio= 0.016468034448592336
layer= 3 ratio= 0.019761641338310806
layer= 4 ratio= 0.023713969605972968
layer= 5 ratio= 0.02845676352716756
layer= 6 ratio= 0.03414811623260107
layer= 7 ratio= 0.04097773947912128
layer= 8 ratio= 0.049173287374945536
layer= 9 ratio= 0.05900794484993465
layer= 10 ratio= 0.07080953381992157
layer= 11 ratio= 0.08497144058390589
layer= 12 ratio= 0.10196572870068706
layer= 13 ratio= 0.12235887444082445
layer= 14 ratio= 0.14683064932898934
layer= 15 ratio= 0.1761967791947872
start add noise2021-06-30 18:20:31
end_add_noise_time2021-06-30 18:20:36
average train loss= 0.9351585794364095
2021-06-30 18:20:46,round 9,val Accuracy Top1: 67.280000 %
2021-06-30 18:20:46,round 9,val Accuracy Top5: 96.790000 %
******client id  0 ******
client_update start
client id= 0 ,round= 10 ,epoch= 1 ,client update iteration= 10 ,loss= 1.393666386604309
client id= 0 ,round= 10 ,epoch= 1 ,client update iteration= 20 ,loss= 1.215720772743225
client id= 0 ,round= 10 ,epoch= 1 ,client update iteration= 30 ,loss= 1.1772178411483765
client id= 0 ,round= 10 ,epoch= 1 ,client update iteration= 40 ,loss= 1.2017329931259155
client id= 0 ,round= 10 ,epoch= 1 ,client update iteration= 50 ,loss= 1.3303335905075073
client id= 0 ,round= 10 ,epoch= 1 ,client update iteration= 60 ,loss= 1.1066534519195557
client id= 0 ,round= 10 ,epoch= 1 ,client update iteration= 70 ,loss= 1.1277542114257812
client id= 0 ,round= 10 ,epoch= 1 ,client update iteration= 80 ,loss= 0.9176589846611023
client id= 0 ,round= 10 ,epoch= 1 ,client update iteration= 90 ,loss= 0.8324220180511475
client id= 0 ,round= 10 ,epoch= 1 ,client update iteration= 100 ,loss= 0.9834691882133484
client id= 0 ,round= 10 ,epoch= 1 ,client update iteration= 110 ,loss= 1.3599199056625366
client id= 0 ,round= 10 ,epoch= 1 ,client update iteration= 120 ,loss= 0.7361202836036682
client id= 0 ,round= 10 ,epoch= 1 ,client update iteration= 130 ,loss= 1.0322556495666504
client id= 0 ,round= 10 ,epoch= 1 ,client update iteration= 140 ,loss= 0.6820396780967712
client id= 0 ,round= 10 ,epoch= 1 ,client update iteration= 150 ,loss= 0.8435313105583191
client id= 0 ,round= 10 ,epoch= 1 ,client update iteration= 160 ,loss= 1.094659447669983
client id= 0 ,round= 10 ,epoch= 1 ,client update iteration= 170 ,loss= 1.288466215133667
client id= 0 ,round= 10 ,epoch= 1 ,client update iteration= 180 ,loss= 1.0442590713500977
client id= 0 ,round= 10 ,epoch= 1 ,client update iteration= 190 ,loss= 0.9989606738090515
client id= 0 ,round= 10 ,epoch= 1 ,client update iteration= 200 ,loss= 0.8936167359352112
client id= 0 ,round= 10 ,epoch= 1 ,client update iteration= 210 ,loss= 0.6685022711753845
client id= 0 ,round= 10 ,epoch= 1 ,client update iteration= 220 ,loss= 1.07603919506073
client id= 0 ,round= 10 ,epoch= 1 ,client update iteration= 230 ,loss= 0.7297329306602478
client id= 0 ,round= 10 ,epoch= 1 ,client update iteration= 240 ,loss= 1.0396664142608643
client id= 0 ,round= 10 ,epoch= 1 ,client update iteration= 250 ,loss= 0.6544781923294067
client id= 0 ,round= 10 ,epoch= 1 ,client update iteration= 260 ,loss= 0.9694761633872986
client id= 0 ,round= 10 ,epoch= 1 ,client update iteration= 270 ,loss= 0.8916987776756287
client id= 0 ,round= 10 ,epoch= 1 ,client update iteration= 280 ,loss= 0.8061991930007935
client id= 0 ,round= 10 ,epoch= 1 ,client update iteration= 290 ,loss= 0.7555469870567322
client id= 0 ,round= 10 ,epoch= 1 ,client update iteration= 300 ,loss= 0.8847121596336365
client id= 0 ,round= 10 ,epoch= 1 ,client update iteration= 310 ,loss= 1.139192819595337
client id= 0 ,round= 10 ,epoch= 1 ,client update iteration= 320 ,loss= 0.8211914300918579
client id= 0 ,round= 10 ,epoch= 1 ,client update iteration= 330 ,loss= 0.9951637387275696
client id= 0 ,round= 10 ,epoch= 1 ,client update iteration= 340 ,loss= 0.8327628374099731
client id= 0 ,round= 10 ,epoch= 1 ,client update iteration= 350 ,loss= 0.905193567276001
client id= 0 ,round= 10 ,epoch= 1 ,client update iteration= 360 ,loss= 0.838329017162323
client id= 0 ,round= 10 ,epoch= 1 ,client update iteration= 370 ,loss= 1.0818934440612793
client id= 0 ,round= 10 ,epoch= 1 ,client update iteration= 380 ,loss= 0.807727575302124
client id= 0 ,round= 10 ,epoch= 1 ,client update iteration= 390 ,loss= 1.0090534687042236
******client id  1 ******
client_update start
client id= 1 ,round= 10 ,epoch= 1 ,client update iteration= 10 ,loss= 1.1793744564056396
client id= 1 ,round= 10 ,epoch= 1 ,client update iteration= 20 ,loss= 1.4478120803833008
client id= 1 ,round= 10 ,epoch= 1 ,client update iteration= 30 ,loss= 1.3261593580245972
client id= 1 ,round= 10 ,epoch= 1 ,client update iteration= 40 ,loss= 1.0604524612426758
client id= 1 ,round= 10 ,epoch= 1 ,client update iteration= 50 ,loss= 1.1631603240966797
client id= 1 ,round= 10 ,epoch= 1 ,client update iteration= 60 ,loss= 0.9986175894737244
client id= 1 ,round= 10 ,epoch= 1 ,client update iteration= 70 ,loss= 0.9905491471290588
client id= 1 ,round= 10 ,epoch= 1 ,client update iteration= 80 ,loss= 1.0828731060028076
client id= 1 ,round= 10 ,epoch= 1 ,client update iteration= 90 ,loss= 0.7648005485534668
client id= 1 ,round= 10 ,epoch= 1 ,client update iteration= 100 ,loss= 0.9134538769721985
client id= 1 ,round= 10 ,epoch= 1 ,client update iteration= 110 ,loss= 1.442625880241394
client id= 1 ,round= 10 ,epoch= 1 ,client update iteration= 120 ,loss= 1.0955700874328613
client id= 1 ,round= 10 ,epoch= 1 ,client update iteration= 130 ,loss= 0.9248437285423279
client id= 1 ,round= 10 ,epoch= 1 ,client update iteration= 140 ,loss= 0.81001877784729
client id= 1 ,round= 10 ,epoch= 1 ,client update iteration= 150 ,loss= 0.9313644170761108
client id= 1 ,round= 10 ,epoch= 1 ,client update iteration= 160 ,loss= 0.8690120577812195
client id= 1 ,round= 10 ,epoch= 1 ,client update iteration= 170 ,loss= 0.8271986246109009
client id= 1 ,round= 10 ,epoch= 1 ,client update iteration= 180 ,loss= 1.1681782007217407
client id= 1 ,round= 10 ,epoch= 1 ,client update iteration= 190 ,loss= 0.8779729008674622
client id= 1 ,round= 10 ,epoch= 1 ,client update iteration= 200 ,loss= 1.032881498336792
client id= 1 ,round= 10 ,epoch= 1 ,client update iteration= 210 ,loss= 0.9021387100219727
client id= 1 ,round= 10 ,epoch= 1 ,client update iteration= 220 ,loss= 1.1159051656723022
client id= 1 ,round= 10 ,epoch= 1 ,client update iteration= 230 ,loss= 0.8007377982139587
client id= 1 ,round= 10 ,epoch= 1 ,client update iteration= 240 ,loss= 0.9846070408821106
client id= 1 ,round= 10 ,epoch= 1 ,client update iteration= 250 ,loss= 1.404014229774475
client id= 1 ,round= 10 ,epoch= 1 ,client update iteration= 260 ,loss= 0.9807127118110657
client id= 1 ,round= 10 ,epoch= 1 ,client update iteration= 270 ,loss= 0.6704326272010803
client id= 1 ,round= 10 ,epoch= 1 ,client update iteration= 280 ,loss= 0.6406689882278442
client id= 1 ,round= 10 ,epoch= 1 ,client update iteration= 290 ,loss= 0.8922920227050781
client id= 1 ,round= 10 ,epoch= 1 ,client update iteration= 300 ,loss= 1.1625868082046509
client id= 1 ,round= 10 ,epoch= 1 ,client update iteration= 310 ,loss= 0.734767496585846
client id= 1 ,round= 10 ,epoch= 1 ,client update iteration= 320 ,loss= 0.9574680328369141
client id= 1 ,round= 10 ,epoch= 1 ,client update iteration= 330 ,loss= 0.9457916021347046
client id= 1 ,round= 10 ,epoch= 1 ,client update iteration= 340 ,loss= 1.0420831441879272
client id= 1 ,round= 10 ,epoch= 1 ,client update iteration= 350 ,loss= 0.8678528666496277
client id= 1 ,round= 10 ,epoch= 1 ,client update iteration= 360 ,loss= 0.5334485173225403
client id= 1 ,round= 10 ,epoch= 1 ,client update iteration= 370 ,loss= 0.7379631996154785
client id= 1 ,round= 10 ,epoch= 1 ,client update iteration= 380 ,loss= 0.762626051902771
client id= 1 ,round= 10 ,epoch= 1 ,client update iteration= 390 ,loss= 0.8211801052093506
start cal weight time2021-06-30 18:23:21
end cal weight time2021-06-30 18:23:21
layer= 0 ratio= 0.011436135033744679
layer= 1 ratio= 0.013723362040493615
layer= 2 ratio= 0.016468034448592336
layer= 3 ratio= 0.019761641338310806
layer= 4 ratio= 0.023713969605972968
layer= 5 ratio= 0.02845676352716756
layer= 6 ratio= 0.03414811623260107
layer= 7 ratio= 0.04097773947912128
layer= 8 ratio= 0.049173287374945536
layer= 9 ratio= 0.05900794484993465
layer= 10 ratio= 0.07080953381992157
layer= 11 ratio= 0.08497144058390589
layer= 12 ratio= 0.10196572870068706
layer= 13 ratio= 0.12235887444082445
layer= 14 ratio= 0.14683064932898934
layer= 15 ratio= 0.1761967791947872
start add noise2021-06-30 18:23:21
end_add_noise_time2021-06-30 18:23:25
start cal weight time2021-06-30 18:23:25
end cal weight time2021-06-30 18:23:25
layer= 0 ratio= 0.011436135033744679
layer= 1 ratio= 0.013723362040493615
layer= 2 ratio= 0.016468034448592336
layer= 3 ratio= 0.019761641338310806
layer= 4 ratio= 0.023713969605972968
layer= 5 ratio= 0.02845676352716756
layer= 6 ratio= 0.03414811623260107
layer= 7 ratio= 0.04097773947912128
layer= 8 ratio= 0.049173287374945536
layer= 9 ratio= 0.05900794484993465
layer= 10 ratio= 0.07080953381992157
layer= 11 ratio= 0.08497144058390589
layer= 12 ratio= 0.10196572870068706
layer= 13 ratio= 0.12235887444082445
layer= 14 ratio= 0.14683064932898934
layer= 15 ratio= 0.1761967791947872
start add noise2021-06-30 18:23:25
end_add_noise_time2021-06-30 18:23:30
average train loss= 1.0023549564582916
2021-06-30 18:23:39,round 10,val Accuracy Top1: 66.070000 %
2021-06-30 18:23:39,round 10,val Accuracy Top5: 96.260000 %
