type sample_L1
pb 8000000.0
clip_bound 20.0
log_path log/Alexnet/2/sample_L1/True
train_data data
test_data data
batch_size 64
test_batch_size 64
lr 0.0002
momentum 0.5
no_cuda False
seed 1
log_interval 1
privacy_delta 1e-06
sample_num 500
islog True
is_ratio_list True
num_clients 2
num_rounds 10
epochs 1
ratio_type 2
按照权重分配eps
device cuda
loading data
load data done
AlexNet(
  (conv1): Sequential(
    (0): Conv2d(3, 96, kernel_size=(6, 6), stride=(1, 1))
    (1): ReLU()
  )
  (conv2): Sequential(
    (0): Conv2d(96, 256, kernel_size=(5, 5), stride=(1, 1), padding=(2, 2))
    (1): ReLU()
    (2): MaxPool2d(kernel_size=3, stride=2, padding=0, dilation=1, ceil_mode=False)
  )
  (conv3): Sequential(
    (0): Conv2d(256, 384, kernel_size=(3, 3), stride=(1, 1), padding=(1, 1))
    (1): ReLU()
  )
  (conv4): Sequential(
    (0): Conv2d(384, 384, kernel_size=(3, 3), stride=(1, 1), padding=(1, 1))
    (1): ReLU()
  )
  (conv5): Sequential(
    (0): Conv2d(384, 256, kernel_size=(3, 3), stride=(1, 1), padding=(1, 1))
    (1): ReLU()
    (2): MaxPool2d(kernel_size=3, stride=2, padding=0, dilation=1, ceil_mode=False)
  )
  (dense): Sequential(
    (0): Linear(in_features=9216, out_features=4096, bias=True)
    (1): ReLU()
    (2): Dropout(p=0.5, inplace=False)
    (3): Linear(in_features=4096, out_features=4096, bias=True)
    (4): ReLU()
    (5): Dropout(p=0.5, inplace=False)
    (6): Linear(in_features=4096, out_features=10, bias=True)
  )
)
********start training********
******client id  0 ******
client_update start
client id= 0 ,round= 1 ,epoch= 1 ,client update iteration= 10 ,loss= 2.288745880126953
client id= 0 ,round= 1 ,epoch= 1 ,client update iteration= 20 ,loss= 2.193134307861328
client id= 0 ,round= 1 ,epoch= 1 ,client update iteration= 30 ,loss= 2.0008769035339355
client id= 0 ,round= 1 ,epoch= 1 ,client update iteration= 40 ,loss= 2.1904170513153076
client id= 0 ,round= 1 ,epoch= 1 ,client update iteration= 50 ,loss= 2.060580015182495
client id= 0 ,round= 1 ,epoch= 1 ,client update iteration= 60 ,loss= 2.1528360843658447
client id= 0 ,round= 1 ,epoch= 1 ,client update iteration= 70 ,loss= 2.061265707015991
client id= 0 ,round= 1 ,epoch= 1 ,client update iteration= 80 ,loss= 2.0289676189422607
client id= 0 ,round= 1 ,epoch= 1 ,client update iteration= 90 ,loss= 1.8127819299697876
client id= 0 ,round= 1 ,epoch= 1 ,client update iteration= 100 ,loss= 1.7751144170761108
client id= 0 ,round= 1 ,epoch= 1 ,client update iteration= 110 ,loss= 1.8204327821731567
client id= 0 ,round= 1 ,epoch= 1 ,client update iteration= 120 ,loss= 1.890655517578125
client id= 0 ,round= 1 ,epoch= 1 ,client update iteration= 130 ,loss= 1.758143663406372
client id= 0 ,round= 1 ,epoch= 1 ,client update iteration= 140 ,loss= 1.9720581769943237
client id= 0 ,round= 1 ,epoch= 1 ,client update iteration= 150 ,loss= 1.695786476135254
client id= 0 ,round= 1 ,epoch= 1 ,client update iteration= 160 ,loss= 1.7950390577316284
client id= 0 ,round= 1 ,epoch= 1 ,client update iteration= 170 ,loss= 1.7485082149505615
client id= 0 ,round= 1 ,epoch= 1 ,client update iteration= 180 ,loss= 1.7343885898590088
client id= 0 ,round= 1 ,epoch= 1 ,client update iteration= 190 ,loss= 1.5414376258850098
client id= 0 ,round= 1 ,epoch= 1 ,client update iteration= 200 ,loss= 1.6825560331344604
client id= 0 ,round= 1 ,epoch= 1 ,client update iteration= 210 ,loss= 1.6108721494674683
client id= 0 ,round= 1 ,epoch= 1 ,client update iteration= 220 ,loss= 1.569469928741455
client id= 0 ,round= 1 ,epoch= 1 ,client update iteration= 230 ,loss= 1.5051332712173462
client id= 0 ,round= 1 ,epoch= 1 ,client update iteration= 240 ,loss= 1.6221497058868408
client id= 0 ,round= 1 ,epoch= 1 ,client update iteration= 250 ,loss= 1.5511637926101685
client id= 0 ,round= 1 ,epoch= 1 ,client update iteration= 260 ,loss= 1.4607707262039185
client id= 0 ,round= 1 ,epoch= 1 ,client update iteration= 270 ,loss= 1.575026273727417
client id= 0 ,round= 1 ,epoch= 1 ,client update iteration= 280 ,loss= 1.6410317420959473
client id= 0 ,round= 1 ,epoch= 1 ,client update iteration= 290 ,loss= 1.5069916248321533
client id= 0 ,round= 1 ,epoch= 1 ,client update iteration= 300 ,loss= 1.586673378944397
client id= 0 ,round= 1 ,epoch= 1 ,client update iteration= 310 ,loss= 1.405890703201294
client id= 0 ,round= 1 ,epoch= 1 ,client update iteration= 320 ,loss= 1.479844570159912
client id= 0 ,round= 1 ,epoch= 1 ,client update iteration= 330 ,loss= 1.449944019317627
client id= 0 ,round= 1 ,epoch= 1 ,client update iteration= 340 ,loss= 1.5108773708343506
client id= 0 ,round= 1 ,epoch= 1 ,client update iteration= 350 ,loss= 1.383085012435913
client id= 0 ,round= 1 ,epoch= 1 ,client update iteration= 360 ,loss= 1.6480042934417725
client id= 0 ,round= 1 ,epoch= 1 ,client update iteration= 370 ,loss= 1.3898799419403076
client id= 0 ,round= 1 ,epoch= 1 ,client update iteration= 380 ,loss= 1.290415644645691
client id= 0 ,round= 1 ,epoch= 1 ,client update iteration= 390 ,loss= 1.3863445520401
******client id  1 ******
client_update start
client id= 1 ,round= 1 ,epoch= 1 ,client update iteration= 10 ,loss= 2.262586832046509
client id= 1 ,round= 1 ,epoch= 1 ,client update iteration= 20 ,loss= 2.1512420177459717
client id= 1 ,round= 1 ,epoch= 1 ,client update iteration= 30 ,loss= 2.1816070079803467
client id= 1 ,round= 1 ,epoch= 1 ,client update iteration= 40 ,loss= 2.084867238998413
client id= 1 ,round= 1 ,epoch= 1 ,client update iteration= 50 ,loss= 2.058157444000244
client id= 1 ,round= 1 ,epoch= 1 ,client update iteration= 60 ,loss= 1.8718987703323364
client id= 1 ,round= 1 ,epoch= 1 ,client update iteration= 70 ,loss= 1.7103700637817383
client id= 1 ,round= 1 ,epoch= 1 ,client update iteration= 80 ,loss= 1.8347737789154053
client id= 1 ,round= 1 ,epoch= 1 ,client update iteration= 90 ,loss= 1.8052232265472412
client id= 1 ,round= 1 ,epoch= 1 ,client update iteration= 100 ,loss= 1.7833746671676636
client id= 1 ,round= 1 ,epoch= 1 ,client update iteration= 110 ,loss= 1.6532608270645142
client id= 1 ,round= 1 ,epoch= 1 ,client update iteration= 120 ,loss= 1.7469508647918701
client id= 1 ,round= 1 ,epoch= 1 ,client update iteration= 130 ,loss= 1.8346409797668457
client id= 1 ,round= 1 ,epoch= 1 ,client update iteration= 140 ,loss= 1.880001187324524
client id= 1 ,round= 1 ,epoch= 1 ,client update iteration= 150 ,loss= 1.9240003824234009
client id= 1 ,round= 1 ,epoch= 1 ,client update iteration= 160 ,loss= 1.6827800273895264
client id= 1 ,round= 1 ,epoch= 1 ,client update iteration= 170 ,loss= 1.7111032009124756
client id= 1 ,round= 1 ,epoch= 1 ,client update iteration= 180 ,loss= 1.6035925149917603
client id= 1 ,round= 1 ,epoch= 1 ,client update iteration= 190 ,loss= 1.720025897026062
client id= 1 ,round= 1 ,epoch= 1 ,client update iteration= 200 ,loss= 1.6206090450286865
client id= 1 ,round= 1 ,epoch= 1 ,client update iteration= 210 ,loss= 1.6358232498168945
client id= 1 ,round= 1 ,epoch= 1 ,client update iteration= 220 ,loss= 1.5376161336898804
client id= 1 ,round= 1 ,epoch= 1 ,client update iteration= 230 ,loss= 1.7582874298095703
client id= 1 ,round= 1 ,epoch= 1 ,client update iteration= 240 ,loss= 1.474889874458313
client id= 1 ,round= 1 ,epoch= 1 ,client update iteration= 250 ,loss= 1.551113247871399
client id= 1 ,round= 1 ,epoch= 1 ,client update iteration= 260 ,loss= 1.4777684211730957
client id= 1 ,round= 1 ,epoch= 1 ,client update iteration= 270 ,loss= 1.5045238733291626
client id= 1 ,round= 1 ,epoch= 1 ,client update iteration= 280 ,loss= 1.4910951852798462
client id= 1 ,round= 1 ,epoch= 1 ,client update iteration= 290 ,loss= 1.550155758857727
client id= 1 ,round= 1 ,epoch= 1 ,client update iteration= 300 ,loss= 1.5770659446716309
client id= 1 ,round= 1 ,epoch= 1 ,client update iteration= 310 ,loss= 1.4795457124710083
client id= 1 ,round= 1 ,epoch= 1 ,client update iteration= 320 ,loss= 1.3544371128082275
client id= 1 ,round= 1 ,epoch= 1 ,client update iteration= 330 ,loss= 1.3009881973266602
client id= 1 ,round= 1 ,epoch= 1 ,client update iteration= 340 ,loss= 1.5448750257492065
client id= 1 ,round= 1 ,epoch= 1 ,client update iteration= 350 ,loss= 1.4614992141723633
client id= 1 ,round= 1 ,epoch= 1 ,client update iteration= 360 ,loss= 1.5980448722839355
client id= 1 ,round= 1 ,epoch= 1 ,client update iteration= 370 ,loss= 1.3811219930648804
client id= 1 ,round= 1 ,epoch= 1 ,client update iteration= 380 ,loss= 1.4187591075897217
client id= 1 ,round= 1 ,epoch= 1 ,client update iteration= 390 ,loss= 1.517924189567566
start cal weight time2021-06-30 18:53:12
end cal weight time2021-06-30 18:53:12
layer= 0 ratio= 0.011436135033744679
layer= 1 ratio= 0.013723362040493615
layer= 2 ratio= 0.016468034448592336
layer= 3 ratio= 0.019761641338310806
layer= 4 ratio= 0.023713969605972968
layer= 5 ratio= 0.02845676352716756
layer= 6 ratio= 0.03414811623260107
layer= 7 ratio= 0.04097773947912128
layer= 8 ratio= 0.049173287374945536
layer= 9 ratio= 0.05900794484993465
layer= 10 ratio= 0.07080953381992157
layer= 11 ratio= 0.08497144058390589
layer= 12 ratio= 0.10196572870068706
layer= 13 ratio= 0.12235887444082445
layer= 14 ratio= 0.14683064932898934
layer= 15 ratio= 0.1761967791947872
start add noise2021-06-30 18:53:12
end_add_noise_time2021-06-30 18:53:15
start cal weight time2021-06-30 18:53:15
end cal weight time2021-06-30 18:53:15
layer= 0 ratio= 0.011436135033744679
layer= 1 ratio= 0.013723362040493615
layer= 2 ratio= 0.016468034448592336
layer= 3 ratio= 0.019761641338310806
layer= 4 ratio= 0.023713969605972968
layer= 5 ratio= 0.02845676352716756
layer= 6 ratio= 0.03414811623260107
layer= 7 ratio= 0.04097773947912128
layer= 8 ratio= 0.049173287374945536
layer= 9 ratio= 0.05900794484993465
layer= 10 ratio= 0.07080953381992157
layer= 11 ratio= 0.08497144058390589
layer= 12 ratio= 0.10196572870068706
layer= 13 ratio= 0.12235887444082445
layer= 14 ratio= 0.14683064932898934
layer= 15 ratio= 0.1761967791947872
start add noise2021-06-30 18:53:15
end_add_noise_time2021-06-30 18:53:19
average train loss= 1.71077941415255
2021-06-30 18:53:28,round 1,val Accuracy Top1: 20.650000 %
2021-06-30 18:53:28,round 1,val Accuracy Top5: 71.460000 %
******client id  0 ******
client_update start
client id= 0 ,round= 2 ,epoch= 1 ,client update iteration= 10 ,loss= 1.6363887786865234
client id= 0 ,round= 2 ,epoch= 1 ,client update iteration= 20 ,loss= 1.610640048980713
client id= 0 ,round= 2 ,epoch= 1 ,client update iteration= 30 ,loss= 1.6698278188705444
client id= 0 ,round= 2 ,epoch= 1 ,client update iteration= 40 ,loss= 1.6600309610366821
client id= 0 ,round= 2 ,epoch= 1 ,client update iteration= 50 ,loss= 1.8258106708526611
client id= 0 ,round= 2 ,epoch= 1 ,client update iteration= 60 ,loss= 1.5209355354309082
client id= 0 ,round= 2 ,epoch= 1 ,client update iteration= 70 ,loss= 1.3448317050933838
client id= 0 ,round= 2 ,epoch= 1 ,client update iteration= 80 ,loss= 1.393655776977539
client id= 0 ,round= 2 ,epoch= 1 ,client update iteration= 90 ,loss= 1.2564557790756226
client id= 0 ,round= 2 ,epoch= 1 ,client update iteration= 100 ,loss= 1.3380662202835083
client id= 0 ,round= 2 ,epoch= 1 ,client update iteration= 110 ,loss= 1.1881719827651978
client id= 0 ,round= 2 ,epoch= 1 ,client update iteration= 120 ,loss= 1.1778823137283325
client id= 0 ,round= 2 ,epoch= 1 ,client update iteration= 130 ,loss= 1.3105601072311401
client id= 0 ,round= 2 ,epoch= 1 ,client update iteration= 140 ,loss= 1.5868641138076782
client id= 0 ,round= 2 ,epoch= 1 ,client update iteration= 150 ,loss= 1.4431490898132324
client id= 0 ,round= 2 ,epoch= 1 ,client update iteration= 160 ,loss= 1.1096367835998535
client id= 0 ,round= 2 ,epoch= 1 ,client update iteration= 170 ,loss= 1.2142298221588135
client id= 0 ,round= 2 ,epoch= 1 ,client update iteration= 180 ,loss= 1.3651140928268433
client id= 0 ,round= 2 ,epoch= 1 ,client update iteration= 190 ,loss= 1.089713454246521
client id= 0 ,round= 2 ,epoch= 1 ,client update iteration= 200 ,loss= 1.453588843345642
client id= 0 ,round= 2 ,epoch= 1 ,client update iteration= 210 ,loss= 1.4403588771820068
client id= 0 ,round= 2 ,epoch= 1 ,client update iteration= 220 ,loss= 1.310078501701355
client id= 0 ,round= 2 ,epoch= 1 ,client update iteration= 230 ,loss= 1.1734718084335327
client id= 0 ,round= 2 ,epoch= 1 ,client update iteration= 240 ,loss= 1.0474661588668823
client id= 0 ,round= 2 ,epoch= 1 ,client update iteration= 250 ,loss= 1.189692735671997
client id= 0 ,round= 2 ,epoch= 1 ,client update iteration= 260 ,loss= 1.3017082214355469
client id= 0 ,round= 2 ,epoch= 1 ,client update iteration= 270 ,loss= 1.169262409210205
client id= 0 ,round= 2 ,epoch= 1 ,client update iteration= 280 ,loss= 1.2237865924835205
client id= 0 ,round= 2 ,epoch= 1 ,client update iteration= 290 ,loss= 1.0309518575668335
client id= 0 ,round= 2 ,epoch= 1 ,client update iteration= 300 ,loss= 1.2884366512298584
client id= 0 ,round= 2 ,epoch= 1 ,client update iteration= 310 ,loss= 1.4970840215682983
client id= 0 ,round= 2 ,epoch= 1 ,client update iteration= 320 ,loss= 1.2547303438186646
client id= 0 ,round= 2 ,epoch= 1 ,client update iteration= 330 ,loss= 1.2983789443969727
client id= 0 ,round= 2 ,epoch= 1 ,client update iteration= 340 ,loss= 1.0636121034622192
client id= 0 ,round= 2 ,epoch= 1 ,client update iteration= 350 ,loss= 1.2182103395462036
client id= 0 ,round= 2 ,epoch= 1 ,client update iteration= 360 ,loss= 1.461848497390747
client id= 0 ,round= 2 ,epoch= 1 ,client update iteration= 370 ,loss= 1.1486353874206543
client id= 0 ,round= 2 ,epoch= 1 ,client update iteration= 380 ,loss= 1.4834953546524048
client id= 0 ,round= 2 ,epoch= 1 ,client update iteration= 390 ,loss= 1.0180286169052124
******client id  1 ******
client_update start
client id= 1 ,round= 2 ,epoch= 1 ,client update iteration= 10 ,loss= 1.6636641025543213
client id= 1 ,round= 2 ,epoch= 1 ,client update iteration= 20 ,loss= 1.781309962272644
client id= 1 ,round= 2 ,epoch= 1 ,client update iteration= 30 ,loss= 1.5496795177459717
client id= 1 ,round= 2 ,epoch= 1 ,client update iteration= 40 ,loss= 1.483021855354309
client id= 1 ,round= 2 ,epoch= 1 ,client update iteration= 50 ,loss= 1.610642433166504
client id= 1 ,round= 2 ,epoch= 1 ,client update iteration= 60 ,loss= 1.3795537948608398
client id= 1 ,round= 2 ,epoch= 1 ,client update iteration= 70 ,loss= 1.4541015625
client id= 1 ,round= 2 ,epoch= 1 ,client update iteration= 80 ,loss= 1.698694109916687
client id= 1 ,round= 2 ,epoch= 1 ,client update iteration= 90 ,loss= 1.4921550750732422
client id= 1 ,round= 2 ,epoch= 1 ,client update iteration= 100 ,loss= 1.519162654876709
client id= 1 ,round= 2 ,epoch= 1 ,client update iteration= 110 ,loss= 1.3077576160430908
client id= 1 ,round= 2 ,epoch= 1 ,client update iteration= 120 ,loss= 1.1464914083480835
client id= 1 ,round= 2 ,epoch= 1 ,client update iteration= 130 ,loss= 1.2903236150741577
client id= 1 ,round= 2 ,epoch= 1 ,client update iteration= 140 ,loss= 1.4804577827453613
client id= 1 ,round= 2 ,epoch= 1 ,client update iteration= 150 ,loss= 1.424524188041687
client id= 1 ,round= 2 ,epoch= 1 ,client update iteration= 160 ,loss= 1.3025665283203125
client id= 1 ,round= 2 ,epoch= 1 ,client update iteration= 170 ,loss= 1.5032684803009033
client id= 1 ,round= 2 ,epoch= 1 ,client update iteration= 180 ,loss= 1.3097550868988037
client id= 1 ,round= 2 ,epoch= 1 ,client update iteration= 190 ,loss= 1.1279127597808838
client id= 1 ,round= 2 ,epoch= 1 ,client update iteration= 200 ,loss= 1.3021119832992554
client id= 1 ,round= 2 ,epoch= 1 ,client update iteration= 210 ,loss= 1.203642725944519
client id= 1 ,round= 2 ,epoch= 1 ,client update iteration= 220 ,loss= 1.3370126485824585
client id= 1 ,round= 2 ,epoch= 1 ,client update iteration= 230 ,loss= 1.2274770736694336
client id= 1 ,round= 2 ,epoch= 1 ,client update iteration= 240 ,loss= 1.202239751815796
client id= 1 ,round= 2 ,epoch= 1 ,client update iteration= 250 ,loss= 1.0440720319747925
client id= 1 ,round= 2 ,epoch= 1 ,client update iteration= 260 ,loss= 1.138031005859375
client id= 1 ,round= 2 ,epoch= 1 ,client update iteration= 270 ,loss= 1.139233112335205
client id= 1 ,round= 2 ,epoch= 1 ,client update iteration= 280 ,loss= 1.146913766860962
client id= 1 ,round= 2 ,epoch= 1 ,client update iteration= 290 ,loss= 1.1037139892578125
client id= 1 ,round= 2 ,epoch= 1 ,client update iteration= 300 ,loss= 1.101845622062683
client id= 1 ,round= 2 ,epoch= 1 ,client update iteration= 310 ,loss= 1.462158441543579
client id= 1 ,round= 2 ,epoch= 1 ,client update iteration= 320 ,loss= 1.2140899896621704
client id= 1 ,round= 2 ,epoch= 1 ,client update iteration= 330 ,loss= 1.2594647407531738
client id= 1 ,round= 2 ,epoch= 1 ,client update iteration= 340 ,loss= 1.0912996530532837
client id= 1 ,round= 2 ,epoch= 1 ,client update iteration= 350 ,loss= 1.1549452543258667
client id= 1 ,round= 2 ,epoch= 1 ,client update iteration= 360 ,loss= 0.9815288186073303
client id= 1 ,round= 2 ,epoch= 1 ,client update iteration= 370 ,loss= 1.409855604171753
client id= 1 ,round= 2 ,epoch= 1 ,client update iteration= 380 ,loss= 1.3107153177261353
client id= 1 ,round= 2 ,epoch= 1 ,client update iteration= 390 ,loss= 0.9256938099861145
start cal weight time2021-06-30 18:55:53
end cal weight time2021-06-30 18:55:53
layer= 0 ratio= 0.011436135033744679
layer= 1 ratio= 0.013723362040493615
layer= 2 ratio= 0.016468034448592336
layer= 3 ratio= 0.019761641338310806
layer= 4 ratio= 0.023713969605972968
layer= 5 ratio= 0.02845676352716756
layer= 6 ratio= 0.03414811623260107
layer= 7 ratio= 0.04097773947912128
layer= 8 ratio= 0.049173287374945536
layer= 9 ratio= 0.05900794484993465
layer= 10 ratio= 0.07080953381992157
layer= 11 ratio= 0.08497144058390589
layer= 12 ratio= 0.10196572870068706
layer= 13 ratio= 0.12235887444082445
layer= 14 ratio= 0.14683064932898934
layer= 15 ratio= 0.1761967791947872
start add noise2021-06-30 18:55:53
end_add_noise_time2021-06-30 18:55:57
start cal weight time2021-06-30 18:55:57
end cal weight time2021-06-30 18:55:57
layer= 0 ratio= 0.011436135033744679
layer= 1 ratio= 0.013723362040493615
layer= 2 ratio= 0.016468034448592336
layer= 3 ratio= 0.019761641338310806
layer= 4 ratio= 0.023713969605972968
layer= 5 ratio= 0.02845676352716756
layer= 6 ratio= 0.03414811623260107
layer= 7 ratio= 0.04097773947912128
layer= 8 ratio= 0.049173287374945536
layer= 9 ratio= 0.05900794484993465
layer= 10 ratio= 0.07080953381992157
layer= 11 ratio= 0.08497144058390589
layer= 12 ratio= 0.10196572870068706
layer= 13 ratio= 0.12235887444082445
layer= 14 ratio= 0.14683064932898934
layer= 15 ratio= 0.1761967791947872
start add noise2021-06-30 18:55:57
end_add_noise_time2021-06-30 18:56:00
average train loss= 1.346250944735144
2021-06-30 18:56:09,round 2,val Accuracy Top1: 60.480000 %
2021-06-30 18:56:09,round 2,val Accuracy Top5: 95.810000 %
******client id  0 ******
client_update start
client id= 0 ,round= 3 ,epoch= 1 ,client update iteration= 10 ,loss= 1.4628046751022339
client id= 0 ,round= 3 ,epoch= 1 ,client update iteration= 20 ,loss= 1.2579408884048462
client id= 0 ,round= 3 ,epoch= 1 ,client update iteration= 30 ,loss= 1.128159999847412
client id= 0 ,round= 3 ,epoch= 1 ,client update iteration= 40 ,loss= 1.2255628108978271
client id= 0 ,round= 3 ,epoch= 1 ,client update iteration= 50 ,loss= 1.3483198881149292
client id= 0 ,round= 3 ,epoch= 1 ,client update iteration= 60 ,loss= 0.9016546607017517
client id= 0 ,round= 3 ,epoch= 1 ,client update iteration= 70 ,loss= 1.0772756338119507
client id= 0 ,round= 3 ,epoch= 1 ,client update iteration= 80 ,loss= 1.007211685180664
client id= 0 ,round= 3 ,epoch= 1 ,client update iteration= 90 ,loss= 1.003448724746704
client id= 0 ,round= 3 ,epoch= 1 ,client update iteration= 100 ,loss= 1.1594314575195312
client id= 0 ,round= 3 ,epoch= 1 ,client update iteration= 110 ,loss= 1.1159465312957764
client id= 0 ,round= 3 ,epoch= 1 ,client update iteration= 120 ,loss= 1.10167396068573
client id= 0 ,round= 3 ,epoch= 1 ,client update iteration= 130 ,loss= 1.1222422122955322
client id= 0 ,round= 3 ,epoch= 1 ,client update iteration= 140 ,loss= 1.0774158239364624
client id= 0 ,round= 3 ,epoch= 1 ,client update iteration= 150 ,loss= 1.1462318897247314
client id= 0 ,round= 3 ,epoch= 1 ,client update iteration= 160 ,loss= 1.167966365814209
client id= 0 ,round= 3 ,epoch= 1 ,client update iteration= 170 ,loss= 0.6963295936584473
client id= 0 ,round= 3 ,epoch= 1 ,client update iteration= 180 ,loss= 1.1721832752227783
client id= 0 ,round= 3 ,epoch= 1 ,client update iteration= 190 ,loss= 1.1833473443984985
client id= 0 ,round= 3 ,epoch= 1 ,client update iteration= 200 ,loss= 0.7841585874557495
client id= 0 ,round= 3 ,epoch= 1 ,client update iteration= 210 ,loss= 1.1725540161132812
client id= 0 ,round= 3 ,epoch= 1 ,client update iteration= 220 ,loss= 1.0719349384307861
client id= 0 ,round= 3 ,epoch= 1 ,client update iteration= 230 ,loss= 1.0243630409240723
client id= 0 ,round= 3 ,epoch= 1 ,client update iteration= 240 ,loss= 1.017069697380066
client id= 0 ,round= 3 ,epoch= 1 ,client update iteration= 250 ,loss= 1.0711239576339722
client id= 0 ,round= 3 ,epoch= 1 ,client update iteration= 260 ,loss= 0.88829505443573
client id= 0 ,round= 3 ,epoch= 1 ,client update iteration= 270 ,loss= 1.101006269454956
client id= 0 ,round= 3 ,epoch= 1 ,client update iteration= 280 ,loss= 1.160136103630066
client id= 0 ,round= 3 ,epoch= 1 ,client update iteration= 290 ,loss= 0.8790003061294556
client id= 0 ,round= 3 ,epoch= 1 ,client update iteration= 300 ,loss= 0.7051427364349365
client id= 0 ,round= 3 ,epoch= 1 ,client update iteration= 310 ,loss= 0.9195505976676941
client id= 0 ,round= 3 ,epoch= 1 ,client update iteration= 320 ,loss= 1.0335314273834229
client id= 0 ,round= 3 ,epoch= 1 ,client update iteration= 330 ,loss= 0.8971241116523743
client id= 0 ,round= 3 ,epoch= 1 ,client update iteration= 340 ,loss= 0.8194320797920227
client id= 0 ,round= 3 ,epoch= 1 ,client update iteration= 350 ,loss= 0.9747863411903381
client id= 0 ,round= 3 ,epoch= 1 ,client update iteration= 360 ,loss= 1.153775930404663
client id= 0 ,round= 3 ,epoch= 1 ,client update iteration= 370 ,loss= 1.0222588777542114
client id= 0 ,round= 3 ,epoch= 1 ,client update iteration= 380 ,loss= 0.9758207201957703
client id= 0 ,round= 3 ,epoch= 1 ,client update iteration= 390 ,loss= 0.8172301650047302
******client id  1 ******
client_update start
client id= 1 ,round= 3 ,epoch= 1 ,client update iteration= 10 ,loss= 1.2459150552749634
client id= 1 ,round= 3 ,epoch= 1 ,client update iteration= 20 ,loss= 1.402880072593689
client id= 1 ,round= 3 ,epoch= 1 ,client update iteration= 30 ,loss= 1.2486299276351929
client id= 1 ,round= 3 ,epoch= 1 ,client update iteration= 40 ,loss= 1.378772497177124
client id= 1 ,round= 3 ,epoch= 1 ,client update iteration= 50 ,loss= 0.9895091652870178
client id= 1 ,round= 3 ,epoch= 1 ,client update iteration= 60 ,loss= 1.0007957220077515
client id= 1 ,round= 3 ,epoch= 1 ,client update iteration= 70 ,loss= 1.1266552209854126
client id= 1 ,round= 3 ,epoch= 1 ,client update iteration= 80 ,loss= 1.1333229541778564
client id= 1 ,round= 3 ,epoch= 1 ,client update iteration= 90 ,loss= 1.285750150680542
client id= 1 ,round= 3 ,epoch= 1 ,client update iteration= 100 ,loss= 1.0515302419662476
client id= 1 ,round= 3 ,epoch= 1 ,client update iteration= 110 ,loss= 1.377207636833191
client id= 1 ,round= 3 ,epoch= 1 ,client update iteration= 120 ,loss= 1.4285147190093994
client id= 1 ,round= 3 ,epoch= 1 ,client update iteration= 130 ,loss= 0.9996951818466187
client id= 1 ,round= 3 ,epoch= 1 ,client update iteration= 140 ,loss= 1.0137348175048828
client id= 1 ,round= 3 ,epoch= 1 ,client update iteration= 150 ,loss= 0.9302456378936768
client id= 1 ,round= 3 ,epoch= 1 ,client update iteration= 160 ,loss= 1.4269107580184937
client id= 1 ,round= 3 ,epoch= 1 ,client update iteration= 170 ,loss= 1.047409176826477
client id= 1 ,round= 3 ,epoch= 1 ,client update iteration= 180 ,loss= 0.8584750294685364
client id= 1 ,round= 3 ,epoch= 1 ,client update iteration= 190 ,loss= 0.7981447577476501
client id= 1 ,round= 3 ,epoch= 1 ,client update iteration= 200 ,loss= 1.0759503841400146
client id= 1 ,round= 3 ,epoch= 1 ,client update iteration= 210 ,loss= 1.1041990518569946
client id= 1 ,round= 3 ,epoch= 1 ,client update iteration= 220 ,loss= 1.2007704973220825
client id= 1 ,round= 3 ,epoch= 1 ,client update iteration= 230 ,loss= 1.1225872039794922
client id= 1 ,round= 3 ,epoch= 1 ,client update iteration= 240 ,loss= 1.0349740982055664
client id= 1 ,round= 3 ,epoch= 1 ,client update iteration= 250 ,loss= 1.0794042348861694
client id= 1 ,round= 3 ,epoch= 1 ,client update iteration= 260 ,loss= 0.7752790451049805
client id= 1 ,round= 3 ,epoch= 1 ,client update iteration= 270 ,loss= 0.9416825175285339
client id= 1 ,round= 3 ,epoch= 1 ,client update iteration= 280 ,loss= 1.2538719177246094
client id= 1 ,round= 3 ,epoch= 1 ,client update iteration= 290 ,loss= 0.9871623516082764
client id= 1 ,round= 3 ,epoch= 1 ,client update iteration= 300 ,loss= 1.093930721282959
client id= 1 ,round= 3 ,epoch= 1 ,client update iteration= 310 ,loss= 0.9399949908256531
client id= 1 ,round= 3 ,epoch= 1 ,client update iteration= 320 ,loss= 1.0768629312515259
client id= 1 ,round= 3 ,epoch= 1 ,client update iteration= 330 ,loss= 0.8156795501708984
client id= 1 ,round= 3 ,epoch= 1 ,client update iteration= 340 ,loss= 0.8472864031791687
client id= 1 ,round= 3 ,epoch= 1 ,client update iteration= 350 ,loss= 0.8279142379760742
client id= 1 ,round= 3 ,epoch= 1 ,client update iteration= 360 ,loss= 0.9665411114692688
client id= 1 ,round= 3 ,epoch= 1 ,client update iteration= 370 ,loss= 1.3243544101715088
client id= 1 ,round= 3 ,epoch= 1 ,client update iteration= 380 ,loss= 0.7180948257446289
client id= 1 ,round= 3 ,epoch= 1 ,client update iteration= 390 ,loss= 1.1766103506088257
start cal weight time2021-06-30 18:58:34
end cal weight time2021-06-30 18:58:34
layer= 0 ratio= 0.011436135033744679
layer= 1 ratio= 0.013723362040493615
layer= 2 ratio= 0.016468034448592336
layer= 3 ratio= 0.019761641338310806
layer= 4 ratio= 0.023713969605972968
layer= 5 ratio= 0.02845676352716756
layer= 6 ratio= 0.03414811623260107
layer= 7 ratio= 0.04097773947912128
layer= 8 ratio= 0.049173287374945536
layer= 9 ratio= 0.05900794484993465
layer= 10 ratio= 0.07080953381992157
layer= 11 ratio= 0.08497144058390589
layer= 12 ratio= 0.10196572870068706
layer= 13 ratio= 0.12235887444082445
layer= 14 ratio= 0.14683064932898934
layer= 15 ratio= 0.1761967791947872
start add noise2021-06-30 18:58:34
end_add_noise_time2021-06-30 18:58:38
start cal weight time2021-06-30 18:58:38
end cal weight time2021-06-30 18:58:38
layer= 0 ratio= 0.011436135033744679
layer= 1 ratio= 0.013723362040493615
layer= 2 ratio= 0.016468034448592336
layer= 3 ratio= 0.019761641338310806
layer= 4 ratio= 0.023713969605972968
layer= 5 ratio= 0.02845676352716756
layer= 6 ratio= 0.03414811623260107
layer= 7 ratio= 0.04097773947912128
layer= 8 ratio= 0.049173287374945536
layer= 9 ratio= 0.05900794484993465
layer= 10 ratio= 0.07080953381992157
layer= 11 ratio= 0.08497144058390589
layer= 12 ratio= 0.10196572870068706
layer= 13 ratio= 0.12235887444082445
layer= 14 ratio= 0.14683064932898934
layer= 15 ratio= 0.1761967791947872
start add noise2021-06-30 18:58:38
end_add_noise_time2021-06-30 18:58:41
average train loss= 1.0562374599449469
2021-06-30 18:58:50,round 3,val Accuracy Top1: 68.480000 %
2021-06-30 18:58:50,round 3,val Accuracy Top5: 97.230000 %
******client id  0 ******
client_update start
client id= 0 ,round= 4 ,epoch= 1 ,client update iteration= 10 ,loss= 1.0431960821151733
client id= 0 ,round= 4 ,epoch= 1 ,client update iteration= 20 ,loss= 1.2524057626724243
client id= 0 ,round= 4 ,epoch= 1 ,client update iteration= 30 ,loss= 0.92621248960495
client id= 0 ,round= 4 ,epoch= 1 ,client update iteration= 40 ,loss= 0.8312683701515198
client id= 0 ,round= 4 ,epoch= 1 ,client update iteration= 50 ,loss= 0.7167223691940308
client id= 0 ,round= 4 ,epoch= 1 ,client update iteration= 60 ,loss= 0.9465911388397217
client id= 0 ,round= 4 ,epoch= 1 ,client update iteration= 70 ,loss= 0.9523217678070068
client id= 0 ,round= 4 ,epoch= 1 ,client update iteration= 80 ,loss= 0.8937395811080933
client id= 0 ,round= 4 ,epoch= 1 ,client update iteration= 90 ,loss= 0.853920578956604
client id= 0 ,round= 4 ,epoch= 1 ,client update iteration= 100 ,loss= 0.9729790687561035
client id= 0 ,round= 4 ,epoch= 1 ,client update iteration= 110 ,loss= 0.8853768110275269
client id= 0 ,round= 4 ,epoch= 1 ,client update iteration= 120 ,loss= 0.9564064741134644
client id= 0 ,round= 4 ,epoch= 1 ,client update iteration= 130 ,loss= 1.085924506187439
client id= 0 ,round= 4 ,epoch= 1 ,client update iteration= 140 ,loss= 1.1521856784820557
client id= 0 ,round= 4 ,epoch= 1 ,client update iteration= 150 ,loss= 1.0380561351776123
client id= 0 ,round= 4 ,epoch= 1 ,client update iteration= 160 ,loss= 0.9763044118881226
client id= 0 ,round= 4 ,epoch= 1 ,client update iteration= 170 ,loss= 0.7643364667892456
client id= 0 ,round= 4 ,epoch= 1 ,client update iteration= 180 ,loss= 0.7860509157180786
client id= 0 ,round= 4 ,epoch= 1 ,client update iteration= 190 ,loss= 0.6843472123146057
client id= 0 ,round= 4 ,epoch= 1 ,client update iteration= 200 ,loss= 0.9703173637390137
client id= 0 ,round= 4 ,epoch= 1 ,client update iteration= 210 ,loss= 0.6921524405479431
client id= 0 ,round= 4 ,epoch= 1 ,client update iteration= 220 ,loss= 0.7924522757530212
client id= 0 ,round= 4 ,epoch= 1 ,client update iteration= 230 ,loss= 0.9481919407844543
client id= 0 ,round= 4 ,epoch= 1 ,client update iteration= 240 ,loss= 1.0004339218139648
client id= 0 ,round= 4 ,epoch= 1 ,client update iteration= 250 ,loss= 0.6467689871788025
client id= 0 ,round= 4 ,epoch= 1 ,client update iteration= 260 ,loss= 0.8193840980529785
client id= 0 ,round= 4 ,epoch= 1 ,client update iteration= 270 ,loss= 0.835097074508667
client id= 0 ,round= 4 ,epoch= 1 ,client update iteration= 280 ,loss= 0.7853313684463501
client id= 0 ,round= 4 ,epoch= 1 ,client update iteration= 290 ,loss= 0.6673323512077332
client id= 0 ,round= 4 ,epoch= 1 ,client update iteration= 300 ,loss= 0.918175995349884
client id= 0 ,round= 4 ,epoch= 1 ,client update iteration= 310 ,loss= 0.8919187784194946
client id= 0 ,round= 4 ,epoch= 1 ,client update iteration= 320 ,loss= 0.7852382063865662
client id= 0 ,round= 4 ,epoch= 1 ,client update iteration= 330 ,loss= 0.7685927748680115
client id= 0 ,round= 4 ,epoch= 1 ,client update iteration= 340 ,loss= 0.7731614708900452
client id= 0 ,round= 4 ,epoch= 1 ,client update iteration= 350 ,loss= 0.7491945624351501
client id= 0 ,round= 4 ,epoch= 1 ,client update iteration= 360 ,loss= 0.7293764352798462
client id= 0 ,round= 4 ,epoch= 1 ,client update iteration= 370 ,loss= 0.7559096813201904
client id= 0 ,round= 4 ,epoch= 1 ,client update iteration= 380 ,loss= 0.6553024649620056
client id= 0 ,round= 4 ,epoch= 1 ,client update iteration= 390 ,loss= 0.8912324905395508
******client id  1 ******
client_update start
client id= 1 ,round= 4 ,epoch= 1 ,client update iteration= 10 ,loss= 0.7325839996337891
client id= 1 ,round= 4 ,epoch= 1 ,client update iteration= 20 ,loss= 1.1690181493759155
client id= 1 ,round= 4 ,epoch= 1 ,client update iteration= 30 ,loss= 0.9404971599578857
client id= 1 ,round= 4 ,epoch= 1 ,client update iteration= 40 ,loss= 0.9481349587440491
client id= 1 ,round= 4 ,epoch= 1 ,client update iteration= 50 ,loss= 0.7867065072059631
client id= 1 ,round= 4 ,epoch= 1 ,client update iteration= 60 ,loss= 0.8016001582145691
client id= 1 ,round= 4 ,epoch= 1 ,client update iteration= 70 ,loss= 1.0213451385498047
client id= 1 ,round= 4 ,epoch= 1 ,client update iteration= 80 ,loss= 0.9552819728851318
client id= 1 ,round= 4 ,epoch= 1 ,client update iteration= 90 ,loss= 0.9261087775230408
client id= 1 ,round= 4 ,epoch= 1 ,client update iteration= 100 ,loss= 0.8815180063247681
client id= 1 ,round= 4 ,epoch= 1 ,client update iteration= 110 ,loss= 0.6998277902603149
client id= 1 ,round= 4 ,epoch= 1 ,client update iteration= 120 ,loss= 1.1010277271270752
client id= 1 ,round= 4 ,epoch= 1 ,client update iteration= 130 ,loss= 0.9426783323287964
client id= 1 ,round= 4 ,epoch= 1 ,client update iteration= 140 ,loss= 0.9261821508407593
client id= 1 ,round= 4 ,epoch= 1 ,client update iteration= 150 ,loss= 0.9411898255348206
client id= 1 ,round= 4 ,epoch= 1 ,client update iteration= 160 ,loss= 0.7137354016304016
client id= 1 ,round= 4 ,epoch= 1 ,client update iteration= 170 ,loss= 1.1180282831192017
client id= 1 ,round= 4 ,epoch= 1 ,client update iteration= 180 ,loss= 0.7191072702407837
client id= 1 ,round= 4 ,epoch= 1 ,client update iteration= 190 ,loss= 0.9452187418937683
client id= 1 ,round= 4 ,epoch= 1 ,client update iteration= 200 ,loss= 0.9239410161972046
client id= 1 ,round= 4 ,epoch= 1 ,client update iteration= 210 ,loss= 0.8015269041061401
client id= 1 ,round= 4 ,epoch= 1 ,client update iteration= 220 ,loss= 0.8846646547317505
client id= 1 ,round= 4 ,epoch= 1 ,client update iteration= 230 ,loss= 1.1895687580108643
client id= 1 ,round= 4 ,epoch= 1 ,client update iteration= 240 ,loss= 0.8748205900192261
client id= 1 ,round= 4 ,epoch= 1 ,client update iteration= 250 ,loss= 0.8962699770927429
client id= 1 ,round= 4 ,epoch= 1 ,client update iteration= 260 ,loss= 0.808668315410614
client id= 1 ,round= 4 ,epoch= 1 ,client update iteration= 270 ,loss= 0.9982061386108398
client id= 1 ,round= 4 ,epoch= 1 ,client update iteration= 280 ,loss= 0.8404912352561951
client id= 1 ,round= 4 ,epoch= 1 ,client update iteration= 290 ,loss= 0.7542870044708252
client id= 1 ,round= 4 ,epoch= 1 ,client update iteration= 300 ,loss= 0.9731602668762207
client id= 1 ,round= 4 ,epoch= 1 ,client update iteration= 310 ,loss= 0.8962163925170898
client id= 1 ,round= 4 ,epoch= 1 ,client update iteration= 320 ,loss= 0.5665935277938843
client id= 1 ,round= 4 ,epoch= 1 ,client update iteration= 330 ,loss= 0.8204585909843445
client id= 1 ,round= 4 ,epoch= 1 ,client update iteration= 340 ,loss= 0.8715507388114929
client id= 1 ,round= 4 ,epoch= 1 ,client update iteration= 350 ,loss= 0.8877505660057068
client id= 1 ,round= 4 ,epoch= 1 ,client update iteration= 360 ,loss= 0.8778156638145447
client id= 1 ,round= 4 ,epoch= 1 ,client update iteration= 370 ,loss= 0.8561311960220337
client id= 1 ,round= 4 ,epoch= 1 ,client update iteration= 380 ,loss= 0.822378396987915
client id= 1 ,round= 4 ,epoch= 1 ,client update iteration= 390 ,loss= 0.7355533838272095
start cal weight time2021-06-30 19:01:16
end cal weight time2021-06-30 19:01:16
layer= 0 ratio= 0.011436135033744679
layer= 1 ratio= 0.013723362040493615
layer= 2 ratio= 0.016468034448592336
layer= 3 ratio= 0.019761641338310806
layer= 4 ratio= 0.023713969605972968
layer= 5 ratio= 0.02845676352716756
layer= 6 ratio= 0.03414811623260107
layer= 7 ratio= 0.04097773947912128
layer= 8 ratio= 0.049173287374945536
layer= 9 ratio= 0.05900794484993465
layer= 10 ratio= 0.07080953381992157
layer= 11 ratio= 0.08497144058390589
layer= 12 ratio= 0.10196572870068706
layer= 13 ratio= 0.12235887444082445
layer= 14 ratio= 0.14683064932898934
layer= 15 ratio= 0.1761967791947872
start add noise2021-06-30 19:01:16
end_add_noise_time2021-06-30 19:01:19
start cal weight time2021-06-30 19:01:19
end cal weight time2021-06-30 19:01:19
layer= 0 ratio= 0.011436135033744679
layer= 1 ratio= 0.013723362040493615
layer= 2 ratio= 0.016468034448592336
layer= 3 ratio= 0.019761641338310806
layer= 4 ratio= 0.023713969605972968
layer= 5 ratio= 0.02845676352716756
layer= 6 ratio= 0.03414811623260107
layer= 7 ratio= 0.04097773947912128
layer= 8 ratio= 0.049173287374945536
layer= 9 ratio= 0.05900794484993465
layer= 10 ratio= 0.07080953381992157
layer= 11 ratio= 0.08497144058390589
layer= 12 ratio= 0.10196572870068706
layer= 13 ratio= 0.12235887444082445
layer= 14 ratio= 0.14683064932898934
layer= 15 ratio= 0.1761967791947872
start add noise2021-06-30 19:01:19
end_add_noise_time2021-06-30 19:01:23
average train loss= 0.862007184940226
2021-06-30 19:01:31,round 4,val Accuracy Top1: 72.920000 %
2021-06-30 19:01:31,round 4,val Accuracy Top5: 97.890000 %
******client id  0 ******
client_update start
client id= 0 ,round= 5 ,epoch= 1 ,client update iteration= 10 ,loss= 0.7252609729766846
client id= 0 ,round= 5 ,epoch= 1 ,client update iteration= 20 ,loss= 0.5363404154777527
client id= 0 ,round= 5 ,epoch= 1 ,client update iteration= 30 ,loss= 0.6917034387588501
client id= 0 ,round= 5 ,epoch= 1 ,client update iteration= 40 ,loss= 0.598122775554657
client id= 0 ,round= 5 ,epoch= 1 ,client update iteration= 50 ,loss= 0.5427414774894714
client id= 0 ,round= 5 ,epoch= 1 ,client update iteration= 60 ,loss= 0.9107353091239929
client id= 0 ,round= 5 ,epoch= 1 ,client update iteration= 70 ,loss= 0.597618818283081
client id= 0 ,round= 5 ,epoch= 1 ,client update iteration= 80 ,loss= 0.9269223213195801
client id= 0 ,round= 5 ,epoch= 1 ,client update iteration= 90 ,loss= 0.6787830591201782
client id= 0 ,round= 5 ,epoch= 1 ,client update iteration= 100 ,loss= 0.6130427718162537
client id= 0 ,round= 5 ,epoch= 1 ,client update iteration= 110 ,loss= 0.6821576952934265
client id= 0 ,round= 5 ,epoch= 1 ,client update iteration= 120 ,loss= 0.904761791229248
client id= 0 ,round= 5 ,epoch= 1 ,client update iteration= 130 ,loss= 0.6839904189109802
client id= 0 ,round= 5 ,epoch= 1 ,client update iteration= 140 ,loss= 0.8030043840408325
client id= 0 ,round= 5 ,epoch= 1 ,client update iteration= 150 ,loss= 0.7263699173927307
client id= 0 ,round= 5 ,epoch= 1 ,client update iteration= 160 ,loss= 0.5170556902885437
client id= 0 ,round= 5 ,epoch= 1 ,client update iteration= 170 ,loss= 0.8464400768280029
client id= 0 ,round= 5 ,epoch= 1 ,client update iteration= 180 ,loss= 0.8953573703765869
client id= 0 ,round= 5 ,epoch= 1 ,client update iteration= 190 ,loss= 0.7903215289115906
client id= 0 ,round= 5 ,epoch= 1 ,client update iteration= 200 ,loss= 0.8250319361686707
client id= 0 ,round= 5 ,epoch= 1 ,client update iteration= 210 ,loss= 0.5127078294754028
client id= 0 ,round= 5 ,epoch= 1 ,client update iteration= 220 ,loss= 0.6467509269714355
client id= 0 ,round= 5 ,epoch= 1 ,client update iteration= 230 ,loss= 0.5188083648681641
client id= 0 ,round= 5 ,epoch= 1 ,client update iteration= 240 ,loss= 0.9792273044586182
client id= 0 ,round= 5 ,epoch= 1 ,client update iteration= 250 ,loss= 0.7423151135444641
client id= 0 ,round= 5 ,epoch= 1 ,client update iteration= 260 ,loss= 0.6276535987854004
client id= 0 ,round= 5 ,epoch= 1 ,client update iteration= 270 ,loss= 0.6462391018867493
client id= 0 ,round= 5 ,epoch= 1 ,client update iteration= 280 ,loss= 0.8760255575180054
client id= 0 ,round= 5 ,epoch= 1 ,client update iteration= 290 ,loss= 0.7771854996681213
client id= 0 ,round= 5 ,epoch= 1 ,client update iteration= 300 ,loss= 0.7970053553581238
client id= 0 ,round= 5 ,epoch= 1 ,client update iteration= 310 ,loss= 0.8484801054000854
client id= 0 ,round= 5 ,epoch= 1 ,client update iteration= 320 ,loss= 0.6580603122711182
client id= 0 ,round= 5 ,epoch= 1 ,client update iteration= 330 ,loss= 0.9846300482749939
client id= 0 ,round= 5 ,epoch= 1 ,client update iteration= 340 ,loss= 0.890509843826294
client id= 0 ,round= 5 ,epoch= 1 ,client update iteration= 350 ,loss= 0.842073917388916
client id= 0 ,round= 5 ,epoch= 1 ,client update iteration= 360 ,loss= 0.7996476292610168
client id= 0 ,round= 5 ,epoch= 1 ,client update iteration= 370 ,loss= 0.6484922766685486
client id= 0 ,round= 5 ,epoch= 1 ,client update iteration= 380 ,loss= 0.7019541263580322
client id= 0 ,round= 5 ,epoch= 1 ,client update iteration= 390 ,loss= 1.1498827934265137
******client id  1 ******
client_update start
client id= 1 ,round= 5 ,epoch= 1 ,client update iteration= 10 ,loss= 0.8570753931999207
client id= 1 ,round= 5 ,epoch= 1 ,client update iteration= 20 ,loss= 0.6684494614601135
client id= 1 ,round= 5 ,epoch= 1 ,client update iteration= 30 ,loss= 0.8248651623725891
client id= 1 ,round= 5 ,epoch= 1 ,client update iteration= 40 ,loss= 0.6198849081993103
client id= 1 ,round= 5 ,epoch= 1 ,client update iteration= 50 ,loss= 0.784058690071106
client id= 1 ,round= 5 ,epoch= 1 ,client update iteration= 60 ,loss= 0.8143098950386047
client id= 1 ,round= 5 ,epoch= 1 ,client update iteration= 70 ,loss= 0.7610624432563782
client id= 1 ,round= 5 ,epoch= 1 ,client update iteration= 80 ,loss= 0.5985024571418762
client id= 1 ,round= 5 ,epoch= 1 ,client update iteration= 90 ,loss= 0.7115637063980103
client id= 1 ,round= 5 ,epoch= 1 ,client update iteration= 100 ,loss= 0.9612973928451538
client id= 1 ,round= 5 ,epoch= 1 ,client update iteration= 110 ,loss= 0.8716885447502136
client id= 1 ,round= 5 ,epoch= 1 ,client update iteration= 120 ,loss= 0.7875300645828247
client id= 1 ,round= 5 ,epoch= 1 ,client update iteration= 130 ,loss= 0.8550910949707031
client id= 1 ,round= 5 ,epoch= 1 ,client update iteration= 140 ,loss= 0.6562737226486206
client id= 1 ,round= 5 ,epoch= 1 ,client update iteration= 150 ,loss= 0.7191975116729736
client id= 1 ,round= 5 ,epoch= 1 ,client update iteration= 160 ,loss= 0.7162512540817261
client id= 1 ,round= 5 ,epoch= 1 ,client update iteration= 170 ,loss= 0.8699837327003479
client id= 1 ,round= 5 ,epoch= 1 ,client update iteration= 180 ,loss= 0.6249057650566101
client id= 1 ,round= 5 ,epoch= 1 ,client update iteration= 190 ,loss= 0.8545548319816589
client id= 1 ,round= 5 ,epoch= 1 ,client update iteration= 200 ,loss= 0.698651134967804
client id= 1 ,round= 5 ,epoch= 1 ,client update iteration= 210 ,loss= 0.7346866130828857
client id= 1 ,round= 5 ,epoch= 1 ,client update iteration= 220 ,loss= 0.6160553097724915
client id= 1 ,round= 5 ,epoch= 1 ,client update iteration= 230 ,loss= 0.6993746161460876
client id= 1 ,round= 5 ,epoch= 1 ,client update iteration= 240 ,loss= 0.9013249278068542
client id= 1 ,round= 5 ,epoch= 1 ,client update iteration= 250 ,loss= 0.6478648781776428
client id= 1 ,round= 5 ,epoch= 1 ,client update iteration= 260 ,loss= 0.8750125169754028
client id= 1 ,round= 5 ,epoch= 1 ,client update iteration= 270 ,loss= 0.7995584011077881
client id= 1 ,round= 5 ,epoch= 1 ,client update iteration= 280 ,loss= 0.7183219194412231
client id= 1 ,round= 5 ,epoch= 1 ,client update iteration= 290 ,loss= 0.7727532982826233
client id= 1 ,round= 5 ,epoch= 1 ,client update iteration= 300 ,loss= 0.6275249719619751
client id= 1 ,round= 5 ,epoch= 1 ,client update iteration= 310 ,loss= 0.8191203474998474
client id= 1 ,round= 5 ,epoch= 1 ,client update iteration= 320 ,loss= 0.6188040375709534
client id= 1 ,round= 5 ,epoch= 1 ,client update iteration= 330 ,loss= 0.7335349321365356
client id= 1 ,round= 5 ,epoch= 1 ,client update iteration= 340 ,loss= 0.8478151559829712
client id= 1 ,round= 5 ,epoch= 1 ,client update iteration= 350 ,loss= 0.6008331775665283
client id= 1 ,round= 5 ,epoch= 1 ,client update iteration= 360 ,loss= 0.5946038365364075
client id= 1 ,round= 5 ,epoch= 1 ,client update iteration= 370 ,loss= 0.5609062910079956
client id= 1 ,round= 5 ,epoch= 1 ,client update iteration= 380 ,loss= 0.6983412504196167
client id= 1 ,round= 5 ,epoch= 1 ,client update iteration= 390 ,loss= 0.5062603950500488
start cal weight time2021-06-30 19:03:57
end cal weight time2021-06-30 19:03:57
layer= 0 ratio= 0.011436135033744679
layer= 1 ratio= 0.013723362040493615
layer= 2 ratio= 0.016468034448592336
layer= 3 ratio= 0.019761641338310806
layer= 4 ratio= 0.023713969605972968
layer= 5 ratio= 0.02845676352716756
layer= 6 ratio= 0.03414811623260107
layer= 7 ratio= 0.04097773947912128
layer= 8 ratio= 0.049173287374945536
layer= 9 ratio= 0.05900794484993465
layer= 10 ratio= 0.07080953381992157
layer= 11 ratio= 0.08497144058390589
layer= 12 ratio= 0.10196572870068706
layer= 13 ratio= 0.12235887444082445
layer= 14 ratio= 0.14683064932898934
layer= 15 ratio= 0.1761967791947872
start add noise2021-06-30 19:03:57
end_add_noise_time2021-06-30 19:04:00
start cal weight time2021-06-30 19:04:00
end cal weight time2021-06-30 19:04:00
layer= 0 ratio= 0.011436135033744679
layer= 1 ratio= 0.013723362040493615
layer= 2 ratio= 0.016468034448592336
layer= 3 ratio= 0.019761641338310806
layer= 4 ratio= 0.023713969605972968
layer= 5 ratio= 0.02845676352716756
layer= 6 ratio= 0.03414811623260107
layer= 7 ratio= 0.04097773947912128
layer= 8 ratio= 0.049173287374945536
layer= 9 ratio= 0.05900794484993465
layer= 10 ratio= 0.07080953381992157
layer= 11 ratio= 0.08497144058390589
layer= 12 ratio= 0.10196572870068706
layer= 13 ratio= 0.12235887444082445
layer= 14 ratio= 0.14683064932898934
layer= 15 ratio= 0.1761967791947872
start add noise2021-06-30 19:04:00
end_add_noise_time2021-06-30 19:04:04
average train loss= 0.750811788470239
2021-06-30 19:04:13,round 5,val Accuracy Top1: 75.190000 %
2021-06-30 19:04:13,round 5,val Accuracy Top5: 98.190000 %
******client id  0 ******
client_update start
client id= 0 ,round= 6 ,epoch= 1 ,client update iteration= 10 ,loss= 0.7287508845329285
client id= 0 ,round= 6 ,epoch= 1 ,client update iteration= 20 ,loss= 0.8481653332710266
client id= 0 ,round= 6 ,epoch= 1 ,client update iteration= 30 ,loss= 0.7067831158638
client id= 0 ,round= 6 ,epoch= 1 ,client update iteration= 40 ,loss= 0.5741089582443237
client id= 0 ,round= 6 ,epoch= 1 ,client update iteration= 50 ,loss= 0.8248991370201111
client id= 0 ,round= 6 ,epoch= 1 ,client update iteration= 60 ,loss= 0.7469198703765869
client id= 0 ,round= 6 ,epoch= 1 ,client update iteration= 70 ,loss= 0.6608021259307861
client id= 0 ,round= 6 ,epoch= 1 ,client update iteration= 80 ,loss= 0.8003717660903931
client id= 0 ,round= 6 ,epoch= 1 ,client update iteration= 90 ,loss= 0.7309167385101318
client id= 0 ,round= 6 ,epoch= 1 ,client update iteration= 100 ,loss= 0.5713412761688232
client id= 0 ,round= 6 ,epoch= 1 ,client update iteration= 110 ,loss= 0.8113434910774231
client id= 0 ,round= 6 ,epoch= 1 ,client update iteration= 120 ,loss= 0.8704606294631958
client id= 0 ,round= 6 ,epoch= 1 ,client update iteration= 130 ,loss= 0.6550287008285522
client id= 0 ,round= 6 ,epoch= 1 ,client update iteration= 140 ,loss= 0.8725624680519104
client id= 0 ,round= 6 ,epoch= 1 ,client update iteration= 150 ,loss= 0.7783167958259583
client id= 0 ,round= 6 ,epoch= 1 ,client update iteration= 160 ,loss= 0.8115732669830322
client id= 0 ,round= 6 ,epoch= 1 ,client update iteration= 170 ,loss= 0.7914100289344788
client id= 0 ,round= 6 ,epoch= 1 ,client update iteration= 180 ,loss= 0.6450427770614624
client id= 0 ,round= 6 ,epoch= 1 ,client update iteration= 190 ,loss= 0.6383257508277893
client id= 0 ,round= 6 ,epoch= 1 ,client update iteration= 200 ,loss= 0.6643424034118652
client id= 0 ,round= 6 ,epoch= 1 ,client update iteration= 210 ,loss= 1.0086281299591064
client id= 0 ,round= 6 ,epoch= 1 ,client update iteration= 220 ,loss= 0.45643866062164307
client id= 0 ,round= 6 ,epoch= 1 ,client update iteration= 230 ,loss= 0.6223361492156982
client id= 0 ,round= 6 ,epoch= 1 ,client update iteration= 240 ,loss= 0.731549859046936
client id= 0 ,round= 6 ,epoch= 1 ,client update iteration= 250 ,loss= 0.48726505041122437
client id= 0 ,round= 6 ,epoch= 1 ,client update iteration= 260 ,loss= 0.5955957770347595
client id= 0 ,round= 6 ,epoch= 1 ,client update iteration= 270 ,loss= 0.6144384145736694
client id= 0 ,round= 6 ,epoch= 1 ,client update iteration= 280 ,loss= 0.5224769115447998
client id= 0 ,round= 6 ,epoch= 1 ,client update iteration= 290 ,loss= 0.5859977602958679
client id= 0 ,round= 6 ,epoch= 1 ,client update iteration= 300 ,loss= 0.6823780536651611
client id= 0 ,round= 6 ,epoch= 1 ,client update iteration= 310 ,loss= 0.6446902751922607
client id= 0 ,round= 6 ,epoch= 1 ,client update iteration= 320 ,loss= 0.6193051934242249
client id= 0 ,round= 6 ,epoch= 1 ,client update iteration= 330 ,loss= 0.4831180274486542
client id= 0 ,round= 6 ,epoch= 1 ,client update iteration= 340 ,loss= 0.606607973575592
client id= 0 ,round= 6 ,epoch= 1 ,client update iteration= 350 ,loss= 0.567305326461792
client id= 0 ,round= 6 ,epoch= 1 ,client update iteration= 360 ,loss= 0.5423941612243652
client id= 0 ,round= 6 ,epoch= 1 ,client update iteration= 370 ,loss= 0.5271521806716919
client id= 0 ,round= 6 ,epoch= 1 ,client update iteration= 380 ,loss= 0.7592250108718872
client id= 0 ,round= 6 ,epoch= 1 ,client update iteration= 390 ,loss= 0.5623784065246582
******client id  1 ******
client_update start
client id= 1 ,round= 6 ,epoch= 1 ,client update iteration= 10 ,loss= 0.7906052470207214
client id= 1 ,round= 6 ,epoch= 1 ,client update iteration= 20 ,loss= 0.6602223515510559
client id= 1 ,round= 6 ,epoch= 1 ,client update iteration= 30 ,loss= 0.660119891166687
client id= 1 ,round= 6 ,epoch= 1 ,client update iteration= 40 ,loss= 0.6914931535720825
client id= 1 ,round= 6 ,epoch= 1 ,client update iteration= 50 ,loss= 0.6690499186515808
client id= 1 ,round= 6 ,epoch= 1 ,client update iteration= 60 ,loss= 0.8433017134666443
client id= 1 ,round= 6 ,epoch= 1 ,client update iteration= 70 ,loss= 0.8945843577384949
client id= 1 ,round= 6 ,epoch= 1 ,client update iteration= 80 ,loss= 0.7484577298164368
client id= 1 ,round= 6 ,epoch= 1 ,client update iteration= 90 ,loss= 0.8782219290733337
client id= 1 ,round= 6 ,epoch= 1 ,client update iteration= 100 ,loss= 0.8283737301826477
client id= 1 ,round= 6 ,epoch= 1 ,client update iteration= 110 ,loss= 0.6413018107414246
client id= 1 ,round= 6 ,epoch= 1 ,client update iteration= 120 ,loss= 0.5960566997528076
client id= 1 ,round= 6 ,epoch= 1 ,client update iteration= 130 ,loss= 0.7279292941093445
client id= 1 ,round= 6 ,epoch= 1 ,client update iteration= 140 ,loss= 1.0892738103866577
client id= 1 ,round= 6 ,epoch= 1 ,client update iteration= 150 ,loss= 0.9908768534660339
client id= 1 ,round= 6 ,epoch= 1 ,client update iteration= 160 ,loss= 0.7943705916404724
client id= 1 ,round= 6 ,epoch= 1 ,client update iteration= 170 ,loss= 0.6606965661048889
client id= 1 ,round= 6 ,epoch= 1 ,client update iteration= 180 ,loss= 0.7022925615310669
client id= 1 ,round= 6 ,epoch= 1 ,client update iteration= 190 ,loss= 0.6013959050178528
client id= 1 ,round= 6 ,epoch= 1 ,client update iteration= 200 ,loss= 0.668861985206604
client id= 1 ,round= 6 ,epoch= 1 ,client update iteration= 210 ,loss= 0.7022241353988647
client id= 1 ,round= 6 ,epoch= 1 ,client update iteration= 220 ,loss= 0.6281496286392212
client id= 1 ,round= 6 ,epoch= 1 ,client update iteration= 230 ,loss= 0.6108392477035522
client id= 1 ,round= 6 ,epoch= 1 ,client update iteration= 240 ,loss= 0.8635106086730957
client id= 1 ,round= 6 ,epoch= 1 ,client update iteration= 250 ,loss= 0.5302591323852539
client id= 1 ,round= 6 ,epoch= 1 ,client update iteration= 260 ,loss= 0.7283738851547241
client id= 1 ,round= 6 ,epoch= 1 ,client update iteration= 270 ,loss= 0.741540789604187
client id= 1 ,round= 6 ,epoch= 1 ,client update iteration= 280 ,loss= 0.7732204794883728
client id= 1 ,round= 6 ,epoch= 1 ,client update iteration= 290 ,loss= 0.8198462128639221
client id= 1 ,round= 6 ,epoch= 1 ,client update iteration= 300 ,loss= 0.9452005624771118
client id= 1 ,round= 6 ,epoch= 1 ,client update iteration= 310 ,loss= 0.7833492159843445
client id= 1 ,round= 6 ,epoch= 1 ,client update iteration= 320 ,loss= 0.869748592376709
client id= 1 ,round= 6 ,epoch= 1 ,client update iteration= 330 ,loss= 0.8679277896881104
client id= 1 ,round= 6 ,epoch= 1 ,client update iteration= 340 ,loss= 0.8092485070228577
client id= 1 ,round= 6 ,epoch= 1 ,client update iteration= 350 ,loss= 0.670142412185669
client id= 1 ,round= 6 ,epoch= 1 ,client update iteration= 360 ,loss= 0.7888832092285156
client id= 1 ,round= 6 ,epoch= 1 ,client update iteration= 370 ,loss= 0.6188586354255676
client id= 1 ,round= 6 ,epoch= 1 ,client update iteration= 380 ,loss= 0.9613734483718872
client id= 1 ,round= 6 ,epoch= 1 ,client update iteration= 390 ,loss= 0.9094874858856201
start cal weight time2021-06-30 19:06:38
end cal weight time2021-06-30 19:06:38
layer= 0 ratio= 0.011436135033744679
layer= 1 ratio= 0.013723362040493615
layer= 2 ratio= 0.016468034448592336
layer= 3 ratio= 0.019761641338310806
layer= 4 ratio= 0.023713969605972968
layer= 5 ratio= 0.02845676352716756
layer= 6 ratio= 0.03414811623260107
layer= 7 ratio= 0.04097773947912128
layer= 8 ratio= 0.049173287374945536
layer= 9 ratio= 0.05900794484993465
layer= 10 ratio= 0.07080953381992157
layer= 11 ratio= 0.08497144058390589
layer= 12 ratio= 0.10196572870068706
layer= 13 ratio= 0.12235887444082445
layer= 14 ratio= 0.14683064932898934
layer= 15 ratio= 0.1761967791947872
start add noise2021-06-30 19:06:38
end_add_noise_time2021-06-30 19:06:42
start cal weight time2021-06-30 19:06:42
end cal weight time2021-06-30 19:06:42
layer= 0 ratio= 0.011436135033744679
layer= 1 ratio= 0.013723362040493615
layer= 2 ratio= 0.016468034448592336
layer= 3 ratio= 0.019761641338310806
layer= 4 ratio= 0.023713969605972968
layer= 5 ratio= 0.02845676352716756
layer= 6 ratio= 0.03414811623260107
layer= 7 ratio= 0.04097773947912128
layer= 8 ratio= 0.049173287374945536
layer= 9 ratio= 0.05900794484993465
layer= 10 ratio= 0.07080953381992157
layer= 11 ratio= 0.08497144058390589
layer= 12 ratio= 0.10196572870068706
layer= 13 ratio= 0.12235887444082445
layer= 14 ratio= 0.14683064932898934
layer= 15 ratio= 0.1761967791947872
start add noise2021-06-30 19:06:42
end_add_noise_time2021-06-30 19:06:45
average train loss= 0.7116336352227594
2021-06-30 19:06:54,round 6,val Accuracy Top1: 75.180000 %
2021-06-30 19:06:54,round 6,val Accuracy Top5: 98.030000 %
******client id  0 ******
client_update start
client id= 0 ,round= 7 ,epoch= 1 ,client update iteration= 10 ,loss= 0.7591347694396973
client id= 0 ,round= 7 ,epoch= 1 ,client update iteration= 20 ,loss= 0.7462128400802612
client id= 0 ,round= 7 ,epoch= 1 ,client update iteration= 30 ,loss= 0.8570635914802551
client id= 0 ,round= 7 ,epoch= 1 ,client update iteration= 40 ,loss= 0.8487295508384705
client id= 0 ,round= 7 ,epoch= 1 ,client update iteration= 50 ,loss= 0.7767674326896667
client id= 0 ,round= 7 ,epoch= 1 ,client update iteration= 60 ,loss= 0.7051085233688354
client id= 0 ,round= 7 ,epoch= 1 ,client update iteration= 70 ,loss= 0.6636037826538086
client id= 0 ,round= 7 ,epoch= 1 ,client update iteration= 80 ,loss= 0.6993850469589233
client id= 0 ,round= 7 ,epoch= 1 ,client update iteration= 90 ,loss= 0.694620668888092
client id= 0 ,round= 7 ,epoch= 1 ,client update iteration= 100 ,loss= 0.8672162890434265
client id= 0 ,round= 7 ,epoch= 1 ,client update iteration= 110 ,loss= 0.8516187071800232
client id= 0 ,round= 7 ,epoch= 1 ,client update iteration= 120 ,loss= 0.6298520565032959
client id= 0 ,round= 7 ,epoch= 1 ,client update iteration= 130 ,loss= 0.8071624636650085
client id= 0 ,round= 7 ,epoch= 1 ,client update iteration= 140 ,loss= 0.5531810522079468
client id= 0 ,round= 7 ,epoch= 1 ,client update iteration= 150 ,loss= 0.5861330032348633
client id= 0 ,round= 7 ,epoch= 1 ,client update iteration= 160 ,loss= 0.7345053553581238
client id= 0 ,round= 7 ,epoch= 1 ,client update iteration= 170 ,loss= 0.816374659538269
client id= 0 ,round= 7 ,epoch= 1 ,client update iteration= 180 ,loss= 0.7676763534545898
client id= 0 ,round= 7 ,epoch= 1 ,client update iteration= 190 ,loss= 0.5636916160583496
client id= 0 ,round= 7 ,epoch= 1 ,client update iteration= 200 ,loss= 0.6005544662475586
client id= 0 ,round= 7 ,epoch= 1 ,client update iteration= 210 ,loss= 0.865963339805603
client id= 0 ,round= 7 ,epoch= 1 ,client update iteration= 220 ,loss= 0.6790058016777039
client id= 0 ,round= 7 ,epoch= 1 ,client update iteration= 230 ,loss= 0.6471735835075378
client id= 0 ,round= 7 ,epoch= 1 ,client update iteration= 240 ,loss= 0.6246476173400879
client id= 0 ,round= 7 ,epoch= 1 ,client update iteration= 250 ,loss= 0.7804811596870422
client id= 0 ,round= 7 ,epoch= 1 ,client update iteration= 260 ,loss= 0.8433770537376404
client id= 0 ,round= 7 ,epoch= 1 ,client update iteration= 270 ,loss= 0.5431275367736816
client id= 0 ,round= 7 ,epoch= 1 ,client update iteration= 280 ,loss= 0.6133484840393066
client id= 0 ,round= 7 ,epoch= 1 ,client update iteration= 290 ,loss= 0.7618512511253357
client id= 0 ,round= 7 ,epoch= 1 ,client update iteration= 300 ,loss= 0.6239362359046936
client id= 0 ,round= 7 ,epoch= 1 ,client update iteration= 310 ,loss= 0.6444767117500305
client id= 0 ,round= 7 ,epoch= 1 ,client update iteration= 320 ,loss= 0.8221046924591064
client id= 0 ,round= 7 ,epoch= 1 ,client update iteration= 330 ,loss= 0.6136700510978699
client id= 0 ,round= 7 ,epoch= 1 ,client update iteration= 340 ,loss= 0.5168746709823608
client id= 0 ,round= 7 ,epoch= 1 ,client update iteration= 350 ,loss= 0.6221752762794495
client id= 0 ,round= 7 ,epoch= 1 ,client update iteration= 360 ,loss= 0.6624071002006531
client id= 0 ,round= 7 ,epoch= 1 ,client update iteration= 370 ,loss= 0.42069166898727417
client id= 0 ,round= 7 ,epoch= 1 ,client update iteration= 380 ,loss= 0.8127537965774536
client id= 0 ,round= 7 ,epoch= 1 ,client update iteration= 390 ,loss= 0.7430974841117859
******client id  1 ******
client_update start
client id= 1 ,round= 7 ,epoch= 1 ,client update iteration= 10 ,loss= 0.9234387874603271
client id= 1 ,round= 7 ,epoch= 1 ,client update iteration= 20 ,loss= 0.9090563654899597
client id= 1 ,round= 7 ,epoch= 1 ,client update iteration= 30 ,loss= 0.7069811224937439
client id= 1 ,round= 7 ,epoch= 1 ,client update iteration= 40 ,loss= 0.7559360265731812
client id= 1 ,round= 7 ,epoch= 1 ,client update iteration= 50 ,loss= 0.754676103591919
client id= 1 ,round= 7 ,epoch= 1 ,client update iteration= 60 ,loss= 0.7846272587776184
client id= 1 ,round= 7 ,epoch= 1 ,client update iteration= 70 ,loss= 0.634590744972229
client id= 1 ,round= 7 ,epoch= 1 ,client update iteration= 80 ,loss= 0.6333317160606384
client id= 1 ,round= 7 ,epoch= 1 ,client update iteration= 90 ,loss= 0.7192662358283997
client id= 1 ,round= 7 ,epoch= 1 ,client update iteration= 100 ,loss= 0.9631540775299072
client id= 1 ,round= 7 ,epoch= 1 ,client update iteration= 110 ,loss= 0.7578915953636169
client id= 1 ,round= 7 ,epoch= 1 ,client update iteration= 120 ,loss= 0.5493811368942261
client id= 1 ,round= 7 ,epoch= 1 ,client update iteration= 130 ,loss= 0.8082727193832397
client id= 1 ,round= 7 ,epoch= 1 ,client update iteration= 140 ,loss= 0.6907187700271606
client id= 1 ,round= 7 ,epoch= 1 ,client update iteration= 150 ,loss= 0.8486694097518921
client id= 1 ,round= 7 ,epoch= 1 ,client update iteration= 160 ,loss= 0.9735682010650635
client id= 1 ,round= 7 ,epoch= 1 ,client update iteration= 170 ,loss= 0.662775456905365
client id= 1 ,round= 7 ,epoch= 1 ,client update iteration= 180 ,loss= 0.7123252749443054
client id= 1 ,round= 7 ,epoch= 1 ,client update iteration= 190 ,loss= 0.6474010348320007
client id= 1 ,round= 7 ,epoch= 1 ,client update iteration= 200 ,loss= 0.7254419326782227
client id= 1 ,round= 7 ,epoch= 1 ,client update iteration= 210 ,loss= 0.7481964230537415
client id= 1 ,round= 7 ,epoch= 1 ,client update iteration= 220 ,loss= 0.6045827865600586
client id= 1 ,round= 7 ,epoch= 1 ,client update iteration= 230 ,loss= 0.7231461405754089
client id= 1 ,round= 7 ,epoch= 1 ,client update iteration= 240 ,loss= 0.40887221693992615
client id= 1 ,round= 7 ,epoch= 1 ,client update iteration= 250 ,loss= 0.5532645583152771
client id= 1 ,round= 7 ,epoch= 1 ,client update iteration= 260 ,loss= 0.7595377564430237
client id= 1 ,round= 7 ,epoch= 1 ,client update iteration= 270 ,loss= 0.6743616461753845
client id= 1 ,round= 7 ,epoch= 1 ,client update iteration= 280 ,loss= 0.7816057205200195
client id= 1 ,round= 7 ,epoch= 1 ,client update iteration= 290 ,loss= 0.6528016328811646
client id= 1 ,round= 7 ,epoch= 1 ,client update iteration= 300 ,loss= 0.8180587887763977
client id= 1 ,round= 7 ,epoch= 1 ,client update iteration= 310 ,loss= 0.593440055847168
client id= 1 ,round= 7 ,epoch= 1 ,client update iteration= 320 ,loss= 0.5810638666152954
client id= 1 ,round= 7 ,epoch= 1 ,client update iteration= 330 ,loss= 0.8466739058494568
client id= 1 ,round= 7 ,epoch= 1 ,client update iteration= 340 ,loss= 1.0025074481964111
client id= 1 ,round= 7 ,epoch= 1 ,client update iteration= 350 ,loss= 0.58000648021698
client id= 1 ,round= 7 ,epoch= 1 ,client update iteration= 360 ,loss= 0.6489969491958618
client id= 1 ,round= 7 ,epoch= 1 ,client update iteration= 370 ,loss= 0.7530346512794495
client id= 1 ,round= 7 ,epoch= 1 ,client update iteration= 380 ,loss= 0.6886352896690369
client id= 1 ,round= 7 ,epoch= 1 ,client update iteration= 390 ,loss= 0.7678530216217041
start cal weight time2021-06-30 19:09:19
end cal weight time2021-06-30 19:09:19
layer= 0 ratio= 0.011436135033744679
layer= 1 ratio= 0.013723362040493615
layer= 2 ratio= 0.016468034448592336
layer= 3 ratio= 0.019761641338310806
layer= 4 ratio= 0.023713969605972968
layer= 5 ratio= 0.02845676352716756
layer= 6 ratio= 0.03414811623260107
layer= 7 ratio= 0.04097773947912128
layer= 8 ratio= 0.049173287374945536
layer= 9 ratio= 0.05900794484993465
layer= 10 ratio= 0.07080953381992157
layer= 11 ratio= 0.08497144058390589
layer= 12 ratio= 0.10196572870068706
layer= 13 ratio= 0.12235887444082445
layer= 14 ratio= 0.14683064932898934
layer= 15 ratio= 0.1761967791947872
start add noise2021-06-30 19:09:19
end_add_noise_time2021-06-30 19:09:23
start cal weight time2021-06-30 19:09:23
end cal weight time2021-06-30 19:09:23
layer= 0 ratio= 0.011436135033744679
layer= 1 ratio= 0.013723362040493615
layer= 2 ratio= 0.016468034448592336
layer= 3 ratio= 0.019761641338310806
layer= 4 ratio= 0.023713969605972968
layer= 5 ratio= 0.02845676352716756
layer= 6 ratio= 0.03414811623260107
layer= 7 ratio= 0.04097773947912128
layer= 8 ratio= 0.049173287374945536
layer= 9 ratio= 0.05900794484993465
layer= 10 ratio= 0.07080953381992157
layer= 11 ratio= 0.08497144058390589
layer= 12 ratio= 0.10196572870068706
layer= 13 ratio= 0.12235887444082445
layer= 14 ratio= 0.14683064932898934
layer= 15 ratio= 0.1761967791947872
start add noise2021-06-30 19:09:23
end_add_noise_time2021-06-30 19:09:26
average train loss= 0.6995883563442913
2021-06-30 19:09:35,round 7,val Accuracy Top1: 73.520000 %
2021-06-30 19:09:35,round 7,val Accuracy Top5: 97.640000 %
******client id  0 ******
client_update start
client id= 0 ,round= 8 ,epoch= 1 ,client update iteration= 10 ,loss= 0.6903280019760132
client id= 0 ,round= 8 ,epoch= 1 ,client update iteration= 20 ,loss= 0.7257643938064575
client id= 0 ,round= 8 ,epoch= 1 ,client update iteration= 30 ,loss= 0.9563117623329163
client id= 0 ,round= 8 ,epoch= 1 ,client update iteration= 40 ,loss= 0.5746379494667053
client id= 0 ,round= 8 ,epoch= 1 ,client update iteration= 50 ,loss= 0.6075359582901001
client id= 0 ,round= 8 ,epoch= 1 ,client update iteration= 60 ,loss= 0.9739390015602112
client id= 0 ,round= 8 ,epoch= 1 ,client update iteration= 70 ,loss= 0.6397608518600464
client id= 0 ,round= 8 ,epoch= 1 ,client update iteration= 80 ,loss= 0.48696398735046387
client id= 0 ,round= 8 ,epoch= 1 ,client update iteration= 90 ,loss= 0.9418651461601257
client id= 0 ,round= 8 ,epoch= 1 ,client update iteration= 100 ,loss= 0.632651150226593
client id= 0 ,round= 8 ,epoch= 1 ,client update iteration= 110 ,loss= 0.67181396484375
client id= 0 ,round= 8 ,epoch= 1 ,client update iteration= 120 ,loss= 0.5877290368080139
client id= 0 ,round= 8 ,epoch= 1 ,client update iteration= 130 ,loss= 0.7365010976791382
client id= 0 ,round= 8 ,epoch= 1 ,client update iteration= 140 ,loss= 0.648668110370636
client id= 0 ,round= 8 ,epoch= 1 ,client update iteration= 150 ,loss= 0.6899935603141785
client id= 0 ,round= 8 ,epoch= 1 ,client update iteration= 160 ,loss= 0.7373766899108887
client id= 0 ,round= 8 ,epoch= 1 ,client update iteration= 170 ,loss= 0.4427906274795532
client id= 0 ,round= 8 ,epoch= 1 ,client update iteration= 180 ,loss= 0.7143006324768066
client id= 0 ,round= 8 ,epoch= 1 ,client update iteration= 190 ,loss= 0.6821185946464539
client id= 0 ,round= 8 ,epoch= 1 ,client update iteration= 200 ,loss= 0.8098559379577637
client id= 0 ,round= 8 ,epoch= 1 ,client update iteration= 210 ,loss= 0.6591305136680603
client id= 0 ,round= 8 ,epoch= 1 ,client update iteration= 220 ,loss= 0.616436779499054
client id= 0 ,round= 8 ,epoch= 1 ,client update iteration= 230 ,loss= 0.7777562141418457
client id= 0 ,round= 8 ,epoch= 1 ,client update iteration= 240 ,loss= 0.527327835559845
client id= 0 ,round= 8 ,epoch= 1 ,client update iteration= 250 ,loss= 0.6783897876739502
client id= 0 ,round= 8 ,epoch= 1 ,client update iteration= 260 ,loss= 0.7376488447189331
client id= 0 ,round= 8 ,epoch= 1 ,client update iteration= 270 ,loss= 0.6136435270309448
client id= 0 ,round= 8 ,epoch= 1 ,client update iteration= 280 ,loss= 0.3795018792152405
client id= 0 ,round= 8 ,epoch= 1 ,client update iteration= 290 ,loss= 0.7382510304450989
client id= 0 ,round= 8 ,epoch= 1 ,client update iteration= 300 ,loss= 0.586207926273346
client id= 0 ,round= 8 ,epoch= 1 ,client update iteration= 310 ,loss= 0.5738763213157654
client id= 0 ,round= 8 ,epoch= 1 ,client update iteration= 320 ,loss= 0.7157748341560364
client id= 0 ,round= 8 ,epoch= 1 ,client update iteration= 330 ,loss= 0.558226466178894
client id= 0 ,round= 8 ,epoch= 1 ,client update iteration= 340 ,loss= 0.67806476354599
client id= 0 ,round= 8 ,epoch= 1 ,client update iteration= 350 ,loss= 0.8035389184951782
client id= 0 ,round= 8 ,epoch= 1 ,client update iteration= 360 ,loss= 0.5938680171966553
client id= 0 ,round= 8 ,epoch= 1 ,client update iteration= 370 ,loss= 0.7570871710777283
client id= 0 ,round= 8 ,epoch= 1 ,client update iteration= 380 ,loss= 0.45259031653404236
client id= 0 ,round= 8 ,epoch= 1 ,client update iteration= 390 ,loss= 0.6311798691749573
******client id  1 ******
client_update start
client id= 1 ,round= 8 ,epoch= 1 ,client update iteration= 10 ,loss= 0.5959540009498596
client id= 1 ,round= 8 ,epoch= 1 ,client update iteration= 20 ,loss= 0.9248631596565247
client id= 1 ,round= 8 ,epoch= 1 ,client update iteration= 30 ,loss= 0.7749794125556946
client id= 1 ,round= 8 ,epoch= 1 ,client update iteration= 40 ,loss= 0.8898687362670898
client id= 1 ,round= 8 ,epoch= 1 ,client update iteration= 50 ,loss= 0.7589839696884155
client id= 1 ,round= 8 ,epoch= 1 ,client update iteration= 60 ,loss= 0.546142041683197
client id= 1 ,round= 8 ,epoch= 1 ,client update iteration= 70 ,loss= 0.6137326955795288
client id= 1 ,round= 8 ,epoch= 1 ,client update iteration= 80 ,loss= 0.6156485676765442
client id= 1 ,round= 8 ,epoch= 1 ,client update iteration= 90 ,loss= 0.9765843749046326
client id= 1 ,round= 8 ,epoch= 1 ,client update iteration= 100 ,loss= 0.83408123254776
client id= 1 ,round= 8 ,epoch= 1 ,client update iteration= 110 ,loss= 0.5110248327255249
client id= 1 ,round= 8 ,epoch= 1 ,client update iteration= 120 ,loss= 0.5276929140090942
client id= 1 ,round= 8 ,epoch= 1 ,client update iteration= 130 ,loss= 0.660577118396759
client id= 1 ,round= 8 ,epoch= 1 ,client update iteration= 140 ,loss= 0.6666693091392517
client id= 1 ,round= 8 ,epoch= 1 ,client update iteration= 150 ,loss= 0.5088191628456116
client id= 1 ,round= 8 ,epoch= 1 ,client update iteration= 160 ,loss= 0.6676619648933411
client id= 1 ,round= 8 ,epoch= 1 ,client update iteration= 170 ,loss= 0.8278681039810181
client id= 1 ,round= 8 ,epoch= 1 ,client update iteration= 180 ,loss= 0.6780595183372498
client id= 1 ,round= 8 ,epoch= 1 ,client update iteration= 190 ,loss= 0.7412683367729187
client id= 1 ,round= 8 ,epoch= 1 ,client update iteration= 200 ,loss= 0.6349201202392578
client id= 1 ,round= 8 ,epoch= 1 ,client update iteration= 210 ,loss= 0.786072313785553
client id= 1 ,round= 8 ,epoch= 1 ,client update iteration= 220 ,loss= 0.7498272657394409
client id= 1 ,round= 8 ,epoch= 1 ,client update iteration= 230 ,loss= 0.6111909747123718
client id= 1 ,round= 8 ,epoch= 1 ,client update iteration= 240 ,loss= 0.5775527358055115
client id= 1 ,round= 8 ,epoch= 1 ,client update iteration= 250 ,loss= 0.7938373684883118
client id= 1 ,round= 8 ,epoch= 1 ,client update iteration= 260 ,loss= 0.7240096926689148
client id= 1 ,round= 8 ,epoch= 1 ,client update iteration= 270 ,loss= 0.6567603349685669
client id= 1 ,round= 8 ,epoch= 1 ,client update iteration= 280 ,loss= 0.7978768348693848
client id= 1 ,round= 8 ,epoch= 1 ,client update iteration= 290 ,loss= 0.7041747570037842
client id= 1 ,round= 8 ,epoch= 1 ,client update iteration= 300 ,loss= 0.5260372161865234
client id= 1 ,round= 8 ,epoch= 1 ,client update iteration= 310 ,loss= 0.8833719491958618
client id= 1 ,round= 8 ,epoch= 1 ,client update iteration= 320 ,loss= 0.4847862422466278
client id= 1 ,round= 8 ,epoch= 1 ,client update iteration= 330 ,loss= 0.588954508304596
client id= 1 ,round= 8 ,epoch= 1 ,client update iteration= 340 ,loss= 0.8745949864387512
client id= 1 ,round= 8 ,epoch= 1 ,client update iteration= 350 ,loss= 0.6626060009002686
client id= 1 ,round= 8 ,epoch= 1 ,client update iteration= 360 ,loss= 0.46637043356895447
client id= 1 ,round= 8 ,epoch= 1 ,client update iteration= 370 ,loss= 0.6770942211151123
client id= 1 ,round= 8 ,epoch= 1 ,client update iteration= 380 ,loss= 0.5767903327941895
client id= 1 ,round= 8 ,epoch= 1 ,client update iteration= 390 ,loss= 0.5581974387168884
start cal weight time2021-06-30 19:12:00
end cal weight time2021-06-30 19:12:00
layer= 0 ratio= 0.011436135033744679
layer= 1 ratio= 0.013723362040493615
layer= 2 ratio= 0.016468034448592336
layer= 3 ratio= 0.019761641338310806
layer= 4 ratio= 0.023713969605972968
layer= 5 ratio= 0.02845676352716756
layer= 6 ratio= 0.03414811623260107
layer= 7 ratio= 0.04097773947912128
layer= 8 ratio= 0.049173287374945536
layer= 9 ratio= 0.05900794484993465
layer= 10 ratio= 0.07080953381992157
layer= 11 ratio= 0.08497144058390589
layer= 12 ratio= 0.10196572870068706
layer= 13 ratio= 0.12235887444082445
layer= 14 ratio= 0.14683064932898934
layer= 15 ratio= 0.1761967791947872
start add noise2021-06-30 19:12:00
end_add_noise_time2021-06-30 19:12:04
start cal weight time2021-06-30 19:12:04
end cal weight time2021-06-30 19:12:04
layer= 0 ratio= 0.011436135033744679
layer= 1 ratio= 0.013723362040493615
layer= 2 ratio= 0.016468034448592336
layer= 3 ratio= 0.019761641338310806
layer= 4 ratio= 0.023713969605972968
layer= 5 ratio= 0.02845676352716756
layer= 6 ratio= 0.03414811623260107
layer= 7 ratio= 0.04097773947912128
layer= 8 ratio= 0.049173287374945536
layer= 9 ratio= 0.05900794484993465
layer= 10 ratio= 0.07080953381992157
layer= 11 ratio= 0.08497144058390589
layer= 12 ratio= 0.10196572870068706
layer= 13 ratio= 0.12235887444082445
layer= 14 ratio= 0.14683064932898934
layer= 15 ratio= 0.1761967791947872
start add noise2021-06-30 19:12:04
end_add_noise_time2021-06-30 19:12:07
average train loss= 0.6930924327400945
2021-06-30 19:12:16,round 8,val Accuracy Top1: 72.010000 %
2021-06-30 19:12:16,round 8,val Accuracy Top5: 98.120000 %
******client id  0 ******
client_update start
client id= 0 ,round= 9 ,epoch= 1 ,client update iteration= 10 ,loss= 0.8516101837158203
client id= 0 ,round= 9 ,epoch= 1 ,client update iteration= 20 ,loss= 0.5584120750427246
client id= 0 ,round= 9 ,epoch= 1 ,client update iteration= 30 ,loss= 0.8285681009292603
client id= 0 ,round= 9 ,epoch= 1 ,client update iteration= 40 ,loss= 0.5974542498588562
client id= 0 ,round= 9 ,epoch= 1 ,client update iteration= 50 ,loss= 0.6571871042251587
client id= 0 ,round= 9 ,epoch= 1 ,client update iteration= 60 ,loss= 0.7022122740745544
client id= 0 ,round= 9 ,epoch= 1 ,client update iteration= 70 ,loss= 0.9514540433883667
client id= 0 ,round= 9 ,epoch= 1 ,client update iteration= 80 ,loss= 0.8247732520103455
client id= 0 ,round= 9 ,epoch= 1 ,client update iteration= 90 ,loss= 0.5580843687057495
client id= 0 ,round= 9 ,epoch= 1 ,client update iteration= 100 ,loss= 0.501824676990509
client id= 0 ,round= 9 ,epoch= 1 ,client update iteration= 110 ,loss= 0.8398357629776001
client id= 0 ,round= 9 ,epoch= 1 ,client update iteration= 120 ,loss= 0.9106524586677551
client id= 0 ,round= 9 ,epoch= 1 ,client update iteration= 130 ,loss= 0.5018569231033325
client id= 0 ,round= 9 ,epoch= 1 ,client update iteration= 140 ,loss= 0.7086840271949768
client id= 0 ,round= 9 ,epoch= 1 ,client update iteration= 150 ,loss= 0.5232160091400146
client id= 0 ,round= 9 ,epoch= 1 ,client update iteration= 160 ,loss= 0.614284336566925
client id= 0 ,round= 9 ,epoch= 1 ,client update iteration= 170 ,loss= 0.7398203611373901
client id= 0 ,round= 9 ,epoch= 1 ,client update iteration= 180 ,loss= 0.847854733467102
client id= 0 ,round= 9 ,epoch= 1 ,client update iteration= 190 ,loss= 1.0004303455352783
client id= 0 ,round= 9 ,epoch= 1 ,client update iteration= 200 ,loss= 0.5475959181785583
client id= 0 ,round= 9 ,epoch= 1 ,client update iteration= 210 ,loss= 0.7384377717971802
client id= 0 ,round= 9 ,epoch= 1 ,client update iteration= 220 ,loss= 0.6182342767715454
client id= 0 ,round= 9 ,epoch= 1 ,client update iteration= 230 ,loss= 0.641895592212677
client id= 0 ,round= 9 ,epoch= 1 ,client update iteration= 240 ,loss= 0.7913301587104797
client id= 0 ,round= 9 ,epoch= 1 ,client update iteration= 250 ,loss= 0.7810750603675842
client id= 0 ,round= 9 ,epoch= 1 ,client update iteration= 260 ,loss= 0.6614755392074585
client id= 0 ,round= 9 ,epoch= 1 ,client update iteration= 270 ,loss= 0.8096112608909607
client id= 0 ,round= 9 ,epoch= 1 ,client update iteration= 280 ,loss= 0.607653796672821
client id= 0 ,round= 9 ,epoch= 1 ,client update iteration= 290 ,loss= 0.7116516828536987
client id= 0 ,round= 9 ,epoch= 1 ,client update iteration= 300 ,loss= 1.0030471086502075
client id= 0 ,round= 9 ,epoch= 1 ,client update iteration= 310 ,loss= 0.4866291582584381
client id= 0 ,round= 9 ,epoch= 1 ,client update iteration= 320 ,loss= 0.6982948184013367
client id= 0 ,round= 9 ,epoch= 1 ,client update iteration= 330 ,loss= 0.5953396558761597
client id= 0 ,round= 9 ,epoch= 1 ,client update iteration= 340 ,loss= 0.8108225464820862
client id= 0 ,round= 9 ,epoch= 1 ,client update iteration= 350 ,loss= 0.8510831594467163
client id= 0 ,round= 9 ,epoch= 1 ,client update iteration= 360 ,loss= 0.5456267595291138
client id= 0 ,round= 9 ,epoch= 1 ,client update iteration= 370 ,loss= 1.162182331085205
client id= 0 ,round= 9 ,epoch= 1 ,client update iteration= 380 ,loss= 0.5447016954421997
client id= 0 ,round= 9 ,epoch= 1 ,client update iteration= 390 ,loss= 0.9622204899787903
******client id  1 ******
client_update start
client id= 1 ,round= 9 ,epoch= 1 ,client update iteration= 10 ,loss= 0.8448001742362976
client id= 1 ,round= 9 ,epoch= 1 ,client update iteration= 20 ,loss= 0.8176910281181335
client id= 1 ,round= 9 ,epoch= 1 ,client update iteration= 30 ,loss= 0.7886499166488647
client id= 1 ,round= 9 ,epoch= 1 ,client update iteration= 40 ,loss= 0.8120949268341064
client id= 1 ,round= 9 ,epoch= 1 ,client update iteration= 50 ,loss= 0.8741097450256348
client id= 1 ,round= 9 ,epoch= 1 ,client update iteration= 60 ,loss= 0.8684244155883789
client id= 1 ,round= 9 ,epoch= 1 ,client update iteration= 70 ,loss= 0.6996642351150513
client id= 1 ,round= 9 ,epoch= 1 ,client update iteration= 80 ,loss= 0.6926184892654419
client id= 1 ,round= 9 ,epoch= 1 ,client update iteration= 90 ,loss= 0.6993475556373596
client id= 1 ,round= 9 ,epoch= 1 ,client update iteration= 100 ,loss= 0.8529223203659058
client id= 1 ,round= 9 ,epoch= 1 ,client update iteration= 110 ,loss= 0.723728358745575
client id= 1 ,round= 9 ,epoch= 1 ,client update iteration= 120 ,loss= 0.6326411962509155
client id= 1 ,round= 9 ,epoch= 1 ,client update iteration= 130 ,loss= 0.8996578454971313
client id= 1 ,round= 9 ,epoch= 1 ,client update iteration= 140 ,loss= 0.6716299057006836
client id= 1 ,round= 9 ,epoch= 1 ,client update iteration= 150 ,loss= 0.6672746539115906
client id= 1 ,round= 9 ,epoch= 1 ,client update iteration= 160 ,loss= 0.8100350499153137
client id= 1 ,round= 9 ,epoch= 1 ,client update iteration= 170 ,loss= 0.6820523738861084
client id= 1 ,round= 9 ,epoch= 1 ,client update iteration= 180 ,loss= 0.7607582211494446
client id= 1 ,round= 9 ,epoch= 1 ,client update iteration= 190 ,loss= 0.708657443523407
client id= 1 ,round= 9 ,epoch= 1 ,client update iteration= 200 ,loss= 0.8294601440429688
client id= 1 ,round= 9 ,epoch= 1 ,client update iteration= 210 ,loss= 0.6306976079940796
client id= 1 ,round= 9 ,epoch= 1 ,client update iteration= 220 ,loss= 0.6965314149856567
client id= 1 ,round= 9 ,epoch= 1 ,client update iteration= 230 ,loss= 0.64659583568573
client id= 1 ,round= 9 ,epoch= 1 ,client update iteration= 240 ,loss= 0.5857630968093872
client id= 1 ,round= 9 ,epoch= 1 ,client update iteration= 250 ,loss= 0.33819258213043213
client id= 1 ,round= 9 ,epoch= 1 ,client update iteration= 260 ,loss= 0.7276560068130493
client id= 1 ,round= 9 ,epoch= 1 ,client update iteration= 270 ,loss= 0.6397863030433655
client id= 1 ,round= 9 ,epoch= 1 ,client update iteration= 280 ,loss= 0.7540327310562134
client id= 1 ,round= 9 ,epoch= 1 ,client update iteration= 290 ,loss= 0.6976535320281982
client id= 1 ,round= 9 ,epoch= 1 ,client update iteration= 300 ,loss= 0.6898277997970581
client id= 1 ,round= 9 ,epoch= 1 ,client update iteration= 310 ,loss= 0.7498292326927185
client id= 1 ,round= 9 ,epoch= 1 ,client update iteration= 320 ,loss= 0.6932805180549622
client id= 1 ,round= 9 ,epoch= 1 ,client update iteration= 330 ,loss= 0.9746976494789124
client id= 1 ,round= 9 ,epoch= 1 ,client update iteration= 340 ,loss= 0.8197507858276367
client id= 1 ,round= 9 ,epoch= 1 ,client update iteration= 350 ,loss= 0.5848866701126099
client id= 1 ,round= 9 ,epoch= 1 ,client update iteration= 360 ,loss= 0.8688910007476807
client id= 1 ,round= 9 ,epoch= 1 ,client update iteration= 370 ,loss= 0.7187573313713074
client id= 1 ,round= 9 ,epoch= 1 ,client update iteration= 380 ,loss= 0.6609113216400146
client id= 1 ,round= 9 ,epoch= 1 ,client update iteration= 390 ,loss= 0.4744161069393158
start cal weight time2021-06-30 19:14:41
end cal weight time2021-06-30 19:14:41
layer= 0 ratio= 0.011436135033744679
layer= 1 ratio= 0.013723362040493615
layer= 2 ratio= 0.016468034448592336
layer= 3 ratio= 0.019761641338310806
layer= 4 ratio= 0.023713969605972968
layer= 5 ratio= 0.02845676352716756
layer= 6 ratio= 0.03414811623260107
layer= 7 ratio= 0.04097773947912128
layer= 8 ratio= 0.049173287374945536
layer= 9 ratio= 0.05900794484993465
layer= 10 ratio= 0.07080953381992157
layer= 11 ratio= 0.08497144058390589
layer= 12 ratio= 0.10196572870068706
layer= 13 ratio= 0.12235887444082445
layer= 14 ratio= 0.14683064932898934
layer= 15 ratio= 0.1761967791947872
start add noise2021-06-30 19:14:41
end_add_noise_time2021-06-30 19:14:45
start cal weight time2021-06-30 19:14:45
end cal weight time2021-06-30 19:14:45
layer= 0 ratio= 0.011436135033744679
layer= 1 ratio= 0.013723362040493615
layer= 2 ratio= 0.016468034448592336
layer= 3 ratio= 0.019761641338310806
layer= 4 ratio= 0.023713969605972968
layer= 5 ratio= 0.02845676352716756
layer= 6 ratio= 0.03414811623260107
layer= 7 ratio= 0.04097773947912128
layer= 8 ratio= 0.049173287374945536
layer= 9 ratio= 0.05900794484993465
layer= 10 ratio= 0.07080953381992157
layer= 11 ratio= 0.08497144058390589
layer= 12 ratio= 0.10196572870068706
layer= 13 ratio= 0.12235887444082445
layer= 14 ratio= 0.14683064932898934
layer= 15 ratio= 0.1761967791947872
start add noise2021-06-30 19:14:45
end_add_noise_time2021-06-30 19:14:48
average train loss= 0.6956471062605948
2021-06-30 19:14:57,round 9,val Accuracy Top1: 74.810000 %
2021-06-30 19:14:57,round 9,val Accuracy Top5: 98.000000 %
******client id  0 ******
client_update start
client id= 0 ,round= 10 ,epoch= 1 ,client update iteration= 10 ,loss= 0.7656643986701965
client id= 0 ,round= 10 ,epoch= 1 ,client update iteration= 20 ,loss= 0.7437743544578552
client id= 0 ,round= 10 ,epoch= 1 ,client update iteration= 30 ,loss= 0.6596978306770325
client id= 0 ,round= 10 ,epoch= 1 ,client update iteration= 40 ,loss= 0.8142427206039429
client id= 0 ,round= 10 ,epoch= 1 ,client update iteration= 50 ,loss= 0.9530221819877625
client id= 0 ,round= 10 ,epoch= 1 ,client update iteration= 60 ,loss= 0.7481700778007507
client id= 0 ,round= 10 ,epoch= 1 ,client update iteration= 70 ,loss= 0.9860343933105469
client id= 0 ,round= 10 ,epoch= 1 ,client update iteration= 80 ,loss= 0.907891571521759
client id= 0 ,round= 10 ,epoch= 1 ,client update iteration= 90 ,loss= 0.6897046566009521
client id= 0 ,round= 10 ,epoch= 1 ,client update iteration= 100 ,loss= 0.8266153931617737
client id= 0 ,round= 10 ,epoch= 1 ,client update iteration= 110 ,loss= 0.8714174628257751
client id= 0 ,round= 10 ,epoch= 1 ,client update iteration= 120 ,loss= 0.5291892290115356
client id= 0 ,round= 10 ,epoch= 1 ,client update iteration= 130 ,loss= 0.5137806534767151
client id= 0 ,round= 10 ,epoch= 1 ,client update iteration= 140 ,loss= 0.4977952241897583
client id= 0 ,round= 10 ,epoch= 1 ,client update iteration= 150 ,loss= 0.7887025475502014
client id= 0 ,round= 10 ,epoch= 1 ,client update iteration= 160 ,loss= 0.8820368647575378
client id= 0 ,round= 10 ,epoch= 1 ,client update iteration= 170 ,loss= 0.6634358167648315
client id= 0 ,round= 10 ,epoch= 1 ,client update iteration= 180 ,loss= 0.8415813446044922
client id= 0 ,round= 10 ,epoch= 1 ,client update iteration= 190 ,loss= 0.634482741355896
client id= 0 ,round= 10 ,epoch= 1 ,client update iteration= 200 ,loss= 0.4708951413631439
client id= 0 ,round= 10 ,epoch= 1 ,client update iteration= 210 ,loss= 0.6566671133041382
client id= 0 ,round= 10 ,epoch= 1 ,client update iteration= 220 ,loss= 0.5660902857780457
client id= 0 ,round= 10 ,epoch= 1 ,client update iteration= 230 ,loss= 0.4936181902885437
client id= 0 ,round= 10 ,epoch= 1 ,client update iteration= 240 ,loss= 0.622305691242218
client id= 0 ,round= 10 ,epoch= 1 ,client update iteration= 250 ,loss= 0.5069430470466614
client id= 0 ,round= 10 ,epoch= 1 ,client update iteration= 260 ,loss= 0.7243197560310364
client id= 0 ,round= 10 ,epoch= 1 ,client update iteration= 270 ,loss= 0.8887503743171692
client id= 0 ,round= 10 ,epoch= 1 ,client update iteration= 280 ,loss= 0.5769261121749878
client id= 0 ,round= 10 ,epoch= 1 ,client update iteration= 290 ,loss= 0.4197697043418884
client id= 0 ,round= 10 ,epoch= 1 ,client update iteration= 300 ,loss= 0.7560200095176697
client id= 0 ,round= 10 ,epoch= 1 ,client update iteration= 310 ,loss= 0.7565779685974121
client id= 0 ,round= 10 ,epoch= 1 ,client update iteration= 320 ,loss= 0.7136584520339966
client id= 0 ,round= 10 ,epoch= 1 ,client update iteration= 330 ,loss= 0.4924410283565521
client id= 0 ,round= 10 ,epoch= 1 ,client update iteration= 340 ,loss= 0.6522460579872131
client id= 0 ,round= 10 ,epoch= 1 ,client update iteration= 350 ,loss= 0.6740307211875916
client id= 0 ,round= 10 ,epoch= 1 ,client update iteration= 360 ,loss= 0.5622618794441223
client id= 0 ,round= 10 ,epoch= 1 ,client update iteration= 370 ,loss= 0.7535228729248047
client id= 0 ,round= 10 ,epoch= 1 ,client update iteration= 380 ,loss= 0.6162152290344238
client id= 0 ,round= 10 ,epoch= 1 ,client update iteration= 390 ,loss= 0.541923999786377
******client id  1 ******
client_update start
client id= 1 ,round= 10 ,epoch= 1 ,client update iteration= 10 ,loss= 0.8571640253067017
client id= 1 ,round= 10 ,epoch= 1 ,client update iteration= 20 ,loss= 1.002519130706787
client id= 1 ,round= 10 ,epoch= 1 ,client update iteration= 30 ,loss= 0.8483600616455078
client id= 1 ,round= 10 ,epoch= 1 ,client update iteration= 40 ,loss= 0.8073533177375793
client id= 1 ,round= 10 ,epoch= 1 ,client update iteration= 50 ,loss= 0.938232958316803
client id= 1 ,round= 10 ,epoch= 1 ,client update iteration= 60 ,loss= 0.6260018944740295
client id= 1 ,round= 10 ,epoch= 1 ,client update iteration= 70 ,loss= 0.8883023858070374
client id= 1 ,round= 10 ,epoch= 1 ,client update iteration= 80 ,loss= 0.7355473637580872
client id= 1 ,round= 10 ,epoch= 1 ,client update iteration= 90 ,loss= 0.6698581576347351
client id= 1 ,round= 10 ,epoch= 1 ,client update iteration= 100 ,loss= 0.6763655543327332
client id= 1 ,round= 10 ,epoch= 1 ,client update iteration= 110 ,loss= 0.9365979433059692
client id= 1 ,round= 10 ,epoch= 1 ,client update iteration= 120 ,loss= 0.6694209575653076
client id= 1 ,round= 10 ,epoch= 1 ,client update iteration= 130 ,loss= 0.6553030014038086
client id= 1 ,round= 10 ,epoch= 1 ,client update iteration= 140 ,loss= 0.9453390836715698
client id= 1 ,round= 10 ,epoch= 1 ,client update iteration= 150 ,loss= 0.5955125093460083
client id= 1 ,round= 10 ,epoch= 1 ,client update iteration= 160 ,loss= 0.7604503631591797
client id= 1 ,round= 10 ,epoch= 1 ,client update iteration= 170 ,loss= 0.5885722041130066
client id= 1 ,round= 10 ,epoch= 1 ,client update iteration= 180 ,loss= 0.642892062664032
client id= 1 ,round= 10 ,epoch= 1 ,client update iteration= 190 ,loss= 0.5515142679214478
client id= 1 ,round= 10 ,epoch= 1 ,client update iteration= 200 ,loss= 0.8348469734191895
client id= 1 ,round= 10 ,epoch= 1 ,client update iteration= 210 ,loss= 0.6994518637657166
client id= 1 ,round= 10 ,epoch= 1 ,client update iteration= 220 ,loss= 0.6134090423583984
client id= 1 ,round= 10 ,epoch= 1 ,client update iteration= 230 ,loss= 0.5782577991485596
client id= 1 ,round= 10 ,epoch= 1 ,client update iteration= 240 ,loss= 0.53561931848526
client id= 1 ,round= 10 ,epoch= 1 ,client update iteration= 250 ,loss= 0.9133046269416809
client id= 1 ,round= 10 ,epoch= 1 ,client update iteration= 260 ,loss= 0.5470422506332397
client id= 1 ,round= 10 ,epoch= 1 ,client update iteration= 270 ,loss= 0.5797655582427979
client id= 1 ,round= 10 ,epoch= 1 ,client update iteration= 280 ,loss= 0.4661349356174469
client id= 1 ,round= 10 ,epoch= 1 ,client update iteration= 290 ,loss= 0.6834406852722168
client id= 1 ,round= 10 ,epoch= 1 ,client update iteration= 300 ,loss= 0.8348854184150696
client id= 1 ,round= 10 ,epoch= 1 ,client update iteration= 310 ,loss= 0.6279743909835815
client id= 1 ,round= 10 ,epoch= 1 ,client update iteration= 320 ,loss= 1.0175906419754028
client id= 1 ,round= 10 ,epoch= 1 ,client update iteration= 330 ,loss= 0.8199694156646729
client id= 1 ,round= 10 ,epoch= 1 ,client update iteration= 340 ,loss= 0.6466729640960693
client id= 1 ,round= 10 ,epoch= 1 ,client update iteration= 350 ,loss= 0.5116208791732788
client id= 1 ,round= 10 ,epoch= 1 ,client update iteration= 360 ,loss= 0.4197944402694702
client id= 1 ,round= 10 ,epoch= 1 ,client update iteration= 370 ,loss= 0.43806278705596924
client id= 1 ,round= 10 ,epoch= 1 ,client update iteration= 380 ,loss= 0.623150646686554
client id= 1 ,round= 10 ,epoch= 1 ,client update iteration= 390 ,loss= 0.5519108176231384
start cal weight time2021-06-30 19:17:22
end cal weight time2021-06-30 19:17:22
layer= 0 ratio= 0.011436135033744679
layer= 1 ratio= 0.013723362040493615
layer= 2 ratio= 0.016468034448592336
layer= 3 ratio= 0.019761641338310806
layer= 4 ratio= 0.023713969605972968
layer= 5 ratio= 0.02845676352716756
layer= 6 ratio= 0.03414811623260107
layer= 7 ratio= 0.04097773947912128
layer= 8 ratio= 0.049173287374945536
layer= 9 ratio= 0.05900794484993465
layer= 10 ratio= 0.07080953381992157
layer= 11 ratio= 0.08497144058390589
layer= 12 ratio= 0.10196572870068706
layer= 13 ratio= 0.12235887444082445
layer= 14 ratio= 0.14683064932898934
layer= 15 ratio= 0.1761967791947872
start add noise2021-06-30 19:17:22
end_add_noise_time2021-06-30 19:17:26
start cal weight time2021-06-30 19:17:26
end cal weight time2021-06-30 19:17:26
layer= 0 ratio= 0.011436135033744679
layer= 1 ratio= 0.013723362040493615
layer= 2 ratio= 0.016468034448592336
layer= 3 ratio= 0.019761641338310806
layer= 4 ratio= 0.023713969605972968
layer= 5 ratio= 0.02845676352716756
layer= 6 ratio= 0.03414811623260107
layer= 7 ratio= 0.04097773947912128
layer= 8 ratio= 0.049173287374945536
layer= 9 ratio= 0.05900794484993465
layer= 10 ratio= 0.07080953381992157
layer= 11 ratio= 0.08497144058390589
layer= 12 ratio= 0.10196572870068706
layer= 13 ratio= 0.12235887444082445
layer= 14 ratio= 0.14683064932898934
layer= 15 ratio= 0.1761967791947872
start add noise2021-06-30 19:17:26
end_add_noise_time2021-06-30 19:17:29
average train loss= 0.707438377620619
2021-06-30 19:17:38,round 10,val Accuracy Top1: 74.200000 %
2021-06-30 19:17:38,round 10,val Accuracy Top5: 97.790000 %
