type sample_L1
pb 9000000.0
clip_bound 20.0
log_path log/Alexnet/sample_L1/False/2
train_data data
test_data data
batch_size 64
test_batch_size 64
lr 0.0002
momentum 0.5
no_cuda False
seed 1
log_interval 1
privacy_delta 1e-06
sample_num 500
islog True
is_ratio_list False
num_clients 2
num_rounds 10
epochs 1
ratio_type 2
平均分配eps
device cuda
loading data
load data done
AlexNet(
  (conv1): Sequential(
    (0): Conv2d(3, 96, kernel_size=(6, 6), stride=(1, 1))
    (1): ReLU()
  )
  (conv2): Sequential(
    (0): Conv2d(96, 256, kernel_size=(5, 5), stride=(1, 1), padding=(2, 2))
    (1): ReLU()
    (2): MaxPool2d(kernel_size=3, stride=2, padding=0, dilation=1, ceil_mode=False)
  )
  (conv3): Sequential(
    (0): Conv2d(256, 384, kernel_size=(3, 3), stride=(1, 1), padding=(1, 1))
    (1): ReLU()
  )
  (conv4): Sequential(
    (0): Conv2d(384, 384, kernel_size=(3, 3), stride=(1, 1), padding=(1, 1))
    (1): ReLU()
  )
  (conv5): Sequential(
    (0): Conv2d(384, 256, kernel_size=(3, 3), stride=(1, 1), padding=(1, 1))
    (1): ReLU()
    (2): MaxPool2d(kernel_size=3, stride=2, padding=0, dilation=1, ceil_mode=False)
  )
  (dense): Sequential(
    (0): Linear(in_features=9216, out_features=4096, bias=True)
    (1): ReLU()
    (2): Dropout(p=0.5, inplace=False)
    (3): Linear(in_features=4096, out_features=4096, bias=True)
    (4): ReLU()
    (5): Dropout(p=0.5, inplace=False)
    (6): Linear(in_features=4096, out_features=10, bias=True)
  )
)
********start training********
******client id  0 ******
client_update start
client id= 0 ,round= 1 ,epoch= 1 ,client update iteration= 10 ,loss= 2.2887866497039795
client id= 0 ,round= 1 ,epoch= 1 ,client update iteration= 20 ,loss= 2.1940324306488037
client id= 0 ,round= 1 ,epoch= 1 ,client update iteration= 30 ,loss= 1.9986215829849243
client id= 0 ,round= 1 ,epoch= 1 ,client update iteration= 40 ,loss= 2.190244197845459
client id= 0 ,round= 1 ,epoch= 1 ,client update iteration= 50 ,loss= 2.065122127532959
client id= 0 ,round= 1 ,epoch= 1 ,client update iteration= 60 ,loss= 2.184319019317627
client id= 0 ,round= 1 ,epoch= 1 ,client update iteration= 70 ,loss= 2.0708014965057373
client id= 0 ,round= 1 ,epoch= 1 ,client update iteration= 80 ,loss= 1.9991393089294434
client id= 0 ,round= 1 ,epoch= 1 ,client update iteration= 90 ,loss= 1.833112359046936
client id= 0 ,round= 1 ,epoch= 1 ,client update iteration= 100 ,loss= 1.7998056411743164
client id= 0 ,round= 1 ,epoch= 1 ,client update iteration= 110 ,loss= 1.8666130304336548
client id= 0 ,round= 1 ,epoch= 1 ,client update iteration= 120 ,loss= 1.939451813697815
client id= 0 ,round= 1 ,epoch= 1 ,client update iteration= 130 ,loss= 1.7699016332626343
client id= 0 ,round= 1 ,epoch= 1 ,client update iteration= 140 ,loss= 1.8452657461166382
client id= 0 ,round= 1 ,epoch= 1 ,client update iteration= 150 ,loss= 1.6838126182556152
client id= 0 ,round= 1 ,epoch= 1 ,client update iteration= 160 ,loss= 1.7687727212905884
client id= 0 ,round= 1 ,epoch= 1 ,client update iteration= 170 ,loss= 1.7043540477752686
client id= 0 ,round= 1 ,epoch= 1 ,client update iteration= 180 ,loss= 1.6865850687026978
client id= 0 ,round= 1 ,epoch= 1 ,client update iteration= 190 ,loss= 1.5333027839660645
client id= 0 ,round= 1 ,epoch= 1 ,client update iteration= 200 ,loss= 1.6568162441253662
client id= 0 ,round= 1 ,epoch= 1 ,client update iteration= 210 ,loss= 1.5661574602127075
client id= 0 ,round= 1 ,epoch= 1 ,client update iteration= 220 ,loss= 1.5472928285598755
client id= 0 ,round= 1 ,epoch= 1 ,client update iteration= 230 ,loss= 1.5501669645309448
client id= 0 ,round= 1 ,epoch= 1 ,client update iteration= 240 ,loss= 1.6290161609649658
client id= 0 ,round= 1 ,epoch= 1 ,client update iteration= 250 ,loss= 1.5891692638397217
client id= 0 ,round= 1 ,epoch= 1 ,client update iteration= 260 ,loss= 1.501554012298584
client id= 0 ,round= 1 ,epoch= 1 ,client update iteration= 270 ,loss= 1.555917501449585
client id= 0 ,round= 1 ,epoch= 1 ,client update iteration= 280 ,loss= 1.6307331323623657
client id= 0 ,round= 1 ,epoch= 1 ,client update iteration= 290 ,loss= 1.4997601509094238
client id= 0 ,round= 1 ,epoch= 1 ,client update iteration= 300 ,loss= 1.5515559911727905
client id= 0 ,round= 1 ,epoch= 1 ,client update iteration= 310 ,loss= 1.4162508249282837
client id= 0 ,round= 1 ,epoch= 1 ,client update iteration= 320 ,loss= 1.5219606161117554
client id= 0 ,round= 1 ,epoch= 1 ,client update iteration= 330 ,loss= 1.4217054843902588
client id= 0 ,round= 1 ,epoch= 1 ,client update iteration= 340 ,loss= 1.5678811073303223
client id= 0 ,round= 1 ,epoch= 1 ,client update iteration= 350 ,loss= 1.4054232835769653
client id= 0 ,round= 1 ,epoch= 1 ,client update iteration= 360 ,loss= 1.6112955808639526
client id= 0 ,round= 1 ,epoch= 1 ,client update iteration= 370 ,loss= 1.3446791172027588
client id= 0 ,round= 1 ,epoch= 1 ,client update iteration= 380 ,loss= 1.344478726387024
client id= 0 ,round= 1 ,epoch= 1 ,client update iteration= 390 ,loss= 1.5184568166732788
******client id  1 ******
client_update start
client id= 1 ,round= 1 ,epoch= 1 ,client update iteration= 10 ,loss= 2.2631211280822754
client id= 1 ,round= 1 ,epoch= 1 ,client update iteration= 20 ,loss= 2.14937424659729
client id= 1 ,round= 1 ,epoch= 1 ,client update iteration= 30 ,loss= 2.1633787155151367
client id= 1 ,round= 1 ,epoch= 1 ,client update iteration= 40 ,loss= 2.084176540374756
client id= 1 ,round= 1 ,epoch= 1 ,client update iteration= 50 ,loss= 2.0722970962524414
client id= 1 ,round= 1 ,epoch= 1 ,client update iteration= 60 ,loss= 1.8787317276000977
client id= 1 ,round= 1 ,epoch= 1 ,client update iteration= 70 ,loss= 1.7097163200378418
client id= 1 ,round= 1 ,epoch= 1 ,client update iteration= 80 ,loss= 1.8531614542007446
client id= 1 ,round= 1 ,epoch= 1 ,client update iteration= 90 ,loss= 1.7400866746902466
client id= 1 ,round= 1 ,epoch= 1 ,client update iteration= 100 ,loss= 1.7944488525390625
client id= 1 ,round= 1 ,epoch= 1 ,client update iteration= 110 ,loss= 1.6663265228271484
client id= 1 ,round= 1 ,epoch= 1 ,client update iteration= 120 ,loss= 1.7346702814102173
client id= 1 ,round= 1 ,epoch= 1 ,client update iteration= 130 ,loss= 1.8342938423156738
client id= 1 ,round= 1 ,epoch= 1 ,client update iteration= 140 ,loss= 1.8795480728149414
client id= 1 ,round= 1 ,epoch= 1 ,client update iteration= 150 ,loss= 1.9451104402542114
client id= 1 ,round= 1 ,epoch= 1 ,client update iteration= 160 ,loss= 1.6952548027038574
client id= 1 ,round= 1 ,epoch= 1 ,client update iteration= 170 ,loss= 1.7158093452453613
client id= 1 ,round= 1 ,epoch= 1 ,client update iteration= 180 ,loss= 1.567943811416626
client id= 1 ,round= 1 ,epoch= 1 ,client update iteration= 190 ,loss= 1.710071325302124
client id= 1 ,round= 1 ,epoch= 1 ,client update iteration= 200 ,loss= 1.6136870384216309
client id= 1 ,round= 1 ,epoch= 1 ,client update iteration= 210 ,loss= 1.6565924882888794
client id= 1 ,round= 1 ,epoch= 1 ,client update iteration= 220 ,loss= 1.5078051090240479
client id= 1 ,round= 1 ,epoch= 1 ,client update iteration= 230 ,loss= 1.7845654487609863
client id= 1 ,round= 1 ,epoch= 1 ,client update iteration= 240 ,loss= 1.4967843294143677
client id= 1 ,round= 1 ,epoch= 1 ,client update iteration= 250 ,loss= 1.5140469074249268
client id= 1 ,round= 1 ,epoch= 1 ,client update iteration= 260 ,loss= 1.47258460521698
client id= 1 ,round= 1 ,epoch= 1 ,client update iteration= 270 ,loss= 1.5194792747497559
client id= 1 ,round= 1 ,epoch= 1 ,client update iteration= 280 ,loss= 1.4615509510040283
client id= 1 ,round= 1 ,epoch= 1 ,client update iteration= 290 ,loss= 1.6411409378051758
client id= 1 ,round= 1 ,epoch= 1 ,client update iteration= 300 ,loss= 1.5624380111694336
client id= 1 ,round= 1 ,epoch= 1 ,client update iteration= 310 ,loss= 1.4660992622375488
client id= 1 ,round= 1 ,epoch= 1 ,client update iteration= 320 ,loss= 1.3833991289138794
client id= 1 ,round= 1 ,epoch= 1 ,client update iteration= 330 ,loss= 1.3403050899505615
client id= 1 ,round= 1 ,epoch= 1 ,client update iteration= 340 ,loss= 1.5288535356521606
client id= 1 ,round= 1 ,epoch= 1 ,client update iteration= 350 ,loss= 1.4847933053970337
client id= 1 ,round= 1 ,epoch= 1 ,client update iteration= 360 ,loss= 1.6103038787841797
client id= 1 ,round= 1 ,epoch= 1 ,client update iteration= 370 ,loss= 1.4135833978652954
client id= 1 ,round= 1 ,epoch= 1 ,client update iteration= 380 ,loss= 1.3930799961090088
client id= 1 ,round= 1 ,epoch= 1 ,client update iteration= 390 ,loss= 1.4970524311065674
start cal weight time2021-07-01 14:12:25
end cal weight time2021-07-01 14:12:25
layer= 0 ratio= 0.0625
layer= 1 ratio= 0.0625
layer= 2 ratio= 0.0625
layer= 3 ratio= 0.0625
layer= 4 ratio= 0.0625
layer= 5 ratio= 0.0625
layer= 6 ratio= 0.0625
layer= 7 ratio= 0.0625
layer= 8 ratio= 0.0625
layer= 9 ratio= 0.0625
layer= 10 ratio= 0.0625
layer= 11 ratio= 0.0625
layer= 12 ratio= 0.0625
layer= 13 ratio= 0.0625
layer= 14 ratio= 0.0625
layer= 15 ratio= 0.0625
start add noise2021-07-01 14:12:25
end_add_noise_time2021-07-01 14:12:28
start cal weight time2021-07-01 14:12:28
end cal weight time2021-07-01 14:12:28
layer= 0 ratio= 0.0625
layer= 1 ratio= 0.0625
layer= 2 ratio= 0.0625
layer= 3 ratio= 0.0625
layer= 4 ratio= 0.0625
layer= 5 ratio= 0.0625
layer= 6 ratio= 0.0625
layer= 7 ratio= 0.0625
layer= 8 ratio= 0.0625
layer= 9 ratio= 0.0625
layer= 10 ratio= 0.0625
layer= 11 ratio= 0.0625
layer= 12 ratio= 0.0625
layer= 13 ratio= 0.0625
layer= 14 ratio= 0.0625
layer= 15 ratio= 0.0625
start add noise2021-07-01 14:12:28
end_add_noise_time2021-07-01 14:12:31
average train loss= 1.7120774475204974
2021-07-01 14:12:40,round 1,val Accuracy Top1: 21.320000 %
2021-07-01 14:12:40,round 1,val Accuracy Top5: 70.050000 %
******client id  0 ******
client_update start
client id= 0 ,round= 2 ,epoch= 1 ,client update iteration= 10 ,loss= 1.601244568824768
client id= 0 ,round= 2 ,epoch= 1 ,client update iteration= 20 ,loss= 1.6691808700561523
client id= 0 ,round= 2 ,epoch= 1 ,client update iteration= 30 ,loss= 1.7085264921188354
client id= 0 ,round= 2 ,epoch= 1 ,client update iteration= 40 ,loss= 1.596601128578186
client id= 0 ,round= 2 ,epoch= 1 ,client update iteration= 50 ,loss= 1.8629052639007568
client id= 0 ,round= 2 ,epoch= 1 ,client update iteration= 60 ,loss= 1.4050452709197998
client id= 0 ,round= 2 ,epoch= 1 ,client update iteration= 70 ,loss= 1.4589569568634033
client id= 0 ,round= 2 ,epoch= 1 ,client update iteration= 80 ,loss= 1.398094654083252
client id= 0 ,round= 2 ,epoch= 1 ,client update iteration= 90 ,loss= 1.2002034187316895
client id= 0 ,round= 2 ,epoch= 1 ,client update iteration= 100 ,loss= 1.321951150894165
client id= 0 ,round= 2 ,epoch= 1 ,client update iteration= 110 ,loss= 1.2502871751785278
client id= 0 ,round= 2 ,epoch= 1 ,client update iteration= 120 ,loss= 1.188974142074585
client id= 0 ,round= 2 ,epoch= 1 ,client update iteration= 130 ,loss= 1.3611881732940674
client id= 0 ,round= 2 ,epoch= 1 ,client update iteration= 140 ,loss= 1.6536729335784912
client id= 0 ,round= 2 ,epoch= 1 ,client update iteration= 150 ,loss= 1.460498571395874
client id= 0 ,round= 2 ,epoch= 1 ,client update iteration= 160 ,loss= 1.1612341403961182
client id= 0 ,round= 2 ,epoch= 1 ,client update iteration= 170 ,loss= 1.2252517938613892
client id= 0 ,round= 2 ,epoch= 1 ,client update iteration= 180 ,loss= 1.373946189880371
client id= 0 ,round= 2 ,epoch= 1 ,client update iteration= 190 ,loss= 1.1633152961730957
client id= 0 ,round= 2 ,epoch= 1 ,client update iteration= 200 ,loss= 1.4704536199569702
client id= 0 ,round= 2 ,epoch= 1 ,client update iteration= 210 ,loss= 1.4565519094467163
client id= 0 ,round= 2 ,epoch= 1 ,client update iteration= 220 ,loss= 1.3423880338668823
client id= 0 ,round= 2 ,epoch= 1 ,client update iteration= 230 ,loss= 1.0877349376678467
client id= 0 ,round= 2 ,epoch= 1 ,client update iteration= 240 ,loss= 1.0521525144577026
client id= 0 ,round= 2 ,epoch= 1 ,client update iteration= 250 ,loss= 1.18587064743042
client id= 0 ,round= 2 ,epoch= 1 ,client update iteration= 260 ,loss= 1.3302448987960815
client id= 0 ,round= 2 ,epoch= 1 ,client update iteration= 270 ,loss= 0.9849469661712646
client id= 0 ,round= 2 ,epoch= 1 ,client update iteration= 280 ,loss= 1.21364164352417
client id= 0 ,round= 2 ,epoch= 1 ,client update iteration= 290 ,loss= 1.0476360321044922
client id= 0 ,round= 2 ,epoch= 1 ,client update iteration= 300 ,loss= 1.2896572351455688
client id= 0 ,round= 2 ,epoch= 1 ,client update iteration= 310 ,loss= 1.4773657321929932
client id= 0 ,round= 2 ,epoch= 1 ,client update iteration= 320 ,loss= 1.1739556789398193
client id= 0 ,round= 2 ,epoch= 1 ,client update iteration= 330 ,loss= 1.1356524229049683
client id= 0 ,round= 2 ,epoch= 1 ,client update iteration= 340 ,loss= 1.0050541162490845
client id= 0 ,round= 2 ,epoch= 1 ,client update iteration= 350 ,loss= 1.2209476232528687
client id= 0 ,round= 2 ,epoch= 1 ,client update iteration= 360 ,loss= 1.3730967044830322
client id= 0 ,round= 2 ,epoch= 1 ,client update iteration= 370 ,loss= 1.2085081338882446
client id= 0 ,round= 2 ,epoch= 1 ,client update iteration= 380 ,loss= 1.3882427215576172
client id= 0 ,round= 2 ,epoch= 1 ,client update iteration= 390 ,loss= 1.0474811792373657
******client id  1 ******
client_update start
client id= 1 ,round= 2 ,epoch= 1 ,client update iteration= 10 ,loss= 1.8704530000686646
client id= 1 ,round= 2 ,epoch= 1 ,client update iteration= 20 ,loss= 1.8209501504898071
client id= 1 ,round= 2 ,epoch= 1 ,client update iteration= 30 ,loss= 1.4679635763168335
client id= 1 ,round= 2 ,epoch= 1 ,client update iteration= 40 ,loss= 1.4359700679779053
client id= 1 ,round= 2 ,epoch= 1 ,client update iteration= 50 ,loss= 1.607448935508728
client id= 1 ,round= 2 ,epoch= 1 ,client update iteration= 60 ,loss= 1.3620531558990479
client id= 1 ,round= 2 ,epoch= 1 ,client update iteration= 70 ,loss= 1.5672167539596558
client id= 1 ,round= 2 ,epoch= 1 ,client update iteration= 80 ,loss= 1.6712578535079956
client id= 1 ,round= 2 ,epoch= 1 ,client update iteration= 90 ,loss= 1.536275863647461
client id= 1 ,round= 2 ,epoch= 1 ,client update iteration= 100 ,loss= 1.5543553829193115
client id= 1 ,round= 2 ,epoch= 1 ,client update iteration= 110 ,loss= 1.3410212993621826
client id= 1 ,round= 2 ,epoch= 1 ,client update iteration= 120 ,loss= 1.1240935325622559
client id= 1 ,round= 2 ,epoch= 1 ,client update iteration= 130 ,loss= 1.3796964883804321
client id= 1 ,round= 2 ,epoch= 1 ,client update iteration= 140 ,loss= 1.4257116317749023
client id= 1 ,round= 2 ,epoch= 1 ,client update iteration= 150 ,loss= 1.3658729791641235
client id= 1 ,round= 2 ,epoch= 1 ,client update iteration= 160 ,loss= 1.3747144937515259
client id= 1 ,round= 2 ,epoch= 1 ,client update iteration= 170 ,loss= 1.4369632005691528
client id= 1 ,round= 2 ,epoch= 1 ,client update iteration= 180 ,loss= 1.2307850122451782
client id= 1 ,round= 2 ,epoch= 1 ,client update iteration= 190 ,loss= 1.1824785470962524
client id= 1 ,round= 2 ,epoch= 1 ,client update iteration= 200 ,loss= 1.3834435939788818
client id= 1 ,round= 2 ,epoch= 1 ,client update iteration= 210 ,loss= 1.2579604387283325
client id= 1 ,round= 2 ,epoch= 1 ,client update iteration= 220 ,loss= 1.4113094806671143
client id= 1 ,round= 2 ,epoch= 1 ,client update iteration= 230 ,loss= 1.2389311790466309
client id= 1 ,round= 2 ,epoch= 1 ,client update iteration= 240 ,loss= 1.229587197303772
client id= 1 ,round= 2 ,epoch= 1 ,client update iteration= 250 ,loss= 1.1429091691970825
client id= 1 ,round= 2 ,epoch= 1 ,client update iteration= 260 ,loss= 1.2100560665130615
client id= 1 ,round= 2 ,epoch= 1 ,client update iteration= 270 ,loss= 1.1812762022018433
client id= 1 ,round= 2 ,epoch= 1 ,client update iteration= 280 ,loss= 1.2587149143218994
client id= 1 ,round= 2 ,epoch= 1 ,client update iteration= 290 ,loss= 1.1247925758361816
client id= 1 ,round= 2 ,epoch= 1 ,client update iteration= 300 ,loss= 1.0658751726150513
client id= 1 ,round= 2 ,epoch= 1 ,client update iteration= 310 ,loss= 1.4174400568008423
client id= 1 ,round= 2 ,epoch= 1 ,client update iteration= 320 ,loss= 1.224381446838379
client id= 1 ,round= 2 ,epoch= 1 ,client update iteration= 330 ,loss= 1.241616129875183
client id= 1 ,round= 2 ,epoch= 1 ,client update iteration= 340 ,loss= 1.047088623046875
client id= 1 ,round= 2 ,epoch= 1 ,client update iteration= 350 ,loss= 1.2235782146453857
client id= 1 ,round= 2 ,epoch= 1 ,client update iteration= 360 ,loss= 1.0710067749023438
client id= 1 ,round= 2 ,epoch= 1 ,client update iteration= 370 ,loss= 1.4244270324707031
client id= 1 ,round= 2 ,epoch= 1 ,client update iteration= 380 ,loss= 1.3381893634796143
client id= 1 ,round= 2 ,epoch= 1 ,client update iteration= 390 ,loss= 0.953728437423706
start cal weight time2021-07-01 14:15:06
end cal weight time2021-07-01 14:15:06
layer= 0 ratio= 0.0625
layer= 1 ratio= 0.0625
layer= 2 ratio= 0.0625
layer= 3 ratio= 0.0625
layer= 4 ratio= 0.0625
layer= 5 ratio= 0.0625
layer= 6 ratio= 0.0625
layer= 7 ratio= 0.0625
layer= 8 ratio= 0.0625
layer= 9 ratio= 0.0625
layer= 10 ratio= 0.0625
layer= 11 ratio= 0.0625
layer= 12 ratio= 0.0625
layer= 13 ratio= 0.0625
layer= 14 ratio= 0.0625
layer= 15 ratio= 0.0625
start add noise2021-07-01 14:15:06
end_add_noise_time2021-07-01 14:15:09
start cal weight time2021-07-01 14:15:09
end cal weight time2021-07-01 14:15:09
layer= 0 ratio= 0.0625
layer= 1 ratio= 0.0625
layer= 2 ratio= 0.0625
layer= 3 ratio= 0.0625
layer= 4 ratio= 0.0625
layer= 5 ratio= 0.0625
layer= 6 ratio= 0.0625
layer= 7 ratio= 0.0625
layer= 8 ratio= 0.0625
layer= 9 ratio= 0.0625
layer= 10 ratio= 0.0625
layer= 11 ratio= 0.0625
layer= 12 ratio= 0.0625
layer= 13 ratio= 0.0625
layer= 14 ratio= 0.0625
layer= 15 ratio= 0.0625
start add noise2021-07-01 14:15:09
end_add_noise_time2021-07-01 14:15:13
average train loss= 1.3435063865178685
2021-07-01 14:15:22,round 2,val Accuracy Top1: 61.140000 %
2021-07-01 14:15:22,round 2,val Accuracy Top5: 95.970000 %
******client id  0 ******
client_update start
client id= 0 ,round= 3 ,epoch= 1 ,client update iteration= 10 ,loss= 1.489616870880127
client id= 0 ,round= 3 ,epoch= 1 ,client update iteration= 20 ,loss= 1.1811203956604004
client id= 0 ,round= 3 ,epoch= 1 ,client update iteration= 30 ,loss= 1.0585118532180786
client id= 0 ,round= 3 ,epoch= 1 ,client update iteration= 40 ,loss= 1.3173444271087646
client id= 0 ,round= 3 ,epoch= 1 ,client update iteration= 50 ,loss= 1.3325526714324951
client id= 0 ,round= 3 ,epoch= 1 ,client update iteration= 60 ,loss= 0.9319658875465393
client id= 0 ,round= 3 ,epoch= 1 ,client update iteration= 70 ,loss= 1.0768778324127197
client id= 0 ,round= 3 ,epoch= 1 ,client update iteration= 80 ,loss= 1.053057312965393
client id= 0 ,round= 3 ,epoch= 1 ,client update iteration= 90 ,loss= 1.0067447423934937
client id= 0 ,round= 3 ,epoch= 1 ,client update iteration= 100 ,loss= 1.1062203645706177
client id= 0 ,round= 3 ,epoch= 1 ,client update iteration= 110 ,loss= 1.1172587871551514
client id= 0 ,round= 3 ,epoch= 1 ,client update iteration= 120 ,loss= 1.1468392610549927
client id= 0 ,round= 3 ,epoch= 1 ,client update iteration= 130 ,loss= 1.0744471549987793
client id= 0 ,round= 3 ,epoch= 1 ,client update iteration= 140 ,loss= 1.0691155195236206
client id= 0 ,round= 3 ,epoch= 1 ,client update iteration= 150 ,loss= 1.2124791145324707
client id= 0 ,round= 3 ,epoch= 1 ,client update iteration= 160 ,loss= 0.9795114994049072
client id= 0 ,round= 3 ,epoch= 1 ,client update iteration= 170 ,loss= 0.7253445982933044
client id= 0 ,round= 3 ,epoch= 1 ,client update iteration= 180 ,loss= 0.9894722700119019
client id= 0 ,round= 3 ,epoch= 1 ,client update iteration= 190 ,loss= 1.1037256717681885
client id= 0 ,round= 3 ,epoch= 1 ,client update iteration= 200 ,loss= 0.7646991014480591
client id= 0 ,round= 3 ,epoch= 1 ,client update iteration= 210 ,loss= 1.1647953987121582
client id= 0 ,round= 3 ,epoch= 1 ,client update iteration= 220 ,loss= 1.0211280584335327
client id= 0 ,round= 3 ,epoch= 1 ,client update iteration= 230 ,loss= 0.9738333225250244
client id= 0 ,round= 3 ,epoch= 1 ,client update iteration= 240 ,loss= 1.0225917100906372
client id= 0 ,round= 3 ,epoch= 1 ,client update iteration= 250 ,loss= 1.0938526391983032
client id= 0 ,round= 3 ,epoch= 1 ,client update iteration= 260 ,loss= 0.9667413234710693
client id= 0 ,round= 3 ,epoch= 1 ,client update iteration= 270 ,loss= 1.1008392572402954
client id= 0 ,round= 3 ,epoch= 1 ,client update iteration= 280 ,loss= 1.1659536361694336
client id= 0 ,round= 3 ,epoch= 1 ,client update iteration= 290 ,loss= 1.0126373767852783
client id= 0 ,round= 3 ,epoch= 1 ,client update iteration= 300 ,loss= 0.694638729095459
client id= 0 ,round= 3 ,epoch= 1 ,client update iteration= 310 ,loss= 0.963840126991272
client id= 0 ,round= 3 ,epoch= 1 ,client update iteration= 320 ,loss= 1.030534029006958
client id= 0 ,round= 3 ,epoch= 1 ,client update iteration= 330 ,loss= 0.8692640662193298
client id= 0 ,round= 3 ,epoch= 1 ,client update iteration= 340 ,loss= 0.8507741093635559
client id= 0 ,round= 3 ,epoch= 1 ,client update iteration= 350 ,loss= 1.000349998474121
client id= 0 ,round= 3 ,epoch= 1 ,client update iteration= 360 ,loss= 1.1746176481246948
client id= 0 ,round= 3 ,epoch= 1 ,client update iteration= 370 ,loss= 1.014131784439087
client id= 0 ,round= 3 ,epoch= 1 ,client update iteration= 380 ,loss= 0.966948390007019
client id= 0 ,round= 3 ,epoch= 1 ,client update iteration= 390 ,loss= 0.782699704170227
******client id  1 ******
client_update start
client id= 1 ,round= 3 ,epoch= 1 ,client update iteration= 10 ,loss= 1.2026036977767944
client id= 1 ,round= 3 ,epoch= 1 ,client update iteration= 20 ,loss= 1.3757736682891846
client id= 1 ,round= 3 ,epoch= 1 ,client update iteration= 30 ,loss= 1.1599193811416626
client id= 1 ,round= 3 ,epoch= 1 ,client update iteration= 40 ,loss= 1.321835994720459
client id= 1 ,round= 3 ,epoch= 1 ,client update iteration= 50 ,loss= 1.0677943229675293
client id= 1 ,round= 3 ,epoch= 1 ,client update iteration= 60 ,loss= 0.9950637817382812
client id= 1 ,round= 3 ,epoch= 1 ,client update iteration= 70 ,loss= 1.13726806640625
client id= 1 ,round= 3 ,epoch= 1 ,client update iteration= 80 ,loss= 1.1931198835372925
client id= 1 ,round= 3 ,epoch= 1 ,client update iteration= 90 ,loss= 1.1626372337341309
client id= 1 ,round= 3 ,epoch= 1 ,client update iteration= 100 ,loss= 1.038800835609436
client id= 1 ,round= 3 ,epoch= 1 ,client update iteration= 110 ,loss= 1.3600223064422607
client id= 1 ,round= 3 ,epoch= 1 ,client update iteration= 120 ,loss= 1.4176323413848877
client id= 1 ,round= 3 ,epoch= 1 ,client update iteration= 130 ,loss= 1.0251691341400146
client id= 1 ,round= 3 ,epoch= 1 ,client update iteration= 140 ,loss= 0.9326575994491577
client id= 1 ,round= 3 ,epoch= 1 ,client update iteration= 150 ,loss= 0.8497145175933838
client id= 1 ,round= 3 ,epoch= 1 ,client update iteration= 160 ,loss= 1.4337584972381592
client id= 1 ,round= 3 ,epoch= 1 ,client update iteration= 170 ,loss= 1.0660030841827393
client id= 1 ,round= 3 ,epoch= 1 ,client update iteration= 180 ,loss= 0.8243466019630432
client id= 1 ,round= 3 ,epoch= 1 ,client update iteration= 190 ,loss= 0.7684948444366455
client id= 1 ,round= 3 ,epoch= 1 ,client update iteration= 200 ,loss= 1.0256984233856201
client id= 1 ,round= 3 ,epoch= 1 ,client update iteration= 210 ,loss= 1.1213433742523193
client id= 1 ,round= 3 ,epoch= 1 ,client update iteration= 220 ,loss= 1.1873892545700073
client id= 1 ,round= 3 ,epoch= 1 ,client update iteration= 230 ,loss= 1.1386079788208008
client id= 1 ,round= 3 ,epoch= 1 ,client update iteration= 240 ,loss= 1.0211304426193237
client id= 1 ,round= 3 ,epoch= 1 ,client update iteration= 250 ,loss= 1.0612127780914307
client id= 1 ,round= 3 ,epoch= 1 ,client update iteration= 260 ,loss= 0.8729584813117981
client id= 1 ,round= 3 ,epoch= 1 ,client update iteration= 270 ,loss= 0.9109035134315491
client id= 1 ,round= 3 ,epoch= 1 ,client update iteration= 280 ,loss= 1.2230019569396973
client id= 1 ,round= 3 ,epoch= 1 ,client update iteration= 290 ,loss= 0.9416795969009399
client id= 1 ,round= 3 ,epoch= 1 ,client update iteration= 300 ,loss= 1.0151371955871582
client id= 1 ,round= 3 ,epoch= 1 ,client update iteration= 310 ,loss= 0.9016774296760559
client id= 1 ,round= 3 ,epoch= 1 ,client update iteration= 320 ,loss= 0.9800634384155273
client id= 1 ,round= 3 ,epoch= 1 ,client update iteration= 330 ,loss= 0.7297139763832092
client id= 1 ,round= 3 ,epoch= 1 ,client update iteration= 340 ,loss= 0.8256109356880188
client id= 1 ,round= 3 ,epoch= 1 ,client update iteration= 350 ,loss= 0.8975104093551636
client id= 1 ,round= 3 ,epoch= 1 ,client update iteration= 360 ,loss= 0.8985223174095154
client id= 1 ,round= 3 ,epoch= 1 ,client update iteration= 370 ,loss= 1.2306677103042603
client id= 1 ,round= 3 ,epoch= 1 ,client update iteration= 380 ,loss= 0.7245043516159058
client id= 1 ,round= 3 ,epoch= 1 ,client update iteration= 390 ,loss= 1.2788915634155273
start cal weight time2021-07-01 14:17:48
end cal weight time2021-07-01 14:17:48
layer= 0 ratio= 0.0625
layer= 1 ratio= 0.0625
layer= 2 ratio= 0.0625
layer= 3 ratio= 0.0625
layer= 4 ratio= 0.0625
layer= 5 ratio= 0.0625
layer= 6 ratio= 0.0625
layer= 7 ratio= 0.0625
layer= 8 ratio= 0.0625
layer= 9 ratio= 0.0625
layer= 10 ratio= 0.0625
layer= 11 ratio= 0.0625
layer= 12 ratio= 0.0625
layer= 13 ratio= 0.0625
layer= 14 ratio= 0.0625
layer= 15 ratio= 0.0625
start add noise2021-07-01 14:17:48
end_add_noise_time2021-07-01 14:17:51
start cal weight time2021-07-01 14:17:51
end cal weight time2021-07-01 14:17:51
layer= 0 ratio= 0.0625
layer= 1 ratio= 0.0625
layer= 2 ratio= 0.0625
layer= 3 ratio= 0.0625
layer= 4 ratio= 0.0625
layer= 5 ratio= 0.0625
layer= 6 ratio= 0.0625
layer= 7 ratio= 0.0625
layer= 8 ratio= 0.0625
layer= 9 ratio= 0.0625
layer= 10 ratio= 0.0625
layer= 11 ratio= 0.0625
layer= 12 ratio= 0.0625
layer= 13 ratio= 0.0625
layer= 14 ratio= 0.0625
layer= 15 ratio= 0.0625
start add noise2021-07-01 14:17:51
end_add_noise_time2021-07-01 14:17:54
average train loss= 1.0457807704615776
2021-07-01 14:18:03,round 3,val Accuracy Top1: 69.410000 %
2021-07-01 14:18:03,round 3,val Accuracy Top5: 97.470000 %
******client id  0 ******
client_update start
client id= 0 ,round= 4 ,epoch= 1 ,client update iteration= 10 ,loss= 0.9397501945495605
client id= 0 ,round= 4 ,epoch= 1 ,client update iteration= 20 ,loss= 1.2079850435256958
client id= 0 ,round= 4 ,epoch= 1 ,client update iteration= 30 ,loss= 0.9666667580604553
client id= 0 ,round= 4 ,epoch= 1 ,client update iteration= 40 ,loss= 0.8800222873687744
client id= 0 ,round= 4 ,epoch= 1 ,client update iteration= 50 ,loss= 0.7479240298271179
client id= 0 ,round= 4 ,epoch= 1 ,client update iteration= 60 ,loss= 0.9014031887054443
client id= 0 ,round= 4 ,epoch= 1 ,client update iteration= 70 ,loss= 0.8433865308761597
client id= 0 ,round= 4 ,epoch= 1 ,client update iteration= 80 ,loss= 0.8876090049743652
client id= 0 ,round= 4 ,epoch= 1 ,client update iteration= 90 ,loss= 0.8961023688316345
client id= 0 ,round= 4 ,epoch= 1 ,client update iteration= 100 ,loss= 1.058824896812439
client id= 0 ,round= 4 ,epoch= 1 ,client update iteration= 110 ,loss= 0.9471109509468079
client id= 0 ,round= 4 ,epoch= 1 ,client update iteration= 120 ,loss= 0.9366410970687866
client id= 0 ,round= 4 ,epoch= 1 ,client update iteration= 130 ,loss= 1.0685584545135498
client id= 0 ,round= 4 ,epoch= 1 ,client update iteration= 140 ,loss= 1.137548804283142
client id= 0 ,round= 4 ,epoch= 1 ,client update iteration= 150 ,loss= 1.0670720338821411
client id= 0 ,round= 4 ,epoch= 1 ,client update iteration= 160 ,loss= 1.00404691696167
client id= 0 ,round= 4 ,epoch= 1 ,client update iteration= 170 ,loss= 0.7426751255989075
client id= 0 ,round= 4 ,epoch= 1 ,client update iteration= 180 ,loss= 0.6759265661239624
client id= 0 ,round= 4 ,epoch= 1 ,client update iteration= 190 ,loss= 0.6239060759544373
client id= 0 ,round= 4 ,epoch= 1 ,client update iteration= 200 ,loss= 0.9330642223358154
client id= 0 ,round= 4 ,epoch= 1 ,client update iteration= 210 ,loss= 0.7101807594299316
client id= 0 ,round= 4 ,epoch= 1 ,client update iteration= 220 ,loss= 0.8039758205413818
client id= 0 ,round= 4 ,epoch= 1 ,client update iteration= 230 ,loss= 1.0011639595031738
client id= 0 ,round= 4 ,epoch= 1 ,client update iteration= 240 ,loss= 0.9366233348846436
client id= 0 ,round= 4 ,epoch= 1 ,client update iteration= 250 ,loss= 0.6276566386222839
client id= 0 ,round= 4 ,epoch= 1 ,client update iteration= 260 ,loss= 0.7841270565986633
client id= 0 ,round= 4 ,epoch= 1 ,client update iteration= 270 ,loss= 0.8660842180252075
client id= 0 ,round= 4 ,epoch= 1 ,client update iteration= 280 ,loss= 0.7491941452026367
client id= 0 ,round= 4 ,epoch= 1 ,client update iteration= 290 ,loss= 0.6332956552505493
client id= 0 ,round= 4 ,epoch= 1 ,client update iteration= 300 ,loss= 0.9359902143478394
client id= 0 ,round= 4 ,epoch= 1 ,client update iteration= 310 ,loss= 0.9292117953300476
client id= 0 ,round= 4 ,epoch= 1 ,client update iteration= 320 ,loss= 0.7039201259613037
client id= 0 ,round= 4 ,epoch= 1 ,client update iteration= 330 ,loss= 0.7940102219581604
client id= 0 ,round= 4 ,epoch= 1 ,client update iteration= 340 ,loss= 0.9419331550598145
client id= 0 ,round= 4 ,epoch= 1 ,client update iteration= 350 ,loss= 0.8629468679428101
client id= 0 ,round= 4 ,epoch= 1 ,client update iteration= 360 ,loss= 0.8172324895858765
client id= 0 ,round= 4 ,epoch= 1 ,client update iteration= 370 ,loss= 0.7900685667991638
client id= 0 ,round= 4 ,epoch= 1 ,client update iteration= 380 ,loss= 0.6673431992530823
client id= 0 ,round= 4 ,epoch= 1 ,client update iteration= 390 ,loss= 0.7944353818893433
******client id  1 ******
client_update start
client id= 1 ,round= 4 ,epoch= 1 ,client update iteration= 10 ,loss= 0.6664717793464661
client id= 1 ,round= 4 ,epoch= 1 ,client update iteration= 20 ,loss= 1.0779478549957275
client id= 1 ,round= 4 ,epoch= 1 ,client update iteration= 30 ,loss= 0.9790562391281128
client id= 1 ,round= 4 ,epoch= 1 ,client update iteration= 40 ,loss= 0.8324992060661316
client id= 1 ,round= 4 ,epoch= 1 ,client update iteration= 50 ,loss= 0.7850244045257568
client id= 1 ,round= 4 ,epoch= 1 ,client update iteration= 60 ,loss= 0.7868240475654602
client id= 1 ,round= 4 ,epoch= 1 ,client update iteration= 70 ,loss= 1.0342645645141602
client id= 1 ,round= 4 ,epoch= 1 ,client update iteration= 80 ,loss= 0.9571868777275085
client id= 1 ,round= 4 ,epoch= 1 ,client update iteration= 90 ,loss= 0.90138179063797
client id= 1 ,round= 4 ,epoch= 1 ,client update iteration= 100 ,loss= 0.8558923006057739
client id= 1 ,round= 4 ,epoch= 1 ,client update iteration= 110 ,loss= 0.6515598297119141
client id= 1 ,round= 4 ,epoch= 1 ,client update iteration= 120 ,loss= 1.043563723564148
client id= 1 ,round= 4 ,epoch= 1 ,client update iteration= 130 ,loss= 0.7913921475410461
client id= 1 ,round= 4 ,epoch= 1 ,client update iteration= 140 ,loss= 0.8115093111991882
client id= 1 ,round= 4 ,epoch= 1 ,client update iteration= 150 ,loss= 0.9476059079170227
client id= 1 ,round= 4 ,epoch= 1 ,client update iteration= 160 ,loss= 0.9052478671073914
client id= 1 ,round= 4 ,epoch= 1 ,client update iteration= 170 ,loss= 1.0823545455932617
client id= 1 ,round= 4 ,epoch= 1 ,client update iteration= 180 ,loss= 0.6851375102996826
client id= 1 ,round= 4 ,epoch= 1 ,client update iteration= 190 ,loss= 0.8444368243217468
client id= 1 ,round= 4 ,epoch= 1 ,client update iteration= 200 ,loss= 0.9628056883811951
client id= 1 ,round= 4 ,epoch= 1 ,client update iteration= 210 ,loss= 0.8474534749984741
client id= 1 ,round= 4 ,epoch= 1 ,client update iteration= 220 ,loss= 0.8774359822273254
client id= 1 ,round= 4 ,epoch= 1 ,client update iteration= 230 ,loss= 1.062084436416626
client id= 1 ,round= 4 ,epoch= 1 ,client update iteration= 240 ,loss= 0.8201140761375427
client id= 1 ,round= 4 ,epoch= 1 ,client update iteration= 250 ,loss= 0.8889455795288086
client id= 1 ,round= 4 ,epoch= 1 ,client update iteration= 260 ,loss= 0.8751799464225769
client id= 1 ,round= 4 ,epoch= 1 ,client update iteration= 270 ,loss= 0.9089561104774475
client id= 1 ,round= 4 ,epoch= 1 ,client update iteration= 280 ,loss= 0.8428308367729187
client id= 1 ,round= 4 ,epoch= 1 ,client update iteration= 290 ,loss= 0.8007444739341736
client id= 1 ,round= 4 ,epoch= 1 ,client update iteration= 300 ,loss= 1.025345802307129
client id= 1 ,round= 4 ,epoch= 1 ,client update iteration= 310 ,loss= 0.8364920020103455
client id= 1 ,round= 4 ,epoch= 1 ,client update iteration= 320 ,loss= 0.6232548952102661
client id= 1 ,round= 4 ,epoch= 1 ,client update iteration= 330 ,loss= 0.7447922229766846
client id= 1 ,round= 4 ,epoch= 1 ,client update iteration= 340 ,loss= 0.7351524233818054
client id= 1 ,round= 4 ,epoch= 1 ,client update iteration= 350 ,loss= 0.8557190299034119
client id= 1 ,round= 4 ,epoch= 1 ,client update iteration= 360 ,loss= 1.1046208143234253
client id= 1 ,round= 4 ,epoch= 1 ,client update iteration= 370 ,loss= 0.8544676303863525
client id= 1 ,round= 4 ,epoch= 1 ,client update iteration= 380 ,loss= 0.8138065338134766
client id= 1 ,round= 4 ,epoch= 1 ,client update iteration= 390 ,loss= 0.7760344743728638
start cal weight time2021-07-01 14:20:29
end cal weight time2021-07-01 14:20:29
layer= 0 ratio= 0.0625
layer= 1 ratio= 0.0625
layer= 2 ratio= 0.0625
layer= 3 ratio= 0.0625
layer= 4 ratio= 0.0625
layer= 5 ratio= 0.0625
layer= 6 ratio= 0.0625
layer= 7 ratio= 0.0625
layer= 8 ratio= 0.0625
layer= 9 ratio= 0.0625
layer= 10 ratio= 0.0625
layer= 11 ratio= 0.0625
layer= 12 ratio= 0.0625
layer= 13 ratio= 0.0625
layer= 14 ratio= 0.0625
layer= 15 ratio= 0.0625
start add noise2021-07-01 14:20:29
end_add_noise_time2021-07-01 14:20:32
start cal weight time2021-07-01 14:20:32
end cal weight time2021-07-01 14:20:32
layer= 0 ratio= 0.0625
layer= 1 ratio= 0.0625
layer= 2 ratio= 0.0625
layer= 3 ratio= 0.0625
layer= 4 ratio= 0.0625
layer= 5 ratio= 0.0625
layer= 6 ratio= 0.0625
layer= 7 ratio= 0.0625
layer= 8 ratio= 0.0625
layer= 9 ratio= 0.0625
layer= 10 ratio= 0.0625
layer= 11 ratio= 0.0625
layer= 12 ratio= 0.0625
layer= 13 ratio= 0.0625
layer= 14 ratio= 0.0625
layer= 15 ratio= 0.0625
start add noise2021-07-01 14:20:32
end_add_noise_time2021-07-01 14:20:36
average train loss= 0.8547771447302435
2021-07-01 14:20:45,round 4,val Accuracy Top1: 73.020000 %
2021-07-01 14:20:45,round 4,val Accuracy Top5: 97.690000 %
******client id  0 ******
client_update start
client id= 0 ,round= 5 ,epoch= 1 ,client update iteration= 10 ,loss= 0.7635097503662109
client id= 0 ,round= 5 ,epoch= 1 ,client update iteration= 20 ,loss= 0.4524466395378113
client id= 0 ,round= 5 ,epoch= 1 ,client update iteration= 30 ,loss= 0.598475992679596
client id= 0 ,round= 5 ,epoch= 1 ,client update iteration= 40 ,loss= 0.6224061846733093
client id= 0 ,round= 5 ,epoch= 1 ,client update iteration= 50 ,loss= 0.5597077012062073
client id= 0 ,round= 5 ,epoch= 1 ,client update iteration= 60 ,loss= 0.8709433674812317
client id= 0 ,round= 5 ,epoch= 1 ,client update iteration= 70 ,loss= 0.693829357624054
client id= 0 ,round= 5 ,epoch= 1 ,client update iteration= 80 ,loss= 0.9964911937713623
client id= 0 ,round= 5 ,epoch= 1 ,client update iteration= 90 ,loss= 0.5714095234870911
client id= 0 ,round= 5 ,epoch= 1 ,client update iteration= 100 ,loss= 0.7612175941467285
client id= 0 ,round= 5 ,epoch= 1 ,client update iteration= 110 ,loss= 0.6846884489059448
client id= 0 ,round= 5 ,epoch= 1 ,client update iteration= 120 ,loss= 0.9024075865745544
client id= 0 ,round= 5 ,epoch= 1 ,client update iteration= 130 ,loss= 0.695659339427948
client id= 0 ,round= 5 ,epoch= 1 ,client update iteration= 140 ,loss= 0.754325807094574
client id= 0 ,round= 5 ,epoch= 1 ,client update iteration= 150 ,loss= 0.7247644662857056
client id= 0 ,round= 5 ,epoch= 1 ,client update iteration= 160 ,loss= 0.5643908381462097
client id= 0 ,round= 5 ,epoch= 1 ,client update iteration= 170 ,loss= 0.8308894038200378
client id= 0 ,round= 5 ,epoch= 1 ,client update iteration= 180 ,loss= 0.8966962099075317
client id= 0 ,round= 5 ,epoch= 1 ,client update iteration= 190 ,loss= 0.7513998746871948
client id= 0 ,round= 5 ,epoch= 1 ,client update iteration= 200 ,loss= 0.7886179089546204
client id= 0 ,round= 5 ,epoch= 1 ,client update iteration= 210 ,loss= 0.4435864984989166
client id= 0 ,round= 5 ,epoch= 1 ,client update iteration= 220 ,loss= 0.603816568851471
client id= 0 ,round= 5 ,epoch= 1 ,client update iteration= 230 ,loss= 0.5707558989524841
client id= 0 ,round= 5 ,epoch= 1 ,client update iteration= 240 ,loss= 1.0772100687026978
client id= 0 ,round= 5 ,epoch= 1 ,client update iteration= 250 ,loss= 0.8676294684410095
client id= 0 ,round= 5 ,epoch= 1 ,client update iteration= 260 ,loss= 0.6061545610427856
client id= 0 ,round= 5 ,epoch= 1 ,client update iteration= 270 ,loss= 0.5614781379699707
client id= 0 ,round= 5 ,epoch= 1 ,client update iteration= 280 ,loss= 0.7878479957580566
client id= 0 ,round= 5 ,epoch= 1 ,client update iteration= 290 ,loss= 0.7643119096755981
client id= 0 ,round= 5 ,epoch= 1 ,client update iteration= 300 ,loss= 0.6889067888259888
client id= 0 ,round= 5 ,epoch= 1 ,client update iteration= 310 ,loss= 0.8120764493942261
client id= 0 ,round= 5 ,epoch= 1 ,client update iteration= 320 ,loss= 0.7039651870727539
client id= 0 ,round= 5 ,epoch= 1 ,client update iteration= 330 ,loss= 1.0499207973480225
client id= 0 ,round= 5 ,epoch= 1 ,client update iteration= 340 ,loss= 0.9065859317779541
client id= 0 ,round= 5 ,epoch= 1 ,client update iteration= 350 ,loss= 0.8146570324897766
client id= 0 ,round= 5 ,epoch= 1 ,client update iteration= 360 ,loss= 0.7543638348579407
client id= 0 ,round= 5 ,epoch= 1 ,client update iteration= 370 ,loss= 0.6460580229759216
client id= 0 ,round= 5 ,epoch= 1 ,client update iteration= 380 ,loss= 0.5923481583595276
client id= 0 ,round= 5 ,epoch= 1 ,client update iteration= 390 ,loss= 1.006508708000183
******client id  1 ******
client_update start
client id= 1 ,round= 5 ,epoch= 1 ,client update iteration= 10 ,loss= 0.8448246717453003
client id= 1 ,round= 5 ,epoch= 1 ,client update iteration= 20 ,loss= 0.734459400177002
client id= 1 ,round= 5 ,epoch= 1 ,client update iteration= 30 ,loss= 0.8139464259147644
client id= 1 ,round= 5 ,epoch= 1 ,client update iteration= 40 ,loss= 0.6371406316757202
client id= 1 ,round= 5 ,epoch= 1 ,client update iteration= 50 ,loss= 0.7431014776229858
client id= 1 ,round= 5 ,epoch= 1 ,client update iteration= 60 ,loss= 0.8826481103897095
client id= 1 ,round= 5 ,epoch= 1 ,client update iteration= 70 ,loss= 0.8741991519927979
client id= 1 ,round= 5 ,epoch= 1 ,client update iteration= 80 ,loss= 0.6361373066902161
client id= 1 ,round= 5 ,epoch= 1 ,client update iteration= 90 ,loss= 0.6645022034645081
client id= 1 ,round= 5 ,epoch= 1 ,client update iteration= 100 ,loss= 0.7701295614242554
client id= 1 ,round= 5 ,epoch= 1 ,client update iteration= 110 ,loss= 0.7662127614021301
client id= 1 ,round= 5 ,epoch= 1 ,client update iteration= 120 ,loss= 0.6790603399276733
client id= 1 ,round= 5 ,epoch= 1 ,client update iteration= 130 ,loss= 0.9416744112968445
client id= 1 ,round= 5 ,epoch= 1 ,client update iteration= 140 ,loss= 0.8428409099578857
client id= 1 ,round= 5 ,epoch= 1 ,client update iteration= 150 ,loss= 0.8958101868629456
client id= 1 ,round= 5 ,epoch= 1 ,client update iteration= 160 ,loss= 0.7341999411582947
client id= 1 ,round= 5 ,epoch= 1 ,client update iteration= 170 ,loss= 0.8232566714286804
client id= 1 ,round= 5 ,epoch= 1 ,client update iteration= 180 ,loss= 0.6142633557319641
client id= 1 ,round= 5 ,epoch= 1 ,client update iteration= 190 ,loss= 0.7843626141548157
client id= 1 ,round= 5 ,epoch= 1 ,client update iteration= 200 ,loss= 0.746060311794281
client id= 1 ,round= 5 ,epoch= 1 ,client update iteration= 210 ,loss= 0.7755146026611328
client id= 1 ,round= 5 ,epoch= 1 ,client update iteration= 220 ,loss= 0.6014286279678345
client id= 1 ,round= 5 ,epoch= 1 ,client update iteration= 230 ,loss= 0.7945116758346558
client id= 1 ,round= 5 ,epoch= 1 ,client update iteration= 240 ,loss= 0.9300421476364136
client id= 1 ,round= 5 ,epoch= 1 ,client update iteration= 250 ,loss= 0.7792761921882629
client id= 1 ,round= 5 ,epoch= 1 ,client update iteration= 260 ,loss= 0.8193780183792114
client id= 1 ,round= 5 ,epoch= 1 ,client update iteration= 270 ,loss= 0.6994361281394958
client id= 1 ,round= 5 ,epoch= 1 ,client update iteration= 280 ,loss= 0.5991412401199341
client id= 1 ,round= 5 ,epoch= 1 ,client update iteration= 290 ,loss= 0.8911486268043518
client id= 1 ,round= 5 ,epoch= 1 ,client update iteration= 300 ,loss= 0.596458911895752
client id= 1 ,round= 5 ,epoch= 1 ,client update iteration= 310 ,loss= 0.8834031820297241
client id= 1 ,round= 5 ,epoch= 1 ,client update iteration= 320 ,loss= 0.7187573909759521
client id= 1 ,round= 5 ,epoch= 1 ,client update iteration= 330 ,loss= 0.7823906540870667
client id= 1 ,round= 5 ,epoch= 1 ,client update iteration= 340 ,loss= 0.8859277367591858
client id= 1 ,round= 5 ,epoch= 1 ,client update iteration= 350 ,loss= 0.5583927631378174
client id= 1 ,round= 5 ,epoch= 1 ,client update iteration= 360 ,loss= 0.5682801008224487
client id= 1 ,round= 5 ,epoch= 1 ,client update iteration= 370 ,loss= 0.6802003979682922
client id= 1 ,round= 5 ,epoch= 1 ,client update iteration= 380 ,loss= 0.7461096048355103
client id= 1 ,round= 5 ,epoch= 1 ,client update iteration= 390 ,loss= 0.5065970420837402
start cal weight time2021-07-01 14:23:11
end cal weight time2021-07-01 14:23:11
layer= 0 ratio= 0.0625
layer= 1 ratio= 0.0625
layer= 2 ratio= 0.0625
layer= 3 ratio= 0.0625
layer= 4 ratio= 0.0625
layer= 5 ratio= 0.0625
layer= 6 ratio= 0.0625
layer= 7 ratio= 0.0625
layer= 8 ratio= 0.0625
layer= 9 ratio= 0.0625
layer= 10 ratio= 0.0625
layer= 11 ratio= 0.0625
layer= 12 ratio= 0.0625
layer= 13 ratio= 0.0625
layer= 14 ratio= 0.0625
layer= 15 ratio= 0.0625
start add noise2021-07-01 14:23:11
end_add_noise_time2021-07-01 14:23:14
start cal weight time2021-07-01 14:23:14
end cal weight time2021-07-01 14:23:14
layer= 0 ratio= 0.0625
layer= 1 ratio= 0.0625
layer= 2 ratio= 0.0625
layer= 3 ratio= 0.0625
layer= 4 ratio= 0.0625
layer= 5 ratio= 0.0625
layer= 6 ratio= 0.0625
layer= 7 ratio= 0.0625
layer= 8 ratio= 0.0625
layer= 9 ratio= 0.0625
layer= 10 ratio= 0.0625
layer= 11 ratio= 0.0625
layer= 12 ratio= 0.0625
layer= 13 ratio= 0.0625
layer= 14 ratio= 0.0625
layer= 15 ratio= 0.0625
start add noise2021-07-01 14:23:14
end_add_noise_time2021-07-01 14:23:17
average train loss= 0.7523926162277645
2021-07-01 14:23:26,round 5,val Accuracy Top1: 74.610000 %
2021-07-01 14:23:26,round 5,val Accuracy Top5: 97.910000 %
******client id  0 ******
client_update start
client id= 0 ,round= 6 ,epoch= 1 ,client update iteration= 10 ,loss= 0.7251379489898682
client id= 0 ,round= 6 ,epoch= 1 ,client update iteration= 20 ,loss= 0.771848738193512
client id= 0 ,round= 6 ,epoch= 1 ,client update iteration= 30 ,loss= 0.604550302028656
client id= 0 ,round= 6 ,epoch= 1 ,client update iteration= 40 ,loss= 0.5653330087661743
client id= 0 ,round= 6 ,epoch= 1 ,client update iteration= 50 ,loss= 0.9174009561538696
client id= 0 ,round= 6 ,epoch= 1 ,client update iteration= 60 ,loss= 0.7206802368164062
client id= 0 ,round= 6 ,epoch= 1 ,client update iteration= 70 ,loss= 0.6356515288352966
client id= 0 ,round= 6 ,epoch= 1 ,client update iteration= 80 ,loss= 0.7146792411804199
client id= 0 ,round= 6 ,epoch= 1 ,client update iteration= 90 ,loss= 0.6666378378868103
client id= 0 ,round= 6 ,epoch= 1 ,client update iteration= 100 ,loss= 0.6239449977874756
client id= 0 ,round= 6 ,epoch= 1 ,client update iteration= 110 ,loss= 0.7764139175415039
client id= 0 ,round= 6 ,epoch= 1 ,client update iteration= 120 ,loss= 0.8672826886177063
client id= 0 ,round= 6 ,epoch= 1 ,client update iteration= 130 ,loss= 0.6354129314422607
client id= 0 ,round= 6 ,epoch= 1 ,client update iteration= 140 ,loss= 0.8383108973503113
client id= 0 ,round= 6 ,epoch= 1 ,client update iteration= 150 ,loss= 0.7337127923965454
client id= 0 ,round= 6 ,epoch= 1 ,client update iteration= 160 ,loss= 0.7058132290840149
client id= 0 ,round= 6 ,epoch= 1 ,client update iteration= 170 ,loss= 0.8874927759170532
client id= 0 ,round= 6 ,epoch= 1 ,client update iteration= 180 ,loss= 0.6738377809524536
client id= 0 ,round= 6 ,epoch= 1 ,client update iteration= 190 ,loss= 0.5727514624595642
client id= 0 ,round= 6 ,epoch= 1 ,client update iteration= 200 ,loss= 0.7733995914459229
client id= 0 ,round= 6 ,epoch= 1 ,client update iteration= 210 ,loss= 0.8648059368133545
client id= 0 ,round= 6 ,epoch= 1 ,client update iteration= 220 ,loss= 0.5430753231048584
client id= 0 ,round= 6 ,epoch= 1 ,client update iteration= 230 ,loss= 0.7089483737945557
client id= 0 ,round= 6 ,epoch= 1 ,client update iteration= 240 ,loss= 0.6515398621559143
client id= 0 ,round= 6 ,epoch= 1 ,client update iteration= 250 ,loss= 0.5794528722763062
client id= 0 ,round= 6 ,epoch= 1 ,client update iteration= 260 ,loss= 0.616221010684967
client id= 0 ,round= 6 ,epoch= 1 ,client update iteration= 270 ,loss= 0.6510280966758728
client id= 0 ,round= 6 ,epoch= 1 ,client update iteration= 280 ,loss= 0.5685328245162964
client id= 0 ,round= 6 ,epoch= 1 ,client update iteration= 290 ,loss= 0.5540327429771423
client id= 0 ,round= 6 ,epoch= 1 ,client update iteration= 300 ,loss= 0.756464421749115
client id= 0 ,round= 6 ,epoch= 1 ,client update iteration= 310 ,loss= 0.6358980536460876
client id= 0 ,round= 6 ,epoch= 1 ,client update iteration= 320 ,loss= 0.707628607749939
client id= 0 ,round= 6 ,epoch= 1 ,client update iteration= 330 ,loss= 0.5525596141815186
client id= 0 ,round= 6 ,epoch= 1 ,client update iteration= 340 ,loss= 0.7590259909629822
client id= 0 ,round= 6 ,epoch= 1 ,client update iteration= 350 ,loss= 0.6741665005683899
client id= 0 ,round= 6 ,epoch= 1 ,client update iteration= 360 ,loss= 0.5290313363075256
client id= 0 ,round= 6 ,epoch= 1 ,client update iteration= 370 ,loss= 0.42817744612693787
client id= 0 ,round= 6 ,epoch= 1 ,client update iteration= 380 ,loss= 0.8819612860679626
client id= 0 ,round= 6 ,epoch= 1 ,client update iteration= 390 ,loss= 0.5452275276184082
******client id  1 ******
client_update start
client id= 1 ,round= 6 ,epoch= 1 ,client update iteration= 10 ,loss= 0.7631689310073853
client id= 1 ,round= 6 ,epoch= 1 ,client update iteration= 20 ,loss= 0.7481343746185303
client id= 1 ,round= 6 ,epoch= 1 ,client update iteration= 30 ,loss= 0.606758177280426
client id= 1 ,round= 6 ,epoch= 1 ,client update iteration= 40 ,loss= 0.5769802927970886
client id= 1 ,round= 6 ,epoch= 1 ,client update iteration= 50 ,loss= 0.5388823747634888
client id= 1 ,round= 6 ,epoch= 1 ,client update iteration= 60 ,loss= 0.6070971488952637
client id= 1 ,round= 6 ,epoch= 1 ,client update iteration= 70 ,loss= 0.8037021160125732
client id= 1 ,round= 6 ,epoch= 1 ,client update iteration= 80 ,loss= 0.7365478277206421
client id= 1 ,round= 6 ,epoch= 1 ,client update iteration= 90 ,loss= 0.8358795642852783
client id= 1 ,round= 6 ,epoch= 1 ,client update iteration= 100 ,loss= 0.9853282570838928
client id= 1 ,round= 6 ,epoch= 1 ,client update iteration= 110 ,loss= 0.6376168727874756
client id= 1 ,round= 6 ,epoch= 1 ,client update iteration= 120 ,loss= 0.6100425720214844
client id= 1 ,round= 6 ,epoch= 1 ,client update iteration= 130 ,loss= 0.6288808584213257
client id= 1 ,round= 6 ,epoch= 1 ,client update iteration= 140 ,loss= 1.1106845140457153
client id= 1 ,round= 6 ,epoch= 1 ,client update iteration= 150 ,loss= 1.0287517309188843
client id= 1 ,round= 6 ,epoch= 1 ,client update iteration= 160 ,loss= 0.6626955270767212
client id= 1 ,round= 6 ,epoch= 1 ,client update iteration= 170 ,loss= 0.560405433177948
client id= 1 ,round= 6 ,epoch= 1 ,client update iteration= 180 ,loss= 0.7481323480606079
client id= 1 ,round= 6 ,epoch= 1 ,client update iteration= 190 ,loss= 0.5408094525337219
client id= 1 ,round= 6 ,epoch= 1 ,client update iteration= 200 ,loss= 0.6225921511650085
client id= 1 ,round= 6 ,epoch= 1 ,client update iteration= 210 ,loss= 0.6864913105964661
client id= 1 ,round= 6 ,epoch= 1 ,client update iteration= 220 ,loss= 0.7583235502243042
client id= 1 ,round= 6 ,epoch= 1 ,client update iteration= 230 ,loss= 0.6051769256591797
client id= 1 ,round= 6 ,epoch= 1 ,client update iteration= 240 ,loss= 0.7186156511306763
client id= 1 ,round= 6 ,epoch= 1 ,client update iteration= 250 ,loss= 0.5646860599517822
client id= 1 ,round= 6 ,epoch= 1 ,client update iteration= 260 ,loss= 0.8715709447860718
client id= 1 ,round= 6 ,epoch= 1 ,client update iteration= 270 ,loss= 0.7785952091217041
client id= 1 ,round= 6 ,epoch= 1 ,client update iteration= 280 ,loss= 0.9079760313034058
client id= 1 ,round= 6 ,epoch= 1 ,client update iteration= 290 ,loss= 0.8423318862915039
client id= 1 ,round= 6 ,epoch= 1 ,client update iteration= 300 ,loss= 0.974804699420929
client id= 1 ,round= 6 ,epoch= 1 ,client update iteration= 310 ,loss= 0.8955730199813843
client id= 1 ,round= 6 ,epoch= 1 ,client update iteration= 320 ,loss= 0.8286221623420715
client id= 1 ,round= 6 ,epoch= 1 ,client update iteration= 330 ,loss= 0.8552131652832031
client id= 1 ,round= 6 ,epoch= 1 ,client update iteration= 340 ,loss= 0.7855166792869568
client id= 1 ,round= 6 ,epoch= 1 ,client update iteration= 350 ,loss= 0.707164466381073
client id= 1 ,round= 6 ,epoch= 1 ,client update iteration= 360 ,loss= 0.6069005727767944
client id= 1 ,round= 6 ,epoch= 1 ,client update iteration= 370 ,loss= 0.6292744278907776
client id= 1 ,round= 6 ,epoch= 1 ,client update iteration= 380 ,loss= 1.0447955131530762
client id= 1 ,round= 6 ,epoch= 1 ,client update iteration= 390 ,loss= 0.8913882374763489
start cal weight time2021-07-01 14:25:52
end cal weight time2021-07-01 14:25:52
layer= 0 ratio= 0.0625
layer= 1 ratio= 0.0625
layer= 2 ratio= 0.0625
layer= 3 ratio= 0.0625
layer= 4 ratio= 0.0625
layer= 5 ratio= 0.0625
layer= 6 ratio= 0.0625
layer= 7 ratio= 0.0625
layer= 8 ratio= 0.0625
layer= 9 ratio= 0.0625
layer= 10 ratio= 0.0625
layer= 11 ratio= 0.0625
layer= 12 ratio= 0.0625
layer= 13 ratio= 0.0625
layer= 14 ratio= 0.0625
layer= 15 ratio= 0.0625
start add noise2021-07-01 14:25:52
end_add_noise_time2021-07-01 14:25:55
start cal weight time2021-07-01 14:25:55
end cal weight time2021-07-01 14:25:55
layer= 0 ratio= 0.0625
layer= 1 ratio= 0.0625
layer= 2 ratio= 0.0625
layer= 3 ratio= 0.0625
layer= 4 ratio= 0.0625
layer= 5 ratio= 0.0625
layer= 6 ratio= 0.0625
layer= 7 ratio= 0.0625
layer= 8 ratio= 0.0625
layer= 9 ratio= 0.0625
layer= 10 ratio= 0.0625
layer= 11 ratio= 0.0625
layer= 12 ratio= 0.0625
layer= 13 ratio= 0.0625
layer= 14 ratio= 0.0625
layer= 15 ratio= 0.0625
start add noise2021-07-01 14:25:55
end_add_noise_time2021-07-01 14:25:59
average train loss= 0.7104746375394904
2021-07-01 14:26:07,round 6,val Accuracy Top1: 73.720000 %
2021-07-01 14:26:07,round 6,val Accuracy Top5: 98.120000 %
******client id  0 ******
client_update start
client id= 0 ,round= 7 ,epoch= 1 ,client update iteration= 10 ,loss= 1.0005028247833252
client id= 0 ,round= 7 ,epoch= 1 ,client update iteration= 20 ,loss= 0.8408666253089905
client id= 0 ,round= 7 ,epoch= 1 ,client update iteration= 30 ,loss= 0.908429741859436
client id= 0 ,round= 7 ,epoch= 1 ,client update iteration= 40 ,loss= 1.017467737197876
client id= 0 ,round= 7 ,epoch= 1 ,client update iteration= 50 ,loss= 0.8503462672233582
client id= 0 ,round= 7 ,epoch= 1 ,client update iteration= 60 ,loss= 0.8028380274772644
client id= 0 ,round= 7 ,epoch= 1 ,client update iteration= 70 ,loss= 0.6489904522895813
client id= 0 ,round= 7 ,epoch= 1 ,client update iteration= 80 ,loss= 0.6820769906044006
client id= 0 ,round= 7 ,epoch= 1 ,client update iteration= 90 ,loss= 0.8518177270889282
client id= 0 ,round= 7 ,epoch= 1 ,client update iteration= 100 ,loss= 0.9248632192611694
client id= 0 ,round= 7 ,epoch= 1 ,client update iteration= 110 ,loss= 0.781846284866333
client id= 0 ,round= 7 ,epoch= 1 ,client update iteration= 120 ,loss= 0.8035008907318115
client id= 0 ,round= 7 ,epoch= 1 ,client update iteration= 130 ,loss= 0.7888170480728149
client id= 0 ,round= 7 ,epoch= 1 ,client update iteration= 140 ,loss= 0.7085477709770203
client id= 0 ,round= 7 ,epoch= 1 ,client update iteration= 150 ,loss= 0.6519451141357422
client id= 0 ,round= 7 ,epoch= 1 ,client update iteration= 160 ,loss= 0.6853882074356079
client id= 0 ,round= 7 ,epoch= 1 ,client update iteration= 170 ,loss= 0.65785151720047
client id= 0 ,round= 7 ,epoch= 1 ,client update iteration= 180 ,loss= 0.6363052129745483
client id= 0 ,round= 7 ,epoch= 1 ,client update iteration= 190 ,loss= 0.5356811881065369
client id= 0 ,round= 7 ,epoch= 1 ,client update iteration= 200 ,loss= 0.7032578587532043
client id= 0 ,round= 7 ,epoch= 1 ,client update iteration= 210 ,loss= 0.8634262084960938
client id= 0 ,round= 7 ,epoch= 1 ,client update iteration= 220 ,loss= 0.585553765296936
client id= 0 ,round= 7 ,epoch= 1 ,client update iteration= 230 ,loss= 0.7336828112602234
client id= 0 ,round= 7 ,epoch= 1 ,client update iteration= 240 ,loss= 0.7268679141998291
client id= 0 ,round= 7 ,epoch= 1 ,client update iteration= 250 ,loss= 0.729684054851532
client id= 0 ,round= 7 ,epoch= 1 ,client update iteration= 260 ,loss= 0.8288165926933289
client id= 0 ,round= 7 ,epoch= 1 ,client update iteration= 270 ,loss= 0.6704392433166504
client id= 0 ,round= 7 ,epoch= 1 ,client update iteration= 280 ,loss= 0.8663292527198792
client id= 0 ,round= 7 ,epoch= 1 ,client update iteration= 290 ,loss= 0.7080655097961426
client id= 0 ,round= 7 ,epoch= 1 ,client update iteration= 300 ,loss= 0.5729393362998962
client id= 0 ,round= 7 ,epoch= 1 ,client update iteration= 310 ,loss= 0.7274343967437744
client id= 0 ,round= 7 ,epoch= 1 ,client update iteration= 320 ,loss= 0.7578171491622925
client id= 0 ,round= 7 ,epoch= 1 ,client update iteration= 330 ,loss= 0.6675513386726379
client id= 0 ,round= 7 ,epoch= 1 ,client update iteration= 340 ,loss= 0.5562413930892944
client id= 0 ,round= 7 ,epoch= 1 ,client update iteration= 350 ,loss= 0.6945565342903137
client id= 0 ,round= 7 ,epoch= 1 ,client update iteration= 360 ,loss= 0.6760735511779785
client id= 0 ,round= 7 ,epoch= 1 ,client update iteration= 370 ,loss= 0.5324358940124512
client id= 0 ,round= 7 ,epoch= 1 ,client update iteration= 380 ,loss= 0.7182131409645081
client id= 0 ,round= 7 ,epoch= 1 ,client update iteration= 390 ,loss= 0.613400399684906
******client id  1 ******
client_update start
client id= 1 ,round= 7 ,epoch= 1 ,client update iteration= 10 ,loss= 0.9753003120422363
client id= 1 ,round= 7 ,epoch= 1 ,client update iteration= 20 ,loss= 0.888985276222229
client id= 1 ,round= 7 ,epoch= 1 ,client update iteration= 30 ,loss= 0.6095229387283325
client id= 1 ,round= 7 ,epoch= 1 ,client update iteration= 40 ,loss= 0.8614290356636047
client id= 1 ,round= 7 ,epoch= 1 ,client update iteration= 50 ,loss= 0.730815052986145
client id= 1 ,round= 7 ,epoch= 1 ,client update iteration= 60 ,loss= 0.7356883883476257
client id= 1 ,round= 7 ,epoch= 1 ,client update iteration= 70 ,loss= 0.7690979838371277
client id= 1 ,round= 7 ,epoch= 1 ,client update iteration= 80 ,loss= 0.6661179065704346
client id= 1 ,round= 7 ,epoch= 1 ,client update iteration= 90 ,loss= 0.7212223410606384
client id= 1 ,round= 7 ,epoch= 1 ,client update iteration= 100 ,loss= 0.9041836857795715
client id= 1 ,round= 7 ,epoch= 1 ,client update iteration= 110 ,loss= 0.8866705298423767
client id= 1 ,round= 7 ,epoch= 1 ,client update iteration= 120 ,loss= 0.5571843385696411
client id= 1 ,round= 7 ,epoch= 1 ,client update iteration= 130 ,loss= 0.8079673051834106
client id= 1 ,round= 7 ,epoch= 1 ,client update iteration= 140 ,loss= 0.8468724489212036
client id= 1 ,round= 7 ,epoch= 1 ,client update iteration= 150 ,loss= 0.9704533815383911
client id= 1 ,round= 7 ,epoch= 1 ,client update iteration= 160 ,loss= 0.9889989495277405
client id= 1 ,round= 7 ,epoch= 1 ,client update iteration= 170 ,loss= 0.7580625414848328
client id= 1 ,round= 7 ,epoch= 1 ,client update iteration= 180 ,loss= 1.0301132202148438
client id= 1 ,round= 7 ,epoch= 1 ,client update iteration= 190 ,loss= 0.7035114169120789
client id= 1 ,round= 7 ,epoch= 1 ,client update iteration= 200 ,loss= 0.7504469752311707
client id= 1 ,round= 7 ,epoch= 1 ,client update iteration= 210 ,loss= 0.7727383375167847
client id= 1 ,round= 7 ,epoch= 1 ,client update iteration= 220 ,loss= 0.7182623147964478
client id= 1 ,round= 7 ,epoch= 1 ,client update iteration= 230 ,loss= 0.62430340051651
client id= 1 ,round= 7 ,epoch= 1 ,client update iteration= 240 ,loss= 0.4204093813896179
client id= 1 ,round= 7 ,epoch= 1 ,client update iteration= 250 ,loss= 0.5374894738197327
client id= 1 ,round= 7 ,epoch= 1 ,client update iteration= 260 ,loss= 0.9032666683197021
client id= 1 ,round= 7 ,epoch= 1 ,client update iteration= 270 ,loss= 0.8445109724998474
client id= 1 ,round= 7 ,epoch= 1 ,client update iteration= 280 ,loss= 0.7385042309761047
client id= 1 ,round= 7 ,epoch= 1 ,client update iteration= 290 ,loss= 0.729200005531311
client id= 1 ,round= 7 ,epoch= 1 ,client update iteration= 300 ,loss= 0.9048709273338318
client id= 1 ,round= 7 ,epoch= 1 ,client update iteration= 310 ,loss= 0.4357044994831085
client id= 1 ,round= 7 ,epoch= 1 ,client update iteration= 320 ,loss= 0.6537536382675171
client id= 1 ,round= 7 ,epoch= 1 ,client update iteration= 330 ,loss= 0.8085827827453613
client id= 1 ,round= 7 ,epoch= 1 ,client update iteration= 340 ,loss= 0.9769143462181091
client id= 1 ,round= 7 ,epoch= 1 ,client update iteration= 350 ,loss= 0.6211822628974915
client id= 1 ,round= 7 ,epoch= 1 ,client update iteration= 360 ,loss= 0.6786266565322876
client id= 1 ,round= 7 ,epoch= 1 ,client update iteration= 370 ,loss= 0.5868139266967773
client id= 1 ,round= 7 ,epoch= 1 ,client update iteration= 380 ,loss= 0.6638039946556091
client id= 1 ,round= 7 ,epoch= 1 ,client update iteration= 390 ,loss= 0.7643448114395142
start cal weight time2021-07-01 14:28:33
end cal weight time2021-07-01 14:28:33
layer= 0 ratio= 0.0625
layer= 1 ratio= 0.0625
layer= 2 ratio= 0.0625
layer= 3 ratio= 0.0625
layer= 4 ratio= 0.0625
layer= 5 ratio= 0.0625
layer= 6 ratio= 0.0625
layer= 7 ratio= 0.0625
layer= 8 ratio= 0.0625
layer= 9 ratio= 0.0625
layer= 10 ratio= 0.0625
layer= 11 ratio= 0.0625
layer= 12 ratio= 0.0625
layer= 13 ratio= 0.0625
layer= 14 ratio= 0.0625
layer= 15 ratio= 0.0625
start add noise2021-07-01 14:28:33
end_add_noise_time2021-07-01 14:28:37
start cal weight time2021-07-01 14:28:37
end cal weight time2021-07-01 14:28:37
layer= 0 ratio= 0.0625
layer= 1 ratio= 0.0625
layer= 2 ratio= 0.0625
layer= 3 ratio= 0.0625
layer= 4 ratio= 0.0625
layer= 5 ratio= 0.0625
layer= 6 ratio= 0.0625
layer= 7 ratio= 0.0625
layer= 8 ratio= 0.0625
layer= 9 ratio= 0.0625
layer= 10 ratio= 0.0625
layer= 11 ratio= 0.0625
layer= 12 ratio= 0.0625
layer= 13 ratio= 0.0625
layer= 14 ratio= 0.0625
layer= 15 ratio= 0.0625
start add noise2021-07-01 14:28:37
end_add_noise_time2021-07-01 14:28:40
average train loss= 0.7203201432057353
2021-07-01 14:28:49,round 7,val Accuracy Top1: 73.310000 %
2021-07-01 14:28:49,round 7,val Accuracy Top5: 97.700000 %
******client id  0 ******
client_update start
client id= 0 ,round= 8 ,epoch= 1 ,client update iteration= 10 ,loss= 0.6923374533653259
client id= 0 ,round= 8 ,epoch= 1 ,client update iteration= 20 ,loss= 0.6010342240333557
client id= 0 ,round= 8 ,epoch= 1 ,client update iteration= 30 ,loss= 0.7598026394844055
client id= 0 ,round= 8 ,epoch= 1 ,client update iteration= 40 ,loss= 0.7688373327255249
client id= 0 ,round= 8 ,epoch= 1 ,client update iteration= 50 ,loss= 1.1300952434539795
client id= 0 ,round= 8 ,epoch= 1 ,client update iteration= 60 ,loss= 0.8247232437133789
client id= 0 ,round= 8 ,epoch= 1 ,client update iteration= 70 ,loss= 0.701882541179657
client id= 0 ,round= 8 ,epoch= 1 ,client update iteration= 80 ,loss= 0.6668310761451721
client id= 0 ,round= 8 ,epoch= 1 ,client update iteration= 90 ,loss= 0.956079363822937
client id= 0 ,round= 8 ,epoch= 1 ,client update iteration= 100 ,loss= 0.5766423940658569
client id= 0 ,round= 8 ,epoch= 1 ,client update iteration= 110 ,loss= 0.7502374649047852
client id= 0 ,round= 8 ,epoch= 1 ,client update iteration= 120 ,loss= 0.6046456098556519
client id= 0 ,round= 8 ,epoch= 1 ,client update iteration= 130 ,loss= 0.774029552936554
client id= 0 ,round= 8 ,epoch= 1 ,client update iteration= 140 ,loss= 0.7454811334609985
client id= 0 ,round= 8 ,epoch= 1 ,client update iteration= 150 ,loss= 0.8164731860160828
client id= 0 ,round= 8 ,epoch= 1 ,client update iteration= 160 ,loss= 0.9130669832229614
client id= 0 ,round= 8 ,epoch= 1 ,client update iteration= 170 ,loss= 0.49290961027145386
client id= 0 ,round= 8 ,epoch= 1 ,client update iteration= 180 ,loss= 0.7654033303260803
client id= 0 ,round= 8 ,epoch= 1 ,client update iteration= 190 ,loss= 0.733575701713562
client id= 0 ,round= 8 ,epoch= 1 ,client update iteration= 200 ,loss= 0.6994257569313049
client id= 0 ,round= 8 ,epoch= 1 ,client update iteration= 210 ,loss= 0.6767558455467224
client id= 0 ,round= 8 ,epoch= 1 ,client update iteration= 220 ,loss= 0.44894200563430786
client id= 0 ,round= 8 ,epoch= 1 ,client update iteration= 230 ,loss= 0.6028308272361755
client id= 0 ,round= 8 ,epoch= 1 ,client update iteration= 240 ,loss= 0.5498766303062439
client id= 0 ,round= 8 ,epoch= 1 ,client update iteration= 250 ,loss= 0.6521645784378052
client id= 0 ,round= 8 ,epoch= 1 ,client update iteration= 260 ,loss= 0.852610170841217
client id= 0 ,round= 8 ,epoch= 1 ,client update iteration= 270 ,loss= 0.546267569065094
client id= 0 ,round= 8 ,epoch= 1 ,client update iteration= 280 ,loss= 0.5422177910804749
client id= 0 ,round= 8 ,epoch= 1 ,client update iteration= 290 ,loss= 0.9519954919815063
client id= 0 ,round= 8 ,epoch= 1 ,client update iteration= 300 ,loss= 0.6274967193603516
client id= 0 ,round= 8 ,epoch= 1 ,client update iteration= 310 ,loss= 0.6913371086120605
client id= 0 ,round= 8 ,epoch= 1 ,client update iteration= 320 ,loss= 0.6727454662322998
client id= 0 ,round= 8 ,epoch= 1 ,client update iteration= 330 ,loss= 0.7733473181724548
client id= 0 ,round= 8 ,epoch= 1 ,client update iteration= 340 ,loss= 0.667540431022644
client id= 0 ,round= 8 ,epoch= 1 ,client update iteration= 350 ,loss= 0.7830192446708679
client id= 0 ,round= 8 ,epoch= 1 ,client update iteration= 360 ,loss= 0.6033194065093994
client id= 0 ,round= 8 ,epoch= 1 ,client update iteration= 370 ,loss= 0.8043361306190491
client id= 0 ,round= 8 ,epoch= 1 ,client update iteration= 380 ,loss= 0.6316776275634766
client id= 0 ,round= 8 ,epoch= 1 ,client update iteration= 390 ,loss= 0.7194604873657227
******client id  1 ******
client_update start
client id= 1 ,round= 8 ,epoch= 1 ,client update iteration= 10 ,loss= 0.7223624587059021
client id= 1 ,round= 8 ,epoch= 1 ,client update iteration= 20 ,loss= 0.8397750854492188
client id= 1 ,round= 8 ,epoch= 1 ,client update iteration= 30 ,loss= 0.9822190999984741
client id= 1 ,round= 8 ,epoch= 1 ,client update iteration= 40 ,loss= 0.8683880567550659
client id= 1 ,round= 8 ,epoch= 1 ,client update iteration= 50 ,loss= 1.1406861543655396
client id= 1 ,round= 8 ,epoch= 1 ,client update iteration= 60 ,loss= 0.8231790065765381
client id= 1 ,round= 8 ,epoch= 1 ,client update iteration= 70 ,loss= 0.4932853877544403
client id= 1 ,round= 8 ,epoch= 1 ,client update iteration= 80 ,loss= 0.5847343802452087
client id= 1 ,round= 8 ,epoch= 1 ,client update iteration= 90 ,loss= 1.324759602546692
client id= 1 ,round= 8 ,epoch= 1 ,client update iteration= 100 ,loss= 0.872702956199646
client id= 1 ,round= 8 ,epoch= 1 ,client update iteration= 110 ,loss= 0.5279020667076111
client id= 1 ,round= 8 ,epoch= 1 ,client update iteration= 120 ,loss= 0.45650872588157654
client id= 1 ,round= 8 ,epoch= 1 ,client update iteration= 130 ,loss= 0.7496209740638733
client id= 1 ,round= 8 ,epoch= 1 ,client update iteration= 140 ,loss= 0.7665874361991882
client id= 1 ,round= 8 ,epoch= 1 ,client update iteration= 150 ,loss= 0.884922444820404
client id= 1 ,round= 8 ,epoch= 1 ,client update iteration= 160 ,loss= 0.8641480803489685
client id= 1 ,round= 8 ,epoch= 1 ,client update iteration= 170 ,loss= 0.6112817525863647
client id= 1 ,round= 8 ,epoch= 1 ,client update iteration= 180 ,loss= 0.8282649517059326
client id= 1 ,round= 8 ,epoch= 1 ,client update iteration= 190 ,loss= 0.7238383889198303
client id= 1 ,round= 8 ,epoch= 1 ,client update iteration= 200 ,loss= 0.5458874106407166
client id= 1 ,round= 8 ,epoch= 1 ,client update iteration= 210 ,loss= 0.851885199546814
client id= 1 ,round= 8 ,epoch= 1 ,client update iteration= 220 ,loss= 0.7063504457473755
client id= 1 ,round= 8 ,epoch= 1 ,client update iteration= 230 ,loss= 0.5978474020957947
client id= 1 ,round= 8 ,epoch= 1 ,client update iteration= 240 ,loss= 0.6273341178894043
client id= 1 ,round= 8 ,epoch= 1 ,client update iteration= 250 ,loss= 0.8812552690505981
client id= 1 ,round= 8 ,epoch= 1 ,client update iteration= 260 ,loss= 0.6317834854125977
client id= 1 ,round= 8 ,epoch= 1 ,client update iteration= 270 ,loss= 0.7056413292884827
client id= 1 ,round= 8 ,epoch= 1 ,client update iteration= 280 ,loss= 0.7511504888534546
client id= 1 ,round= 8 ,epoch= 1 ,client update iteration= 290 ,loss= 0.5993543863296509
client id= 1 ,round= 8 ,epoch= 1 ,client update iteration= 300 ,loss= 0.658509373664856
client id= 1 ,round= 8 ,epoch= 1 ,client update iteration= 310 ,loss= 0.972470760345459
client id= 1 ,round= 8 ,epoch= 1 ,client update iteration= 320 ,loss= 0.6415679454803467
client id= 1 ,round= 8 ,epoch= 1 ,client update iteration= 330 ,loss= 0.5382466912269592
client id= 1 ,round= 8 ,epoch= 1 ,client update iteration= 340 ,loss= 0.8920611143112183
client id= 1 ,round= 8 ,epoch= 1 ,client update iteration= 350 ,loss= 0.6663408875465393
client id= 1 ,round= 8 ,epoch= 1 ,client update iteration= 360 ,loss= 0.6275680661201477
client id= 1 ,round= 8 ,epoch= 1 ,client update iteration= 370 ,loss= 0.6602768898010254
client id= 1 ,round= 8 ,epoch= 1 ,client update iteration= 380 ,loss= 0.580314040184021
client id= 1 ,round= 8 ,epoch= 1 ,client update iteration= 390 ,loss= 0.4605848789215088
start cal weight time2021-07-01 14:31:15
end cal weight time2021-07-01 14:31:15
layer= 0 ratio= 0.0625
layer= 1 ratio= 0.0625
layer= 2 ratio= 0.0625
layer= 3 ratio= 0.0625
layer= 4 ratio= 0.0625
layer= 5 ratio= 0.0625
layer= 6 ratio= 0.0625
layer= 7 ratio= 0.0625
layer= 8 ratio= 0.0625
layer= 9 ratio= 0.0625
layer= 10 ratio= 0.0625
layer= 11 ratio= 0.0625
layer= 12 ratio= 0.0625
layer= 13 ratio= 0.0625
layer= 14 ratio= 0.0625
layer= 15 ratio= 0.0625
start add noise2021-07-01 14:31:15
end_add_noise_time2021-07-01 14:31:18
start cal weight time2021-07-01 14:31:18
end cal weight time2021-07-01 14:31:18
layer= 0 ratio= 0.0625
layer= 1 ratio= 0.0625
layer= 2 ratio= 0.0625
layer= 3 ratio= 0.0625
layer= 4 ratio= 0.0625
layer= 5 ratio= 0.0625
layer= 6 ratio= 0.0625
layer= 7 ratio= 0.0625
layer= 8 ratio= 0.0625
layer= 9 ratio= 0.0625
layer= 10 ratio= 0.0625
layer= 11 ratio= 0.0625
layer= 12 ratio= 0.0625
layer= 13 ratio= 0.0625
layer= 14 ratio= 0.0625
layer= 15 ratio= 0.0625
start add noise2021-07-01 14:31:18
end_add_noise_time2021-07-01 14:31:21
average train loss= 0.7386677972877117
2021-07-01 14:31:30,round 8,val Accuracy Top1: 70.690000 %
2021-07-01 14:31:30,round 8,val Accuracy Top5: 97.700000 %
******client id  0 ******
client_update start
client id= 0 ,round= 9 ,epoch= 1 ,client update iteration= 10 ,loss= 0.8636410236358643
client id= 0 ,round= 9 ,epoch= 1 ,client update iteration= 20 ,loss= 0.949459433555603
client id= 0 ,round= 9 ,epoch= 1 ,client update iteration= 30 ,loss= 1.0665873289108276
client id= 0 ,round= 9 ,epoch= 1 ,client update iteration= 40 ,loss= 0.6685806512832642
client id= 0 ,round= 9 ,epoch= 1 ,client update iteration= 50 ,loss= 0.8010119795799255
client id= 0 ,round= 9 ,epoch= 1 ,client update iteration= 60 ,loss= 0.9383230805397034
client id= 0 ,round= 9 ,epoch= 1 ,client update iteration= 70 ,loss= 1.054449200630188
client id= 0 ,round= 9 ,epoch= 1 ,client update iteration= 80 ,loss= 0.9607643485069275
client id= 0 ,round= 9 ,epoch= 1 ,client update iteration= 90 ,loss= 0.8371082544326782
client id= 0 ,round= 9 ,epoch= 1 ,client update iteration= 100 ,loss= 0.7208220958709717
client id= 0 ,round= 9 ,epoch= 1 ,client update iteration= 110 ,loss= 0.7917761206626892
client id= 0 ,round= 9 ,epoch= 1 ,client update iteration= 120 ,loss= 0.9538801312446594
client id= 0 ,round= 9 ,epoch= 1 ,client update iteration= 130 ,loss= 0.6645504832267761
client id= 0 ,round= 9 ,epoch= 1 ,client update iteration= 140 ,loss= 0.6175816655158997
client id= 0 ,round= 9 ,epoch= 1 ,client update iteration= 150 ,loss= 0.5569335222244263
client id= 0 ,round= 9 ,epoch= 1 ,client update iteration= 160 ,loss= 0.666222333908081
client id= 0 ,round= 9 ,epoch= 1 ,client update iteration= 170 ,loss= 0.7375142574310303
client id= 0 ,round= 9 ,epoch= 1 ,client update iteration= 180 ,loss= 1.1403812170028687
client id= 0 ,round= 9 ,epoch= 1 ,client update iteration= 190 ,loss= 0.918663740158081
client id= 0 ,round= 9 ,epoch= 1 ,client update iteration= 200 ,loss= 0.7197375297546387
client id= 0 ,round= 9 ,epoch= 1 ,client update iteration= 210 ,loss= 0.9687561988830566
client id= 0 ,round= 9 ,epoch= 1 ,client update iteration= 220 ,loss= 0.7446001172065735
client id= 0 ,round= 9 ,epoch= 1 ,client update iteration= 230 ,loss= 0.7958383560180664
client id= 0 ,round= 9 ,epoch= 1 ,client update iteration= 240 ,loss= 0.7914679646492004
client id= 0 ,round= 9 ,epoch= 1 ,client update iteration= 250 ,loss= 0.7599359154701233
client id= 0 ,round= 9 ,epoch= 1 ,client update iteration= 260 ,loss= 0.8787081837654114
client id= 0 ,round= 9 ,epoch= 1 ,client update iteration= 270 ,loss= 0.823460042476654
client id= 0 ,round= 9 ,epoch= 1 ,client update iteration= 280 ,loss= 0.678988516330719
client id= 0 ,round= 9 ,epoch= 1 ,client update iteration= 290 ,loss= 0.7438002824783325
client id= 0 ,round= 9 ,epoch= 1 ,client update iteration= 300 ,loss= 0.6984753608703613
client id= 0 ,round= 9 ,epoch= 1 ,client update iteration= 310 ,loss= 0.5389586687088013
client id= 0 ,round= 9 ,epoch= 1 ,client update iteration= 320 ,loss= 0.702072262763977
client id= 0 ,round= 9 ,epoch= 1 ,client update iteration= 330 ,loss= 0.5267938375473022
client id= 0 ,round= 9 ,epoch= 1 ,client update iteration= 340 ,loss= 0.9920531511306763
client id= 0 ,round= 9 ,epoch= 1 ,client update iteration= 350 ,loss= 0.8690381050109863
client id= 0 ,round= 9 ,epoch= 1 ,client update iteration= 360 ,loss= 0.6433166861534119
client id= 0 ,round= 9 ,epoch= 1 ,client update iteration= 370 ,loss= 0.857566237449646
client id= 0 ,round= 9 ,epoch= 1 ,client update iteration= 380 ,loss= 0.444306880235672
client id= 0 ,round= 9 ,epoch= 1 ,client update iteration= 390 ,loss= 1.0970960855484009
******client id  1 ******
client_update start
client id= 1 ,round= 9 ,epoch= 1 ,client update iteration= 10 ,loss= 0.772559642791748
client id= 1 ,round= 9 ,epoch= 1 ,client update iteration= 20 ,loss= 0.8997572660446167
client id= 1 ,round= 9 ,epoch= 1 ,client update iteration= 30 ,loss= 0.839989185333252
client id= 1 ,round= 9 ,epoch= 1 ,client update iteration= 40 ,loss= 0.8138987421989441
client id= 1 ,round= 9 ,epoch= 1 ,client update iteration= 50 ,loss= 1.06591796875
client id= 1 ,round= 9 ,epoch= 1 ,client update iteration= 60 ,loss= 1.0971390008926392
client id= 1 ,round= 9 ,epoch= 1 ,client update iteration= 70 ,loss= 0.6932084560394287
client id= 1 ,round= 9 ,epoch= 1 ,client update iteration= 80 ,loss= 0.8430813550949097
client id= 1 ,round= 9 ,epoch= 1 ,client update iteration= 90 ,loss= 0.6690412163734436
client id= 1 ,round= 9 ,epoch= 1 ,client update iteration= 100 ,loss= 0.8212722539901733
client id= 1 ,round= 9 ,epoch= 1 ,client update iteration= 110 ,loss= 0.8535705208778381
client id= 1 ,round= 9 ,epoch= 1 ,client update iteration= 120 ,loss= 0.9867777824401855
client id= 1 ,round= 9 ,epoch= 1 ,client update iteration= 130 ,loss= 1.0248171091079712
client id= 1 ,round= 9 ,epoch= 1 ,client update iteration= 140 ,loss= 0.9011579751968384
client id= 1 ,round= 9 ,epoch= 1 ,client update iteration= 150 ,loss= 1.0029672384262085
client id= 1 ,round= 9 ,epoch= 1 ,client update iteration= 160 ,loss= 1.0190852880477905
client id= 1 ,round= 9 ,epoch= 1 ,client update iteration= 170 ,loss= 0.6608609557151794
client id= 1 ,round= 9 ,epoch= 1 ,client update iteration= 180 ,loss= 0.7890883684158325
client id= 1 ,round= 9 ,epoch= 1 ,client update iteration= 190 ,loss= 0.8837077617645264
client id= 1 ,round= 9 ,epoch= 1 ,client update iteration= 200 ,loss= 0.7355639338493347
client id= 1 ,round= 9 ,epoch= 1 ,client update iteration= 210 ,loss= 0.7857256531715393
client id= 1 ,round= 9 ,epoch= 1 ,client update iteration= 220 ,loss= 0.8687825202941895
client id= 1 ,round= 9 ,epoch= 1 ,client update iteration= 230 ,loss= 0.5988239645957947
client id= 1 ,round= 9 ,epoch= 1 ,client update iteration= 240 ,loss= 0.68036288022995
client id= 1 ,round= 9 ,epoch= 1 ,client update iteration= 250 ,loss= 0.6321305632591248
client id= 1 ,round= 9 ,epoch= 1 ,client update iteration= 260 ,loss= 0.6029019355773926
client id= 1 ,round= 9 ,epoch= 1 ,client update iteration= 270 ,loss= 0.7659719586372375
client id= 1 ,round= 9 ,epoch= 1 ,client update iteration= 280 ,loss= 0.7078893184661865
client id= 1 ,round= 9 ,epoch= 1 ,client update iteration= 290 ,loss= 0.8765779137611389
client id= 1 ,round= 9 ,epoch= 1 ,client update iteration= 300 ,loss= 0.5699012875556946
client id= 1 ,round= 9 ,epoch= 1 ,client update iteration= 310 ,loss= 0.9603210687637329
client id= 1 ,round= 9 ,epoch= 1 ,client update iteration= 320 ,loss= 0.5367321968078613
client id= 1 ,round= 9 ,epoch= 1 ,client update iteration= 330 ,loss= 0.9836391806602478
client id= 1 ,round= 9 ,epoch= 1 ,client update iteration= 340 ,loss= 0.7440091967582703
client id= 1 ,round= 9 ,epoch= 1 ,client update iteration= 350 ,loss= 0.6676192283630371
client id= 1 ,round= 9 ,epoch= 1 ,client update iteration= 360 ,loss= 0.9092254638671875
client id= 1 ,round= 9 ,epoch= 1 ,client update iteration= 370 ,loss= 0.599949300289154
client id= 1 ,round= 9 ,epoch= 1 ,client update iteration= 380 ,loss= 0.6467140316963196
client id= 1 ,round= 9 ,epoch= 1 ,client update iteration= 390 ,loss= 0.5750830769538879
start cal weight time2021-07-01 14:33:56
end cal weight time2021-07-01 14:33:56
layer= 0 ratio= 0.0625
layer= 1 ratio= 0.0625
layer= 2 ratio= 0.0625
layer= 3 ratio= 0.0625
layer= 4 ratio= 0.0625
layer= 5 ratio= 0.0625
layer= 6 ratio= 0.0625
layer= 7 ratio= 0.0625
layer= 8 ratio= 0.0625
layer= 9 ratio= 0.0625
layer= 10 ratio= 0.0625
layer= 11 ratio= 0.0625
layer= 12 ratio= 0.0625
layer= 13 ratio= 0.0625
layer= 14 ratio= 0.0625
layer= 15 ratio= 0.0625
start add noise2021-07-01 14:33:56
end_add_noise_time2021-07-01 14:33:59
start cal weight time2021-07-01 14:33:59
end cal weight time2021-07-01 14:33:59
layer= 0 ratio= 0.0625
layer= 1 ratio= 0.0625
layer= 2 ratio= 0.0625
layer= 3 ratio= 0.0625
layer= 4 ratio= 0.0625
layer= 5 ratio= 0.0625
layer= 6 ratio= 0.0625
layer= 7 ratio= 0.0625
layer= 8 ratio= 0.0625
layer= 9 ratio= 0.0625
layer= 10 ratio= 0.0625
layer= 11 ratio= 0.0625
layer= 12 ratio= 0.0625
layer= 13 ratio= 0.0625
layer= 14 ratio= 0.0625
layer= 15 ratio= 0.0625
start add noise2021-07-01 14:33:59
end_add_noise_time2021-07-01 14:34:03
average train loss= 0.7797754314701881
2021-07-01 14:34:12,round 9,val Accuracy Top1: 74.610000 %
2021-07-01 14:34:12,round 9,val Accuracy Top5: 97.630000 %
******client id  0 ******
client_update start
client id= 0 ,round= 10 ,epoch= 1 ,client update iteration= 10 ,loss= 1.0309185981750488
client id= 0 ,round= 10 ,epoch= 1 ,client update iteration= 20 ,loss= 0.9081579446792603
client id= 0 ,round= 10 ,epoch= 1 ,client update iteration= 30 ,loss= 0.9510006308555603
client id= 0 ,round= 10 ,epoch= 1 ,client update iteration= 40 ,loss= 0.8504427075386047
client id= 0 ,round= 10 ,epoch= 1 ,client update iteration= 50 ,loss= 0.9241825938224792
client id= 0 ,round= 10 ,epoch= 1 ,client update iteration= 60 ,loss= 0.9198094010353088
client id= 0 ,round= 10 ,epoch= 1 ,client update iteration= 70 ,loss= 0.9079781174659729
client id= 0 ,round= 10 ,epoch= 1 ,client update iteration= 80 ,loss= 1.073082685470581
client id= 0 ,round= 10 ,epoch= 1 ,client update iteration= 90 ,loss= 0.8447445034980774
client id= 0 ,round= 10 ,epoch= 1 ,client update iteration= 100 ,loss= 0.8924977779388428
client id= 0 ,round= 10 ,epoch= 1 ,client update iteration= 110 ,loss= 1.019291639328003
client id= 0 ,round= 10 ,epoch= 1 ,client update iteration= 120 ,loss= 0.858278214931488
client id= 0 ,round= 10 ,epoch= 1 ,client update iteration= 130 ,loss= 0.7899569272994995
client id= 0 ,round= 10 ,epoch= 1 ,client update iteration= 140 ,loss= 0.7984052300453186
client id= 0 ,round= 10 ,epoch= 1 ,client update iteration= 150 ,loss= 0.9865337014198303
client id= 0 ,round= 10 ,epoch= 1 ,client update iteration= 160 ,loss= 0.9302417039871216
client id= 0 ,round= 10 ,epoch= 1 ,client update iteration= 170 ,loss= 0.8841814398765564
client id= 0 ,round= 10 ,epoch= 1 ,client update iteration= 180 ,loss= 0.7620261907577515
client id= 0 ,round= 10 ,epoch= 1 ,client update iteration= 190 ,loss= 0.8970362544059753
client id= 0 ,round= 10 ,epoch= 1 ,client update iteration= 200 ,loss= 0.565101146697998
client id= 0 ,round= 10 ,epoch= 1 ,client update iteration= 210 ,loss= 0.7456768751144409
client id= 0 ,round= 10 ,epoch= 1 ,client update iteration= 220 ,loss= 0.5791906118392944
client id= 0 ,round= 10 ,epoch= 1 ,client update iteration= 230 ,loss= 0.6436114311218262
client id= 0 ,round= 10 ,epoch= 1 ,client update iteration= 240 ,loss= 0.6964471936225891
client id= 0 ,round= 10 ,epoch= 1 ,client update iteration= 250 ,loss= 0.8099347949028015
client id= 0 ,round= 10 ,epoch= 1 ,client update iteration= 260 ,loss= 0.8824760317802429
client id= 0 ,round= 10 ,epoch= 1 ,client update iteration= 270 ,loss= 0.7150790691375732
client id= 0 ,round= 10 ,epoch= 1 ,client update iteration= 280 ,loss= 0.5123556852340698
client id= 0 ,round= 10 ,epoch= 1 ,client update iteration= 290 ,loss= 0.45674484968185425
client id= 0 ,round= 10 ,epoch= 1 ,client update iteration= 300 ,loss= 0.9007783532142639
client id= 0 ,round= 10 ,epoch= 1 ,client update iteration= 310 ,loss= 0.8935648202896118
client id= 0 ,round= 10 ,epoch= 1 ,client update iteration= 320 ,loss= 0.9343888759613037
client id= 0 ,round= 10 ,epoch= 1 ,client update iteration= 330 ,loss= 0.636172354221344
client id= 0 ,round= 10 ,epoch= 1 ,client update iteration= 340 ,loss= 0.550074577331543
client id= 0 ,round= 10 ,epoch= 1 ,client update iteration= 350 ,loss= 0.610262930393219
client id= 0 ,round= 10 ,epoch= 1 ,client update iteration= 360 ,loss= 0.6010076999664307
client id= 0 ,round= 10 ,epoch= 1 ,client update iteration= 370 ,loss= 0.8260890245437622
client id= 0 ,round= 10 ,epoch= 1 ,client update iteration= 380 ,loss= 0.8463761806488037
client id= 0 ,round= 10 ,epoch= 1 ,client update iteration= 390 ,loss= 0.5971500873565674
******client id  1 ******
client_update start
client id= 1 ,round= 10 ,epoch= 1 ,client update iteration= 10 ,loss= 0.9920464754104614
client id= 1 ,round= 10 ,epoch= 1 ,client update iteration= 20 ,loss= 1.0927774906158447
client id= 1 ,round= 10 ,epoch= 1 ,client update iteration= 30 ,loss= 0.9407876133918762
client id= 1 ,round= 10 ,epoch= 1 ,client update iteration= 40 ,loss= 0.800518274307251
client id= 1 ,round= 10 ,epoch= 1 ,client update iteration= 50 ,loss= 0.8178468346595764
client id= 1 ,round= 10 ,epoch= 1 ,client update iteration= 60 ,loss= 0.677712619304657
client id= 1 ,round= 10 ,epoch= 1 ,client update iteration= 70 ,loss= 0.8789880275726318
client id= 1 ,round= 10 ,epoch= 1 ,client update iteration= 80 ,loss= 0.8915213346481323
client id= 1 ,round= 10 ,epoch= 1 ,client update iteration= 90 ,loss= 0.7547927498817444
client id= 1 ,round= 10 ,epoch= 1 ,client update iteration= 100 ,loss= 0.894517183303833
client id= 1 ,round= 10 ,epoch= 1 ,client update iteration= 110 ,loss= 1.0510051250457764
client id= 1 ,round= 10 ,epoch= 1 ,client update iteration= 120 ,loss= 0.8256860971450806
client id= 1 ,round= 10 ,epoch= 1 ,client update iteration= 130 ,loss= 0.5922315716743469
client id= 1 ,round= 10 ,epoch= 1 ,client update iteration= 140 ,loss= 0.7974324226379395
client id= 1 ,round= 10 ,epoch= 1 ,client update iteration= 150 ,loss= 0.8003739714622498
client id= 1 ,round= 10 ,epoch= 1 ,client update iteration= 160 ,loss= 0.9395831227302551
client id= 1 ,round= 10 ,epoch= 1 ,client update iteration= 170 ,loss= 0.7915542125701904
client id= 1 ,round= 10 ,epoch= 1 ,client update iteration= 180 ,loss= 0.6413819789886475
client id= 1 ,round= 10 ,epoch= 1 ,client update iteration= 190 ,loss= 0.7220190763473511
client id= 1 ,round= 10 ,epoch= 1 ,client update iteration= 200 ,loss= 1.0804482698440552
client id= 1 ,round= 10 ,epoch= 1 ,client update iteration= 210 ,loss= 0.8570545315742493
client id= 1 ,round= 10 ,epoch= 1 ,client update iteration= 220 ,loss= 0.8567892909049988
client id= 1 ,round= 10 ,epoch= 1 ,client update iteration= 230 ,loss= 0.5937680602073669
client id= 1 ,round= 10 ,epoch= 1 ,client update iteration= 240 ,loss= 0.6447991728782654
client id= 1 ,round= 10 ,epoch= 1 ,client update iteration= 250 ,loss= 1.3394132852554321
client id= 1 ,round= 10 ,epoch= 1 ,client update iteration= 260 ,loss= 0.713187575340271
client id= 1 ,round= 10 ,epoch= 1 ,client update iteration= 270 ,loss= 0.7043153643608093
client id= 1 ,round= 10 ,epoch= 1 ,client update iteration= 280 ,loss= 0.6000772714614868
client id= 1 ,round= 10 ,epoch= 1 ,client update iteration= 290 ,loss= 0.8863039612770081
client id= 1 ,round= 10 ,epoch= 1 ,client update iteration= 300 ,loss= 0.8466619849205017
client id= 1 ,round= 10 ,epoch= 1 ,client update iteration= 310 ,loss= 0.707128643989563
client id= 1 ,round= 10 ,epoch= 1 ,client update iteration= 320 ,loss= 0.7510257363319397
client id= 1 ,round= 10 ,epoch= 1 ,client update iteration= 330 ,loss= 0.789273738861084
client id= 1 ,round= 10 ,epoch= 1 ,client update iteration= 340 ,loss= 0.9112666249275208
client id= 1 ,round= 10 ,epoch= 1 ,client update iteration= 350 ,loss= 0.7341182231903076
client id= 1 ,round= 10 ,epoch= 1 ,client update iteration= 360 ,loss= 0.5978699326515198
client id= 1 ,round= 10 ,epoch= 1 ,client update iteration= 370 ,loss= 0.5327186584472656
client id= 1 ,round= 10 ,epoch= 1 ,client update iteration= 380 ,loss= 0.6992228031158447
client id= 1 ,round= 10 ,epoch= 1 ,client update iteration= 390 ,loss= 0.5818000435829163
start cal weight time2021-07-01 14:36:37
end cal weight time2021-07-01 14:36:37
layer= 0 ratio= 0.0625
layer= 1 ratio= 0.0625
layer= 2 ratio= 0.0625
layer= 3 ratio= 0.0625
layer= 4 ratio= 0.0625
layer= 5 ratio= 0.0625
layer= 6 ratio= 0.0625
layer= 7 ratio= 0.0625
layer= 8 ratio= 0.0625
layer= 9 ratio= 0.0625
layer= 10 ratio= 0.0625
layer= 11 ratio= 0.0625
layer= 12 ratio= 0.0625
layer= 13 ratio= 0.0625
layer= 14 ratio= 0.0625
layer= 15 ratio= 0.0625
start add noise2021-07-01 14:36:37
end_add_noise_time2021-07-01 14:36:40
start cal weight time2021-07-01 14:36:40
end cal weight time2021-07-01 14:36:40
layer= 0 ratio= 0.0625
layer= 1 ratio= 0.0625
layer= 2 ratio= 0.0625
layer= 3 ratio= 0.0625
layer= 4 ratio= 0.0625
layer= 5 ratio= 0.0625
layer= 6 ratio= 0.0625
layer= 7 ratio= 0.0625
layer= 8 ratio= 0.0625
layer= 9 ratio= 0.0625
layer= 10 ratio= 0.0625
layer= 11 ratio= 0.0625
layer= 12 ratio= 0.0625
layer= 13 ratio= 0.0625
layer= 14 ratio= 0.0625
layer= 15 ratio= 0.0625
start add noise2021-07-01 14:36:40
end_add_noise_time2021-07-01 14:36:44
average train loss= 0.8157926420573993
2021-07-01 14:36:53,round 10,val Accuracy Top1: 72.650000 %
2021-07-01 14:36:53,round 10,val Accuracy Top5: 97.550000 %
