type sample_L1
pb 5000000.0
clip_bound 20.0
log_path log/Alexnet/sample_L1/False/2
train_data data
test_data data
batch_size 64
test_batch_size 64
lr 0.0002
momentum 0.5
no_cuda False
seed 1
log_interval 1
privacy_delta 1e-06
sample_num 500
islog True
is_ratio_list False
num_clients 2
num_rounds 10
epochs 1
ratio_type 2
平均分配eps
device cuda
loading data
load data done
AlexNet(
  (conv1): Sequential(
    (0): Conv2d(3, 96, kernel_size=(6, 6), stride=(1, 1))
    (1): ReLU()
  )
  (conv2): Sequential(
    (0): Conv2d(96, 256, kernel_size=(5, 5), stride=(1, 1), padding=(2, 2))
    (1): ReLU()
    (2): MaxPool2d(kernel_size=3, stride=2, padding=0, dilation=1, ceil_mode=False)
  )
  (conv3): Sequential(
    (0): Conv2d(256, 384, kernel_size=(3, 3), stride=(1, 1), padding=(1, 1))
    (1): ReLU()
  )
  (conv4): Sequential(
    (0): Conv2d(384, 384, kernel_size=(3, 3), stride=(1, 1), padding=(1, 1))
    (1): ReLU()
  )
  (conv5): Sequential(
    (0): Conv2d(384, 256, kernel_size=(3, 3), stride=(1, 1), padding=(1, 1))
    (1): ReLU()
    (2): MaxPool2d(kernel_size=3, stride=2, padding=0, dilation=1, ceil_mode=False)
  )
  (dense): Sequential(
    (0): Linear(in_features=9216, out_features=4096, bias=True)
    (1): ReLU()
    (2): Dropout(p=0.5, inplace=False)
    (3): Linear(in_features=4096, out_features=4096, bias=True)
    (4): ReLU()
    (5): Dropout(p=0.5, inplace=False)
    (6): Linear(in_features=4096, out_features=10, bias=True)
  )
)
********start training********
******client id  0 ******
client_update start
client id= 0 ,round= 1 ,epoch= 1 ,client update iteration= 10 ,loss= 2.288869857788086
client id= 0 ,round= 1 ,epoch= 1 ,client update iteration= 20 ,loss= 2.1940975189208984
client id= 0 ,round= 1 ,epoch= 1 ,client update iteration= 30 ,loss= 1.9963608980178833
client id= 0 ,round= 1 ,epoch= 1 ,client update iteration= 40 ,loss= 2.1832897663116455
client id= 0 ,round= 1 ,epoch= 1 ,client update iteration= 50 ,loss= 2.0736985206604004
client id= 0 ,round= 1 ,epoch= 1 ,client update iteration= 60 ,loss= 2.1636595726013184
client id= 0 ,round= 1 ,epoch= 1 ,client update iteration= 70 ,loss= 2.0661098957061768
client id= 0 ,round= 1 ,epoch= 1 ,client update iteration= 80 ,loss= 2.026911735534668
client id= 0 ,round= 1 ,epoch= 1 ,client update iteration= 90 ,loss= 1.8090953826904297
client id= 0 ,round= 1 ,epoch= 1 ,client update iteration= 100 ,loss= 1.8023523092269897
client id= 0 ,round= 1 ,epoch= 1 ,client update iteration= 110 ,loss= 1.8135766983032227
client id= 0 ,round= 1 ,epoch= 1 ,client update iteration= 120 ,loss= 1.9215185642242432
client id= 0 ,round= 1 ,epoch= 1 ,client update iteration= 130 ,loss= 1.7944633960723877
client id= 0 ,round= 1 ,epoch= 1 ,client update iteration= 140 ,loss= 1.899629831314087
client id= 0 ,round= 1 ,epoch= 1 ,client update iteration= 150 ,loss= 1.6873517036437988
client id= 0 ,round= 1 ,epoch= 1 ,client update iteration= 160 ,loss= 1.8132538795471191
client id= 0 ,round= 1 ,epoch= 1 ,client update iteration= 170 ,loss= 1.763121485710144
client id= 0 ,round= 1 ,epoch= 1 ,client update iteration= 180 ,loss= 1.7281663417816162
client id= 0 ,round= 1 ,epoch= 1 ,client update iteration= 190 ,loss= 1.6033453941345215
client id= 0 ,round= 1 ,epoch= 1 ,client update iteration= 200 ,loss= 1.7139170169830322
client id= 0 ,round= 1 ,epoch= 1 ,client update iteration= 210 ,loss= 1.5900131464004517
client id= 0 ,round= 1 ,epoch= 1 ,client update iteration= 220 ,loss= 1.5522596836090088
client id= 0 ,round= 1 ,epoch= 1 ,client update iteration= 230 ,loss= 1.582974910736084
client id= 0 ,round= 1 ,epoch= 1 ,client update iteration= 240 ,loss= 1.6090538501739502
client id= 0 ,round= 1 ,epoch= 1 ,client update iteration= 250 ,loss= 1.5461528301239014
client id= 0 ,round= 1 ,epoch= 1 ,client update iteration= 260 ,loss= 1.5170869827270508
client id= 0 ,round= 1 ,epoch= 1 ,client update iteration= 270 ,loss= 1.49679696559906
client id= 0 ,round= 1 ,epoch= 1 ,client update iteration= 280 ,loss= 1.6604083776474
client id= 0 ,round= 1 ,epoch= 1 ,client update iteration= 290 ,loss= 1.4645442962646484
client id= 0 ,round= 1 ,epoch= 1 ,client update iteration= 300 ,loss= 1.5816751718521118
client id= 0 ,round= 1 ,epoch= 1 ,client update iteration= 310 ,loss= 1.3758829832077026
client id= 0 ,round= 1 ,epoch= 1 ,client update iteration= 320 ,loss= 1.4828944206237793
client id= 0 ,round= 1 ,epoch= 1 ,client update iteration= 330 ,loss= 1.4519627094268799
client id= 0 ,round= 1 ,epoch= 1 ,client update iteration= 340 ,loss= 1.5229988098144531
client id= 0 ,round= 1 ,epoch= 1 ,client update iteration= 350 ,loss= 1.4190164804458618
client id= 0 ,round= 1 ,epoch= 1 ,client update iteration= 360 ,loss= 1.575057864189148
client id= 0 ,round= 1 ,epoch= 1 ,client update iteration= 370 ,loss= 1.3541384935379028
client id= 0 ,round= 1 ,epoch= 1 ,client update iteration= 380 ,loss= 1.3536396026611328
client id= 0 ,round= 1 ,epoch= 1 ,client update iteration= 390 ,loss= 1.5224260091781616
******client id  1 ******
client_update start
client id= 1 ,round= 1 ,epoch= 1 ,client update iteration= 10 ,loss= 2.262582302093506
client id= 1 ,round= 1 ,epoch= 1 ,client update iteration= 20 ,loss= 2.155029535293579
client id= 1 ,round= 1 ,epoch= 1 ,client update iteration= 30 ,loss= 2.187106132507324
client id= 1 ,round= 1 ,epoch= 1 ,client update iteration= 40 ,loss= 2.08929705619812
client id= 1 ,round= 1 ,epoch= 1 ,client update iteration= 50 ,loss= 2.079625368118286
client id= 1 ,round= 1 ,epoch= 1 ,client update iteration= 60 ,loss= 1.8916348218917847
client id= 1 ,round= 1 ,epoch= 1 ,client update iteration= 70 ,loss= 1.7195905447006226
client id= 1 ,round= 1 ,epoch= 1 ,client update iteration= 80 ,loss= 1.8323725461959839
client id= 1 ,round= 1 ,epoch= 1 ,client update iteration= 90 ,loss= 1.7550561428070068
client id= 1 ,round= 1 ,epoch= 1 ,client update iteration= 100 ,loss= 1.7691272497177124
client id= 1 ,round= 1 ,epoch= 1 ,client update iteration= 110 ,loss= 1.651813268661499
client id= 1 ,round= 1 ,epoch= 1 ,client update iteration= 120 ,loss= 1.7699674367904663
client id= 1 ,round= 1 ,epoch= 1 ,client update iteration= 130 ,loss= 1.8366750478744507
client id= 1 ,round= 1 ,epoch= 1 ,client update iteration= 140 ,loss= 1.8364084959030151
client id= 1 ,round= 1 ,epoch= 1 ,client update iteration= 150 ,loss= 1.9574812650680542
client id= 1 ,round= 1 ,epoch= 1 ,client update iteration= 160 ,loss= 1.6413168907165527
client id= 1 ,round= 1 ,epoch= 1 ,client update iteration= 170 ,loss= 1.699479341506958
client id= 1 ,round= 1 ,epoch= 1 ,client update iteration= 180 ,loss= 1.6179615259170532
client id= 1 ,round= 1 ,epoch= 1 ,client update iteration= 190 ,loss= 1.725356101989746
client id= 1 ,round= 1 ,epoch= 1 ,client update iteration= 200 ,loss= 1.6158021688461304
client id= 1 ,round= 1 ,epoch= 1 ,client update iteration= 210 ,loss= 1.6285151243209839
client id= 1 ,round= 1 ,epoch= 1 ,client update iteration= 220 ,loss= 1.506494402885437
client id= 1 ,round= 1 ,epoch= 1 ,client update iteration= 230 ,loss= 1.7498308420181274
client id= 1 ,round= 1 ,epoch= 1 ,client update iteration= 240 ,loss= 1.446597933769226
client id= 1 ,round= 1 ,epoch= 1 ,client update iteration= 250 ,loss= 1.5589126348495483
client id= 1 ,round= 1 ,epoch= 1 ,client update iteration= 260 ,loss= 1.474138855934143
client id= 1 ,round= 1 ,epoch= 1 ,client update iteration= 270 ,loss= 1.512998104095459
client id= 1 ,round= 1 ,epoch= 1 ,client update iteration= 280 ,loss= 1.4710618257522583
client id= 1 ,round= 1 ,epoch= 1 ,client update iteration= 290 ,loss= 1.5346825122833252
client id= 1 ,round= 1 ,epoch= 1 ,client update iteration= 300 ,loss= 1.6073399782180786
client id= 1 ,round= 1 ,epoch= 1 ,client update iteration= 310 ,loss= 1.5140209197998047
client id= 1 ,round= 1 ,epoch= 1 ,client update iteration= 320 ,loss= 1.3701045513153076
client id= 1 ,round= 1 ,epoch= 1 ,client update iteration= 330 ,loss= 1.3305480480194092
client id= 1 ,round= 1 ,epoch= 1 ,client update iteration= 340 ,loss= 1.4885246753692627
client id= 1 ,round= 1 ,epoch= 1 ,client update iteration= 350 ,loss= 1.490767240524292
client id= 1 ,round= 1 ,epoch= 1 ,client update iteration= 360 ,loss= 1.5944057703018188
client id= 1 ,round= 1 ,epoch= 1 ,client update iteration= 370 ,loss= 1.4078279733657837
client id= 1 ,round= 1 ,epoch= 1 ,client update iteration= 380 ,loss= 1.4093421697616577
client id= 1 ,round= 1 ,epoch= 1 ,client update iteration= 390 ,loss= 1.514819622039795
start cal weight time2021-07-01 12:24:50
end cal weight time2021-07-01 12:24:50
layer= 0 ratio= 0.0625
layer= 1 ratio= 0.0625
layer= 2 ratio= 0.0625
layer= 3 ratio= 0.0625
layer= 4 ratio= 0.0625
layer= 5 ratio= 0.0625
layer= 6 ratio= 0.0625
layer= 7 ratio= 0.0625
layer= 8 ratio= 0.0625
layer= 9 ratio= 0.0625
layer= 10 ratio= 0.0625
layer= 11 ratio= 0.0625
layer= 12 ratio= 0.0625
layer= 13 ratio= 0.0625
layer= 14 ratio= 0.0625
layer= 15 ratio= 0.0625
start add noise2021-07-01 12:24:50
end_add_noise_time2021-07-01 12:24:53
start cal weight time2021-07-01 12:24:53
end cal weight time2021-07-01 12:24:53
layer= 0 ratio= 0.0625
layer= 1 ratio= 0.0625
layer= 2 ratio= 0.0625
layer= 3 ratio= 0.0625
layer= 4 ratio= 0.0625
layer= 5 ratio= 0.0625
layer= 6 ratio= 0.0625
layer= 7 ratio= 0.0625
layer= 8 ratio= 0.0625
layer= 9 ratio= 0.0625
layer= 10 ratio= 0.0625
layer= 11 ratio= 0.0625
layer= 12 ratio= 0.0625
layer= 13 ratio= 0.0625
layer= 14 ratio= 0.0625
layer= 15 ratio= 0.0625
start add noise2021-07-01 12:24:53
end_add_noise_time2021-07-01 12:24:57
average train loss= 1.7121103808398137
2021-07-01 12:25:05,round 1,val Accuracy Top1: 22.780000 %
2021-07-01 12:25:05,round 1,val Accuracy Top5: 74.450000 %
******client id  0 ******
client_update start
client id= 0 ,round= 2 ,epoch= 1 ,client update iteration= 10 ,loss= 1.680448055267334
client id= 0 ,round= 2 ,epoch= 1 ,client update iteration= 20 ,loss= 1.6640801429748535
client id= 0 ,round= 2 ,epoch= 1 ,client update iteration= 30 ,loss= 1.7777601480484009
client id= 0 ,round= 2 ,epoch= 1 ,client update iteration= 40 ,loss= 1.6151427030563354
client id= 0 ,round= 2 ,epoch= 1 ,client update iteration= 50 ,loss= 1.7927383184432983
client id= 0 ,round= 2 ,epoch= 1 ,client update iteration= 60 ,loss= 1.4455128908157349
client id= 0 ,round= 2 ,epoch= 1 ,client update iteration= 70 ,loss= 1.3680641651153564
client id= 0 ,round= 2 ,epoch= 1 ,client update iteration= 80 ,loss= 1.3519028425216675
client id= 0 ,round= 2 ,epoch= 1 ,client update iteration= 90 ,loss= 1.2528748512268066
client id= 0 ,round= 2 ,epoch= 1 ,client update iteration= 100 ,loss= 1.3559951782226562
client id= 0 ,round= 2 ,epoch= 1 ,client update iteration= 110 ,loss= 1.252830147743225
client id= 0 ,round= 2 ,epoch= 1 ,client update iteration= 120 ,loss= 1.2330541610717773
client id= 0 ,round= 2 ,epoch= 1 ,client update iteration= 130 ,loss= 1.3474829196929932
client id= 0 ,round= 2 ,epoch= 1 ,client update iteration= 140 ,loss= 1.6157339811325073
client id= 0 ,round= 2 ,epoch= 1 ,client update iteration= 150 ,loss= 1.5284414291381836
client id= 0 ,round= 2 ,epoch= 1 ,client update iteration= 160 ,loss= 1.1525070667266846
client id= 0 ,round= 2 ,epoch= 1 ,client update iteration= 170 ,loss= 1.269471287727356
client id= 0 ,round= 2 ,epoch= 1 ,client update iteration= 180 ,loss= 1.3830267190933228
client id= 0 ,round= 2 ,epoch= 1 ,client update iteration= 190 ,loss= 1.141646146774292
client id= 0 ,round= 2 ,epoch= 1 ,client update iteration= 200 ,loss= 1.351277470588684
client id= 0 ,round= 2 ,epoch= 1 ,client update iteration= 210 ,loss= 1.367392897605896
client id= 0 ,round= 2 ,epoch= 1 ,client update iteration= 220 ,loss= 1.3371772766113281
client id= 0 ,round= 2 ,epoch= 1 ,client update iteration= 230 ,loss= 1.1216341257095337
client id= 0 ,round= 2 ,epoch= 1 ,client update iteration= 240 ,loss= 1.0291157960891724
client id= 0 ,round= 2 ,epoch= 1 ,client update iteration= 250 ,loss= 1.2198572158813477
client id= 0 ,round= 2 ,epoch= 1 ,client update iteration= 260 ,loss= 1.3099597692489624
client id= 0 ,round= 2 ,epoch= 1 ,client update iteration= 270 ,loss= 1.1209157705307007
client id= 0 ,round= 2 ,epoch= 1 ,client update iteration= 280 ,loss= 1.1734012365341187
client id= 0 ,round= 2 ,epoch= 1 ,client update iteration= 290 ,loss= 1.075737476348877
client id= 0 ,round= 2 ,epoch= 1 ,client update iteration= 300 ,loss= 1.2909961938858032
client id= 0 ,round= 2 ,epoch= 1 ,client update iteration= 310 ,loss= 1.488499402999878
client id= 0 ,round= 2 ,epoch= 1 ,client update iteration= 320 ,loss= 1.2610255479812622
client id= 0 ,round= 2 ,epoch= 1 ,client update iteration= 330 ,loss= 1.2104315757751465
client id= 0 ,round= 2 ,epoch= 1 ,client update iteration= 340 ,loss= 0.9849023818969727
client id= 0 ,round= 2 ,epoch= 1 ,client update iteration= 350 ,loss= 1.2534726858139038
client id= 0 ,round= 2 ,epoch= 1 ,client update iteration= 360 ,loss= 1.4344395399093628
client id= 0 ,round= 2 ,epoch= 1 ,client update iteration= 370 ,loss= 1.19496750831604
client id= 0 ,round= 2 ,epoch= 1 ,client update iteration= 380 ,loss= 1.4023191928863525
client id= 0 ,round= 2 ,epoch= 1 ,client update iteration= 390 ,loss= 1.0722512006759644
******client id  1 ******
client_update start
client id= 1 ,round= 2 ,epoch= 1 ,client update iteration= 10 ,loss= 2.1746888160705566
client id= 1 ,round= 2 ,epoch= 1 ,client update iteration= 20 ,loss= 1.8496348857879639
client id= 1 ,round= 2 ,epoch= 1 ,client update iteration= 30 ,loss= 1.6149901151657104
client id= 1 ,round= 2 ,epoch= 1 ,client update iteration= 40 ,loss= 1.4657244682312012
client id= 1 ,round= 2 ,epoch= 1 ,client update iteration= 50 ,loss= 1.6415215730667114
client id= 1 ,round= 2 ,epoch= 1 ,client update iteration= 60 ,loss= 1.44745934009552
client id= 1 ,round= 2 ,epoch= 1 ,client update iteration= 70 ,loss= 1.499294638633728
client id= 1 ,round= 2 ,epoch= 1 ,client update iteration= 80 ,loss= 1.6532870531082153
client id= 1 ,round= 2 ,epoch= 1 ,client update iteration= 90 ,loss= 1.5782690048217773
client id= 1 ,round= 2 ,epoch= 1 ,client update iteration= 100 ,loss= 1.657829761505127
client id= 1 ,round= 2 ,epoch= 1 ,client update iteration= 110 ,loss= 1.3627886772155762
client id= 1 ,round= 2 ,epoch= 1 ,client update iteration= 120 ,loss= 1.1955230236053467
client id= 1 ,round= 2 ,epoch= 1 ,client update iteration= 130 ,loss= 1.3809995651245117
client id= 1 ,round= 2 ,epoch= 1 ,client update iteration= 140 ,loss= 1.3971610069274902
client id= 1 ,round= 2 ,epoch= 1 ,client update iteration= 150 ,loss= 1.3233425617218018
client id= 1 ,round= 2 ,epoch= 1 ,client update iteration= 160 ,loss= 1.2897197008132935
client id= 1 ,round= 2 ,epoch= 1 ,client update iteration= 170 ,loss= 1.4745384454727173
client id= 1 ,round= 2 ,epoch= 1 ,client update iteration= 180 ,loss= 1.3114277124404907
client id= 1 ,round= 2 ,epoch= 1 ,client update iteration= 190 ,loss= 1.1952767372131348
client id= 1 ,round= 2 ,epoch= 1 ,client update iteration= 200 ,loss= 1.3413655757904053
client id= 1 ,round= 2 ,epoch= 1 ,client update iteration= 210 ,loss= 1.244277000427246
client id= 1 ,round= 2 ,epoch= 1 ,client update iteration= 220 ,loss= 1.3092761039733887
client id= 1 ,round= 2 ,epoch= 1 ,client update iteration= 230 ,loss= 1.2470059394836426
client id= 1 ,round= 2 ,epoch= 1 ,client update iteration= 240 ,loss= 1.2231382131576538
client id= 1 ,round= 2 ,epoch= 1 ,client update iteration= 250 ,loss= 1.1524362564086914
client id= 1 ,round= 2 ,epoch= 1 ,client update iteration= 260 ,loss= 1.3115878105163574
client id= 1 ,round= 2 ,epoch= 1 ,client update iteration= 270 ,loss= 1.1740593910217285
client id= 1 ,round= 2 ,epoch= 1 ,client update iteration= 280 ,loss= 1.2395542860031128
client id= 1 ,round= 2 ,epoch= 1 ,client update iteration= 290 ,loss= 1.1071358919143677
client id= 1 ,round= 2 ,epoch= 1 ,client update iteration= 300 ,loss= 1.0425240993499756
client id= 1 ,round= 2 ,epoch= 1 ,client update iteration= 310 ,loss= 1.395581841468811
client id= 1 ,round= 2 ,epoch= 1 ,client update iteration= 320 ,loss= 1.178968906402588
client id= 1 ,round= 2 ,epoch= 1 ,client update iteration= 330 ,loss= 1.2262749671936035
client id= 1 ,round= 2 ,epoch= 1 ,client update iteration= 340 ,loss= 1.12669038772583
client id= 1 ,round= 2 ,epoch= 1 ,client update iteration= 350 ,loss= 1.179517388343811
client id= 1 ,round= 2 ,epoch= 1 ,client update iteration= 360 ,loss= 1.0050309896469116
client id= 1 ,round= 2 ,epoch= 1 ,client update iteration= 370 ,loss= 1.4324076175689697
client id= 1 ,round= 2 ,epoch= 1 ,client update iteration= 380 ,loss= 1.2901004552841187
client id= 1 ,round= 2 ,epoch= 1 ,client update iteration= 390 ,loss= 0.9680761694908142
start cal weight time2021-07-01 12:27:31
end cal weight time2021-07-01 12:27:31
layer= 0 ratio= 0.0625
layer= 1 ratio= 0.0625
layer= 2 ratio= 0.0625
layer= 3 ratio= 0.0625
layer= 4 ratio= 0.0625
layer= 5 ratio= 0.0625
layer= 6 ratio= 0.0625
layer= 7 ratio= 0.0625
layer= 8 ratio= 0.0625
layer= 9 ratio= 0.0625
layer= 10 ratio= 0.0625
layer= 11 ratio= 0.0625
layer= 12 ratio= 0.0625
layer= 13 ratio= 0.0625
layer= 14 ratio= 0.0625
layer= 15 ratio= 0.0625
start add noise2021-07-01 12:27:31
end_add_noise_time2021-07-01 12:27:34
start cal weight time2021-07-01 12:27:34
end cal weight time2021-07-01 12:27:34
layer= 0 ratio= 0.0625
layer= 1 ratio= 0.0625
layer= 2 ratio= 0.0625
layer= 3 ratio= 0.0625
layer= 4 ratio= 0.0625
layer= 5 ratio= 0.0625
layer= 6 ratio= 0.0625
layer= 7 ratio= 0.0625
layer= 8 ratio= 0.0625
layer= 9 ratio= 0.0625
layer= 10 ratio= 0.0625
layer= 11 ratio= 0.0625
layer= 12 ratio= 0.0625
layer= 13 ratio= 0.0625
layer= 14 ratio= 0.0625
layer= 15 ratio= 0.0625
start add noise2021-07-01 12:27:34
end_add_noise_time2021-07-01 12:27:37
average train loss= 1.3556584147998438
2021-07-01 12:27:46,round 2,val Accuracy Top1: 59.520000 %
2021-07-01 12:27:46,round 2,val Accuracy Top5: 95.690000 %
******client id  0 ******
client_update start
client id= 0 ,round= 3 ,epoch= 1 ,client update iteration= 10 ,loss= 1.5315430164337158
client id= 0 ,round= 3 ,epoch= 1 ,client update iteration= 20 ,loss= 1.209131121635437
client id= 0 ,round= 3 ,epoch= 1 ,client update iteration= 30 ,loss= 1.0774071216583252
client id= 0 ,round= 3 ,epoch= 1 ,client update iteration= 40 ,loss= 1.265590786933899
client id= 0 ,round= 3 ,epoch= 1 ,client update iteration= 50 ,loss= 1.3561811447143555
client id= 0 ,round= 3 ,epoch= 1 ,client update iteration= 60 ,loss= 0.8615063428878784
client id= 0 ,round= 3 ,epoch= 1 ,client update iteration= 70 ,loss= 1.070070743560791
client id= 0 ,round= 3 ,epoch= 1 ,client update iteration= 80 ,loss= 1.0296800136566162
client id= 0 ,round= 3 ,epoch= 1 ,client update iteration= 90 ,loss= 1.0005431175231934
client id= 0 ,round= 3 ,epoch= 1 ,client update iteration= 100 ,loss= 1.240676999092102
client id= 0 ,round= 3 ,epoch= 1 ,client update iteration= 110 ,loss= 1.0786290168762207
client id= 0 ,round= 3 ,epoch= 1 ,client update iteration= 120 ,loss= 1.1951360702514648
client id= 0 ,round= 3 ,epoch= 1 ,client update iteration= 130 ,loss= 1.1231799125671387
client id= 0 ,round= 3 ,epoch= 1 ,client update iteration= 140 ,loss= 1.0649601221084595
client id= 0 ,round= 3 ,epoch= 1 ,client update iteration= 150 ,loss= 1.2138029336929321
client id= 0 ,round= 3 ,epoch= 1 ,client update iteration= 160 ,loss= 1.1074411869049072
client id= 0 ,round= 3 ,epoch= 1 ,client update iteration= 170 ,loss= 0.7320002317428589
client id= 0 ,round= 3 ,epoch= 1 ,client update iteration= 180 ,loss= 1.0810743570327759
client id= 0 ,round= 3 ,epoch= 1 ,client update iteration= 190 ,loss= 1.225304126739502
client id= 0 ,round= 3 ,epoch= 1 ,client update iteration= 200 ,loss= 0.7384142279624939
client id= 0 ,round= 3 ,epoch= 1 ,client update iteration= 210 ,loss= 1.1701427698135376
client id= 0 ,round= 3 ,epoch= 1 ,client update iteration= 220 ,loss= 1.0420773029327393
client id= 0 ,round= 3 ,epoch= 1 ,client update iteration= 230 ,loss= 1.094668984413147
client id= 0 ,round= 3 ,epoch= 1 ,client update iteration= 240 ,loss= 0.9450840353965759
client id= 0 ,round= 3 ,epoch= 1 ,client update iteration= 250 ,loss= 1.0796095132827759
client id= 0 ,round= 3 ,epoch= 1 ,client update iteration= 260 ,loss= 0.8812018632888794
client id= 0 ,round= 3 ,epoch= 1 ,client update iteration= 270 ,loss= 1.2062050104141235
client id= 0 ,round= 3 ,epoch= 1 ,client update iteration= 280 ,loss= 1.1622153520584106
client id= 0 ,round= 3 ,epoch= 1 ,client update iteration= 290 ,loss= 0.8270791172981262
client id= 0 ,round= 3 ,epoch= 1 ,client update iteration= 300 ,loss= 0.7489467859268188
client id= 0 ,round= 3 ,epoch= 1 ,client update iteration= 310 ,loss= 0.9319537281990051
client id= 0 ,round= 3 ,epoch= 1 ,client update iteration= 320 ,loss= 1.1098567247390747
client id= 0 ,round= 3 ,epoch= 1 ,client update iteration= 330 ,loss= 0.8091893792152405
client id= 0 ,round= 3 ,epoch= 1 ,client update iteration= 340 ,loss= 0.7776944041252136
client id= 0 ,round= 3 ,epoch= 1 ,client update iteration= 350 ,loss= 1.0690618753433228
client id= 0 ,round= 3 ,epoch= 1 ,client update iteration= 360 ,loss= 1.0904216766357422
client id= 0 ,round= 3 ,epoch= 1 ,client update iteration= 370 ,loss= 0.9497866630554199
client id= 0 ,round= 3 ,epoch= 1 ,client update iteration= 380 ,loss= 0.9588081240653992
client id= 0 ,round= 3 ,epoch= 1 ,client update iteration= 390 ,loss= 0.7555399537086487
******client id  1 ******
client_update start
client id= 1 ,round= 3 ,epoch= 1 ,client update iteration= 10 ,loss= 1.2345911264419556
client id= 1 ,round= 3 ,epoch= 1 ,client update iteration= 20 ,loss= 1.462636113166809
client id= 1 ,round= 3 ,epoch= 1 ,client update iteration= 30 ,loss= 1.1261154413223267
client id= 1 ,round= 3 ,epoch= 1 ,client update iteration= 40 ,loss= 1.2963346242904663
client id= 1 ,round= 3 ,epoch= 1 ,client update iteration= 50 ,loss= 1.0375474691390991
client id= 1 ,round= 3 ,epoch= 1 ,client update iteration= 60 ,loss= 1.113565444946289
client id= 1 ,round= 3 ,epoch= 1 ,client update iteration= 70 ,loss= 1.3010934591293335
client id= 1 ,round= 3 ,epoch= 1 ,client update iteration= 80 ,loss= 1.1942572593688965
client id= 1 ,round= 3 ,epoch= 1 ,client update iteration= 90 ,loss= 1.262498140335083
client id= 1 ,round= 3 ,epoch= 1 ,client update iteration= 100 ,loss= 1.0988359451293945
client id= 1 ,round= 3 ,epoch= 1 ,client update iteration= 110 ,loss= 1.3557467460632324
client id= 1 ,round= 3 ,epoch= 1 ,client update iteration= 120 ,loss= 1.3299822807312012
client id= 1 ,round= 3 ,epoch= 1 ,client update iteration= 130 ,loss= 0.9676072597503662
client id= 1 ,round= 3 ,epoch= 1 ,client update iteration= 140 ,loss= 0.9949482083320618
client id= 1 ,round= 3 ,epoch= 1 ,client update iteration= 150 ,loss= 0.9223752617835999
client id= 1 ,round= 3 ,epoch= 1 ,client update iteration= 160 ,loss= 1.5053478479385376
client id= 1 ,round= 3 ,epoch= 1 ,client update iteration= 170 ,loss= 1.002739667892456
client id= 1 ,round= 3 ,epoch= 1 ,client update iteration= 180 ,loss= 0.8347126841545105
client id= 1 ,round= 3 ,epoch= 1 ,client update iteration= 190 ,loss= 0.8124228119850159
client id= 1 ,round= 3 ,epoch= 1 ,client update iteration= 200 ,loss= 1.0266155004501343
client id= 1 ,round= 3 ,epoch= 1 ,client update iteration= 210 ,loss= 1.1308883428573608
client id= 1 ,round= 3 ,epoch= 1 ,client update iteration= 220 ,loss= 1.1611688137054443
client id= 1 ,round= 3 ,epoch= 1 ,client update iteration= 230 ,loss= 1.2138655185699463
client id= 1 ,round= 3 ,epoch= 1 ,client update iteration= 240 ,loss= 0.9405496716499329
client id= 1 ,round= 3 ,epoch= 1 ,client update iteration= 250 ,loss= 1.0554280281066895
client id= 1 ,round= 3 ,epoch= 1 ,client update iteration= 260 ,loss= 0.8186631798744202
client id= 1 ,round= 3 ,epoch= 1 ,client update iteration= 270 ,loss= 0.879286527633667
client id= 1 ,round= 3 ,epoch= 1 ,client update iteration= 280 ,loss= 1.2766615152359009
client id= 1 ,round= 3 ,epoch= 1 ,client update iteration= 290 ,loss= 0.9781062006950378
client id= 1 ,round= 3 ,epoch= 1 ,client update iteration= 300 ,loss= 1.0873733758926392
client id= 1 ,round= 3 ,epoch= 1 ,client update iteration= 310 ,loss= 0.9140145778656006
client id= 1 ,round= 3 ,epoch= 1 ,client update iteration= 320 ,loss= 1.014900803565979
client id= 1 ,round= 3 ,epoch= 1 ,client update iteration= 330 ,loss= 0.8178911209106445
client id= 1 ,round= 3 ,epoch= 1 ,client update iteration= 340 ,loss= 0.8756781220436096
client id= 1 ,round= 3 ,epoch= 1 ,client update iteration= 350 ,loss= 0.8904110193252563
client id= 1 ,round= 3 ,epoch= 1 ,client update iteration= 360 ,loss= 0.880215048789978
client id= 1 ,round= 3 ,epoch= 1 ,client update iteration= 370 ,loss= 1.322630524635315
client id= 1 ,round= 3 ,epoch= 1 ,client update iteration= 380 ,loss= 0.7503983974456787
client id= 1 ,round= 3 ,epoch= 1 ,client update iteration= 390 ,loss= 1.1747797727584839
start cal weight time2021-07-01 12:30:12
end cal weight time2021-07-01 12:30:12
layer= 0 ratio= 0.0625
layer= 1 ratio= 0.0625
layer= 2 ratio= 0.0625
layer= 3 ratio= 0.0625
layer= 4 ratio= 0.0625
layer= 5 ratio= 0.0625
layer= 6 ratio= 0.0625
layer= 7 ratio= 0.0625
layer= 8 ratio= 0.0625
layer= 9 ratio= 0.0625
layer= 10 ratio= 0.0625
layer= 11 ratio= 0.0625
layer= 12 ratio= 0.0625
layer= 13 ratio= 0.0625
layer= 14 ratio= 0.0625
layer= 15 ratio= 0.0625
start add noise2021-07-01 12:30:12
end_add_noise_time2021-07-01 12:30:15
start cal weight time2021-07-01 12:30:15
end cal weight time2021-07-01 12:30:15
layer= 0 ratio= 0.0625
layer= 1 ratio= 0.0625
layer= 2 ratio= 0.0625
layer= 3 ratio= 0.0625
layer= 4 ratio= 0.0625
layer= 5 ratio= 0.0625
layer= 6 ratio= 0.0625
layer= 7 ratio= 0.0625
layer= 8 ratio= 0.0625
layer= 9 ratio= 0.0625
layer= 10 ratio= 0.0625
layer= 11 ratio= 0.0625
layer= 12 ratio= 0.0625
layer= 13 ratio= 0.0625
layer= 14 ratio= 0.0625
layer= 15 ratio= 0.0625
start add noise2021-07-01 12:30:15
end_add_noise_time2021-07-01 12:30:18
average train loss= 1.0634850981595267
2021-07-01 12:30:27,round 3,val Accuracy Top1: 63.280000 %
2021-07-01 12:30:27,round 3,val Accuracy Top5: 96.730000 %
******client id  0 ******
client_update start
client id= 0 ,round= 4 ,epoch= 1 ,client update iteration= 10 ,loss= 1.3347036838531494
client id= 0 ,round= 4 ,epoch= 1 ,client update iteration= 20 ,loss= 1.2603567838668823
client id= 0 ,round= 4 ,epoch= 1 ,client update iteration= 30 ,loss= 0.9549639821052551
client id= 0 ,round= 4 ,epoch= 1 ,client update iteration= 40 ,loss= 0.9698955416679382
client id= 0 ,round= 4 ,epoch= 1 ,client update iteration= 50 ,loss= 0.8747217655181885
client id= 0 ,round= 4 ,epoch= 1 ,client update iteration= 60 ,loss= 1.0612775087356567
client id= 0 ,round= 4 ,epoch= 1 ,client update iteration= 70 ,loss= 1.0979183912277222
client id= 0 ,round= 4 ,epoch= 1 ,client update iteration= 80 ,loss= 0.9514538049697876
client id= 0 ,round= 4 ,epoch= 1 ,client update iteration= 90 ,loss= 0.9276434779167175
client id= 0 ,round= 4 ,epoch= 1 ,client update iteration= 100 ,loss= 0.9758682250976562
client id= 0 ,round= 4 ,epoch= 1 ,client update iteration= 110 ,loss= 0.9684383869171143
client id= 0 ,round= 4 ,epoch= 1 ,client update iteration= 120 ,loss= 1.1057562828063965
client id= 0 ,round= 4 ,epoch= 1 ,client update iteration= 130 ,loss= 1.1403470039367676
client id= 0 ,round= 4 ,epoch= 1 ,client update iteration= 140 ,loss= 1.1762372255325317
client id= 0 ,round= 4 ,epoch= 1 ,client update iteration= 150 ,loss= 1.0649389028549194
client id= 0 ,round= 4 ,epoch= 1 ,client update iteration= 160 ,loss= 1.0208653211593628
client id= 0 ,round= 4 ,epoch= 1 ,client update iteration= 170 ,loss= 0.8899283409118652
client id= 0 ,round= 4 ,epoch= 1 ,client update iteration= 180 ,loss= 0.6486628651618958
client id= 0 ,round= 4 ,epoch= 1 ,client update iteration= 190 ,loss= 0.723382830619812
client id= 0 ,round= 4 ,epoch= 1 ,client update iteration= 200 ,loss= 0.9496904611587524
client id= 0 ,round= 4 ,epoch= 1 ,client update iteration= 210 ,loss= 0.7039356231689453
client id= 0 ,round= 4 ,epoch= 1 ,client update iteration= 220 ,loss= 1.012812614440918
client id= 0 ,round= 4 ,epoch= 1 ,client update iteration= 230 ,loss= 1.1010278463363647
client id= 0 ,round= 4 ,epoch= 1 ,client update iteration= 240 ,loss= 1.0418592691421509
client id= 0 ,round= 4 ,epoch= 1 ,client update iteration= 250 ,loss= 0.8130343556404114
client id= 0 ,round= 4 ,epoch= 1 ,client update iteration= 260 ,loss= 0.8262606859207153
client id= 0 ,round= 4 ,epoch= 1 ,client update iteration= 270 ,loss= 1.0115079879760742
client id= 0 ,round= 4 ,epoch= 1 ,client update iteration= 280 ,loss= 0.8467441201210022
client id= 0 ,round= 4 ,epoch= 1 ,client update iteration= 290 ,loss= 0.9668447375297546
client id= 0 ,round= 4 ,epoch= 1 ,client update iteration= 300 ,loss= 0.9205774068832397
client id= 0 ,round= 4 ,epoch= 1 ,client update iteration= 310 ,loss= 0.9144267439842224
client id= 0 ,round= 4 ,epoch= 1 ,client update iteration= 320 ,loss= 0.873907208442688
client id= 0 ,round= 4 ,epoch= 1 ,client update iteration= 330 ,loss= 0.9310203194618225
client id= 0 ,round= 4 ,epoch= 1 ,client update iteration= 340 ,loss= 1.0455211400985718
client id= 0 ,round= 4 ,epoch= 1 ,client update iteration= 350 ,loss= 0.8680505752563477
client id= 0 ,round= 4 ,epoch= 1 ,client update iteration= 360 ,loss= 0.8887097239494324
client id= 0 ,round= 4 ,epoch= 1 ,client update iteration= 370 ,loss= 0.8993721008300781
client id= 0 ,round= 4 ,epoch= 1 ,client update iteration= 380 ,loss= 0.7014579176902771
client id= 0 ,round= 4 ,epoch= 1 ,client update iteration= 390 ,loss= 0.891843855381012
******client id  1 ******
client_update start
client id= 1 ,round= 4 ,epoch= 1 ,client update iteration= 10 ,loss= 1.0196808576583862
client id= 1 ,round= 4 ,epoch= 1 ,client update iteration= 20 ,loss= 1.1350616216659546
client id= 1 ,round= 4 ,epoch= 1 ,client update iteration= 30 ,loss= 1.0836119651794434
client id= 1 ,round= 4 ,epoch= 1 ,client update iteration= 40 ,loss= 1.0534141063690186
client id= 1 ,round= 4 ,epoch= 1 ,client update iteration= 50 ,loss= 0.8998562097549438
client id= 1 ,round= 4 ,epoch= 1 ,client update iteration= 60 ,loss= 0.9525898098945618
client id= 1 ,round= 4 ,epoch= 1 ,client update iteration= 70 ,loss= 1.1290123462677002
client id= 1 ,round= 4 ,epoch= 1 ,client update iteration= 80 ,loss= 0.9847044348716736
client id= 1 ,round= 4 ,epoch= 1 ,client update iteration= 90 ,loss= 0.9933143854141235
client id= 1 ,round= 4 ,epoch= 1 ,client update iteration= 100 ,loss= 0.9593673944473267
client id= 1 ,round= 4 ,epoch= 1 ,client update iteration= 110 ,loss= 0.7865200042724609
client id= 1 ,round= 4 ,epoch= 1 ,client update iteration= 120 ,loss= 0.9764225482940674
client id= 1 ,round= 4 ,epoch= 1 ,client update iteration= 130 ,loss= 0.7793038487434387
client id= 1 ,round= 4 ,epoch= 1 ,client update iteration= 140 ,loss= 0.962730884552002
client id= 1 ,round= 4 ,epoch= 1 ,client update iteration= 150 ,loss= 0.9286941885948181
client id= 1 ,round= 4 ,epoch= 1 ,client update iteration= 160 ,loss= 0.8743627071380615
client id= 1 ,round= 4 ,epoch= 1 ,client update iteration= 170 ,loss= 1.1812900304794312
client id= 1 ,round= 4 ,epoch= 1 ,client update iteration= 180 ,loss= 0.8139968514442444
client id= 1 ,round= 4 ,epoch= 1 ,client update iteration= 190 ,loss= 0.9532942175865173
client id= 1 ,round= 4 ,epoch= 1 ,client update iteration= 200 ,loss= 1.0523849725723267
client id= 1 ,round= 4 ,epoch= 1 ,client update iteration= 210 ,loss= 0.7367929220199585
client id= 1 ,round= 4 ,epoch= 1 ,client update iteration= 220 ,loss= 0.9084795117378235
client id= 1 ,round= 4 ,epoch= 1 ,client update iteration= 230 ,loss= 1.1651426553726196
client id= 1 ,round= 4 ,epoch= 1 ,client update iteration= 240 ,loss= 0.9486807584762573
client id= 1 ,round= 4 ,epoch= 1 ,client update iteration= 250 ,loss= 0.9957031607627869
client id= 1 ,round= 4 ,epoch= 1 ,client update iteration= 260 ,loss= 0.911246657371521
client id= 1 ,round= 4 ,epoch= 1 ,client update iteration= 270 ,loss= 0.9602805972099304
client id= 1 ,round= 4 ,epoch= 1 ,client update iteration= 280 ,loss= 0.8749516010284424
client id= 1 ,round= 4 ,epoch= 1 ,client update iteration= 290 ,loss= 0.8916499018669128
client id= 1 ,round= 4 ,epoch= 1 ,client update iteration= 300 ,loss= 0.9748255014419556
client id= 1 ,round= 4 ,epoch= 1 ,client update iteration= 310 ,loss= 0.9919915199279785
client id= 1 ,round= 4 ,epoch= 1 ,client update iteration= 320 ,loss= 0.6777822971343994
client id= 1 ,round= 4 ,epoch= 1 ,client update iteration= 330 ,loss= 0.9254671931266785
client id= 1 ,round= 4 ,epoch= 1 ,client update iteration= 340 ,loss= 0.9504039287567139
client id= 1 ,round= 4 ,epoch= 1 ,client update iteration= 350 ,loss= 0.9010211229324341
client id= 1 ,round= 4 ,epoch= 1 ,client update iteration= 360 ,loss= 0.945772111415863
client id= 1 ,round= 4 ,epoch= 1 ,client update iteration= 370 ,loss= 0.7734399437904358
client id= 1 ,round= 4 ,epoch= 1 ,client update iteration= 380 ,loss= 0.8643404245376587
client id= 1 ,round= 4 ,epoch= 1 ,client update iteration= 390 ,loss= 0.7767362594604492
start cal weight time2021-07-01 12:32:53
end cal weight time2021-07-01 12:32:53
layer= 0 ratio= 0.0625
layer= 1 ratio= 0.0625
layer= 2 ratio= 0.0625
layer= 3 ratio= 0.0625
layer= 4 ratio= 0.0625
layer= 5 ratio= 0.0625
layer= 6 ratio= 0.0625
layer= 7 ratio= 0.0625
layer= 8 ratio= 0.0625
layer= 9 ratio= 0.0625
layer= 10 ratio= 0.0625
layer= 11 ratio= 0.0625
layer= 12 ratio= 0.0625
layer= 13 ratio= 0.0625
layer= 14 ratio= 0.0625
layer= 15 ratio= 0.0625
start add noise2021-07-01 12:32:53
end_add_noise_time2021-07-01 12:32:56
start cal weight time2021-07-01 12:32:56
end cal weight time2021-07-01 12:32:56
layer= 0 ratio= 0.0625
layer= 1 ratio= 0.0625
layer= 2 ratio= 0.0625
layer= 3 ratio= 0.0625
layer= 4 ratio= 0.0625
layer= 5 ratio= 0.0625
layer= 6 ratio= 0.0625
layer= 7 ratio= 0.0625
layer= 8 ratio= 0.0625
layer= 9 ratio= 0.0625
layer= 10 ratio= 0.0625
layer= 11 ratio= 0.0625
layer= 12 ratio= 0.0625
layer= 13 ratio= 0.0625
layer= 14 ratio= 0.0625
layer= 15 ratio= 0.0625
start add noise2021-07-01 12:32:56
end_add_noise_time2021-07-01 12:32:59
average train loss= 0.9388812618792209
2021-07-01 12:33:08,round 4,val Accuracy Top1: 55.850000 %
2021-07-01 12:33:08,round 4,val Accuracy Top5: 95.510000 %
******client id  0 ******
client_update start
client id= 0 ,round= 5 ,epoch= 1 ,client update iteration= 10 ,loss= 1.2054948806762695
client id= 0 ,round= 5 ,epoch= 1 ,client update iteration= 20 ,loss= 1.1313713788986206
client id= 0 ,round= 5 ,epoch= 1 ,client update iteration= 30 ,loss= 1.0959259271621704
client id= 0 ,round= 5 ,epoch= 1 ,client update iteration= 40 ,loss= 1.1686755418777466
client id= 0 ,round= 5 ,epoch= 1 ,client update iteration= 50 ,loss= 1.125887155532837
client id= 0 ,round= 5 ,epoch= 1 ,client update iteration= 60 ,loss= 1.132633924484253
client id= 0 ,round= 5 ,epoch= 1 ,client update iteration= 70 ,loss= 1.09360933303833
client id= 0 ,round= 5 ,epoch= 1 ,client update iteration= 80 ,loss= 1.2680017948150635
client id= 0 ,round= 5 ,epoch= 1 ,client update iteration= 90 ,loss= 1.086622714996338
client id= 0 ,round= 5 ,epoch= 1 ,client update iteration= 100 ,loss= 0.8762999773025513
client id= 0 ,round= 5 ,epoch= 1 ,client update iteration= 110 ,loss= 0.8876649737358093
client id= 0 ,round= 5 ,epoch= 1 ,client update iteration= 120 ,loss= 1.1283423900604248
client id= 0 ,round= 5 ,epoch= 1 ,client update iteration= 130 ,loss= 1.0900779962539673
client id= 0 ,round= 5 ,epoch= 1 ,client update iteration= 140 ,loss= 1.023206353187561
client id= 0 ,round= 5 ,epoch= 1 ,client update iteration= 150 ,loss= 0.9047082662582397
client id= 0 ,round= 5 ,epoch= 1 ,client update iteration= 160 ,loss= 0.768064558506012
client id= 0 ,round= 5 ,epoch= 1 ,client update iteration= 170 ,loss= 0.9772312045097351
client id= 0 ,round= 5 ,epoch= 1 ,client update iteration= 180 ,loss= 1.0048030614852905
client id= 0 ,round= 5 ,epoch= 1 ,client update iteration= 190 ,loss= 1.0003539323806763
client id= 0 ,round= 5 ,epoch= 1 ,client update iteration= 200 ,loss= 1.009216070175171
client id= 0 ,round= 5 ,epoch= 1 ,client update iteration= 210 ,loss= 0.7179093956947327
client id= 0 ,round= 5 ,epoch= 1 ,client update iteration= 220 ,loss= 0.7724106907844543
client id= 0 ,round= 5 ,epoch= 1 ,client update iteration= 230 ,loss= 0.7777398228645325
client id= 0 ,round= 5 ,epoch= 1 ,client update iteration= 240 ,loss= 1.2567408084869385
client id= 0 ,round= 5 ,epoch= 1 ,client update iteration= 250 ,loss= 0.9988905191421509
client id= 0 ,round= 5 ,epoch= 1 ,client update iteration= 260 ,loss= 0.7572385668754578
client id= 0 ,round= 5 ,epoch= 1 ,client update iteration= 270 ,loss= 0.838191568851471
client id= 0 ,round= 5 ,epoch= 1 ,client update iteration= 280 ,loss= 1.1937572956085205
client id= 0 ,round= 5 ,epoch= 1 ,client update iteration= 290 ,loss= 0.942651093006134
client id= 0 ,round= 5 ,epoch= 1 ,client update iteration= 300 ,loss= 0.8420326113700867
client id= 0 ,round= 5 ,epoch= 1 ,client update iteration= 310 ,loss= 0.9641150236129761
client id= 0 ,round= 5 ,epoch= 1 ,client update iteration= 320 ,loss= 0.7353159785270691
client id= 0 ,round= 5 ,epoch= 1 ,client update iteration= 330 ,loss= 1.0013632774353027
client id= 0 ,round= 5 ,epoch= 1 ,client update iteration= 340 ,loss= 0.9289702773094177
client id= 0 ,round= 5 ,epoch= 1 ,client update iteration= 350 ,loss= 0.9665949940681458
client id= 0 ,round= 5 ,epoch= 1 ,client update iteration= 360 ,loss= 0.9655407071113586
client id= 0 ,round= 5 ,epoch= 1 ,client update iteration= 370 ,loss= 0.8504513502120972
client id= 0 ,round= 5 ,epoch= 1 ,client update iteration= 380 ,loss= 0.8135051131248474
client id= 0 ,round= 5 ,epoch= 1 ,client update iteration= 390 ,loss= 1.3472247123718262
******client id  1 ******
client_update start
client id= 1 ,round= 5 ,epoch= 1 ,client update iteration= 10 ,loss= 1.487847924232483
client id= 1 ,round= 5 ,epoch= 1 ,client update iteration= 20 ,loss= 1.1318143606185913
client id= 1 ,round= 5 ,epoch= 1 ,client update iteration= 30 ,loss= 1.4796956777572632
client id= 1 ,round= 5 ,epoch= 1 ,client update iteration= 40 ,loss= 1.011748194694519
client id= 1 ,round= 5 ,epoch= 1 ,client update iteration= 50 ,loss= 1.3417326211929321
client id= 1 ,round= 5 ,epoch= 1 ,client update iteration= 60 ,loss= 1.0885727405548096
client id= 1 ,round= 5 ,epoch= 1 ,client update iteration= 70 ,loss= 1.2239092588424683
client id= 1 ,round= 5 ,epoch= 1 ,client update iteration= 80 ,loss= 1.039224624633789
client id= 1 ,round= 5 ,epoch= 1 ,client update iteration= 90 ,loss= 0.8917213678359985
client id= 1 ,round= 5 ,epoch= 1 ,client update iteration= 100 ,loss= 1.0663974285125732
client id= 1 ,round= 5 ,epoch= 1 ,client update iteration= 110 ,loss= 1.1464955806732178
client id= 1 ,round= 5 ,epoch= 1 ,client update iteration= 120 ,loss= 1.1096335649490356
client id= 1 ,round= 5 ,epoch= 1 ,client update iteration= 130 ,loss= 0.9983294606208801
client id= 1 ,round= 5 ,epoch= 1 ,client update iteration= 140 ,loss= 0.8677261471748352
client id= 1 ,round= 5 ,epoch= 1 ,client update iteration= 150 ,loss= 1.0399373769760132
client id= 1 ,round= 5 ,epoch= 1 ,client update iteration= 160 ,loss= 0.9374949932098389
client id= 1 ,round= 5 ,epoch= 1 ,client update iteration= 170 ,loss= 1.2295466661453247
client id= 1 ,round= 5 ,epoch= 1 ,client update iteration= 180 ,loss= 0.8060022592544556
client id= 1 ,round= 5 ,epoch= 1 ,client update iteration= 190 ,loss= 1.2135915756225586
client id= 1 ,round= 5 ,epoch= 1 ,client update iteration= 200 ,loss= 0.9975266456604004
client id= 1 ,round= 5 ,epoch= 1 ,client update iteration= 210 ,loss= 1.0381343364715576
client id= 1 ,round= 5 ,epoch= 1 ,client update iteration= 220 ,loss= 0.7957167625427246
client id= 1 ,round= 5 ,epoch= 1 ,client update iteration= 230 ,loss= 1.0074856281280518
client id= 1 ,round= 5 ,epoch= 1 ,client update iteration= 240 ,loss= 0.9934628009796143
client id= 1 ,round= 5 ,epoch= 1 ,client update iteration= 250 ,loss= 0.8314353823661804
client id= 1 ,round= 5 ,epoch= 1 ,client update iteration= 260 ,loss= 1.1895442008972168
client id= 1 ,round= 5 ,epoch= 1 ,client update iteration= 270 ,loss= 1.0112242698669434
client id= 1 ,round= 5 ,epoch= 1 ,client update iteration= 280 ,loss= 1.0138193368911743
client id= 1 ,round= 5 ,epoch= 1 ,client update iteration= 290 ,loss= 1.0000808238983154
client id= 1 ,round= 5 ,epoch= 1 ,client update iteration= 300 ,loss= 0.8471648693084717
client id= 1 ,round= 5 ,epoch= 1 ,client update iteration= 310 ,loss= 0.9407826066017151
client id= 1 ,round= 5 ,epoch= 1 ,client update iteration= 320 ,loss= 0.8565575480461121
client id= 1 ,round= 5 ,epoch= 1 ,client update iteration= 330 ,loss= 0.9366247057914734
client id= 1 ,round= 5 ,epoch= 1 ,client update iteration= 340 ,loss= 0.9623968601226807
client id= 1 ,round= 5 ,epoch= 1 ,client update iteration= 350 ,loss= 0.680715799331665
client id= 1 ,round= 5 ,epoch= 1 ,client update iteration= 360 ,loss= 0.7817966341972351
client id= 1 ,round= 5 ,epoch= 1 ,client update iteration= 370 ,loss= 0.873662531375885
client id= 1 ,round= 5 ,epoch= 1 ,client update iteration= 380 ,loss= 0.9426144957542419
client id= 1 ,round= 5 ,epoch= 1 ,client update iteration= 390 ,loss= 0.6806405186653137
start cal weight time2021-07-01 12:35:33
end cal weight time2021-07-01 12:35:33
layer= 0 ratio= 0.0625
layer= 1 ratio= 0.0625
layer= 2 ratio= 0.0625
layer= 3 ratio= 0.0625
layer= 4 ratio= 0.0625
layer= 5 ratio= 0.0625
layer= 6 ratio= 0.0625
layer= 7 ratio= 0.0625
layer= 8 ratio= 0.0625
layer= 9 ratio= 0.0625
layer= 10 ratio= 0.0625
layer= 11 ratio= 0.0625
layer= 12 ratio= 0.0625
layer= 13 ratio= 0.0625
layer= 14 ratio= 0.0625
layer= 15 ratio= 0.0625
start add noise2021-07-01 12:35:33
end_add_noise_time2021-07-01 12:35:37
start cal weight time2021-07-01 12:35:37
end cal weight time2021-07-01 12:35:37
layer= 0 ratio= 0.0625
layer= 1 ratio= 0.0625
layer= 2 ratio= 0.0625
layer= 3 ratio= 0.0625
layer= 4 ratio= 0.0625
layer= 5 ratio= 0.0625
layer= 6 ratio= 0.0625
layer= 7 ratio= 0.0625
layer= 8 ratio= 0.0625
layer= 9 ratio= 0.0625
layer= 10 ratio= 0.0625
layer= 11 ratio= 0.0625
layer= 12 ratio= 0.0625
layer= 13 ratio= 0.0625
layer= 14 ratio= 0.0625
layer= 15 ratio= 0.0625
start add noise2021-07-01 12:35:37
end_add_noise_time2021-07-01 12:35:40
average train loss= 1.0130791965195591
2021-07-01 12:35:49,round 5,val Accuracy Top1: 53.810000 %
2021-07-01 12:35:49,round 5,val Accuracy Top5: 95.620000 %
******client id  0 ******
client_update start
client id= 0 ,round= 6 ,epoch= 1 ,client update iteration= 10 ,loss= 2.016385078430176
client id= 0 ,round= 6 ,epoch= 1 ,client update iteration= 20 ,loss= 1.7729690074920654
client id= 0 ,round= 6 ,epoch= 1 ,client update iteration= 30 ,loss= 1.4334074258804321
client id= 0 ,round= 6 ,epoch= 1 ,client update iteration= 40 ,loss= 1.497591257095337
client id= 0 ,round= 6 ,epoch= 1 ,client update iteration= 50 ,loss= 1.2367933988571167
client id= 0 ,round= 6 ,epoch= 1 ,client update iteration= 60 ,loss= 1.2104915380477905
client id= 0 ,round= 6 ,epoch= 1 ,client update iteration= 70 ,loss= 1.2458988428115845
client id= 0 ,round= 6 ,epoch= 1 ,client update iteration= 80 ,loss= 1.5740432739257812
client id= 0 ,round= 6 ,epoch= 1 ,client update iteration= 90 ,loss= 1.176314353942871
client id= 0 ,round= 6 ,epoch= 1 ,client update iteration= 100 ,loss= 1.1353046894073486
client id= 0 ,round= 6 ,epoch= 1 ,client update iteration= 110 ,loss= 1.6837618350982666
client id= 0 ,round= 6 ,epoch= 1 ,client update iteration= 120 ,loss= 1.6451177597045898
client id= 0 ,round= 6 ,epoch= 1 ,client update iteration= 130 ,loss= 1.2329089641571045
client id= 0 ,round= 6 ,epoch= 1 ,client update iteration= 140 ,loss= 1.3853425979614258
client id= 0 ,round= 6 ,epoch= 1 ,client update iteration= 150 ,loss= 1.3653405904769897
client id= 0 ,round= 6 ,epoch= 1 ,client update iteration= 160 ,loss= 1.3375918865203857
client id= 0 ,round= 6 ,epoch= 1 ,client update iteration= 170 ,loss= 1.2497875690460205
client id= 0 ,round= 6 ,epoch= 1 ,client update iteration= 180 ,loss= 0.9451114535331726
client id= 0 ,round= 6 ,epoch= 1 ,client update iteration= 190 ,loss= 0.9114117622375488
client id= 0 ,round= 6 ,epoch= 1 ,client update iteration= 200 ,loss= 1.051027774810791
client id= 0 ,round= 6 ,epoch= 1 ,client update iteration= 210 ,loss= 1.1127963066101074
client id= 0 ,round= 6 ,epoch= 1 ,client update iteration= 220 ,loss= 0.952932596206665
client id= 0 ,round= 6 ,epoch= 1 ,client update iteration= 230 ,loss= 1.1944150924682617
client id= 0 ,round= 6 ,epoch= 1 ,client update iteration= 240 ,loss= 1.1167155504226685
client id= 0 ,round= 6 ,epoch= 1 ,client update iteration= 250 ,loss= 0.9616489410400391
client id= 0 ,round= 6 ,epoch= 1 ,client update iteration= 260 ,loss= 0.7873204946517944
client id= 0 ,round= 6 ,epoch= 1 ,client update iteration= 270 ,loss= 1.0302529335021973
client id= 0 ,round= 6 ,epoch= 1 ,client update iteration= 280 ,loss= 0.7826038599014282
client id= 0 ,round= 6 ,epoch= 1 ,client update iteration= 290 ,loss= 0.7343911528587341
client id= 0 ,round= 6 ,epoch= 1 ,client update iteration= 300 ,loss= 1.1566102504730225
client id= 0 ,round= 6 ,epoch= 1 ,client update iteration= 310 ,loss= 0.9331859946250916
client id= 0 ,round= 6 ,epoch= 1 ,client update iteration= 320 ,loss= 0.8093456625938416
client id= 0 ,round= 6 ,epoch= 1 ,client update iteration= 330 ,loss= 0.8725552558898926
client id= 0 ,round= 6 ,epoch= 1 ,client update iteration= 340 ,loss= 1.0727834701538086
client id= 0 ,round= 6 ,epoch= 1 ,client update iteration= 350 ,loss= 1.0253009796142578
client id= 0 ,round= 6 ,epoch= 1 ,client update iteration= 360 ,loss= 0.9604494571685791
client id= 0 ,round= 6 ,epoch= 1 ,client update iteration= 370 ,loss= 0.7560984492301941
client id= 0 ,round= 6 ,epoch= 1 ,client update iteration= 380 ,loss= 1.1007332801818848
client id= 0 ,round= 6 ,epoch= 1 ,client update iteration= 390 ,loss= 0.9456064701080322
******client id  1 ******
client_update start
client id= 1 ,round= 6 ,epoch= 1 ,client update iteration= 10 ,loss= 2.1871705055236816
client id= 1 ,round= 6 ,epoch= 1 ,client update iteration= 20 ,loss= 1.9589236974716187
client id= 1 ,round= 6 ,epoch= 1 ,client update iteration= 30 ,loss= 1.925896167755127
client id= 1 ,round= 6 ,epoch= 1 ,client update iteration= 40 ,loss= 1.6643160581588745
client id= 1 ,round= 6 ,epoch= 1 ,client update iteration= 50 ,loss= 1.6770893335342407
client id= 1 ,round= 6 ,epoch= 1 ,client update iteration= 60 ,loss= 1.376205325126648
client id= 1 ,round= 6 ,epoch= 1 ,client update iteration= 70 ,loss= 1.3465087413787842
client id= 1 ,round= 6 ,epoch= 1 ,client update iteration= 80 ,loss= 1.1524611711502075
client id= 1 ,round= 6 ,epoch= 1 ,client update iteration= 90 ,loss= 1.565839171409607
client id= 1 ,round= 6 ,epoch= 1 ,client update iteration= 100 ,loss= 1.2650734186172485
client id= 1 ,round= 6 ,epoch= 1 ,client update iteration= 110 ,loss= 1.1759570837020874
client id= 1 ,round= 6 ,epoch= 1 ,client update iteration= 120 ,loss= 1.0747379064559937
client id= 1 ,round= 6 ,epoch= 1 ,client update iteration= 130 ,loss= 0.9179500937461853
client id= 1 ,round= 6 ,epoch= 1 ,client update iteration= 140 ,loss= 1.686613917350769
client id= 1 ,round= 6 ,epoch= 1 ,client update iteration= 150 ,loss= 1.3706319332122803
client id= 1 ,round= 6 ,epoch= 1 ,client update iteration= 160 ,loss= 1.059391975402832
client id= 1 ,round= 6 ,epoch= 1 ,client update iteration= 170 ,loss= 1.0679781436920166
client id= 1 ,round= 6 ,epoch= 1 ,client update iteration= 180 ,loss= 0.9069088101387024
client id= 1 ,round= 6 ,epoch= 1 ,client update iteration= 190 ,loss= 1.0901918411254883
client id= 1 ,round= 6 ,epoch= 1 ,client update iteration= 200 ,loss= 1.0660254955291748
client id= 1 ,round= 6 ,epoch= 1 ,client update iteration= 210 ,loss= 1.2220124006271362
client id= 1 ,round= 6 ,epoch= 1 ,client update iteration= 220 ,loss= 1.270445466041565
client id= 1 ,round= 6 ,epoch= 1 ,client update iteration= 230 ,loss= 1.1058712005615234
client id= 1 ,round= 6 ,epoch= 1 ,client update iteration= 240 ,loss= 1.580527663230896
client id= 1 ,round= 6 ,epoch= 1 ,client update iteration= 250 ,loss= 0.965315580368042
client id= 1 ,round= 6 ,epoch= 1 ,client update iteration= 260 ,loss= 1.219161033630371
client id= 1 ,round= 6 ,epoch= 1 ,client update iteration= 270 ,loss= 0.9986225366592407
client id= 1 ,round= 6 ,epoch= 1 ,client update iteration= 280 ,loss= 1.5781363248825073
client id= 1 ,round= 6 ,epoch= 1 ,client update iteration= 290 ,loss= 1.2052305936813354
client id= 1 ,round= 6 ,epoch= 1 ,client update iteration= 300 ,loss= 1.1520812511444092
client id= 1 ,round= 6 ,epoch= 1 ,client update iteration= 310 ,loss= 1.0622224807739258
client id= 1 ,round= 6 ,epoch= 1 ,client update iteration= 320 ,loss= 1.2840968370437622
client id= 1 ,round= 6 ,epoch= 1 ,client update iteration= 330 ,loss= 1.084398865699768
client id= 1 ,round= 6 ,epoch= 1 ,client update iteration= 340 ,loss= 1.2118644714355469
client id= 1 ,round= 6 ,epoch= 1 ,client update iteration= 350 ,loss= 1.1718477010726929
client id= 1 ,round= 6 ,epoch= 1 ,client update iteration= 360 ,loss= 0.9674943685531616
client id= 1 ,round= 6 ,epoch= 1 ,client update iteration= 370 ,loss= 0.8194385170936584
client id= 1 ,round= 6 ,epoch= 1 ,client update iteration= 380 ,loss= 1.2338263988494873
client id= 1 ,round= 6 ,epoch= 1 ,client update iteration= 390 ,loss= 1.1787124872207642
start cal weight time2021-07-01 12:38:14
end cal weight time2021-07-01 12:38:14
layer= 0 ratio= 0.0625
layer= 1 ratio= 0.0625
layer= 2 ratio= 0.0625
layer= 3 ratio= 0.0625
layer= 4 ratio= 0.0625
layer= 5 ratio= 0.0625
layer= 6 ratio= 0.0625
layer= 7 ratio= 0.0625
layer= 8 ratio= 0.0625
layer= 9 ratio= 0.0625
layer= 10 ratio= 0.0625
layer= 11 ratio= 0.0625
layer= 12 ratio= 0.0625
layer= 13 ratio= 0.0625
layer= 14 ratio= 0.0625
layer= 15 ratio= 0.0625
start add noise2021-07-01 12:38:14
end_add_noise_time2021-07-01 12:38:17
start cal weight time2021-07-01 12:38:17
end cal weight time2021-07-01 12:38:17
layer= 0 ratio= 0.0625
layer= 1 ratio= 0.0625
layer= 2 ratio= 0.0625
layer= 3 ratio= 0.0625
layer= 4 ratio= 0.0625
layer= 5 ratio= 0.0625
layer= 6 ratio= 0.0625
layer= 7 ratio= 0.0625
layer= 8 ratio= 0.0625
layer= 9 ratio= 0.0625
layer= 10 ratio= 0.0625
layer= 11 ratio= 0.0625
layer= 12 ratio= 0.0625
layer= 13 ratio= 0.0625
layer= 14 ratio= 0.0625
layer= 15 ratio= 0.0625
start add noise2021-07-01 12:38:17
end_add_noise_time2021-07-01 12:38:21
average train loss= 1.263937152483884
2021-07-01 12:38:30,round 6,val Accuracy Top1: 37.860000 %
2021-07-01 12:38:30,round 6,val Accuracy Top5: 88.230000 %
******client id  0 ******
client_update start
client id= 0 ,round= 7 ,epoch= 1 ,client update iteration= 10 ,loss= 2.1626408100128174
client id= 0 ,round= 7 ,epoch= 1 ,client update iteration= 20 ,loss= 2.0869369506835938
client id= 0 ,round= 7 ,epoch= 1 ,client update iteration= 30 ,loss= 2.021643877029419
client id= 0 ,round= 7 ,epoch= 1 ,client update iteration= 40 ,loss= 1.9666928052902222
client id= 0 ,round= 7 ,epoch= 1 ,client update iteration= 50 ,loss= 1.8594114780426025
client id= 0 ,round= 7 ,epoch= 1 ,client update iteration= 60 ,loss= 1.650274634361267
client id= 0 ,round= 7 ,epoch= 1 ,client update iteration= 70 ,loss= 1.7649204730987549
client id= 0 ,round= 7 ,epoch= 1 ,client update iteration= 80 ,loss= 1.4750884771347046
client id= 0 ,round= 7 ,epoch= 1 ,client update iteration= 90 ,loss= 1.7666831016540527
client id= 0 ,round= 7 ,epoch= 1 ,client update iteration= 100 ,loss= 1.734628677368164
client id= 0 ,round= 7 ,epoch= 1 ,client update iteration= 110 ,loss= 1.8007922172546387
client id= 0 ,round= 7 ,epoch= 1 ,client update iteration= 120 ,loss= 1.603430986404419
client id= 0 ,round= 7 ,epoch= 1 ,client update iteration= 130 ,loss= 1.4105490446090698
client id= 0 ,round= 7 ,epoch= 1 ,client update iteration= 140 ,loss= 1.357123851776123
client id= 0 ,round= 7 ,epoch= 1 ,client update iteration= 150 ,loss= 1.5015408992767334
client id= 0 ,round= 7 ,epoch= 1 ,client update iteration= 160 ,loss= 1.5068237781524658
client id= 0 ,round= 7 ,epoch= 1 ,client update iteration= 170 ,loss= 1.6399579048156738
client id= 0 ,round= 7 ,epoch= 1 ,client update iteration= 180 ,loss= 1.4042874574661255
client id= 0 ,round= 7 ,epoch= 1 ,client update iteration= 190 ,loss= 1.363053560256958
client id= 0 ,round= 7 ,epoch= 1 ,client update iteration= 200 ,loss= 1.3642401695251465
client id= 0 ,round= 7 ,epoch= 1 ,client update iteration= 210 ,loss= 1.2922340631484985
client id= 0 ,round= 7 ,epoch= 1 ,client update iteration= 220 ,loss= 1.4695204496383667
client id= 0 ,round= 7 ,epoch= 1 ,client update iteration= 230 ,loss= 1.4483177661895752
client id= 0 ,round= 7 ,epoch= 1 ,client update iteration= 240 ,loss= 1.4085878133773804
client id= 0 ,round= 7 ,epoch= 1 ,client update iteration= 250 ,loss= 1.2051706314086914
client id= 0 ,round= 7 ,epoch= 1 ,client update iteration= 260 ,loss= 1.2742946147918701
client id= 0 ,round= 7 ,epoch= 1 ,client update iteration= 270 ,loss= 1.2764370441436768
client id= 0 ,round= 7 ,epoch= 1 ,client update iteration= 280 ,loss= 1.2487951517105103
client id= 0 ,round= 7 ,epoch= 1 ,client update iteration= 290 ,loss= 1.2237240076065063
client id= 0 ,round= 7 ,epoch= 1 ,client update iteration= 300 ,loss= 1.3418432474136353
client id= 0 ,round= 7 ,epoch= 1 ,client update iteration= 310 ,loss= 1.135489583015442
client id= 0 ,round= 7 ,epoch= 1 ,client update iteration= 320 ,loss= 1.5040754079818726
client id= 0 ,round= 7 ,epoch= 1 ,client update iteration= 330 ,loss= 1.3127118349075317
client id= 0 ,round= 7 ,epoch= 1 ,client update iteration= 340 ,loss= 1.0144860744476318
client id= 0 ,round= 7 ,epoch= 1 ,client update iteration= 350 ,loss= 1.342697262763977
client id= 0 ,round= 7 ,epoch= 1 ,client update iteration= 360 ,loss= 1.2728103399276733
client id= 0 ,round= 7 ,epoch= 1 ,client update iteration= 370 ,loss= 1.1001132726669312
client id= 0 ,round= 7 ,epoch= 1 ,client update iteration= 380 ,loss= 1.3258121013641357
client id= 0 ,round= 7 ,epoch= 1 ,client update iteration= 390 ,loss= 1.4103277921676636
******client id  1 ******
client_update start
client id= 1 ,round= 7 ,epoch= 1 ,client update iteration= 10 ,loss= 2.117891311645508
client id= 1 ,round= 7 ,epoch= 1 ,client update iteration= 20 ,loss= 2.1362218856811523
client id= 1 ,round= 7 ,epoch= 1 ,client update iteration= 30 ,loss= 2.2285666465759277
client id= 1 ,round= 7 ,epoch= 1 ,client update iteration= 40 ,loss= 1.9968361854553223
client id= 1 ,round= 7 ,epoch= 1 ,client update iteration= 50 ,loss= 1.7298390865325928
client id= 1 ,round= 7 ,epoch= 1 ,client update iteration= 60 ,loss= 2.0040485858917236
client id= 1 ,round= 7 ,epoch= 1 ,client update iteration= 70 ,loss= 1.8011398315429688
client id= 1 ,round= 7 ,epoch= 1 ,client update iteration= 80 ,loss= 1.9776495695114136
client id= 1 ,round= 7 ,epoch= 1 ,client update iteration= 90 ,loss= 1.8117334842681885
client id= 1 ,round= 7 ,epoch= 1 ,client update iteration= 100 ,loss= 1.7321349382400513
client id= 1 ,round= 7 ,epoch= 1 ,client update iteration= 110 ,loss= 2.015991687774658
client id= 1 ,round= 7 ,epoch= 1 ,client update iteration= 120 ,loss= 1.5899602174758911
client id= 1 ,round= 7 ,epoch= 1 ,client update iteration= 130 ,loss= 1.683671474456787
client id= 1 ,round= 7 ,epoch= 1 ,client update iteration= 140 ,loss= 1.6999439001083374
client id= 1 ,round= 7 ,epoch= 1 ,client update iteration= 150 ,loss= 1.8897987604141235
client id= 1 ,round= 7 ,epoch= 1 ,client update iteration= 160 ,loss= 1.6647534370422363
client id= 1 ,round= 7 ,epoch= 1 ,client update iteration= 170 ,loss= 1.6773245334625244
client id= 1 ,round= 7 ,epoch= 1 ,client update iteration= 180 ,loss= 1.5492489337921143
client id= 1 ,round= 7 ,epoch= 1 ,client update iteration= 190 ,loss= 1.521599292755127
client id= 1 ,round= 7 ,epoch= 1 ,client update iteration= 200 ,loss= 1.281569242477417
client id= 1 ,round= 7 ,epoch= 1 ,client update iteration= 210 ,loss= 1.3628023862838745
client id= 1 ,round= 7 ,epoch= 1 ,client update iteration= 220 ,loss= 1.608402967453003
client id= 1 ,round= 7 ,epoch= 1 ,client update iteration= 230 ,loss= 1.284500002861023
client id= 1 ,round= 7 ,epoch= 1 ,client update iteration= 240 ,loss= 1.2152979373931885
client id= 1 ,round= 7 ,epoch= 1 ,client update iteration= 250 ,loss= 1.1762526035308838
client id= 1 ,round= 7 ,epoch= 1 ,client update iteration= 260 ,loss= 1.3746718168258667
client id= 1 ,round= 7 ,epoch= 1 ,client update iteration= 270 ,loss= 1.3667266368865967
client id= 1 ,round= 7 ,epoch= 1 ,client update iteration= 280 ,loss= 1.374987006187439
client id= 1 ,round= 7 ,epoch= 1 ,client update iteration= 290 ,loss= 1.4253123998641968
client id= 1 ,round= 7 ,epoch= 1 ,client update iteration= 300 ,loss= 1.2738271951675415
client id= 1 ,round= 7 ,epoch= 1 ,client update iteration= 310 ,loss= 1.1800622940063477
client id= 1 ,round= 7 ,epoch= 1 ,client update iteration= 320 ,loss= 1.4172338247299194
client id= 1 ,round= 7 ,epoch= 1 ,client update iteration= 330 ,loss= 1.5003868341445923
client id= 1 ,round= 7 ,epoch= 1 ,client update iteration= 340 ,loss= 1.771672010421753
client id= 1 ,round= 7 ,epoch= 1 ,client update iteration= 350 ,loss= 1.2800761461257935
client id= 1 ,round= 7 ,epoch= 1 ,client update iteration= 360 ,loss= 1.3209404945373535
client id= 1 ,round= 7 ,epoch= 1 ,client update iteration= 370 ,loss= 1.3817998170852661
client id= 1 ,round= 7 ,epoch= 1 ,client update iteration= 380 ,loss= 1.1093499660491943
client id= 1 ,round= 7 ,epoch= 1 ,client update iteration= 390 ,loss= 1.1078064441680908
start cal weight time2021-07-01 12:40:54
end cal weight time2021-07-01 12:40:54
layer= 0 ratio= 0.0625
layer= 1 ratio= 0.0625
layer= 2 ratio= 0.0625
layer= 3 ratio= 0.0625
layer= 4 ratio= 0.0625
layer= 5 ratio= 0.0625
layer= 6 ratio= 0.0625
layer= 7 ratio= 0.0625
layer= 8 ratio= 0.0625
layer= 9 ratio= 0.0625
layer= 10 ratio= 0.0625
layer= 11 ratio= 0.0625
layer= 12 ratio= 0.0625
layer= 13 ratio= 0.0625
layer= 14 ratio= 0.0625
layer= 15 ratio= 0.0625
start add noise2021-07-01 12:40:54
end_add_noise_time2021-07-01 12:40:58
start cal weight time2021-07-01 12:40:58
end cal weight time2021-07-01 12:40:58
layer= 0 ratio= 0.0625
layer= 1 ratio= 0.0625
layer= 2 ratio= 0.0625
layer= 3 ratio= 0.0625
layer= 4 ratio= 0.0625
layer= 5 ratio= 0.0625
layer= 6 ratio= 0.0625
layer= 7 ratio= 0.0625
layer= 8 ratio= 0.0625
layer= 9 ratio= 0.0625
layer= 10 ratio= 0.0625
layer= 11 ratio= 0.0625
layer= 12 ratio= 0.0625
layer= 13 ratio= 0.0625
layer= 14 ratio= 0.0625
layer= 15 ratio= 0.0625
start add noise2021-07-01 12:40:58
end_add_noise_time2021-07-01 12:41:01
average train loss= 1.5500921369970913
2021-07-01 12:41:10,round 7,val Accuracy Top1: 26.320000 %
2021-07-01 12:41:10,round 7,val Accuracy Top5: 77.050000 %
******client id  0 ******
client_update start
client id= 0 ,round= 8 ,epoch= 1 ,client update iteration= 10 ,loss= 2.208984851837158
client id= 0 ,round= 8 ,epoch= 1 ,client update iteration= 20 ,loss= 2.278287410736084
client id= 0 ,round= 8 ,epoch= 1 ,client update iteration= 30 ,loss= 2.093550205230713
client id= 0 ,round= 8 ,epoch= 1 ,client update iteration= 40 ,loss= 2.3335208892822266
client id= 0 ,round= 8 ,epoch= 1 ,client update iteration= 50 ,loss= 2.1364269256591797
client id= 0 ,round= 8 ,epoch= 1 ,client update iteration= 60 ,loss= 2.2890310287475586
client id= 0 ,round= 8 ,epoch= 1 ,client update iteration= 70 ,loss= 2.151362180709839
client id= 0 ,round= 8 ,epoch= 1 ,client update iteration= 80 ,loss= 2.202812671661377
client id= 0 ,round= 8 ,epoch= 1 ,client update iteration= 90 ,loss= 2.0500526428222656
client id= 0 ,round= 8 ,epoch= 1 ,client update iteration= 100 ,loss= 2.0127792358398438
client id= 0 ,round= 8 ,epoch= 1 ,client update iteration= 110 ,loss= 2.272273302078247
client id= 0 ,round= 8 ,epoch= 1 ,client update iteration= 120 ,loss= 2.0017805099487305
client id= 0 ,round= 8 ,epoch= 1 ,client update iteration= 130 ,loss= 2.4005744457244873
client id= 0 ,round= 8 ,epoch= 1 ,client update iteration= 140 ,loss= 2.0735647678375244
client id= 0 ,round= 8 ,epoch= 1 ,client update iteration= 150 ,loss= 2.1010520458221436
client id= 0 ,round= 8 ,epoch= 1 ,client update iteration= 160 ,loss= 1.9865583181381226
client id= 0 ,round= 8 ,epoch= 1 ,client update iteration= 170 ,loss= 1.977961540222168
client id= 0 ,round= 8 ,epoch= 1 ,client update iteration= 180 ,loss= 2.0193395614624023
client id= 0 ,round= 8 ,epoch= 1 ,client update iteration= 190 ,loss= 1.8237134218215942
client id= 0 ,round= 8 ,epoch= 1 ,client update iteration= 200 ,loss= 2.1355574131011963
client id= 0 ,round= 8 ,epoch= 1 ,client update iteration= 210 ,loss= 1.9450174570083618
client id= 0 ,round= 8 ,epoch= 1 ,client update iteration= 220 ,loss= 1.9141671657562256
client id= 0 ,round= 8 ,epoch= 1 ,client update iteration= 230 ,loss= 1.9888097047805786
client id= 0 ,round= 8 ,epoch= 1 ,client update iteration= 240 ,loss= 2.031212329864502
client id= 0 ,round= 8 ,epoch= 1 ,client update iteration= 250 ,loss= 1.9150112867355347
client id= 0 ,round= 8 ,epoch= 1 ,client update iteration= 260 ,loss= 1.987837314605713
client id= 0 ,round= 8 ,epoch= 1 ,client update iteration= 270 ,loss= 1.8695294857025146
client id= 0 ,round= 8 ,epoch= 1 ,client update iteration= 280 ,loss= 1.9742430448532104
client id= 0 ,round= 8 ,epoch= 1 ,client update iteration= 290 ,loss= 1.9318995475769043
client id= 0 ,round= 8 ,epoch= 1 ,client update iteration= 300 ,loss= 2.067445755004883
client id= 0 ,round= 8 ,epoch= 1 ,client update iteration= 310 ,loss= 1.8800857067108154
client id= 0 ,round= 8 ,epoch= 1 ,client update iteration= 320 ,loss= 1.8281924724578857
client id= 0 ,round= 8 ,epoch= 1 ,client update iteration= 330 ,loss= 1.8011642694473267
client id= 0 ,round= 8 ,epoch= 1 ,client update iteration= 340 ,loss= 1.8140965700149536
client id= 0 ,round= 8 ,epoch= 1 ,client update iteration= 350 ,loss= 1.6681455373764038
client id= 0 ,round= 8 ,epoch= 1 ,client update iteration= 360 ,loss= 1.8012912273406982
client id= 0 ,round= 8 ,epoch= 1 ,client update iteration= 370 ,loss= 2.018951416015625
client id= 0 ,round= 8 ,epoch= 1 ,client update iteration= 380 ,loss= 1.9270817041397095
client id= 0 ,round= 8 ,epoch= 1 ,client update iteration= 390 ,loss= 1.8074493408203125
******client id  1 ******
client_update start
client id= 1 ,round= 8 ,epoch= 1 ,client update iteration= 10 ,loss= 2.4521243572235107
client id= 1 ,round= 8 ,epoch= 1 ,client update iteration= 20 ,loss= 2.3273606300354004
client id= 1 ,round= 8 ,epoch= 1 ,client update iteration= 30 ,loss= 2.2372331619262695
client id= 1 ,round= 8 ,epoch= 1 ,client update iteration= 40 ,loss= 2.3039193153381348
client id= 1 ,round= 8 ,epoch= 1 ,client update iteration= 50 ,loss= 2.291879653930664
client id= 1 ,round= 8 ,epoch= 1 ,client update iteration= 60 ,loss= 2.3150181770324707
client id= 1 ,round= 8 ,epoch= 1 ,client update iteration= 70 ,loss= 2.301252841949463
client id= 1 ,round= 8 ,epoch= 1 ,client update iteration= 80 ,loss= 2.2915542125701904
client id= 1 ,round= 8 ,epoch= 1 ,client update iteration= 90 ,loss= 2.2591729164123535
client id= 1 ,round= 8 ,epoch= 1 ,client update iteration= 100 ,loss= 2.3036725521087646
client id= 1 ,round= 8 ,epoch= 1 ,client update iteration= 110 ,loss= 2.361314058303833
client id= 1 ,round= 8 ,epoch= 1 ,client update iteration= 120 ,loss= 2.3168203830718994
client id= 1 ,round= 8 ,epoch= 1 ,client update iteration= 130 ,loss= 2.2784693241119385
client id= 1 ,round= 8 ,epoch= 1 ,client update iteration= 140 ,loss= 2.289461612701416
client id= 1 ,round= 8 ,epoch= 1 ,client update iteration= 150 ,loss= 2.3081681728363037
client id= 1 ,round= 8 ,epoch= 1 ,client update iteration= 160 ,loss= 2.3097546100616455
client id= 1 ,round= 8 ,epoch= 1 ,client update iteration= 170 ,loss= 2.2771828174591064
client id= 1 ,round= 8 ,epoch= 1 ,client update iteration= 180 ,loss= 2.320486545562744
client id= 1 ,round= 8 ,epoch= 1 ,client update iteration= 190 ,loss= 2.2961249351501465
client id= 1 ,round= 8 ,epoch= 1 ,client update iteration= 200 ,loss= 2.302323818206787
client id= 1 ,round= 8 ,epoch= 1 ,client update iteration= 210 ,loss= 2.3411264419555664
client id= 1 ,round= 8 ,epoch= 1 ,client update iteration= 220 ,loss= 2.3072304725646973
client id= 1 ,round= 8 ,epoch= 1 ,client update iteration= 230 ,loss= 2.316596746444702
client id= 1 ,round= 8 ,epoch= 1 ,client update iteration= 240 ,loss= 2.3267269134521484
client id= 1 ,round= 8 ,epoch= 1 ,client update iteration= 250 ,loss= 2.276315212249756
client id= 1 ,round= 8 ,epoch= 1 ,client update iteration= 260 ,loss= 2.3118882179260254
client id= 1 ,round= 8 ,epoch= 1 ,client update iteration= 270 ,loss= 2.3323299884796143
client id= 1 ,round= 8 ,epoch= 1 ,client update iteration= 280 ,loss= 2.314976930618286
client id= 1 ,round= 8 ,epoch= 1 ,client update iteration= 290 ,loss= 2.285921096801758
client id= 1 ,round= 8 ,epoch= 1 ,client update iteration= 300 ,loss= 2.307065963745117
client id= 1 ,round= 8 ,epoch= 1 ,client update iteration= 310 ,loss= 2.308121681213379
client id= 1 ,round= 8 ,epoch= 1 ,client update iteration= 320 ,loss= 2.3324100971221924
client id= 1 ,round= 8 ,epoch= 1 ,client update iteration= 330 ,loss= 3.444626808166504
client id= 1 ,round= 8 ,epoch= 1 ,client update iteration= 340 ,loss= 2.3217966556549072
client id= 1 ,round= 8 ,epoch= 1 ,client update iteration= 350 ,loss= 2.3316564559936523
client id= 1 ,round= 8 ,epoch= 1 ,client update iteration= 360 ,loss= 2.2803845405578613
client id= 1 ,round= 8 ,epoch= 1 ,client update iteration= 370 ,loss= 2.333425283432007
client id= 1 ,round= 8 ,epoch= 1 ,client update iteration= 380 ,loss= 2.3085989952087402
client id= 1 ,round= 8 ,epoch= 1 ,client update iteration= 390 ,loss= 2.2967047691345215
start cal weight time2021-07-01 12:43:34
end cal weight time2021-07-01 12:43:34
layer= 0 ratio= 0.0625
layer= 1 ratio= 0.0625
layer= 2 ratio= 0.0625
layer= 3 ratio= 0.0625
layer= 4 ratio= 0.0625
layer= 5 ratio= 0.0625
layer= 6 ratio= 0.0625
layer= 7 ratio= 0.0625
layer= 8 ratio= 0.0625
layer= 9 ratio= 0.0625
layer= 10 ratio= 0.0625
layer= 11 ratio= 0.0625
layer= 12 ratio= 0.0625
layer= 13 ratio= 0.0625
layer= 14 ratio= 0.0625
layer= 15 ratio= 0.0625
start add noise2021-07-01 12:43:34
end_add_noise_time2021-07-01 12:43:38
start cal weight time2021-07-01 12:43:38
end cal weight time2021-07-01 12:43:38
layer= 0 ratio= 0.0625
layer= 1 ratio= 0.0625
layer= 2 ratio= 0.0625
layer= 3 ratio= 0.0625
layer= 4 ratio= 0.0625
layer= 5 ratio= 0.0625
layer= 6 ratio= 0.0625
layer= 7 ratio= 0.0625
layer= 8 ratio= 0.0625
layer= 9 ratio= 0.0625
layer= 10 ratio= 0.0625
layer= 11 ratio= 0.0625
layer= 12 ratio= 0.0625
layer= 13 ratio= 0.0625
layer= 14 ratio= 0.0625
layer= 15 ratio= 0.0625
start add noise2021-07-01 12:43:38
end_add_noise_time2021-07-01 12:43:41
average train loss= 2.183700854363649
2021-07-01 12:43:50,round 8,val Accuracy Top1: 10.280000 %
2021-07-01 12:43:50,round 8,val Accuracy Top5: 50.310000 %
******client id  0 ******
client_update start
client id= 0 ,round= 9 ,epoch= 1 ,client update iteration= 10 ,loss= 2.2891855239868164
client id= 0 ,round= 9 ,epoch= 1 ,client update iteration= 20 ,loss= 2.333113193511963
client id= 0 ,round= 9 ,epoch= 1 ,client update iteration= 30 ,loss= 2.305086374282837
client id= 0 ,round= 9 ,epoch= 1 ,client update iteration= 40 ,loss= 2.624096155166626
client id= 0 ,round= 9 ,epoch= 1 ,client update iteration= 50 ,loss= 2.292243003845215
client id= 0 ,round= 9 ,epoch= 1 ,client update iteration= 60 ,loss= 2.3201403617858887
client id= 0 ,round= 9 ,epoch= 1 ,client update iteration= 70 ,loss= 2.3324649333953857
client id= 0 ,round= 9 ,epoch= 1 ,client update iteration= 80 ,loss= 2.3477911949157715
client id= 0 ,round= 9 ,epoch= 1 ,client update iteration= 90 ,loss= 2.299410820007324
client id= 0 ,round= 9 ,epoch= 1 ,client update iteration= 100 ,loss= 2.326178789138794
client id= 0 ,round= 9 ,epoch= 1 ,client update iteration= 110 ,loss= 2.3480865955352783
client id= 0 ,round= 9 ,epoch= 1 ,client update iteration= 120 ,loss= 2.334505319595337
client id= 0 ,round= 9 ,epoch= 1 ,client update iteration= 130 ,loss= 2.3398916721343994
client id= 0 ,round= 9 ,epoch= 1 ,client update iteration= 140 ,loss= 2.314401149749756
client id= 0 ,round= 9 ,epoch= 1 ,client update iteration= 150 ,loss= 2.323895215988159
client id= 0 ,round= 9 ,epoch= 1 ,client update iteration= 160 ,loss= 2.3284456729888916
client id= 0 ,round= 9 ,epoch= 1 ,client update iteration= 170 ,loss= 2.3187055587768555
client id= 0 ,round= 9 ,epoch= 1 ,client update iteration= 180 ,loss= 2.3424947261810303
client id= 0 ,round= 9 ,epoch= 1 ,client update iteration= 190 ,loss= 2.325831413269043
client id= 0 ,round= 9 ,epoch= 1 ,client update iteration= 200 ,loss= 2.321335792541504
client id= 0 ,round= 9 ,epoch= 1 ,client update iteration= 210 ,loss= 2.311695098876953
client id= 0 ,round= 9 ,epoch= 1 ,client update iteration= 220 ,loss= 2.2689664363861084
client id= 0 ,round= 9 ,epoch= 1 ,client update iteration= 230 ,loss= 2.3436310291290283
client id= 0 ,round= 9 ,epoch= 1 ,client update iteration= 240 ,loss= 2.2980310916900635
client id= 0 ,round= 9 ,epoch= 1 ,client update iteration= 250 ,loss= 2.3167598247528076
client id= 0 ,round= 9 ,epoch= 1 ,client update iteration= 260 ,loss= 2.332089424133301
client id= 0 ,round= 9 ,epoch= 1 ,client update iteration= 270 ,loss= 2.3012049198150635
client id= 0 ,round= 9 ,epoch= 1 ,client update iteration= 280 ,loss= 2.3302762508392334
client id= 0 ,round= 9 ,epoch= 1 ,client update iteration= 290 ,loss= 2.2974977493286133
client id= 0 ,round= 9 ,epoch= 1 ,client update iteration= 300 ,loss= 2.3554604053497314
client id= 0 ,round= 9 ,epoch= 1 ,client update iteration= 310 ,loss= 2.3010714054107666
client id= 0 ,round= 9 ,epoch= 1 ,client update iteration= 320 ,loss= 2.3074514865875244
client id= 0 ,round= 9 ,epoch= 1 ,client update iteration= 330 ,loss= 2.3086752891540527
client id= 0 ,round= 9 ,epoch= 1 ,client update iteration= 340 ,loss= 2.3042967319488525
client id= 0 ,round= 9 ,epoch= 1 ,client update iteration= 350 ,loss= 2.307016372680664
client id= 0 ,round= 9 ,epoch= 1 ,client update iteration= 360 ,loss= 2.303992509841919
client id= 0 ,round= 9 ,epoch= 1 ,client update iteration= 370 ,loss= 2.289550542831421
client id= 0 ,round= 9 ,epoch= 1 ,client update iteration= 380 ,loss= 2.295746326446533
client id= 0 ,round= 9 ,epoch= 1 ,client update iteration= 390 ,loss= 2.329385280609131
******client id  1 ******
client_update start
client id= 1 ,round= 9 ,epoch= 1 ,client update iteration= 10 ,loss= 2.429243803024292
client id= 1 ,round= 9 ,epoch= 1 ,client update iteration= 20 ,loss= 2.3329927921295166
client id= 1 ,round= 9 ,epoch= 1 ,client update iteration= 30 ,loss= 2.3195905685424805
client id= 1 ,round= 9 ,epoch= 1 ,client update iteration= 40 ,loss= 2.2876036167144775
client id= 1 ,round= 9 ,epoch= 1 ,client update iteration= 50 ,loss= 2.320437431335449
client id= 1 ,round= 9 ,epoch= 1 ,client update iteration= 60 ,loss= 2.3399550914764404
client id= 1 ,round= 9 ,epoch= 1 ,client update iteration= 70 ,loss= 2.2950661182403564
client id= 1 ,round= 9 ,epoch= 1 ,client update iteration= 80 ,loss= 2.32228422164917
client id= 1 ,round= 9 ,epoch= 1 ,client update iteration= 90 ,loss= 2.4903929233551025
client id= 1 ,round= 9 ,epoch= 1 ,client update iteration= 100 ,loss= 2.30401611328125
client id= 1 ,round= 9 ,epoch= 1 ,client update iteration= 110 ,loss= 2.369828701019287
client id= 1 ,round= 9 ,epoch= 1 ,client update iteration= 120 ,loss= 2.324348211288452
client id= 1 ,round= 9 ,epoch= 1 ,client update iteration= 130 ,loss= 2.295093536376953
client id= 1 ,round= 9 ,epoch= 1 ,client update iteration= 140 ,loss= 2.3124196529388428
client id= 1 ,round= 9 ,epoch= 1 ,client update iteration= 150 ,loss= 2.3295977115631104
client id= 1 ,round= 9 ,epoch= 1 ,client update iteration= 160 ,loss= 2.3228235244750977
client id= 1 ,round= 9 ,epoch= 1 ,client update iteration= 170 ,loss= 2.3399364948272705
client id= 1 ,round= 9 ,epoch= 1 ,client update iteration= 180 ,loss= 2.331259250640869
client id= 1 ,round= 9 ,epoch= 1 ,client update iteration= 190 ,loss= 2.2790019512176514
client id= 1 ,round= 9 ,epoch= 1 ,client update iteration= 200 ,loss= 2.2922563552856445
client id= 1 ,round= 9 ,epoch= 1 ,client update iteration= 210 ,loss= 2.342646598815918
client id= 1 ,round= 9 ,epoch= 1 ,client update iteration= 220 ,loss= 2.3590939044952393
client id= 1 ,round= 9 ,epoch= 1 ,client update iteration= 230 ,loss= 2.3178911209106445
client id= 1 ,round= 9 ,epoch= 1 ,client update iteration= 240 ,loss= 2.3204991817474365
client id= 1 ,round= 9 ,epoch= 1 ,client update iteration= 250 ,loss= 2.3163630962371826
client id= 1 ,round= 9 ,epoch= 1 ,client update iteration= 260 ,loss= 2.324341058731079
client id= 1 ,round= 9 ,epoch= 1 ,client update iteration= 270 ,loss= 2.270296573638916
client id= 1 ,round= 9 ,epoch= 1 ,client update iteration= 280 ,loss= 2.3497531414031982
client id= 1 ,round= 9 ,epoch= 1 ,client update iteration= 290 ,loss= 2.316314458847046
client id= 1 ,round= 9 ,epoch= 1 ,client update iteration= 300 ,loss= 2.327346086502075
client id= 1 ,round= 9 ,epoch= 1 ,client update iteration= 310 ,loss= 2.312605142593384
client id= 1 ,round= 9 ,epoch= 1 ,client update iteration= 320 ,loss= 2.2976386547088623
client id= 1 ,round= 9 ,epoch= 1 ,client update iteration= 330 ,loss= 2.277381420135498
client id= 1 ,round= 9 ,epoch= 1 ,client update iteration= 340 ,loss= 2.283538341522217
client id= 1 ,round= 9 ,epoch= 1 ,client update iteration= 350 ,loss= 2.3385419845581055
client id= 1 ,round= 9 ,epoch= 1 ,client update iteration= 360 ,loss= 2.3332407474517822
client id= 1 ,round= 9 ,epoch= 1 ,client update iteration= 370 ,loss= 2.3416996002197266
client id= 1 ,round= 9 ,epoch= 1 ,client update iteration= 380 ,loss= 2.3052961826324463
client id= 1 ,round= 9 ,epoch= 1 ,client update iteration= 390 ,loss= 2.3335609436035156
start cal weight time2021-07-01 12:46:14
end cal weight time2021-07-01 12:46:14
layer= 0 ratio= 0.0625
layer= 1 ratio= 0.0625
layer= 2 ratio= 0.0625
layer= 3 ratio= 0.0625
layer= 4 ratio= 0.0625
layer= 5 ratio= 0.0625
layer= 6 ratio= 0.0625
layer= 7 ratio= 0.0625
layer= 8 ratio= 0.0625
layer= 9 ratio= 0.0625
layer= 10 ratio= 0.0625
layer= 11 ratio= 0.0625
layer= 12 ratio= 0.0625
layer= 13 ratio= 0.0625
layer= 14 ratio= 0.0625
layer= 15 ratio= 0.0625
start add noise2021-07-01 12:46:14
end_add_noise_time2021-07-01 12:46:17
start cal weight time2021-07-01 12:46:17
end cal weight time2021-07-01 12:46:17
layer= 0 ratio= 0.0625
layer= 1 ratio= 0.0625
layer= 2 ratio= 0.0625
layer= 3 ratio= 0.0625
layer= 4 ratio= 0.0625
layer= 5 ratio= 0.0625
layer= 6 ratio= 0.0625
layer= 7 ratio= 0.0625
layer= 8 ratio= 0.0625
layer= 9 ratio= 0.0625
layer= 10 ratio= 0.0625
layer= 11 ratio= 0.0625
layer= 12 ratio= 0.0625
layer= 13 ratio= 0.0625
layer= 14 ratio= 0.0625
layer= 15 ratio= 0.0625
start add noise2021-07-01 12:46:17
end_add_noise_time2021-07-01 12:46:21
average train loss= 2.318852085286699
2021-07-01 12:46:29,round 9,val Accuracy Top1: 10.000000 %
2021-07-01 12:46:29,round 9,val Accuracy Top5: 50.000000 %
******client id  0 ******
client_update start
client id= 0 ,round= 10 ,epoch= 1 ,client update iteration= 10 ,loss= 2.3338778018951416
client id= 0 ,round= 10 ,epoch= 1 ,client update iteration= 20 ,loss= 2.3310952186584473
client id= 0 ,round= 10 ,epoch= 1 ,client update iteration= 30 ,loss= 2.3289341926574707
client id= 0 ,round= 10 ,epoch= 1 ,client update iteration= 40 ,loss= 2.3090100288391113
client id= 0 ,round= 10 ,epoch= 1 ,client update iteration= 50 ,loss= 2.287479877471924
client id= 0 ,round= 10 ,epoch= 1 ,client update iteration= 60 ,loss= 2.3349854946136475
client id= 0 ,round= 10 ,epoch= 1 ,client update iteration= 70 ,loss= 2.3434340953826904
client id= 0 ,round= 10 ,epoch= 1 ,client update iteration= 80 ,loss= 2.315054416656494
client id= 0 ,round= 10 ,epoch= 1 ,client update iteration= 90 ,loss= 2.347606897354126
client id= 0 ,round= 10 ,epoch= 1 ,client update iteration= 100 ,loss= 2.326667308807373
client id= 0 ,round= 10 ,epoch= 1 ,client update iteration= 110 ,loss= 2.288374423980713
client id= 0 ,round= 10 ,epoch= 1 ,client update iteration= 120 ,loss= 2.3008782863616943
client id= 0 ,round= 10 ,epoch= 1 ,client update iteration= 130 ,loss= 2.338718891143799
client id= 0 ,round= 10 ,epoch= 1 ,client update iteration= 140 ,loss= 2.2906720638275146
client id= 0 ,round= 10 ,epoch= 1 ,client update iteration= 150 ,loss= 2.3227851390838623
client id= 0 ,round= 10 ,epoch= 1 ,client update iteration= 160 ,loss= 2.2899246215820312
client id= 0 ,round= 10 ,epoch= 1 ,client update iteration= 170 ,loss= 2.3282432556152344
client id= 0 ,round= 10 ,epoch= 1 ,client update iteration= 180 ,loss= 2.3449273109436035
client id= 0 ,round= 10 ,epoch= 1 ,client update iteration= 190 ,loss= 2.3469831943511963
client id= 0 ,round= 10 ,epoch= 1 ,client update iteration= 200 ,loss= 2.3264124393463135
client id= 0 ,round= 10 ,epoch= 1 ,client update iteration= 210 ,loss= 2.3156113624572754
client id= 0 ,round= 10 ,epoch= 1 ,client update iteration= 220 ,loss= 2.334575653076172
client id= 0 ,round= 10 ,epoch= 1 ,client update iteration= 230 ,loss= 2.3712193965911865
client id= 0 ,round= 10 ,epoch= 1 ,client update iteration= 240 ,loss= 2.2999818325042725
client id= 0 ,round= 10 ,epoch= 1 ,client update iteration= 250 ,loss= 2.2787561416625977
client id= 0 ,round= 10 ,epoch= 1 ,client update iteration= 260 ,loss= 2.313117027282715
client id= 0 ,round= 10 ,epoch= 1 ,client update iteration= 270 ,loss= 2.3073527812957764
client id= 0 ,round= 10 ,epoch= 1 ,client update iteration= 280 ,loss= 2.277967929840088
client id= 0 ,round= 10 ,epoch= 1 ,client update iteration= 290 ,loss= 2.267037868499756
client id= 0 ,round= 10 ,epoch= 1 ,client update iteration= 300 ,loss= 2.3000738620758057
client id= 0 ,round= 10 ,epoch= 1 ,client update iteration= 310 ,loss= 2.32090425491333
client id= 0 ,round= 10 ,epoch= 1 ,client update iteration= 320 ,loss= 2.337282180786133
client id= 0 ,round= 10 ,epoch= 1 ,client update iteration= 330 ,loss= 2.296525001525879
client id= 0 ,round= 10 ,epoch= 1 ,client update iteration= 340 ,loss= 2.307947874069214
client id= 0 ,round= 10 ,epoch= 1 ,client update iteration= 350 ,loss= 2.2973875999450684
client id= 0 ,round= 10 ,epoch= 1 ,client update iteration= 360 ,loss= 2.3277854919433594
client id= 0 ,round= 10 ,epoch= 1 ,client update iteration= 370 ,loss= 2.2939822673797607
client id= 0 ,round= 10 ,epoch= 1 ,client update iteration= 380 ,loss= 2.2985310554504395
client id= 0 ,round= 10 ,epoch= 1 ,client update iteration= 390 ,loss= 2.3139469623565674
******client id  1 ******
client_update start
client id= 1 ,round= 10 ,epoch= 1 ,client update iteration= 10 ,loss= 2.3429203033447266
client id= 1 ,round= 10 ,epoch= 1 ,client update iteration= 20 ,loss= 2.353727102279663
client id= 1 ,round= 10 ,epoch= 1 ,client update iteration= 30 ,loss= 2.365028142929077
client id= 1 ,round= 10 ,epoch= 1 ,client update iteration= 40 ,loss= 2.3135786056518555
client id= 1 ,round= 10 ,epoch= 1 ,client update iteration= 50 ,loss= 2.3647472858428955
client id= 1 ,round= 10 ,epoch= 1 ,client update iteration= 60 ,loss= 2.315993309020996
client id= 1 ,round= 10 ,epoch= 1 ,client update iteration= 70 ,loss= 2.330456018447876
client id= 1 ,round= 10 ,epoch= 1 ,client update iteration= 80 ,loss= 2.3258984088897705
client id= 1 ,round= 10 ,epoch= 1 ,client update iteration= 90 ,loss= 2.306968927383423
client id= 1 ,round= 10 ,epoch= 1 ,client update iteration= 100 ,loss= 2.316051721572876
client id= 1 ,round= 10 ,epoch= 1 ,client update iteration= 110 ,loss= 2.3391082286834717
client id= 1 ,round= 10 ,epoch= 1 ,client update iteration= 120 ,loss= 2.3661882877349854
client id= 1 ,round= 10 ,epoch= 1 ,client update iteration= 130 ,loss= 2.3078324794769287
client id= 1 ,round= 10 ,epoch= 1 ,client update iteration= 140 ,loss= 2.3035056591033936
client id= 1 ,round= 10 ,epoch= 1 ,client update iteration= 150 ,loss= 2.2972850799560547
client id= 1 ,round= 10 ,epoch= 1 ,client update iteration= 160 ,loss= 2.2976460456848145
client id= 1 ,round= 10 ,epoch= 1 ,client update iteration= 170 ,loss= 2.3131067752838135
client id= 1 ,round= 10 ,epoch= 1 ,client update iteration= 180 ,loss= 2.330925226211548
client id= 1 ,round= 10 ,epoch= 1 ,client update iteration= 190 ,loss= 2.3310208320617676
client id= 1 ,round= 10 ,epoch= 1 ,client update iteration= 200 ,loss= 2.320601463317871
client id= 1 ,round= 10 ,epoch= 1 ,client update iteration= 210 ,loss= 2.3014707565307617
client id= 1 ,round= 10 ,epoch= 1 ,client update iteration= 220 ,loss= 2.3129444122314453
client id= 1 ,round= 10 ,epoch= 1 ,client update iteration= 230 ,loss= 2.2733521461486816
client id= 1 ,round= 10 ,epoch= 1 ,client update iteration= 240 ,loss= 2.317549705505371
client id= 1 ,round= 10 ,epoch= 1 ,client update iteration= 250 ,loss= 2.3280344009399414
client id= 1 ,round= 10 ,epoch= 1 ,client update iteration= 260 ,loss= 2.311249256134033
client id= 1 ,round= 10 ,epoch= 1 ,client update iteration= 270 ,loss= 2.298020839691162
client id= 1 ,round= 10 ,epoch= 1 ,client update iteration= 280 ,loss= 2.3362843990325928
client id= 1 ,round= 10 ,epoch= 1 ,client update iteration= 290 ,loss= 2.287214756011963
client id= 1 ,round= 10 ,epoch= 1 ,client update iteration= 300 ,loss= 2.3193066120147705
client id= 1 ,round= 10 ,epoch= 1 ,client update iteration= 310 ,loss= 2.3288419246673584
client id= 1 ,round= 10 ,epoch= 1 ,client update iteration= 320 ,loss= 2.305424690246582
client id= 1 ,round= 10 ,epoch= 1 ,client update iteration= 330 ,loss= 2.346970558166504
client id= 1 ,round= 10 ,epoch= 1 ,client update iteration= 340 ,loss= 2.31250262260437
client id= 1 ,round= 10 ,epoch= 1 ,client update iteration= 350 ,loss= 2.322906255722046
client id= 1 ,round= 10 ,epoch= 1 ,client update iteration= 360 ,loss= 2.328701972961426
client id= 1 ,round= 10 ,epoch= 1 ,client update iteration= 370 ,loss= 2.3125784397125244
client id= 1 ,round= 10 ,epoch= 1 ,client update iteration= 380 ,loss= 2.353787899017334
client id= 1 ,round= 10 ,epoch= 1 ,client update iteration= 390 ,loss= 2.298551559448242
start cal weight time2021-07-01 12:48:54
end cal weight time2021-07-01 12:48:54
layer= 0 ratio= 0.0625
layer= 1 ratio= 0.0625
layer= 2 ratio= 0.0625
layer= 3 ratio= 0.0625
layer= 4 ratio= 0.0625
layer= 5 ratio= 0.0625
layer= 6 ratio= 0.0625
layer= 7 ratio= 0.0625
layer= 8 ratio= 0.0625
layer= 9 ratio= 0.0625
layer= 10 ratio= 0.0625
layer= 11 ratio= 0.0625
layer= 12 ratio= 0.0625
layer= 13 ratio= 0.0625
layer= 14 ratio= 0.0625
layer= 15 ratio= 0.0625
start add noise2021-07-01 12:48:54
end_add_noise_time2021-07-01 12:48:57
start cal weight time2021-07-01 12:48:57
end cal weight time2021-07-01 12:48:57
layer= 0 ratio= 0.0625
layer= 1 ratio= 0.0625
layer= 2 ratio= 0.0625
layer= 3 ratio= 0.0625
layer= 4 ratio= 0.0625
layer= 5 ratio= 0.0625
layer= 6 ratio= 0.0625
layer= 7 ratio= 0.0625
layer= 8 ratio= 0.0625
layer= 9 ratio= 0.0625
layer= 10 ratio= 0.0625
layer= 11 ratio= 0.0625
layer= 12 ratio= 0.0625
layer= 13 ratio= 0.0625
layer= 14 ratio= 0.0625
layer= 15 ratio= 0.0625
start add noise2021-07-01 12:48:57
end_add_noise_time2021-07-01 12:49:00
average train loss= 2.318188731322813
2021-07-01 12:49:09,round 10,val Accuracy Top1: 10.000000 %
2021-07-01 12:49:09,round 10,val Accuracy Top5: 50.000000 %
