type sample_L1
pb 2000000.0
clip_bound 20.0
log_path log/Alexnet/sample_L1/False/2
train_data data
test_data data
batch_size 64
test_batch_size 64
lr 0.0002
momentum 0.5
no_cuda False
seed 1
log_interval 1
privacy_delta 1e-06
sample_num 500
islog True
is_ratio_list False
num_clients 2
num_rounds 10
epochs 1
ratio_type 2
平均分配eps
device cuda
loading data
load data done
AlexNet(
  (conv1): Sequential(
    (0): Conv2d(3, 96, kernel_size=(6, 6), stride=(1, 1))
    (1): ReLU()
  )
  (conv2): Sequential(
    (0): Conv2d(96, 256, kernel_size=(5, 5), stride=(1, 1), padding=(2, 2))
    (1): ReLU()
    (2): MaxPool2d(kernel_size=3, stride=2, padding=0, dilation=1, ceil_mode=False)
  )
  (conv3): Sequential(
    (0): Conv2d(256, 384, kernel_size=(3, 3), stride=(1, 1), padding=(1, 1))
    (1): ReLU()
  )
  (conv4): Sequential(
    (0): Conv2d(384, 384, kernel_size=(3, 3), stride=(1, 1), padding=(1, 1))
    (1): ReLU()
  )
  (conv5): Sequential(
    (0): Conv2d(384, 256, kernel_size=(3, 3), stride=(1, 1), padding=(1, 1))
    (1): ReLU()
    (2): MaxPool2d(kernel_size=3, stride=2, padding=0, dilation=1, ceil_mode=False)
  )
  (dense): Sequential(
    (0): Linear(in_features=9216, out_features=4096, bias=True)
    (1): ReLU()
    (2): Dropout(p=0.5, inplace=False)
    (3): Linear(in_features=4096, out_features=4096, bias=True)
    (4): ReLU()
    (5): Dropout(p=0.5, inplace=False)
    (6): Linear(in_features=4096, out_features=10, bias=True)
  )
)
********start training********
******client id  0 ******
client_update start
client id= 0 ,round= 1 ,epoch= 1 ,client update iteration= 10 ,loss= 2.288417339324951
client id= 0 ,round= 1 ,epoch= 1 ,client update iteration= 20 ,loss= 2.1958823204040527
client id= 0 ,round= 1 ,epoch= 1 ,client update iteration= 30 ,loss= 2.003481388092041
client id= 0 ,round= 1 ,epoch= 1 ,client update iteration= 40 ,loss= 2.1913557052612305
client id= 0 ,round= 1 ,epoch= 1 ,client update iteration= 50 ,loss= 2.07002854347229
client id= 0 ,round= 1 ,epoch= 1 ,client update iteration= 60 ,loss= 2.2047791481018066
client id= 0 ,round= 1 ,epoch= 1 ,client update iteration= 70 ,loss= 2.091890573501587
client id= 0 ,round= 1 ,epoch= 1 ,client update iteration= 80 ,loss= 2.050748586654663
client id= 0 ,round= 1 ,epoch= 1 ,client update iteration= 90 ,loss= 1.8199315071105957
client id= 0 ,round= 1 ,epoch= 1 ,client update iteration= 100 ,loss= 1.7828657627105713
client id= 0 ,round= 1 ,epoch= 1 ,client update iteration= 110 ,loss= 1.8677220344543457
client id= 0 ,round= 1 ,epoch= 1 ,client update iteration= 120 ,loss= 1.9208379983901978
client id= 0 ,round= 1 ,epoch= 1 ,client update iteration= 130 ,loss= 1.7858654260635376
client id= 0 ,round= 1 ,epoch= 1 ,client update iteration= 140 ,loss= 1.7795116901397705
client id= 0 ,round= 1 ,epoch= 1 ,client update iteration= 150 ,loss= 1.7866857051849365
client id= 0 ,round= 1 ,epoch= 1 ,client update iteration= 160 ,loss= 1.7871180772781372
client id= 0 ,round= 1 ,epoch= 1 ,client update iteration= 170 ,loss= 1.7799479961395264
client id= 0 ,round= 1 ,epoch= 1 ,client update iteration= 180 ,loss= 1.6746231317520142
client id= 0 ,round= 1 ,epoch= 1 ,client update iteration= 190 ,loss= 1.5734460353851318
client id= 0 ,round= 1 ,epoch= 1 ,client update iteration= 200 ,loss= 1.6294190883636475
client id= 0 ,round= 1 ,epoch= 1 ,client update iteration= 210 ,loss= 1.6171367168426514
client id= 0 ,round= 1 ,epoch= 1 ,client update iteration= 220 ,loss= 1.5876113176345825
client id= 0 ,round= 1 ,epoch= 1 ,client update iteration= 230 ,loss= 1.552067756652832
client id= 0 ,round= 1 ,epoch= 1 ,client update iteration= 240 ,loss= 1.6599164009094238
client id= 0 ,round= 1 ,epoch= 1 ,client update iteration= 250 ,loss= 1.5995652675628662
client id= 0 ,round= 1 ,epoch= 1 ,client update iteration= 260 ,loss= 1.4574428796768188
client id= 0 ,round= 1 ,epoch= 1 ,client update iteration= 270 ,loss= 1.4796689748764038
client id= 0 ,round= 1 ,epoch= 1 ,client update iteration= 280 ,loss= 1.655717372894287
client id= 0 ,round= 1 ,epoch= 1 ,client update iteration= 290 ,loss= 1.4914573431015015
client id= 0 ,round= 1 ,epoch= 1 ,client update iteration= 300 ,loss= 1.5668556690216064
client id= 0 ,round= 1 ,epoch= 1 ,client update iteration= 310 ,loss= 1.4096776247024536
client id= 0 ,round= 1 ,epoch= 1 ,client update iteration= 320 ,loss= 1.5052354335784912
client id= 0 ,round= 1 ,epoch= 1 ,client update iteration= 330 ,loss= 1.4502488374710083
client id= 0 ,round= 1 ,epoch= 1 ,client update iteration= 340 ,loss= 1.5341037511825562
client id= 0 ,round= 1 ,epoch= 1 ,client update iteration= 350 ,loss= 1.3994104862213135
client id= 0 ,round= 1 ,epoch= 1 ,client update iteration= 360 ,loss= 1.6532572507858276
client id= 0 ,round= 1 ,epoch= 1 ,client update iteration= 370 ,loss= 1.3960434198379517
client id= 0 ,round= 1 ,epoch= 1 ,client update iteration= 380 ,loss= 1.3081014156341553
client id= 0 ,round= 1 ,epoch= 1 ,client update iteration= 390 ,loss= 1.4445630311965942
******client id  1 ******
client_update start
client id= 1 ,round= 1 ,epoch= 1 ,client update iteration= 10 ,loss= 2.263564109802246
client id= 1 ,round= 1 ,epoch= 1 ,client update iteration= 20 ,loss= 2.1517491340637207
client id= 1 ,round= 1 ,epoch= 1 ,client update iteration= 30 ,loss= 2.1860294342041016
client id= 1 ,round= 1 ,epoch= 1 ,client update iteration= 40 ,loss= 2.0860085487365723
client id= 1 ,round= 1 ,epoch= 1 ,client update iteration= 50 ,loss= 2.0845422744750977
client id= 1 ,round= 1 ,epoch= 1 ,client update iteration= 60 ,loss= 1.8934708833694458
client id= 1 ,round= 1 ,epoch= 1 ,client update iteration= 70 ,loss= 1.7155287265777588
client id= 1 ,round= 1 ,epoch= 1 ,client update iteration= 80 ,loss= 1.843571662902832
client id= 1 ,round= 1 ,epoch= 1 ,client update iteration= 90 ,loss= 1.8304275274276733
client id= 1 ,round= 1 ,epoch= 1 ,client update iteration= 100 ,loss= 1.8022382259368896
client id= 1 ,round= 1 ,epoch= 1 ,client update iteration= 110 ,loss= 1.662814736366272
client id= 1 ,round= 1 ,epoch= 1 ,client update iteration= 120 ,loss= 1.8054418563842773
client id= 1 ,round= 1 ,epoch= 1 ,client update iteration= 130 ,loss= 1.7853147983551025
client id= 1 ,round= 1 ,epoch= 1 ,client update iteration= 140 ,loss= 1.870937705039978
client id= 1 ,round= 1 ,epoch= 1 ,client update iteration= 150 ,loss= 1.9480390548706055
client id= 1 ,round= 1 ,epoch= 1 ,client update iteration= 160 ,loss= 1.6840111017227173
client id= 1 ,round= 1 ,epoch= 1 ,client update iteration= 170 ,loss= 1.7258384227752686
client id= 1 ,round= 1 ,epoch= 1 ,client update iteration= 180 ,loss= 1.6411980390548706
client id= 1 ,round= 1 ,epoch= 1 ,client update iteration= 190 ,loss= 1.7107983827590942
client id= 1 ,round= 1 ,epoch= 1 ,client update iteration= 200 ,loss= 1.6326053142547607
client id= 1 ,round= 1 ,epoch= 1 ,client update iteration= 210 ,loss= 1.6665931940078735
client id= 1 ,round= 1 ,epoch= 1 ,client update iteration= 220 ,loss= 1.5021061897277832
client id= 1 ,round= 1 ,epoch= 1 ,client update iteration= 230 ,loss= 1.752220869064331
client id= 1 ,round= 1 ,epoch= 1 ,client update iteration= 240 ,loss= 1.4712976217269897
client id= 1 ,round= 1 ,epoch= 1 ,client update iteration= 250 ,loss= 1.5601543188095093
client id= 1 ,round= 1 ,epoch= 1 ,client update iteration= 260 ,loss= 1.443490982055664
client id= 1 ,round= 1 ,epoch= 1 ,client update iteration= 270 ,loss= 1.5465871095657349
client id= 1 ,round= 1 ,epoch= 1 ,client update iteration= 280 ,loss= 1.4585670232772827
client id= 1 ,round= 1 ,epoch= 1 ,client update iteration= 290 ,loss= 1.5422825813293457
client id= 1 ,round= 1 ,epoch= 1 ,client update iteration= 300 ,loss= 1.524612307548523
client id= 1 ,round= 1 ,epoch= 1 ,client update iteration= 310 ,loss= 1.4808950424194336
client id= 1 ,round= 1 ,epoch= 1 ,client update iteration= 320 ,loss= 1.3679027557373047
client id= 1 ,round= 1 ,epoch= 1 ,client update iteration= 330 ,loss= 1.3320281505584717
client id= 1 ,round= 1 ,epoch= 1 ,client update iteration= 340 ,loss= 1.5503802299499512
client id= 1 ,round= 1 ,epoch= 1 ,client update iteration= 350 ,loss= 1.4343938827514648
client id= 1 ,round= 1 ,epoch= 1 ,client update iteration= 360 ,loss= 1.6111458539962769
client id= 1 ,round= 1 ,epoch= 1 ,client update iteration= 370 ,loss= 1.3922345638275146
client id= 1 ,round= 1 ,epoch= 1 ,client update iteration= 380 ,loss= 1.3671066761016846
client id= 1 ,round= 1 ,epoch= 1 ,client update iteration= 390 ,loss= 1.5335947275161743
start cal weight time2021-07-01 11:03:35
end cal weight time2021-07-01 11:03:35
layer= 0 ratio= 0.0625
layer= 1 ratio= 0.0625
layer= 2 ratio= 0.0625
layer= 3 ratio= 0.0625
layer= 4 ratio= 0.0625
layer= 5 ratio= 0.0625
layer= 6 ratio= 0.0625
layer= 7 ratio= 0.0625
layer= 8 ratio= 0.0625
layer= 9 ratio= 0.0625
layer= 10 ratio= 0.0625
layer= 11 ratio= 0.0625
layer= 12 ratio= 0.0625
layer= 13 ratio= 0.0625
layer= 14 ratio= 0.0625
layer= 15 ratio= 0.0625
start add noise2021-07-01 11:03:35
end_add_noise_time2021-07-01 11:03:38
start cal weight time2021-07-01 11:03:38
end cal weight time2021-07-01 11:03:38
layer= 0 ratio= 0.0625
layer= 1 ratio= 0.0625
layer= 2 ratio= 0.0625
layer= 3 ratio= 0.0625
layer= 4 ratio= 0.0625
layer= 5 ratio= 0.0625
layer= 6 ratio= 0.0625
layer= 7 ratio= 0.0625
layer= 8 ratio= 0.0625
layer= 9 ratio= 0.0625
layer= 10 ratio= 0.0625
layer= 11 ratio= 0.0625
layer= 12 ratio= 0.0625
layer= 13 ratio= 0.0625
layer= 14 ratio= 0.0625
layer= 15 ratio= 0.0625
start add noise2021-07-01 11:03:38
end_add_noise_time2021-07-01 11:03:41
average train loss= 1.7157173332046058
2021-07-01 11:03:49,round 1,val Accuracy Top1: 19.170000 %
2021-07-01 11:03:49,round 1,val Accuracy Top5: 65.370000 %
******client id  0 ******
client_update start
client id= 0 ,round= 2 ,epoch= 1 ,client update iteration= 10 ,loss= 1.5863226652145386
client id= 0 ,round= 2 ,epoch= 1 ,client update iteration= 20 ,loss= 1.7558447122573853
client id= 0 ,round= 2 ,epoch= 1 ,client update iteration= 30 ,loss= 1.7352352142333984
client id= 0 ,round= 2 ,epoch= 1 ,client update iteration= 40 ,loss= 1.759534478187561
client id= 0 ,round= 2 ,epoch= 1 ,client update iteration= 50 ,loss= 1.8324687480926514
client id= 0 ,round= 2 ,epoch= 1 ,client update iteration= 60 ,loss= 1.3688695430755615
client id= 0 ,round= 2 ,epoch= 1 ,client update iteration= 70 ,loss= 1.4341373443603516
client id= 0 ,round= 2 ,epoch= 1 ,client update iteration= 80 ,loss= 1.3812066316604614
client id= 0 ,round= 2 ,epoch= 1 ,client update iteration= 90 ,loss= 1.2350573539733887
client id= 0 ,round= 2 ,epoch= 1 ,client update iteration= 100 ,loss= 1.4112184047698975
client id= 0 ,round= 2 ,epoch= 1 ,client update iteration= 110 ,loss= 1.228246808052063
client id= 0 ,round= 2 ,epoch= 1 ,client update iteration= 120 ,loss= 1.150504469871521
client id= 0 ,round= 2 ,epoch= 1 ,client update iteration= 130 ,loss= 1.3230687379837036
client id= 0 ,round= 2 ,epoch= 1 ,client update iteration= 140 ,loss= 1.5758649110794067
client id= 0 ,round= 2 ,epoch= 1 ,client update iteration= 150 ,loss= 1.4903565645217896
client id= 0 ,round= 2 ,epoch= 1 ,client update iteration= 160 ,loss= 1.0702779293060303
client id= 0 ,round= 2 ,epoch= 1 ,client update iteration= 170 ,loss= 1.2625857591629028
client id= 0 ,round= 2 ,epoch= 1 ,client update iteration= 180 ,loss= 1.289198398590088
client id= 0 ,round= 2 ,epoch= 1 ,client update iteration= 190 ,loss= 1.1379667520523071
client id= 0 ,round= 2 ,epoch= 1 ,client update iteration= 200 ,loss= 1.5357369184494019
client id= 0 ,round= 2 ,epoch= 1 ,client update iteration= 210 ,loss= 1.4703693389892578
client id= 0 ,round= 2 ,epoch= 1 ,client update iteration= 220 ,loss= 1.4133188724517822
client id= 0 ,round= 2 ,epoch= 1 ,client update iteration= 230 ,loss= 1.0600086450576782
client id= 0 ,round= 2 ,epoch= 1 ,client update iteration= 240 ,loss= 1.079688310623169
client id= 0 ,round= 2 ,epoch= 1 ,client update iteration= 250 ,loss= 1.2540370225906372
client id= 0 ,round= 2 ,epoch= 1 ,client update iteration= 260 ,loss= 1.4034074544906616
client id= 0 ,round= 2 ,epoch= 1 ,client update iteration= 270 ,loss= 1.0219686031341553
client id= 0 ,round= 2 ,epoch= 1 ,client update iteration= 280 ,loss= 1.1424356698989868
client id= 0 ,round= 2 ,epoch= 1 ,client update iteration= 290 ,loss= 1.025994062423706
client id= 0 ,round= 2 ,epoch= 1 ,client update iteration= 300 ,loss= 1.2620408535003662
client id= 0 ,round= 2 ,epoch= 1 ,client update iteration= 310 ,loss= 1.4541454315185547
client id= 0 ,round= 2 ,epoch= 1 ,client update iteration= 320 ,loss= 1.2705068588256836
client id= 0 ,round= 2 ,epoch= 1 ,client update iteration= 330 ,loss= 1.1944743394851685
client id= 0 ,round= 2 ,epoch= 1 ,client update iteration= 340 ,loss= 0.9427926540374756
client id= 0 ,round= 2 ,epoch= 1 ,client update iteration= 350 ,loss= 1.1878525018692017
client id= 0 ,round= 2 ,epoch= 1 ,client update iteration= 360 ,loss= 1.3908323049545288
client id= 0 ,round= 2 ,epoch= 1 ,client update iteration= 370 ,loss= 1.187266230583191
client id= 0 ,round= 2 ,epoch= 1 ,client update iteration= 380 ,loss= 1.3680981397628784
client id= 0 ,round= 2 ,epoch= 1 ,client update iteration= 390 ,loss= 1.0479999780654907
******client id  1 ******
client_update start
client id= 1 ,round= 2 ,epoch= 1 ,client update iteration= 10 ,loss= 1.687750220298767
client id= 1 ,round= 2 ,epoch= 1 ,client update iteration= 20 ,loss= 1.8072940111160278
client id= 1 ,round= 2 ,epoch= 1 ,client update iteration= 30 ,loss= 1.675018548965454
client id= 1 ,round= 2 ,epoch= 1 ,client update iteration= 40 ,loss= 1.4457594156265259
client id= 1 ,round= 2 ,epoch= 1 ,client update iteration= 50 ,loss= 1.688902735710144
client id= 1 ,round= 2 ,epoch= 1 ,client update iteration= 60 ,loss= 1.4102460145950317
client id= 1 ,round= 2 ,epoch= 1 ,client update iteration= 70 ,loss= 1.448786973953247
client id= 1 ,round= 2 ,epoch= 1 ,client update iteration= 80 ,loss= 1.5369704961776733
client id= 1 ,round= 2 ,epoch= 1 ,client update iteration= 90 ,loss= 1.4613887071609497
client id= 1 ,round= 2 ,epoch= 1 ,client update iteration= 100 ,loss= 1.6367045640945435
client id= 1 ,round= 2 ,epoch= 1 ,client update iteration= 110 ,loss= 1.3721728324890137
client id= 1 ,round= 2 ,epoch= 1 ,client update iteration= 120 ,loss= 1.1799373626708984
client id= 1 ,round= 2 ,epoch= 1 ,client update iteration= 130 ,loss= 1.3323310613632202
client id= 1 ,round= 2 ,epoch= 1 ,client update iteration= 140 ,loss= 1.3923364877700806
client id= 1 ,round= 2 ,epoch= 1 ,client update iteration= 150 ,loss= 1.492825984954834
client id= 1 ,round= 2 ,epoch= 1 ,client update iteration= 160 ,loss= 1.3458589315414429
client id= 1 ,round= 2 ,epoch= 1 ,client update iteration= 170 ,loss= 1.3963227272033691
client id= 1 ,round= 2 ,epoch= 1 ,client update iteration= 180 ,loss= 1.354212999343872
client id= 1 ,round= 2 ,epoch= 1 ,client update iteration= 190 ,loss= 1.163191556930542
client id= 1 ,round= 2 ,epoch= 1 ,client update iteration= 200 ,loss= 1.3624428510665894
client id= 1 ,round= 2 ,epoch= 1 ,client update iteration= 210 ,loss= 1.2530275583267212
client id= 1 ,round= 2 ,epoch= 1 ,client update iteration= 220 ,loss= 1.2732301950454712
client id= 1 ,round= 2 ,epoch= 1 ,client update iteration= 230 ,loss= 1.1755120754241943
client id= 1 ,round= 2 ,epoch= 1 ,client update iteration= 240 ,loss= 1.178741455078125
client id= 1 ,round= 2 ,epoch= 1 ,client update iteration= 250 ,loss= 1.170811653137207
client id= 1 ,round= 2 ,epoch= 1 ,client update iteration= 260 ,loss= 1.2516940832138062
client id= 1 ,round= 2 ,epoch= 1 ,client update iteration= 270 ,loss= 1.1249403953552246
client id= 1 ,round= 2 ,epoch= 1 ,client update iteration= 280 ,loss= 1.2445591688156128
client id= 1 ,round= 2 ,epoch= 1 ,client update iteration= 290 ,loss= 1.1578397750854492
client id= 1 ,round= 2 ,epoch= 1 ,client update iteration= 300 ,loss= 1.0658105611801147
client id= 1 ,round= 2 ,epoch= 1 ,client update iteration= 310 ,loss= 1.3023808002471924
client id= 1 ,round= 2 ,epoch= 1 ,client update iteration= 320 ,loss= 1.1477856636047363
client id= 1 ,round= 2 ,epoch= 1 ,client update iteration= 330 ,loss= 1.2389386892318726
client id= 1 ,round= 2 ,epoch= 1 ,client update iteration= 340 ,loss= 1.050287127494812
client id= 1 ,round= 2 ,epoch= 1 ,client update iteration= 350 ,loss= 1.2172834873199463
client id= 1 ,round= 2 ,epoch= 1 ,client update iteration= 360 ,loss= 0.9778757095336914
client id= 1 ,round= 2 ,epoch= 1 ,client update iteration= 370 ,loss= 1.5224734544754028
client id= 1 ,round= 2 ,epoch= 1 ,client update iteration= 380 ,loss= 1.3523218631744385
client id= 1 ,round= 2 ,epoch= 1 ,client update iteration= 390 ,loss= 0.9073583483695984
start cal weight time2021-07-01 11:06:15
end cal weight time2021-07-01 11:06:15
layer= 0 ratio= 0.0625
layer= 1 ratio= 0.0625
layer= 2 ratio= 0.0625
layer= 3 ratio= 0.0625
layer= 4 ratio= 0.0625
layer= 5 ratio= 0.0625
layer= 6 ratio= 0.0625
layer= 7 ratio= 0.0625
layer= 8 ratio= 0.0625
layer= 9 ratio= 0.0625
layer= 10 ratio= 0.0625
layer= 11 ratio= 0.0625
layer= 12 ratio= 0.0625
layer= 13 ratio= 0.0625
layer= 14 ratio= 0.0625
layer= 15 ratio= 0.0625
start add noise2021-07-01 11:06:15
end_add_noise_time2021-07-01 11:06:18
start cal weight time2021-07-01 11:06:18
end cal weight time2021-07-01 11:06:18
layer= 0 ratio= 0.0625
layer= 1 ratio= 0.0625
layer= 2 ratio= 0.0625
layer= 3 ratio= 0.0625
layer= 4 ratio= 0.0625
layer= 5 ratio= 0.0625
layer= 6 ratio= 0.0625
layer= 7 ratio= 0.0625
layer= 8 ratio= 0.0625
layer= 9 ratio= 0.0625
layer= 10 ratio= 0.0625
layer= 11 ratio= 0.0625
layer= 12 ratio= 0.0625
layer= 13 ratio= 0.0625
layer= 14 ratio= 0.0625
layer= 15 ratio= 0.0625
start add noise2021-07-01 11:06:18
end_add_noise_time2021-07-01 11:06:21
average train loss= 1.3489752286840277
2021-07-01 11:06:30,round 2,val Accuracy Top1: 21.820000 %
2021-07-01 11:06:30,round 2,val Accuracy Top5: 84.460000 %
******client id  0 ******
client_update start
client id= 0 ,round= 3 ,epoch= 1 ,client update iteration= 10 ,loss= 1.937295913696289
client id= 0 ,round= 3 ,epoch= 1 ,client update iteration= 20 ,loss= 1.8977398872375488
client id= 0 ,round= 3 ,epoch= 1 ,client update iteration= 30 ,loss= 1.3858246803283691
client id= 0 ,round= 3 ,epoch= 1 ,client update iteration= 40 ,loss= 1.5656574964523315
client id= 0 ,round= 3 ,epoch= 1 ,client update iteration= 50 ,loss= 1.552619218826294
client id= 0 ,round= 3 ,epoch= 1 ,client update iteration= 60 ,loss= 1.3506951332092285
client id= 0 ,round= 3 ,epoch= 1 ,client update iteration= 70 ,loss= 1.3797283172607422
client id= 0 ,round= 3 ,epoch= 1 ,client update iteration= 80 ,loss= 1.205873966217041
client id= 0 ,round= 3 ,epoch= 1 ,client update iteration= 90 ,loss= 1.3657381534576416
client id= 0 ,round= 3 ,epoch= 1 ,client update iteration= 100 ,loss= 1.3091713190078735
client id= 0 ,round= 3 ,epoch= 1 ,client update iteration= 110 ,loss= 1.4217419624328613
client id= 0 ,round= 3 ,epoch= 1 ,client update iteration= 120 ,loss= 1.2872039079666138
client id= 0 ,round= 3 ,epoch= 1 ,client update iteration= 130 ,loss= 1.3020663261413574
client id= 0 ,round= 3 ,epoch= 1 ,client update iteration= 140 ,loss= 1.2071613073349
client id= 0 ,round= 3 ,epoch= 1 ,client update iteration= 150 ,loss= 1.30561101436615
client id= 0 ,round= 3 ,epoch= 1 ,client update iteration= 160 ,loss= 1.3320667743682861
client id= 0 ,round= 3 ,epoch= 1 ,client update iteration= 170 ,loss= 0.8984979391098022
client id= 0 ,round= 3 ,epoch= 1 ,client update iteration= 180 ,loss= 1.1377246379852295
client id= 0 ,round= 3 ,epoch= 1 ,client update iteration= 190 ,loss= 1.2542736530303955
client id= 0 ,round= 3 ,epoch= 1 ,client update iteration= 200 ,loss= 0.9461010098457336
client id= 0 ,round= 3 ,epoch= 1 ,client update iteration= 210 ,loss= 1.2550300359725952
client id= 0 ,round= 3 ,epoch= 1 ,client update iteration= 220 ,loss= 1.279306411743164
client id= 0 ,round= 3 ,epoch= 1 ,client update iteration= 230 ,loss= 1.1256959438323975
client id= 0 ,round= 3 ,epoch= 1 ,client update iteration= 240 ,loss= 1.0629884004592896
client id= 0 ,round= 3 ,epoch= 1 ,client update iteration= 250 ,loss= 1.1418472528457642
client id= 0 ,round= 3 ,epoch= 1 ,client update iteration= 260 ,loss= 1.1594834327697754
client id= 0 ,round= 3 ,epoch= 1 ,client update iteration= 270 ,loss= 1.4792230129241943
client id= 0 ,round= 3 ,epoch= 1 ,client update iteration= 280 ,loss= 1.3252944946289062
client id= 0 ,round= 3 ,epoch= 1 ,client update iteration= 290 ,loss= 1.100998878479004
client id= 0 ,round= 3 ,epoch= 1 ,client update iteration= 300 ,loss= 0.9003911018371582
client id= 0 ,round= 3 ,epoch= 1 ,client update iteration= 310 ,loss= 1.116463303565979
client id= 0 ,round= 3 ,epoch= 1 ,client update iteration= 320 ,loss= 1.2425121068954468
client id= 0 ,round= 3 ,epoch= 1 ,client update iteration= 330 ,loss= 1.0564351081848145
client id= 0 ,round= 3 ,epoch= 1 ,client update iteration= 340 ,loss= 1.110358715057373
client id= 0 ,round= 3 ,epoch= 1 ,client update iteration= 350 ,loss= 1.2427533864974976
client id= 0 ,round= 3 ,epoch= 1 ,client update iteration= 360 ,loss= 1.2673139572143555
client id= 0 ,round= 3 ,epoch= 1 ,client update iteration= 370 ,loss= 1.4084656238555908
client id= 0 ,round= 3 ,epoch= 1 ,client update iteration= 380 ,loss= 1.1538296937942505
client id= 0 ,round= 3 ,epoch= 1 ,client update iteration= 390 ,loss= 0.9329270124435425
******client id  1 ******
client_update start
client id= 1 ,round= 3 ,epoch= 1 ,client update iteration= 10 ,loss= 2.2872486114501953
client id= 1 ,round= 3 ,epoch= 1 ,client update iteration= 20 ,loss= 1.8696866035461426
client id= 1 ,round= 3 ,epoch= 1 ,client update iteration= 30 ,loss= 1.8658568859100342
client id= 1 ,round= 3 ,epoch= 1 ,client update iteration= 40 ,loss= 1.5308411121368408
client id= 1 ,round= 3 ,epoch= 1 ,client update iteration= 50 ,loss= 1.4105981588363647
client id= 1 ,round= 3 ,epoch= 1 ,client update iteration= 60 ,loss= 1.5463504791259766
client id= 1 ,round= 3 ,epoch= 1 ,client update iteration= 70 ,loss= 1.4598931074142456
client id= 1 ,round= 3 ,epoch= 1 ,client update iteration= 80 ,loss= 1.5861862897872925
client id= 1 ,round= 3 ,epoch= 1 ,client update iteration= 90 ,loss= 1.3956209421157837
client id= 1 ,round= 3 ,epoch= 1 ,client update iteration= 100 ,loss= 1.5370771884918213
client id= 1 ,round= 3 ,epoch= 1 ,client update iteration= 110 ,loss= 1.3730829954147339
client id= 1 ,round= 3 ,epoch= 1 ,client update iteration= 120 ,loss= 1.4400850534439087
client id= 1 ,round= 3 ,epoch= 1 ,client update iteration= 130 ,loss= 1.2436360120773315
client id= 1 ,round= 3 ,epoch= 1 ,client update iteration= 140 ,loss= 1.0733914375305176
client id= 1 ,round= 3 ,epoch= 1 ,client update iteration= 150 ,loss= 1.154092788696289
client id= 1 ,round= 3 ,epoch= 1 ,client update iteration= 160 ,loss= 1.7847013473510742
client id= 1 ,round= 3 ,epoch= 1 ,client update iteration= 170 ,loss= 1.3266856670379639
client id= 1 ,round= 3 ,epoch= 1 ,client update iteration= 180 ,loss= 1.1575926542282104
client id= 1 ,round= 3 ,epoch= 1 ,client update iteration= 190 ,loss= 1.2090413570404053
client id= 1 ,round= 3 ,epoch= 1 ,client update iteration= 200 ,loss= 1.3612844944000244
client id= 1 ,round= 3 ,epoch= 1 ,client update iteration= 210 ,loss= 1.1328821182250977
client id= 1 ,round= 3 ,epoch= 1 ,client update iteration= 220 ,loss= 1.4025226831436157
client id= 1 ,round= 3 ,epoch= 1 ,client update iteration= 230 ,loss= 1.5748659372329712
client id= 1 ,round= 3 ,epoch= 1 ,client update iteration= 240 ,loss= 1.3085812330245972
client id= 1 ,round= 3 ,epoch= 1 ,client update iteration= 250 ,loss= 1.250300407409668
client id= 1 ,round= 3 ,epoch= 1 ,client update iteration= 260 ,loss= 1.0978833436965942
client id= 1 ,round= 3 ,epoch= 1 ,client update iteration= 270 ,loss= 1.1686720848083496
client id= 1 ,round= 3 ,epoch= 1 ,client update iteration= 280 ,loss= 1.4854130744934082
client id= 1 ,round= 3 ,epoch= 1 ,client update iteration= 290 ,loss= 0.9980676770210266
client id= 1 ,round= 3 ,epoch= 1 ,client update iteration= 300 ,loss= 1.349726676940918
client id= 1 ,round= 3 ,epoch= 1 ,client update iteration= 310 ,loss= 1.0924630165100098
client id= 1 ,round= 3 ,epoch= 1 ,client update iteration= 320 ,loss= 1.2453114986419678
client id= 1 ,round= 3 ,epoch= 1 ,client update iteration= 330 ,loss= 0.9679813385009766
client id= 1 ,round= 3 ,epoch= 1 ,client update iteration= 340 ,loss= 0.9317580461502075
client id= 1 ,round= 3 ,epoch= 1 ,client update iteration= 350 ,loss= 1.1516494750976562
client id= 1 ,round= 3 ,epoch= 1 ,client update iteration= 360 ,loss= 1.153218150138855
client id= 1 ,round= 3 ,epoch= 1 ,client update iteration= 370 ,loss= 1.3654229640960693
client id= 1 ,round= 3 ,epoch= 1 ,client update iteration= 380 ,loss= 0.9434293508529663
client id= 1 ,round= 3 ,epoch= 1 ,client update iteration= 390 ,loss= 1.3749550580978394
start cal weight time2021-07-01 11:08:55
end cal weight time2021-07-01 11:08:55
layer= 0 ratio= 0.0625
layer= 1 ratio= 0.0625
layer= 2 ratio= 0.0625
layer= 3 ratio= 0.0625
layer= 4 ratio= 0.0625
layer= 5 ratio= 0.0625
layer= 6 ratio= 0.0625
layer= 7 ratio= 0.0625
layer= 8 ratio= 0.0625
layer= 9 ratio= 0.0625
layer= 10 ratio= 0.0625
layer= 11 ratio= 0.0625
layer= 12 ratio= 0.0625
layer= 13 ratio= 0.0625
layer= 14 ratio= 0.0625
layer= 15 ratio= 0.0625
start add noise2021-07-01 11:08:55
end_add_noise_time2021-07-01 11:08:58
start cal weight time2021-07-01 11:08:58
end cal weight time2021-07-01 11:08:58
layer= 0 ratio= 0.0625
layer= 1 ratio= 0.0625
layer= 2 ratio= 0.0625
layer= 3 ratio= 0.0625
layer= 4 ratio= 0.0625
layer= 5 ratio= 0.0625
layer= 6 ratio= 0.0625
layer= 7 ratio= 0.0625
layer= 8 ratio= 0.0625
layer= 9 ratio= 0.0625
layer= 10 ratio= 0.0625
layer= 11 ratio= 0.0625
layer= 12 ratio= 0.0625
layer= 13 ratio= 0.0625
layer= 14 ratio= 0.0625
layer= 15 ratio= 0.0625
start add noise2021-07-01 11:08:58
end_add_noise_time2021-07-01 11:09:01
average train loss= 1.3275276634394362
2021-07-01 11:09:10,round 3,val Accuracy Top1: 11.330000 %
2021-07-01 11:09:10,round 3,val Accuracy Top5: 61.420000 %
******client id  0 ******
client_update start
client id= 0 ,round= 4 ,epoch= 1 ,client update iteration= 10 ,loss= 2.342989444732666
client id= 0 ,round= 4 ,epoch= 1 ,client update iteration= 20 ,loss= 2.2851898670196533
client id= 0 ,round= 4 ,epoch= 1 ,client update iteration= 30 ,loss= 2.386216640472412
client id= 0 ,round= 4 ,epoch= 1 ,client update iteration= 40 ,loss= 2.2988784313201904
client id= 0 ,round= 4 ,epoch= 1 ,client update iteration= 50 ,loss= 2.3122730255126953
client id= 0 ,round= 4 ,epoch= 1 ,client update iteration= 60 ,loss= 2.3130311965942383
client id= 0 ,round= 4 ,epoch= 1 ,client update iteration= 70 ,loss= 2.294811248779297
client id= 0 ,round= 4 ,epoch= 1 ,client update iteration= 80 ,loss= 2.3276283740997314
client id= 0 ,round= 4 ,epoch= 1 ,client update iteration= 90 ,loss= 2.3079581260681152
client id= 0 ,round= 4 ,epoch= 1 ,client update iteration= 100 ,loss= 2.293074131011963
client id= 0 ,round= 4 ,epoch= 1 ,client update iteration= 110 ,loss= 2.299896478652954
client id= 0 ,round= 4 ,epoch= 1 ,client update iteration= 120 ,loss= 2.3128767013549805
client id= 0 ,round= 4 ,epoch= 1 ,client update iteration= 130 ,loss= 2.3078367710113525
client id= 0 ,round= 4 ,epoch= 1 ,client update iteration= 140 ,loss= 2.3000001907348633
client id= 0 ,round= 4 ,epoch= 1 ,client update iteration= 150 ,loss= 2.325554370880127
client id= 0 ,round= 4 ,epoch= 1 ,client update iteration= 160 ,loss= 2.2877795696258545
client id= 0 ,round= 4 ,epoch= 1 ,client update iteration= 170 ,loss= 2.3028945922851562
client id= 0 ,round= 4 ,epoch= 1 ,client update iteration= 180 ,loss= 2.3204712867736816
client id= 0 ,round= 4 ,epoch= 1 ,client update iteration= 190 ,loss= 2.329184055328369
client id= 0 ,round= 4 ,epoch= 1 ,client update iteration= 200 ,loss= 2.311035633087158
client id= 0 ,round= 4 ,epoch= 1 ,client update iteration= 210 ,loss= 2.3049070835113525
client id= 0 ,round= 4 ,epoch= 1 ,client update iteration= 220 ,loss= 2.311720371246338
client id= 0 ,round= 4 ,epoch= 1 ,client update iteration= 230 ,loss= 2.308480739593506
client id= 0 ,round= 4 ,epoch= 1 ,client update iteration= 240 ,loss= 2.3135645389556885
client id= 0 ,round= 4 ,epoch= 1 ,client update iteration= 250 ,loss= 2.310333490371704
client id= 0 ,round= 4 ,epoch= 1 ,client update iteration= 260 ,loss= 2.309892416000366
client id= 0 ,round= 4 ,epoch= 1 ,client update iteration= 270 ,loss= 2.3090779781341553
client id= 0 ,round= 4 ,epoch= 1 ,client update iteration= 280 ,loss= 2.2731730937957764
client id= 0 ,round= 4 ,epoch= 1 ,client update iteration= 290 ,loss= 2.306274652481079
client id= 0 ,round= 4 ,epoch= 1 ,client update iteration= 300 ,loss= 2.3052423000335693
client id= 0 ,round= 4 ,epoch= 1 ,client update iteration= 310 ,loss= 2.2908222675323486
client id= 0 ,round= 4 ,epoch= 1 ,client update iteration= 320 ,loss= 2.313206672668457
client id= 0 ,round= 4 ,epoch= 1 ,client update iteration= 330 ,loss= 2.3099253177642822
client id= 0 ,round= 4 ,epoch= 1 ,client update iteration= 340 ,loss= 2.307596206665039
client id= 0 ,round= 4 ,epoch= 1 ,client update iteration= 350 ,loss= 2.3113784790039062
client id= 0 ,round= 4 ,epoch= 1 ,client update iteration= 360 ,loss= 2.2924420833587646
client id= 0 ,round= 4 ,epoch= 1 ,client update iteration= 370 ,loss= 2.291167736053467
client id= 0 ,round= 4 ,epoch= 1 ,client update iteration= 380 ,loss= 2.3033182621002197
client id= 0 ,round= 4 ,epoch= 1 ,client update iteration= 390 ,loss= 2.2923502922058105
******client id  1 ******
client_update start
client id= 1 ,round= 4 ,epoch= 1 ,client update iteration= 10 ,loss= 2.280691623687744
client id= 1 ,round= 4 ,epoch= 1 ,client update iteration= 20 ,loss= 2.3259315490722656
client id= 1 ,round= 4 ,epoch= 1 ,client update iteration= 30 ,loss= 2.340616226196289
client id= 1 ,round= 4 ,epoch= 1 ,client update iteration= 40 ,loss= 2.33970308303833
client id= 1 ,round= 4 ,epoch= 1 ,client update iteration= 50 ,loss= 2.3377387523651123
client id= 1 ,round= 4 ,epoch= 1 ,client update iteration= 60 ,loss= 2.2807254791259766
client id= 1 ,round= 4 ,epoch= 1 ,client update iteration= 70 ,loss= 2.32374906539917
client id= 1 ,round= 4 ,epoch= 1 ,client update iteration= 80 ,loss= 2.3072173595428467
client id= 1 ,round= 4 ,epoch= 1 ,client update iteration= 90 ,loss= 2.308725357055664
client id= 1 ,round= 4 ,epoch= 1 ,client update iteration= 100 ,loss= 2.292283296585083
client id= 1 ,round= 4 ,epoch= 1 ,client update iteration= 110 ,loss= 2.2852303981781006
client id= 1 ,round= 4 ,epoch= 1 ,client update iteration= 120 ,loss= 2.2972185611724854
client id= 1 ,round= 4 ,epoch= 1 ,client update iteration= 130 ,loss= 2.2853307723999023
client id= 1 ,round= 4 ,epoch= 1 ,client update iteration= 140 ,loss= 2.314312219619751
client id= 1 ,round= 4 ,epoch= 1 ,client update iteration= 150 ,loss= 2.291978359222412
client id= 1 ,round= 4 ,epoch= 1 ,client update iteration= 160 ,loss= 2.295527219772339
client id= 1 ,round= 4 ,epoch= 1 ,client update iteration= 170 ,loss= 2.304863929748535
client id= 1 ,round= 4 ,epoch= 1 ,client update iteration= 180 ,loss= 2.292202949523926
client id= 1 ,round= 4 ,epoch= 1 ,client update iteration= 190 ,loss= 2.3116188049316406
client id= 1 ,round= 4 ,epoch= 1 ,client update iteration= 200 ,loss= 2.29459810256958
client id= 1 ,round= 4 ,epoch= 1 ,client update iteration= 210 ,loss= 2.3157427310943604
client id= 1 ,round= 4 ,epoch= 1 ,client update iteration= 220 ,loss= 2.3008322715759277
client id= 1 ,round= 4 ,epoch= 1 ,client update iteration= 230 ,loss= 2.297659397125244
client id= 1 ,round= 4 ,epoch= 1 ,client update iteration= 240 ,loss= 2.311004638671875
client id= 1 ,round= 4 ,epoch= 1 ,client update iteration= 250 ,loss= 2.303347110748291
client id= 1 ,round= 4 ,epoch= 1 ,client update iteration= 260 ,loss= 2.302297592163086
client id= 1 ,round= 4 ,epoch= 1 ,client update iteration= 270 ,loss= 2.311692237854004
client id= 1 ,round= 4 ,epoch= 1 ,client update iteration= 280 ,loss= 2.314518451690674
client id= 1 ,round= 4 ,epoch= 1 ,client update iteration= 290 ,loss= 2.2990028858184814
client id= 1 ,round= 4 ,epoch= 1 ,client update iteration= 300 ,loss= 2.3233015537261963
client id= 1 ,round= 4 ,epoch= 1 ,client update iteration= 310 ,loss= 2.303096055984497
client id= 1 ,round= 4 ,epoch= 1 ,client update iteration= 320 ,loss= 2.3024790287017822
client id= 1 ,round= 4 ,epoch= 1 ,client update iteration= 330 ,loss= 2.2747533321380615
client id= 1 ,round= 4 ,epoch= 1 ,client update iteration= 340 ,loss= 2.3130788803100586
client id= 1 ,round= 4 ,epoch= 1 ,client update iteration= 350 ,loss= 2.310706377029419
client id= 1 ,round= 4 ,epoch= 1 ,client update iteration= 360 ,loss= 2.3026680946350098
client id= 1 ,round= 4 ,epoch= 1 ,client update iteration= 370 ,loss= 2.3006739616394043
client id= 1 ,round= 4 ,epoch= 1 ,client update iteration= 380 ,loss= 2.3135366439819336
client id= 1 ,round= 4 ,epoch= 1 ,client update iteration= 390 ,loss= 2.30755615234375
start cal weight time2021-07-01 11:11:37
end cal weight time2021-07-01 11:11:37
layer= 0 ratio= 0.0625
layer= 1 ratio= 0.0625
layer= 2 ratio= 0.0625
layer= 3 ratio= 0.0625
layer= 4 ratio= 0.0625
layer= 5 ratio= 0.0625
layer= 6 ratio= 0.0625
layer= 7 ratio= 0.0625
layer= 8 ratio= 0.0625
layer= 9 ratio= 0.0625
layer= 10 ratio= 0.0625
layer= 11 ratio= 0.0625
layer= 12 ratio= 0.0625
layer= 13 ratio= 0.0625
layer= 14 ratio= 0.0625
layer= 15 ratio= 0.0625
start add noise2021-07-01 11:11:37
end_add_noise_time2021-07-01 11:11:40
start cal weight time2021-07-01 11:11:40
end cal weight time2021-07-01 11:11:40
layer= 0 ratio= 0.0625
layer= 1 ratio= 0.0625
layer= 2 ratio= 0.0625
layer= 3 ratio= 0.0625
layer= 4 ratio= 0.0625
layer= 5 ratio= 0.0625
layer= 6 ratio= 0.0625
layer= 7 ratio= 0.0625
layer= 8 ratio= 0.0625
layer= 9 ratio= 0.0625
layer= 10 ratio= 0.0625
layer= 11 ratio= 0.0625
layer= 12 ratio= 0.0625
layer= 13 ratio= 0.0625
layer= 14 ratio= 0.0625
layer= 15 ratio= 0.0625
start add noise2021-07-01 11:11:40
end_add_noise_time2021-07-01 11:11:43
average train loss= 2.4301307000162655
2021-07-01 11:11:52,round 4,val Accuracy Top1: 10.000000 %
2021-07-01 11:11:52,round 4,val Accuracy Top5: 50.000000 %
******client id  0 ******
client_update start
client id= 0 ,round= 5 ,epoch= 1 ,client update iteration= 10 ,loss= 2.3372602462768555
client id= 0 ,round= 5 ,epoch= 1 ,client update iteration= 20 ,loss= 2.2673940658569336
client id= 0 ,round= 5 ,epoch= 1 ,client update iteration= 30 ,loss= 2.337017297744751
client id= 0 ,round= 5 ,epoch= 1 ,client update iteration= 40 ,loss= 2.330946445465088
client id= 0 ,round= 5 ,epoch= 1 ,client update iteration= 50 ,loss= 2.3066821098327637
client id= 0 ,round= 5 ,epoch= 1 ,client update iteration= 60 ,loss= 2.294095754623413
client id= 0 ,round= 5 ,epoch= 1 ,client update iteration= 70 ,loss= 2.361428737640381
client id= 0 ,round= 5 ,epoch= 1 ,client update iteration= 80 ,loss= 2.3273136615753174
client id= 0 ,round= 5 ,epoch= 1 ,client update iteration= 90 ,loss= 2.324395179748535
client id= 0 ,round= 5 ,epoch= 1 ,client update iteration= 100 ,loss= 2.303335189819336
client id= 0 ,round= 5 ,epoch= 1 ,client update iteration= 110 ,loss= 2.2907450199127197
client id= 0 ,round= 5 ,epoch= 1 ,client update iteration= 120 ,loss= 2.3044345378875732
client id= 0 ,round= 5 ,epoch= 1 ,client update iteration= 130 ,loss= 2.3342669010162354
client id= 0 ,round= 5 ,epoch= 1 ,client update iteration= 140 ,loss= 2.2817330360412598
client id= 0 ,round= 5 ,epoch= 1 ,client update iteration= 150 ,loss= 2.338697671890259
client id= 0 ,round= 5 ,epoch= 1 ,client update iteration= 160 ,loss= 2.313693046569824
client id= 0 ,round= 5 ,epoch= 1 ,client update iteration= 170 ,loss= 2.293895721435547
client id= 0 ,round= 5 ,epoch= 1 ,client update iteration= 180 ,loss= 2.317884922027588
client id= 0 ,round= 5 ,epoch= 1 ,client update iteration= 190 ,loss= 2.3299403190612793
client id= 0 ,round= 5 ,epoch= 1 ,client update iteration= 200 ,loss= 2.337993860244751
client id= 0 ,round= 5 ,epoch= 1 ,client update iteration= 210 ,loss= 2.349987745285034
client id= 0 ,round= 5 ,epoch= 1 ,client update iteration= 220 ,loss= 2.3030381202697754
client id= 0 ,round= 5 ,epoch= 1 ,client update iteration= 230 ,loss= 2.3163037300109863
client id= 0 ,round= 5 ,epoch= 1 ,client update iteration= 240 ,loss= 2.303779363632202
client id= 0 ,round= 5 ,epoch= 1 ,client update iteration= 250 ,loss= 2.305065631866455
client id= 0 ,round= 5 ,epoch= 1 ,client update iteration= 260 ,loss= 2.306276798248291
client id= 0 ,round= 5 ,epoch= 1 ,client update iteration= 270 ,loss= 2.317981719970703
client id= 0 ,round= 5 ,epoch= 1 ,client update iteration= 280 ,loss= 2.283764600753784
client id= 0 ,round= 5 ,epoch= 1 ,client update iteration= 290 ,loss= 2.3359756469726562
client id= 0 ,round= 5 ,epoch= 1 ,client update iteration= 300 ,loss= 2.3402762413024902
client id= 0 ,round= 5 ,epoch= 1 ,client update iteration= 310 ,loss= 2.318230390548706
client id= 0 ,round= 5 ,epoch= 1 ,client update iteration= 320 ,loss= 2.3275952339172363
client id= 0 ,round= 5 ,epoch= 1 ,client update iteration= 330 ,loss= 2.3094284534454346
client id= 0 ,round= 5 ,epoch= 1 ,client update iteration= 340 ,loss= 2.3311498165130615
client id= 0 ,round= 5 ,epoch= 1 ,client update iteration= 350 ,loss= 2.3205044269561768
client id= 0 ,round= 5 ,epoch= 1 ,client update iteration= 360 ,loss= 2.3119306564331055
client id= 0 ,round= 5 ,epoch= 1 ,client update iteration= 370 ,loss= 2.3106305599212646
client id= 0 ,round= 5 ,epoch= 1 ,client update iteration= 380 ,loss= 2.312711238861084
client id= 0 ,round= 5 ,epoch= 1 ,client update iteration= 390 ,loss= 2.317373037338257
******client id  1 ******
client_update start
client id= 1 ,round= 5 ,epoch= 1 ,client update iteration= 10 ,loss= 2.3075804710388184
client id= 1 ,round= 5 ,epoch= 1 ,client update iteration= 20 ,loss= 2.333096504211426
client id= 1 ,round= 5 ,epoch= 1 ,client update iteration= 30 ,loss= 2.3345866203308105
client id= 1 ,round= 5 ,epoch= 1 ,client update iteration= 40 ,loss= 2.3089802265167236
client id= 1 ,round= 5 ,epoch= 1 ,client update iteration= 50 ,loss= 2.3618898391723633
client id= 1 ,round= 5 ,epoch= 1 ,client update iteration= 60 ,loss= 2.333083152770996
client id= 1 ,round= 5 ,epoch= 1 ,client update iteration= 70 ,loss= 2.3149144649505615
client id= 1 ,round= 5 ,epoch= 1 ,client update iteration= 80 ,loss= 2.3266546726226807
client id= 1 ,round= 5 ,epoch= 1 ,client update iteration= 90 ,loss= 2.2988598346710205
client id= 1 ,round= 5 ,epoch= 1 ,client update iteration= 100 ,loss= 2.3406660556793213
client id= 1 ,round= 5 ,epoch= 1 ,client update iteration= 110 ,loss= 2.33787202835083
client id= 1 ,round= 5 ,epoch= 1 ,client update iteration= 120 ,loss= 2.3034157752990723
client id= 1 ,round= 5 ,epoch= 1 ,client update iteration= 130 ,loss= 2.3299131393432617
client id= 1 ,round= 5 ,epoch= 1 ,client update iteration= 140 ,loss= 2.308473825454712
client id= 1 ,round= 5 ,epoch= 1 ,client update iteration= 150 ,loss= 2.318864107131958
client id= 1 ,round= 5 ,epoch= 1 ,client update iteration= 160 ,loss= 2.289602756500244
client id= 1 ,round= 5 ,epoch= 1 ,client update iteration= 170 ,loss= 2.2928898334503174
client id= 1 ,round= 5 ,epoch= 1 ,client update iteration= 180 ,loss= 2.3249056339263916
client id= 1 ,round= 5 ,epoch= 1 ,client update iteration= 190 ,loss= 2.271591901779175
client id= 1 ,round= 5 ,epoch= 1 ,client update iteration= 200 ,loss= 2.284189224243164
client id= 1 ,round= 5 ,epoch= 1 ,client update iteration= 210 ,loss= 2.3265833854675293
client id= 1 ,round= 5 ,epoch= 1 ,client update iteration= 220 ,loss= 2.305415153503418
client id= 1 ,round= 5 ,epoch= 1 ,client update iteration= 230 ,loss= 2.308795213699341
client id= 1 ,round= 5 ,epoch= 1 ,client update iteration= 240 ,loss= 2.323216438293457
client id= 1 ,round= 5 ,epoch= 1 ,client update iteration= 250 ,loss= 2.3389735221862793
client id= 1 ,round= 5 ,epoch= 1 ,client update iteration= 260 ,loss= 2.34120512008667
client id= 1 ,round= 5 ,epoch= 1 ,client update iteration= 270 ,loss= 2.3251953125
client id= 1 ,round= 5 ,epoch= 1 ,client update iteration= 280 ,loss= 2.310387372970581
client id= 1 ,round= 5 ,epoch= 1 ,client update iteration= 290 ,loss= 2.2855172157287598
client id= 1 ,round= 5 ,epoch= 1 ,client update iteration= 300 ,loss= 2.3494865894317627
client id= 1 ,round= 5 ,epoch= 1 ,client update iteration= 310 ,loss= 2.3333334922790527
client id= 1 ,round= 5 ,epoch= 1 ,client update iteration= 320 ,loss= 2.306671619415283
client id= 1 ,round= 5 ,epoch= 1 ,client update iteration= 330 ,loss= 2.3239951133728027
client id= 1 ,round= 5 ,epoch= 1 ,client update iteration= 340 ,loss= 2.3153698444366455
client id= 1 ,round= 5 ,epoch= 1 ,client update iteration= 350 ,loss= 2.3351056575775146
client id= 1 ,round= 5 ,epoch= 1 ,client update iteration= 360 ,loss= 2.2771217823028564
client id= 1 ,round= 5 ,epoch= 1 ,client update iteration= 370 ,loss= 2.309823751449585
client id= 1 ,round= 5 ,epoch= 1 ,client update iteration= 380 ,loss= 2.3047351837158203
client id= 1 ,round= 5 ,epoch= 1 ,client update iteration= 390 ,loss= 2.3207879066467285
start cal weight time2021-07-01 11:14:17
end cal weight time2021-07-01 11:14:17
layer= 0 ratio= 0.0625
layer= 1 ratio= 0.0625
layer= 2 ratio= 0.0625
layer= 3 ratio= 0.0625
layer= 4 ratio= 0.0625
layer= 5 ratio= 0.0625
layer= 6 ratio= 0.0625
layer= 7 ratio= 0.0625
layer= 8 ratio= 0.0625
layer= 9 ratio= 0.0625
layer= 10 ratio= 0.0625
layer= 11 ratio= 0.0625
layer= 12 ratio= 0.0625
layer= 13 ratio= 0.0625
layer= 14 ratio= 0.0625
layer= 15 ratio= 0.0625
start add noise2021-07-01 11:14:17
end_add_noise_time2021-07-01 11:14:20
start cal weight time2021-07-01 11:14:20
end cal weight time2021-07-01 11:14:20
layer= 0 ratio= 0.0625
layer= 1 ratio= 0.0625
layer= 2 ratio= 0.0625
layer= 3 ratio= 0.0625
layer= 4 ratio= 0.0625
layer= 5 ratio= 0.0625
layer= 6 ratio= 0.0625
layer= 7 ratio= 0.0625
layer= 8 ratio= 0.0625
layer= 9 ratio= 0.0625
layer= 10 ratio= 0.0625
layer= 11 ratio= 0.0625
layer= 12 ratio= 0.0625
layer= 13 ratio= 0.0625
layer= 14 ratio= 0.0625
layer= 15 ratio= 0.0625
start add noise2021-07-01 11:14:20
end_add_noise_time2021-07-01 11:14:24
average train loss= 2.316367013680051
2021-07-01 11:14:32,round 5,val Accuracy Top1: 10.000000 %
2021-07-01 11:14:32,round 5,val Accuracy Top5: 50.000000 %
******client id  0 ******
client_update start
client id= 0 ,round= 6 ,epoch= 1 ,client update iteration= 10 ,loss= 2.374581813812256
client id= 0 ,round= 6 ,epoch= 1 ,client update iteration= 20 ,loss= 2.291715621948242
client id= 0 ,round= 6 ,epoch= 1 ,client update iteration= 30 ,loss= 2.2847564220428467
client id= 0 ,round= 6 ,epoch= 1 ,client update iteration= 40 ,loss= 2.315878391265869
client id= 0 ,round= 6 ,epoch= 1 ,client update iteration= 50 ,loss= 2.2993524074554443
client id= 0 ,round= 6 ,epoch= 1 ,client update iteration= 60 ,loss= 2.3196861743927
client id= 0 ,round= 6 ,epoch= 1 ,client update iteration= 70 ,loss= 2.3125722408294678
client id= 0 ,round= 6 ,epoch= 1 ,client update iteration= 80 ,loss= 2.2840373516082764
client id= 0 ,round= 6 ,epoch= 1 ,client update iteration= 90 ,loss= 2.30295729637146
client id= 0 ,round= 6 ,epoch= 1 ,client update iteration= 100 ,loss= 2.311720132827759
client id= 0 ,round= 6 ,epoch= 1 ,client update iteration= 110 ,loss= 2.3170487880706787
client id= 0 ,round= 6 ,epoch= 1 ,client update iteration= 120 ,loss= 2.2894527912139893
client id= 0 ,round= 6 ,epoch= 1 ,client update iteration= 130 ,loss= 2.323864459991455
client id= 0 ,round= 6 ,epoch= 1 ,client update iteration= 140 ,loss= 2.3116822242736816
client id= 0 ,round= 6 ,epoch= 1 ,client update iteration= 150 ,loss= 2.303753137588501
client id= 0 ,round= 6 ,epoch= 1 ,client update iteration= 160 ,loss= 2.3105428218841553
client id= 0 ,round= 6 ,epoch= 1 ,client update iteration= 170 ,loss= 2.303903579711914
client id= 0 ,round= 6 ,epoch= 1 ,client update iteration= 180 ,loss= 2.3168163299560547
client id= 0 ,round= 6 ,epoch= 1 ,client update iteration= 190 ,loss= 2.3179337978363037
client id= 0 ,round= 6 ,epoch= 1 ,client update iteration= 200 ,loss= 2.3113949298858643
client id= 0 ,round= 6 ,epoch= 1 ,client update iteration= 210 ,loss= 2.309739589691162
client id= 0 ,round= 6 ,epoch= 1 ,client update iteration= 220 ,loss= 2.314540386199951
client id= 0 ,round= 6 ,epoch= 1 ,client update iteration= 230 ,loss= 2.2960357666015625
client id= 0 ,round= 6 ,epoch= 1 ,client update iteration= 240 ,loss= 2.3147521018981934
client id= 0 ,round= 6 ,epoch= 1 ,client update iteration= 250 ,loss= 2.3009402751922607
client id= 0 ,round= 6 ,epoch= 1 ,client update iteration= 260 ,loss= 2.2994425296783447
client id= 0 ,round= 6 ,epoch= 1 ,client update iteration= 270 ,loss= 2.3097877502441406
client id= 0 ,round= 6 ,epoch= 1 ,client update iteration= 280 ,loss= 2.306058406829834
client id= 0 ,round= 6 ,epoch= 1 ,client update iteration= 290 ,loss= 2.3048291206359863
client id= 0 ,round= 6 ,epoch= 1 ,client update iteration= 300 ,loss= 2.2941954135894775
client id= 0 ,round= 6 ,epoch= 1 ,client update iteration= 310 ,loss= 2.314314603805542
client id= 0 ,round= 6 ,epoch= 1 ,client update iteration= 320 ,loss= 2.318420886993408
client id= 0 ,round= 6 ,epoch= 1 ,client update iteration= 330 ,loss= 2.3106648921966553
client id= 0 ,round= 6 ,epoch= 1 ,client update iteration= 340 ,loss= 2.2954626083374023
client id= 0 ,round= 6 ,epoch= 1 ,client update iteration= 350 ,loss= 2.3014729022979736
client id= 0 ,round= 6 ,epoch= 1 ,client update iteration= 360 ,loss= 2.312570333480835
client id= 0 ,round= 6 ,epoch= 1 ,client update iteration= 370 ,loss= 2.310227870941162
client id= 0 ,round= 6 ,epoch= 1 ,client update iteration= 380 ,loss= 2.298476219177246
client id= 0 ,round= 6 ,epoch= 1 ,client update iteration= 390 ,loss= 2.3164405822753906
******client id  1 ******
client_update start
client id= 1 ,round= 6 ,epoch= 1 ,client update iteration= 10 ,loss= 2.333163261413574
client id= 1 ,round= 6 ,epoch= 1 ,client update iteration= 20 ,loss= 2.3558361530303955
client id= 1 ,round= 6 ,epoch= 1 ,client update iteration= 30 ,loss= 2.2799670696258545
client id= 1 ,round= 6 ,epoch= 1 ,client update iteration= 40 ,loss= 2.3163156509399414
client id= 1 ,round= 6 ,epoch= 1 ,client update iteration= 50 ,loss= 2.3113958835601807
client id= 1 ,round= 6 ,epoch= 1 ,client update iteration= 60 ,loss= 2.347722291946411
client id= 1 ,round= 6 ,epoch= 1 ,client update iteration= 70 ,loss= 2.2889456748962402
client id= 1 ,round= 6 ,epoch= 1 ,client update iteration= 80 ,loss= 2.33732533454895
client id= 1 ,round= 6 ,epoch= 1 ,client update iteration= 90 ,loss= 2.357656240463257
client id= 1 ,round= 6 ,epoch= 1 ,client update iteration= 100 ,loss= 2.309940814971924
client id= 1 ,round= 6 ,epoch= 1 ,client update iteration= 110 ,loss= 2.347031593322754
client id= 1 ,round= 6 ,epoch= 1 ,client update iteration= 120 ,loss= 2.2953250408172607
client id= 1 ,round= 6 ,epoch= 1 ,client update iteration= 130 ,loss= 2.319270372390747
client id= 1 ,round= 6 ,epoch= 1 ,client update iteration= 140 ,loss= 2.310781240463257
client id= 1 ,round= 6 ,epoch= 1 ,client update iteration= 150 ,loss= 2.2838752269744873
client id= 1 ,round= 6 ,epoch= 1 ,client update iteration= 160 ,loss= 2.302335739135742
client id= 1 ,round= 6 ,epoch= 1 ,client update iteration= 170 ,loss= 2.292945146560669
client id= 1 ,round= 6 ,epoch= 1 ,client update iteration= 180 ,loss= 2.3167176246643066
client id= 1 ,round= 6 ,epoch= 1 ,client update iteration= 190 ,loss= 2.306338310241699
client id= 1 ,round= 6 ,epoch= 1 ,client update iteration= 200 ,loss= 2.3156371116638184
client id= 1 ,round= 6 ,epoch= 1 ,client update iteration= 210 ,loss= 2.304145574569702
client id= 1 ,round= 6 ,epoch= 1 ,client update iteration= 220 ,loss= 2.2965879440307617
client id= 1 ,round= 6 ,epoch= 1 ,client update iteration= 230 ,loss= 2.305341958999634
client id= 1 ,round= 6 ,epoch= 1 ,client update iteration= 240 ,loss= 2.2790231704711914
client id= 1 ,round= 6 ,epoch= 1 ,client update iteration= 250 ,loss= 2.296872615814209
client id= 1 ,round= 6 ,epoch= 1 ,client update iteration= 260 ,loss= 2.300851821899414
client id= 1 ,round= 6 ,epoch= 1 ,client update iteration= 270 ,loss= 2.300128221511841
client id= 1 ,round= 6 ,epoch= 1 ,client update iteration= 280 ,loss= 2.3141322135925293
client id= 1 ,round= 6 ,epoch= 1 ,client update iteration= 290 ,loss= 2.309023857116699
client id= 1 ,round= 6 ,epoch= 1 ,client update iteration= 300 ,loss= 2.312295436859131
client id= 1 ,round= 6 ,epoch= 1 ,client update iteration= 310 ,loss= 2.2992606163024902
client id= 1 ,round= 6 ,epoch= 1 ,client update iteration= 320 ,loss= 2.2965781688690186
client id= 1 ,round= 6 ,epoch= 1 ,client update iteration= 330 ,loss= 2.3146023750305176
client id= 1 ,round= 6 ,epoch= 1 ,client update iteration= 340 ,loss= 2.3118553161621094
client id= 1 ,round= 6 ,epoch= 1 ,client update iteration= 350 ,loss= 2.2995738983154297
client id= 1 ,round= 6 ,epoch= 1 ,client update iteration= 360 ,loss= 2.3001418113708496
client id= 1 ,round= 6 ,epoch= 1 ,client update iteration= 370 ,loss= 2.3107926845550537
client id= 1 ,round= 6 ,epoch= 1 ,client update iteration= 380 ,loss= 2.30698561668396
client id= 1 ,round= 6 ,epoch= 1 ,client update iteration= 390 ,loss= 2.309191942214966
start cal weight time2021-07-01 11:16:58
end cal weight time2021-07-01 11:16:58
layer= 0 ratio= 0.0625
layer= 1 ratio= 0.0625
layer= 2 ratio= 0.0625
layer= 3 ratio= 0.0625
layer= 4 ratio= 0.0625
layer= 5 ratio= 0.0625
layer= 6 ratio= 0.0625
layer= 7 ratio= 0.0625
layer= 8 ratio= 0.0625
layer= 9 ratio= 0.0625
layer= 10 ratio= 0.0625
layer= 11 ratio= 0.0625
layer= 12 ratio= 0.0625
layer= 13 ratio= 0.0625
layer= 14 ratio= 0.0625
layer= 15 ratio= 0.0625
start add noise2021-07-01 11:16:58
end_add_noise_time2021-07-01 11:17:01
start cal weight time2021-07-01 11:17:01
end cal weight time2021-07-01 11:17:01
layer= 0 ratio= 0.0625
layer= 1 ratio= 0.0625
layer= 2 ratio= 0.0625
layer= 3 ratio= 0.0625
layer= 4 ratio= 0.0625
layer= 5 ratio= 0.0625
layer= 6 ratio= 0.0625
layer= 7 ratio= 0.0625
layer= 8 ratio= 0.0625
layer= 9 ratio= 0.0625
layer= 10 ratio= 0.0625
layer= 11 ratio= 0.0625
layer= 12 ratio= 0.0625
layer= 13 ratio= 0.0625
layer= 14 ratio= 0.0625
layer= 15 ratio= 0.0625
start add noise2021-07-01 11:17:01
end_add_noise_time2021-07-01 11:17:05
average train loss= 2.3122360752061812
2021-07-01 11:17:13,round 6,val Accuracy Top1: 10.000000 %
2021-07-01 11:17:13,round 6,val Accuracy Top5: 50.000000 %
******client id  0 ******
client_update start
client id= 0 ,round= 7 ,epoch= 1 ,client update iteration= 10 ,loss= 2.299506902694702
client id= 0 ,round= 7 ,epoch= 1 ,client update iteration= 20 ,loss= 2.3384501934051514
client id= 0 ,round= 7 ,epoch= 1 ,client update iteration= 30 ,loss= 2.3061907291412354
client id= 0 ,round= 7 ,epoch= 1 ,client update iteration= 40 ,loss= 2.3007404804229736
client id= 0 ,round= 7 ,epoch= 1 ,client update iteration= 50 ,loss= 2.3053243160247803
client id= 0 ,round= 7 ,epoch= 1 ,client update iteration= 60 ,loss= 2.306724786758423
client id= 0 ,round= 7 ,epoch= 1 ,client update iteration= 70 ,loss= 2.3073649406433105
client id= 0 ,round= 7 ,epoch= 1 ,client update iteration= 80 ,loss= 2.311427593231201
client id= 0 ,round= 7 ,epoch= 1 ,client update iteration= 90 ,loss= 2.2888152599334717
client id= 0 ,round= 7 ,epoch= 1 ,client update iteration= 100 ,loss= 2.2969369888305664
client id= 0 ,round= 7 ,epoch= 1 ,client update iteration= 110 ,loss= 2.2980520725250244
client id= 0 ,round= 7 ,epoch= 1 ,client update iteration= 120 ,loss= 2.292841672897339
client id= 0 ,round= 7 ,epoch= 1 ,client update iteration= 130 ,loss= 2.3107964992523193
client id= 0 ,round= 7 ,epoch= 1 ,client update iteration= 140 ,loss= 2.308181047439575
client id= 0 ,round= 7 ,epoch= 1 ,client update iteration= 150 ,loss= 2.3062262535095215
client id= 0 ,round= 7 ,epoch= 1 ,client update iteration= 160 ,loss= 2.29241681098938
client id= 0 ,round= 7 ,epoch= 1 ,client update iteration= 170 ,loss= 2.29801869392395
client id= 0 ,round= 7 ,epoch= 1 ,client update iteration= 180 ,loss= 2.3050448894500732
client id= 0 ,round= 7 ,epoch= 1 ,client update iteration= 190 ,loss= 2.3038086891174316
client id= 0 ,round= 7 ,epoch= 1 ,client update iteration= 200 ,loss= 2.3067007064819336
client id= 0 ,round= 7 ,epoch= 1 ,client update iteration= 210 ,loss= 2.304325580596924
client id= 0 ,round= 7 ,epoch= 1 ,client update iteration= 220 ,loss= 2.293278932571411
client id= 0 ,round= 7 ,epoch= 1 ,client update iteration= 230 ,loss= 2.302760124206543
client id= 0 ,round= 7 ,epoch= 1 ,client update iteration= 240 ,loss= 2.3010263442993164
client id= 0 ,round= 7 ,epoch= 1 ,client update iteration= 250 ,loss= 2.3021903038024902
client id= 0 ,round= 7 ,epoch= 1 ,client update iteration= 260 ,loss= 2.303375482559204
client id= 0 ,round= 7 ,epoch= 1 ,client update iteration= 270 ,loss= 2.3044381141662598
client id= 0 ,round= 7 ,epoch= 1 ,client update iteration= 280 ,loss= 2.301772117614746
client id= 0 ,round= 7 ,epoch= 1 ,client update iteration= 290 ,loss= 2.3030874729156494
client id= 0 ,round= 7 ,epoch= 1 ,client update iteration= 300 ,loss= 2.3017425537109375
client id= 0 ,round= 7 ,epoch= 1 ,client update iteration= 310 ,loss= 2.303426504135132
client id= 0 ,round= 7 ,epoch= 1 ,client update iteration= 320 ,loss= 2.3007380962371826
client id= 0 ,round= 7 ,epoch= 1 ,client update iteration= 330 ,loss= 2.3030521869659424
client id= 0 ,round= 7 ,epoch= 1 ,client update iteration= 340 ,loss= 2.29897403717041
client id= 0 ,round= 7 ,epoch= 1 ,client update iteration= 350 ,loss= 2.306145668029785
client id= 0 ,round= 7 ,epoch= 1 ,client update iteration= 360 ,loss= 2.3009960651397705
client id= 0 ,round= 7 ,epoch= 1 ,client update iteration= 370 ,loss= 2.301909923553467
client id= 0 ,round= 7 ,epoch= 1 ,client update iteration= 380 ,loss= 2.3029589653015137
client id= 0 ,round= 7 ,epoch= 1 ,client update iteration= 390 ,loss= 2.2996013164520264
******client id  1 ******
client_update start
client id= 1 ,round= 7 ,epoch= 1 ,client update iteration= 10 ,loss= 2.30184268951416
client id= 1 ,round= 7 ,epoch= 1 ,client update iteration= 20 ,loss= 2.3095946311950684
client id= 1 ,round= 7 ,epoch= 1 ,client update iteration= 30 ,loss= 2.3033487796783447
client id= 1 ,round= 7 ,epoch= 1 ,client update iteration= 40 ,loss= 2.304041862487793
client id= 1 ,round= 7 ,epoch= 1 ,client update iteration= 50 ,loss= 2.312044143676758
client id= 1 ,round= 7 ,epoch= 1 ,client update iteration= 60 ,loss= 2.3004136085510254
client id= 1 ,round= 7 ,epoch= 1 ,client update iteration= 70 ,loss= 2.2999305725097656
client id= 1 ,round= 7 ,epoch= 1 ,client update iteration= 80 ,loss= 2.305699348449707
client id= 1 ,round= 7 ,epoch= 1 ,client update iteration= 90 ,loss= 2.3041467666625977
client id= 1 ,round= 7 ,epoch= 1 ,client update iteration= 100 ,loss= 2.3011279106140137
client id= 1 ,round= 7 ,epoch= 1 ,client update iteration= 110 ,loss= 2.2982537746429443
client id= 1 ,round= 7 ,epoch= 1 ,client update iteration= 120 ,loss= 2.303441286087036
client id= 1 ,round= 7 ,epoch= 1 ,client update iteration= 130 ,loss= 2.3093698024749756
client id= 1 ,round= 7 ,epoch= 1 ,client update iteration= 140 ,loss= 2.3013038635253906
client id= 1 ,round= 7 ,epoch= 1 ,client update iteration= 150 ,loss= 2.2966558933258057
client id= 1 ,round= 7 ,epoch= 1 ,client update iteration= 160 ,loss= 2.297912836074829
client id= 1 ,round= 7 ,epoch= 1 ,client update iteration= 170 ,loss= 2.307591199874878
client id= 1 ,round= 7 ,epoch= 1 ,client update iteration= 180 ,loss= 2.302499532699585
client id= 1 ,round= 7 ,epoch= 1 ,client update iteration= 190 ,loss= 2.304105043411255
client id= 1 ,round= 7 ,epoch= 1 ,client update iteration= 200 ,loss= 2.300687551498413
client id= 1 ,round= 7 ,epoch= 1 ,client update iteration= 210 ,loss= 2.3045132160186768
client id= 1 ,round= 7 ,epoch= 1 ,client update iteration= 220 ,loss= 2.2992918491363525
client id= 1 ,round= 7 ,epoch= 1 ,client update iteration= 230 ,loss= 2.3097918033599854
client id= 1 ,round= 7 ,epoch= 1 ,client update iteration= 240 ,loss= 2.3081581592559814
client id= 1 ,round= 7 ,epoch= 1 ,client update iteration= 250 ,loss= 2.2994329929351807
client id= 1 ,round= 7 ,epoch= 1 ,client update iteration= 260 ,loss= 2.303635358810425
client id= 1 ,round= 7 ,epoch= 1 ,client update iteration= 270 ,loss= 2.30657958984375
client id= 1 ,round= 7 ,epoch= 1 ,client update iteration= 280 ,loss= 2.3016977310180664
client id= 1 ,round= 7 ,epoch= 1 ,client update iteration= 290 ,loss= 2.298924684524536
client id= 1 ,round= 7 ,epoch= 1 ,client update iteration= 300 ,loss= 2.3016021251678467
client id= 1 ,round= 7 ,epoch= 1 ,client update iteration= 310 ,loss= 2.308063268661499
client id= 1 ,round= 7 ,epoch= 1 ,client update iteration= 320 ,loss= 2.3047590255737305
client id= 1 ,round= 7 ,epoch= 1 ,client update iteration= 330 ,loss= 2.304245948791504
client id= 1 ,round= 7 ,epoch= 1 ,client update iteration= 340 ,loss= 2.2974636554718018
client id= 1 ,round= 7 ,epoch= 1 ,client update iteration= 350 ,loss= 2.3052592277526855
client id= 1 ,round= 7 ,epoch= 1 ,client update iteration= 360 ,loss= 2.304425001144409
client id= 1 ,round= 7 ,epoch= 1 ,client update iteration= 370 ,loss= 2.3018178939819336
client id= 1 ,round= 7 ,epoch= 1 ,client update iteration= 380 ,loss= 2.3004302978515625
client id= 1 ,round= 7 ,epoch= 1 ,client update iteration= 390 ,loss= 2.303593873977661
start cal weight time2021-07-01 11:19:39
end cal weight time2021-07-01 11:19:39
layer= 0 ratio= 0.0625
layer= 1 ratio= 0.0625
layer= 2 ratio= 0.0625
layer= 3 ratio= 0.0625
layer= 4 ratio= 0.0625
layer= 5 ratio= 0.0625
layer= 6 ratio= 0.0625
layer= 7 ratio= 0.0625
layer= 8 ratio= 0.0625
layer= 9 ratio= 0.0625
layer= 10 ratio= 0.0625
layer= 11 ratio= 0.0625
layer= 12 ratio= 0.0625
layer= 13 ratio= 0.0625
layer= 14 ratio= 0.0625
layer= 15 ratio= 0.0625
start add noise2021-07-01 11:19:39
end_add_noise_time2021-07-01 11:19:42
start cal weight time2021-07-01 11:19:42
end cal weight time2021-07-01 11:19:42
layer= 0 ratio= 0.0625
layer= 1 ratio= 0.0625
layer= 2 ratio= 0.0625
layer= 3 ratio= 0.0625
layer= 4 ratio= 0.0625
layer= 5 ratio= 0.0625
layer= 6 ratio= 0.0625
layer= 7 ratio= 0.0625
layer= 8 ratio= 0.0625
layer= 9 ratio= 0.0625
layer= 10 ratio= 0.0625
layer= 11 ratio= 0.0625
layer= 12 ratio= 0.0625
layer= 13 ratio= 0.0625
layer= 14 ratio= 0.0625
layer= 15 ratio= 0.0625
start add noise2021-07-01 11:19:42
end_add_noise_time2021-07-01 11:19:45
average train loss= 2.303618707010508
2021-07-01 11:19:54,round 7,val Accuracy Top1: 10.000000 %
2021-07-01 11:19:54,round 7,val Accuracy Top5: 50.000000 %
******client id  0 ******
client_update start
client id= 0 ,round= 8 ,epoch= 1 ,client update iteration= 10 ,loss= 2.301905870437622
client id= 0 ,round= 8 ,epoch= 1 ,client update iteration= 20 ,loss= 2.3043737411499023
client id= 0 ,round= 8 ,epoch= 1 ,client update iteration= 30 ,loss= 2.3073244094848633
client id= 0 ,round= 8 ,epoch= 1 ,client update iteration= 40 ,loss= 2.298095226287842
client id= 0 ,round= 8 ,epoch= 1 ,client update iteration= 50 ,loss= 2.3025858402252197
client id= 0 ,round= 8 ,epoch= 1 ,client update iteration= 60 ,loss= 2.3017640113830566
client id= 0 ,round= 8 ,epoch= 1 ,client update iteration= 70 ,loss= 2.3032054901123047
client id= 0 ,round= 8 ,epoch= 1 ,client update iteration= 80 ,loss= 2.2993905544281006
client id= 0 ,round= 8 ,epoch= 1 ,client update iteration= 90 ,loss= 2.3029797077178955
client id= 0 ,round= 8 ,epoch= 1 ,client update iteration= 100 ,loss= 2.3053858280181885
client id= 0 ,round= 8 ,epoch= 1 ,client update iteration= 110 ,loss= 2.3044350147247314
client id= 0 ,round= 8 ,epoch= 1 ,client update iteration= 120 ,loss= 2.3009722232818604
client id= 0 ,round= 8 ,epoch= 1 ,client update iteration= 130 ,loss= 2.298506021499634
client id= 0 ,round= 8 ,epoch= 1 ,client update iteration= 140 ,loss= 2.300018072128296
client id= 0 ,round= 8 ,epoch= 1 ,client update iteration= 150 ,loss= 2.301795482635498
client id= 0 ,round= 8 ,epoch= 1 ,client update iteration= 160 ,loss= 2.3028199672698975
client id= 0 ,round= 8 ,epoch= 1 ,client update iteration= 170 ,loss= 2.2991907596588135
client id= 0 ,round= 8 ,epoch= 1 ,client update iteration= 180 ,loss= 2.3039398193359375
client id= 0 ,round= 8 ,epoch= 1 ,client update iteration= 190 ,loss= 2.305976390838623
client id= 0 ,round= 8 ,epoch= 1 ,client update iteration= 200 ,loss= 2.3044443130493164
client id= 0 ,round= 8 ,epoch= 1 ,client update iteration= 210 ,loss= 2.303006172180176
client id= 0 ,round= 8 ,epoch= 1 ,client update iteration= 220 ,loss= 2.305224657058716
client id= 0 ,round= 8 ,epoch= 1 ,client update iteration= 230 ,loss= 2.305006265640259
client id= 0 ,round= 8 ,epoch= 1 ,client update iteration= 240 ,loss= 2.3040521144866943
client id= 0 ,round= 8 ,epoch= 1 ,client update iteration= 250 ,loss= 2.3015992641448975
client id= 0 ,round= 8 ,epoch= 1 ,client update iteration= 260 ,loss= 2.3029720783233643
client id= 0 ,round= 8 ,epoch= 1 ,client update iteration= 270 ,loss= 2.3052608966827393
client id= 0 ,round= 8 ,epoch= 1 ,client update iteration= 280 ,loss= 2.3029210567474365
client id= 0 ,round= 8 ,epoch= 1 ,client update iteration= 290 ,loss= 2.301003932952881
client id= 0 ,round= 8 ,epoch= 1 ,client update iteration= 300 ,loss= 2.3034791946411133
client id= 0 ,round= 8 ,epoch= 1 ,client update iteration= 310 ,loss= 2.301527500152588
client id= 0 ,round= 8 ,epoch= 1 ,client update iteration= 320 ,loss= 2.3016722202301025
client id= 0 ,round= 8 ,epoch= 1 ,client update iteration= 330 ,loss= 2.302426815032959
client id= 0 ,round= 8 ,epoch= 1 ,client update iteration= 340 ,loss= 2.304121255874634
client id= 0 ,round= 8 ,epoch= 1 ,client update iteration= 350 ,loss= 2.303098440170288
client id= 0 ,round= 8 ,epoch= 1 ,client update iteration= 360 ,loss= 2.3005149364471436
client id= 0 ,round= 8 ,epoch= 1 ,client update iteration= 370 ,loss= 2.3019816875457764
client id= 0 ,round= 8 ,epoch= 1 ,client update iteration= 380 ,loss= 2.302070140838623
client id= 0 ,round= 8 ,epoch= 1 ,client update iteration= 390 ,loss= 2.301389217376709
******client id  1 ******
client_update start
client id= 1 ,round= 8 ,epoch= 1 ,client update iteration= 10 ,loss= 2.3044028282165527
client id= 1 ,round= 8 ,epoch= 1 ,client update iteration= 20 ,loss= 2.303861618041992
client id= 1 ,round= 8 ,epoch= 1 ,client update iteration= 30 ,loss= 2.3025641441345215
client id= 1 ,round= 8 ,epoch= 1 ,client update iteration= 40 ,loss= 2.3031082153320312
client id= 1 ,round= 8 ,epoch= 1 ,client update iteration= 50 ,loss= 2.301901340484619
client id= 1 ,round= 8 ,epoch= 1 ,client update iteration= 60 ,loss= 2.2975549697875977
client id= 1 ,round= 8 ,epoch= 1 ,client update iteration= 70 ,loss= 2.2993834018707275
client id= 1 ,round= 8 ,epoch= 1 ,client update iteration= 80 ,loss= 2.3012731075286865
client id= 1 ,round= 8 ,epoch= 1 ,client update iteration= 90 ,loss= 2.301438808441162
client id= 1 ,round= 8 ,epoch= 1 ,client update iteration= 100 ,loss= 2.3023734092712402
client id= 1 ,round= 8 ,epoch= 1 ,client update iteration= 110 ,loss= 2.3060803413391113
client id= 1 ,round= 8 ,epoch= 1 ,client update iteration= 120 ,loss= 2.302151918411255
client id= 1 ,round= 8 ,epoch= 1 ,client update iteration= 130 ,loss= 2.3011558055877686
client id= 1 ,round= 8 ,epoch= 1 ,client update iteration= 140 ,loss= 2.304755687713623
client id= 1 ,round= 8 ,epoch= 1 ,client update iteration= 150 ,loss= 2.3056399822235107
client id= 1 ,round= 8 ,epoch= 1 ,client update iteration= 160 ,loss= 2.307891845703125
client id= 1 ,round= 8 ,epoch= 1 ,client update iteration= 170 ,loss= 2.3044142723083496
client id= 1 ,round= 8 ,epoch= 1 ,client update iteration= 180 ,loss= 2.304091453552246
client id= 1 ,round= 8 ,epoch= 1 ,client update iteration= 190 ,loss= 2.305633068084717
client id= 1 ,round= 8 ,epoch= 1 ,client update iteration= 200 ,loss= 2.3004233837127686
client id= 1 ,round= 8 ,epoch= 1 ,client update iteration= 210 ,loss= 2.3027217388153076
client id= 1 ,round= 8 ,epoch= 1 ,client update iteration= 220 ,loss= 2.3075613975524902
client id= 1 ,round= 8 ,epoch= 1 ,client update iteration= 230 ,loss= 2.3027596473693848
client id= 1 ,round= 8 ,epoch= 1 ,client update iteration= 240 ,loss= 2.3029773235321045
client id= 1 ,round= 8 ,epoch= 1 ,client update iteration= 250 ,loss= 2.303276300430298
client id= 1 ,round= 8 ,epoch= 1 ,client update iteration= 260 ,loss= 2.303093910217285
client id= 1 ,round= 8 ,epoch= 1 ,client update iteration= 270 ,loss= 2.3028111457824707
client id= 1 ,round= 8 ,epoch= 1 ,client update iteration= 280 ,loss= 2.3012712001800537
client id= 1 ,round= 8 ,epoch= 1 ,client update iteration= 290 ,loss= 2.3023500442504883
client id= 1 ,round= 8 ,epoch= 1 ,client update iteration= 300 ,loss= 2.305527687072754
client id= 1 ,round= 8 ,epoch= 1 ,client update iteration= 310 ,loss= 2.301576614379883
client id= 1 ,round= 8 ,epoch= 1 ,client update iteration= 320 ,loss= 2.3025102615356445
client id= 1 ,round= 8 ,epoch= 1 ,client update iteration= 330 ,loss= 2.3024144172668457
client id= 1 ,round= 8 ,epoch= 1 ,client update iteration= 340 ,loss= 2.3021059036254883
client id= 1 ,round= 8 ,epoch= 1 ,client update iteration= 350 ,loss= 2.3044745922088623
client id= 1 ,round= 8 ,epoch= 1 ,client update iteration= 360 ,loss= 2.302464723587036
client id= 1 ,round= 8 ,epoch= 1 ,client update iteration= 370 ,loss= 2.3040242195129395
client id= 1 ,round= 8 ,epoch= 1 ,client update iteration= 380 ,loss= 2.301547050476074
client id= 1 ,round= 8 ,epoch= 1 ,client update iteration= 390 ,loss= 2.2997617721557617
start cal weight time2021-07-01 11:22:25
end cal weight time2021-07-01 11:22:25
layer= 0 ratio= 0.0625
layer= 1 ratio= 0.0625
layer= 2 ratio= 0.0625
layer= 3 ratio= 0.0625
layer= 4 ratio= 0.0625
layer= 5 ratio= 0.0625
layer= 6 ratio= 0.0625
layer= 7 ratio= 0.0625
layer= 8 ratio= 0.0625
layer= 9 ratio= 0.0625
layer= 10 ratio= 0.0625
layer= 11 ratio= 0.0625
layer= 12 ratio= 0.0625
layer= 13 ratio= 0.0625
layer= 14 ratio= 0.0625
layer= 15 ratio= 0.0625
start add noise2021-07-01 11:22:25
end_add_noise_time2021-07-01 11:22:29
start cal weight time2021-07-01 11:22:29
end cal weight time2021-07-01 11:22:29
layer= 0 ratio= 0.0625
layer= 1 ratio= 0.0625
layer= 2 ratio= 0.0625
layer= 3 ratio= 0.0625
layer= 4 ratio= 0.0625
layer= 5 ratio= 0.0625
layer= 6 ratio= 0.0625
layer= 7 ratio= 0.0625
layer= 8 ratio= 0.0625
layer= 9 ratio= 0.0625
layer= 10 ratio= 0.0625
layer= 11 ratio= 0.0625
layer= 12 ratio= 0.0625
layer= 13 ratio= 0.0625
layer= 14 ratio= 0.0625
layer= 15 ratio= 0.0625
start add noise2021-07-01 11:22:29
end_add_noise_time2021-07-01 11:22:32
average train loss= 2.302786619157133
2021-07-01 11:22:42,round 8,val Accuracy Top1: 10.000000 %
2021-07-01 11:22:42,round 8,val Accuracy Top5: 50.000000 %
******client id  0 ******
client_update start
client id= 0 ,round= 9 ,epoch= 1 ,client update iteration= 10 ,loss= 2.302338123321533
client id= 0 ,round= 9 ,epoch= 1 ,client update iteration= 20 ,loss= 2.30204439163208
client id= 0 ,round= 9 ,epoch= 1 ,client update iteration= 30 ,loss= 2.3034656047821045
client id= 0 ,round= 9 ,epoch= 1 ,client update iteration= 40 ,loss= 2.301877498626709
client id= 0 ,round= 9 ,epoch= 1 ,client update iteration= 50 ,loss= 2.3025059700012207
client id= 0 ,round= 9 ,epoch= 1 ,client update iteration= 60 ,loss= 2.3033928871154785
client id= 0 ,round= 9 ,epoch= 1 ,client update iteration= 70 ,loss= 2.3014962673187256
client id= 0 ,round= 9 ,epoch= 1 ,client update iteration= 80 ,loss= 2.3041365146636963
client id= 0 ,round= 9 ,epoch= 1 ,client update iteration= 90 ,loss= 2.3016045093536377
client id= 0 ,round= 9 ,epoch= 1 ,client update iteration= 100 ,loss= 2.3029463291168213
client id= 0 ,round= 9 ,epoch= 1 ,client update iteration= 110 ,loss= 2.304442882537842
client id= 0 ,round= 9 ,epoch= 1 ,client update iteration= 120 ,loss= 2.303588628768921
client id= 0 ,round= 9 ,epoch= 1 ,client update iteration= 130 ,loss= 2.302428960800171
client id= 0 ,round= 9 ,epoch= 1 ,client update iteration= 140 ,loss= 2.303921937942505
client id= 0 ,round= 9 ,epoch= 1 ,client update iteration= 150 ,loss= 2.302121877670288
client id= 0 ,round= 9 ,epoch= 1 ,client update iteration= 160 ,loss= 2.303192138671875
client id= 0 ,round= 9 ,epoch= 1 ,client update iteration= 170 ,loss= 2.302647352218628
client id= 0 ,round= 9 ,epoch= 1 ,client update iteration= 180 ,loss= 2.302143096923828
client id= 0 ,round= 9 ,epoch= 1 ,client update iteration= 190 ,loss= 2.303165912628174
client id= 0 ,round= 9 ,epoch= 1 ,client update iteration= 200 ,loss= 2.3013017177581787
client id= 0 ,round= 9 ,epoch= 1 ,client update iteration= 210 ,loss= 2.301135301589966
client id= 0 ,round= 9 ,epoch= 1 ,client update iteration= 220 ,loss= 2.301093339920044
client id= 0 ,round= 9 ,epoch= 1 ,client update iteration= 230 ,loss= 2.304922103881836
client id= 0 ,round= 9 ,epoch= 1 ,client update iteration= 240 ,loss= 2.303131103515625
client id= 0 ,round= 9 ,epoch= 1 ,client update iteration= 250 ,loss= 2.3029682636260986
client id= 0 ,round= 9 ,epoch= 1 ,client update iteration= 260 ,loss= 2.303757905960083
client id= 0 ,round= 9 ,epoch= 1 ,client update iteration= 270 ,loss= 2.302180051803589
client id= 0 ,round= 9 ,epoch= 1 ,client update iteration= 280 ,loss= 2.3022539615631104
client id= 0 ,round= 9 ,epoch= 1 ,client update iteration= 290 ,loss= 2.3036646842956543
client id= 0 ,round= 9 ,epoch= 1 ,client update iteration= 300 ,loss= 2.302227020263672
client id= 0 ,round= 9 ,epoch= 1 ,client update iteration= 310 ,loss= 2.3022658824920654
client id= 0 ,round= 9 ,epoch= 1 ,client update iteration= 320 ,loss= 2.3026275634765625
client id= 0 ,round= 9 ,epoch= 1 ,client update iteration= 330 ,loss= 2.301333427429199
client id= 0 ,round= 9 ,epoch= 1 ,client update iteration= 340 ,loss= 2.299351692199707
client id= 0 ,round= 9 ,epoch= 1 ,client update iteration= 350 ,loss= 2.303215742111206
client id= 0 ,round= 9 ,epoch= 1 ,client update iteration= 360 ,loss= 2.3037989139556885
client id= 0 ,round= 9 ,epoch= 1 ,client update iteration= 370 ,loss= 2.3021457195281982
client id= 0 ,round= 9 ,epoch= 1 ,client update iteration= 380 ,loss= 2.304739236831665
client id= 0 ,round= 9 ,epoch= 1 ,client update iteration= 390 ,loss= 2.3014278411865234
******client id  1 ******
client_update start
client id= 1 ,round= 9 ,epoch= 1 ,client update iteration= 10 ,loss= 2.3016936779022217
client id= 1 ,round= 9 ,epoch= 1 ,client update iteration= 20 ,loss= 2.300564765930176
client id= 1 ,round= 9 ,epoch= 1 ,client update iteration= 30 ,loss= 2.303067684173584
client id= 1 ,round= 9 ,epoch= 1 ,client update iteration= 40 ,loss= 2.3032209873199463
client id= 1 ,round= 9 ,epoch= 1 ,client update iteration= 50 ,loss= 2.3041982650756836
client id= 1 ,round= 9 ,epoch= 1 ,client update iteration= 60 ,loss= 2.301785469055176
client id= 1 ,round= 9 ,epoch= 1 ,client update iteration= 70 ,loss= 2.302985191345215
client id= 1 ,round= 9 ,epoch= 1 ,client update iteration= 80 ,loss= 2.303415060043335
client id= 1 ,round= 9 ,epoch= 1 ,client update iteration= 90 ,loss= 2.3029985427856445
client id= 1 ,round= 9 ,epoch= 1 ,client update iteration= 100 ,loss= 2.3018109798431396
client id= 1 ,round= 9 ,epoch= 1 ,client update iteration= 110 ,loss= 2.302527666091919
client id= 1 ,round= 9 ,epoch= 1 ,client update iteration= 120 ,loss= 2.3034183979034424
client id= 1 ,round= 9 ,epoch= 1 ,client update iteration= 130 ,loss= 2.3041577339172363
client id= 1 ,round= 9 ,epoch= 1 ,client update iteration= 140 ,loss= 2.3031086921691895
client id= 1 ,round= 9 ,epoch= 1 ,client update iteration= 150 ,loss= 2.3031420707702637
client id= 1 ,round= 9 ,epoch= 1 ,client update iteration= 160 ,loss= 2.301973342895508
client id= 1 ,round= 9 ,epoch= 1 ,client update iteration= 170 ,loss= 2.305241346359253
client id= 1 ,round= 9 ,epoch= 1 ,client update iteration= 180 ,loss= 2.3055500984191895
client id= 1 ,round= 9 ,epoch= 1 ,client update iteration= 190 ,loss= 2.306519031524658
client id= 1 ,round= 9 ,epoch= 1 ,client update iteration= 200 ,loss= 2.3018245697021484
client id= 1 ,round= 9 ,epoch= 1 ,client update iteration= 210 ,loss= 2.3011982440948486
client id= 1 ,round= 9 ,epoch= 1 ,client update iteration= 220 ,loss= 2.3021721839904785
client id= 1 ,round= 9 ,epoch= 1 ,client update iteration= 230 ,loss= 2.3028340339660645
client id= 1 ,round= 9 ,epoch= 1 ,client update iteration= 240 ,loss= 2.302823781967163
client id= 1 ,round= 9 ,epoch= 1 ,client update iteration= 250 ,loss= 2.3018131256103516
client id= 1 ,round= 9 ,epoch= 1 ,client update iteration= 260 ,loss= 2.301405668258667
client id= 1 ,round= 9 ,epoch= 1 ,client update iteration= 270 ,loss= 2.3032479286193848
client id= 1 ,round= 9 ,epoch= 1 ,client update iteration= 280 ,loss= 2.304333209991455
client id= 1 ,round= 9 ,epoch= 1 ,client update iteration= 290 ,loss= 2.3019208908081055
client id= 1 ,round= 9 ,epoch= 1 ,client update iteration= 300 ,loss= 2.3004350662231445
client id= 1 ,round= 9 ,epoch= 1 ,client update iteration= 310 ,loss= 2.30063533782959
client id= 1 ,round= 9 ,epoch= 1 ,client update iteration= 320 ,loss= 2.304607391357422
client id= 1 ,round= 9 ,epoch= 1 ,client update iteration= 330 ,loss= 2.303170919418335
client id= 1 ,round= 9 ,epoch= 1 ,client update iteration= 340 ,loss= 2.303230047225952
client id= 1 ,round= 9 ,epoch= 1 ,client update iteration= 350 ,loss= 2.304489850997925
client id= 1 ,round= 9 ,epoch= 1 ,client update iteration= 360 ,loss= 2.303680896759033
client id= 1 ,round= 9 ,epoch= 1 ,client update iteration= 370 ,loss= 2.303255558013916
client id= 1 ,round= 9 ,epoch= 1 ,client update iteration= 380 ,loss= 2.3026788234710693
client id= 1 ,round= 9 ,epoch= 1 ,client update iteration= 390 ,loss= 2.3030102252960205
start cal weight time2021-07-01 11:25:21
end cal weight time2021-07-01 11:25:21
layer= 0 ratio= 0.0625
layer= 1 ratio= 0.0625
layer= 2 ratio= 0.0625
layer= 3 ratio= 0.0625
layer= 4 ratio= 0.0625
layer= 5 ratio= 0.0625
layer= 6 ratio= 0.0625
layer= 7 ratio= 0.0625
layer= 8 ratio= 0.0625
layer= 9 ratio= 0.0625
layer= 10 ratio= 0.0625
layer= 11 ratio= 0.0625
layer= 12 ratio= 0.0625
layer= 13 ratio= 0.0625
layer= 14 ratio= 0.0625
layer= 15 ratio= 0.0625
start add noise2021-07-01 11:25:21
end_add_noise_time2021-07-01 11:25:24
start cal weight time2021-07-01 11:25:24
end cal weight time2021-07-01 11:25:24
layer= 0 ratio= 0.0625
layer= 1 ratio= 0.0625
layer= 2 ratio= 0.0625
layer= 3 ratio= 0.0625
layer= 4 ratio= 0.0625
layer= 5 ratio= 0.0625
layer= 6 ratio= 0.0625
layer= 7 ratio= 0.0625
layer= 8 ratio= 0.0625
layer= 9 ratio= 0.0625
layer= 10 ratio= 0.0625
layer= 11 ratio= 0.0625
layer= 12 ratio= 0.0625
layer= 13 ratio= 0.0625
layer= 14 ratio= 0.0625
layer= 15 ratio= 0.0625
start add noise2021-07-01 11:25:24
end_add_noise_time2021-07-01 11:25:28
average train loss= 2.3027237175065842
2021-07-01 11:25:38,round 9,val Accuracy Top1: 10.000000 %
2021-07-01 11:25:38,round 9,val Accuracy Top5: 50.000000 %
******client id  0 ******
client_update start
client id= 0 ,round= 10 ,epoch= 1 ,client update iteration= 10 ,loss= 2.302036762237549
client id= 0 ,round= 10 ,epoch= 1 ,client update iteration= 20 ,loss= 2.3034281730651855
client id= 0 ,round= 10 ,epoch= 1 ,client update iteration= 30 ,loss= 2.3025760650634766
client id= 0 ,round= 10 ,epoch= 1 ,client update iteration= 40 ,loss= 2.3032169342041016
client id= 0 ,round= 10 ,epoch= 1 ,client update iteration= 50 ,loss= 2.3013358116149902
client id= 0 ,round= 10 ,epoch= 1 ,client update iteration= 60 ,loss= 2.3038291931152344
client id= 0 ,round= 10 ,epoch= 1 ,client update iteration= 70 ,loss= 2.303645133972168
client id= 0 ,round= 10 ,epoch= 1 ,client update iteration= 80 ,loss= 2.302924871444702
client id= 0 ,round= 10 ,epoch= 1 ,client update iteration= 90 ,loss= 2.3030197620391846
client id= 0 ,round= 10 ,epoch= 1 ,client update iteration= 100 ,loss= 2.3033485412597656
client id= 0 ,round= 10 ,epoch= 1 ,client update iteration= 110 ,loss= 2.3023359775543213
client id= 0 ,round= 10 ,epoch= 1 ,client update iteration= 120 ,loss= 2.3049347400665283
client id= 0 ,round= 10 ,epoch= 1 ,client update iteration= 130 ,loss= 2.3016912937164307
client id= 0 ,round= 10 ,epoch= 1 ,client update iteration= 140 ,loss= 2.3023581504821777
client id= 0 ,round= 10 ,epoch= 1 ,client update iteration= 150 ,loss= 2.299675226211548
client id= 0 ,round= 10 ,epoch= 1 ,client update iteration= 160 ,loss= 2.303582191467285
client id= 0 ,round= 10 ,epoch= 1 ,client update iteration= 170 ,loss= 2.3030896186828613
client id= 0 ,round= 10 ,epoch= 1 ,client update iteration= 180 ,loss= 2.3017029762268066
client id= 0 ,round= 10 ,epoch= 1 ,client update iteration= 190 ,loss= 2.3035106658935547
client id= 0 ,round= 10 ,epoch= 1 ,client update iteration= 200 ,loss= 2.301694393157959
client id= 0 ,round= 10 ,epoch= 1 ,client update iteration= 210 ,loss= 2.300689935684204
client id= 0 ,round= 10 ,epoch= 1 ,client update iteration= 220 ,loss= 2.303159475326538
client id= 0 ,round= 10 ,epoch= 1 ,client update iteration= 230 ,loss= 2.3044896125793457
client id= 0 ,round= 10 ,epoch= 1 ,client update iteration= 240 ,loss= 2.303370952606201
client id= 0 ,round= 10 ,epoch= 1 ,client update iteration= 250 ,loss= 2.302696704864502
client id= 0 ,round= 10 ,epoch= 1 ,client update iteration= 260 ,loss= 2.3050615787506104
client id= 0 ,round= 10 ,epoch= 1 ,client update iteration= 270 ,loss= 2.3006176948547363
client id= 0 ,round= 10 ,epoch= 1 ,client update iteration= 280 ,loss= 2.302351474761963
client id= 0 ,round= 10 ,epoch= 1 ,client update iteration= 290 ,loss= 2.3016622066497803
client id= 0 ,round= 10 ,epoch= 1 ,client update iteration= 300 ,loss= 2.3033008575439453
client id= 0 ,round= 10 ,epoch= 1 ,client update iteration= 310 ,loss= 2.301689386367798
client id= 0 ,round= 10 ,epoch= 1 ,client update iteration= 320 ,loss= 2.3051023483276367
client id= 0 ,round= 10 ,epoch= 1 ,client update iteration= 330 ,loss= 2.3017375469207764
client id= 0 ,round= 10 ,epoch= 1 ,client update iteration= 340 ,loss= 2.3006091117858887
client id= 0 ,round= 10 ,epoch= 1 ,client update iteration= 350 ,loss= 2.304299831390381
client id= 0 ,round= 10 ,epoch= 1 ,client update iteration= 360 ,loss= 2.2998225688934326
client id= 0 ,round= 10 ,epoch= 1 ,client update iteration= 370 ,loss= 2.301450729370117
client id= 0 ,round= 10 ,epoch= 1 ,client update iteration= 380 ,loss= 2.3019063472747803
client id= 0 ,round= 10 ,epoch= 1 ,client update iteration= 390 ,loss= 2.305455446243286
******client id  1 ******
client_update start
client id= 1 ,round= 10 ,epoch= 1 ,client update iteration= 10 ,loss= 2.3028080463409424
client id= 1 ,round= 10 ,epoch= 1 ,client update iteration= 20 ,loss= 2.302685260772705
client id= 1 ,round= 10 ,epoch= 1 ,client update iteration= 30 ,loss= 2.303040027618408
client id= 1 ,round= 10 ,epoch= 1 ,client update iteration= 40 ,loss= 2.3020193576812744
client id= 1 ,round= 10 ,epoch= 1 ,client update iteration= 50 ,loss= 2.3039097785949707
client id= 1 ,round= 10 ,epoch= 1 ,client update iteration= 60 ,loss= 2.3026959896087646
client id= 1 ,round= 10 ,epoch= 1 ,client update iteration= 70 ,loss= 2.301821708679199
client id= 1 ,round= 10 ,epoch= 1 ,client update iteration= 80 ,loss= 2.303056240081787
client id= 1 ,round= 10 ,epoch= 1 ,client update iteration= 90 ,loss= 2.3007092475891113
client id= 1 ,round= 10 ,epoch= 1 ,client update iteration= 100 ,loss= 2.303203821182251
client id= 1 ,round= 10 ,epoch= 1 ,client update iteration= 110 ,loss= 2.3033249378204346
client id= 1 ,round= 10 ,epoch= 1 ,client update iteration= 120 ,loss= 2.3023109436035156
client id= 1 ,round= 10 ,epoch= 1 ,client update iteration= 130 ,loss= 2.302607774734497
client id= 1 ,round= 10 ,epoch= 1 ,client update iteration= 140 ,loss= 2.301757335662842
client id= 1 ,round= 10 ,epoch= 1 ,client update iteration= 150 ,loss= 2.302194118499756
client id= 1 ,round= 10 ,epoch= 1 ,client update iteration= 160 ,loss= 2.3011834621429443
client id= 1 ,round= 10 ,epoch= 1 ,client update iteration= 170 ,loss= 2.3025074005126953
client id= 1 ,round= 10 ,epoch= 1 ,client update iteration= 180 ,loss= 2.3032848834991455
client id= 1 ,round= 10 ,epoch= 1 ,client update iteration= 190 ,loss= 2.302924633026123
client id= 1 ,round= 10 ,epoch= 1 ,client update iteration= 200 ,loss= 2.3036372661590576
client id= 1 ,round= 10 ,epoch= 1 ,client update iteration= 210 ,loss= 2.3018040657043457
client id= 1 ,round= 10 ,epoch= 1 ,client update iteration= 220 ,loss= 2.302124261856079
client id= 1 ,round= 10 ,epoch= 1 ,client update iteration= 230 ,loss= 2.3026010990142822
client id= 1 ,round= 10 ,epoch= 1 ,client update iteration= 240 ,loss= 2.302292823791504
client id= 1 ,round= 10 ,epoch= 1 ,client update iteration= 250 ,loss= 2.303006649017334
client id= 1 ,round= 10 ,epoch= 1 ,client update iteration= 260 ,loss= 2.3018383979797363
client id= 1 ,round= 10 ,epoch= 1 ,client update iteration= 270 ,loss= 2.303116798400879
client id= 1 ,round= 10 ,epoch= 1 ,client update iteration= 280 ,loss= 2.302980899810791
client id= 1 ,round= 10 ,epoch= 1 ,client update iteration= 290 ,loss= 2.301340103149414
client id= 1 ,round= 10 ,epoch= 1 ,client update iteration= 300 ,loss= 2.301121473312378
client id= 1 ,round= 10 ,epoch= 1 ,client update iteration= 310 ,loss= 2.303661584854126
client id= 1 ,round= 10 ,epoch= 1 ,client update iteration= 320 ,loss= 2.3022818565368652
client id= 1 ,round= 10 ,epoch= 1 ,client update iteration= 330 ,loss= 2.301954746246338
client id= 1 ,round= 10 ,epoch= 1 ,client update iteration= 340 ,loss= 2.303349256515503
client id= 1 ,round= 10 ,epoch= 1 ,client update iteration= 350 ,loss= 2.3036305904388428
client id= 1 ,round= 10 ,epoch= 1 ,client update iteration= 360 ,loss= 2.3035120964050293
client id= 1 ,round= 10 ,epoch= 1 ,client update iteration= 370 ,loss= 2.3042726516723633
client id= 1 ,round= 10 ,epoch= 1 ,client update iteration= 380 ,loss= 2.301737070083618
client id= 1 ,round= 10 ,epoch= 1 ,client update iteration= 390 ,loss= 2.3020195960998535
start cal weight time2021-07-01 11:28:18
end cal weight time2021-07-01 11:28:18
layer= 0 ratio= 0.0625
layer= 1 ratio= 0.0625
layer= 2 ratio= 0.0625
layer= 3 ratio= 0.0625
layer= 4 ratio= 0.0625
layer= 5 ratio= 0.0625
layer= 6 ratio= 0.0625
layer= 7 ratio= 0.0625
layer= 8 ratio= 0.0625
layer= 9 ratio= 0.0625
layer= 10 ratio= 0.0625
layer= 11 ratio= 0.0625
layer= 12 ratio= 0.0625
layer= 13 ratio= 0.0625
layer= 14 ratio= 0.0625
layer= 15 ratio= 0.0625
start add noise2021-07-01 11:28:18
end_add_noise_time2021-07-01 11:28:22
start cal weight time2021-07-01 11:28:22
end cal weight time2021-07-01 11:28:22
layer= 0 ratio= 0.0625
layer= 1 ratio= 0.0625
layer= 2 ratio= 0.0625
layer= 3 ratio= 0.0625
layer= 4 ratio= 0.0625
layer= 5 ratio= 0.0625
layer= 6 ratio= 0.0625
layer= 7 ratio= 0.0625
layer= 8 ratio= 0.0625
layer= 9 ratio= 0.0625
layer= 10 ratio= 0.0625
layer= 11 ratio= 0.0625
layer= 12 ratio= 0.0625
layer= 13 ratio= 0.0625
layer= 14 ratio= 0.0625
layer= 15 ratio= 0.0625
start add noise2021-07-01 11:28:22
end_add_noise_time2021-07-01 11:28:26
average train loss= 2.3027147396141308
2021-07-01 11:28:36,round 10,val Accuracy Top1: 10.000000 %
2021-07-01 11:28:36,round 10,val Accuracy Top5: 50.000000 %
