type sample_L1
pb 8000000.0
clip_bound 20.0
log_path log/Alexnet/sample_L1/False/2
train_data data
test_data data
batch_size 64
test_batch_size 64
lr 0.0002
momentum 0.5
no_cuda False
seed 1
log_interval 1
privacy_delta 1e-06
sample_num 500
islog True
is_ratio_list False
num_clients 2
num_rounds 10
epochs 1
ratio_type 2
平均分配eps
device cuda
loading data
load data done
AlexNet(
  (conv1): Sequential(
    (0): Conv2d(3, 96, kernel_size=(6, 6), stride=(1, 1))
    (1): ReLU()
  )
  (conv2): Sequential(
    (0): Conv2d(96, 256, kernel_size=(5, 5), stride=(1, 1), padding=(2, 2))
    (1): ReLU()
    (2): MaxPool2d(kernel_size=3, stride=2, padding=0, dilation=1, ceil_mode=False)
  )
  (conv3): Sequential(
    (0): Conv2d(256, 384, kernel_size=(3, 3), stride=(1, 1), padding=(1, 1))
    (1): ReLU()
  )
  (conv4): Sequential(
    (0): Conv2d(384, 384, kernel_size=(3, 3), stride=(1, 1), padding=(1, 1))
    (1): ReLU()
  )
  (conv5): Sequential(
    (0): Conv2d(384, 256, kernel_size=(3, 3), stride=(1, 1), padding=(1, 1))
    (1): ReLU()
    (2): MaxPool2d(kernel_size=3, stride=2, padding=0, dilation=1, ceil_mode=False)
  )
  (dense): Sequential(
    (0): Linear(in_features=9216, out_features=4096, bias=True)
    (1): ReLU()
    (2): Dropout(p=0.5, inplace=False)
    (3): Linear(in_features=4096, out_features=4096, bias=True)
    (4): ReLU()
    (5): Dropout(p=0.5, inplace=False)
    (6): Linear(in_features=4096, out_features=10, bias=True)
  )
)
********start training********
******client id  0 ******
client_update start
client id= 0 ,round= 1 ,epoch= 1 ,client update iteration= 10 ,loss= 2.2885184288024902
client id= 0 ,round= 1 ,epoch= 1 ,client update iteration= 20 ,loss= 2.192944049835205
client id= 0 ,round= 1 ,epoch= 1 ,client update iteration= 30 ,loss= 2.002486228942871
client id= 0 ,round= 1 ,epoch= 1 ,client update iteration= 40 ,loss= 2.1981000900268555
client id= 0 ,round= 1 ,epoch= 1 ,client update iteration= 50 ,loss= 2.0703117847442627
client id= 0 ,round= 1 ,epoch= 1 ,client update iteration= 60 ,loss= 2.157175064086914
client id= 0 ,round= 1 ,epoch= 1 ,client update iteration= 70 ,loss= 2.0776376724243164
client id= 0 ,round= 1 ,epoch= 1 ,client update iteration= 80 ,loss= 2.030000686645508
client id= 0 ,round= 1 ,epoch= 1 ,client update iteration= 90 ,loss= 1.8347853422164917
client id= 0 ,round= 1 ,epoch= 1 ,client update iteration= 100 ,loss= 1.7930353879928589
client id= 0 ,round= 1 ,epoch= 1 ,client update iteration= 110 ,loss= 1.90496826171875
client id= 0 ,round= 1 ,epoch= 1 ,client update iteration= 120 ,loss= 1.9285759925842285
client id= 0 ,round= 1 ,epoch= 1 ,client update iteration= 130 ,loss= 1.7869038581848145
client id= 0 ,round= 1 ,epoch= 1 ,client update iteration= 140 ,loss= 1.8003475666046143
client id= 0 ,round= 1 ,epoch= 1 ,client update iteration= 150 ,loss= 1.7396538257598877
client id= 0 ,round= 1 ,epoch= 1 ,client update iteration= 160 ,loss= 1.7581841945648193
client id= 0 ,round= 1 ,epoch= 1 ,client update iteration= 170 ,loss= 1.7589225769042969
client id= 0 ,round= 1 ,epoch= 1 ,client update iteration= 180 ,loss= 1.6896673440933228
client id= 0 ,round= 1 ,epoch= 1 ,client update iteration= 190 ,loss= 1.4905956983566284
client id= 0 ,round= 1 ,epoch= 1 ,client update iteration= 200 ,loss= 1.6503843069076538
client id= 0 ,round= 1 ,epoch= 1 ,client update iteration= 210 ,loss= 1.5630723237991333
client id= 0 ,round= 1 ,epoch= 1 ,client update iteration= 220 ,loss= 1.5465047359466553
client id= 0 ,round= 1 ,epoch= 1 ,client update iteration= 230 ,loss= 1.5744926929473877
client id= 0 ,round= 1 ,epoch= 1 ,client update iteration= 240 ,loss= 1.6470353603363037
client id= 0 ,round= 1 ,epoch= 1 ,client update iteration= 250 ,loss= 1.5598607063293457
client id= 0 ,round= 1 ,epoch= 1 ,client update iteration= 260 ,loss= 1.4492547512054443
client id= 0 ,round= 1 ,epoch= 1 ,client update iteration= 270 ,loss= 1.5257389545440674
client id= 0 ,round= 1 ,epoch= 1 ,client update iteration= 280 ,loss= 1.6587703227996826
client id= 0 ,round= 1 ,epoch= 1 ,client update iteration= 290 ,loss= 1.510873556137085
client id= 0 ,round= 1 ,epoch= 1 ,client update iteration= 300 ,loss= 1.6098997592926025
client id= 0 ,round= 1 ,epoch= 1 ,client update iteration= 310 ,loss= 1.4312752485275269
client id= 0 ,round= 1 ,epoch= 1 ,client update iteration= 320 ,loss= 1.4970777034759521
client id= 0 ,round= 1 ,epoch= 1 ,client update iteration= 330 ,loss= 1.3809278011322021
client id= 0 ,round= 1 ,epoch= 1 ,client update iteration= 340 ,loss= 1.4714388847351074
client id= 0 ,round= 1 ,epoch= 1 ,client update iteration= 350 ,loss= 1.4270579814910889
client id= 0 ,round= 1 ,epoch= 1 ,client update iteration= 360 ,loss= 1.5598511695861816
client id= 0 ,round= 1 ,epoch= 1 ,client update iteration= 370 ,loss= 1.3993480205535889
client id= 0 ,round= 1 ,epoch= 1 ,client update iteration= 380 ,loss= 1.288986086845398
client id= 0 ,round= 1 ,epoch= 1 ,client update iteration= 390 ,loss= 1.448702096939087
******client id  1 ******
client_update start
client id= 1 ,round= 1 ,epoch= 1 ,client update iteration= 10 ,loss= 2.263197660446167
client id= 1 ,round= 1 ,epoch= 1 ,client update iteration= 20 ,loss= 2.1530373096466064
client id= 1 ,round= 1 ,epoch= 1 ,client update iteration= 30 ,loss= 2.158620834350586
client id= 1 ,round= 1 ,epoch= 1 ,client update iteration= 40 ,loss= 2.0864315032958984
client id= 1 ,round= 1 ,epoch= 1 ,client update iteration= 50 ,loss= 2.0809552669525146
client id= 1 ,round= 1 ,epoch= 1 ,client update iteration= 60 ,loss= 1.8849483728408813
client id= 1 ,round= 1 ,epoch= 1 ,client update iteration= 70 ,loss= 1.6883333921432495
client id= 1 ,round= 1 ,epoch= 1 ,client update iteration= 80 ,loss= 1.85420560836792
client id= 1 ,round= 1 ,epoch= 1 ,client update iteration= 90 ,loss= 1.782530665397644
client id= 1 ,round= 1 ,epoch= 1 ,client update iteration= 100 ,loss= 1.771308422088623
client id= 1 ,round= 1 ,epoch= 1 ,client update iteration= 110 ,loss= 1.632879376411438
client id= 1 ,round= 1 ,epoch= 1 ,client update iteration= 120 ,loss= 1.7331148386001587
client id= 1 ,round= 1 ,epoch= 1 ,client update iteration= 130 ,loss= 1.847164511680603
client id= 1 ,round= 1 ,epoch= 1 ,client update iteration= 140 ,loss= 1.8620436191558838
client id= 1 ,round= 1 ,epoch= 1 ,client update iteration= 150 ,loss= 1.9626833200454712
client id= 1 ,round= 1 ,epoch= 1 ,client update iteration= 160 ,loss= 1.697319746017456
client id= 1 ,round= 1 ,epoch= 1 ,client update iteration= 170 ,loss= 1.7201448678970337
client id= 1 ,round= 1 ,epoch= 1 ,client update iteration= 180 ,loss= 1.5787056684494019
client id= 1 ,round= 1 ,epoch= 1 ,client update iteration= 190 ,loss= 1.7059072256088257
client id= 1 ,round= 1 ,epoch= 1 ,client update iteration= 200 ,loss= 1.6365560293197632
client id= 1 ,round= 1 ,epoch= 1 ,client update iteration= 210 ,loss= 1.702777624130249
client id= 1 ,round= 1 ,epoch= 1 ,client update iteration= 220 ,loss= 1.5281281471252441
client id= 1 ,round= 1 ,epoch= 1 ,client update iteration= 230 ,loss= 1.7611163854599
client id= 1 ,round= 1 ,epoch= 1 ,client update iteration= 240 ,loss= 1.4772591590881348
client id= 1 ,round= 1 ,epoch= 1 ,client update iteration= 250 ,loss= 1.5034995079040527
client id= 1 ,round= 1 ,epoch= 1 ,client update iteration= 260 ,loss= 1.4408563375473022
client id= 1 ,round= 1 ,epoch= 1 ,client update iteration= 270 ,loss= 1.5224354267120361
client id= 1 ,round= 1 ,epoch= 1 ,client update iteration= 280 ,loss= 1.5041413307189941
client id= 1 ,round= 1 ,epoch= 1 ,client update iteration= 290 ,loss= 1.5325592756271362
client id= 1 ,round= 1 ,epoch= 1 ,client update iteration= 300 ,loss= 1.5282789468765259
client id= 1 ,round= 1 ,epoch= 1 ,client update iteration= 310 ,loss= 1.448507308959961
client id= 1 ,round= 1 ,epoch= 1 ,client update iteration= 320 ,loss= 1.4097378253936768
client id= 1 ,round= 1 ,epoch= 1 ,client update iteration= 330 ,loss= 1.305609941482544
client id= 1 ,round= 1 ,epoch= 1 ,client update iteration= 340 ,loss= 1.519653081893921
client id= 1 ,round= 1 ,epoch= 1 ,client update iteration= 350 ,loss= 1.5480583906173706
client id= 1 ,round= 1 ,epoch= 1 ,client update iteration= 360 ,loss= 1.5469963550567627
client id= 1 ,round= 1 ,epoch= 1 ,client update iteration= 370 ,loss= 1.41288423538208
client id= 1 ,round= 1 ,epoch= 1 ,client update iteration= 380 ,loss= 1.3887240886688232
client id= 1 ,round= 1 ,epoch= 1 ,client update iteration= 390 ,loss= 1.4906913042068481
start cal weight time2021-07-01 13:45:26
end cal weight time2021-07-01 13:45:26
layer= 0 ratio= 0.0625
layer= 1 ratio= 0.0625
layer= 2 ratio= 0.0625
layer= 3 ratio= 0.0625
layer= 4 ratio= 0.0625
layer= 5 ratio= 0.0625
layer= 6 ratio= 0.0625
layer= 7 ratio= 0.0625
layer= 8 ratio= 0.0625
layer= 9 ratio= 0.0625
layer= 10 ratio= 0.0625
layer= 11 ratio= 0.0625
layer= 12 ratio= 0.0625
layer= 13 ratio= 0.0625
layer= 14 ratio= 0.0625
layer= 15 ratio= 0.0625
start add noise2021-07-01 13:45:26
end_add_noise_time2021-07-01 13:45:30
start cal weight time2021-07-01 13:45:30
end cal weight time2021-07-01 13:45:30
layer= 0 ratio= 0.0625
layer= 1 ratio= 0.0625
layer= 2 ratio= 0.0625
layer= 3 ratio= 0.0625
layer= 4 ratio= 0.0625
layer= 5 ratio= 0.0625
layer= 6 ratio= 0.0625
layer= 7 ratio= 0.0625
layer= 8 ratio= 0.0625
layer= 9 ratio= 0.0625
layer= 10 ratio= 0.0625
layer= 11 ratio= 0.0625
layer= 12 ratio= 0.0625
layer= 13 ratio= 0.0625
layer= 14 ratio= 0.0625
layer= 15 ratio= 0.0625
start add noise2021-07-01 13:45:30
end_add_noise_time2021-07-01 13:45:33
average train loss= 1.7106113519205157
2021-07-01 13:45:42,round 1,val Accuracy Top1: 23.430000 %
2021-07-01 13:45:42,round 1,val Accuracy Top5: 72.190000 %
******client id  0 ******
client_update start
client id= 0 ,round= 2 ,epoch= 1 ,client update iteration= 10 ,loss= 1.726352334022522
client id= 0 ,round= 2 ,epoch= 1 ,client update iteration= 20 ,loss= 1.64179527759552
client id= 0 ,round= 2 ,epoch= 1 ,client update iteration= 30 ,loss= 1.727726936340332
client id= 0 ,round= 2 ,epoch= 1 ,client update iteration= 40 ,loss= 1.5701326131820679
client id= 0 ,round= 2 ,epoch= 1 ,client update iteration= 50 ,loss= 1.8102930784225464
client id= 0 ,round= 2 ,epoch= 1 ,client update iteration= 60 ,loss= 1.3386540412902832
client id= 0 ,round= 2 ,epoch= 1 ,client update iteration= 70 ,loss= 1.435832142829895
client id= 0 ,round= 2 ,epoch= 1 ,client update iteration= 80 ,loss= 1.4133291244506836
client id= 0 ,round= 2 ,epoch= 1 ,client update iteration= 90 ,loss= 1.1907556056976318
client id= 0 ,round= 2 ,epoch= 1 ,client update iteration= 100 ,loss= 1.2809348106384277
client id= 0 ,round= 2 ,epoch= 1 ,client update iteration= 110 ,loss= 1.2326164245605469
client id= 0 ,round= 2 ,epoch= 1 ,client update iteration= 120 ,loss= 1.258874773979187
client id= 0 ,round= 2 ,epoch= 1 ,client update iteration= 130 ,loss= 1.3469115495681763
client id= 0 ,round= 2 ,epoch= 1 ,client update iteration= 140 ,loss= 1.6430689096450806
client id= 0 ,round= 2 ,epoch= 1 ,client update iteration= 150 ,loss= 1.5326460599899292
client id= 0 ,round= 2 ,epoch= 1 ,client update iteration= 160 ,loss= 1.0830727815628052
client id= 0 ,round= 2 ,epoch= 1 ,client update iteration= 170 ,loss= 1.1741422414779663
client id= 0 ,round= 2 ,epoch= 1 ,client update iteration= 180 ,loss= 1.4061803817749023
client id= 0 ,round= 2 ,epoch= 1 ,client update iteration= 190 ,loss= 1.1483319997787476
client id= 0 ,round= 2 ,epoch= 1 ,client update iteration= 200 ,loss= 1.4917938709259033
client id= 0 ,round= 2 ,epoch= 1 ,client update iteration= 210 ,loss= 1.4373966455459595
client id= 0 ,round= 2 ,epoch= 1 ,client update iteration= 220 ,loss= 1.3750731945037842
client id= 0 ,round= 2 ,epoch= 1 ,client update iteration= 230 ,loss= 1.1177282333374023
client id= 0 ,round= 2 ,epoch= 1 ,client update iteration= 240 ,loss= 1.079829454421997
client id= 0 ,round= 2 ,epoch= 1 ,client update iteration= 250 ,loss= 1.213817834854126
client id= 0 ,round= 2 ,epoch= 1 ,client update iteration= 260 ,loss= 1.2445753812789917
client id= 0 ,round= 2 ,epoch= 1 ,client update iteration= 270 ,loss= 1.087195873260498
client id= 0 ,round= 2 ,epoch= 1 ,client update iteration= 280 ,loss= 1.1197774410247803
client id= 0 ,round= 2 ,epoch= 1 ,client update iteration= 290 ,loss= 1.0335090160369873
client id= 0 ,round= 2 ,epoch= 1 ,client update iteration= 300 ,loss= 1.2828822135925293
client id= 0 ,round= 2 ,epoch= 1 ,client update iteration= 310 ,loss= 1.5034841299057007
client id= 0 ,round= 2 ,epoch= 1 ,client update iteration= 320 ,loss= 1.21343994140625
client id= 0 ,round= 2 ,epoch= 1 ,client update iteration= 330 ,loss= 1.2748738527297974
client id= 0 ,round= 2 ,epoch= 1 ,client update iteration= 340 ,loss= 1.0153419971466064
client id= 0 ,round= 2 ,epoch= 1 ,client update iteration= 350 ,loss= 1.2057726383209229
client id= 0 ,round= 2 ,epoch= 1 ,client update iteration= 360 ,loss= 1.4222313165664673
client id= 0 ,round= 2 ,epoch= 1 ,client update iteration= 370 ,loss= 1.199332594871521
client id= 0 ,round= 2 ,epoch= 1 ,client update iteration= 380 ,loss= 1.364456057548523
client id= 0 ,round= 2 ,epoch= 1 ,client update iteration= 390 ,loss= 1.0382353067398071
******client id  1 ******
client_update start
client id= 1 ,round= 2 ,epoch= 1 ,client update iteration= 10 ,loss= 1.6810485124588013
client id= 1 ,round= 2 ,epoch= 1 ,client update iteration= 20 ,loss= 1.7811087369918823
client id= 1 ,round= 2 ,epoch= 1 ,client update iteration= 30 ,loss= 1.4764405488967896
client id= 1 ,round= 2 ,epoch= 1 ,client update iteration= 40 ,loss= 1.396240234375
client id= 1 ,round= 2 ,epoch= 1 ,client update iteration= 50 ,loss= 1.6563441753387451
client id= 1 ,round= 2 ,epoch= 1 ,client update iteration= 60 ,loss= 1.4741448163986206
client id= 1 ,round= 2 ,epoch= 1 ,client update iteration= 70 ,loss= 1.5657113790512085
client id= 1 ,round= 2 ,epoch= 1 ,client update iteration= 80 ,loss= 1.6874282360076904
client id= 1 ,round= 2 ,epoch= 1 ,client update iteration= 90 ,loss= 1.4845926761627197
client id= 1 ,round= 2 ,epoch= 1 ,client update iteration= 100 ,loss= 1.5954316854476929
client id= 1 ,round= 2 ,epoch= 1 ,client update iteration= 110 ,loss= 1.3315976858139038
client id= 1 ,round= 2 ,epoch= 1 ,client update iteration= 120 ,loss= 1.2198357582092285
client id= 1 ,round= 2 ,epoch= 1 ,client update iteration= 130 ,loss= 1.2846667766571045
client id= 1 ,round= 2 ,epoch= 1 ,client update iteration= 140 ,loss= 1.4582525491714478
client id= 1 ,round= 2 ,epoch= 1 ,client update iteration= 150 ,loss= 1.3543356657028198
client id= 1 ,round= 2 ,epoch= 1 ,client update iteration= 160 ,loss= 1.3474304676055908
client id= 1 ,round= 2 ,epoch= 1 ,client update iteration= 170 ,loss= 1.5030500888824463
client id= 1 ,round= 2 ,epoch= 1 ,client update iteration= 180 ,loss= 1.2555315494537354
client id= 1 ,round= 2 ,epoch= 1 ,client update iteration= 190 ,loss= 1.251630425453186
client id= 1 ,round= 2 ,epoch= 1 ,client update iteration= 200 ,loss= 1.3681085109710693
client id= 1 ,round= 2 ,epoch= 1 ,client update iteration= 210 ,loss= 1.2193857431411743
client id= 1 ,round= 2 ,epoch= 1 ,client update iteration= 220 ,loss= 1.3852883577346802
client id= 1 ,round= 2 ,epoch= 1 ,client update iteration= 230 ,loss= 1.2408615350723267
client id= 1 ,round= 2 ,epoch= 1 ,client update iteration= 240 ,loss= 1.1689847707748413
client id= 1 ,round= 2 ,epoch= 1 ,client update iteration= 250 ,loss= 1.1070785522460938
client id= 1 ,round= 2 ,epoch= 1 ,client update iteration= 260 ,loss= 1.212522029876709
client id= 1 ,round= 2 ,epoch= 1 ,client update iteration= 270 ,loss= 1.1351970434188843
client id= 1 ,round= 2 ,epoch= 1 ,client update iteration= 280 ,loss= 1.1417971849441528
client id= 1 ,round= 2 ,epoch= 1 ,client update iteration= 290 ,loss= 1.1082555055618286
client id= 1 ,round= 2 ,epoch= 1 ,client update iteration= 300 ,loss= 1.0667784214019775
client id= 1 ,round= 2 ,epoch= 1 ,client update iteration= 310 ,loss= 1.4021704196929932
client id= 1 ,round= 2 ,epoch= 1 ,client update iteration= 320 ,loss= 1.1652226448059082
client id= 1 ,round= 2 ,epoch= 1 ,client update iteration= 330 ,loss= 1.2530630826950073
client id= 1 ,round= 2 ,epoch= 1 ,client update iteration= 340 ,loss= 1.10885751247406
client id= 1 ,round= 2 ,epoch= 1 ,client update iteration= 350 ,loss= 1.1447231769561768
client id= 1 ,round= 2 ,epoch= 1 ,client update iteration= 360 ,loss= 1.047243356704712
client id= 1 ,round= 2 ,epoch= 1 ,client update iteration= 370 ,loss= 1.4450111389160156
client id= 1 ,round= 2 ,epoch= 1 ,client update iteration= 380 ,loss= 1.2920684814453125
client id= 1 ,round= 2 ,epoch= 1 ,client update iteration= 390 ,loss= 0.9021266102790833
start cal weight time2021-07-01 13:48:08
end cal weight time2021-07-01 13:48:08
layer= 0 ratio= 0.0625
layer= 1 ratio= 0.0625
layer= 2 ratio= 0.0625
layer= 3 ratio= 0.0625
layer= 4 ratio= 0.0625
layer= 5 ratio= 0.0625
layer= 6 ratio= 0.0625
layer= 7 ratio= 0.0625
layer= 8 ratio= 0.0625
layer= 9 ratio= 0.0625
layer= 10 ratio= 0.0625
layer= 11 ratio= 0.0625
layer= 12 ratio= 0.0625
layer= 13 ratio= 0.0625
layer= 14 ratio= 0.0625
layer= 15 ratio= 0.0625
start add noise2021-07-01 13:48:08
end_add_noise_time2021-07-01 13:48:11
start cal weight time2021-07-01 13:48:11
end cal weight time2021-07-01 13:48:11
layer= 0 ratio= 0.0625
layer= 1 ratio= 0.0625
layer= 2 ratio= 0.0625
layer= 3 ratio= 0.0625
layer= 4 ratio= 0.0625
layer= 5 ratio= 0.0625
layer= 6 ratio= 0.0625
layer= 7 ratio= 0.0625
layer= 8 ratio= 0.0625
layer= 9 ratio= 0.0625
layer= 10 ratio= 0.0625
layer= 11 ratio= 0.0625
layer= 12 ratio= 0.0625
layer= 13 ratio= 0.0625
layer= 14 ratio= 0.0625
layer= 15 ratio= 0.0625
start add noise2021-07-01 13:48:11
end_add_noise_time2021-07-01 13:48:15
average train loss= 1.3460491535913608
2021-07-01 13:48:24,round 2,val Accuracy Top1: 59.930000 %
2021-07-01 13:48:24,round 2,val Accuracy Top5: 95.680000 %
******client id  0 ******
client_update start
client id= 0 ,round= 3 ,epoch= 1 ,client update iteration= 10 ,loss= 1.4847334623336792
client id= 0 ,round= 3 ,epoch= 1 ,client update iteration= 20 ,loss= 1.2118254899978638
client id= 0 ,round= 3 ,epoch= 1 ,client update iteration= 30 ,loss= 1.0836012363433838
client id= 0 ,round= 3 ,epoch= 1 ,client update iteration= 40 ,loss= 1.274250864982605
client id= 0 ,round= 3 ,epoch= 1 ,client update iteration= 50 ,loss= 1.4194910526275635
client id= 0 ,round= 3 ,epoch= 1 ,client update iteration= 60 ,loss= 0.8822707533836365
client id= 0 ,round= 3 ,epoch= 1 ,client update iteration= 70 ,loss= 0.9396297931671143
client id= 0 ,round= 3 ,epoch= 1 ,client update iteration= 80 ,loss= 1.070197343826294
client id= 0 ,round= 3 ,epoch= 1 ,client update iteration= 90 ,loss= 1.0043307542800903
client id= 0 ,round= 3 ,epoch= 1 ,client update iteration= 100 ,loss= 1.1263458728790283
client id= 0 ,round= 3 ,epoch= 1 ,client update iteration= 110 ,loss= 1.0899587869644165
client id= 0 ,round= 3 ,epoch= 1 ,client update iteration= 120 ,loss= 1.0924237966537476
client id= 0 ,round= 3 ,epoch= 1 ,client update iteration= 130 ,loss= 1.1150612831115723
client id= 0 ,round= 3 ,epoch= 1 ,client update iteration= 140 ,loss= 1.023571491241455
client id= 0 ,round= 3 ,epoch= 1 ,client update iteration= 150 ,loss= 1.2274410724639893
client id= 0 ,round= 3 ,epoch= 1 ,client update iteration= 160 ,loss= 1.0689338445663452
client id= 0 ,round= 3 ,epoch= 1 ,client update iteration= 170 ,loss= 0.697106122970581
client id= 0 ,round= 3 ,epoch= 1 ,client update iteration= 180 ,loss= 1.1122503280639648
client id= 0 ,round= 3 ,epoch= 1 ,client update iteration= 190 ,loss= 1.1917023658752441
client id= 0 ,round= 3 ,epoch= 1 ,client update iteration= 200 ,loss= 0.7256212830543518
client id= 0 ,round= 3 ,epoch= 1 ,client update iteration= 210 ,loss= 1.1593793630599976
client id= 0 ,round= 3 ,epoch= 1 ,client update iteration= 220 ,loss= 1.0104317665100098
client id= 0 ,round= 3 ,epoch= 1 ,client update iteration= 230 ,loss= 1.0041230916976929
client id= 0 ,round= 3 ,epoch= 1 ,client update iteration= 240 ,loss= 0.870936930179596
client id= 0 ,round= 3 ,epoch= 1 ,client update iteration= 250 ,loss= 1.078869342803955
client id= 0 ,round= 3 ,epoch= 1 ,client update iteration= 260 ,loss= 0.9083725810050964
client id= 0 ,round= 3 ,epoch= 1 ,client update iteration= 270 ,loss= 1.2089673280715942
client id= 0 ,round= 3 ,epoch= 1 ,client update iteration= 280 ,loss= 1.09246826171875
client id= 0 ,round= 3 ,epoch= 1 ,client update iteration= 290 ,loss= 0.9045907855033875
client id= 0 ,round= 3 ,epoch= 1 ,client update iteration= 300 ,loss= 0.6877794861793518
client id= 0 ,round= 3 ,epoch= 1 ,client update iteration= 310 ,loss= 0.9451971650123596
client id= 0 ,round= 3 ,epoch= 1 ,client update iteration= 320 ,loss= 1.015540361404419
client id= 0 ,round= 3 ,epoch= 1 ,client update iteration= 330 ,loss= 0.9159250259399414
client id= 0 ,round= 3 ,epoch= 1 ,client update iteration= 340 ,loss= 0.8571892976760864
client id= 0 ,round= 3 ,epoch= 1 ,client update iteration= 350 ,loss= 1.0168418884277344
client id= 0 ,round= 3 ,epoch= 1 ,client update iteration= 360 ,loss= 1.1128519773483276
client id= 0 ,round= 3 ,epoch= 1 ,client update iteration= 370 ,loss= 1.0165539979934692
client id= 0 ,round= 3 ,epoch= 1 ,client update iteration= 380 ,loss= 0.9222785234451294
client id= 0 ,round= 3 ,epoch= 1 ,client update iteration= 390 ,loss= 0.7451096773147583
******client id  1 ******
client_update start
client id= 1 ,round= 3 ,epoch= 1 ,client update iteration= 10 ,loss= 1.1435054540634155
client id= 1 ,round= 3 ,epoch= 1 ,client update iteration= 20 ,loss= 1.5153343677520752
client id= 1 ,round= 3 ,epoch= 1 ,client update iteration= 30 ,loss= 1.1746420860290527
client id= 1 ,round= 3 ,epoch= 1 ,client update iteration= 40 ,loss= 1.250893235206604
client id= 1 ,round= 3 ,epoch= 1 ,client update iteration= 50 ,loss= 0.9858437180519104
client id= 1 ,round= 3 ,epoch= 1 ,client update iteration= 60 ,loss= 1.0711126327514648
client id= 1 ,round= 3 ,epoch= 1 ,client update iteration= 70 ,loss= 1.174809455871582
client id= 1 ,round= 3 ,epoch= 1 ,client update iteration= 80 ,loss= 1.1417230367660522
client id= 1 ,round= 3 ,epoch= 1 ,client update iteration= 90 ,loss= 1.203359603881836
client id= 1 ,round= 3 ,epoch= 1 ,client update iteration= 100 ,loss= 1.006809115409851
client id= 1 ,round= 3 ,epoch= 1 ,client update iteration= 110 ,loss= 1.3781154155731201
client id= 1 ,round= 3 ,epoch= 1 ,client update iteration= 120 ,loss= 1.2778372764587402
client id= 1 ,round= 3 ,epoch= 1 ,client update iteration= 130 ,loss= 0.978531539440155
client id= 1 ,round= 3 ,epoch= 1 ,client update iteration= 140 ,loss= 0.954219400882721
client id= 1 ,round= 3 ,epoch= 1 ,client update iteration= 150 ,loss= 0.8987430334091187
client id= 1 ,round= 3 ,epoch= 1 ,client update iteration= 160 ,loss= 1.4689600467681885
client id= 1 ,round= 3 ,epoch= 1 ,client update iteration= 170 ,loss= 1.0168042182922363
client id= 1 ,round= 3 ,epoch= 1 ,client update iteration= 180 ,loss= 0.8383021354675293
client id= 1 ,round= 3 ,epoch= 1 ,client update iteration= 190 ,loss= 0.8273283243179321
client id= 1 ,round= 3 ,epoch= 1 ,client update iteration= 200 ,loss= 1.0598399639129639
client id= 1 ,round= 3 ,epoch= 1 ,client update iteration= 210 ,loss= 1.097725749015808
client id= 1 ,round= 3 ,epoch= 1 ,client update iteration= 220 ,loss= 1.171199083328247
client id= 1 ,round= 3 ,epoch= 1 ,client update iteration= 230 ,loss= 1.2373448610305786
client id= 1 ,round= 3 ,epoch= 1 ,client update iteration= 240 ,loss= 1.0607326030731201
client id= 1 ,round= 3 ,epoch= 1 ,client update iteration= 250 ,loss= 1.094537377357483
client id= 1 ,round= 3 ,epoch= 1 ,client update iteration= 260 ,loss= 0.8811061978340149
client id= 1 ,round= 3 ,epoch= 1 ,client update iteration= 270 ,loss= 0.8418991565704346
client id= 1 ,round= 3 ,epoch= 1 ,client update iteration= 280 ,loss= 1.2429378032684326
client id= 1 ,round= 3 ,epoch= 1 ,client update iteration= 290 ,loss= 0.8159239292144775
client id= 1 ,round= 3 ,epoch= 1 ,client update iteration= 300 ,loss= 1.068375587463379
client id= 1 ,round= 3 ,epoch= 1 ,client update iteration= 310 ,loss= 0.9061301350593567
client id= 1 ,round= 3 ,epoch= 1 ,client update iteration= 320 ,loss= 0.9590520858764648
client id= 1 ,round= 3 ,epoch= 1 ,client update iteration= 330 ,loss= 0.8157974481582642
client id= 1 ,round= 3 ,epoch= 1 ,client update iteration= 340 ,loss= 0.8783096671104431
client id= 1 ,round= 3 ,epoch= 1 ,client update iteration= 350 ,loss= 0.8936898112297058
client id= 1 ,round= 3 ,epoch= 1 ,client update iteration= 360 ,loss= 0.8689256906509399
client id= 1 ,round= 3 ,epoch= 1 ,client update iteration= 370 ,loss= 1.3308652639389038
client id= 1 ,round= 3 ,epoch= 1 ,client update iteration= 380 ,loss= 0.7037166357040405
client id= 1 ,round= 3 ,epoch= 1 ,client update iteration= 390 ,loss= 1.1593413352966309
start cal weight time2021-07-01 13:50:50
end cal weight time2021-07-01 13:50:50
layer= 0 ratio= 0.0625
layer= 1 ratio= 0.0625
layer= 2 ratio= 0.0625
layer= 3 ratio= 0.0625
layer= 4 ratio= 0.0625
layer= 5 ratio= 0.0625
layer= 6 ratio= 0.0625
layer= 7 ratio= 0.0625
layer= 8 ratio= 0.0625
layer= 9 ratio= 0.0625
layer= 10 ratio= 0.0625
layer= 11 ratio= 0.0625
layer= 12 ratio= 0.0625
layer= 13 ratio= 0.0625
layer= 14 ratio= 0.0625
layer= 15 ratio= 0.0625
start add noise2021-07-01 13:50:50
end_add_noise_time2021-07-01 13:50:53
start cal weight time2021-07-01 13:50:53
end cal weight time2021-07-01 13:50:53
layer= 0 ratio= 0.0625
layer= 1 ratio= 0.0625
layer= 2 ratio= 0.0625
layer= 3 ratio= 0.0625
layer= 4 ratio= 0.0625
layer= 5 ratio= 0.0625
layer= 6 ratio= 0.0625
layer= 7 ratio= 0.0625
layer= 8 ratio= 0.0625
layer= 9 ratio= 0.0625
layer= 10 ratio= 0.0625
layer= 11 ratio= 0.0625
layer= 12 ratio= 0.0625
layer= 13 ratio= 0.0625
layer= 14 ratio= 0.0625
layer= 15 ratio= 0.0625
start add noise2021-07-01 13:50:53
end_add_noise_time2021-07-01 13:50:56
average train loss= 1.0459461145846132
2021-07-01 13:51:05,round 3,val Accuracy Top1: 68.380000 %
2021-07-01 13:51:05,round 3,val Accuracy Top5: 97.330000 %
******client id  0 ******
client_update start
client id= 0 ,round= 4 ,epoch= 1 ,client update iteration= 10 ,loss= 1.1168959140777588
client id= 0 ,round= 4 ,epoch= 1 ,client update iteration= 20 ,loss= 1.1573398113250732
client id= 0 ,round= 4 ,epoch= 1 ,client update iteration= 30 ,loss= 0.9955009818077087
client id= 0 ,round= 4 ,epoch= 1 ,client update iteration= 40 ,loss= 0.8982093334197998
client id= 0 ,round= 4 ,epoch= 1 ,client update iteration= 50 ,loss= 0.7597452998161316
client id= 0 ,round= 4 ,epoch= 1 ,client update iteration= 60 ,loss= 0.9543055891990662
client id= 0 ,round= 4 ,epoch= 1 ,client update iteration= 70 ,loss= 0.7768440842628479
client id= 0 ,round= 4 ,epoch= 1 ,client update iteration= 80 ,loss= 0.9058930277824402
client id= 0 ,round= 4 ,epoch= 1 ,client update iteration= 90 ,loss= 0.917671799659729
client id= 0 ,round= 4 ,epoch= 1 ,client update iteration= 100 ,loss= 1.0384769439697266
client id= 0 ,round= 4 ,epoch= 1 ,client update iteration= 110 ,loss= 0.813772439956665
client id= 0 ,round= 4 ,epoch= 1 ,client update iteration= 120 ,loss= 0.8962550759315491
client id= 0 ,round= 4 ,epoch= 1 ,client update iteration= 130 ,loss= 1.0437440872192383
client id= 0 ,round= 4 ,epoch= 1 ,client update iteration= 140 ,loss= 1.1089810132980347
client id= 0 ,round= 4 ,epoch= 1 ,client update iteration= 150 ,loss= 1.1540783643722534
client id= 0 ,round= 4 ,epoch= 1 ,client update iteration= 160 ,loss= 1.0375957489013672
client id= 0 ,round= 4 ,epoch= 1 ,client update iteration= 170 ,loss= 0.7636390924453735
client id= 0 ,round= 4 ,epoch= 1 ,client update iteration= 180 ,loss= 0.803318977355957
client id= 0 ,round= 4 ,epoch= 1 ,client update iteration= 190 ,loss= 0.7584591507911682
client id= 0 ,round= 4 ,epoch= 1 ,client update iteration= 200 ,loss= 0.9951092004776001
client id= 0 ,round= 4 ,epoch= 1 ,client update iteration= 210 ,loss= 0.6593047380447388
client id= 0 ,round= 4 ,epoch= 1 ,client update iteration= 220 ,loss= 0.9150978326797485
client id= 0 ,round= 4 ,epoch= 1 ,client update iteration= 230 ,loss= 0.9359351396560669
client id= 0 ,round= 4 ,epoch= 1 ,client update iteration= 240 ,loss= 1.0156785249710083
client id= 0 ,round= 4 ,epoch= 1 ,client update iteration= 250 ,loss= 0.6488332152366638
client id= 0 ,round= 4 ,epoch= 1 ,client update iteration= 260 ,loss= 0.7818459868431091
client id= 0 ,round= 4 ,epoch= 1 ,client update iteration= 270 ,loss= 0.9304159283638
client id= 0 ,round= 4 ,epoch= 1 ,client update iteration= 280 ,loss= 0.8797083497047424
client id= 0 ,round= 4 ,epoch= 1 ,client update iteration= 290 ,loss= 0.7615779638290405
client id= 0 ,round= 4 ,epoch= 1 ,client update iteration= 300 ,loss= 0.8712050914764404
client id= 0 ,round= 4 ,epoch= 1 ,client update iteration= 310 ,loss= 0.8934065103530884
client id= 0 ,round= 4 ,epoch= 1 ,client update iteration= 320 ,loss= 0.7742438316345215
client id= 0 ,round= 4 ,epoch= 1 ,client update iteration= 330 ,loss= 0.8308835029602051
client id= 0 ,round= 4 ,epoch= 1 ,client update iteration= 340 ,loss= 0.8457164168357849
client id= 0 ,round= 4 ,epoch= 1 ,client update iteration= 350 ,loss= 1.032975435256958
client id= 0 ,round= 4 ,epoch= 1 ,client update iteration= 360 ,loss= 0.7657101154327393
client id= 0 ,round= 4 ,epoch= 1 ,client update iteration= 370 ,loss= 0.7845452427864075
client id= 0 ,round= 4 ,epoch= 1 ,client update iteration= 380 ,loss= 0.7350816130638123
client id= 0 ,round= 4 ,epoch= 1 ,client update iteration= 390 ,loss= 0.872326135635376
******client id  1 ******
client_update start
client id= 1 ,round= 4 ,epoch= 1 ,client update iteration= 10 ,loss= 0.7278171181678772
client id= 1 ,round= 4 ,epoch= 1 ,client update iteration= 20 ,loss= 1.08342707157135
client id= 1 ,round= 4 ,epoch= 1 ,client update iteration= 30 ,loss= 0.9463850259780884
client id= 1 ,round= 4 ,epoch= 1 ,client update iteration= 40 ,loss= 0.9008455276489258
client id= 1 ,round= 4 ,epoch= 1 ,client update iteration= 50 ,loss= 0.8224607706069946
client id= 1 ,round= 4 ,epoch= 1 ,client update iteration= 60 ,loss= 0.7384762167930603
client id= 1 ,round= 4 ,epoch= 1 ,client update iteration= 70 ,loss= 1.0977267026901245
client id= 1 ,round= 4 ,epoch= 1 ,client update iteration= 80 ,loss= 0.9608663320541382
client id= 1 ,round= 4 ,epoch= 1 ,client update iteration= 90 ,loss= 1.0362519025802612
client id= 1 ,round= 4 ,epoch= 1 ,client update iteration= 100 ,loss= 0.8744561076164246
client id= 1 ,round= 4 ,epoch= 1 ,client update iteration= 110 ,loss= 0.60133296251297
client id= 1 ,round= 4 ,epoch= 1 ,client update iteration= 120 ,loss= 1.121693730354309
client id= 1 ,round= 4 ,epoch= 1 ,client update iteration= 130 ,loss= 0.852035641670227
client id= 1 ,round= 4 ,epoch= 1 ,client update iteration= 140 ,loss= 1.0023536682128906
client id= 1 ,round= 4 ,epoch= 1 ,client update iteration= 150 ,loss= 0.9314347505569458
client id= 1 ,round= 4 ,epoch= 1 ,client update iteration= 160 ,loss= 0.7774483561515808
client id= 1 ,round= 4 ,epoch= 1 ,client update iteration= 170 ,loss= 1.0735489130020142
client id= 1 ,round= 4 ,epoch= 1 ,client update iteration= 180 ,loss= 0.6981175541877747
client id= 1 ,round= 4 ,epoch= 1 ,client update iteration= 190 ,loss= 0.8953909873962402
client id= 1 ,round= 4 ,epoch= 1 ,client update iteration= 200 ,loss= 0.964738130569458
client id= 1 ,round= 4 ,epoch= 1 ,client update iteration= 210 ,loss= 0.7602197527885437
client id= 1 ,round= 4 ,epoch= 1 ,client update iteration= 220 ,loss= 0.877733051776886
client id= 1 ,round= 4 ,epoch= 1 ,client update iteration= 230 ,loss= 1.1650656461715698
client id= 1 ,round= 4 ,epoch= 1 ,client update iteration= 240 ,loss= 0.8826323747634888
client id= 1 ,round= 4 ,epoch= 1 ,client update iteration= 250 ,loss= 0.9136569499969482
client id= 1 ,round= 4 ,epoch= 1 ,client update iteration= 260 ,loss= 0.8782283067703247
client id= 1 ,round= 4 ,epoch= 1 ,client update iteration= 270 ,loss= 0.9591326713562012
client id= 1 ,round= 4 ,epoch= 1 ,client update iteration= 280 ,loss= 0.9370948672294617
client id= 1 ,round= 4 ,epoch= 1 ,client update iteration= 290 ,loss= 0.7590060234069824
client id= 1 ,round= 4 ,epoch= 1 ,client update iteration= 300 ,loss= 1.0174592733383179
client id= 1 ,round= 4 ,epoch= 1 ,client update iteration= 310 ,loss= 0.8389893174171448
client id= 1 ,round= 4 ,epoch= 1 ,client update iteration= 320 ,loss= 0.5958126783370972
client id= 1 ,round= 4 ,epoch= 1 ,client update iteration= 330 ,loss= 0.8219419121742249
client id= 1 ,round= 4 ,epoch= 1 ,client update iteration= 340 ,loss= 0.8960723876953125
client id= 1 ,round= 4 ,epoch= 1 ,client update iteration= 350 ,loss= 0.9648428559303284
client id= 1 ,round= 4 ,epoch= 1 ,client update iteration= 360 ,loss= 0.9278197884559631
client id= 1 ,round= 4 ,epoch= 1 ,client update iteration= 370 ,loss= 0.847834050655365
client id= 1 ,round= 4 ,epoch= 1 ,client update iteration= 380 ,loss= 0.7559161186218262
client id= 1 ,round= 4 ,epoch= 1 ,client update iteration= 390 ,loss= 0.7275485992431641
start cal weight time2021-07-01 13:53:31
end cal weight time2021-07-01 13:53:31
layer= 0 ratio= 0.0625
layer= 1 ratio= 0.0625
layer= 2 ratio= 0.0625
layer= 3 ratio= 0.0625
layer= 4 ratio= 0.0625
layer= 5 ratio= 0.0625
layer= 6 ratio= 0.0625
layer= 7 ratio= 0.0625
layer= 8 ratio= 0.0625
layer= 9 ratio= 0.0625
layer= 10 ratio= 0.0625
layer= 11 ratio= 0.0625
layer= 12 ratio= 0.0625
layer= 13 ratio= 0.0625
layer= 14 ratio= 0.0625
layer= 15 ratio= 0.0625
start add noise2021-07-01 13:53:31
end_add_noise_time2021-07-01 13:53:35
start cal weight time2021-07-01 13:53:35
end cal weight time2021-07-01 13:53:35
layer= 0 ratio= 0.0625
layer= 1 ratio= 0.0625
layer= 2 ratio= 0.0625
layer= 3 ratio= 0.0625
layer= 4 ratio= 0.0625
layer= 5 ratio= 0.0625
layer= 6 ratio= 0.0625
layer= 7 ratio= 0.0625
layer= 8 ratio= 0.0625
layer= 9 ratio= 0.0625
layer= 10 ratio= 0.0625
layer= 11 ratio= 0.0625
layer= 12 ratio= 0.0625
layer= 13 ratio= 0.0625
layer= 14 ratio= 0.0625
layer= 15 ratio= 0.0625
start add noise2021-07-01 13:53:35
end_add_noise_time2021-07-01 13:53:38
average train loss= 0.86474371360391
2021-07-01 13:53:47,round 4,val Accuracy Top1: 71.610000 %
2021-07-01 13:53:47,round 4,val Accuracy Top5: 97.640000 %
******client id  0 ******
client_update start
client id= 0 ,round= 5 ,epoch= 1 ,client update iteration= 10 ,loss= 0.8723753094673157
client id= 0 ,round= 5 ,epoch= 1 ,client update iteration= 20 ,loss= 0.6480333805084229
client id= 0 ,round= 5 ,epoch= 1 ,client update iteration= 30 ,loss= 0.7008777260780334
client id= 0 ,round= 5 ,epoch= 1 ,client update iteration= 40 ,loss= 0.7190213203430176
client id= 0 ,round= 5 ,epoch= 1 ,client update iteration= 50 ,loss= 0.6157588362693787
client id= 0 ,round= 5 ,epoch= 1 ,client update iteration= 60 ,loss= 0.9421132802963257
client id= 0 ,round= 5 ,epoch= 1 ,client update iteration= 70 ,loss= 0.6499415040016174
client id= 0 ,round= 5 ,epoch= 1 ,client update iteration= 80 ,loss= 0.9016103744506836
client id= 0 ,round= 5 ,epoch= 1 ,client update iteration= 90 ,loss= 0.6786943078041077
client id= 0 ,round= 5 ,epoch= 1 ,client update iteration= 100 ,loss= 0.9540382623672485
client id= 0 ,round= 5 ,epoch= 1 ,client update iteration= 110 ,loss= 0.6452749967575073
client id= 0 ,round= 5 ,epoch= 1 ,client update iteration= 120 ,loss= 0.877262532711029
client id= 0 ,round= 5 ,epoch= 1 ,client update iteration= 130 ,loss= 0.9092531204223633
client id= 0 ,round= 5 ,epoch= 1 ,client update iteration= 140 ,loss= 0.7693589925765991
client id= 0 ,round= 5 ,epoch= 1 ,client update iteration= 150 ,loss= 0.7318639159202576
client id= 0 ,round= 5 ,epoch= 1 ,client update iteration= 160 ,loss= 0.5575168132781982
client id= 0 ,round= 5 ,epoch= 1 ,client update iteration= 170 ,loss= 0.9942684173583984
client id= 0 ,round= 5 ,epoch= 1 ,client update iteration= 180 ,loss= 1.0548573732376099
client id= 0 ,round= 5 ,epoch= 1 ,client update iteration= 190 ,loss= 0.7820097804069519
client id= 0 ,round= 5 ,epoch= 1 ,client update iteration= 200 ,loss= 0.8716592788696289
client id= 0 ,round= 5 ,epoch= 1 ,client update iteration= 210 ,loss= 0.6141474843025208
client id= 0 ,round= 5 ,epoch= 1 ,client update iteration= 220 ,loss= 0.6336913108825684
client id= 0 ,round= 5 ,epoch= 1 ,client update iteration= 230 ,loss= 0.5805279612541199
client id= 0 ,round= 5 ,epoch= 1 ,client update iteration= 240 ,loss= 1.0140330791473389
client id= 0 ,round= 5 ,epoch= 1 ,client update iteration= 250 ,loss= 0.8032739162445068
client id= 0 ,round= 5 ,epoch= 1 ,client update iteration= 260 ,loss= 0.601898193359375
client id= 0 ,round= 5 ,epoch= 1 ,client update iteration= 270 ,loss= 0.677809476852417
client id= 0 ,round= 5 ,epoch= 1 ,client update iteration= 280 ,loss= 0.7378737926483154
client id= 0 ,round= 5 ,epoch= 1 ,client update iteration= 290 ,loss= 0.7429316639900208
client id= 0 ,round= 5 ,epoch= 1 ,client update iteration= 300 ,loss= 0.830437421798706
client id= 0 ,round= 5 ,epoch= 1 ,client update iteration= 310 ,loss= 0.8722946643829346
client id= 0 ,round= 5 ,epoch= 1 ,client update iteration= 320 ,loss= 0.7202035784721375
client id= 0 ,round= 5 ,epoch= 1 ,client update iteration= 330 ,loss= 0.9942704439163208
client id= 0 ,round= 5 ,epoch= 1 ,client update iteration= 340 ,loss= 0.9501959681510925
client id= 0 ,round= 5 ,epoch= 1 ,client update iteration= 350 ,loss= 0.8859453201293945
client id= 0 ,round= 5 ,epoch= 1 ,client update iteration= 360 ,loss= 0.751129150390625
client id= 0 ,round= 5 ,epoch= 1 ,client update iteration= 370 ,loss= 0.7494626045227051
client id= 0 ,round= 5 ,epoch= 1 ,client update iteration= 380 ,loss= 0.797187864780426
client id= 0 ,round= 5 ,epoch= 1 ,client update iteration= 390 ,loss= 1.065185308456421
******client id  1 ******
client_update start
client id= 1 ,round= 5 ,epoch= 1 ,client update iteration= 10 ,loss= 0.8563903570175171
client id= 1 ,round= 5 ,epoch= 1 ,client update iteration= 20 ,loss= 0.783585786819458
client id= 1 ,round= 5 ,epoch= 1 ,client update iteration= 30 ,loss= 0.7608291506767273
client id= 1 ,round= 5 ,epoch= 1 ,client update iteration= 40 ,loss= 0.7790578007698059
client id= 1 ,round= 5 ,epoch= 1 ,client update iteration= 50 ,loss= 0.9258966445922852
client id= 1 ,round= 5 ,epoch= 1 ,client update iteration= 60 ,loss= 0.916056215763092
client id= 1 ,round= 5 ,epoch= 1 ,client update iteration= 70 ,loss= 0.7841346263885498
client id= 1 ,round= 5 ,epoch= 1 ,client update iteration= 80 ,loss= 0.6627624034881592
client id= 1 ,round= 5 ,epoch= 1 ,client update iteration= 90 ,loss= 0.6788244843482971
client id= 1 ,round= 5 ,epoch= 1 ,client update iteration= 100 ,loss= 0.8149052858352661
client id= 1 ,round= 5 ,epoch= 1 ,client update iteration= 110 ,loss= 0.8225210309028625
client id= 1 ,round= 5 ,epoch= 1 ,client update iteration= 120 ,loss= 0.8317646384239197
client id= 1 ,round= 5 ,epoch= 1 ,client update iteration= 130 ,loss= 0.8584977984428406
client id= 1 ,round= 5 ,epoch= 1 ,client update iteration= 140 ,loss= 0.7214675545692444
client id= 1 ,round= 5 ,epoch= 1 ,client update iteration= 150 ,loss= 0.849118709564209
client id= 1 ,round= 5 ,epoch= 1 ,client update iteration= 160 ,loss= 0.701840877532959
client id= 1 ,round= 5 ,epoch= 1 ,client update iteration= 170 ,loss= 0.8753982782363892
client id= 1 ,round= 5 ,epoch= 1 ,client update iteration= 180 ,loss= 0.5962857604026794
client id= 1 ,round= 5 ,epoch= 1 ,client update iteration= 190 ,loss= 0.8954041004180908
client id= 1 ,round= 5 ,epoch= 1 ,client update iteration= 200 ,loss= 0.6770405769348145
client id= 1 ,round= 5 ,epoch= 1 ,client update iteration= 210 ,loss= 0.8046072721481323
client id= 1 ,round= 5 ,epoch= 1 ,client update iteration= 220 ,loss= 0.6425518989562988
client id= 1 ,round= 5 ,epoch= 1 ,client update iteration= 230 ,loss= 0.7646564245223999
client id= 1 ,round= 5 ,epoch= 1 ,client update iteration= 240 ,loss= 0.8471364974975586
client id= 1 ,round= 5 ,epoch= 1 ,client update iteration= 250 ,loss= 0.7429625391960144
client id= 1 ,round= 5 ,epoch= 1 ,client update iteration= 260 ,loss= 0.8270951509475708
client id= 1 ,round= 5 ,epoch= 1 ,client update iteration= 270 ,loss= 0.7316316366195679
client id= 1 ,round= 5 ,epoch= 1 ,client update iteration= 280 ,loss= 0.6624317765235901
client id= 1 ,round= 5 ,epoch= 1 ,client update iteration= 290 ,loss= 0.8808513879776001
client id= 1 ,round= 5 ,epoch= 1 ,client update iteration= 300 ,loss= 0.6500621438026428
client id= 1 ,round= 5 ,epoch= 1 ,client update iteration= 310 ,loss= 0.9104025959968567
client id= 1 ,round= 5 ,epoch= 1 ,client update iteration= 320 ,loss= 0.7620776891708374
client id= 1 ,round= 5 ,epoch= 1 ,client update iteration= 330 ,loss= 0.7180324196815491
client id= 1 ,round= 5 ,epoch= 1 ,client update iteration= 340 ,loss= 1.0011622905731201
client id= 1 ,round= 5 ,epoch= 1 ,client update iteration= 350 ,loss= 0.5820948481559753
client id= 1 ,round= 5 ,epoch= 1 ,client update iteration= 360 ,loss= 0.6630747318267822
client id= 1 ,round= 5 ,epoch= 1 ,client update iteration= 370 ,loss= 0.6876695156097412
client id= 1 ,round= 5 ,epoch= 1 ,client update iteration= 380 ,loss= 0.829837441444397
client id= 1 ,round= 5 ,epoch= 1 ,client update iteration= 390 ,loss= 0.5133572220802307
start cal weight time2021-07-01 13:56:13
end cal weight time2021-07-01 13:56:13
layer= 0 ratio= 0.0625
layer= 1 ratio= 0.0625
layer= 2 ratio= 0.0625
layer= 3 ratio= 0.0625
layer= 4 ratio= 0.0625
layer= 5 ratio= 0.0625
layer= 6 ratio= 0.0625
layer= 7 ratio= 0.0625
layer= 8 ratio= 0.0625
layer= 9 ratio= 0.0625
layer= 10 ratio= 0.0625
layer= 11 ratio= 0.0625
layer= 12 ratio= 0.0625
layer= 13 ratio= 0.0625
layer= 14 ratio= 0.0625
layer= 15 ratio= 0.0625
start add noise2021-07-01 13:56:13
end_add_noise_time2021-07-01 13:56:16
start cal weight time2021-07-01 13:56:16
end cal weight time2021-07-01 13:56:16
layer= 0 ratio= 0.0625
layer= 1 ratio= 0.0625
layer= 2 ratio= 0.0625
layer= 3 ratio= 0.0625
layer= 4 ratio= 0.0625
layer= 5 ratio= 0.0625
layer= 6 ratio= 0.0625
layer= 7 ratio= 0.0625
layer= 8 ratio= 0.0625
layer= 9 ratio= 0.0625
layer= 10 ratio= 0.0625
layer= 11 ratio= 0.0625
layer= 12 ratio= 0.0625
layer= 13 ratio= 0.0625
layer= 14 ratio= 0.0625
layer= 15 ratio= 0.0625
start add noise2021-07-01 13:56:16
end_add_noise_time2021-07-01 13:56:20
average train loss= 0.7844929502671942
2021-07-01 13:56:29,round 5,val Accuracy Top1: 72.950000 %
2021-07-01 13:56:29,round 5,val Accuracy Top5: 97.960000 %
******client id  0 ******
client_update start
client id= 0 ,round= 6 ,epoch= 1 ,client update iteration= 10 ,loss= 0.6645000576972961
client id= 0 ,round= 6 ,epoch= 1 ,client update iteration= 20 ,loss= 0.8467063307762146
client id= 0 ,round= 6 ,epoch= 1 ,client update iteration= 30 ,loss= 0.6840648055076599
client id= 0 ,round= 6 ,epoch= 1 ,client update iteration= 40 ,loss= 0.6481055021286011
client id= 0 ,round= 6 ,epoch= 1 ,client update iteration= 50 ,loss= 0.9711609482765198
client id= 0 ,round= 6 ,epoch= 1 ,client update iteration= 60 ,loss= 0.8707450032234192
client id= 0 ,round= 6 ,epoch= 1 ,client update iteration= 70 ,loss= 0.7516105771064758
client id= 0 ,round= 6 ,epoch= 1 ,client update iteration= 80 ,loss= 0.8637679815292358
client id= 0 ,round= 6 ,epoch= 1 ,client update iteration= 90 ,loss= 0.7600444555282593
client id= 0 ,round= 6 ,epoch= 1 ,client update iteration= 100 ,loss= 0.5988994836807251
client id= 0 ,round= 6 ,epoch= 1 ,client update iteration= 110 ,loss= 0.8958523273468018
client id= 0 ,round= 6 ,epoch= 1 ,client update iteration= 120 ,loss= 1.0233769416809082
client id= 0 ,round= 6 ,epoch= 1 ,client update iteration= 130 ,loss= 0.8212215900421143
client id= 0 ,round= 6 ,epoch= 1 ,client update iteration= 140 ,loss= 0.9190838932991028
client id= 0 ,round= 6 ,epoch= 1 ,client update iteration= 150 ,loss= 0.7888180613517761
client id= 0 ,round= 6 ,epoch= 1 ,client update iteration= 160 ,loss= 0.9331293106079102
client id= 0 ,round= 6 ,epoch= 1 ,client update iteration= 170 ,loss= 0.9998680949211121
client id= 0 ,round= 6 ,epoch= 1 ,client update iteration= 180 ,loss= 0.7397990822792053
client id= 0 ,round= 6 ,epoch= 1 ,client update iteration= 190 ,loss= 0.5208343267440796
client id= 0 ,round= 6 ,epoch= 1 ,client update iteration= 200 ,loss= 0.7096290588378906
client id= 0 ,round= 6 ,epoch= 1 ,client update iteration= 210 ,loss= 1.0588310956954956
client id= 0 ,round= 6 ,epoch= 1 ,client update iteration= 220 ,loss= 0.6067845225334167
client id= 0 ,round= 6 ,epoch= 1 ,client update iteration= 230 ,loss= 0.8277536630630493
client id= 0 ,round= 6 ,epoch= 1 ,client update iteration= 240 ,loss= 0.7614548802375793
client id= 0 ,round= 6 ,epoch= 1 ,client update iteration= 250 ,loss= 0.5601445436477661
client id= 0 ,round= 6 ,epoch= 1 ,client update iteration= 260 ,loss= 0.641728401184082
client id= 0 ,round= 6 ,epoch= 1 ,client update iteration= 270 ,loss= 0.7130037546157837
client id= 0 ,round= 6 ,epoch= 1 ,client update iteration= 280 ,loss= 0.5364180207252502
client id= 0 ,round= 6 ,epoch= 1 ,client update iteration= 290 ,loss= 0.6066641211509705
client id= 0 ,round= 6 ,epoch= 1 ,client update iteration= 300 ,loss= 0.8017067313194275
client id= 0 ,round= 6 ,epoch= 1 ,client update iteration= 310 ,loss= 0.651001513004303
client id= 0 ,round= 6 ,epoch= 1 ,client update iteration= 320 ,loss= 0.6867420673370361
client id= 0 ,round= 6 ,epoch= 1 ,client update iteration= 330 ,loss= 0.5240407586097717
client id= 0 ,round= 6 ,epoch= 1 ,client update iteration= 340 ,loss= 0.6718473434448242
client id= 0 ,round= 6 ,epoch= 1 ,client update iteration= 350 ,loss= 0.5604859590530396
client id= 0 ,round= 6 ,epoch= 1 ,client update iteration= 360 ,loss= 0.646718442440033
client id= 0 ,round= 6 ,epoch= 1 ,client update iteration= 370 ,loss= 0.5119209289550781
client id= 0 ,round= 6 ,epoch= 1 ,client update iteration= 380 ,loss= 0.7429425120353699
client id= 0 ,round= 6 ,epoch= 1 ,client update iteration= 390 ,loss= 0.6399399638175964
******client id  1 ******
client_update start
client id= 1 ,round= 6 ,epoch= 1 ,client update iteration= 10 ,loss= 0.9517530202865601
client id= 1 ,round= 6 ,epoch= 1 ,client update iteration= 20 ,loss= 0.8285140991210938
client id= 1 ,round= 6 ,epoch= 1 ,client update iteration= 30 ,loss= 0.6976302862167358
client id= 1 ,round= 6 ,epoch= 1 ,client update iteration= 40 ,loss= 0.7207319736480713
client id= 1 ,round= 6 ,epoch= 1 ,client update iteration= 50 ,loss= 0.624944806098938
client id= 1 ,round= 6 ,epoch= 1 ,client update iteration= 60 ,loss= 0.8592197895050049
client id= 1 ,round= 6 ,epoch= 1 ,client update iteration= 70 ,loss= 0.972129762172699
client id= 1 ,round= 6 ,epoch= 1 ,client update iteration= 80 ,loss= 0.8246755003929138
client id= 1 ,round= 6 ,epoch= 1 ,client update iteration= 90 ,loss= 0.9062026739120483
client id= 1 ,round= 6 ,epoch= 1 ,client update iteration= 100 ,loss= 1.0769366025924683
client id= 1 ,round= 6 ,epoch= 1 ,client update iteration= 110 ,loss= 0.7201909422874451
client id= 1 ,round= 6 ,epoch= 1 ,client update iteration= 120 ,loss= 0.7215730547904968
client id= 1 ,round= 6 ,epoch= 1 ,client update iteration= 130 ,loss= 0.7203581929206848
client id= 1 ,round= 6 ,epoch= 1 ,client update iteration= 140 ,loss= 1.3056225776672363
client id= 1 ,round= 6 ,epoch= 1 ,client update iteration= 150 ,loss= 0.9467708468437195
client id= 1 ,round= 6 ,epoch= 1 ,client update iteration= 160 ,loss= 0.7165769338607788
client id= 1 ,round= 6 ,epoch= 1 ,client update iteration= 170 ,loss= 0.6504541635513306
client id= 1 ,round= 6 ,epoch= 1 ,client update iteration= 180 ,loss= 0.7662585377693176
client id= 1 ,round= 6 ,epoch= 1 ,client update iteration= 190 ,loss= 0.4805176258087158
client id= 1 ,round= 6 ,epoch= 1 ,client update iteration= 200 ,loss= 0.7004149556159973
client id= 1 ,round= 6 ,epoch= 1 ,client update iteration= 210 ,loss= 0.7936614751815796
client id= 1 ,round= 6 ,epoch= 1 ,client update iteration= 220 ,loss= 0.8691788911819458
client id= 1 ,round= 6 ,epoch= 1 ,client update iteration= 230 ,loss= 0.689883828163147
client id= 1 ,round= 6 ,epoch= 1 ,client update iteration= 240 ,loss= 0.822230339050293
client id= 1 ,round= 6 ,epoch= 1 ,client update iteration= 250 ,loss= 0.6776552200317383
client id= 1 ,round= 6 ,epoch= 1 ,client update iteration= 260 ,loss= 0.9204376339912415
client id= 1 ,round= 6 ,epoch= 1 ,client update iteration= 270 ,loss= 0.7567709684371948
client id= 1 ,round= 6 ,epoch= 1 ,client update iteration= 280 ,loss= 0.9503052830696106
client id= 1 ,round= 6 ,epoch= 1 ,client update iteration= 290 ,loss= 0.8959073424339294
client id= 1 ,round= 6 ,epoch= 1 ,client update iteration= 300 ,loss= 1.022824764251709
client id= 1 ,round= 6 ,epoch= 1 ,client update iteration= 310 ,loss= 0.9402502775192261
client id= 1 ,round= 6 ,epoch= 1 ,client update iteration= 320 ,loss= 0.8198343515396118
client id= 1 ,round= 6 ,epoch= 1 ,client update iteration= 330 ,loss= 0.8634101748466492
client id= 1 ,round= 6 ,epoch= 1 ,client update iteration= 340 ,loss= 0.842266857624054
client id= 1 ,round= 6 ,epoch= 1 ,client update iteration= 350 ,loss= 0.7805827856063843
client id= 1 ,round= 6 ,epoch= 1 ,client update iteration= 360 ,loss= 0.7422101497650146
client id= 1 ,round= 6 ,epoch= 1 ,client update iteration= 370 ,loss= 0.5842018127441406
client id= 1 ,round= 6 ,epoch= 1 ,client update iteration= 380 ,loss= 1.0720622539520264
client id= 1 ,round= 6 ,epoch= 1 ,client update iteration= 390 ,loss= 1.1659421920776367
start cal weight time2021-07-01 13:58:54
end cal weight time2021-07-01 13:58:54
layer= 0 ratio= 0.0625
layer= 1 ratio= 0.0625
layer= 2 ratio= 0.0625
layer= 3 ratio= 0.0625
layer= 4 ratio= 0.0625
layer= 5 ratio= 0.0625
layer= 6 ratio= 0.0625
layer= 7 ratio= 0.0625
layer= 8 ratio= 0.0625
layer= 9 ratio= 0.0625
layer= 10 ratio= 0.0625
layer= 11 ratio= 0.0625
layer= 12 ratio= 0.0625
layer= 13 ratio= 0.0625
layer= 14 ratio= 0.0625
layer= 15 ratio= 0.0625
start add noise2021-07-01 13:58:54
end_add_noise_time2021-07-01 13:58:58
start cal weight time2021-07-01 13:58:58
end cal weight time2021-07-01 13:58:58
layer= 0 ratio= 0.0625
layer= 1 ratio= 0.0625
layer= 2 ratio= 0.0625
layer= 3 ratio= 0.0625
layer= 4 ratio= 0.0625
layer= 5 ratio= 0.0625
layer= 6 ratio= 0.0625
layer= 7 ratio= 0.0625
layer= 8 ratio= 0.0625
layer= 9 ratio= 0.0625
layer= 10 ratio= 0.0625
layer= 11 ratio= 0.0625
layer= 12 ratio= 0.0625
layer= 13 ratio= 0.0625
layer= 14 ratio= 0.0625
layer= 15 ratio= 0.0625
start add noise2021-07-01 13:58:58
end_add_noise_time2021-07-01 13:59:01
average train loss= 0.7746806605850034
2021-07-01 13:59:10,round 6,val Accuracy Top1: 72.000000 %
2021-07-01 13:59:10,round 6,val Accuracy Top5: 98.070000 %
******client id  0 ******
client_update start
client id= 0 ,round= 7 ,epoch= 1 ,client update iteration= 10 ,loss= 1.1324917078018188
client id= 0 ,round= 7 ,epoch= 1 ,client update iteration= 20 ,loss= 0.9346175789833069
client id= 0 ,round= 7 ,epoch= 1 ,client update iteration= 30 ,loss= 0.8861945271492004
client id= 0 ,round= 7 ,epoch= 1 ,client update iteration= 40 ,loss= 0.9697205424308777
client id= 0 ,round= 7 ,epoch= 1 ,client update iteration= 50 ,loss= 0.7715956568717957
client id= 0 ,round= 7 ,epoch= 1 ,client update iteration= 60 ,loss= 0.9486445784568787
client id= 0 ,round= 7 ,epoch= 1 ,client update iteration= 70 ,loss= 0.5722432136535645
client id= 0 ,round= 7 ,epoch= 1 ,client update iteration= 80 ,loss= 0.7869284152984619
client id= 0 ,round= 7 ,epoch= 1 ,client update iteration= 90 ,loss= 0.9215396046638489
client id= 0 ,round= 7 ,epoch= 1 ,client update iteration= 100 ,loss= 1.0859729051589966
client id= 0 ,round= 7 ,epoch= 1 ,client update iteration= 110 ,loss= 0.882745087146759
client id= 0 ,round= 7 ,epoch= 1 ,client update iteration= 120 ,loss= 0.8911405801773071
client id= 0 ,round= 7 ,epoch= 1 ,client update iteration= 130 ,loss= 0.6847408413887024
client id= 0 ,round= 7 ,epoch= 1 ,client update iteration= 140 ,loss= 0.7434957027435303
client id= 0 ,round= 7 ,epoch= 1 ,client update iteration= 150 ,loss= 0.7777361869812012
client id= 0 ,round= 7 ,epoch= 1 ,client update iteration= 160 ,loss= 0.7701671123504639
client id= 0 ,round= 7 ,epoch= 1 ,client update iteration= 170 ,loss= 0.9415236115455627
client id= 0 ,round= 7 ,epoch= 1 ,client update iteration= 180 ,loss= 0.9372100830078125
client id= 0 ,round= 7 ,epoch= 1 ,client update iteration= 190 ,loss= 0.5788763165473938
client id= 0 ,round= 7 ,epoch= 1 ,client update iteration= 200 ,loss= 0.6823933720588684
client id= 0 ,round= 7 ,epoch= 1 ,client update iteration= 210 ,loss= 0.9845392107963562
client id= 0 ,round= 7 ,epoch= 1 ,client update iteration= 220 ,loss= 0.6477492451667786
client id= 0 ,round= 7 ,epoch= 1 ,client update iteration= 230 ,loss= 0.8023313283920288
client id= 0 ,round= 7 ,epoch= 1 ,client update iteration= 240 ,loss= 0.8194354176521301
client id= 0 ,round= 7 ,epoch= 1 ,client update iteration= 250 ,loss= 0.7213963866233826
client id= 0 ,round= 7 ,epoch= 1 ,client update iteration= 260 ,loss= 0.9489985108375549
client id= 0 ,round= 7 ,epoch= 1 ,client update iteration= 270 ,loss= 0.5284725427627563
client id= 0 ,round= 7 ,epoch= 1 ,client update iteration= 280 ,loss= 0.7179967761039734
client id= 0 ,round= 7 ,epoch= 1 ,client update iteration= 290 ,loss= 0.9000271558761597
client id= 0 ,round= 7 ,epoch= 1 ,client update iteration= 300 ,loss= 0.695899248123169
client id= 0 ,round= 7 ,epoch= 1 ,client update iteration= 310 ,loss= 0.7840462923049927
client id= 0 ,round= 7 ,epoch= 1 ,client update iteration= 320 ,loss= 0.9105380773544312
client id= 0 ,round= 7 ,epoch= 1 ,client update iteration= 330 ,loss= 0.8220883011817932
client id= 0 ,round= 7 ,epoch= 1 ,client update iteration= 340 ,loss= 0.54270339012146
client id= 0 ,round= 7 ,epoch= 1 ,client update iteration= 350 ,loss= 0.7790823578834534
client id= 0 ,round= 7 ,epoch= 1 ,client update iteration= 360 ,loss= 0.7652091383934021
client id= 0 ,round= 7 ,epoch= 1 ,client update iteration= 370 ,loss= 0.5278045535087585
client id= 0 ,round= 7 ,epoch= 1 ,client update iteration= 380 ,loss= 0.7612617015838623
client id= 0 ,round= 7 ,epoch= 1 ,client update iteration= 390 ,loss= 0.7234434485435486
******client id  1 ******
client_update start
client id= 1 ,round= 7 ,epoch= 1 ,client update iteration= 10 ,loss= 0.9631983637809753
client id= 1 ,round= 7 ,epoch= 1 ,client update iteration= 20 ,loss= 1.2500594854354858
client id= 1 ,round= 7 ,epoch= 1 ,client update iteration= 30 ,loss= 0.8152121901512146
client id= 1 ,round= 7 ,epoch= 1 ,client update iteration= 40 ,loss= 0.8533838391304016
client id= 1 ,round= 7 ,epoch= 1 ,client update iteration= 50 ,loss= 0.7068330645561218
client id= 1 ,round= 7 ,epoch= 1 ,client update iteration= 60 ,loss= 0.9689798355102539
client id= 1 ,round= 7 ,epoch= 1 ,client update iteration= 70 ,loss= 0.6900613903999329
client id= 1 ,round= 7 ,epoch= 1 ,client update iteration= 80 ,loss= 0.49563494324684143
client id= 1 ,round= 7 ,epoch= 1 ,client update iteration= 90 ,loss= 0.6299915909767151
client id= 1 ,round= 7 ,epoch= 1 ,client update iteration= 100 ,loss= 0.9745352864265442
client id= 1 ,round= 7 ,epoch= 1 ,client update iteration= 110 ,loss= 0.9375791549682617
client id= 1 ,round= 7 ,epoch= 1 ,client update iteration= 120 ,loss= 0.7357044816017151
client id= 1 ,round= 7 ,epoch= 1 ,client update iteration= 130 ,loss= 0.8488068580627441
client id= 1 ,round= 7 ,epoch= 1 ,client update iteration= 140 ,loss= 0.7510471343994141
client id= 1 ,round= 7 ,epoch= 1 ,client update iteration= 150 ,loss= 0.9716069102287292
client id= 1 ,round= 7 ,epoch= 1 ,client update iteration= 160 ,loss= 0.9230201244354248
client id= 1 ,round= 7 ,epoch= 1 ,client update iteration= 170 ,loss= 0.8229606747627258
client id= 1 ,round= 7 ,epoch= 1 ,client update iteration= 180 ,loss= 0.8858066201210022
client id= 1 ,round= 7 ,epoch= 1 ,client update iteration= 190 ,loss= 0.8746384978294373
client id= 1 ,round= 7 ,epoch= 1 ,client update iteration= 200 ,loss= 0.8817551732063293
client id= 1 ,round= 7 ,epoch= 1 ,client update iteration= 210 ,loss= 0.724398672580719
client id= 1 ,round= 7 ,epoch= 1 ,client update iteration= 220 ,loss= 0.730396568775177
client id= 1 ,round= 7 ,epoch= 1 ,client update iteration= 230 ,loss= 0.786512017250061
client id= 1 ,round= 7 ,epoch= 1 ,client update iteration= 240 ,loss= 0.5703872442245483
client id= 1 ,round= 7 ,epoch= 1 ,client update iteration= 250 ,loss= 0.7779098749160767
client id= 1 ,round= 7 ,epoch= 1 ,client update iteration= 260 ,loss= 0.9029655456542969
client id= 1 ,round= 7 ,epoch= 1 ,client update iteration= 270 ,loss= 0.78685063123703
client id= 1 ,round= 7 ,epoch= 1 ,client update iteration= 280 ,loss= 0.9163263440132141
client id= 1 ,round= 7 ,epoch= 1 ,client update iteration= 290 ,loss= 0.8186240792274475
client id= 1 ,round= 7 ,epoch= 1 ,client update iteration= 300 ,loss= 0.915911078453064
client id= 1 ,round= 7 ,epoch= 1 ,client update iteration= 310 ,loss= 0.6826794743537903
client id= 1 ,round= 7 ,epoch= 1 ,client update iteration= 320 ,loss= 0.8202885985374451
client id= 1 ,round= 7 ,epoch= 1 ,client update iteration= 330 ,loss= 0.8836356997489929
client id= 1 ,round= 7 ,epoch= 1 ,client update iteration= 340 ,loss= 1.1658754348754883
client id= 1 ,round= 7 ,epoch= 1 ,client update iteration= 350 ,loss= 0.7955932021141052
client id= 1 ,round= 7 ,epoch= 1 ,client update iteration= 360 ,loss= 0.6736950874328613
client id= 1 ,round= 7 ,epoch= 1 ,client update iteration= 370 ,loss= 0.6776069402694702
client id= 1 ,round= 7 ,epoch= 1 ,client update iteration= 380 ,loss= 0.7127758860588074
client id= 1 ,round= 7 ,epoch= 1 ,client update iteration= 390 ,loss= 0.658452033996582
start cal weight time2021-07-01 14:01:36
end cal weight time2021-07-01 14:01:36
layer= 0 ratio= 0.0625
layer= 1 ratio= 0.0625
layer= 2 ratio= 0.0625
layer= 3 ratio= 0.0625
layer= 4 ratio= 0.0625
layer= 5 ratio= 0.0625
layer= 6 ratio= 0.0625
layer= 7 ratio= 0.0625
layer= 8 ratio= 0.0625
layer= 9 ratio= 0.0625
layer= 10 ratio= 0.0625
layer= 11 ratio= 0.0625
layer= 12 ratio= 0.0625
layer= 13 ratio= 0.0625
layer= 14 ratio= 0.0625
layer= 15 ratio= 0.0625
start add noise2021-07-01 14:01:36
end_add_noise_time2021-07-01 14:01:39
start cal weight time2021-07-01 14:01:39
end cal weight time2021-07-01 14:01:39
layer= 0 ratio= 0.0625
layer= 1 ratio= 0.0625
layer= 2 ratio= 0.0625
layer= 3 ratio= 0.0625
layer= 4 ratio= 0.0625
layer= 5 ratio= 0.0625
layer= 6 ratio= 0.0625
layer= 7 ratio= 0.0625
layer= 8 ratio= 0.0625
layer= 9 ratio= 0.0625
layer= 10 ratio= 0.0625
layer= 11 ratio= 0.0625
layer= 12 ratio= 0.0625
layer= 13 ratio= 0.0625
layer= 14 ratio= 0.0625
layer= 15 ratio= 0.0625
start add noise2021-07-01 14:01:39
end_add_noise_time2021-07-01 14:01:42
average train loss= 0.8039075205545596
2021-07-01 14:01:51,round 7,val Accuracy Top1: 66.130000 %
2021-07-01 14:01:51,round 7,val Accuracy Top5: 97.410000 %
******client id  0 ******
client_update start
client id= 0 ,round= 8 ,epoch= 1 ,client update iteration= 10 ,loss= 0.9082057476043701
client id= 0 ,round= 8 ,epoch= 1 ,client update iteration= 20 ,loss= 0.8194814324378967
client id= 0 ,round= 8 ,epoch= 1 ,client update iteration= 30 ,loss= 1.0497180223464966
client id= 0 ,round= 8 ,epoch= 1 ,client update iteration= 40 ,loss= 0.9131582379341125
client id= 0 ,round= 8 ,epoch= 1 ,client update iteration= 50 ,loss= 1.1467723846435547
client id= 0 ,round= 8 ,epoch= 1 ,client update iteration= 60 ,loss= 1.01131272315979
client id= 0 ,round= 8 ,epoch= 1 ,client update iteration= 70 ,loss= 0.5737218856811523
client id= 0 ,round= 8 ,epoch= 1 ,client update iteration= 80 ,loss= 0.7169107794761658
client id= 0 ,round= 8 ,epoch= 1 ,client update iteration= 90 ,loss= 0.9926280975341797
client id= 0 ,round= 8 ,epoch= 1 ,client update iteration= 100 ,loss= 0.7029016613960266
client id= 0 ,round= 8 ,epoch= 1 ,client update iteration= 110 ,loss= 0.6530565023422241
client id= 0 ,round= 8 ,epoch= 1 ,client update iteration= 120 ,loss= 0.7547510266304016
client id= 0 ,round= 8 ,epoch= 1 ,client update iteration= 130 ,loss= 0.8470264673233032
client id= 0 ,round= 8 ,epoch= 1 ,client update iteration= 140 ,loss= 0.8609223365783691
client id= 0 ,round= 8 ,epoch= 1 ,client update iteration= 150 ,loss= 0.9294658899307251
client id= 0 ,round= 8 ,epoch= 1 ,client update iteration= 160 ,loss= 1.0725972652435303
client id= 0 ,round= 8 ,epoch= 1 ,client update iteration= 170 ,loss= 0.6147577166557312
client id= 0 ,round= 8 ,epoch= 1 ,client update iteration= 180 ,loss= 0.879467248916626
client id= 0 ,round= 8 ,epoch= 1 ,client update iteration= 190 ,loss= 0.8336501717567444
client id= 0 ,round= 8 ,epoch= 1 ,client update iteration= 200 ,loss= 0.7600220441818237
client id= 0 ,round= 8 ,epoch= 1 ,client update iteration= 210 ,loss= 0.8459919691085815
client id= 0 ,round= 8 ,epoch= 1 ,client update iteration= 220 ,loss= 0.8440244793891907
client id= 0 ,round= 8 ,epoch= 1 ,client update iteration= 230 ,loss= 0.9300339818000793
client id= 0 ,round= 8 ,epoch= 1 ,client update iteration= 240 ,loss= 0.6591609716415405
client id= 0 ,round= 8 ,epoch= 1 ,client update iteration= 250 ,loss= 0.735846221446991
client id= 0 ,round= 8 ,epoch= 1 ,client update iteration= 260 ,loss= 1.123059868812561
client id= 0 ,round= 8 ,epoch= 1 ,client update iteration= 270 ,loss= 0.6955697536468506
client id= 0 ,round= 8 ,epoch= 1 ,client update iteration= 280 ,loss= 0.5932114720344543
client id= 0 ,round= 8 ,epoch= 1 ,client update iteration= 290 ,loss= 0.9475303292274475
client id= 0 ,round= 8 ,epoch= 1 ,client update iteration= 300 ,loss= 0.5622192621231079
client id= 0 ,round= 8 ,epoch= 1 ,client update iteration= 310 ,loss= 0.8074007630348206
client id= 0 ,round= 8 ,epoch= 1 ,client update iteration= 320 ,loss= 0.8543503284454346
client id= 0 ,round= 8 ,epoch= 1 ,client update iteration= 330 ,loss= 0.6462029814720154
client id= 0 ,round= 8 ,epoch= 1 ,client update iteration= 340 ,loss= 0.7119939923286438
client id= 0 ,round= 8 ,epoch= 1 ,client update iteration= 350 ,loss= 0.9200721979141235
client id= 0 ,round= 8 ,epoch= 1 ,client update iteration= 360 ,loss= 0.7836902737617493
client id= 0 ,round= 8 ,epoch= 1 ,client update iteration= 370 ,loss= 1.0159631967544556
client id= 0 ,round= 8 ,epoch= 1 ,client update iteration= 380 ,loss= 0.64650958776474
client id= 0 ,round= 8 ,epoch= 1 ,client update iteration= 390 ,loss= 0.8378055095672607
******client id  1 ******
client_update start
client id= 1 ,round= 8 ,epoch= 1 ,client update iteration= 10 ,loss= 0.9622451663017273
client id= 1 ,round= 8 ,epoch= 1 ,client update iteration= 20 ,loss= 1.2119860649108887
client id= 1 ,round= 8 ,epoch= 1 ,client update iteration= 30 ,loss= 1.1107274293899536
client id= 1 ,round= 8 ,epoch= 1 ,client update iteration= 40 ,loss= 0.8616595268249512
client id= 1 ,round= 8 ,epoch= 1 ,client update iteration= 50 ,loss= 1.0297127962112427
client id= 1 ,round= 8 ,epoch= 1 ,client update iteration= 60 ,loss= 0.9462578892707825
client id= 1 ,round= 8 ,epoch= 1 ,client update iteration= 70 ,loss= 0.9214407801628113
client id= 1 ,round= 8 ,epoch= 1 ,client update iteration= 80 ,loss= 0.8276706337928772
client id= 1 ,round= 8 ,epoch= 1 ,client update iteration= 90 ,loss= 1.1098121404647827
client id= 1 ,round= 8 ,epoch= 1 ,client update iteration= 100 ,loss= 0.7855185270309448
client id= 1 ,round= 8 ,epoch= 1 ,client update iteration= 110 ,loss= 0.6263911128044128
client id= 1 ,round= 8 ,epoch= 1 ,client update iteration= 120 ,loss= 0.7217602729797363
client id= 1 ,round= 8 ,epoch= 1 ,client update iteration= 130 ,loss= 0.7182989120483398
client id= 1 ,round= 8 ,epoch= 1 ,client update iteration= 140 ,loss= 0.9440571665763855
client id= 1 ,round= 8 ,epoch= 1 ,client update iteration= 150 ,loss= 0.7027954459190369
client id= 1 ,round= 8 ,epoch= 1 ,client update iteration= 160 ,loss= 0.6479227542877197
client id= 1 ,round= 8 ,epoch= 1 ,client update iteration= 170 ,loss= 0.8914474844932556
client id= 1 ,round= 8 ,epoch= 1 ,client update iteration= 180 ,loss= 0.8517469167709351
client id= 1 ,round= 8 ,epoch= 1 ,client update iteration= 190 ,loss= 0.9188708066940308
client id= 1 ,round= 8 ,epoch= 1 ,client update iteration= 200 ,loss= 0.7779005169868469
client id= 1 ,round= 8 ,epoch= 1 ,client update iteration= 210 ,loss= 0.9206750392913818
client id= 1 ,round= 8 ,epoch= 1 ,client update iteration= 220 ,loss= 0.7371006011962891
client id= 1 ,round= 8 ,epoch= 1 ,client update iteration= 230 ,loss= 0.72706139087677
client id= 1 ,round= 8 ,epoch= 1 ,client update iteration= 240 ,loss= 0.6919347643852234
client id= 1 ,round= 8 ,epoch= 1 ,client update iteration= 250 ,loss= 0.9532768726348877
client id= 1 ,round= 8 ,epoch= 1 ,client update iteration= 260 ,loss= 0.7509428262710571
client id= 1 ,round= 8 ,epoch= 1 ,client update iteration= 270 ,loss= 0.7618961930274963
client id= 1 ,round= 8 ,epoch= 1 ,client update iteration= 280 ,loss= 0.989914059638977
client id= 1 ,round= 8 ,epoch= 1 ,client update iteration= 290 ,loss= 0.7632139921188354
client id= 1 ,round= 8 ,epoch= 1 ,client update iteration= 300 ,loss= 0.9242528080940247
client id= 1 ,round= 8 ,epoch= 1 ,client update iteration= 310 ,loss= 1.0946639776229858
client id= 1 ,round= 8 ,epoch= 1 ,client update iteration= 320 ,loss= 0.7814784049987793
client id= 1 ,round= 8 ,epoch= 1 ,client update iteration= 330 ,loss= 0.7233803272247314
client id= 1 ,round= 8 ,epoch= 1 ,client update iteration= 340 ,loss= 0.9502073526382446
client id= 1 ,round= 8 ,epoch= 1 ,client update iteration= 350 ,loss= 0.7745404243469238
client id= 1 ,round= 8 ,epoch= 1 ,client update iteration= 360 ,loss= 0.7104671001434326
client id= 1 ,round= 8 ,epoch= 1 ,client update iteration= 370 ,loss= 0.5964393615722656
client id= 1 ,round= 8 ,epoch= 1 ,client update iteration= 380 ,loss= 0.6494404077529907
client id= 1 ,round= 8 ,epoch= 1 ,client update iteration= 390 ,loss= 0.6509662866592407
start cal weight time2021-07-01 14:04:17
end cal weight time2021-07-01 14:04:17
layer= 0 ratio= 0.0625
layer= 1 ratio= 0.0625
layer= 2 ratio= 0.0625
layer= 3 ratio= 0.0625
layer= 4 ratio= 0.0625
layer= 5 ratio= 0.0625
layer= 6 ratio= 0.0625
layer= 7 ratio= 0.0625
layer= 8 ratio= 0.0625
layer= 9 ratio= 0.0625
layer= 10 ratio= 0.0625
layer= 11 ratio= 0.0625
layer= 12 ratio= 0.0625
layer= 13 ratio= 0.0625
layer= 14 ratio= 0.0625
layer= 15 ratio= 0.0625
start add noise2021-07-01 14:04:17
end_add_noise_time2021-07-01 14:04:21
start cal weight time2021-07-01 14:04:21
end cal weight time2021-07-01 14:04:21
layer= 0 ratio= 0.0625
layer= 1 ratio= 0.0625
layer= 2 ratio= 0.0625
layer= 3 ratio= 0.0625
layer= 4 ratio= 0.0625
layer= 5 ratio= 0.0625
layer= 6 ratio= 0.0625
layer= 7 ratio= 0.0625
layer= 8 ratio= 0.0625
layer= 9 ratio= 0.0625
layer= 10 ratio= 0.0625
layer= 11 ratio= 0.0625
layer= 12 ratio= 0.0625
layer= 13 ratio= 0.0625
layer= 14 ratio= 0.0625
layer= 15 ratio= 0.0625
start add noise2021-07-01 14:04:21
end_add_noise_time2021-07-01 14:04:24
average train loss= 0.8660286346359936
2021-07-01 14:04:33,round 8,val Accuracy Top1: 70.750000 %
2021-07-01 14:04:33,round 8,val Accuracy Top5: 97.780000 %
******client id  0 ******
client_update start
client id= 0 ,round= 9 ,epoch= 1 ,client update iteration= 10 ,loss= 1.4388917684555054
client id= 0 ,round= 9 ,epoch= 1 ,client update iteration= 20 ,loss= 0.9348751306533813
client id= 0 ,round= 9 ,epoch= 1 ,client update iteration= 30 ,loss= 1.2647415399551392
client id= 0 ,round= 9 ,epoch= 1 ,client update iteration= 40 ,loss= 1.0491188764572144
client id= 0 ,round= 9 ,epoch= 1 ,client update iteration= 50 ,loss= 0.9960654377937317
client id= 0 ,round= 9 ,epoch= 1 ,client update iteration= 60 ,loss= 0.9409093856811523
client id= 0 ,round= 9 ,epoch= 1 ,client update iteration= 70 ,loss= 1.392363429069519
client id= 0 ,round= 9 ,epoch= 1 ,client update iteration= 80 ,loss= 1.139094352722168
client id= 0 ,round= 9 ,epoch= 1 ,client update iteration= 90 ,loss= 0.7248644828796387
client id= 0 ,round= 9 ,epoch= 1 ,client update iteration= 100 ,loss= 0.8470214605331421
client id= 0 ,round= 9 ,epoch= 1 ,client update iteration= 110 ,loss= 0.8710346221923828
client id= 0 ,round= 9 ,epoch= 1 ,client update iteration= 120 ,loss= 0.8178908228874207
client id= 0 ,round= 9 ,epoch= 1 ,client update iteration= 130 ,loss= 0.7918081283569336
client id= 0 ,round= 9 ,epoch= 1 ,client update iteration= 140 ,loss= 0.8783898949623108
client id= 0 ,round= 9 ,epoch= 1 ,client update iteration= 150 ,loss= 0.753632128238678
client id= 0 ,round= 9 ,epoch= 1 ,client update iteration= 160 ,loss= 0.872105062007904
client id= 0 ,round= 9 ,epoch= 1 ,client update iteration= 170 ,loss= 0.9632956981658936
client id= 0 ,round= 9 ,epoch= 1 ,client update iteration= 180 ,loss= 0.9255689382553101
client id= 0 ,round= 9 ,epoch= 1 ,client update iteration= 190 ,loss= 1.1367945671081543
client id= 0 ,round= 9 ,epoch= 1 ,client update iteration= 200 ,loss= 0.810869574546814
client id= 0 ,round= 9 ,epoch= 1 ,client update iteration= 210 ,loss= 1.0801029205322266
client id= 0 ,round= 9 ,epoch= 1 ,client update iteration= 220 ,loss= 1.1581475734710693
client id= 0 ,round= 9 ,epoch= 1 ,client update iteration= 230 ,loss= 0.8339444994926453
client id= 0 ,round= 9 ,epoch= 1 ,client update iteration= 240 ,loss= 0.9141091704368591
client id= 0 ,round= 9 ,epoch= 1 ,client update iteration= 250 ,loss= 0.7502602338790894
client id= 0 ,round= 9 ,epoch= 1 ,client update iteration= 260 ,loss= 0.8523154258728027
client id= 0 ,round= 9 ,epoch= 1 ,client update iteration= 270 ,loss= 0.7952681183815002
client id= 0 ,round= 9 ,epoch= 1 ,client update iteration= 280 ,loss= 0.7773981094360352
client id= 0 ,round= 9 ,epoch= 1 ,client update iteration= 290 ,loss= 1.1393157243728638
client id= 0 ,round= 9 ,epoch= 1 ,client update iteration= 300 ,loss= 0.9859737157821655
client id= 0 ,round= 9 ,epoch= 1 ,client update iteration= 310 ,loss= 0.5939372181892395
client id= 0 ,round= 9 ,epoch= 1 ,client update iteration= 320 ,loss= 0.9561968445777893
client id= 0 ,round= 9 ,epoch= 1 ,client update iteration= 330 ,loss= 0.7583656907081604
client id= 0 ,round= 9 ,epoch= 1 ,client update iteration= 340 ,loss= 1.004768967628479
client id= 0 ,round= 9 ,epoch= 1 ,client update iteration= 350 ,loss= 0.910423219203949
client id= 0 ,round= 9 ,epoch= 1 ,client update iteration= 360 ,loss= 0.6733893752098083
client id= 0 ,round= 9 ,epoch= 1 ,client update iteration= 370 ,loss= 1.0911023616790771
client id= 0 ,round= 9 ,epoch= 1 ,client update iteration= 380 ,loss= 0.7487169504165649
client id= 0 ,round= 9 ,epoch= 1 ,client update iteration= 390 ,loss= 1.0518866777420044
******client id  1 ******
client_update start
client id= 1 ,round= 9 ,epoch= 1 ,client update iteration= 10 ,loss= 1.2667404413223267
client id= 1 ,round= 9 ,epoch= 1 ,client update iteration= 20 ,loss= 1.0845280885696411
client id= 1 ,round= 9 ,epoch= 1 ,client update iteration= 30 ,loss= 0.9748128056526184
client id= 1 ,round= 9 ,epoch= 1 ,client update iteration= 40 ,loss= 0.7926191687583923
client id= 1 ,round= 9 ,epoch= 1 ,client update iteration= 50 ,loss= 1.3679637908935547
client id= 1 ,round= 9 ,epoch= 1 ,client update iteration= 60 ,loss= 1.125665545463562
client id= 1 ,round= 9 ,epoch= 1 ,client update iteration= 70 ,loss= 1.0439538955688477
client id= 1 ,round= 9 ,epoch= 1 ,client update iteration= 80 ,loss= 0.9108359813690186
client id= 1 ,round= 9 ,epoch= 1 ,client update iteration= 90 ,loss= 0.7361571192741394
client id= 1 ,round= 9 ,epoch= 1 ,client update iteration= 100 ,loss= 1.102134108543396
client id= 1 ,round= 9 ,epoch= 1 ,client update iteration= 110 ,loss= 0.7999999523162842
client id= 1 ,round= 9 ,epoch= 1 ,client update iteration= 120 ,loss= 0.9662542343139648
client id= 1 ,round= 9 ,epoch= 1 ,client update iteration= 130 ,loss= 1.1100726127624512
client id= 1 ,round= 9 ,epoch= 1 ,client update iteration= 140 ,loss= 0.866795003414154
client id= 1 ,round= 9 ,epoch= 1 ,client update iteration= 150 ,loss= 1.2059249877929688
client id= 1 ,round= 9 ,epoch= 1 ,client update iteration= 160 ,loss= 0.9729318618774414
client id= 1 ,round= 9 ,epoch= 1 ,client update iteration= 170 ,loss= 0.7335549592971802
client id= 1 ,round= 9 ,epoch= 1 ,client update iteration= 180 ,loss= 1.099321722984314
client id= 1 ,round= 9 ,epoch= 1 ,client update iteration= 190 ,loss= 0.8245449662208557
client id= 1 ,round= 9 ,epoch= 1 ,client update iteration= 200 ,loss= 1.0652061700820923
client id= 1 ,round= 9 ,epoch= 1 ,client update iteration= 210 ,loss= 0.8915334343910217
client id= 1 ,round= 9 ,epoch= 1 ,client update iteration= 220 ,loss= 0.8632405400276184
client id= 1 ,round= 9 ,epoch= 1 ,client update iteration= 230 ,loss= 0.6809436082839966
client id= 1 ,round= 9 ,epoch= 1 ,client update iteration= 240 ,loss= 0.7318033576011658
client id= 1 ,round= 9 ,epoch= 1 ,client update iteration= 250 ,loss= 0.6213608980178833
client id= 1 ,round= 9 ,epoch= 1 ,client update iteration= 260 ,loss= 1.0377486944198608
client id= 1 ,round= 9 ,epoch= 1 ,client update iteration= 270 ,loss= 0.825597882270813
client id= 1 ,round= 9 ,epoch= 1 ,client update iteration= 280 ,loss= 0.9756075739860535
client id= 1 ,round= 9 ,epoch= 1 ,client update iteration= 290 ,loss= 0.8402251601219177
client id= 1 ,round= 9 ,epoch= 1 ,client update iteration= 300 ,loss= 0.7203457355499268
client id= 1 ,round= 9 ,epoch= 1 ,client update iteration= 310 ,loss= 0.800208330154419
client id= 1 ,round= 9 ,epoch= 1 ,client update iteration= 320 ,loss= 0.9861875176429749
client id= 1 ,round= 9 ,epoch= 1 ,client update iteration= 330 ,loss= 0.958315908908844
client id= 1 ,round= 9 ,epoch= 1 ,client update iteration= 340 ,loss= 0.8253380060195923
client id= 1 ,round= 9 ,epoch= 1 ,client update iteration= 350 ,loss= 0.678144097328186
client id= 1 ,round= 9 ,epoch= 1 ,client update iteration= 360 ,loss= 1.0046522617340088
client id= 1 ,round= 9 ,epoch= 1 ,client update iteration= 370 ,loss= 0.8138106465339661
client id= 1 ,round= 9 ,epoch= 1 ,client update iteration= 380 ,loss= 0.6438881158828735
client id= 1 ,round= 9 ,epoch= 1 ,client update iteration= 390 ,loss= 0.8722860217094421
start cal weight time2021-07-01 14:06:58
end cal weight time2021-07-01 14:06:58
layer= 0 ratio= 0.0625
layer= 1 ratio= 0.0625
layer= 2 ratio= 0.0625
layer= 3 ratio= 0.0625
layer= 4 ratio= 0.0625
layer= 5 ratio= 0.0625
layer= 6 ratio= 0.0625
layer= 7 ratio= 0.0625
layer= 8 ratio= 0.0625
layer= 9 ratio= 0.0625
layer= 10 ratio= 0.0625
layer= 11 ratio= 0.0625
layer= 12 ratio= 0.0625
layer= 13 ratio= 0.0625
layer= 14 ratio= 0.0625
layer= 15 ratio= 0.0625
start add noise2021-07-01 14:06:58
end_add_noise_time2021-07-01 14:07:02
start cal weight time2021-07-01 14:07:02
end cal weight time2021-07-01 14:07:02
layer= 0 ratio= 0.0625
layer= 1 ratio= 0.0625
layer= 2 ratio= 0.0625
layer= 3 ratio= 0.0625
layer= 4 ratio= 0.0625
layer= 5 ratio= 0.0625
layer= 6 ratio= 0.0625
layer= 7 ratio= 0.0625
layer= 8 ratio= 0.0625
layer= 9 ratio= 0.0625
layer= 10 ratio= 0.0625
layer= 11 ratio= 0.0625
layer= 12 ratio= 0.0625
layer= 13 ratio= 0.0625
layer= 14 ratio= 0.0625
layer= 15 ratio= 0.0625
start add noise2021-07-01 14:07:02
end_add_noise_time2021-07-01 14:07:05
average train loss= 0.9200589184642143
2021-07-01 14:07:14,round 9,val Accuracy Top1: 70.560000 %
2021-07-01 14:07:14,round 9,val Accuracy Top5: 97.100000 %
******client id  0 ******
client_update start
client id= 0 ,round= 10 ,epoch= 1 ,client update iteration= 10 ,loss= 1.5584996938705444
client id= 0 ,round= 10 ,epoch= 1 ,client update iteration= 20 ,loss= 1.3405684232711792
client id= 0 ,round= 10 ,epoch= 1 ,client update iteration= 30 ,loss= 0.7916843891143799
client id= 0 ,round= 10 ,epoch= 1 ,client update iteration= 40 ,loss= 1.2796151638031006
client id= 0 ,round= 10 ,epoch= 1 ,client update iteration= 50 ,loss= 1.2658538818359375
client id= 0 ,round= 10 ,epoch= 1 ,client update iteration= 60 ,loss= 1.0194787979125977
client id= 0 ,round= 10 ,epoch= 1 ,client update iteration= 70 ,loss= 1.608337640762329
client id= 0 ,round= 10 ,epoch= 1 ,client update iteration= 80 ,loss= 1.3081207275390625
client id= 0 ,round= 10 ,epoch= 1 ,client update iteration= 90 ,loss= 1.1632088422775269
client id= 0 ,round= 10 ,epoch= 1 ,client update iteration= 100 ,loss= 1.1514136791229248
client id= 0 ,round= 10 ,epoch= 1 ,client update iteration= 110 ,loss= 1.3010324239730835
client id= 0 ,round= 10 ,epoch= 1 ,client update iteration= 120 ,loss= 0.787655234336853
client id= 0 ,round= 10 ,epoch= 1 ,client update iteration= 130 ,loss= 0.7693875432014465
client id= 0 ,round= 10 ,epoch= 1 ,client update iteration= 140 ,loss= 0.8813290596008301
client id= 0 ,round= 10 ,epoch= 1 ,client update iteration= 150 ,loss= 1.0254520177841187
client id= 0 ,round= 10 ,epoch= 1 ,client update iteration= 160 ,loss= 1.2701603174209595
client id= 0 ,round= 10 ,epoch= 1 ,client update iteration= 170 ,loss= 1.2585906982421875
client id= 0 ,round= 10 ,epoch= 1 ,client update iteration= 180 ,loss= 1.0871814489364624
client id= 0 ,round= 10 ,epoch= 1 ,client update iteration= 190 ,loss= 0.8049694299697876
client id= 0 ,round= 10 ,epoch= 1 ,client update iteration= 200 ,loss= 0.8716918230056763
client id= 0 ,round= 10 ,epoch= 1 ,client update iteration= 210 ,loss= 0.9467405676841736
client id= 0 ,round= 10 ,epoch= 1 ,client update iteration= 220 ,loss= 0.9972559809684753
client id= 0 ,round= 10 ,epoch= 1 ,client update iteration= 230 ,loss= 0.702393114566803
client id= 0 ,round= 10 ,epoch= 1 ,client update iteration= 240 ,loss= 0.8572224378585815
client id= 0 ,round= 10 ,epoch= 1 ,client update iteration= 250 ,loss= 0.921604573726654
client id= 0 ,round= 10 ,epoch= 1 ,client update iteration= 260 ,loss= 1.0449968576431274
client id= 0 ,round= 10 ,epoch= 1 ,client update iteration= 270 ,loss= 0.9822426438331604
client id= 0 ,round= 10 ,epoch= 1 ,client update iteration= 280 ,loss= 0.9149447679519653
client id= 0 ,round= 10 ,epoch= 1 ,client update iteration= 290 ,loss= 0.7313162684440613
client id= 0 ,round= 10 ,epoch= 1 ,client update iteration= 300 ,loss= 1.0286927223205566
client id= 0 ,round= 10 ,epoch= 1 ,client update iteration= 310 ,loss= 1.0311731100082397
client id= 0 ,round= 10 ,epoch= 1 ,client update iteration= 320 ,loss= 0.8550595641136169
client id= 0 ,round= 10 ,epoch= 1 ,client update iteration= 330 ,loss= 0.6856586337089539
client id= 0 ,round= 10 ,epoch= 1 ,client update iteration= 340 ,loss= 0.939075231552124
client id= 0 ,round= 10 ,epoch= 1 ,client update iteration= 350 ,loss= 0.6859132647514343
client id= 0 ,round= 10 ,epoch= 1 ,client update iteration= 360 ,loss= 0.7096463441848755
client id= 0 ,round= 10 ,epoch= 1 ,client update iteration= 370 ,loss= 1.0533093214035034
client id= 0 ,round= 10 ,epoch= 1 ,client update iteration= 380 ,loss= 0.8362669944763184
client id= 0 ,round= 10 ,epoch= 1 ,client update iteration= 390 ,loss= 0.7684029340744019
******client id  1 ******
client_update start
client id= 1 ,round= 10 ,epoch= 1 ,client update iteration= 10 ,loss= 1.4383447170257568
client id= 1 ,round= 10 ,epoch= 1 ,client update iteration= 20 ,loss= 1.4340182542800903
client id= 1 ,round= 10 ,epoch= 1 ,client update iteration= 30 ,loss= 1.1681855916976929
client id= 1 ,round= 10 ,epoch= 1 ,client update iteration= 40 ,loss= 1.449522852897644
client id= 1 ,round= 10 ,epoch= 1 ,client update iteration= 50 ,loss= 1.3324881792068481
client id= 1 ,round= 10 ,epoch= 1 ,client update iteration= 60 ,loss= 0.9571406841278076
client id= 1 ,round= 10 ,epoch= 1 ,client update iteration= 70 ,loss= 1.0851541757583618
client id= 1 ,round= 10 ,epoch= 1 ,client update iteration= 80 ,loss= 1.0657802820205688
client id= 1 ,round= 10 ,epoch= 1 ,client update iteration= 90 ,loss= 0.7312339544296265
client id= 1 ,round= 10 ,epoch= 1 ,client update iteration= 100 ,loss= 1.045654296875
client id= 1 ,round= 10 ,epoch= 1 ,client update iteration= 110 ,loss= 1.2794420719146729
client id= 1 ,round= 10 ,epoch= 1 ,client update iteration= 120 ,loss= 1.011778473854065
client id= 1 ,round= 10 ,epoch= 1 ,client update iteration= 130 ,loss= 0.9769684076309204
client id= 1 ,round= 10 ,epoch= 1 ,client update iteration= 140 ,loss= 1.0277360677719116
client id= 1 ,round= 10 ,epoch= 1 ,client update iteration= 150 ,loss= 1.0136603116989136
client id= 1 ,round= 10 ,epoch= 1 ,client update iteration= 160 ,loss= 1.2798980474472046
client id= 1 ,round= 10 ,epoch= 1 ,client update iteration= 170 ,loss= 0.9603782892227173
client id= 1 ,round= 10 ,epoch= 1 ,client update iteration= 180 ,loss= 0.7408173084259033
client id= 1 ,round= 10 ,epoch= 1 ,client update iteration= 190 ,loss= 0.7926294803619385
client id= 1 ,round= 10 ,epoch= 1 ,client update iteration= 200 ,loss= 1.1927621364593506
client id= 1 ,round= 10 ,epoch= 1 ,client update iteration= 210 ,loss= 0.941844642162323
client id= 1 ,round= 10 ,epoch= 1 ,client update iteration= 220 ,loss= 0.7720229625701904
client id= 1 ,round= 10 ,epoch= 1 ,client update iteration= 230 ,loss= 0.7505512237548828
client id= 1 ,round= 10 ,epoch= 1 ,client update iteration= 240 ,loss= 0.7844496965408325
client id= 1 ,round= 10 ,epoch= 1 ,client update iteration= 250 ,loss= 1.2413643598556519
client id= 1 ,round= 10 ,epoch= 1 ,client update iteration= 260 ,loss= 0.8156132102012634
client id= 1 ,round= 10 ,epoch= 1 ,client update iteration= 270 ,loss= 0.8311083316802979
client id= 1 ,round= 10 ,epoch= 1 ,client update iteration= 280 ,loss= 0.9104570746421814
client id= 1 ,round= 10 ,epoch= 1 ,client update iteration= 290 ,loss= 0.8649565577507019
client id= 1 ,round= 10 ,epoch= 1 ,client update iteration= 300 ,loss= 0.8200615644454956
client id= 1 ,round= 10 ,epoch= 1 ,client update iteration= 310 ,loss= 0.9106879830360413
client id= 1 ,round= 10 ,epoch= 1 ,client update iteration= 320 ,loss= 1.0474053621292114
client id= 1 ,round= 10 ,epoch= 1 ,client update iteration= 330 ,loss= 0.9661663174629211
client id= 1 ,round= 10 ,epoch= 1 ,client update iteration= 340 ,loss= 1.0663387775421143
client id= 1 ,round= 10 ,epoch= 1 ,client update iteration= 350 ,loss= 1.0630706548690796
client id= 1 ,round= 10 ,epoch= 1 ,client update iteration= 360 ,loss= 0.7154799103736877
client id= 1 ,round= 10 ,epoch= 1 ,client update iteration= 370 ,loss= 0.7064709067344666
client id= 1 ,round= 10 ,epoch= 1 ,client update iteration= 380 ,loss= 0.9012438654899597
client id= 1 ,round= 10 ,epoch= 1 ,client update iteration= 390 ,loss= 0.9183638095855713
start cal weight time2021-07-01 14:09:40
end cal weight time2021-07-01 14:09:40
layer= 0 ratio= 0.0625
layer= 1 ratio= 0.0625
layer= 2 ratio= 0.0625
layer= 3 ratio= 0.0625
layer= 4 ratio= 0.0625
layer= 5 ratio= 0.0625
layer= 6 ratio= 0.0625
layer= 7 ratio= 0.0625
layer= 8 ratio= 0.0625
layer= 9 ratio= 0.0625
layer= 10 ratio= 0.0625
layer= 11 ratio= 0.0625
layer= 12 ratio= 0.0625
layer= 13 ratio= 0.0625
layer= 14 ratio= 0.0625
layer= 15 ratio= 0.0625
start add noise2021-07-01 14:09:40
end_add_noise_time2021-07-01 14:09:43
start cal weight time2021-07-01 14:09:43
end cal weight time2021-07-01 14:09:43
layer= 0 ratio= 0.0625
layer= 1 ratio= 0.0625
layer= 2 ratio= 0.0625
layer= 3 ratio= 0.0625
layer= 4 ratio= 0.0625
layer= 5 ratio= 0.0625
layer= 6 ratio= 0.0625
layer= 7 ratio= 0.0625
layer= 8 ratio= 0.0625
layer= 9 ratio= 0.0625
layer= 10 ratio= 0.0625
layer= 11 ratio= 0.0625
layer= 12 ratio= 0.0625
layer= 13 ratio= 0.0625
layer= 14 ratio= 0.0625
layer= 15 ratio= 0.0625
start add noise2021-07-01 14:09:43
end_add_noise_time2021-07-01 14:09:46
average train loss= 1.0283797631788132
2021-07-01 14:09:55,round 10,val Accuracy Top1: 67.910000 %
2021-07-01 14:09:55,round 10,val Accuracy Top5: 96.410000 %
