type sample_L1
pb 3000000.0
clip_bound 20.0
log_path log/Alexnet/sample_L1/False/2
train_data data
test_data data
batch_size 64
test_batch_size 64
lr 0.0002
momentum 0.5
no_cuda False
seed 1
log_interval 1
privacy_delta 1e-06
sample_num 500
islog True
is_ratio_list False
num_clients 2
num_rounds 10
epochs 1
ratio_type 2
平均分配eps
device cuda
loading data
load data done
AlexNet(
  (conv1): Sequential(
    (0): Conv2d(3, 96, kernel_size=(6, 6), stride=(1, 1))
    (1): ReLU()
  )
  (conv2): Sequential(
    (0): Conv2d(96, 256, kernel_size=(5, 5), stride=(1, 1), padding=(2, 2))
    (1): ReLU()
    (2): MaxPool2d(kernel_size=3, stride=2, padding=0, dilation=1, ceil_mode=False)
  )
  (conv3): Sequential(
    (0): Conv2d(256, 384, kernel_size=(3, 3), stride=(1, 1), padding=(1, 1))
    (1): ReLU()
  )
  (conv4): Sequential(
    (0): Conv2d(384, 384, kernel_size=(3, 3), stride=(1, 1), padding=(1, 1))
    (1): ReLU()
  )
  (conv5): Sequential(
    (0): Conv2d(384, 256, kernel_size=(3, 3), stride=(1, 1), padding=(1, 1))
    (1): ReLU()
    (2): MaxPool2d(kernel_size=3, stride=2, padding=0, dilation=1, ceil_mode=False)
  )
  (dense): Sequential(
    (0): Linear(in_features=9216, out_features=4096, bias=True)
    (1): ReLU()
    (2): Dropout(p=0.5, inplace=False)
    (3): Linear(in_features=4096, out_features=4096, bias=True)
    (4): ReLU()
    (5): Dropout(p=0.5, inplace=False)
    (6): Linear(in_features=4096, out_features=10, bias=True)
  )
)
********start training********
******client id  0 ******
client_update start
client id= 0 ,round= 1 ,epoch= 1 ,client update iteration= 10 ,loss= 2.2887415885925293
client id= 0 ,round= 1 ,epoch= 1 ,client update iteration= 20 ,loss= 2.1928372383117676
client id= 0 ,round= 1 ,epoch= 1 ,client update iteration= 30 ,loss= 2.0136523246765137
client id= 0 ,round= 1 ,epoch= 1 ,client update iteration= 40 ,loss= 2.1918551921844482
client id= 0 ,round= 1 ,epoch= 1 ,client update iteration= 50 ,loss= 2.073636770248413
client id= 0 ,round= 1 ,epoch= 1 ,client update iteration= 60 ,loss= 2.1543896198272705
client id= 0 ,round= 1 ,epoch= 1 ,client update iteration= 70 ,loss= 2.080557346343994
client id= 0 ,round= 1 ,epoch= 1 ,client update iteration= 80 ,loss= 2.0359485149383545
client id= 0 ,round= 1 ,epoch= 1 ,client update iteration= 90 ,loss= 1.8154948949813843
client id= 0 ,round= 1 ,epoch= 1 ,client update iteration= 100 ,loss= 1.7782158851623535
client id= 0 ,round= 1 ,epoch= 1 ,client update iteration= 110 ,loss= 1.8777410984039307
client id= 0 ,round= 1 ,epoch= 1 ,client update iteration= 120 ,loss= 1.906354308128357
client id= 0 ,round= 1 ,epoch= 1 ,client update iteration= 130 ,loss= 1.7934165000915527
client id= 0 ,round= 1 ,epoch= 1 ,client update iteration= 140 ,loss= 1.809876799583435
client id= 0 ,round= 1 ,epoch= 1 ,client update iteration= 150 ,loss= 1.7036062479019165
client id= 0 ,round= 1 ,epoch= 1 ,client update iteration= 160 ,loss= 1.8214895725250244
client id= 0 ,round= 1 ,epoch= 1 ,client update iteration= 170 ,loss= 1.8000092506408691
client id= 0 ,round= 1 ,epoch= 1 ,client update iteration= 180 ,loss= 1.6866049766540527
client id= 0 ,round= 1 ,epoch= 1 ,client update iteration= 190 ,loss= 1.5499780178070068
client id= 0 ,round= 1 ,epoch= 1 ,client update iteration= 200 ,loss= 1.612172245979309
client id= 0 ,round= 1 ,epoch= 1 ,client update iteration= 210 ,loss= 1.6044834852218628
client id= 0 ,round= 1 ,epoch= 1 ,client update iteration= 220 ,loss= 1.5643671751022339
client id= 0 ,round= 1 ,epoch= 1 ,client update iteration= 230 ,loss= 1.521538257598877
client id= 0 ,round= 1 ,epoch= 1 ,client update iteration= 240 ,loss= 1.6298646926879883
client id= 0 ,round= 1 ,epoch= 1 ,client update iteration= 250 ,loss= 1.6035574674606323
client id= 0 ,round= 1 ,epoch= 1 ,client update iteration= 260 ,loss= 1.4766290187835693
client id= 0 ,round= 1 ,epoch= 1 ,client update iteration= 270 ,loss= 1.4943323135375977
client id= 0 ,round= 1 ,epoch= 1 ,client update iteration= 280 ,loss= 1.6921310424804688
client id= 0 ,round= 1 ,epoch= 1 ,client update iteration= 290 ,loss= 1.4917486906051636
client id= 0 ,round= 1 ,epoch= 1 ,client update iteration= 300 ,loss= 1.5456174612045288
client id= 0 ,round= 1 ,epoch= 1 ,client update iteration= 310 ,loss= 1.3408358097076416
client id= 0 ,round= 1 ,epoch= 1 ,client update iteration= 320 ,loss= 1.4628446102142334
client id= 0 ,round= 1 ,epoch= 1 ,client update iteration= 330 ,loss= 1.4841021299362183
client id= 0 ,round= 1 ,epoch= 1 ,client update iteration= 340 ,loss= 1.4389480352401733
client id= 0 ,round= 1 ,epoch= 1 ,client update iteration= 350 ,loss= 1.4473721981048584
client id= 0 ,round= 1 ,epoch= 1 ,client update iteration= 360 ,loss= 1.5521808862686157
client id= 0 ,round= 1 ,epoch= 1 ,client update iteration= 370 ,loss= 1.3818988800048828
client id= 0 ,round= 1 ,epoch= 1 ,client update iteration= 380 ,loss= 1.307947039604187
client id= 0 ,round= 1 ,epoch= 1 ,client update iteration= 390 ,loss= 1.4312726259231567
******client id  1 ******
client_update start
client id= 1 ,round= 1 ,epoch= 1 ,client update iteration= 10 ,loss= 2.2629642486572266
client id= 1 ,round= 1 ,epoch= 1 ,client update iteration= 20 ,loss= 2.149531364440918
client id= 1 ,round= 1 ,epoch= 1 ,client update iteration= 30 ,loss= 2.1842362880706787
client id= 1 ,round= 1 ,epoch= 1 ,client update iteration= 40 ,loss= 2.0844056606292725
client id= 1 ,round= 1 ,epoch= 1 ,client update iteration= 50 ,loss= 2.0680718421936035
client id= 1 ,round= 1 ,epoch= 1 ,client update iteration= 60 ,loss= 1.8768924474716187
client id= 1 ,round= 1 ,epoch= 1 ,client update iteration= 70 ,loss= 1.7037544250488281
client id= 1 ,round= 1 ,epoch= 1 ,client update iteration= 80 ,loss= 1.847387671470642
client id= 1 ,round= 1 ,epoch= 1 ,client update iteration= 90 ,loss= 1.8121719360351562
client id= 1 ,round= 1 ,epoch= 1 ,client update iteration= 100 ,loss= 1.8014793395996094
client id= 1 ,round= 1 ,epoch= 1 ,client update iteration= 110 ,loss= 1.6419873237609863
client id= 1 ,round= 1 ,epoch= 1 ,client update iteration= 120 ,loss= 1.74240243434906
client id= 1 ,round= 1 ,epoch= 1 ,client update iteration= 130 ,loss= 1.853799819946289
client id= 1 ,round= 1 ,epoch= 1 ,client update iteration= 140 ,loss= 1.8917216062545776
client id= 1 ,round= 1 ,epoch= 1 ,client update iteration= 150 ,loss= 1.9583083391189575
client id= 1 ,round= 1 ,epoch= 1 ,client update iteration= 160 ,loss= 1.6794068813323975
client id= 1 ,round= 1 ,epoch= 1 ,client update iteration= 170 ,loss= 1.7238523960113525
client id= 1 ,round= 1 ,epoch= 1 ,client update iteration= 180 ,loss= 1.6231904029846191
client id= 1 ,round= 1 ,epoch= 1 ,client update iteration= 190 ,loss= 1.7154924869537354
client id= 1 ,round= 1 ,epoch= 1 ,client update iteration= 200 ,loss= 1.6316218376159668
client id= 1 ,round= 1 ,epoch= 1 ,client update iteration= 210 ,loss= 1.6584501266479492
client id= 1 ,round= 1 ,epoch= 1 ,client update iteration= 220 ,loss= 1.5560038089752197
client id= 1 ,round= 1 ,epoch= 1 ,client update iteration= 230 ,loss= 1.789691686630249
client id= 1 ,round= 1 ,epoch= 1 ,client update iteration= 240 ,loss= 1.487935185432434
client id= 1 ,round= 1 ,epoch= 1 ,client update iteration= 250 ,loss= 1.52999746799469
client id= 1 ,round= 1 ,epoch= 1 ,client update iteration= 260 ,loss= 1.4258626699447632
client id= 1 ,round= 1 ,epoch= 1 ,client update iteration= 270 ,loss= 1.5161528587341309
client id= 1 ,round= 1 ,epoch= 1 ,client update iteration= 280 ,loss= 1.4805047512054443
client id= 1 ,round= 1 ,epoch= 1 ,client update iteration= 290 ,loss= 1.5146998167037964
client id= 1 ,round= 1 ,epoch= 1 ,client update iteration= 300 ,loss= 1.5767849683761597
client id= 1 ,round= 1 ,epoch= 1 ,client update iteration= 310 ,loss= 1.4567184448242188
client id= 1 ,round= 1 ,epoch= 1 ,client update iteration= 320 ,loss= 1.3862664699554443
client id= 1 ,round= 1 ,epoch= 1 ,client update iteration= 330 ,loss= 1.3329392671585083
client id= 1 ,round= 1 ,epoch= 1 ,client update iteration= 340 ,loss= 1.5497193336486816
client id= 1 ,round= 1 ,epoch= 1 ,client update iteration= 350 ,loss= 1.4336940050125122
client id= 1 ,round= 1 ,epoch= 1 ,client update iteration= 360 ,loss= 1.6356512308120728
client id= 1 ,round= 1 ,epoch= 1 ,client update iteration= 370 ,loss= 1.4065277576446533
client id= 1 ,round= 1 ,epoch= 1 ,client update iteration= 380 ,loss= 1.384290099143982
client id= 1 ,round= 1 ,epoch= 1 ,client update iteration= 390 ,loss= 1.4885897636413574
start cal weight time2021-07-01 11:31:21
end cal weight time2021-07-01 11:31:21
layer= 0 ratio= 0.0625
layer= 1 ratio= 0.0625
layer= 2 ratio= 0.0625
layer= 3 ratio= 0.0625
layer= 4 ratio= 0.0625
layer= 5 ratio= 0.0625
layer= 6 ratio= 0.0625
layer= 7 ratio= 0.0625
layer= 8 ratio= 0.0625
layer= 9 ratio= 0.0625
layer= 10 ratio= 0.0625
layer= 11 ratio= 0.0625
layer= 12 ratio= 0.0625
layer= 13 ratio= 0.0625
layer= 14 ratio= 0.0625
layer= 15 ratio= 0.0625
start add noise2021-07-01 11:31:21
end_add_noise_time2021-07-01 11:31:26
start cal weight time2021-07-01 11:31:26
end cal weight time2021-07-01 11:31:26
layer= 0 ratio= 0.0625
layer= 1 ratio= 0.0625
layer= 2 ratio= 0.0625
layer= 3 ratio= 0.0625
layer= 4 ratio= 0.0625
layer= 5 ratio= 0.0625
layer= 6 ratio= 0.0625
layer= 7 ratio= 0.0625
layer= 8 ratio= 0.0625
layer= 9 ratio= 0.0625
layer= 10 ratio= 0.0625
layer= 11 ratio= 0.0625
layer= 12 ratio= 0.0625
layer= 13 ratio= 0.0625
layer= 14 ratio= 0.0625
layer= 15 ratio= 0.0625
start add noise2021-07-01 11:31:26
end_add_noise_time2021-07-01 11:31:32
average train loss= 1.7131158647025027
2021-07-01 11:31:42,round 1,val Accuracy Top1: 20.940000 %
2021-07-01 11:31:42,round 1,val Accuracy Top5: 71.970000 %
******client id  0 ******
client_update start
client id= 0 ,round= 2 ,epoch= 1 ,client update iteration= 10 ,loss= 1.6269562244415283
client id= 0 ,round= 2 ,epoch= 1 ,client update iteration= 20 ,loss= 1.6020267009735107
client id= 0 ,round= 2 ,epoch= 1 ,client update iteration= 30 ,loss= 1.764082431793213
client id= 0 ,round= 2 ,epoch= 1 ,client update iteration= 40 ,loss= 1.5653915405273438
client id= 0 ,round= 2 ,epoch= 1 ,client update iteration= 50 ,loss= 1.8780226707458496
client id= 0 ,round= 2 ,epoch= 1 ,client update iteration= 60 ,loss= 1.5256927013397217
client id= 0 ,round= 2 ,epoch= 1 ,client update iteration= 70 ,loss= 1.3925892114639282
client id= 0 ,round= 2 ,epoch= 1 ,client update iteration= 80 ,loss= 1.3331085443496704
client id= 0 ,round= 2 ,epoch= 1 ,client update iteration= 90 ,loss= 1.2515671253204346
client id= 0 ,round= 2 ,epoch= 1 ,client update iteration= 100 ,loss= 1.398882269859314
client id= 0 ,round= 2 ,epoch= 1 ,client update iteration= 110 ,loss= 1.2086927890777588
client id= 0 ,round= 2 ,epoch= 1 ,client update iteration= 120 ,loss= 1.1992061138153076
client id= 0 ,round= 2 ,epoch= 1 ,client update iteration= 130 ,loss= 1.3038523197174072
client id= 0 ,round= 2 ,epoch= 1 ,client update iteration= 140 ,loss= 1.6352033615112305
client id= 0 ,round= 2 ,epoch= 1 ,client update iteration= 150 ,loss= 1.5547558069229126
client id= 0 ,round= 2 ,epoch= 1 ,client update iteration= 160 ,loss= 1.131264567375183
client id= 0 ,round= 2 ,epoch= 1 ,client update iteration= 170 ,loss= 1.275770664215088
client id= 0 ,round= 2 ,epoch= 1 ,client update iteration= 180 ,loss= 1.3746370077133179
client id= 0 ,round= 2 ,epoch= 1 ,client update iteration= 190 ,loss= 1.1597976684570312
client id= 0 ,round= 2 ,epoch= 1 ,client update iteration= 200 ,loss= 1.344122052192688
client id= 0 ,round= 2 ,epoch= 1 ,client update iteration= 210 ,loss= 1.3739347457885742
client id= 0 ,round= 2 ,epoch= 1 ,client update iteration= 220 ,loss= 1.3715391159057617
client id= 0 ,round= 2 ,epoch= 1 ,client update iteration= 230 ,loss= 1.0887349843978882
client id= 0 ,round= 2 ,epoch= 1 ,client update iteration= 240 ,loss= 1.0863341093063354
client id= 0 ,round= 2 ,epoch= 1 ,client update iteration= 250 ,loss= 1.2906367778778076
client id= 0 ,round= 2 ,epoch= 1 ,client update iteration= 260 ,loss= 1.3794918060302734
client id= 0 ,round= 2 ,epoch= 1 ,client update iteration= 270 ,loss= 1.0511239767074585
client id= 0 ,round= 2 ,epoch= 1 ,client update iteration= 280 ,loss= 1.1122643947601318
client id= 0 ,round= 2 ,epoch= 1 ,client update iteration= 290 ,loss= 1.057746171951294
client id= 0 ,round= 2 ,epoch= 1 ,client update iteration= 300 ,loss= 1.2697484493255615
client id= 0 ,round= 2 ,epoch= 1 ,client update iteration= 310 ,loss= 1.4798552989959717
client id= 0 ,round= 2 ,epoch= 1 ,client update iteration= 320 ,loss= 1.2234212160110474
client id= 0 ,round= 2 ,epoch= 1 ,client update iteration= 330 ,loss= 1.2551467418670654
client id= 0 ,round= 2 ,epoch= 1 ,client update iteration= 340 ,loss= 1.03426194190979
client id= 0 ,round= 2 ,epoch= 1 ,client update iteration= 350 ,loss= 1.194054365158081
client id= 0 ,round= 2 ,epoch= 1 ,client update iteration= 360 ,loss= 1.3920563459396362
client id= 0 ,round= 2 ,epoch= 1 ,client update iteration= 370 ,loss= 1.2190195322036743
client id= 0 ,round= 2 ,epoch= 1 ,client update iteration= 380 ,loss= 1.3049981594085693
client id= 0 ,round= 2 ,epoch= 1 ,client update iteration= 390 ,loss= 0.93376624584198
******client id  1 ******
client_update start
client id= 1 ,round= 2 ,epoch= 1 ,client update iteration= 10 ,loss= 1.6869909763336182
client id= 1 ,round= 2 ,epoch= 1 ,client update iteration= 20 ,loss= 1.7687413692474365
client id= 1 ,round= 2 ,epoch= 1 ,client update iteration= 30 ,loss= 1.536985158920288
client id= 1 ,round= 2 ,epoch= 1 ,client update iteration= 40 ,loss= 1.5292418003082275
client id= 1 ,round= 2 ,epoch= 1 ,client update iteration= 50 ,loss= 1.6416015625
client id= 1 ,round= 2 ,epoch= 1 ,client update iteration= 60 ,loss= 1.3836650848388672
client id= 1 ,round= 2 ,epoch= 1 ,client update iteration= 70 ,loss= 1.508104920387268
client id= 1 ,round= 2 ,epoch= 1 ,client update iteration= 80 ,loss= 1.7686561346054077
client id= 1 ,round= 2 ,epoch= 1 ,client update iteration= 90 ,loss= 1.5836596488952637
client id= 1 ,round= 2 ,epoch= 1 ,client update iteration= 100 ,loss= 1.5458910465240479
client id= 1 ,round= 2 ,epoch= 1 ,client update iteration= 110 ,loss= 1.3776276111602783
client id= 1 ,round= 2 ,epoch= 1 ,client update iteration= 120 ,loss= 1.1249477863311768
client id= 1 ,round= 2 ,epoch= 1 ,client update iteration= 130 ,loss= 1.3084211349487305
client id= 1 ,round= 2 ,epoch= 1 ,client update iteration= 140 ,loss= 1.4125369787216187
client id= 1 ,round= 2 ,epoch= 1 ,client update iteration= 150 ,loss= 1.364854097366333
client id= 1 ,round= 2 ,epoch= 1 ,client update iteration= 160 ,loss= 1.2934411764144897
client id= 1 ,round= 2 ,epoch= 1 ,client update iteration= 170 ,loss= 1.4185571670532227
client id= 1 ,round= 2 ,epoch= 1 ,client update iteration= 180 ,loss= 1.237524390220642
client id= 1 ,round= 2 ,epoch= 1 ,client update iteration= 190 ,loss= 1.134286880493164
client id= 1 ,round= 2 ,epoch= 1 ,client update iteration= 200 ,loss= 1.3504970073699951
client id= 1 ,round= 2 ,epoch= 1 ,client update iteration= 210 ,loss= 1.2525850534439087
client id= 1 ,round= 2 ,epoch= 1 ,client update iteration= 220 ,loss= 1.428725242614746
client id= 1 ,round= 2 ,epoch= 1 ,client update iteration= 230 ,loss= 1.2658780813217163
client id= 1 ,round= 2 ,epoch= 1 ,client update iteration= 240 ,loss= 1.2154297828674316
client id= 1 ,round= 2 ,epoch= 1 ,client update iteration= 250 ,loss= 1.140799641609192
client id= 1 ,round= 2 ,epoch= 1 ,client update iteration= 260 ,loss= 1.1352462768554688
client id= 1 ,round= 2 ,epoch= 1 ,client update iteration= 270 ,loss= 1.1261848211288452
client id= 1 ,round= 2 ,epoch= 1 ,client update iteration= 280 ,loss= 1.0889328718185425
client id= 1 ,round= 2 ,epoch= 1 ,client update iteration= 290 ,loss= 1.0898821353912354
client id= 1 ,round= 2 ,epoch= 1 ,client update iteration= 300 ,loss= 1.0351018905639648
client id= 1 ,round= 2 ,epoch= 1 ,client update iteration= 310 ,loss= 1.4561583995819092
client id= 1 ,round= 2 ,epoch= 1 ,client update iteration= 320 ,loss= 1.2176628112792969
client id= 1 ,round= 2 ,epoch= 1 ,client update iteration= 330 ,loss= 1.255293369293213
client id= 1 ,round= 2 ,epoch= 1 ,client update iteration= 340 ,loss= 1.1209391355514526
client id= 1 ,round= 2 ,epoch= 1 ,client update iteration= 350 ,loss= 1.3308367729187012
client id= 1 ,round= 2 ,epoch= 1 ,client update iteration= 360 ,loss= 1.0890233516693115
client id= 1 ,round= 2 ,epoch= 1 ,client update iteration= 370 ,loss= 1.5037455558776855
client id= 1 ,round= 2 ,epoch= 1 ,client update iteration= 380 ,loss= 1.3148292303085327
client id= 1 ,round= 2 ,epoch= 1 ,client update iteration= 390 ,loss= 0.9556591510772705
start cal weight time2021-07-01 11:34:21
end cal weight time2021-07-01 11:34:21
layer= 0 ratio= 0.0625
layer= 1 ratio= 0.0625
layer= 2 ratio= 0.0625
layer= 3 ratio= 0.0625
layer= 4 ratio= 0.0625
layer= 5 ratio= 0.0625
layer= 6 ratio= 0.0625
layer= 7 ratio= 0.0625
layer= 8 ratio= 0.0625
layer= 9 ratio= 0.0625
layer= 10 ratio= 0.0625
layer= 11 ratio= 0.0625
layer= 12 ratio= 0.0625
layer= 13 ratio= 0.0625
layer= 14 ratio= 0.0625
layer= 15 ratio= 0.0625
start add noise2021-07-01 11:34:21
end_add_noise_time2021-07-01 11:34:25
start cal weight time2021-07-01 11:34:25
end cal weight time2021-07-01 11:34:25
layer= 0 ratio= 0.0625
layer= 1 ratio= 0.0625
layer= 2 ratio= 0.0625
layer= 3 ratio= 0.0625
layer= 4 ratio= 0.0625
layer= 5 ratio= 0.0625
layer= 6 ratio= 0.0625
layer= 7 ratio= 0.0625
layer= 8 ratio= 0.0625
layer= 9 ratio= 0.0625
layer= 10 ratio= 0.0625
layer= 11 ratio= 0.0625
layer= 12 ratio= 0.0625
layer= 13 ratio= 0.0625
layer= 14 ratio= 0.0625
layer= 15 ratio= 0.0625
start add noise2021-07-01 11:34:25
end_add_noise_time2021-07-01 11:34:29
average train loss= 1.3515492662444444
2021-07-01 11:34:39,round 2,val Accuracy Top1: 52.410000 %
2021-07-01 11:34:39,round 2,val Accuracy Top5: 94.370000 %
******client id  0 ******
client_update start
client id= 0 ,round= 3 ,epoch= 1 ,client update iteration= 10 ,loss= 1.6114312410354614
client id= 0 ,round= 3 ,epoch= 1 ,client update iteration= 20 ,loss= 1.2940223217010498
client id= 0 ,round= 3 ,epoch= 1 ,client update iteration= 30 ,loss= 1.2076164484024048
client id= 0 ,round= 3 ,epoch= 1 ,client update iteration= 40 ,loss= 1.4700965881347656
client id= 0 ,round= 3 ,epoch= 1 ,client update iteration= 50 ,loss= 1.478548288345337
client id= 0 ,round= 3 ,epoch= 1 ,client update iteration= 60 ,loss= 1.084375023841858
client id= 0 ,round= 3 ,epoch= 1 ,client update iteration= 70 ,loss= 1.1793864965438843
client id= 0 ,round= 3 ,epoch= 1 ,client update iteration= 80 ,loss= 0.9799712896347046
client id= 0 ,round= 3 ,epoch= 1 ,client update iteration= 90 ,loss= 1.1327345371246338
client id= 0 ,round= 3 ,epoch= 1 ,client update iteration= 100 ,loss= 1.2407886981964111
client id= 0 ,round= 3 ,epoch= 1 ,client update iteration= 110 ,loss= 1.1270692348480225
client id= 0 ,round= 3 ,epoch= 1 ,client update iteration= 120 ,loss= 1.1844435930252075
client id= 0 ,round= 3 ,epoch= 1 ,client update iteration= 130 ,loss= 1.2150325775146484
client id= 0 ,round= 3 ,epoch= 1 ,client update iteration= 140 ,loss= 0.9829810857772827
client id= 0 ,round= 3 ,epoch= 1 ,client update iteration= 150 ,loss= 1.2262952327728271
client id= 0 ,round= 3 ,epoch= 1 ,client update iteration= 160 ,loss= 1.1847352981567383
client id= 0 ,round= 3 ,epoch= 1 ,client update iteration= 170 ,loss= 0.717196524143219
client id= 0 ,round= 3 ,epoch= 1 ,client update iteration= 180 ,loss= 1.1146481037139893
client id= 0 ,round= 3 ,epoch= 1 ,client update iteration= 190 ,loss= 1.1157464981079102
client id= 0 ,round= 3 ,epoch= 1 ,client update iteration= 200 ,loss= 0.7933799624443054
client id= 0 ,round= 3 ,epoch= 1 ,client update iteration= 210 ,loss= 1.1254056692123413
client id= 0 ,round= 3 ,epoch= 1 ,client update iteration= 220 ,loss= 1.1018128395080566
client id= 0 ,round= 3 ,epoch= 1 ,client update iteration= 230 ,loss= 1.0209649801254272
client id= 0 ,round= 3 ,epoch= 1 ,client update iteration= 240 ,loss= 1.0161336660385132
client id= 0 ,round= 3 ,epoch= 1 ,client update iteration= 250 ,loss= 1.176641583442688
client id= 0 ,round= 3 ,epoch= 1 ,client update iteration= 260 ,loss= 1.030086874961853
client id= 0 ,round= 3 ,epoch= 1 ,client update iteration= 270 ,loss= 1.4419667720794678
client id= 0 ,round= 3 ,epoch= 1 ,client update iteration= 280 ,loss= 1.121042013168335
client id= 0 ,round= 3 ,epoch= 1 ,client update iteration= 290 ,loss= 0.9475749135017395
client id= 0 ,round= 3 ,epoch= 1 ,client update iteration= 300 ,loss= 0.6751383543014526
client id= 0 ,round= 3 ,epoch= 1 ,client update iteration= 310 ,loss= 0.9691737294197083
client id= 0 ,round= 3 ,epoch= 1 ,client update iteration= 320 ,loss= 1.0809131860733032
client id= 0 ,round= 3 ,epoch= 1 ,client update iteration= 330 ,loss= 1.0295366048812866
client id= 0 ,round= 3 ,epoch= 1 ,client update iteration= 340 ,loss= 0.924642026424408
client id= 0 ,round= 3 ,epoch= 1 ,client update iteration= 350 ,loss= 0.9938089847564697
client id= 0 ,round= 3 ,epoch= 1 ,client update iteration= 360 ,loss= 1.2270569801330566
client id= 0 ,round= 3 ,epoch= 1 ,client update iteration= 370 ,loss= 1.0570497512817383
client id= 0 ,round= 3 ,epoch= 1 ,client update iteration= 380 ,loss= 0.9606646299362183
client id= 0 ,round= 3 ,epoch= 1 ,client update iteration= 390 ,loss= 0.8423306941986084
******client id  1 ******
client_update start
client id= 1 ,round= 3 ,epoch= 1 ,client update iteration= 10 ,loss= 1.5924267768859863
client id= 1 ,round= 3 ,epoch= 1 ,client update iteration= 20 ,loss= 1.5139119625091553
client id= 1 ,round= 3 ,epoch= 1 ,client update iteration= 30 ,loss= 1.3109644651412964
client id= 1 ,round= 3 ,epoch= 1 ,client update iteration= 40 ,loss= 1.4088506698608398
client id= 1 ,round= 3 ,epoch= 1 ,client update iteration= 50 ,loss= 1.1860551834106445
client id= 1 ,round= 3 ,epoch= 1 ,client update iteration= 60 ,loss= 1.0895920991897583
client id= 1 ,round= 3 ,epoch= 1 ,client update iteration= 70 ,loss= 1.221259593963623
client id= 1 ,round= 3 ,epoch= 1 ,client update iteration= 80 ,loss= 1.1828744411468506
client id= 1 ,round= 3 ,epoch= 1 ,client update iteration= 90 ,loss= 1.2715264558792114
client id= 1 ,round= 3 ,epoch= 1 ,client update iteration= 100 ,loss= 1.2092128992080688
client id= 1 ,round= 3 ,epoch= 1 ,client update iteration= 110 ,loss= 1.4148579835891724
client id= 1 ,round= 3 ,epoch= 1 ,client update iteration= 120 ,loss= 1.5510057210922241
client id= 1 ,round= 3 ,epoch= 1 ,client update iteration= 130 ,loss= 1.144337773323059
client id= 1 ,round= 3 ,epoch= 1 ,client update iteration= 140 ,loss= 1.0902070999145508
client id= 1 ,round= 3 ,epoch= 1 ,client update iteration= 150 ,loss= 0.9685104489326477
client id= 1 ,round= 3 ,epoch= 1 ,client update iteration= 160 ,loss= 1.4012056589126587
client id= 1 ,round= 3 ,epoch= 1 ,client update iteration= 170 ,loss= 1.1863888502120972
client id= 1 ,round= 3 ,epoch= 1 ,client update iteration= 180 ,loss= 0.9057239890098572
client id= 1 ,round= 3 ,epoch= 1 ,client update iteration= 190 ,loss= 0.9102650284767151
client id= 1 ,round= 3 ,epoch= 1 ,client update iteration= 200 ,loss= 1.0652104616165161
client id= 1 ,round= 3 ,epoch= 1 ,client update iteration= 210 ,loss= 1.1869795322418213
client id= 1 ,round= 3 ,epoch= 1 ,client update iteration= 220 ,loss= 1.2177592515945435
client id= 1 ,round= 3 ,epoch= 1 ,client update iteration= 230 ,loss= 1.1568044424057007
client id= 1 ,round= 3 ,epoch= 1 ,client update iteration= 240 ,loss= 1.0509002208709717
client id= 1 ,round= 3 ,epoch= 1 ,client update iteration= 250 ,loss= 1.0976636409759521
client id= 1 ,round= 3 ,epoch= 1 ,client update iteration= 260 ,loss= 0.9131698608398438
client id= 1 ,round= 3 ,epoch= 1 ,client update iteration= 270 ,loss= 0.9188328981399536
client id= 1 ,round= 3 ,epoch= 1 ,client update iteration= 280 ,loss= 1.266116976737976
client id= 1 ,round= 3 ,epoch= 1 ,client update iteration= 290 ,loss= 0.9789413213729858
client id= 1 ,round= 3 ,epoch= 1 ,client update iteration= 300 ,loss= 1.1260539293289185
client id= 1 ,round= 3 ,epoch= 1 ,client update iteration= 310 ,loss= 1.0191762447357178
client id= 1 ,round= 3 ,epoch= 1 ,client update iteration= 320 ,loss= 1.1739156246185303
client id= 1 ,round= 3 ,epoch= 1 ,client update iteration= 330 ,loss= 0.7979629039764404
client id= 1 ,round= 3 ,epoch= 1 ,client update iteration= 340 ,loss= 0.7493021488189697
client id= 1 ,round= 3 ,epoch= 1 ,client update iteration= 350 ,loss= 0.8150711059570312
client id= 1 ,round= 3 ,epoch= 1 ,client update iteration= 360 ,loss= 0.9627088308334351
client id= 1 ,round= 3 ,epoch= 1 ,client update iteration= 370 ,loss= 1.2710437774658203
client id= 1 ,round= 3 ,epoch= 1 ,client update iteration= 380 ,loss= 0.7898479700088501
client id= 1 ,round= 3 ,epoch= 1 ,client update iteration= 390 ,loss= 1.2844605445861816
start cal weight time2021-07-01 11:37:16
end cal weight time2021-07-01 11:37:16
layer= 0 ratio= 0.0625
layer= 1 ratio= 0.0625
layer= 2 ratio= 0.0625
layer= 3 ratio= 0.0625
layer= 4 ratio= 0.0625
layer= 5 ratio= 0.0625
layer= 6 ratio= 0.0625
layer= 7 ratio= 0.0625
layer= 8 ratio= 0.0625
layer= 9 ratio= 0.0625
layer= 10 ratio= 0.0625
layer= 11 ratio= 0.0625
layer= 12 ratio= 0.0625
layer= 13 ratio= 0.0625
layer= 14 ratio= 0.0625
layer= 15 ratio= 0.0625
start add noise2021-07-01 11:37:16
end_add_noise_time2021-07-01 11:37:20
start cal weight time2021-07-01 11:37:20
end cal weight time2021-07-01 11:37:20
layer= 0 ratio= 0.0625
layer= 1 ratio= 0.0625
layer= 2 ratio= 0.0625
layer= 3 ratio= 0.0625
layer= 4 ratio= 0.0625
layer= 5 ratio= 0.0625
layer= 6 ratio= 0.0625
layer= 7 ratio= 0.0625
layer= 8 ratio= 0.0625
layer= 9 ratio= 0.0625
layer= 10 ratio= 0.0625
layer= 11 ratio= 0.0625
layer= 12 ratio= 0.0625
layer= 13 ratio= 0.0625
layer= 14 ratio= 0.0625
layer= 15 ratio= 0.0625
start add noise2021-07-01 11:37:20
end_add_noise_time2021-07-01 11:37:24
average train loss= 1.1251966519581387
2021-07-01 11:37:33,round 3,val Accuracy Top1: 20.420000 %
2021-07-01 11:37:33,round 3,val Accuracy Top5: 79.490000 %
******client id  0 ******
client_update start
client id= 0 ,round= 4 ,epoch= 1 ,client update iteration= 10 ,loss= 2.2954373359680176
client id= 0 ,round= 4 ,epoch= 1 ,client update iteration= 20 ,loss= 2.164638042449951
client id= 0 ,round= 4 ,epoch= 1 ,client update iteration= 30 ,loss= 2.2366366386413574
client id= 0 ,round= 4 ,epoch= 1 ,client update iteration= 40 ,loss= 2.1086292266845703
client id= 0 ,round= 4 ,epoch= 1 ,client update iteration= 50 ,loss= 2.0164730548858643
client id= 0 ,round= 4 ,epoch= 1 ,client update iteration= 60 ,loss= 1.96934974193573
client id= 0 ,round= 4 ,epoch= 1 ,client update iteration= 70 ,loss= 1.778741478919983
client id= 0 ,round= 4 ,epoch= 1 ,client update iteration= 80 ,loss= 1.9345542192459106
client id= 0 ,round= 4 ,epoch= 1 ,client update iteration= 90 ,loss= 2.023543357849121
client id= 0 ,round= 4 ,epoch= 1 ,client update iteration= 100 ,loss= 1.6879230737686157
client id= 0 ,round= 4 ,epoch= 1 ,client update iteration= 110 ,loss= 1.7407300472259521
client id= 0 ,round= 4 ,epoch= 1 ,client update iteration= 120 ,loss= 1.5703840255737305
client id= 0 ,round= 4 ,epoch= 1 ,client update iteration= 130 ,loss= 1.9413225650787354
client id= 0 ,round= 4 ,epoch= 1 ,client update iteration= 140 ,loss= 1.7248685359954834
client id= 0 ,round= 4 ,epoch= 1 ,client update iteration= 150 ,loss= 1.7978475093841553
client id= 0 ,round= 4 ,epoch= 1 ,client update iteration= 160 ,loss= 1.8156788349151611
client id= 0 ,round= 4 ,epoch= 1 ,client update iteration= 170 ,loss= 1.5876094102859497
client id= 0 ,round= 4 ,epoch= 1 ,client update iteration= 180 ,loss= 1.470859169960022
client id= 0 ,round= 4 ,epoch= 1 ,client update iteration= 190 ,loss= 1.6147689819335938
client id= 0 ,round= 4 ,epoch= 1 ,client update iteration= 200 ,loss= 1.559741497039795
client id= 0 ,round= 4 ,epoch= 1 ,client update iteration= 210 ,loss= 1.4976500272750854
client id= 0 ,round= 4 ,epoch= 1 ,client update iteration= 220 ,loss= 1.4274487495422363
client id= 0 ,round= 4 ,epoch= 1 ,client update iteration= 230 ,loss= 1.5596389770507812
client id= 0 ,round= 4 ,epoch= 1 ,client update iteration= 240 ,loss= 1.5317912101745605
client id= 0 ,round= 4 ,epoch= 1 ,client update iteration= 250 ,loss= 1.4899303913116455
client id= 0 ,round= 4 ,epoch= 1 ,client update iteration= 260 ,loss= 1.2653111219406128
client id= 0 ,round= 4 ,epoch= 1 ,client update iteration= 270 ,loss= 1.3990517854690552
client id= 0 ,round= 4 ,epoch= 1 ,client update iteration= 280 ,loss= 1.4553346633911133
client id= 0 ,round= 4 ,epoch= 1 ,client update iteration= 290 ,loss= 1.5804294347763062
client id= 0 ,round= 4 ,epoch= 1 ,client update iteration= 300 ,loss= 1.4437211751937866
client id= 0 ,round= 4 ,epoch= 1 ,client update iteration= 310 ,loss= 1.2786126136779785
client id= 0 ,round= 4 ,epoch= 1 ,client update iteration= 320 ,loss= 1.402053952217102
client id= 0 ,round= 4 ,epoch= 1 ,client update iteration= 330 ,loss= 1.3932554721832275
client id= 0 ,round= 4 ,epoch= 1 ,client update iteration= 340 ,loss= 1.6735142469406128
client id= 0 ,round= 4 ,epoch= 1 ,client update iteration= 350 ,loss= 1.139248013496399
client id= 0 ,round= 4 ,epoch= 1 ,client update iteration= 360 ,loss= 1.294480562210083
client id= 0 ,round= 4 ,epoch= 1 ,client update iteration= 370 ,loss= 1.3819020986557007
client id= 0 ,round= 4 ,epoch= 1 ,client update iteration= 380 ,loss= 1.1648937463760376
client id= 0 ,round= 4 ,epoch= 1 ,client update iteration= 390 ,loss= 1.2426611185073853
******client id  1 ******
client_update start
client id= 1 ,round= 4 ,epoch= 1 ,client update iteration= 10 ,loss= 2.196565866470337
client id= 1 ,round= 4 ,epoch= 1 ,client update iteration= 20 ,loss= 2.210035800933838
client id= 1 ,round= 4 ,epoch= 1 ,client update iteration= 30 ,loss= 1.9938582181930542
client id= 1 ,round= 4 ,epoch= 1 ,client update iteration= 40 ,loss= 1.8801862001419067
client id= 1 ,round= 4 ,epoch= 1 ,client update iteration= 50 ,loss= 1.7373965978622437
client id= 1 ,round= 4 ,epoch= 1 ,client update iteration= 60 ,loss= 1.654642105102539
client id= 1 ,round= 4 ,epoch= 1 ,client update iteration= 70 ,loss= 2.0462589263916016
client id= 1 ,round= 4 ,epoch= 1 ,client update iteration= 80 ,loss= 1.6808176040649414
client id= 1 ,round= 4 ,epoch= 1 ,client update iteration= 90 ,loss= 1.6126251220703125
client id= 1 ,round= 4 ,epoch= 1 ,client update iteration= 100 ,loss= 1.2966277599334717
client id= 1 ,round= 4 ,epoch= 1 ,client update iteration= 110 ,loss= 1.384493112564087
client id= 1 ,round= 4 ,epoch= 1 ,client update iteration= 120 ,loss= 1.5877048969268799
client id= 1 ,round= 4 ,epoch= 1 ,client update iteration= 130 ,loss= 1.513205885887146
client id= 1 ,round= 4 ,epoch= 1 ,client update iteration= 140 ,loss= 1.2513117790222168
client id= 1 ,round= 4 ,epoch= 1 ,client update iteration= 150 ,loss= 1.503095269203186
client id= 1 ,round= 4 ,epoch= 1 ,client update iteration= 160 ,loss= 1.2617673873901367
client id= 1 ,round= 4 ,epoch= 1 ,client update iteration= 170 ,loss= 1.3719104528427124
client id= 1 ,round= 4 ,epoch= 1 ,client update iteration= 180 ,loss= 1.2267030477523804
client id= 1 ,round= 4 ,epoch= 1 ,client update iteration= 190 ,loss= 1.4677948951721191
client id= 1 ,round= 4 ,epoch= 1 ,client update iteration= 200 ,loss= 1.4804143905639648
client id= 1 ,round= 4 ,epoch= 1 ,client update iteration= 210 ,loss= 1.117084264755249
client id= 1 ,round= 4 ,epoch= 1 ,client update iteration= 220 ,loss= 1.2021899223327637
client id= 1 ,round= 4 ,epoch= 1 ,client update iteration= 230 ,loss= 1.4797613620758057
client id= 1 ,round= 4 ,epoch= 1 ,client update iteration= 240 ,loss= 1.0833477973937988
client id= 1 ,round= 4 ,epoch= 1 ,client update iteration= 250 ,loss= 1.2215734720230103
client id= 1 ,round= 4 ,epoch= 1 ,client update iteration= 260 ,loss= 1.1607543230056763
client id= 1 ,round= 4 ,epoch= 1 ,client update iteration= 270 ,loss= 1.1582437753677368
client id= 1 ,round= 4 ,epoch= 1 ,client update iteration= 280 ,loss= 1.4808194637298584
client id= 1 ,round= 4 ,epoch= 1 ,client update iteration= 290 ,loss= 1.0837126970291138
client id= 1 ,round= 4 ,epoch= 1 ,client update iteration= 300 ,loss= 1.3581435680389404
client id= 1 ,round= 4 ,epoch= 1 ,client update iteration= 310 ,loss= 1.2274045944213867
client id= 1 ,round= 4 ,epoch= 1 ,client update iteration= 320 ,loss= 0.833836555480957
client id= 1 ,round= 4 ,epoch= 1 ,client update iteration= 330 ,loss= 1.336714744567871
client id= 1 ,round= 4 ,epoch= 1 ,client update iteration= 340 ,loss= 1.2394517660140991
client id= 1 ,round= 4 ,epoch= 1 ,client update iteration= 350 ,loss= 1.11483633518219
client id= 1 ,round= 4 ,epoch= 1 ,client update iteration= 360 ,loss= 1.2608351707458496
client id= 1 ,round= 4 ,epoch= 1 ,client update iteration= 370 ,loss= 0.9461866617202759
client id= 1 ,round= 4 ,epoch= 1 ,client update iteration= 380 ,loss= 1.3127447366714478
client id= 1 ,round= 4 ,epoch= 1 ,client update iteration= 390 ,loss= 1.016710877418518
start cal weight time2021-07-01 11:39:58
end cal weight time2021-07-01 11:39:58
layer= 0 ratio= 0.0625
layer= 1 ratio= 0.0625
layer= 2 ratio= 0.0625
layer= 3 ratio= 0.0625
layer= 4 ratio= 0.0625
layer= 5 ratio= 0.0625
layer= 6 ratio= 0.0625
layer= 7 ratio= 0.0625
layer= 8 ratio= 0.0625
layer= 9 ratio= 0.0625
layer= 10 ratio= 0.0625
layer= 11 ratio= 0.0625
layer= 12 ratio= 0.0625
layer= 13 ratio= 0.0625
layer= 14 ratio= 0.0625
layer= 15 ratio= 0.0625
start add noise2021-07-01 11:39:58
end_add_noise_time2021-07-01 11:40:01
start cal weight time2021-07-01 11:40:01
end cal weight time2021-07-01 11:40:01
layer= 0 ratio= 0.0625
layer= 1 ratio= 0.0625
layer= 2 ratio= 0.0625
layer= 3 ratio= 0.0625
layer= 4 ratio= 0.0625
layer= 5 ratio= 0.0625
layer= 6 ratio= 0.0625
layer= 7 ratio= 0.0625
layer= 8 ratio= 0.0625
layer= 9 ratio= 0.0625
layer= 10 ratio= 0.0625
layer= 11 ratio= 0.0625
layer= 12 ratio= 0.0625
layer= 13 ratio= 0.0625
layer= 14 ratio= 0.0625
layer= 15 ratio= 0.0625
start add noise2021-07-01 11:40:01
end_add_noise_time2021-07-01 11:40:03
average train loss= 1.5856692747539267
2021-07-01 11:40:12,round 4,val Accuracy Top1: 21.620000 %
2021-07-01 11:40:12,round 4,val Accuracy Top5: 67.750000 %
******client id  0 ******
client_update start
client id= 0 ,round= 5 ,epoch= 1 ,client update iteration= 10 ,loss= 2.3634655475616455
client id= 0 ,round= 5 ,epoch= 1 ,client update iteration= 20 ,loss= 2.2957873344421387
client id= 0 ,round= 5 ,epoch= 1 ,client update iteration= 30 ,loss= 2.290018320083618
client id= 0 ,round= 5 ,epoch= 1 ,client update iteration= 40 ,loss= 2.2780075073242188
client id= 0 ,round= 5 ,epoch= 1 ,client update iteration= 50 ,loss= 2.2874343395233154
client id= 0 ,round= 5 ,epoch= 1 ,client update iteration= 60 ,loss= 2.2975664138793945
client id= 0 ,round= 5 ,epoch= 1 ,client update iteration= 70 ,loss= 2.3287222385406494
client id= 0 ,round= 5 ,epoch= 1 ,client update iteration= 80 ,loss= 2.312344551086426
client id= 0 ,round= 5 ,epoch= 1 ,client update iteration= 90 ,loss= 2.311065912246704
client id= 0 ,round= 5 ,epoch= 1 ,client update iteration= 100 ,loss= 2.293698787689209
client id= 0 ,round= 5 ,epoch= 1 ,client update iteration= 110 ,loss= 2.294018268585205
client id= 0 ,round= 5 ,epoch= 1 ,client update iteration= 120 ,loss= 2.340336799621582
client id= 0 ,round= 5 ,epoch= 1 ,client update iteration= 130 ,loss= 2.3195698261260986
client id= 0 ,round= 5 ,epoch= 1 ,client update iteration= 140 ,loss= 2.2915937900543213
client id= 0 ,round= 5 ,epoch= 1 ,client update iteration= 150 ,loss= 2.3481175899505615
client id= 0 ,round= 5 ,epoch= 1 ,client update iteration= 160 ,loss= 2.315117359161377
client id= 0 ,round= 5 ,epoch= 1 ,client update iteration= 170 ,loss= 2.291024684906006
client id= 0 ,round= 5 ,epoch= 1 ,client update iteration= 180 ,loss= 2.2706758975982666
client id= 0 ,round= 5 ,epoch= 1 ,client update iteration= 190 ,loss= 2.289196729660034
client id= 0 ,round= 5 ,epoch= 1 ,client update iteration= 200 ,loss= 2.333997964859009
client id= 0 ,round= 5 ,epoch= 1 ,client update iteration= 210 ,loss= 2.3299975395202637
client id= 0 ,round= 5 ,epoch= 1 ,client update iteration= 220 ,loss= 2.3076422214508057
client id= 0 ,round= 5 ,epoch= 1 ,client update iteration= 230 ,loss= 2.3322794437408447
client id= 0 ,round= 5 ,epoch= 1 ,client update iteration= 240 ,loss= 2.3100624084472656
client id= 0 ,round= 5 ,epoch= 1 ,client update iteration= 250 ,loss= 2.2971253395080566
client id= 0 ,round= 5 ,epoch= 1 ,client update iteration= 260 ,loss= 2.291213035583496
client id= 0 ,round= 5 ,epoch= 1 ,client update iteration= 270 ,loss= 2.317824125289917
client id= 0 ,round= 5 ,epoch= 1 ,client update iteration= 280 ,loss= 2.3173611164093018
client id= 0 ,round= 5 ,epoch= 1 ,client update iteration= 290 ,loss= 2.33805775642395
client id= 0 ,round= 5 ,epoch= 1 ,client update iteration= 300 ,loss= 2.3126678466796875
client id= 0 ,round= 5 ,epoch= 1 ,client update iteration= 310 ,loss= 2.2947752475738525
client id= 0 ,round= 5 ,epoch= 1 ,client update iteration= 320 ,loss= 2.338667631149292
client id= 0 ,round= 5 ,epoch= 1 ,client update iteration= 330 ,loss= 2.3545165061950684
client id= 0 ,round= 5 ,epoch= 1 ,client update iteration= 340 ,loss= 2.3363301753997803
client id= 0 ,round= 5 ,epoch= 1 ,client update iteration= 350 ,loss= 2.3358120918273926
client id= 0 ,round= 5 ,epoch= 1 ,client update iteration= 360 ,loss= 2.318607807159424
client id= 0 ,round= 5 ,epoch= 1 ,client update iteration= 370 ,loss= 2.322395086288452
client id= 0 ,round= 5 ,epoch= 1 ,client update iteration= 380 ,loss= 2.3358964920043945
client id= 0 ,round= 5 ,epoch= 1 ,client update iteration= 390 ,loss= 2.33947491645813
******client id  1 ******
client_update start
client id= 1 ,round= 5 ,epoch= 1 ,client update iteration= 10 ,loss= 2.314955711364746
client id= 1 ,round= 5 ,epoch= 1 ,client update iteration= 20 ,loss= 2.3018906116485596
client id= 1 ,round= 5 ,epoch= 1 ,client update iteration= 30 ,loss= 2.275219440460205
client id= 1 ,round= 5 ,epoch= 1 ,client update iteration= 40 ,loss= 2.3180360794067383
client id= 1 ,round= 5 ,epoch= 1 ,client update iteration= 50 ,loss= 2.292341947555542
client id= 1 ,round= 5 ,epoch= 1 ,client update iteration= 60 ,loss= 2.230499744415283
client id= 1 ,round= 5 ,epoch= 1 ,client update iteration= 70 ,loss= 2.2349398136138916
client id= 1 ,round= 5 ,epoch= 1 ,client update iteration= 80 ,loss= 2.271754503250122
client id= 1 ,round= 5 ,epoch= 1 ,client update iteration= 90 ,loss= 2.1540935039520264
client id= 1 ,round= 5 ,epoch= 1 ,client update iteration= 100 ,loss= 2.2694947719573975
client id= 1 ,round= 5 ,epoch= 1 ,client update iteration= 110 ,loss= 2.2907586097717285
client id= 1 ,round= 5 ,epoch= 1 ,client update iteration= 120 ,loss= 2.2612290382385254
client id= 1 ,round= 5 ,epoch= 1 ,client update iteration= 130 ,loss= 2.1860556602478027
client id= 1 ,round= 5 ,epoch= 1 ,client update iteration= 140 ,loss= 2.1053199768066406
client id= 1 ,round= 5 ,epoch= 1 ,client update iteration= 150 ,loss= 2.1367716789245605
client id= 1 ,round= 5 ,epoch= 1 ,client update iteration= 160 ,loss= 2.060943841934204
client id= 1 ,round= 5 ,epoch= 1 ,client update iteration= 170 ,loss= 2.111401319503784
client id= 1 ,round= 5 ,epoch= 1 ,client update iteration= 180 ,loss= 1.9737577438354492
client id= 1 ,round= 5 ,epoch= 1 ,client update iteration= 190 ,loss= 2.0469093322753906
client id= 1 ,round= 5 ,epoch= 1 ,client update iteration= 200 ,loss= 2.132556200027466
client id= 1 ,round= 5 ,epoch= 1 ,client update iteration= 210 ,loss= 1.9735685586929321
client id= 1 ,round= 5 ,epoch= 1 ,client update iteration= 220 ,loss= 2.049307107925415
client id= 1 ,round= 5 ,epoch= 1 ,client update iteration= 230 ,loss= 2.0625293254852295
client id= 1 ,round= 5 ,epoch= 1 ,client update iteration= 240 ,loss= 2.021214008331299
client id= 1 ,round= 5 ,epoch= 1 ,client update iteration= 250 ,loss= 1.9926061630249023
client id= 1 ,round= 5 ,epoch= 1 ,client update iteration= 260 ,loss= 2.137118339538574
client id= 1 ,round= 5 ,epoch= 1 ,client update iteration= 270 ,loss= 1.982066035270691
client id= 1 ,round= 5 ,epoch= 1 ,client update iteration= 280 ,loss= 1.918771743774414
client id= 1 ,round= 5 ,epoch= 1 ,client update iteration= 290 ,loss= 2.0306708812713623
client id= 1 ,round= 5 ,epoch= 1 ,client update iteration= 300 ,loss= 1.8277254104614258
client id= 1 ,round= 5 ,epoch= 1 ,client update iteration= 310 ,loss= 1.9020382165908813
client id= 1 ,round= 5 ,epoch= 1 ,client update iteration= 320 ,loss= 2.2617578506469727
client id= 1 ,round= 5 ,epoch= 1 ,client update iteration= 330 ,loss= 2.127619504928589
client id= 1 ,round= 5 ,epoch= 1 ,client update iteration= 340 ,loss= 2.016301155090332
client id= 1 ,round= 5 ,epoch= 1 ,client update iteration= 350 ,loss= 1.8883522748947144
client id= 1 ,round= 5 ,epoch= 1 ,client update iteration= 360 ,loss= 1.9035841226577759
client id= 1 ,round= 5 ,epoch= 1 ,client update iteration= 370 ,loss= 2.0792713165283203
client id= 1 ,round= 5 ,epoch= 1 ,client update iteration= 380 ,loss= 1.9972995519638062
client id= 1 ,round= 5 ,epoch= 1 ,client update iteration= 390 ,loss= 1.8909417390823364
start cal weight time2021-07-01 11:42:35
end cal weight time2021-07-01 11:42:35
layer= 0 ratio= 0.0625
layer= 1 ratio= 0.0625
layer= 2 ratio= 0.0625
layer= 3 ratio= 0.0625
layer= 4 ratio= 0.0625
layer= 5 ratio= 0.0625
layer= 6 ratio= 0.0625
layer= 7 ratio= 0.0625
layer= 8 ratio= 0.0625
layer= 9 ratio= 0.0625
layer= 10 ratio= 0.0625
layer= 11 ratio= 0.0625
layer= 12 ratio= 0.0625
layer= 13 ratio= 0.0625
layer= 14 ratio= 0.0625
layer= 15 ratio= 0.0625
start add noise2021-07-01 11:42:35
end_add_noise_time2021-07-01 11:42:38
start cal weight time2021-07-01 11:42:38
end cal weight time2021-07-01 11:42:38
layer= 0 ratio= 0.0625
layer= 1 ratio= 0.0625
layer= 2 ratio= 0.0625
layer= 3 ratio= 0.0625
layer= 4 ratio= 0.0625
layer= 5 ratio= 0.0625
layer= 6 ratio= 0.0625
layer= 7 ratio= 0.0625
layer= 8 ratio= 0.0625
layer= 9 ratio= 0.0625
layer= 10 ratio= 0.0625
layer= 11 ratio= 0.0625
layer= 12 ratio= 0.0625
layer= 13 ratio= 0.0625
layer= 14 ratio= 0.0625
layer= 15 ratio= 0.0625
start add noise2021-07-01 11:42:38
end_add_noise_time2021-07-01 11:42:40
average train loss= 2.2424307575311193
2021-07-01 11:42:49,round 5,val Accuracy Top1: 10.010000 %
2021-07-01 11:42:49,round 5,val Accuracy Top5: 50.010000 %
******client id  0 ******
client_update start
client id= 0 ,round= 6 ,epoch= 1 ,client update iteration= 10 ,loss= 2.276170492172241
client id= 0 ,round= 6 ,epoch= 1 ,client update iteration= 20 ,loss= 2.2849059104919434
client id= 0 ,round= 6 ,epoch= 1 ,client update iteration= 30 ,loss= 2.2795956134796143
client id= 0 ,round= 6 ,epoch= 1 ,client update iteration= 40 ,loss= 2.388028144836426
client id= 0 ,round= 6 ,epoch= 1 ,client update iteration= 50 ,loss= 2.37131929397583
client id= 0 ,round= 6 ,epoch= 1 ,client update iteration= 60 ,loss= 2.3546135425567627
client id= 0 ,round= 6 ,epoch= 1 ,client update iteration= 70 ,loss= 2.3173577785491943
client id= 0 ,round= 6 ,epoch= 1 ,client update iteration= 80 ,loss= 2.3283426761627197
client id= 0 ,round= 6 ,epoch= 1 ,client update iteration= 90 ,loss= 2.335399627685547
client id= 0 ,round= 6 ,epoch= 1 ,client update iteration= 100 ,loss= 2.312088966369629
client id= 0 ,round= 6 ,epoch= 1 ,client update iteration= 110 ,loss= 2.318786859512329
client id= 0 ,round= 6 ,epoch= 1 ,client update iteration= 120 ,loss= 2.3085594177246094
client id= 0 ,round= 6 ,epoch= 1 ,client update iteration= 130 ,loss= 2.3228347301483154
client id= 0 ,round= 6 ,epoch= 1 ,client update iteration= 140 ,loss= 2.3288981914520264
client id= 0 ,round= 6 ,epoch= 1 ,client update iteration= 150 ,loss= 2.3566226959228516
client id= 0 ,round= 6 ,epoch= 1 ,client update iteration= 160 ,loss= 2.3855109214782715
client id= 0 ,round= 6 ,epoch= 1 ,client update iteration= 170 ,loss= 2.3174500465393066
client id= 0 ,round= 6 ,epoch= 1 ,client update iteration= 180 ,loss= 2.267080307006836
client id= 0 ,round= 6 ,epoch= 1 ,client update iteration= 190 ,loss= 2.3294849395751953
client id= 0 ,round= 6 ,epoch= 1 ,client update iteration= 200 ,loss= 2.3480682373046875
client id= 0 ,round= 6 ,epoch= 1 ,client update iteration= 210 ,loss= 2.3438990116119385
client id= 0 ,round= 6 ,epoch= 1 ,client update iteration= 220 ,loss= 2.3330612182617188
client id= 0 ,round= 6 ,epoch= 1 ,client update iteration= 230 ,loss= 2.2720038890838623
client id= 0 ,round= 6 ,epoch= 1 ,client update iteration= 240 ,loss= 2.351588726043701
client id= 0 ,round= 6 ,epoch= 1 ,client update iteration= 250 ,loss= 2.3296356201171875
client id= 0 ,round= 6 ,epoch= 1 ,client update iteration= 260 ,loss= 2.305079221725464
client id= 0 ,round= 6 ,epoch= 1 ,client update iteration= 270 ,loss= 2.319999933242798
client id= 0 ,round= 6 ,epoch= 1 ,client update iteration= 280 ,loss= 2.3252625465393066
client id= 0 ,round= 6 ,epoch= 1 ,client update iteration= 290 ,loss= 2.3328754901885986
client id= 0 ,round= 6 ,epoch= 1 ,client update iteration= 300 ,loss= 2.3084230422973633
client id= 0 ,round= 6 ,epoch= 1 ,client update iteration= 310 ,loss= 2.2681570053100586
client id= 0 ,round= 6 ,epoch= 1 ,client update iteration= 320 ,loss= 2.347332715988159
client id= 0 ,round= 6 ,epoch= 1 ,client update iteration= 330 ,loss= 2.326333999633789
client id= 0 ,round= 6 ,epoch= 1 ,client update iteration= 340 ,loss= 2.283592939376831
client id= 0 ,round= 6 ,epoch= 1 ,client update iteration= 350 ,loss= 2.3093905448913574
client id= 0 ,round= 6 ,epoch= 1 ,client update iteration= 360 ,loss= 2.3326754570007324
client id= 0 ,round= 6 ,epoch= 1 ,client update iteration= 370 ,loss= 2.3041558265686035
client id= 0 ,round= 6 ,epoch= 1 ,client update iteration= 380 ,loss= 2.3069629669189453
client id= 0 ,round= 6 ,epoch= 1 ,client update iteration= 390 ,loss= 2.3387179374694824
******client id  1 ******
client_update start
client id= 1 ,round= 6 ,epoch= 1 ,client update iteration= 10 ,loss= 2.3540053367614746
client id= 1 ,round= 6 ,epoch= 1 ,client update iteration= 20 ,loss= 2.3389041423797607
client id= 1 ,round= 6 ,epoch= 1 ,client update iteration= 30 ,loss= 2.2900493144989014
client id= 1 ,round= 6 ,epoch= 1 ,client update iteration= 40 ,loss= 2.3696792125701904
client id= 1 ,round= 6 ,epoch= 1 ,client update iteration= 50 ,loss= 2.2776095867156982
client id= 1 ,round= 6 ,epoch= 1 ,client update iteration= 60 ,loss= 2.337111473083496
client id= 1 ,round= 6 ,epoch= 1 ,client update iteration= 70 ,loss= 2.3062219619750977
client id= 1 ,round= 6 ,epoch= 1 ,client update iteration= 80 ,loss= 2.337153434753418
client id= 1 ,round= 6 ,epoch= 1 ,client update iteration= 90 ,loss= 2.3369967937469482
client id= 1 ,round= 6 ,epoch= 1 ,client update iteration= 100 ,loss= 2.2777793407440186
client id= 1 ,round= 6 ,epoch= 1 ,client update iteration= 110 ,loss= 2.3054442405700684
client id= 1 ,round= 6 ,epoch= 1 ,client update iteration= 120 ,loss= 2.337146282196045
client id= 1 ,round= 6 ,epoch= 1 ,client update iteration= 130 ,loss= 2.376131296157837
client id= 1 ,round= 6 ,epoch= 1 ,client update iteration= 140 ,loss= 2.318444013595581
client id= 1 ,round= 6 ,epoch= 1 ,client update iteration= 150 ,loss= 2.323854684829712
client id= 1 ,round= 6 ,epoch= 1 ,client update iteration= 160 ,loss= 2.2832448482513428
client id= 1 ,round= 6 ,epoch= 1 ,client update iteration= 170 ,loss= 2.3082752227783203
client id= 1 ,round= 6 ,epoch= 1 ,client update iteration= 180 ,loss= 2.333989381790161
client id= 1 ,round= 6 ,epoch= 1 ,client update iteration= 190 ,loss= 2.3161957263946533
client id= 1 ,round= 6 ,epoch= 1 ,client update iteration= 200 ,loss= 2.3721535205841064
client id= 1 ,round= 6 ,epoch= 1 ,client update iteration= 210 ,loss= 2.2697534561157227
client id= 1 ,round= 6 ,epoch= 1 ,client update iteration= 220 ,loss= 2.3413238525390625
client id= 1 ,round= 6 ,epoch= 1 ,client update iteration= 230 ,loss= 2.335859537124634
client id= 1 ,round= 6 ,epoch= 1 ,client update iteration= 240 ,loss= 2.3356196880340576
client id= 1 ,round= 6 ,epoch= 1 ,client update iteration= 250 ,loss= 2.256312847137451
client id= 1 ,round= 6 ,epoch= 1 ,client update iteration= 260 ,loss= 2.3290185928344727
client id= 1 ,round= 6 ,epoch= 1 ,client update iteration= 270 ,loss= 2.3392648696899414
client id= 1 ,round= 6 ,epoch= 1 ,client update iteration= 280 ,loss= 2.288914203643799
client id= 1 ,round= 6 ,epoch= 1 ,client update iteration= 290 ,loss= 2.3314785957336426
client id= 1 ,round= 6 ,epoch= 1 ,client update iteration= 300 ,loss= 2.346552610397339
client id= 1 ,round= 6 ,epoch= 1 ,client update iteration= 310 ,loss= 2.301466941833496
client id= 1 ,round= 6 ,epoch= 1 ,client update iteration= 320 ,loss= 2.2914397716522217
client id= 1 ,round= 6 ,epoch= 1 ,client update iteration= 330 ,loss= 2.3541617393493652
client id= 1 ,round= 6 ,epoch= 1 ,client update iteration= 340 ,loss= 2.3332574367523193
client id= 1 ,round= 6 ,epoch= 1 ,client update iteration= 350 ,loss= 2.3350675106048584
client id= 1 ,round= 6 ,epoch= 1 ,client update iteration= 360 ,loss= 2.336341142654419
client id= 1 ,round= 6 ,epoch= 1 ,client update iteration= 370 ,loss= 2.310823440551758
client id= 1 ,round= 6 ,epoch= 1 ,client update iteration= 380 ,loss= 2.344942569732666
client id= 1 ,round= 6 ,epoch= 1 ,client update iteration= 390 ,loss= 2.3175418376922607
start cal weight time2021-07-01 11:45:12
end cal weight time2021-07-01 11:45:12
layer= 0 ratio= 0.0625
layer= 1 ratio= 0.0625
layer= 2 ratio= 0.0625
layer= 3 ratio= 0.0625
layer= 4 ratio= 0.0625
layer= 5 ratio= 0.0625
layer= 6 ratio= 0.0625
layer= 7 ratio= 0.0625
layer= 8 ratio= 0.0625
layer= 9 ratio= 0.0625
layer= 10 ratio= 0.0625
layer= 11 ratio= 0.0625
layer= 12 ratio= 0.0625
layer= 13 ratio= 0.0625
layer= 14 ratio= 0.0625
layer= 15 ratio= 0.0625
start add noise2021-07-01 11:45:12
end_add_noise_time2021-07-01 11:45:15
start cal weight time2021-07-01 11:45:15
end cal weight time2021-07-01 11:45:15
layer= 0 ratio= 0.0625
layer= 1 ratio= 0.0625
layer= 2 ratio= 0.0625
layer= 3 ratio= 0.0625
layer= 4 ratio= 0.0625
layer= 5 ratio= 0.0625
layer= 6 ratio= 0.0625
layer= 7 ratio= 0.0625
layer= 8 ratio= 0.0625
layer= 9 ratio= 0.0625
layer= 10 ratio= 0.0625
layer= 11 ratio= 0.0625
layer= 12 ratio= 0.0625
layer= 13 ratio= 0.0625
layer= 14 ratio= 0.0625
layer= 15 ratio= 0.0625
start add noise2021-07-01 11:45:15
end_add_noise_time2021-07-01 11:45:17
average train loss= 2.3309514641456897
2021-07-01 11:45:26,round 6,val Accuracy Top1: 10.000000 %
2021-07-01 11:45:26,round 6,val Accuracy Top5: 50.000000 %
******client id  0 ******
client_update start
client id= 0 ,round= 7 ,epoch= 1 ,client update iteration= 10 ,loss= 2.3832907676696777
client id= 0 ,round= 7 ,epoch= 1 ,client update iteration= 20 ,loss= 2.345958709716797
client id= 0 ,round= 7 ,epoch= 1 ,client update iteration= 30 ,loss= 2.4211714267730713
client id= 0 ,round= 7 ,epoch= 1 ,client update iteration= 40 ,loss= 2.326652765274048
client id= 0 ,round= 7 ,epoch= 1 ,client update iteration= 50 ,loss= 2.3886497020721436
client id= 0 ,round= 7 ,epoch= 1 ,client update iteration= 60 ,loss= 2.348611831665039
client id= 0 ,round= 7 ,epoch= 1 ,client update iteration= 70 ,loss= 2.422053813934326
client id= 0 ,round= 7 ,epoch= 1 ,client update iteration= 80 ,loss= 2.355020046234131
client id= 0 ,round= 7 ,epoch= 1 ,client update iteration= 90 ,loss= 2.3917407989501953
client id= 0 ,round= 7 ,epoch= 1 ,client update iteration= 100 ,loss= 2.318772554397583
client id= 0 ,round= 7 ,epoch= 1 ,client update iteration= 110 ,loss= 2.2519874572753906
client id= 0 ,round= 7 ,epoch= 1 ,client update iteration= 120 ,loss= 2.3587660789489746
client id= 0 ,round= 7 ,epoch= 1 ,client update iteration= 130 ,loss= 2.3015356063842773
client id= 0 ,round= 7 ,epoch= 1 ,client update iteration= 140 ,loss= 2.283357620239258
client id= 0 ,round= 7 ,epoch= 1 ,client update iteration= 150 ,loss= 2.3767075538635254
client id= 0 ,round= 7 ,epoch= 1 ,client update iteration= 160 ,loss= 2.3626461029052734
client id= 0 ,round= 7 ,epoch= 1 ,client update iteration= 170 ,loss= 2.2911124229431152
client id= 0 ,round= 7 ,epoch= 1 ,client update iteration= 180 ,loss= 2.32991623878479
client id= 0 ,round= 7 ,epoch= 1 ,client update iteration= 190 ,loss= 2.2796847820281982
client id= 0 ,round= 7 ,epoch= 1 ,client update iteration= 200 ,loss= 2.358470916748047
client id= 0 ,round= 7 ,epoch= 1 ,client update iteration= 210 ,loss= 2.3557562828063965
client id= 0 ,round= 7 ,epoch= 1 ,client update iteration= 220 ,loss= 2.3177552223205566
client id= 0 ,round= 7 ,epoch= 1 ,client update iteration= 230 ,loss= 2.3151841163635254
client id= 0 ,round= 7 ,epoch= 1 ,client update iteration= 240 ,loss= 2.2983558177948
client id= 0 ,round= 7 ,epoch= 1 ,client update iteration= 250 ,loss= 2.2812693119049072
client id= 0 ,round= 7 ,epoch= 1 ,client update iteration= 260 ,loss= 2.313756227493286
client id= 0 ,round= 7 ,epoch= 1 ,client update iteration= 270 ,loss= 2.3183670043945312
client id= 0 ,round= 7 ,epoch= 1 ,client update iteration= 280 ,loss= 2.3092434406280518
client id= 0 ,round= 7 ,epoch= 1 ,client update iteration= 290 ,loss= 2.340092420578003
client id= 0 ,round= 7 ,epoch= 1 ,client update iteration= 300 ,loss= 2.3222105503082275
client id= 0 ,round= 7 ,epoch= 1 ,client update iteration= 310 ,loss= 2.287294387817383
client id= 0 ,round= 7 ,epoch= 1 ,client update iteration= 320 ,loss= 2.3009285926818848
client id= 0 ,round= 7 ,epoch= 1 ,client update iteration= 330 ,loss= 2.331306219100952
client id= 0 ,round= 7 ,epoch= 1 ,client update iteration= 340 ,loss= 2.2874553203582764
client id= 0 ,round= 7 ,epoch= 1 ,client update iteration= 350 ,loss= 2.3355696201324463
client id= 0 ,round= 7 ,epoch= 1 ,client update iteration= 360 ,loss= 2.3298709392547607
client id= 0 ,round= 7 ,epoch= 1 ,client update iteration= 370 ,loss= 2.311984062194824
client id= 0 ,round= 7 ,epoch= 1 ,client update iteration= 380 ,loss= 2.334129571914673
client id= 0 ,round= 7 ,epoch= 1 ,client update iteration= 390 ,loss= 2.3171026706695557
******client id  1 ******
client_update start
client id= 1 ,round= 7 ,epoch= 1 ,client update iteration= 10 ,loss= 2.4767465591430664
client id= 1 ,round= 7 ,epoch= 1 ,client update iteration= 20 ,loss= 2.3484649658203125
client id= 1 ,round= 7 ,epoch= 1 ,client update iteration= 30 ,loss= 2.4171316623687744
client id= 1 ,round= 7 ,epoch= 1 ,client update iteration= 40 ,loss= 2.299494981765747
client id= 1 ,round= 7 ,epoch= 1 ,client update iteration= 50 ,loss= 2.319368839263916
client id= 1 ,round= 7 ,epoch= 1 ,client update iteration= 60 ,loss= 2.3670663833618164
client id= 1 ,round= 7 ,epoch= 1 ,client update iteration= 70 ,loss= 2.333583116531372
client id= 1 ,round= 7 ,epoch= 1 ,client update iteration= 80 ,loss= 2.414482593536377
client id= 1 ,round= 7 ,epoch= 1 ,client update iteration= 90 ,loss= 2.3813297748565674
client id= 1 ,round= 7 ,epoch= 1 ,client update iteration= 100 ,loss= 2.398521661758423
client id= 1 ,round= 7 ,epoch= 1 ,client update iteration= 110 ,loss= 2.3172643184661865
client id= 1 ,round= 7 ,epoch= 1 ,client update iteration= 120 ,loss= 2.3923590183258057
client id= 1 ,round= 7 ,epoch= 1 ,client update iteration= 130 ,loss= 2.301576614379883
client id= 1 ,round= 7 ,epoch= 1 ,client update iteration= 140 ,loss= 2.3500094413757324
client id= 1 ,round= 7 ,epoch= 1 ,client update iteration= 150 ,loss= 2.3215839862823486
client id= 1 ,round= 7 ,epoch= 1 ,client update iteration= 160 ,loss= 2.3076834678649902
client id= 1 ,round= 7 ,epoch= 1 ,client update iteration= 170 ,loss= 2.3202152252197266
client id= 1 ,round= 7 ,epoch= 1 ,client update iteration= 180 ,loss= 2.3043065071105957
client id= 1 ,round= 7 ,epoch= 1 ,client update iteration= 190 ,loss= 2.3127806186676025
client id= 1 ,round= 7 ,epoch= 1 ,client update iteration= 200 ,loss= 2.2923805713653564
client id= 1 ,round= 7 ,epoch= 1 ,client update iteration= 210 ,loss= 2.307255268096924
client id= 1 ,round= 7 ,epoch= 1 ,client update iteration= 220 ,loss= 2.2795095443725586
client id= 1 ,round= 7 ,epoch= 1 ,client update iteration= 230 ,loss= 2.296558141708374
client id= 1 ,round= 7 ,epoch= 1 ,client update iteration= 240 ,loss= 2.311802864074707
client id= 1 ,round= 7 ,epoch= 1 ,client update iteration= 250 ,loss= 2.32692551612854
client id= 1 ,round= 7 ,epoch= 1 ,client update iteration= 260 ,loss= 2.3102383613586426
client id= 1 ,round= 7 ,epoch= 1 ,client update iteration= 270 ,loss= 2.324479341506958
client id= 1 ,round= 7 ,epoch= 1 ,client update iteration= 280 ,loss= 2.3007922172546387
client id= 1 ,round= 7 ,epoch= 1 ,client update iteration= 290 ,loss= 2.3179831504821777
client id= 1 ,round= 7 ,epoch= 1 ,client update iteration= 300 ,loss= 2.280853271484375
client id= 1 ,round= 7 ,epoch= 1 ,client update iteration= 310 ,loss= 2.3378515243530273
client id= 1 ,round= 7 ,epoch= 1 ,client update iteration= 320 ,loss= 2.306436538696289
client id= 1 ,round= 7 ,epoch= 1 ,client update iteration= 330 ,loss= 2.3012969493865967
client id= 1 ,round= 7 ,epoch= 1 ,client update iteration= 340 ,loss= 2.2970998287200928
client id= 1 ,round= 7 ,epoch= 1 ,client update iteration= 350 ,loss= 2.3225038051605225
client id= 1 ,round= 7 ,epoch= 1 ,client update iteration= 360 ,loss= 2.299161434173584
client id= 1 ,round= 7 ,epoch= 1 ,client update iteration= 370 ,loss= 2.3000447750091553
client id= 1 ,round= 7 ,epoch= 1 ,client update iteration= 380 ,loss= 2.3089213371276855
client id= 1 ,round= 7 ,epoch= 1 ,client update iteration= 390 ,loss= 2.318023204803467
start cal weight time2021-07-01 11:47:49
end cal weight time2021-07-01 11:47:49
layer= 0 ratio= 0.0625
layer= 1 ratio= 0.0625
layer= 2 ratio= 0.0625
layer= 3 ratio= 0.0625
layer= 4 ratio= 0.0625
layer= 5 ratio= 0.0625
layer= 6 ratio= 0.0625
layer= 7 ratio= 0.0625
layer= 8 ratio= 0.0625
layer= 9 ratio= 0.0625
layer= 10 ratio= 0.0625
layer= 11 ratio= 0.0625
layer= 12 ratio= 0.0625
layer= 13 ratio= 0.0625
layer= 14 ratio= 0.0625
layer= 15 ratio= 0.0625
start add noise2021-07-01 11:47:49
end_add_noise_time2021-07-01 11:47:51
start cal weight time2021-07-01 11:47:51
end cal weight time2021-07-01 11:47:51
layer= 0 ratio= 0.0625
layer= 1 ratio= 0.0625
layer= 2 ratio= 0.0625
layer= 3 ratio= 0.0625
layer= 4 ratio= 0.0625
layer= 5 ratio= 0.0625
layer= 6 ratio= 0.0625
layer= 7 ratio= 0.0625
layer= 8 ratio= 0.0625
layer= 9 ratio= 0.0625
layer= 10 ratio= 0.0625
layer= 11 ratio= 0.0625
layer= 12 ratio= 0.0625
layer= 13 ratio= 0.0625
layer= 14 ratio= 0.0625
layer= 15 ratio= 0.0625
start add noise2021-07-01 11:47:51
end_add_noise_time2021-07-01 11:47:54
average train loss= 2.3317879298154045
2021-07-01 11:48:02,round 7,val Accuracy Top1: 10.000000 %
2021-07-01 11:48:02,round 7,val Accuracy Top5: 50.000000 %
******client id  0 ******
client_update start
client id= 0 ,round= 8 ,epoch= 1 ,client update iteration= 10 ,loss= 2.3096935749053955
client id= 0 ,round= 8 ,epoch= 1 ,client update iteration= 20 ,loss= 2.386868953704834
client id= 0 ,round= 8 ,epoch= 1 ,client update iteration= 30 ,loss= 2.3493518829345703
client id= 0 ,round= 8 ,epoch= 1 ,client update iteration= 40 ,loss= 2.3614985942840576
client id= 0 ,round= 8 ,epoch= 1 ,client update iteration= 50 ,loss= 2.348569631576538
client id= 0 ,round= 8 ,epoch= 1 ,client update iteration= 60 ,loss= 2.376070499420166
client id= 0 ,round= 8 ,epoch= 1 ,client update iteration= 70 ,loss= 2.2970876693725586
client id= 0 ,round= 8 ,epoch= 1 ,client update iteration= 80 ,loss= 2.324131488800049
client id= 0 ,round= 8 ,epoch= 1 ,client update iteration= 90 ,loss= 2.3061864376068115
client id= 0 ,round= 8 ,epoch= 1 ,client update iteration= 100 ,loss= 2.304414987564087
client id= 0 ,round= 8 ,epoch= 1 ,client update iteration= 110 ,loss= 2.340914011001587
client id= 0 ,round= 8 ,epoch= 1 ,client update iteration= 120 ,loss= 2.327054262161255
client id= 0 ,round= 8 ,epoch= 1 ,client update iteration= 130 ,loss= 2.297335147857666
client id= 0 ,round= 8 ,epoch= 1 ,client update iteration= 140 ,loss= 2.3224945068359375
client id= 0 ,round= 8 ,epoch= 1 ,client update iteration= 150 ,loss= 2.2883400917053223
client id= 0 ,round= 8 ,epoch= 1 ,client update iteration= 160 ,loss= 2.314516305923462
client id= 0 ,round= 8 ,epoch= 1 ,client update iteration= 170 ,loss= 2.296027898788452
client id= 0 ,round= 8 ,epoch= 1 ,client update iteration= 180 ,loss= 2.314377546310425
client id= 0 ,round= 8 ,epoch= 1 ,client update iteration= 190 ,loss= 2.344841480255127
client id= 0 ,round= 8 ,epoch= 1 ,client update iteration= 200 ,loss= 2.3069911003112793
client id= 0 ,round= 8 ,epoch= 1 ,client update iteration= 210 ,loss= 2.30935001373291
client id= 0 ,round= 8 ,epoch= 1 ,client update iteration= 220 ,loss= 2.3122403621673584
client id= 0 ,round= 8 ,epoch= 1 ,client update iteration= 230 ,loss= 2.3075153827667236
client id= 0 ,round= 8 ,epoch= 1 ,client update iteration= 240 ,loss= 2.29929518699646
client id= 0 ,round= 8 ,epoch= 1 ,client update iteration= 250 ,loss= 2.3004565238952637
client id= 0 ,round= 8 ,epoch= 1 ,client update iteration= 260 ,loss= 2.312062978744507
client id= 0 ,round= 8 ,epoch= 1 ,client update iteration= 270 ,loss= 2.3168070316314697
client id= 0 ,round= 8 ,epoch= 1 ,client update iteration= 280 ,loss= 2.2989284992218018
client id= 0 ,round= 8 ,epoch= 1 ,client update iteration= 290 ,loss= 2.3146920204162598
client id= 0 ,round= 8 ,epoch= 1 ,client update iteration= 300 ,loss= 2.2963685989379883
client id= 0 ,round= 8 ,epoch= 1 ,client update iteration= 310 ,loss= 2.294890880584717
client id= 0 ,round= 8 ,epoch= 1 ,client update iteration= 320 ,loss= 2.30045485496521
client id= 0 ,round= 8 ,epoch= 1 ,client update iteration= 330 ,loss= 2.3023436069488525
client id= 0 ,round= 8 ,epoch= 1 ,client update iteration= 340 ,loss= 2.317528009414673
client id= 0 ,round= 8 ,epoch= 1 ,client update iteration= 350 ,loss= 2.318459987640381
client id= 0 ,round= 8 ,epoch= 1 ,client update iteration= 360 ,loss= 2.293670177459717
client id= 0 ,round= 8 ,epoch= 1 ,client update iteration= 370 ,loss= 2.311985731124878
client id= 0 ,round= 8 ,epoch= 1 ,client update iteration= 380 ,loss= 2.2933762073516846
client id= 0 ,round= 8 ,epoch= 1 ,client update iteration= 390 ,loss= 2.3072669506073
******client id  1 ******
client_update start
client id= 1 ,round= 8 ,epoch= 1 ,client update iteration= 10 ,loss= 2.3422791957855225
client id= 1 ,round= 8 ,epoch= 1 ,client update iteration= 20 ,loss= 2.339879274368286
client id= 1 ,round= 8 ,epoch= 1 ,client update iteration= 30 ,loss= 2.3536500930786133
client id= 1 ,round= 8 ,epoch= 1 ,client update iteration= 40 ,loss= 2.314922571182251
client id= 1 ,round= 8 ,epoch= 1 ,client update iteration= 50 ,loss= 2.295485019683838
client id= 1 ,round= 8 ,epoch= 1 ,client update iteration= 60 ,loss= 2.2893996238708496
client id= 1 ,round= 8 ,epoch= 1 ,client update iteration= 70 ,loss= 2.264078140258789
client id= 1 ,round= 8 ,epoch= 1 ,client update iteration= 80 ,loss= 2.3459632396698
client id= 1 ,round= 8 ,epoch= 1 ,client update iteration= 90 ,loss= 2.306220531463623
client id= 1 ,round= 8 ,epoch= 1 ,client update iteration= 100 ,loss= 2.303413152694702
client id= 1 ,round= 8 ,epoch= 1 ,client update iteration= 110 ,loss= 2.3054182529449463
client id= 1 ,round= 8 ,epoch= 1 ,client update iteration= 120 ,loss= 2.312323808670044
client id= 1 ,round= 8 ,epoch= 1 ,client update iteration= 130 ,loss= 2.254415512084961
client id= 1 ,round= 8 ,epoch= 1 ,client update iteration= 140 ,loss= 2.2894649505615234
client id= 1 ,round= 8 ,epoch= 1 ,client update iteration= 150 ,loss= 2.315854549407959
client id= 1 ,round= 8 ,epoch= 1 ,client update iteration= 160 ,loss= 2.3352890014648438
client id= 1 ,round= 8 ,epoch= 1 ,client update iteration= 170 ,loss= 2.307098388671875
client id= 1 ,round= 8 ,epoch= 1 ,client update iteration= 180 ,loss= 2.3095927238464355
client id= 1 ,round= 8 ,epoch= 1 ,client update iteration= 190 ,loss= 2.291071891784668
client id= 1 ,round= 8 ,epoch= 1 ,client update iteration= 200 ,loss= 2.295907974243164
client id= 1 ,round= 8 ,epoch= 1 ,client update iteration= 210 ,loss= 2.3248462677001953
client id= 1 ,round= 8 ,epoch= 1 ,client update iteration= 220 ,loss= 2.2943856716156006
client id= 1 ,round= 8 ,epoch= 1 ,client update iteration= 230 ,loss= 2.3018393516540527
client id= 1 ,round= 8 ,epoch= 1 ,client update iteration= 240 ,loss= 2.3026578426361084
client id= 1 ,round= 8 ,epoch= 1 ,client update iteration= 250 ,loss= 2.3103268146514893
client id= 1 ,round= 8 ,epoch= 1 ,client update iteration= 260 ,loss= 2.294203996658325
client id= 1 ,round= 8 ,epoch= 1 ,client update iteration= 270 ,loss= 2.318312406539917
client id= 1 ,round= 8 ,epoch= 1 ,client update iteration= 280 ,loss= 2.310051441192627
client id= 1 ,round= 8 ,epoch= 1 ,client update iteration= 290 ,loss= 2.306488275527954
client id= 1 ,round= 8 ,epoch= 1 ,client update iteration= 300 ,loss= 2.3071482181549072
client id= 1 ,round= 8 ,epoch= 1 ,client update iteration= 310 ,loss= 2.307337760925293
client id= 1 ,round= 8 ,epoch= 1 ,client update iteration= 320 ,loss= 2.3216912746429443
client id= 1 ,round= 8 ,epoch= 1 ,client update iteration= 330 ,loss= 2.302899122238159
client id= 1 ,round= 8 ,epoch= 1 ,client update iteration= 340 ,loss= 2.3215906620025635
client id= 1 ,round= 8 ,epoch= 1 ,client update iteration= 350 ,loss= 2.3031506538391113
client id= 1 ,round= 8 ,epoch= 1 ,client update iteration= 360 ,loss= 2.3050942420959473
client id= 1 ,round= 8 ,epoch= 1 ,client update iteration= 370 ,loss= 2.3155899047851562
client id= 1 ,round= 8 ,epoch= 1 ,client update iteration= 380 ,loss= 2.3067657947540283
client id= 1 ,round= 8 ,epoch= 1 ,client update iteration= 390 ,loss= 2.2983899116516113
start cal weight time2021-07-01 11:50:25
end cal weight time2021-07-01 11:50:25
layer= 0 ratio= 0.0625
layer= 1 ratio= 0.0625
layer= 2 ratio= 0.0625
layer= 3 ratio= 0.0625
layer= 4 ratio= 0.0625
layer= 5 ratio= 0.0625
layer= 6 ratio= 0.0625
layer= 7 ratio= 0.0625
layer= 8 ratio= 0.0625
layer= 9 ratio= 0.0625
layer= 10 ratio= 0.0625
layer= 11 ratio= 0.0625
layer= 12 ratio= 0.0625
layer= 13 ratio= 0.0625
layer= 14 ratio= 0.0625
layer= 15 ratio= 0.0625
start add noise2021-07-01 11:50:25
end_add_noise_time2021-07-01 11:50:28
start cal weight time2021-07-01 11:50:28
end cal weight time2021-07-01 11:50:28
layer= 0 ratio= 0.0625
layer= 1 ratio= 0.0625
layer= 2 ratio= 0.0625
layer= 3 ratio= 0.0625
layer= 4 ratio= 0.0625
layer= 5 ratio= 0.0625
layer= 6 ratio= 0.0625
layer= 7 ratio= 0.0625
layer= 8 ratio= 0.0625
layer= 9 ratio= 0.0625
layer= 10 ratio= 0.0625
layer= 11 ratio= 0.0625
layer= 12 ratio= 0.0625
layer= 13 ratio= 0.0625
layer= 14 ratio= 0.0625
layer= 15 ratio= 0.0625
start add noise2021-07-01 11:50:28
end_add_noise_time2021-07-01 11:50:30
average train loss= 2.3118901569825
2021-07-01 11:50:39,round 8,val Accuracy Top1: 10.000000 %
2021-07-01 11:50:39,round 8,val Accuracy Top5: 50.000000 %
******client id  0 ******
client_update start
client id= 0 ,round= 9 ,epoch= 1 ,client update iteration= 10 ,loss= 2.326937675476074
client id= 0 ,round= 9 ,epoch= 1 ,client update iteration= 20 ,loss= 2.309396743774414
client id= 0 ,round= 9 ,epoch= 1 ,client update iteration= 30 ,loss= 2.2991981506347656
client id= 0 ,round= 9 ,epoch= 1 ,client update iteration= 40 ,loss= 2.299438714981079
client id= 0 ,round= 9 ,epoch= 1 ,client update iteration= 50 ,loss= 2.2596096992492676
client id= 0 ,round= 9 ,epoch= 1 ,client update iteration= 60 ,loss= 2.3231701850891113
client id= 0 ,round= 9 ,epoch= 1 ,client update iteration= 70 ,loss= 2.3038463592529297
client id= 0 ,round= 9 ,epoch= 1 ,client update iteration= 80 ,loss= 2.314563751220703
client id= 0 ,round= 9 ,epoch= 1 ,client update iteration= 90 ,loss= 2.3050763607025146
client id= 0 ,round= 9 ,epoch= 1 ,client update iteration= 100 ,loss= 2.306589126586914
client id= 0 ,round= 9 ,epoch= 1 ,client update iteration= 110 ,loss= 2.3083105087280273
client id= 0 ,round= 9 ,epoch= 1 ,client update iteration= 120 ,loss= 2.2928197383880615
client id= 0 ,round= 9 ,epoch= 1 ,client update iteration= 130 ,loss= 2.3141024112701416
client id= 0 ,round= 9 ,epoch= 1 ,client update iteration= 140 ,loss= 2.29805850982666
client id= 0 ,round= 9 ,epoch= 1 ,client update iteration= 150 ,loss= 2.305450201034546
client id= 0 ,round= 9 ,epoch= 1 ,client update iteration= 160 ,loss= 2.2954630851745605
client id= 0 ,round= 9 ,epoch= 1 ,client update iteration= 170 ,loss= 2.296959161758423
client id= 0 ,round= 9 ,epoch= 1 ,client update iteration= 180 ,loss= 2.2921791076660156
client id= 0 ,round= 9 ,epoch= 1 ,client update iteration= 190 ,loss= 2.2983717918395996
client id= 0 ,round= 9 ,epoch= 1 ,client update iteration= 200 ,loss= 2.3084025382995605
client id= 0 ,round= 9 ,epoch= 1 ,client update iteration= 210 ,loss= 2.3062729835510254
client id= 0 ,round= 9 ,epoch= 1 ,client update iteration= 220 ,loss= 2.305453300476074
client id= 0 ,round= 9 ,epoch= 1 ,client update iteration= 230 ,loss= 2.306187868118286
client id= 0 ,round= 9 ,epoch= 1 ,client update iteration= 240 ,loss= 2.3090405464172363
client id= 0 ,round= 9 ,epoch= 1 ,client update iteration= 250 ,loss= 2.311117172241211
client id= 0 ,round= 9 ,epoch= 1 ,client update iteration= 260 ,loss= 2.3085944652557373
client id= 0 ,round= 9 ,epoch= 1 ,client update iteration= 270 ,loss= 2.297952651977539
client id= 0 ,round= 9 ,epoch= 1 ,client update iteration= 280 ,loss= 2.3118655681610107
client id= 0 ,round= 9 ,epoch= 1 ,client update iteration= 290 ,loss= 2.3055896759033203
client id= 0 ,round= 9 ,epoch= 1 ,client update iteration= 300 ,loss= 2.3030998706817627
client id= 0 ,round= 9 ,epoch= 1 ,client update iteration= 310 ,loss= 2.296083450317383
client id= 0 ,round= 9 ,epoch= 1 ,client update iteration= 320 ,loss= 2.30135440826416
client id= 0 ,round= 9 ,epoch= 1 ,client update iteration= 330 ,loss= 2.2974181175231934
client id= 0 ,round= 9 ,epoch= 1 ,client update iteration= 340 ,loss= 2.299926280975342
client id= 0 ,round= 9 ,epoch= 1 ,client update iteration= 350 ,loss= 2.298321008682251
client id= 0 ,round= 9 ,epoch= 1 ,client update iteration= 360 ,loss= 2.3052213191986084
client id= 0 ,round= 9 ,epoch= 1 ,client update iteration= 370 ,loss= 2.3035430908203125
client id= 0 ,round= 9 ,epoch= 1 ,client update iteration= 380 ,loss= 2.314485549926758
client id= 0 ,round= 9 ,epoch= 1 ,client update iteration= 390 ,loss= 2.3027777671813965
******client id  1 ******
client_update start
client id= 1 ,round= 9 ,epoch= 1 ,client update iteration= 10 ,loss= 2.2901244163513184
client id= 1 ,round= 9 ,epoch= 1 ,client update iteration= 20 ,loss= 2.305098533630371
client id= 1 ,round= 9 ,epoch= 1 ,client update iteration= 30 ,loss= 2.3166747093200684
client id= 1 ,round= 9 ,epoch= 1 ,client update iteration= 40 ,loss= 2.3029415607452393
client id= 1 ,round= 9 ,epoch= 1 ,client update iteration= 50 ,loss= 2.312913417816162
client id= 1 ,round= 9 ,epoch= 1 ,client update iteration= 60 ,loss= 2.3188583850860596
client id= 1 ,round= 9 ,epoch= 1 ,client update iteration= 70 ,loss= 2.2944352626800537
client id= 1 ,round= 9 ,epoch= 1 ,client update iteration= 80 ,loss= 2.308154344558716
client id= 1 ,round= 9 ,epoch= 1 ,client update iteration= 90 ,loss= 2.3155171871185303
client id= 1 ,round= 9 ,epoch= 1 ,client update iteration= 100 ,loss= 2.305344581604004
client id= 1 ,round= 9 ,epoch= 1 ,client update iteration= 110 ,loss= 2.3007354736328125
client id= 1 ,round= 9 ,epoch= 1 ,client update iteration= 120 ,loss= 2.3007822036743164
client id= 1 ,round= 9 ,epoch= 1 ,client update iteration= 130 ,loss= 2.3200013637542725
client id= 1 ,round= 9 ,epoch= 1 ,client update iteration= 140 ,loss= 2.2988204956054688
client id= 1 ,round= 9 ,epoch= 1 ,client update iteration= 150 ,loss= 2.301177978515625
client id= 1 ,round= 9 ,epoch= 1 ,client update iteration= 160 ,loss= 2.323779582977295
client id= 1 ,round= 9 ,epoch= 1 ,client update iteration= 170 ,loss= 2.319995641708374
client id= 1 ,round= 9 ,epoch= 1 ,client update iteration= 180 ,loss= 2.3212032318115234
client id= 1 ,round= 9 ,epoch= 1 ,client update iteration= 190 ,loss= 2.3026156425476074
client id= 1 ,round= 9 ,epoch= 1 ,client update iteration= 200 ,loss= 2.311415433883667
client id= 1 ,round= 9 ,epoch= 1 ,client update iteration= 210 ,loss= 2.303961753845215
client id= 1 ,round= 9 ,epoch= 1 ,client update iteration= 220 ,loss= 2.3006064891815186
client id= 1 ,round= 9 ,epoch= 1 ,client update iteration= 230 ,loss= 2.3042678833007812
client id= 1 ,round= 9 ,epoch= 1 ,client update iteration= 240 ,loss= 2.3041720390319824
client id= 1 ,round= 9 ,epoch= 1 ,client update iteration= 250 ,loss= 2.313856363296509
client id= 1 ,round= 9 ,epoch= 1 ,client update iteration= 260 ,loss= 2.309725284576416
client id= 1 ,round= 9 ,epoch= 1 ,client update iteration= 270 ,loss= 2.293689012527466
client id= 1 ,round= 9 ,epoch= 1 ,client update iteration= 280 ,loss= 2.3074967861175537
client id= 1 ,round= 9 ,epoch= 1 ,client update iteration= 290 ,loss= 2.3010637760162354
client id= 1 ,round= 9 ,epoch= 1 ,client update iteration= 300 ,loss= 2.310744285583496
client id= 1 ,round= 9 ,epoch= 1 ,client update iteration= 310 ,loss= 2.296996593475342
client id= 1 ,round= 9 ,epoch= 1 ,client update iteration= 320 ,loss= 2.305292844772339
client id= 1 ,round= 9 ,epoch= 1 ,client update iteration= 330 ,loss= 2.309305191040039
client id= 1 ,round= 9 ,epoch= 1 ,client update iteration= 340 ,loss= 2.3079147338867188
client id= 1 ,round= 9 ,epoch= 1 ,client update iteration= 350 ,loss= 2.3018014430999756
client id= 1 ,round= 9 ,epoch= 1 ,client update iteration= 360 ,loss= 2.306069850921631
client id= 1 ,round= 9 ,epoch= 1 ,client update iteration= 370 ,loss= 2.2961416244506836
client id= 1 ,round= 9 ,epoch= 1 ,client update iteration= 380 ,loss= 2.2959585189819336
client id= 1 ,round= 9 ,epoch= 1 ,client update iteration= 390 ,loss= 2.3019721508026123
start cal weight time2021-07-01 11:53:02
end cal weight time2021-07-01 11:53:02
layer= 0 ratio= 0.0625
layer= 1 ratio= 0.0625
layer= 2 ratio= 0.0625
layer= 3 ratio= 0.0625
layer= 4 ratio= 0.0625
layer= 5 ratio= 0.0625
layer= 6 ratio= 0.0625
layer= 7 ratio= 0.0625
layer= 8 ratio= 0.0625
layer= 9 ratio= 0.0625
layer= 10 ratio= 0.0625
layer= 11 ratio= 0.0625
layer= 12 ratio= 0.0625
layer= 13 ratio= 0.0625
layer= 14 ratio= 0.0625
layer= 15 ratio= 0.0625
start add noise2021-07-01 11:53:02
end_add_noise_time2021-07-01 11:53:04
start cal weight time2021-07-01 11:53:04
end cal weight time2021-07-01 11:53:04
layer= 0 ratio= 0.0625
layer= 1 ratio= 0.0625
layer= 2 ratio= 0.0625
layer= 3 ratio= 0.0625
layer= 4 ratio= 0.0625
layer= 5 ratio= 0.0625
layer= 6 ratio= 0.0625
layer= 7 ratio= 0.0625
layer= 8 ratio= 0.0625
layer= 9 ratio= 0.0625
layer= 10 ratio= 0.0625
layer= 11 ratio= 0.0625
layer= 12 ratio= 0.0625
layer= 13 ratio= 0.0625
layer= 14 ratio= 0.0625
layer= 15 ratio= 0.0625
start add noise2021-07-01 11:53:04
end_add_noise_time2021-07-01 11:53:07
average train loss= 2.305018454561453
2021-07-01 11:53:16,round 9,val Accuracy Top1: 10.000000 %
2021-07-01 11:53:16,round 9,val Accuracy Top5: 50.000000 %
******client id  0 ******
client_update start
client id= 0 ,round= 10 ,epoch= 1 ,client update iteration= 10 ,loss= 2.3038110733032227
client id= 0 ,round= 10 ,epoch= 1 ,client update iteration= 20 ,loss= 2.3091933727264404
client id= 0 ,round= 10 ,epoch= 1 ,client update iteration= 30 ,loss= 2.30592679977417
client id= 0 ,round= 10 ,epoch= 1 ,client update iteration= 40 ,loss= 2.3092994689941406
client id= 0 ,round= 10 ,epoch= 1 ,client update iteration= 50 ,loss= 2.299478769302368
client id= 0 ,round= 10 ,epoch= 1 ,client update iteration= 60 ,loss= 2.3065426349639893
client id= 0 ,round= 10 ,epoch= 1 ,client update iteration= 70 ,loss= 2.303454637527466
client id= 0 ,round= 10 ,epoch= 1 ,client update iteration= 80 ,loss= 2.3034627437591553
client id= 0 ,round= 10 ,epoch= 1 ,client update iteration= 90 ,loss= 2.303211212158203
client id= 0 ,round= 10 ,epoch= 1 ,client update iteration= 100 ,loss= 2.301382064819336
client id= 0 ,round= 10 ,epoch= 1 ,client update iteration= 110 ,loss= 2.2986080646514893
client id= 0 ,round= 10 ,epoch= 1 ,client update iteration= 120 ,loss= 2.304865837097168
client id= 0 ,round= 10 ,epoch= 1 ,client update iteration= 130 ,loss= 2.3043413162231445
client id= 0 ,round= 10 ,epoch= 1 ,client update iteration= 140 ,loss= 2.3019015789031982
client id= 0 ,round= 10 ,epoch= 1 ,client update iteration= 150 ,loss= 2.2996044158935547
client id= 0 ,round= 10 ,epoch= 1 ,client update iteration= 160 ,loss= 2.2996273040771484
client id= 0 ,round= 10 ,epoch= 1 ,client update iteration= 170 ,loss= 2.3025903701782227
client id= 0 ,round= 10 ,epoch= 1 ,client update iteration= 180 ,loss= 2.3029720783233643
client id= 0 ,round= 10 ,epoch= 1 ,client update iteration= 190 ,loss= 2.302985906600952
client id= 0 ,round= 10 ,epoch= 1 ,client update iteration= 200 ,loss= 2.3046889305114746
client id= 0 ,round= 10 ,epoch= 1 ,client update iteration= 210 ,loss= 2.301499605178833
client id= 0 ,round= 10 ,epoch= 1 ,client update iteration= 220 ,loss= 2.3007748126983643
client id= 0 ,round= 10 ,epoch= 1 ,client update iteration= 230 ,loss= 2.304473876953125
client id= 0 ,round= 10 ,epoch= 1 ,client update iteration= 240 ,loss= 2.305389165878296
client id= 0 ,round= 10 ,epoch= 1 ,client update iteration= 250 ,loss= 2.3005385398864746
client id= 0 ,round= 10 ,epoch= 1 ,client update iteration= 260 ,loss= 2.3083486557006836
client id= 0 ,round= 10 ,epoch= 1 ,client update iteration= 270 ,loss= 2.3003265857696533
client id= 0 ,round= 10 ,epoch= 1 ,client update iteration= 280 ,loss= 2.3019585609436035
client id= 0 ,round= 10 ,epoch= 1 ,client update iteration= 290 ,loss= 2.3028366565704346
client id= 0 ,round= 10 ,epoch= 1 ,client update iteration= 300 ,loss= 2.3048758506774902
client id= 0 ,round= 10 ,epoch= 1 ,client update iteration= 310 ,loss= 2.3000986576080322
client id= 0 ,round= 10 ,epoch= 1 ,client update iteration= 320 ,loss= 2.3065860271453857
client id= 0 ,round= 10 ,epoch= 1 ,client update iteration= 330 ,loss= 2.301218032836914
client id= 0 ,round= 10 ,epoch= 1 ,client update iteration= 340 ,loss= 2.302166700363159
client id= 0 ,round= 10 ,epoch= 1 ,client update iteration= 350 ,loss= 2.3044333457946777
client id= 0 ,round= 10 ,epoch= 1 ,client update iteration= 360 ,loss= 2.297647714614868
client id= 0 ,round= 10 ,epoch= 1 ,client update iteration= 370 ,loss= 2.3031322956085205
client id= 0 ,round= 10 ,epoch= 1 ,client update iteration= 380 ,loss= 2.302372455596924
client id= 0 ,round= 10 ,epoch= 1 ,client update iteration= 390 ,loss= 2.3073618412017822
******client id  1 ******
client_update start
client id= 1 ,round= 10 ,epoch= 1 ,client update iteration= 10 ,loss= 2.30176043510437
client id= 1 ,round= 10 ,epoch= 1 ,client update iteration= 20 ,loss= 2.304093837738037
client id= 1 ,round= 10 ,epoch= 1 ,client update iteration= 30 ,loss= 2.3050363063812256
client id= 1 ,round= 10 ,epoch= 1 ,client update iteration= 40 ,loss= 2.3004119396209717
client id= 1 ,round= 10 ,epoch= 1 ,client update iteration= 50 ,loss= 2.2982430458068848
client id= 1 ,round= 10 ,epoch= 1 ,client update iteration= 60 ,loss= 2.3034660816192627
client id= 1 ,round= 10 ,epoch= 1 ,client update iteration= 70 ,loss= 2.304615020751953
client id= 1 ,round= 10 ,epoch= 1 ,client update iteration= 80 ,loss= 2.303062677383423
client id= 1 ,round= 10 ,epoch= 1 ,client update iteration= 90 ,loss= 2.3097777366638184
client id= 1 ,round= 10 ,epoch= 1 ,client update iteration= 100 ,loss= 2.3026540279388428
client id= 1 ,round= 10 ,epoch= 1 ,client update iteration= 110 ,loss= 2.3005411624908447
client id= 1 ,round= 10 ,epoch= 1 ,client update iteration= 120 ,loss= 2.302358627319336
client id= 1 ,round= 10 ,epoch= 1 ,client update iteration= 130 ,loss= 2.302309989929199
client id= 1 ,round= 10 ,epoch= 1 ,client update iteration= 140 ,loss= 2.3022849559783936
client id= 1 ,round= 10 ,epoch= 1 ,client update iteration= 150 ,loss= 2.303945541381836
client id= 1 ,round= 10 ,epoch= 1 ,client update iteration= 160 ,loss= 2.3037045001983643
client id= 1 ,round= 10 ,epoch= 1 ,client update iteration= 170 ,loss= 2.308410406112671
client id= 1 ,round= 10 ,epoch= 1 ,client update iteration= 180 ,loss= 2.3040754795074463
client id= 1 ,round= 10 ,epoch= 1 ,client update iteration= 190 ,loss= 2.304342269897461
client id= 1 ,round= 10 ,epoch= 1 ,client update iteration= 200 ,loss= 2.301767587661743
client id= 1 ,round= 10 ,epoch= 1 ,client update iteration= 210 ,loss= 2.3020431995391846
client id= 1 ,round= 10 ,epoch= 1 ,client update iteration= 220 ,loss= 2.3030381202697754
client id= 1 ,round= 10 ,epoch= 1 ,client update iteration= 230 ,loss= 2.3014559745788574
client id= 1 ,round= 10 ,epoch= 1 ,client update iteration= 240 ,loss= 2.3023815155029297
client id= 1 ,round= 10 ,epoch= 1 ,client update iteration= 250 ,loss= 2.3015999794006348
client id= 1 ,round= 10 ,epoch= 1 ,client update iteration= 260 ,loss= 2.301467180252075
client id= 1 ,round= 10 ,epoch= 1 ,client update iteration= 270 ,loss= 2.30627703666687
client id= 1 ,round= 10 ,epoch= 1 ,client update iteration= 280 ,loss= 2.3023319244384766
client id= 1 ,round= 10 ,epoch= 1 ,client update iteration= 290 ,loss= 2.302747964859009
client id= 1 ,round= 10 ,epoch= 1 ,client update iteration= 300 ,loss= 2.302560567855835
client id= 1 ,round= 10 ,epoch= 1 ,client update iteration= 310 ,loss= 2.3026459217071533
client id= 1 ,round= 10 ,epoch= 1 ,client update iteration= 320 ,loss= 2.301628828048706
client id= 1 ,round= 10 ,epoch= 1 ,client update iteration= 330 ,loss= 2.3035683631896973
client id= 1 ,round= 10 ,epoch= 1 ,client update iteration= 340 ,loss= 2.30350923538208
client id= 1 ,round= 10 ,epoch= 1 ,client update iteration= 350 ,loss= 2.3037056922912598
client id= 1 ,round= 10 ,epoch= 1 ,client update iteration= 360 ,loss= 2.3034212589263916
client id= 1 ,round= 10 ,epoch= 1 ,client update iteration= 370 ,loss= 2.305016279220581
client id= 1 ,round= 10 ,epoch= 1 ,client update iteration= 380 ,loss= 2.3021905422210693
client id= 1 ,round= 10 ,epoch= 1 ,client update iteration= 390 ,loss= 2.300774574279785
start cal weight time2021-07-01 11:55:38
end cal weight time2021-07-01 11:55:38
layer= 0 ratio= 0.0625
layer= 1 ratio= 0.0625
layer= 2 ratio= 0.0625
layer= 3 ratio= 0.0625
layer= 4 ratio= 0.0625
layer= 5 ratio= 0.0625
layer= 6 ratio= 0.0625
layer= 7 ratio= 0.0625
layer= 8 ratio= 0.0625
layer= 9 ratio= 0.0625
layer= 10 ratio= 0.0625
layer= 11 ratio= 0.0625
layer= 12 ratio= 0.0625
layer= 13 ratio= 0.0625
layer= 14 ratio= 0.0625
layer= 15 ratio= 0.0625
start add noise2021-07-01 11:55:38
end_add_noise_time2021-07-01 11:55:41
start cal weight time2021-07-01 11:55:41
end cal weight time2021-07-01 11:55:41
layer= 0 ratio= 0.0625
layer= 1 ratio= 0.0625
layer= 2 ratio= 0.0625
layer= 3 ratio= 0.0625
layer= 4 ratio= 0.0625
layer= 5 ratio= 0.0625
layer= 6 ratio= 0.0625
layer= 7 ratio= 0.0625
layer= 8 ratio= 0.0625
layer= 9 ratio= 0.0625
layer= 10 ratio= 0.0625
layer= 11 ratio= 0.0625
layer= 12 ratio= 0.0625
layer= 13 ratio= 0.0625
layer= 14 ratio= 0.0625
layer= 15 ratio= 0.0625
start add noise2021-07-01 11:55:41
end_add_noise_time2021-07-01 11:55:43
average train loss= 2.3029848669496036
2021-07-01 11:55:52,round 10,val Accuracy Top1: 10.000000 %
2021-07-01 11:55:52,round 10,val Accuracy Top5: 50.000000 %
