type sample_L1
pb 6000000.0
clip_bound 20.0
log_path log/Alexnet/sample_L1/False/2
train_data data
test_data data
batch_size 64
test_batch_size 64
lr 0.0002
momentum 0.5
no_cuda False
seed 1
log_interval 1
privacy_delta 1e-06
sample_num 500
islog True
is_ratio_list False
num_clients 2
num_rounds 10
epochs 1
ratio_type 2
平均分配eps
device cuda
loading data
load data done
AlexNet(
  (conv1): Sequential(
    (0): Conv2d(3, 96, kernel_size=(6, 6), stride=(1, 1))
    (1): ReLU()
  )
  (conv2): Sequential(
    (0): Conv2d(96, 256, kernel_size=(5, 5), stride=(1, 1), padding=(2, 2))
    (1): ReLU()
    (2): MaxPool2d(kernel_size=3, stride=2, padding=0, dilation=1, ceil_mode=False)
  )
  (conv3): Sequential(
    (0): Conv2d(256, 384, kernel_size=(3, 3), stride=(1, 1), padding=(1, 1))
    (1): ReLU()
  )
  (conv4): Sequential(
    (0): Conv2d(384, 384, kernel_size=(3, 3), stride=(1, 1), padding=(1, 1))
    (1): ReLU()
  )
  (conv5): Sequential(
    (0): Conv2d(384, 256, kernel_size=(3, 3), stride=(1, 1), padding=(1, 1))
    (1): ReLU()
    (2): MaxPool2d(kernel_size=3, stride=2, padding=0, dilation=1, ceil_mode=False)
  )
  (dense): Sequential(
    (0): Linear(in_features=9216, out_features=4096, bias=True)
    (1): ReLU()
    (2): Dropout(p=0.5, inplace=False)
    (3): Linear(in_features=4096, out_features=4096, bias=True)
    (4): ReLU()
    (5): Dropout(p=0.5, inplace=False)
    (6): Linear(in_features=4096, out_features=10, bias=True)
  )
)
********start training********
******client id  0 ******
client_update start
client id= 0 ,round= 1 ,epoch= 1 ,client update iteration= 10 ,loss= 2.2885799407958984
client id= 0 ,round= 1 ,epoch= 1 ,client update iteration= 20 ,loss= 2.1910550594329834
client id= 0 ,round= 1 ,epoch= 1 ,client update iteration= 30 ,loss= 2.005465030670166
client id= 0 ,round= 1 ,epoch= 1 ,client update iteration= 40 ,loss= 2.193020820617676
client id= 0 ,round= 1 ,epoch= 1 ,client update iteration= 50 ,loss= 2.0643739700317383
client id= 0 ,round= 1 ,epoch= 1 ,client update iteration= 60 ,loss= 2.139118194580078
client id= 0 ,round= 1 ,epoch= 1 ,client update iteration= 70 ,loss= 2.0671310424804688
client id= 0 ,round= 1 ,epoch= 1 ,client update iteration= 80 ,loss= 2.022470474243164
client id= 0 ,round= 1 ,epoch= 1 ,client update iteration= 90 ,loss= 1.7878047227859497
client id= 0 ,round= 1 ,epoch= 1 ,client update iteration= 100 ,loss= 1.7888648509979248
client id= 0 ,round= 1 ,epoch= 1 ,client update iteration= 110 ,loss= 1.846301555633545
client id= 0 ,round= 1 ,epoch= 1 ,client update iteration= 120 ,loss= 1.888071060180664
client id= 0 ,round= 1 ,epoch= 1 ,client update iteration= 130 ,loss= 1.7375950813293457
client id= 0 ,round= 1 ,epoch= 1 ,client update iteration= 140 ,loss= 1.8588545322418213
client id= 0 ,round= 1 ,epoch= 1 ,client update iteration= 150 ,loss= 1.682896614074707
client id= 0 ,round= 1 ,epoch= 1 ,client update iteration= 160 ,loss= 1.7844005823135376
client id= 0 ,round= 1 ,epoch= 1 ,client update iteration= 170 ,loss= 1.7423486709594727
client id= 0 ,round= 1 ,epoch= 1 ,client update iteration= 180 ,loss= 1.7057595252990723
client id= 0 ,round= 1 ,epoch= 1 ,client update iteration= 190 ,loss= 1.5626025199890137
client id= 0 ,round= 1 ,epoch= 1 ,client update iteration= 200 ,loss= 1.6769154071807861
client id= 0 ,round= 1 ,epoch= 1 ,client update iteration= 210 ,loss= 1.5919766426086426
client id= 0 ,round= 1 ,epoch= 1 ,client update iteration= 220 ,loss= 1.5697135925292969
client id= 0 ,round= 1 ,epoch= 1 ,client update iteration= 230 ,loss= 1.594046711921692
client id= 0 ,round= 1 ,epoch= 1 ,client update iteration= 240 ,loss= 1.5637142658233643
client id= 0 ,round= 1 ,epoch= 1 ,client update iteration= 250 ,loss= 1.5913647413253784
client id= 0 ,round= 1 ,epoch= 1 ,client update iteration= 260 ,loss= 1.4666533470153809
client id= 0 ,round= 1 ,epoch= 1 ,client update iteration= 270 ,loss= 1.5057727098464966
client id= 0 ,round= 1 ,epoch= 1 ,client update iteration= 280 ,loss= 1.6348836421966553
client id= 0 ,round= 1 ,epoch= 1 ,client update iteration= 290 ,loss= 1.466713786125183
client id= 0 ,round= 1 ,epoch= 1 ,client update iteration= 300 ,loss= 1.6376949548721313
client id= 0 ,round= 1 ,epoch= 1 ,client update iteration= 310 ,loss= 1.3659944534301758
client id= 0 ,round= 1 ,epoch= 1 ,client update iteration= 320 ,loss= 1.419008731842041
client id= 0 ,round= 1 ,epoch= 1 ,client update iteration= 330 ,loss= 1.4295624494552612
client id= 0 ,round= 1 ,epoch= 1 ,client update iteration= 340 ,loss= 1.5188289880752563
client id= 0 ,round= 1 ,epoch= 1 ,client update iteration= 350 ,loss= 1.429063081741333
client id= 0 ,round= 1 ,epoch= 1 ,client update iteration= 360 ,loss= 1.5844647884368896
client id= 0 ,round= 1 ,epoch= 1 ,client update iteration= 370 ,loss= 1.3429745435714722
client id= 0 ,round= 1 ,epoch= 1 ,client update iteration= 380 ,loss= 1.298601508140564
client id= 0 ,round= 1 ,epoch= 1 ,client update iteration= 390 ,loss= 1.5155621767044067
******client id  1 ******
client_update start
client id= 1 ,round= 1 ,epoch= 1 ,client update iteration= 10 ,loss= 2.2628915309906006
client id= 1 ,round= 1 ,epoch= 1 ,client update iteration= 20 ,loss= 2.1492767333984375
client id= 1 ,round= 1 ,epoch= 1 ,client update iteration= 30 ,loss= 2.173511266708374
client id= 1 ,round= 1 ,epoch= 1 ,client update iteration= 40 ,loss= 2.0924124717712402
client id= 1 ,round= 1 ,epoch= 1 ,client update iteration= 50 ,loss= 2.0664894580841064
client id= 1 ,round= 1 ,epoch= 1 ,client update iteration= 60 ,loss= 1.878715991973877
client id= 1 ,round= 1 ,epoch= 1 ,client update iteration= 70 ,loss= 1.6780585050582886
client id= 1 ,round= 1 ,epoch= 1 ,client update iteration= 80 ,loss= 1.8462083339691162
client id= 1 ,round= 1 ,epoch= 1 ,client update iteration= 90 ,loss= 1.7790098190307617
client id= 1 ,round= 1 ,epoch= 1 ,client update iteration= 100 ,loss= 1.7952326536178589
client id= 1 ,round= 1 ,epoch= 1 ,client update iteration= 110 ,loss= 1.6376060247421265
client id= 1 ,round= 1 ,epoch= 1 ,client update iteration= 120 ,loss= 1.733760952949524
client id= 1 ,round= 1 ,epoch= 1 ,client update iteration= 130 ,loss= 1.8050326108932495
client id= 1 ,round= 1 ,epoch= 1 ,client update iteration= 140 ,loss= 1.8242641687393188
client id= 1 ,round= 1 ,epoch= 1 ,client update iteration= 150 ,loss= 1.9903290271759033
client id= 1 ,round= 1 ,epoch= 1 ,client update iteration= 160 ,loss= 1.6488032341003418
client id= 1 ,round= 1 ,epoch= 1 ,client update iteration= 170 ,loss= 1.6986286640167236
client id= 1 ,round= 1 ,epoch= 1 ,client update iteration= 180 ,loss= 1.600834846496582
client id= 1 ,round= 1 ,epoch= 1 ,client update iteration= 190 ,loss= 1.7091803550720215
client id= 1 ,round= 1 ,epoch= 1 ,client update iteration= 200 ,loss= 1.6254003047943115
client id= 1 ,round= 1 ,epoch= 1 ,client update iteration= 210 ,loss= 1.6221238374710083
client id= 1 ,round= 1 ,epoch= 1 ,client update iteration= 220 ,loss= 1.4985147714614868
client id= 1 ,round= 1 ,epoch= 1 ,client update iteration= 230 ,loss= 1.7982890605926514
client id= 1 ,round= 1 ,epoch= 1 ,client update iteration= 240 ,loss= 1.4438371658325195
client id= 1 ,round= 1 ,epoch= 1 ,client update iteration= 250 ,loss= 1.5752344131469727
client id= 1 ,round= 1 ,epoch= 1 ,client update iteration= 260 ,loss= 1.4618815183639526
client id= 1 ,round= 1 ,epoch= 1 ,client update iteration= 270 ,loss= 1.5049657821655273
client id= 1 ,round= 1 ,epoch= 1 ,client update iteration= 280 ,loss= 1.482654094696045
client id= 1 ,round= 1 ,epoch= 1 ,client update iteration= 290 ,loss= 1.587957739830017
client id= 1 ,round= 1 ,epoch= 1 ,client update iteration= 300 ,loss= 1.5660390853881836
client id= 1 ,round= 1 ,epoch= 1 ,client update iteration= 310 ,loss= 1.4522062540054321
client id= 1 ,round= 1 ,epoch= 1 ,client update iteration= 320 ,loss= 1.377387285232544
client id= 1 ,round= 1 ,epoch= 1 ,client update iteration= 330 ,loss= 1.3541697263717651
client id= 1 ,round= 1 ,epoch= 1 ,client update iteration= 340 ,loss= 1.5153677463531494
client id= 1 ,round= 1 ,epoch= 1 ,client update iteration= 350 ,loss= 1.4669723510742188
client id= 1 ,round= 1 ,epoch= 1 ,client update iteration= 360 ,loss= 1.637471318244934
client id= 1 ,round= 1 ,epoch= 1 ,client update iteration= 370 ,loss= 1.385241150856018
client id= 1 ,round= 1 ,epoch= 1 ,client update iteration= 380 ,loss= 1.3724439144134521
client id= 1 ,round= 1 ,epoch= 1 ,client update iteration= 390 ,loss= 1.4785172939300537
start cal weight time2021-07-01 12:51:39
end cal weight time2021-07-01 12:51:39
layer= 0 ratio= 0.0625
layer= 1 ratio= 0.0625
layer= 2 ratio= 0.0625
layer= 3 ratio= 0.0625
layer= 4 ratio= 0.0625
layer= 5 ratio= 0.0625
layer= 6 ratio= 0.0625
layer= 7 ratio= 0.0625
layer= 8 ratio= 0.0625
layer= 9 ratio= 0.0625
layer= 10 ratio= 0.0625
layer= 11 ratio= 0.0625
layer= 12 ratio= 0.0625
layer= 13 ratio= 0.0625
layer= 14 ratio= 0.0625
layer= 15 ratio= 0.0625
start add noise2021-07-01 12:51:39
end_add_noise_time2021-07-01 12:51:42
start cal weight time2021-07-01 12:51:42
end cal weight time2021-07-01 12:51:42
layer= 0 ratio= 0.0625
layer= 1 ratio= 0.0625
layer= 2 ratio= 0.0625
layer= 3 ratio= 0.0625
layer= 4 ratio= 0.0625
layer= 5 ratio= 0.0625
layer= 6 ratio= 0.0625
layer= 7 ratio= 0.0625
layer= 8 ratio= 0.0625
layer= 9 ratio= 0.0625
layer= 10 ratio= 0.0625
layer= 11 ratio= 0.0625
layer= 12 ratio= 0.0625
layer= 13 ratio= 0.0625
layer= 14 ratio= 0.0625
layer= 15 ratio= 0.0625
start add noise2021-07-01 12:51:42
end_add_noise_time2021-07-01 12:51:45
average train loss= 1.709665174679378
2021-07-01 12:51:54,round 1,val Accuracy Top1: 22.280000 %
2021-07-01 12:51:54,round 1,val Accuracy Top5: 72.660000 %
******client id  0 ******
client_update start
client id= 0 ,round= 2 ,epoch= 1 ,client update iteration= 10 ,loss= 1.6119120121002197
client id= 0 ,round= 2 ,epoch= 1 ,client update iteration= 20 ,loss= 1.6555975675582886
client id= 0 ,round= 2 ,epoch= 1 ,client update iteration= 30 ,loss= 1.7155059576034546
client id= 0 ,round= 2 ,epoch= 1 ,client update iteration= 40 ,loss= 1.632341980934143
client id= 0 ,round= 2 ,epoch= 1 ,client update iteration= 50 ,loss= 1.9054350852966309
client id= 0 ,round= 2 ,epoch= 1 ,client update iteration= 60 ,loss= 1.405324935913086
client id= 0 ,round= 2 ,epoch= 1 ,client update iteration= 70 ,loss= 1.3425706624984741
client id= 0 ,round= 2 ,epoch= 1 ,client update iteration= 80 ,loss= 1.3793303966522217
client id= 0 ,round= 2 ,epoch= 1 ,client update iteration= 90 ,loss= 1.2710061073303223
client id= 0 ,round= 2 ,epoch= 1 ,client update iteration= 100 ,loss= 1.3696587085723877
client id= 0 ,round= 2 ,epoch= 1 ,client update iteration= 110 ,loss= 1.2506595849990845
client id= 0 ,round= 2 ,epoch= 1 ,client update iteration= 120 ,loss= 1.2227216958999634
client id= 0 ,round= 2 ,epoch= 1 ,client update iteration= 130 ,loss= 1.3395912647247314
client id= 0 ,round= 2 ,epoch= 1 ,client update iteration= 140 ,loss= 1.6505177021026611
client id= 0 ,round= 2 ,epoch= 1 ,client update iteration= 150 ,loss= 1.439267873764038
client id= 0 ,round= 2 ,epoch= 1 ,client update iteration= 160 ,loss= 1.11009681224823
client id= 0 ,round= 2 ,epoch= 1 ,client update iteration= 170 ,loss= 1.1866220235824585
client id= 0 ,round= 2 ,epoch= 1 ,client update iteration= 180 ,loss= 1.4490623474121094
client id= 0 ,round= 2 ,epoch= 1 ,client update iteration= 190 ,loss= 1.1331374645233154
client id= 0 ,round= 2 ,epoch= 1 ,client update iteration= 200 ,loss= 1.3829259872436523
client id= 0 ,round= 2 ,epoch= 1 ,client update iteration= 210 ,loss= 1.3795465230941772
client id= 0 ,round= 2 ,epoch= 1 ,client update iteration= 220 ,loss= 1.3334301710128784
client id= 0 ,round= 2 ,epoch= 1 ,client update iteration= 230 ,loss= 1.1116620302200317
client id= 0 ,round= 2 ,epoch= 1 ,client update iteration= 240 ,loss= 1.0436071157455444
client id= 0 ,round= 2 ,epoch= 1 ,client update iteration= 250 ,loss= 1.1401050090789795
client id= 0 ,round= 2 ,epoch= 1 ,client update iteration= 260 ,loss= 1.336637020111084
client id= 0 ,round= 2 ,epoch= 1 ,client update iteration= 270 ,loss= 1.067314624786377
client id= 0 ,round= 2 ,epoch= 1 ,client update iteration= 280 ,loss= 1.16532564163208
client id= 0 ,round= 2 ,epoch= 1 ,client update iteration= 290 ,loss= 1.164398193359375
client id= 0 ,round= 2 ,epoch= 1 ,client update iteration= 300 ,loss= 1.2220059633255005
client id= 0 ,round= 2 ,epoch= 1 ,client update iteration= 310 ,loss= 1.486814260482788
client id= 0 ,round= 2 ,epoch= 1 ,client update iteration= 320 ,loss= 1.210066795349121
client id= 0 ,round= 2 ,epoch= 1 ,client update iteration= 330 ,loss= 1.1894574165344238
client id= 0 ,round= 2 ,epoch= 1 ,client update iteration= 340 ,loss= 0.9216604232788086
client id= 0 ,round= 2 ,epoch= 1 ,client update iteration= 350 ,loss= 1.1473091840744019
client id= 0 ,round= 2 ,epoch= 1 ,client update iteration= 360 ,loss= 1.4153023958206177
client id= 0 ,round= 2 ,epoch= 1 ,client update iteration= 370 ,loss= 1.1926302909851074
client id= 0 ,round= 2 ,epoch= 1 ,client update iteration= 380 ,loss= 1.4324545860290527
client id= 0 ,round= 2 ,epoch= 1 ,client update iteration= 390 ,loss= 1.042185664176941
******client id  1 ******
client_update start
client id= 1 ,round= 2 ,epoch= 1 ,client update iteration= 10 ,loss= 2.658292293548584
client id= 1 ,round= 2 ,epoch= 1 ,client update iteration= 20 ,loss= 1.883254051208496
client id= 1 ,round= 2 ,epoch= 1 ,client update iteration= 30 ,loss= 1.551713228225708
client id= 1 ,round= 2 ,epoch= 1 ,client update iteration= 40 ,loss= 1.4379024505615234
client id= 1 ,round= 2 ,epoch= 1 ,client update iteration= 50 ,loss= 1.6280288696289062
client id= 1 ,round= 2 ,epoch= 1 ,client update iteration= 60 ,loss= 1.5455116033554077
client id= 1 ,round= 2 ,epoch= 1 ,client update iteration= 70 ,loss= 1.5091884136199951
client id= 1 ,round= 2 ,epoch= 1 ,client update iteration= 80 ,loss= 1.705458641052246
client id= 1 ,round= 2 ,epoch= 1 ,client update iteration= 90 ,loss= 1.5447320938110352
client id= 1 ,round= 2 ,epoch= 1 ,client update iteration= 100 ,loss= 1.596052646636963
client id= 1 ,round= 2 ,epoch= 1 ,client update iteration= 110 ,loss= 1.3718845844268799
client id= 1 ,round= 2 ,epoch= 1 ,client update iteration= 120 ,loss= 1.226474404335022
client id= 1 ,round= 2 ,epoch= 1 ,client update iteration= 130 ,loss= 1.3374049663543701
client id= 1 ,round= 2 ,epoch= 1 ,client update iteration= 140 ,loss= 1.4262409210205078
client id= 1 ,round= 2 ,epoch= 1 ,client update iteration= 150 ,loss= 1.3609050512313843
client id= 1 ,round= 2 ,epoch= 1 ,client update iteration= 160 ,loss= 1.3296223878860474
client id= 1 ,round= 2 ,epoch= 1 ,client update iteration= 170 ,loss= 1.448586344718933
client id= 1 ,round= 2 ,epoch= 1 ,client update iteration= 180 ,loss= 1.262282371520996
client id= 1 ,round= 2 ,epoch= 1 ,client update iteration= 190 ,loss= 1.1223100423812866
client id= 1 ,round= 2 ,epoch= 1 ,client update iteration= 200 ,loss= 1.3916256427764893
client id= 1 ,round= 2 ,epoch= 1 ,client update iteration= 210 ,loss= 1.2744580507278442
client id= 1 ,round= 2 ,epoch= 1 ,client update iteration= 220 ,loss= 1.3534845113754272
client id= 1 ,round= 2 ,epoch= 1 ,client update iteration= 230 ,loss= 1.3346741199493408
client id= 1 ,round= 2 ,epoch= 1 ,client update iteration= 240 ,loss= 1.1783950328826904
client id= 1 ,round= 2 ,epoch= 1 ,client update iteration= 250 ,loss= 1.1546716690063477
client id= 1 ,round= 2 ,epoch= 1 ,client update iteration= 260 ,loss= 1.2679840326309204
client id= 1 ,round= 2 ,epoch= 1 ,client update iteration= 270 ,loss= 1.1927438974380493
client id= 1 ,round= 2 ,epoch= 1 ,client update iteration= 280 ,loss= 1.2074098587036133
client id= 1 ,round= 2 ,epoch= 1 ,client update iteration= 290 ,loss= 1.1175349950790405
client id= 1 ,round= 2 ,epoch= 1 ,client update iteration= 300 ,loss= 1.0746591091156006
client id= 1 ,round= 2 ,epoch= 1 ,client update iteration= 310 ,loss= 1.4107072353363037
client id= 1 ,round= 2 ,epoch= 1 ,client update iteration= 320 ,loss= 1.124437689781189
client id= 1 ,round= 2 ,epoch= 1 ,client update iteration= 330 ,loss= 1.3011029958724976
client id= 1 ,round= 2 ,epoch= 1 ,client update iteration= 340 ,loss= 1.1094965934753418
client id= 1 ,round= 2 ,epoch= 1 ,client update iteration= 350 ,loss= 1.2392899990081787
client id= 1 ,round= 2 ,epoch= 1 ,client update iteration= 360 ,loss= 1.0183048248291016
client id= 1 ,round= 2 ,epoch= 1 ,client update iteration= 370 ,loss= 1.516350269317627
client id= 1 ,round= 2 ,epoch= 1 ,client update iteration= 380 ,loss= 1.3347481489181519
client id= 1 ,round= 2 ,epoch= 1 ,client update iteration= 390 ,loss= 0.9362887144088745
start cal weight time2021-07-01 12:54:20
end cal weight time2021-07-01 12:54:20
layer= 0 ratio= 0.0625
layer= 1 ratio= 0.0625
layer= 2 ratio= 0.0625
layer= 3 ratio= 0.0625
layer= 4 ratio= 0.0625
layer= 5 ratio= 0.0625
layer= 6 ratio= 0.0625
layer= 7 ratio= 0.0625
layer= 8 ratio= 0.0625
layer= 9 ratio= 0.0625
layer= 10 ratio= 0.0625
layer= 11 ratio= 0.0625
layer= 12 ratio= 0.0625
layer= 13 ratio= 0.0625
layer= 14 ratio= 0.0625
layer= 15 ratio= 0.0625
start add noise2021-07-01 12:54:20
end_add_noise_time2021-07-01 12:54:23
start cal weight time2021-07-01 12:54:23
end cal weight time2021-07-01 12:54:23
layer= 0 ratio= 0.0625
layer= 1 ratio= 0.0625
layer= 2 ratio= 0.0625
layer= 3 ratio= 0.0625
layer= 4 ratio= 0.0625
layer= 5 ratio= 0.0625
layer= 6 ratio= 0.0625
layer= 7 ratio= 0.0625
layer= 8 ratio= 0.0625
layer= 9 ratio= 0.0625
layer= 10 ratio= 0.0625
layer= 11 ratio= 0.0625
layer= 12 ratio= 0.0625
layer= 13 ratio= 0.0625
layer= 14 ratio= 0.0625
layer= 15 ratio= 0.0625
start add noise2021-07-01 12:54:23
end_add_noise_time2021-07-01 12:54:27
average train loss= 1.3578235174688842
2021-07-01 12:54:36,round 2,val Accuracy Top1: 60.670000 %
2021-07-01 12:54:36,round 2,val Accuracy Top5: 95.800000 %
******client id  0 ******
client_update start
client id= 0 ,round= 3 ,epoch= 1 ,client update iteration= 10 ,loss= 1.4985809326171875
client id= 0 ,round= 3 ,epoch= 1 ,client update iteration= 20 ,loss= 1.1694262027740479
client id= 0 ,round= 3 ,epoch= 1 ,client update iteration= 30 ,loss= 1.0843240022659302
client id= 0 ,round= 3 ,epoch= 1 ,client update iteration= 40 ,loss= 1.3206944465637207
client id= 0 ,round= 3 ,epoch= 1 ,client update iteration= 50 ,loss= 1.4381569623947144
client id= 0 ,round= 3 ,epoch= 1 ,client update iteration= 60 ,loss= 0.9553664326667786
client id= 0 ,round= 3 ,epoch= 1 ,client update iteration= 70 ,loss= 1.0270168781280518
client id= 0 ,round= 3 ,epoch= 1 ,client update iteration= 80 ,loss= 0.9832650423049927
client id= 0 ,round= 3 ,epoch= 1 ,client update iteration= 90 ,loss= 0.9939849972724915
client id= 0 ,round= 3 ,epoch= 1 ,client update iteration= 100 ,loss= 1.1799793243408203
client id= 0 ,round= 3 ,epoch= 1 ,client update iteration= 110 ,loss= 1.1267880201339722
client id= 0 ,round= 3 ,epoch= 1 ,client update iteration= 120 ,loss= 1.0724974870681763
client id= 0 ,round= 3 ,epoch= 1 ,client update iteration= 130 ,loss= 1.039909839630127
client id= 0 ,round= 3 ,epoch= 1 ,client update iteration= 140 ,loss= 1.0608818531036377
client id= 0 ,round= 3 ,epoch= 1 ,client update iteration= 150 ,loss= 1.1384254693984985
client id= 0 ,round= 3 ,epoch= 1 ,client update iteration= 160 ,loss= 1.1457939147949219
client id= 0 ,round= 3 ,epoch= 1 ,client update iteration= 170 ,loss= 0.698506236076355
client id= 0 ,round= 3 ,epoch= 1 ,client update iteration= 180 ,loss= 1.0803602933883667
client id= 0 ,round= 3 ,epoch= 1 ,client update iteration= 190 ,loss= 1.1870440244674683
client id= 0 ,round= 3 ,epoch= 1 ,client update iteration= 200 ,loss= 0.8165860772132874
client id= 0 ,round= 3 ,epoch= 1 ,client update iteration= 210 ,loss= 1.1300216913223267
client id= 0 ,round= 3 ,epoch= 1 ,client update iteration= 220 ,loss= 0.9752668142318726
client id= 0 ,round= 3 ,epoch= 1 ,client update iteration= 230 ,loss= 1.0665799379348755
client id= 0 ,round= 3 ,epoch= 1 ,client update iteration= 240 ,loss= 0.8761776089668274
client id= 0 ,round= 3 ,epoch= 1 ,client update iteration= 250 ,loss= 1.0550081729888916
client id= 0 ,round= 3 ,epoch= 1 ,client update iteration= 260 ,loss= 0.9109253287315369
client id= 0 ,round= 3 ,epoch= 1 ,client update iteration= 270 ,loss= 1.1564710140228271
client id= 0 ,round= 3 ,epoch= 1 ,client update iteration= 280 ,loss= 1.0946935415267944
client id= 0 ,round= 3 ,epoch= 1 ,client update iteration= 290 ,loss= 0.9423026442527771
client id= 0 ,round= 3 ,epoch= 1 ,client update iteration= 300 ,loss= 0.7129743099212646
client id= 0 ,round= 3 ,epoch= 1 ,client update iteration= 310 ,loss= 0.9411013126373291
client id= 0 ,round= 3 ,epoch= 1 ,client update iteration= 320 ,loss= 1.0334248542785645
client id= 0 ,round= 3 ,epoch= 1 ,client update iteration= 330 ,loss= 0.9426599144935608
client id= 0 ,round= 3 ,epoch= 1 ,client update iteration= 340 ,loss= 0.781182050704956
client id= 0 ,round= 3 ,epoch= 1 ,client update iteration= 350 ,loss= 0.9848854541778564
client id= 0 ,round= 3 ,epoch= 1 ,client update iteration= 360 ,loss= 1.096165418624878
client id= 0 ,round= 3 ,epoch= 1 ,client update iteration= 370 ,loss= 0.9169986844062805
client id= 0 ,round= 3 ,epoch= 1 ,client update iteration= 380 ,loss= 0.9922622442245483
client id= 0 ,round= 3 ,epoch= 1 ,client update iteration= 390 ,loss= 0.7511109113693237
******client id  1 ******
client_update start
client id= 1 ,round= 3 ,epoch= 1 ,client update iteration= 10 ,loss= 1.2717782258987427
client id= 1 ,round= 3 ,epoch= 1 ,client update iteration= 20 ,loss= 1.4226120710372925
client id= 1 ,round= 3 ,epoch= 1 ,client update iteration= 30 ,loss= 1.2097992897033691
client id= 1 ,round= 3 ,epoch= 1 ,client update iteration= 40 ,loss= 1.1810534000396729
client id= 1 ,round= 3 ,epoch= 1 ,client update iteration= 50 ,loss= 0.9565524458885193
client id= 1 ,round= 3 ,epoch= 1 ,client update iteration= 60 ,loss= 1.037292242050171
client id= 1 ,round= 3 ,epoch= 1 ,client update iteration= 70 ,loss= 1.2200517654418945
client id= 1 ,round= 3 ,epoch= 1 ,client update iteration= 80 ,loss= 1.2232860326766968
client id= 1 ,round= 3 ,epoch= 1 ,client update iteration= 90 ,loss= 1.151592493057251
client id= 1 ,round= 3 ,epoch= 1 ,client update iteration= 100 ,loss= 1.0818270444869995
client id= 1 ,round= 3 ,epoch= 1 ,client update iteration= 110 ,loss= 1.351854920387268
client id= 1 ,round= 3 ,epoch= 1 ,client update iteration= 120 ,loss= 1.3741307258605957
client id= 1 ,round= 3 ,epoch= 1 ,client update iteration= 130 ,loss= 0.9759398102760315
client id= 1 ,round= 3 ,epoch= 1 ,client update iteration= 140 ,loss= 0.9665307998657227
client id= 1 ,round= 3 ,epoch= 1 ,client update iteration= 150 ,loss= 0.9771978259086609
client id= 1 ,round= 3 ,epoch= 1 ,client update iteration= 160 ,loss= 1.4495683908462524
client id= 1 ,round= 3 ,epoch= 1 ,client update iteration= 170 ,loss= 1.06901216506958
client id= 1 ,round= 3 ,epoch= 1 ,client update iteration= 180 ,loss= 0.831910252571106
client id= 1 ,round= 3 ,epoch= 1 ,client update iteration= 190 ,loss= 0.8250981569290161
client id= 1 ,round= 3 ,epoch= 1 ,client update iteration= 200 ,loss= 0.985782265663147
client id= 1 ,round= 3 ,epoch= 1 ,client update iteration= 210 ,loss= 1.1031832695007324
client id= 1 ,round= 3 ,epoch= 1 ,client update iteration= 220 ,loss= 1.1357760429382324
client id= 1 ,round= 3 ,epoch= 1 ,client update iteration= 230 ,loss= 1.1219334602355957
client id= 1 ,round= 3 ,epoch= 1 ,client update iteration= 240 ,loss= 1.0001485347747803
client id= 1 ,round= 3 ,epoch= 1 ,client update iteration= 250 ,loss= 1.0921434164047241
client id= 1 ,round= 3 ,epoch= 1 ,client update iteration= 260 ,loss= 0.93306964635849
client id= 1 ,round= 3 ,epoch= 1 ,client update iteration= 270 ,loss= 0.8786197304725647
client id= 1 ,round= 3 ,epoch= 1 ,client update iteration= 280 ,loss= 1.1319835186004639
client id= 1 ,round= 3 ,epoch= 1 ,client update iteration= 290 ,loss= 0.8996617197990417
client id= 1 ,round= 3 ,epoch= 1 ,client update iteration= 300 ,loss= 1.0322365760803223
client id= 1 ,round= 3 ,epoch= 1 ,client update iteration= 310 ,loss= 0.8405076861381531
client id= 1 ,round= 3 ,epoch= 1 ,client update iteration= 320 ,loss= 1.0323957204818726
client id= 1 ,round= 3 ,epoch= 1 ,client update iteration= 330 ,loss= 0.8228542804718018
client id= 1 ,round= 3 ,epoch= 1 ,client update iteration= 340 ,loss= 0.8598889112472534
client id= 1 ,round= 3 ,epoch= 1 ,client update iteration= 350 ,loss= 0.8714831471443176
client id= 1 ,round= 3 ,epoch= 1 ,client update iteration= 360 ,loss= 0.8961980938911438
client id= 1 ,round= 3 ,epoch= 1 ,client update iteration= 370 ,loss= 1.2266477346420288
client id= 1 ,round= 3 ,epoch= 1 ,client update iteration= 380 ,loss= 0.67155921459198
client id= 1 ,round= 3 ,epoch= 1 ,client update iteration= 390 ,loss= 1.1293398141860962
start cal weight time2021-07-01 12:57:01
end cal weight time2021-07-01 12:57:01
layer= 0 ratio= 0.0625
layer= 1 ratio= 0.0625
layer= 2 ratio= 0.0625
layer= 3 ratio= 0.0625
layer= 4 ratio= 0.0625
layer= 5 ratio= 0.0625
layer= 6 ratio= 0.0625
layer= 7 ratio= 0.0625
layer= 8 ratio= 0.0625
layer= 9 ratio= 0.0625
layer= 10 ratio= 0.0625
layer= 11 ratio= 0.0625
layer= 12 ratio= 0.0625
layer= 13 ratio= 0.0625
layer= 14 ratio= 0.0625
layer= 15 ratio= 0.0625
start add noise2021-07-01 12:57:01
end_add_noise_time2021-07-01 12:57:05
start cal weight time2021-07-01 12:57:05
end cal weight time2021-07-01 12:57:05
layer= 0 ratio= 0.0625
layer= 1 ratio= 0.0625
layer= 2 ratio= 0.0625
layer= 3 ratio= 0.0625
layer= 4 ratio= 0.0625
layer= 5 ratio= 0.0625
layer= 6 ratio= 0.0625
layer= 7 ratio= 0.0625
layer= 8 ratio= 0.0625
layer= 9 ratio= 0.0625
layer= 10 ratio= 0.0625
layer= 11 ratio= 0.0625
layer= 12 ratio= 0.0625
layer= 13 ratio= 0.0625
layer= 14 ratio= 0.0625
layer= 15 ratio= 0.0625
start add noise2021-07-01 12:57:05
end_add_noise_time2021-07-01 12:57:08
average train loss= 1.054289121457073
2021-07-01 12:57:17,round 3,val Accuracy Top1: 67.760000 %
2021-07-01 12:57:17,round 3,val Accuracy Top5: 97.220000 %
******client id  0 ******
client_update start
client id= 0 ,round= 4 ,epoch= 1 ,client update iteration= 10 ,loss= 1.222334384918213
client id= 0 ,round= 4 ,epoch= 1 ,client update iteration= 20 ,loss= 1.2661759853363037
client id= 0 ,round= 4 ,epoch= 1 ,client update iteration= 30 ,loss= 0.970160961151123
client id= 0 ,round= 4 ,epoch= 1 ,client update iteration= 40 ,loss= 0.9869065880775452
client id= 0 ,round= 4 ,epoch= 1 ,client update iteration= 50 ,loss= 0.7366672158241272
client id= 0 ,round= 4 ,epoch= 1 ,client update iteration= 60 ,loss= 1.1204172372817993
client id= 0 ,round= 4 ,epoch= 1 ,client update iteration= 70 ,loss= 1.0496063232421875
client id= 0 ,round= 4 ,epoch= 1 ,client update iteration= 80 ,loss= 0.9856436848640442
client id= 0 ,round= 4 ,epoch= 1 ,client update iteration= 90 ,loss= 0.9727993607521057
client id= 0 ,round= 4 ,epoch= 1 ,client update iteration= 100 ,loss= 0.9591919183731079
client id= 0 ,round= 4 ,epoch= 1 ,client update iteration= 110 ,loss= 1.0151927471160889
client id= 0 ,round= 4 ,epoch= 1 ,client update iteration= 120 ,loss= 0.9284026026725769
client id= 0 ,round= 4 ,epoch= 1 ,client update iteration= 130 ,loss= 1.1797677278518677
client id= 0 ,round= 4 ,epoch= 1 ,client update iteration= 140 ,loss= 1.0454195737838745
client id= 0 ,round= 4 ,epoch= 1 ,client update iteration= 150 ,loss= 1.071380376815796
client id= 0 ,round= 4 ,epoch= 1 ,client update iteration= 160 ,loss= 0.9211005568504333
client id= 0 ,round= 4 ,epoch= 1 ,client update iteration= 170 ,loss= 0.8575935959815979
client id= 0 ,round= 4 ,epoch= 1 ,client update iteration= 180 ,loss= 0.7944197058677673
client id= 0 ,round= 4 ,epoch= 1 ,client update iteration= 190 ,loss= 0.665433406829834
client id= 0 ,round= 4 ,epoch= 1 ,client update iteration= 200 ,loss= 0.9592078328132629
client id= 0 ,round= 4 ,epoch= 1 ,client update iteration= 210 ,loss= 0.6869773268699646
client id= 0 ,round= 4 ,epoch= 1 ,client update iteration= 220 ,loss= 0.9247098565101624
client id= 0 ,round= 4 ,epoch= 1 ,client update iteration= 230 ,loss= 1.0360305309295654
client id= 0 ,round= 4 ,epoch= 1 ,client update iteration= 240 ,loss= 0.9490407109260559
client id= 0 ,round= 4 ,epoch= 1 ,client update iteration= 250 ,loss= 0.6586752533912659
client id= 0 ,round= 4 ,epoch= 1 ,client update iteration= 260 ,loss= 0.8301675319671631
client id= 0 ,round= 4 ,epoch= 1 ,client update iteration= 270 ,loss= 0.9433770775794983
client id= 0 ,round= 4 ,epoch= 1 ,client update iteration= 280 ,loss= 0.7649480700492859
client id= 0 ,round= 4 ,epoch= 1 ,client update iteration= 290 ,loss= 0.6967394351959229
client id= 0 ,round= 4 ,epoch= 1 ,client update iteration= 300 ,loss= 0.8453928828239441
client id= 0 ,round= 4 ,epoch= 1 ,client update iteration= 310 ,loss= 0.9420684576034546
client id= 0 ,round= 4 ,epoch= 1 ,client update iteration= 320 ,loss= 0.6873351335525513
client id= 0 ,round= 4 ,epoch= 1 ,client update iteration= 330 ,loss= 0.7650787830352783
client id= 0 ,round= 4 ,epoch= 1 ,client update iteration= 340 ,loss= 0.7518455982208252
client id= 0 ,round= 4 ,epoch= 1 ,client update iteration= 350 ,loss= 0.763011634349823
client id= 0 ,round= 4 ,epoch= 1 ,client update iteration= 360 ,loss= 0.7809944748878479
client id= 0 ,round= 4 ,epoch= 1 ,client update iteration= 370 ,loss= 0.8259204626083374
client id= 0 ,round= 4 ,epoch= 1 ,client update iteration= 380 ,loss= 0.7795270085334778
client id= 0 ,round= 4 ,epoch= 1 ,client update iteration= 390 ,loss= 0.7277661561965942
******client id  1 ******
client_update start
client id= 1 ,round= 4 ,epoch= 1 ,client update iteration= 10 ,loss= 0.7068426012992859
client id= 1 ,round= 4 ,epoch= 1 ,client update iteration= 20 ,loss= 1.1393762826919556
client id= 1 ,round= 4 ,epoch= 1 ,client update iteration= 30 ,loss= 1.0595406293869019
client id= 1 ,round= 4 ,epoch= 1 ,client update iteration= 40 ,loss= 0.9556799530982971
client id= 1 ,round= 4 ,epoch= 1 ,client update iteration= 50 ,loss= 0.8561434745788574
client id= 1 ,round= 4 ,epoch= 1 ,client update iteration= 60 ,loss= 0.835852324962616
client id= 1 ,round= 4 ,epoch= 1 ,client update iteration= 70 ,loss= 1.1577099561691284
client id= 1 ,round= 4 ,epoch= 1 ,client update iteration= 80 ,loss= 0.9640896320343018
client id= 1 ,round= 4 ,epoch= 1 ,client update iteration= 90 ,loss= 1.0494951009750366
client id= 1 ,round= 4 ,epoch= 1 ,client update iteration= 100 ,loss= 0.7786712646484375
client id= 1 ,round= 4 ,epoch= 1 ,client update iteration= 110 ,loss= 0.7174939513206482
client id= 1 ,round= 4 ,epoch= 1 ,client update iteration= 120 ,loss= 1.018513798713684
client id= 1 ,round= 4 ,epoch= 1 ,client update iteration= 130 ,loss= 0.9755260348320007
client id= 1 ,round= 4 ,epoch= 1 ,client update iteration= 140 ,loss= 0.9374901056289673
client id= 1 ,round= 4 ,epoch= 1 ,client update iteration= 150 ,loss= 0.9924444556236267
client id= 1 ,round= 4 ,epoch= 1 ,client update iteration= 160 ,loss= 0.8195331692695618
client id= 1 ,round= 4 ,epoch= 1 ,client update iteration= 170 ,loss= 1.1412396430969238
client id= 1 ,round= 4 ,epoch= 1 ,client update iteration= 180 ,loss= 0.7502132058143616
client id= 1 ,round= 4 ,epoch= 1 ,client update iteration= 190 ,loss= 1.034000277519226
client id= 1 ,round= 4 ,epoch= 1 ,client update iteration= 200 ,loss= 1.0757224559783936
client id= 1 ,round= 4 ,epoch= 1 ,client update iteration= 210 ,loss= 0.8216152787208557
client id= 1 ,round= 4 ,epoch= 1 ,client update iteration= 220 ,loss= 0.8416930437088013
client id= 1 ,round= 4 ,epoch= 1 ,client update iteration= 230 ,loss= 1.0948153734207153
client id= 1 ,round= 4 ,epoch= 1 ,client update iteration= 240 ,loss= 0.8539049625396729
client id= 1 ,round= 4 ,epoch= 1 ,client update iteration= 250 ,loss= 0.9505839347839355
client id= 1 ,round= 4 ,epoch= 1 ,client update iteration= 260 ,loss= 0.9481026530265808
client id= 1 ,round= 4 ,epoch= 1 ,client update iteration= 270 ,loss= 0.8970068693161011
client id= 1 ,round= 4 ,epoch= 1 ,client update iteration= 280 ,loss= 0.9136492013931274
client id= 1 ,round= 4 ,epoch= 1 ,client update iteration= 290 ,loss= 0.8712999224662781
client id= 1 ,round= 4 ,epoch= 1 ,client update iteration= 300 ,loss= 1.0173135995864868
client id= 1 ,round= 4 ,epoch= 1 ,client update iteration= 310 ,loss= 0.8444530367851257
client id= 1 ,round= 4 ,epoch= 1 ,client update iteration= 320 ,loss= 0.6794913411140442
client id= 1 ,round= 4 ,epoch= 1 ,client update iteration= 330 ,loss= 0.9357331395149231
client id= 1 ,round= 4 ,epoch= 1 ,client update iteration= 340 ,loss= 0.9484105110168457
client id= 1 ,round= 4 ,epoch= 1 ,client update iteration= 350 ,loss= 0.8449985384941101
client id= 1 ,round= 4 ,epoch= 1 ,client update iteration= 360 ,loss= 0.8757533431053162
client id= 1 ,round= 4 ,epoch= 1 ,client update iteration= 370 ,loss= 0.8135839104652405
client id= 1 ,round= 4 ,epoch= 1 ,client update iteration= 380 ,loss= 0.7816047072410583
client id= 1 ,round= 4 ,epoch= 1 ,client update iteration= 390 ,loss= 0.7856228351593018
start cal weight time2021-07-01 12:59:42
end cal weight time2021-07-01 12:59:42
layer= 0 ratio= 0.0625
layer= 1 ratio= 0.0625
layer= 2 ratio= 0.0625
layer= 3 ratio= 0.0625
layer= 4 ratio= 0.0625
layer= 5 ratio= 0.0625
layer= 6 ratio= 0.0625
layer= 7 ratio= 0.0625
layer= 8 ratio= 0.0625
layer= 9 ratio= 0.0625
layer= 10 ratio= 0.0625
layer= 11 ratio= 0.0625
layer= 12 ratio= 0.0625
layer= 13 ratio= 0.0625
layer= 14 ratio= 0.0625
layer= 15 ratio= 0.0625
start add noise2021-07-01 12:59:42
end_add_noise_time2021-07-01 12:59:46
start cal weight time2021-07-01 12:59:46
end cal weight time2021-07-01 12:59:46
layer= 0 ratio= 0.0625
layer= 1 ratio= 0.0625
layer= 2 ratio= 0.0625
layer= 3 ratio= 0.0625
layer= 4 ratio= 0.0625
layer= 5 ratio= 0.0625
layer= 6 ratio= 0.0625
layer= 7 ratio= 0.0625
layer= 8 ratio= 0.0625
layer= 9 ratio= 0.0625
layer= 10 ratio= 0.0625
layer= 11 ratio= 0.0625
layer= 12 ratio= 0.0625
layer= 13 ratio= 0.0625
layer= 14 ratio= 0.0625
layer= 15 ratio= 0.0625
start add noise2021-07-01 12:59:46
end_add_noise_time2021-07-01 12:59:49
average train loss= 0.8989660295912677
2021-07-01 12:59:58,round 4,val Accuracy Top1: 65.340000 %
2021-07-01 12:59:58,round 4,val Accuracy Top5: 97.100000 %
******client id  0 ******
client_update start
client id= 0 ,round= 5 ,epoch= 1 ,client update iteration= 10 ,loss= 1.0537135601043701
client id= 0 ,round= 5 ,epoch= 1 ,client update iteration= 20 ,loss= 1.0040576457977295
client id= 0 ,round= 5 ,epoch= 1 ,client update iteration= 30 ,loss= 0.8971681594848633
client id= 0 ,round= 5 ,epoch= 1 ,client update iteration= 40 ,loss= 1.0961729288101196
client id= 0 ,round= 5 ,epoch= 1 ,client update iteration= 50 ,loss= 0.80623459815979
client id= 0 ,round= 5 ,epoch= 1 ,client update iteration= 60 ,loss= 1.1116995811462402
client id= 0 ,round= 5 ,epoch= 1 ,client update iteration= 70 ,loss= 0.8456268906593323
client id= 0 ,round= 5 ,epoch= 1 ,client update iteration= 80 ,loss= 1.0969715118408203
client id= 0 ,round= 5 ,epoch= 1 ,client update iteration= 90 ,loss= 0.8792480230331421
client id= 0 ,round= 5 ,epoch= 1 ,client update iteration= 100 ,loss= 0.7264934182167053
client id= 0 ,round= 5 ,epoch= 1 ,client update iteration= 110 ,loss= 0.8761233687400818
client id= 0 ,round= 5 ,epoch= 1 ,client update iteration= 120 ,loss= 1.2265005111694336
client id= 0 ,round= 5 ,epoch= 1 ,client update iteration= 130 ,loss= 0.8550590872764587
client id= 0 ,round= 5 ,epoch= 1 ,client update iteration= 140 ,loss= 1.0400174856185913
client id= 0 ,round= 5 ,epoch= 1 ,client update iteration= 150 ,loss= 0.9031190276145935
client id= 0 ,round= 5 ,epoch= 1 ,client update iteration= 160 ,loss= 0.7141652703285217
client id= 0 ,round= 5 ,epoch= 1 ,client update iteration= 170 ,loss= 1.0275123119354248
client id= 0 ,round= 5 ,epoch= 1 ,client update iteration= 180 ,loss= 1.1177947521209717
client id= 0 ,round= 5 ,epoch= 1 ,client update iteration= 190 ,loss= 0.9517168998718262
client id= 0 ,round= 5 ,epoch= 1 ,client update iteration= 200 ,loss= 0.942773163318634
client id= 0 ,round= 5 ,epoch= 1 ,client update iteration= 210 ,loss= 0.6599494218826294
client id= 0 ,round= 5 ,epoch= 1 ,client update iteration= 220 ,loss= 0.7792130708694458
client id= 0 ,round= 5 ,epoch= 1 ,client update iteration= 230 ,loss= 0.587603747844696
client id= 0 ,round= 5 ,epoch= 1 ,client update iteration= 240 ,loss= 1.1878128051757812
client id= 0 ,round= 5 ,epoch= 1 ,client update iteration= 250 ,loss= 0.9875043034553528
client id= 0 ,round= 5 ,epoch= 1 ,client update iteration= 260 ,loss= 0.5927649140357971
client id= 0 ,round= 5 ,epoch= 1 ,client update iteration= 270 ,loss= 0.8219960331916809
client id= 0 ,round= 5 ,epoch= 1 ,client update iteration= 280 ,loss= 0.9006112813949585
client id= 0 ,round= 5 ,epoch= 1 ,client update iteration= 290 ,loss= 0.9049367308616638
client id= 0 ,round= 5 ,epoch= 1 ,client update iteration= 300 ,loss= 0.8143644332885742
client id= 0 ,round= 5 ,epoch= 1 ,client update iteration= 310 ,loss= 1.028531551361084
client id= 0 ,round= 5 ,epoch= 1 ,client update iteration= 320 ,loss= 0.7312631607055664
client id= 0 ,round= 5 ,epoch= 1 ,client update iteration= 330 ,loss= 0.9877511262893677
client id= 0 ,round= 5 ,epoch= 1 ,client update iteration= 340 ,loss= 0.9958106279373169
client id= 0 ,round= 5 ,epoch= 1 ,client update iteration= 350 ,loss= 1.0230271816253662
client id= 0 ,round= 5 ,epoch= 1 ,client update iteration= 360 ,loss= 0.8877182602882385
client id= 0 ,round= 5 ,epoch= 1 ,client update iteration= 370 ,loss= 0.724879801273346
client id= 0 ,round= 5 ,epoch= 1 ,client update iteration= 380 ,loss= 0.817367672920227
client id= 0 ,round= 5 ,epoch= 1 ,client update iteration= 390 ,loss= 1.1794520616531372
******client id  1 ******
client_update start
client id= 1 ,round= 5 ,epoch= 1 ,client update iteration= 10 ,loss= 1.281083583831787
client id= 1 ,round= 5 ,epoch= 1 ,client update iteration= 20 ,loss= 1.0046632289886475
client id= 1 ,round= 5 ,epoch= 1 ,client update iteration= 30 ,loss= 1.2368193864822388
client id= 1 ,round= 5 ,epoch= 1 ,client update iteration= 40 ,loss= 0.8072723150253296
client id= 1 ,round= 5 ,epoch= 1 ,client update iteration= 50 ,loss= 1.0316945314407349
client id= 1 ,round= 5 ,epoch= 1 ,client update iteration= 60 ,loss= 0.9677534699440002
client id= 1 ,round= 5 ,epoch= 1 ,client update iteration= 70 ,loss= 0.9934654235839844
client id= 1 ,round= 5 ,epoch= 1 ,client update iteration= 80 ,loss= 0.7669554352760315
client id= 1 ,round= 5 ,epoch= 1 ,client update iteration= 90 ,loss= 0.8919429183006287
client id= 1 ,round= 5 ,epoch= 1 ,client update iteration= 100 ,loss= 0.9162368178367615
client id= 1 ,round= 5 ,epoch= 1 ,client update iteration= 110 ,loss= 0.8341853618621826
client id= 1 ,round= 5 ,epoch= 1 ,client update iteration= 120 ,loss= 0.968865692615509
client id= 1 ,round= 5 ,epoch= 1 ,client update iteration= 130 ,loss= 0.8639590740203857
client id= 1 ,round= 5 ,epoch= 1 ,client update iteration= 140 ,loss= 0.8068236708641052
client id= 1 ,round= 5 ,epoch= 1 ,client update iteration= 150 ,loss= 0.9546168446540833
client id= 1 ,round= 5 ,epoch= 1 ,client update iteration= 160 ,loss= 0.8273512721061707
client id= 1 ,round= 5 ,epoch= 1 ,client update iteration= 170 ,loss= 1.0810329914093018
client id= 1 ,round= 5 ,epoch= 1 ,client update iteration= 180 ,loss= 0.7231235504150391
client id= 1 ,round= 5 ,epoch= 1 ,client update iteration= 190 ,loss= 0.9983923435211182
client id= 1 ,round= 5 ,epoch= 1 ,client update iteration= 200 ,loss= 0.8892968893051147
client id= 1 ,round= 5 ,epoch= 1 ,client update iteration= 210 ,loss= 0.9081528186798096
client id= 1 ,round= 5 ,epoch= 1 ,client update iteration= 220 ,loss= 0.6843218803405762
client id= 1 ,round= 5 ,epoch= 1 ,client update iteration= 230 ,loss= 0.8013880252838135
client id= 1 ,round= 5 ,epoch= 1 ,client update iteration= 240 ,loss= 0.8874179720878601
client id= 1 ,round= 5 ,epoch= 1 ,client update iteration= 250 ,loss= 0.7310879230499268
client id= 1 ,round= 5 ,epoch= 1 ,client update iteration= 260 ,loss= 0.7821810841560364
client id= 1 ,round= 5 ,epoch= 1 ,client update iteration= 270 ,loss= 0.8390143513679504
client id= 1 ,round= 5 ,epoch= 1 ,client update iteration= 280 ,loss= 0.7065039873123169
client id= 1 ,round= 5 ,epoch= 1 ,client update iteration= 290 ,loss= 0.8587575554847717
client id= 1 ,round= 5 ,epoch= 1 ,client update iteration= 300 ,loss= 0.7080430388450623
client id= 1 ,round= 5 ,epoch= 1 ,client update iteration= 310 ,loss= 0.9079395532608032
client id= 1 ,round= 5 ,epoch= 1 ,client update iteration= 320 ,loss= 0.731967031955719
client id= 1 ,round= 5 ,epoch= 1 ,client update iteration= 330 ,loss= 0.7511916756629944
client id= 1 ,round= 5 ,epoch= 1 ,client update iteration= 340 ,loss= 0.9457992911338806
client id= 1 ,round= 5 ,epoch= 1 ,client update iteration= 350 ,loss= 0.7196474671363831
client id= 1 ,round= 5 ,epoch= 1 ,client update iteration= 360 ,loss= 0.5978896617889404
client id= 1 ,round= 5 ,epoch= 1 ,client update iteration= 370 ,loss= 0.7023305892944336
client id= 1 ,round= 5 ,epoch= 1 ,client update iteration= 380 ,loss= 0.9392419457435608
client id= 1 ,round= 5 ,epoch= 1 ,client update iteration= 390 ,loss= 0.5111631751060486
start cal weight time2021-07-01 13:02:23
end cal weight time2021-07-01 13:02:23
layer= 0 ratio= 0.0625
layer= 1 ratio= 0.0625
layer= 2 ratio= 0.0625
layer= 3 ratio= 0.0625
layer= 4 ratio= 0.0625
layer= 5 ratio= 0.0625
layer= 6 ratio= 0.0625
layer= 7 ratio= 0.0625
layer= 8 ratio= 0.0625
layer= 9 ratio= 0.0625
layer= 10 ratio= 0.0625
layer= 11 ratio= 0.0625
layer= 12 ratio= 0.0625
layer= 13 ratio= 0.0625
layer= 14 ratio= 0.0625
layer= 15 ratio= 0.0625
start add noise2021-07-01 13:02:23
end_add_noise_time2021-07-01 13:02:27
start cal weight time2021-07-01 13:02:27
end cal weight time2021-07-01 13:02:27
layer= 0 ratio= 0.0625
layer= 1 ratio= 0.0625
layer= 2 ratio= 0.0625
layer= 3 ratio= 0.0625
layer= 4 ratio= 0.0625
layer= 5 ratio= 0.0625
layer= 6 ratio= 0.0625
layer= 7 ratio= 0.0625
layer= 8 ratio= 0.0625
layer= 9 ratio= 0.0625
layer= 10 ratio= 0.0625
layer= 11 ratio= 0.0625
layer= 12 ratio= 0.0625
layer= 13 ratio= 0.0625
layer= 14 ratio= 0.0625
layer= 15 ratio= 0.0625
start add noise2021-07-01 13:02:27
end_add_noise_time2021-07-01 13:02:30
average train loss= 0.9028979339029478
2021-07-01 13:02:39,round 5,val Accuracy Top1: 62.220000 %
2021-07-01 13:02:39,round 5,val Accuracy Top5: 96.740000 %
******client id  0 ******
client_update start
client id= 0 ,round= 6 ,epoch= 1 ,client update iteration= 10 ,loss= 1.3387811183929443
client id= 0 ,round= 6 ,epoch= 1 ,client update iteration= 20 ,loss= 1.2322309017181396
client id= 0 ,round= 6 ,epoch= 1 ,client update iteration= 30 ,loss= 0.91023850440979
client id= 0 ,round= 6 ,epoch= 1 ,client update iteration= 40 ,loss= 1.1139165163040161
client id= 0 ,round= 6 ,epoch= 1 ,client update iteration= 50 ,loss= 1.0399833917617798
client id= 0 ,round= 6 ,epoch= 1 ,client update iteration= 60 ,loss= 0.8784436583518982
client id= 0 ,round= 6 ,epoch= 1 ,client update iteration= 70 ,loss= 1.0440151691436768
client id= 0 ,round= 6 ,epoch= 1 ,client update iteration= 80 ,loss= 1.1543432474136353
client id= 0 ,round= 6 ,epoch= 1 ,client update iteration= 90 ,loss= 0.9888193607330322
client id= 0 ,round= 6 ,epoch= 1 ,client update iteration= 100 ,loss= 0.6856279373168945
client id= 0 ,round= 6 ,epoch= 1 ,client update iteration= 110 ,loss= 1.2975327968597412
client id= 0 ,round= 6 ,epoch= 1 ,client update iteration= 120 ,loss= 1.3058350086212158
client id= 0 ,round= 6 ,epoch= 1 ,client update iteration= 130 ,loss= 1.0542244911193848
client id= 0 ,round= 6 ,epoch= 1 ,client update iteration= 140 ,loss= 1.1789467334747314
client id= 0 ,round= 6 ,epoch= 1 ,client update iteration= 150 ,loss= 1.093500018119812
client id= 0 ,round= 6 ,epoch= 1 ,client update iteration= 160 ,loss= 1.1345468759536743
client id= 0 ,round= 6 ,epoch= 1 ,client update iteration= 170 ,loss= 1.1348437070846558
client id= 0 ,round= 6 ,epoch= 1 ,client update iteration= 180 ,loss= 0.8942822813987732
client id= 0 ,round= 6 ,epoch= 1 ,client update iteration= 190 ,loss= 0.756287693977356
client id= 0 ,round= 6 ,epoch= 1 ,client update iteration= 200 ,loss= 0.8651652336120605
client id= 0 ,round= 6 ,epoch= 1 ,client update iteration= 210 ,loss= 1.0206444263458252
client id= 0 ,round= 6 ,epoch= 1 ,client update iteration= 220 ,loss= 0.7436853051185608
client id= 0 ,round= 6 ,epoch= 1 ,client update iteration= 230 ,loss= 0.8689604997634888
client id= 0 ,round= 6 ,epoch= 1 ,client update iteration= 240 ,loss= 0.850795567035675
client id= 0 ,round= 6 ,epoch= 1 ,client update iteration= 250 ,loss= 0.8151307106018066
client id= 0 ,round= 6 ,epoch= 1 ,client update iteration= 260 ,loss= 0.8611679077148438
client id= 0 ,round= 6 ,epoch= 1 ,client update iteration= 270 ,loss= 0.9385277032852173
client id= 0 ,round= 6 ,epoch= 1 ,client update iteration= 280 ,loss= 0.5098079442977905
client id= 0 ,round= 6 ,epoch= 1 ,client update iteration= 290 ,loss= 0.7091119885444641
client id= 0 ,round= 6 ,epoch= 1 ,client update iteration= 300 ,loss= 1.041070818901062
client id= 0 ,round= 6 ,epoch= 1 ,client update iteration= 310 ,loss= 0.802720308303833
client id= 0 ,round= 6 ,epoch= 1 ,client update iteration= 320 ,loss= 0.6328908801078796
client id= 0 ,round= 6 ,epoch= 1 ,client update iteration= 330 ,loss= 0.6749996542930603
client id= 0 ,round= 6 ,epoch= 1 ,client update iteration= 340 ,loss= 0.8621237874031067
client id= 0 ,round= 6 ,epoch= 1 ,client update iteration= 350 ,loss= 0.8127016425132751
client id= 0 ,round= 6 ,epoch= 1 ,client update iteration= 360 ,loss= 0.6908532977104187
client id= 0 ,round= 6 ,epoch= 1 ,client update iteration= 370 ,loss= 0.5444115996360779
client id= 0 ,round= 6 ,epoch= 1 ,client update iteration= 380 ,loss= 1.101568579673767
client id= 0 ,round= 6 ,epoch= 1 ,client update iteration= 390 ,loss= 0.7241787910461426
******client id  1 ******
client_update start
client id= 1 ,round= 6 ,epoch= 1 ,client update iteration= 10 ,loss= 1.3856711387634277
client id= 1 ,round= 6 ,epoch= 1 ,client update iteration= 20 ,loss= 1.4131399393081665
client id= 1 ,round= 6 ,epoch= 1 ,client update iteration= 30 ,loss= 1.1265720129013062
client id= 1 ,round= 6 ,epoch= 1 ,client update iteration= 40 ,loss= 0.9134973287582397
client id= 1 ,round= 6 ,epoch= 1 ,client update iteration= 50 ,loss= 0.8861013054847717
client id= 1 ,round= 6 ,epoch= 1 ,client update iteration= 60 ,loss= 1.0918244123458862
client id= 1 ,round= 6 ,epoch= 1 ,client update iteration= 70 ,loss= 1.2344847917556763
client id= 1 ,round= 6 ,epoch= 1 ,client update iteration= 80 ,loss= 1.027990698814392
client id= 1 ,round= 6 ,epoch= 1 ,client update iteration= 90 ,loss= 1.249747633934021
client id= 1 ,round= 6 ,epoch= 1 ,client update iteration= 100 ,loss= 1.2776563167572021
client id= 1 ,round= 6 ,epoch= 1 ,client update iteration= 110 ,loss= 0.9186674952507019
client id= 1 ,round= 6 ,epoch= 1 ,client update iteration= 120 ,loss= 0.7780174612998962
client id= 1 ,round= 6 ,epoch= 1 ,client update iteration= 130 ,loss= 1.0676137208938599
client id= 1 ,round= 6 ,epoch= 1 ,client update iteration= 140 ,loss= 1.440468192100525
client id= 1 ,round= 6 ,epoch= 1 ,client update iteration= 150 ,loss= 1.1581029891967773
client id= 1 ,round= 6 ,epoch= 1 ,client update iteration= 160 ,loss= 0.970190167427063
client id= 1 ,round= 6 ,epoch= 1 ,client update iteration= 170 ,loss= 0.8357275128364563
client id= 1 ,round= 6 ,epoch= 1 ,client update iteration= 180 ,loss= 1.016357660293579
client id= 1 ,round= 6 ,epoch= 1 ,client update iteration= 190 ,loss= 0.7117443680763245
client id= 1 ,round= 6 ,epoch= 1 ,client update iteration= 200 ,loss= 0.8898906111717224
client id= 1 ,round= 6 ,epoch= 1 ,client update iteration= 210 ,loss= 0.8555939793586731
client id= 1 ,round= 6 ,epoch= 1 ,client update iteration= 220 ,loss= 1.112687587738037
client id= 1 ,round= 6 ,epoch= 1 ,client update iteration= 230 ,loss= 1.009150505065918
client id= 1 ,round= 6 ,epoch= 1 ,client update iteration= 240 ,loss= 0.9737998843193054
client id= 1 ,round= 6 ,epoch= 1 ,client update iteration= 250 ,loss= 0.7989712953567505
client id= 1 ,round= 6 ,epoch= 1 ,client update iteration= 260 ,loss= 0.9628214836120605
client id= 1 ,round= 6 ,epoch= 1 ,client update iteration= 270 ,loss= 0.921079158782959
client id= 1 ,round= 6 ,epoch= 1 ,client update iteration= 280 ,loss= 1.1961956024169922
client id= 1 ,round= 6 ,epoch= 1 ,client update iteration= 290 ,loss= 1.0132683515548706
client id= 1 ,round= 6 ,epoch= 1 ,client update iteration= 300 ,loss= 1.0457367897033691
client id= 1 ,round= 6 ,epoch= 1 ,client update iteration= 310 ,loss= 0.990882396697998
client id= 1 ,round= 6 ,epoch= 1 ,client update iteration= 320 ,loss= 1.1122322082519531
client id= 1 ,round= 6 ,epoch= 1 ,client update iteration= 330 ,loss= 1.1862739324569702
client id= 1 ,round= 6 ,epoch= 1 ,client update iteration= 340 ,loss= 0.9405094385147095
client id= 1 ,round= 6 ,epoch= 1 ,client update iteration= 350 ,loss= 1.0210522413253784
client id= 1 ,round= 6 ,epoch= 1 ,client update iteration= 360 ,loss= 0.8628717064857483
client id= 1 ,round= 6 ,epoch= 1 ,client update iteration= 370 ,loss= 0.6419209241867065
client id= 1 ,round= 6 ,epoch= 1 ,client update iteration= 380 ,loss= 1.2365608215332031
client id= 1 ,round= 6 ,epoch= 1 ,client update iteration= 390 ,loss= 1.1133418083190918
start cal weight time2021-07-01 13:05:04
end cal weight time2021-07-01 13:05:04
layer= 0 ratio= 0.0625
layer= 1 ratio= 0.0625
layer= 2 ratio= 0.0625
layer= 3 ratio= 0.0625
layer= 4 ratio= 0.0625
layer= 5 ratio= 0.0625
layer= 6 ratio= 0.0625
layer= 7 ratio= 0.0625
layer= 8 ratio= 0.0625
layer= 9 ratio= 0.0625
layer= 10 ratio= 0.0625
layer= 11 ratio= 0.0625
layer= 12 ratio= 0.0625
layer= 13 ratio= 0.0625
layer= 14 ratio= 0.0625
layer= 15 ratio= 0.0625
start add noise2021-07-01 13:05:04
end_add_noise_time2021-07-01 13:05:07
start cal weight time2021-07-01 13:05:07
end cal weight time2021-07-01 13:05:07
layer= 0 ratio= 0.0625
layer= 1 ratio= 0.0625
layer= 2 ratio= 0.0625
layer= 3 ratio= 0.0625
layer= 4 ratio= 0.0625
layer= 5 ratio= 0.0625
layer= 6 ratio= 0.0625
layer= 7 ratio= 0.0625
layer= 8 ratio= 0.0625
layer= 9 ratio= 0.0625
layer= 10 ratio= 0.0625
layer= 11 ratio= 0.0625
layer= 12 ratio= 0.0625
layer= 13 ratio= 0.0625
layer= 14 ratio= 0.0625
layer= 15 ratio= 0.0625
start add noise2021-07-01 13:05:07
end_add_noise_time2021-07-01 13:05:11
average train loss= 0.988653655628414
2021-07-01 13:05:20,round 6,val Accuracy Top1: 59.350000 %
2021-07-01 13:05:20,round 6,val Accuracy Top5: 94.950000 %
******client id  0 ******
client_update start
client id= 0 ,round= 7 ,epoch= 1 ,client update iteration= 10 ,loss= 1.978529691696167
client id= 0 ,round= 7 ,epoch= 1 ,client update iteration= 20 ,loss= 1.6275893449783325
client id= 0 ,round= 7 ,epoch= 1 ,client update iteration= 30 ,loss= 1.6735055446624756
client id= 0 ,round= 7 ,epoch= 1 ,client update iteration= 40 ,loss= 1.612941026687622
client id= 0 ,round= 7 ,epoch= 1 ,client update iteration= 50 ,loss= 1.4521071910858154
client id= 0 ,round= 7 ,epoch= 1 ,client update iteration= 60 ,loss= 1.2085765600204468
client id= 0 ,round= 7 ,epoch= 1 ,client update iteration= 70 ,loss= 1.0987939834594727
client id= 0 ,round= 7 ,epoch= 1 ,client update iteration= 80 ,loss= 1.1147676706314087
client id= 0 ,round= 7 ,epoch= 1 ,client update iteration= 90 ,loss= 1.2043335437774658
client id= 0 ,round= 7 ,epoch= 1 ,client update iteration= 100 ,loss= 1.180295467376709
client id= 0 ,round= 7 ,epoch= 1 ,client update iteration= 110 ,loss= 1.3772757053375244
client id= 0 ,round= 7 ,epoch= 1 ,client update iteration= 120 ,loss= 1.1438701152801514
client id= 0 ,round= 7 ,epoch= 1 ,client update iteration= 130 ,loss= 1.095558762550354
client id= 0 ,round= 7 ,epoch= 1 ,client update iteration= 140 ,loss= 0.8299306631088257
client id= 0 ,round= 7 ,epoch= 1 ,client update iteration= 150 ,loss= 1.2177865505218506
client id= 0 ,round= 7 ,epoch= 1 ,client update iteration= 160 ,loss= 0.9323883652687073
client id= 0 ,round= 7 ,epoch= 1 ,client update iteration= 170 ,loss= 1.1392658948898315
client id= 0 ,round= 7 ,epoch= 1 ,client update iteration= 180 ,loss= 0.9781404137611389
client id= 0 ,round= 7 ,epoch= 1 ,client update iteration= 190 ,loss= 0.9759534001350403
client id= 0 ,round= 7 ,epoch= 1 ,client update iteration= 200 ,loss= 1.0137648582458496
client id= 0 ,round= 7 ,epoch= 1 ,client update iteration= 210 ,loss= 1.0361543893814087
client id= 0 ,round= 7 ,epoch= 1 ,client update iteration= 220 ,loss= 0.9362869262695312
client id= 0 ,round= 7 ,epoch= 1 ,client update iteration= 230 ,loss= 0.8712055683135986
client id= 0 ,round= 7 ,epoch= 1 ,client update iteration= 240 ,loss= 0.7792618870735168
client id= 0 ,round= 7 ,epoch= 1 ,client update iteration= 250 ,loss= 0.8063300251960754
client id= 0 ,round= 7 ,epoch= 1 ,client update iteration= 260 ,loss= 1.131320595741272
client id= 0 ,round= 7 ,epoch= 1 ,client update iteration= 270 ,loss= 0.9304804801940918
client id= 0 ,round= 7 ,epoch= 1 ,client update iteration= 280 ,loss= 0.9699617028236389
client id= 0 ,round= 7 ,epoch= 1 ,client update iteration= 290 ,loss= 0.9973132014274597
client id= 0 ,round= 7 ,epoch= 1 ,client update iteration= 300 ,loss= 0.8499913811683655
client id= 0 ,round= 7 ,epoch= 1 ,client update iteration= 310 ,loss= 0.9404626488685608
client id= 0 ,round= 7 ,epoch= 1 ,client update iteration= 320 ,loss= 1.1945676803588867
client id= 0 ,round= 7 ,epoch= 1 ,client update iteration= 330 ,loss= 0.9891873002052307
client id= 0 ,round= 7 ,epoch= 1 ,client update iteration= 340 ,loss= 0.6941412687301636
client id= 0 ,round= 7 ,epoch= 1 ,client update iteration= 350 ,loss= 0.9777374863624573
client id= 0 ,round= 7 ,epoch= 1 ,client update iteration= 360 ,loss= 0.989940345287323
client id= 0 ,round= 7 ,epoch= 1 ,client update iteration= 370 ,loss= 0.7494761347770691
client id= 0 ,round= 7 ,epoch= 1 ,client update iteration= 380 ,loss= 1.075063705444336
client id= 0 ,round= 7 ,epoch= 1 ,client update iteration= 390 ,loss= 0.8357105255126953
******client id  1 ******
client_update start
client id= 1 ,round= 7 ,epoch= 1 ,client update iteration= 10 ,loss= 1.9583483934402466
client id= 1 ,round= 7 ,epoch= 1 ,client update iteration= 20 ,loss= 1.748417854309082
client id= 1 ,round= 7 ,epoch= 1 ,client update iteration= 30 ,loss= 1.5101606845855713
client id= 1 ,round= 7 ,epoch= 1 ,client update iteration= 40 ,loss= 1.6420189142227173
client id= 1 ,round= 7 ,epoch= 1 ,client update iteration= 50 ,loss= 1.1113159656524658
client id= 1 ,round= 7 ,epoch= 1 ,client update iteration= 60 ,loss= 1.354432225227356
client id= 1 ,round= 7 ,epoch= 1 ,client update iteration= 70 ,loss= 1.2523252964019775
client id= 1 ,round= 7 ,epoch= 1 ,client update iteration= 80 ,loss= 1.287145972251892
client id= 1 ,round= 7 ,epoch= 1 ,client update iteration= 90 ,loss= 1.04908287525177
client id= 1 ,round= 7 ,epoch= 1 ,client update iteration= 100 ,loss= 1.5701409578323364
client id= 1 ,round= 7 ,epoch= 1 ,client update iteration= 110 ,loss= 1.3862820863723755
client id= 1 ,round= 7 ,epoch= 1 ,client update iteration= 120 ,loss= 1.1089112758636475
client id= 1 ,round= 7 ,epoch= 1 ,client update iteration= 130 ,loss= 1.199690818786621
client id= 1 ,round= 7 ,epoch= 1 ,client update iteration= 140 ,loss= 1.1674178838729858
client id= 1 ,round= 7 ,epoch= 1 ,client update iteration= 150 ,loss= 1.1200252771377563
client id= 1 ,round= 7 ,epoch= 1 ,client update iteration= 160 ,loss= 1.2643617391586304
client id= 1 ,round= 7 ,epoch= 1 ,client update iteration= 170 ,loss= 1.056444764137268
client id= 1 ,round= 7 ,epoch= 1 ,client update iteration= 180 ,loss= 1.1471514701843262
client id= 1 ,round= 7 ,epoch= 1 ,client update iteration= 190 ,loss= 1.2102680206298828
client id= 1 ,round= 7 ,epoch= 1 ,client update iteration= 200 ,loss= 1.1972655057907104
client id= 1 ,round= 7 ,epoch= 1 ,client update iteration= 210 ,loss= 0.916336715221405
client id= 1 ,round= 7 ,epoch= 1 ,client update iteration= 220 ,loss= 1.2218966484069824
client id= 1 ,round= 7 ,epoch= 1 ,client update iteration= 230 ,loss= 0.9938191771507263
client id= 1 ,round= 7 ,epoch= 1 ,client update iteration= 240 ,loss= 0.7833167314529419
client id= 1 ,round= 7 ,epoch= 1 ,client update iteration= 250 ,loss= 0.847923219203949
client id= 1 ,round= 7 ,epoch= 1 ,client update iteration= 260 ,loss= 0.9804110527038574
client id= 1 ,round= 7 ,epoch= 1 ,client update iteration= 270 ,loss= 1.0546375513076782
client id= 1 ,round= 7 ,epoch= 1 ,client update iteration= 280 ,loss= 1.0438823699951172
client id= 1 ,round= 7 ,epoch= 1 ,client update iteration= 290 ,loss= 0.8963850736618042
client id= 1 ,round= 7 ,epoch= 1 ,client update iteration= 300 ,loss= 1.0518664121627808
client id= 1 ,round= 7 ,epoch= 1 ,client update iteration= 310 ,loss= 0.9275541305541992
client id= 1 ,round= 7 ,epoch= 1 ,client update iteration= 320 ,loss= 1.0978474617004395
client id= 1 ,round= 7 ,epoch= 1 ,client update iteration= 330 ,loss= 1.0032360553741455
client id= 1 ,round= 7 ,epoch= 1 ,client update iteration= 340 ,loss= 1.4268189668655396
client id= 1 ,round= 7 ,epoch= 1 ,client update iteration= 350 ,loss= 1.0550140142440796
client id= 1 ,round= 7 ,epoch= 1 ,client update iteration= 360 ,loss= 0.9940257668495178
client id= 1 ,round= 7 ,epoch= 1 ,client update iteration= 370 ,loss= 1.0916388034820557
client id= 1 ,round= 7 ,epoch= 1 ,client update iteration= 380 ,loss= 1.0676071643829346
client id= 1 ,round= 7 ,epoch= 1 ,client update iteration= 390 ,loss= 1.1758314371109009
start cal weight time2021-07-01 13:07:45
end cal weight time2021-07-01 13:07:45
layer= 0 ratio= 0.0625
layer= 1 ratio= 0.0625
layer= 2 ratio= 0.0625
layer= 3 ratio= 0.0625
layer= 4 ratio= 0.0625
layer= 5 ratio= 0.0625
layer= 6 ratio= 0.0625
layer= 7 ratio= 0.0625
layer= 8 ratio= 0.0625
layer= 9 ratio= 0.0625
layer= 10 ratio= 0.0625
layer= 11 ratio= 0.0625
layer= 12 ratio= 0.0625
layer= 13 ratio= 0.0625
layer= 14 ratio= 0.0625
layer= 15 ratio= 0.0625
start add noise2021-07-01 13:07:45
end_add_noise_time2021-07-01 13:07:48
start cal weight time2021-07-01 13:07:48
end cal weight time2021-07-01 13:07:48
layer= 0 ratio= 0.0625
layer= 1 ratio= 0.0625
layer= 2 ratio= 0.0625
layer= 3 ratio= 0.0625
layer= 4 ratio= 0.0625
layer= 5 ratio= 0.0625
layer= 6 ratio= 0.0625
layer= 7 ratio= 0.0625
layer= 8 ratio= 0.0625
layer= 9 ratio= 0.0625
layer= 10 ratio= 0.0625
layer= 11 ratio= 0.0625
layer= 12 ratio= 0.0625
layer= 13 ratio= 0.0625
layer= 14 ratio= 0.0625
layer= 15 ratio= 0.0625
start add noise2021-07-01 13:07:48
end_add_noise_time2021-07-01 13:07:51
average train loss= 1.1307566179643813
2021-07-01 13:08:00,round 7,val Accuracy Top1: 56.140000 %
2021-07-01 13:08:00,round 7,val Accuracy Top5: 94.020000 %
******client id  0 ******
client_update start
client id= 0 ,round= 8 ,epoch= 1 ,client update iteration= 10 ,loss= 1.952932596206665
client id= 0 ,round= 8 ,epoch= 1 ,client update iteration= 20 ,loss= 1.8191603422164917
client id= 0 ,round= 8 ,epoch= 1 ,client update iteration= 30 ,loss= 1.4578497409820557
client id= 0 ,round= 8 ,epoch= 1 ,client update iteration= 40 ,loss= 1.9913485050201416
client id= 0 ,round= 8 ,epoch= 1 ,client update iteration= 50 ,loss= 1.7407119274139404
client id= 0 ,round= 8 ,epoch= 1 ,client update iteration= 60 ,loss= 1.6016407012939453
client id= 0 ,round= 8 ,epoch= 1 ,client update iteration= 70 ,loss= 1.07736074924469
client id= 0 ,round= 8 ,epoch= 1 ,client update iteration= 80 ,loss= 1.328633427619934
client id= 0 ,round= 8 ,epoch= 1 ,client update iteration= 90 ,loss= 1.4329020977020264
client id= 0 ,round= 8 ,epoch= 1 ,client update iteration= 100 ,loss= 1.058169960975647
client id= 0 ,round= 8 ,epoch= 1 ,client update iteration= 110 ,loss= 1.4580647945404053
client id= 0 ,round= 8 ,epoch= 1 ,client update iteration= 120 ,loss= 1.3861863613128662
client id= 0 ,round= 8 ,epoch= 1 ,client update iteration= 130 ,loss= 1.3630683422088623
client id= 0 ,round= 8 ,epoch= 1 ,client update iteration= 140 ,loss= 1.3078761100769043
client id= 0 ,round= 8 ,epoch= 1 ,client update iteration= 150 ,loss= 1.4130494594573975
client id= 0 ,round= 8 ,epoch= 1 ,client update iteration= 160 ,loss= 1.3154637813568115
client id= 0 ,round= 8 ,epoch= 1 ,client update iteration= 170 ,loss= 0.9115109443664551
client id= 0 ,round= 8 ,epoch= 1 ,client update iteration= 180 ,loss= 1.350983738899231
client id= 0 ,round= 8 ,epoch= 1 ,client update iteration= 190 ,loss= 1.4583882093429565
client id= 0 ,round= 8 ,epoch= 1 ,client update iteration= 200 ,loss= 1.189574956893921
client id= 0 ,round= 8 ,epoch= 1 ,client update iteration= 210 ,loss= 1.1190277338027954
client id= 0 ,round= 8 ,epoch= 1 ,client update iteration= 220 ,loss= 1.2949292659759521
client id= 0 ,round= 8 ,epoch= 1 ,client update iteration= 230 ,loss= 1.717948317527771
client id= 0 ,round= 8 ,epoch= 1 ,client update iteration= 240 ,loss= 1.043463110923767
client id= 0 ,round= 8 ,epoch= 1 ,client update iteration= 250 ,loss= 1.0921213626861572
client id= 0 ,round= 8 ,epoch= 1 ,client update iteration= 260 ,loss= 1.221976399421692
client id= 0 ,round= 8 ,epoch= 1 ,client update iteration= 270 ,loss= 1.1191143989562988
client id= 0 ,round= 8 ,epoch= 1 ,client update iteration= 280 ,loss= 0.9368866086006165
client id= 0 ,round= 8 ,epoch= 1 ,client update iteration= 290 ,loss= 1.5318284034729004
client id= 0 ,round= 8 ,epoch= 1 ,client update iteration= 300 ,loss= 1.0487600564956665
client id= 0 ,round= 8 ,epoch= 1 ,client update iteration= 310 ,loss= 0.9861513376235962
client id= 0 ,round= 8 ,epoch= 1 ,client update iteration= 320 ,loss= 1.2879557609558105
client id= 0 ,round= 8 ,epoch= 1 ,client update iteration= 330 ,loss= 1.0026872158050537
client id= 0 ,round= 8 ,epoch= 1 ,client update iteration= 340 ,loss= 1.2609822750091553
client id= 0 ,round= 8 ,epoch= 1 ,client update iteration= 350 ,loss= 1.0873336791992188
client id= 0 ,round= 8 ,epoch= 1 ,client update iteration= 360 ,loss= 1.103529453277588
client id= 0 ,round= 8 ,epoch= 1 ,client update iteration= 370 ,loss= 1.284623384475708
client id= 0 ,round= 8 ,epoch= 1 ,client update iteration= 380 ,loss= 0.9639535546302795
client id= 0 ,round= 8 ,epoch= 1 ,client update iteration= 390 ,loss= 1.1203558444976807
******client id  1 ******
client_update start
client id= 1 ,round= 8 ,epoch= 1 ,client update iteration= 10 ,loss= 1.950958013534546
client id= 1 ,round= 8 ,epoch= 1 ,client update iteration= 20 ,loss= 1.9174453020095825
client id= 1 ,round= 8 ,epoch= 1 ,client update iteration= 30 ,loss= 1.7759913206100464
client id= 1 ,round= 8 ,epoch= 1 ,client update iteration= 40 ,loss= 1.4231057167053223
client id= 1 ,round= 8 ,epoch= 1 ,client update iteration= 50 ,loss= 1.4992120265960693
client id= 1 ,round= 8 ,epoch= 1 ,client update iteration= 60 ,loss= 1.636683464050293
client id= 1 ,round= 8 ,epoch= 1 ,client update iteration= 70 ,loss= 1.1965419054031372
client id= 1 ,round= 8 ,epoch= 1 ,client update iteration= 80 ,loss= 1.258915662765503
client id= 1 ,round= 8 ,epoch= 1 ,client update iteration= 90 ,loss= 1.541902780532837
client id= 1 ,round= 8 ,epoch= 1 ,client update iteration= 100 ,loss= 1.647174596786499
client id= 1 ,round= 8 ,epoch= 1 ,client update iteration= 110 ,loss= 1.5087224245071411
client id= 1 ,round= 8 ,epoch= 1 ,client update iteration= 120 ,loss= 1.222399115562439
client id= 1 ,round= 8 ,epoch= 1 ,client update iteration= 130 ,loss= 1.3155816793441772
client id= 1 ,round= 8 ,epoch= 1 ,client update iteration= 140 ,loss= 1.2152296304702759
client id= 1 ,round= 8 ,epoch= 1 ,client update iteration= 150 ,loss= 1.2552465200424194
client id= 1 ,round= 8 ,epoch= 1 ,client update iteration= 160 ,loss= 1.2990108728408813
client id= 1 ,round= 8 ,epoch= 1 ,client update iteration= 170 ,loss= 1.1378612518310547
client id= 1 ,round= 8 ,epoch= 1 ,client update iteration= 180 ,loss= 1.5781631469726562
client id= 1 ,round= 8 ,epoch= 1 ,client update iteration= 190 ,loss= 1.2033358812332153
client id= 1 ,round= 8 ,epoch= 1 ,client update iteration= 200 ,loss= 1.2902697324752808
client id= 1 ,round= 8 ,epoch= 1 ,client update iteration= 210 ,loss= 1.3594013452529907
client id= 1 ,round= 8 ,epoch= 1 ,client update iteration= 220 ,loss= 0.9270839691162109
client id= 1 ,round= 8 ,epoch= 1 ,client update iteration= 230 ,loss= 1.350163221359253
client id= 1 ,round= 8 ,epoch= 1 ,client update iteration= 240 ,loss= 1.1035650968551636
client id= 1 ,round= 8 ,epoch= 1 ,client update iteration= 250 ,loss= 1.135495901107788
client id= 1 ,round= 8 ,epoch= 1 ,client update iteration= 260 ,loss= 1.0860601663589478
client id= 1 ,round= 8 ,epoch= 1 ,client update iteration= 270 ,loss= 1.2022318840026855
client id= 1 ,round= 8 ,epoch= 1 ,client update iteration= 280 ,loss= 1.4960846900939941
client id= 1 ,round= 8 ,epoch= 1 ,client update iteration= 290 ,loss= 1.4401193857192993
client id= 1 ,round= 8 ,epoch= 1 ,client update iteration= 300 ,loss= 0.9745899438858032
client id= 1 ,round= 8 ,epoch= 1 ,client update iteration= 310 ,loss= 1.4212801456451416
client id= 1 ,round= 8 ,epoch= 1 ,client update iteration= 320 ,loss= 1.241675615310669
client id= 1 ,round= 8 ,epoch= 1 ,client update iteration= 330 ,loss= 1.049133062362671
client id= 1 ,round= 8 ,epoch= 1 ,client update iteration= 340 ,loss= 1.0151417255401611
client id= 1 ,round= 8 ,epoch= 1 ,client update iteration= 350 ,loss= 1.3128520250320435
client id= 1 ,round= 8 ,epoch= 1 ,client update iteration= 360 ,loss= 1.0153636932373047
client id= 1 ,round= 8 ,epoch= 1 ,client update iteration= 370 ,loss= 0.8701404333114624
client id= 1 ,round= 8 ,epoch= 1 ,client update iteration= 380 ,loss= 1.1159939765930176
client id= 1 ,round= 8 ,epoch= 1 ,client update iteration= 390 ,loss= 0.9619850516319275
start cal weight time2021-07-01 13:10:25
end cal weight time2021-07-01 13:10:25
layer= 0 ratio= 0.0625
layer= 1 ratio= 0.0625
layer= 2 ratio= 0.0625
layer= 3 ratio= 0.0625
layer= 4 ratio= 0.0625
layer= 5 ratio= 0.0625
layer= 6 ratio= 0.0625
layer= 7 ratio= 0.0625
layer= 8 ratio= 0.0625
layer= 9 ratio= 0.0625
layer= 10 ratio= 0.0625
layer= 11 ratio= 0.0625
layer= 12 ratio= 0.0625
layer= 13 ratio= 0.0625
layer= 14 ratio= 0.0625
layer= 15 ratio= 0.0625
start add noise2021-07-01 13:10:25
end_add_noise_time2021-07-01 13:10:29
start cal weight time2021-07-01 13:10:29
end cal weight time2021-07-01 13:10:29
layer= 0 ratio= 0.0625
layer= 1 ratio= 0.0625
layer= 2 ratio= 0.0625
layer= 3 ratio= 0.0625
layer= 4 ratio= 0.0625
layer= 5 ratio= 0.0625
layer= 6 ratio= 0.0625
layer= 7 ratio= 0.0625
layer= 8 ratio= 0.0625
layer= 9 ratio= 0.0625
layer= 10 ratio= 0.0625
layer= 11 ratio= 0.0625
layer= 12 ratio= 0.0625
layer= 13 ratio= 0.0625
layer= 14 ratio= 0.0625
layer= 15 ratio= 0.0625
start add noise2021-07-01 13:10:29
end_add_noise_time2021-07-01 13:10:32
average train loss= 1.332701345843732
2021-07-01 13:10:41,round 8,val Accuracy Top1: 49.190000 %
2021-07-01 13:10:41,round 8,val Accuracy Top5: 92.350000 %
******client id  0 ******
client_update start
client id= 0 ,round= 9 ,epoch= 1 ,client update iteration= 10 ,loss= 1.8834308385849
client id= 0 ,round= 9 ,epoch= 1 ,client update iteration= 20 ,loss= 1.5139551162719727
client id= 0 ,round= 9 ,epoch= 1 ,client update iteration= 30 ,loss= 1.868078351020813
client id= 0 ,round= 9 ,epoch= 1 ,client update iteration= 40 ,loss= 2.080155849456787
client id= 0 ,round= 9 ,epoch= 1 ,client update iteration= 50 ,loss= 1.527488112449646
client id= 0 ,round= 9 ,epoch= 1 ,client update iteration= 60 ,loss= 1.3195520639419556
client id= 0 ,round= 9 ,epoch= 1 ,client update iteration= 70 ,loss= 1.686447024345398
client id= 0 ,round= 9 ,epoch= 1 ,client update iteration= 80 ,loss= 1.6983004808425903
client id= 0 ,round= 9 ,epoch= 1 ,client update iteration= 90 ,loss= 1.333464503288269
client id= 0 ,round= 9 ,epoch= 1 ,client update iteration= 100 ,loss= 1.4466464519500732
client id= 0 ,round= 9 ,epoch= 1 ,client update iteration= 110 ,loss= 1.1629233360290527
client id= 0 ,round= 9 ,epoch= 1 ,client update iteration= 120 ,loss= 1.7281010150909424
client id= 0 ,round= 9 ,epoch= 1 ,client update iteration= 130 ,loss= 1.662583827972412
client id= 0 ,round= 9 ,epoch= 1 ,client update iteration= 140 ,loss= 1.5499796867370605
client id= 0 ,round= 9 ,epoch= 1 ,client update iteration= 150 ,loss= 1.666322112083435
client id= 0 ,round= 9 ,epoch= 1 ,client update iteration= 160 ,loss= 1.511191964149475
client id= 0 ,round= 9 ,epoch= 1 ,client update iteration= 170 ,loss= 1.4419736862182617
client id= 0 ,round= 9 ,epoch= 1 ,client update iteration= 180 ,loss= 1.375760555267334
client id= 0 ,round= 9 ,epoch= 1 ,client update iteration= 190 ,loss= 1.5213252305984497
client id= 0 ,round= 9 ,epoch= 1 ,client update iteration= 200 ,loss= 1.43360435962677
client id= 0 ,round= 9 ,epoch= 1 ,client update iteration= 210 ,loss= 1.6610329151153564
client id= 0 ,round= 9 ,epoch= 1 ,client update iteration= 220 ,loss= 1.5416167974472046
client id= 0 ,round= 9 ,epoch= 1 ,client update iteration= 230 ,loss= 1.3970670700073242
client id= 0 ,round= 9 ,epoch= 1 ,client update iteration= 240 ,loss= 1.2545262575149536
client id= 0 ,round= 9 ,epoch= 1 ,client update iteration= 250 ,loss= 1.1722040176391602
client id= 0 ,round= 9 ,epoch= 1 ,client update iteration= 260 ,loss= 1.6614925861358643
client id= 0 ,round= 9 ,epoch= 1 ,client update iteration= 270 ,loss= 1.2739968299865723
client id= 0 ,round= 9 ,epoch= 1 ,client update iteration= 280 ,loss= 1.149865746498108
client id= 0 ,round= 9 ,epoch= 1 ,client update iteration= 290 ,loss= 1.1637578010559082
client id= 0 ,round= 9 ,epoch= 1 ,client update iteration= 300 ,loss= 1.2144724130630493
client id= 0 ,round= 9 ,epoch= 1 ,client update iteration= 310 ,loss= 1.4174633026123047
client id= 0 ,round= 9 ,epoch= 1 ,client update iteration= 320 ,loss= 1.4947632551193237
client id= 0 ,round= 9 ,epoch= 1 ,client update iteration= 330 ,loss= 1.20529043674469
client id= 0 ,round= 9 ,epoch= 1 ,client update iteration= 340 ,loss= 1.4315402507781982
client id= 0 ,round= 9 ,epoch= 1 ,client update iteration= 350 ,loss= 1.5113378763198853
client id= 0 ,round= 9 ,epoch= 1 ,client update iteration= 360 ,loss= 1.1501761674880981
client id= 0 ,round= 9 ,epoch= 1 ,client update iteration= 370 ,loss= 1.3264621496200562
client id= 0 ,round= 9 ,epoch= 1 ,client update iteration= 380 ,loss= 1.2311946153640747
client id= 0 ,round= 9 ,epoch= 1 ,client update iteration= 390 ,loss= 1.5657243728637695
******client id  1 ******
client_update start
client id= 1 ,round= 9 ,epoch= 1 ,client update iteration= 10 ,loss= 2.0014560222625732
client id= 1 ,round= 9 ,epoch= 1 ,client update iteration= 20 ,loss= 2.277205467224121
client id= 1 ,round= 9 ,epoch= 1 ,client update iteration= 30 ,loss= 1.923907995223999
client id= 1 ,round= 9 ,epoch= 1 ,client update iteration= 40 ,loss= 1.4438148736953735
client id= 1 ,round= 9 ,epoch= 1 ,client update iteration= 50 ,loss= 1.7311886548995972
client id= 1 ,round= 9 ,epoch= 1 ,client update iteration= 60 ,loss= 2.1657555103302
client id= 1 ,round= 9 ,epoch= 1 ,client update iteration= 70 ,loss= 1.523824691772461
client id= 1 ,round= 9 ,epoch= 1 ,client update iteration= 80 ,loss= 1.4112107753753662
client id= 1 ,round= 9 ,epoch= 1 ,client update iteration= 90 ,loss= 1.573596715927124
client id= 1 ,round= 9 ,epoch= 1 ,client update iteration= 100 ,loss= 1.8030529022216797
client id= 1 ,round= 9 ,epoch= 1 ,client update iteration= 110 ,loss= 1.4380791187286377
client id= 1 ,round= 9 ,epoch= 1 ,client update iteration= 120 ,loss= 2.0042381286621094
client id= 1 ,round= 9 ,epoch= 1 ,client update iteration= 130 ,loss= 1.7953521013259888
client id= 1 ,round= 9 ,epoch= 1 ,client update iteration= 140 ,loss= 1.371124029159546
client id= 1 ,round= 9 ,epoch= 1 ,client update iteration= 150 ,loss= 1.3481910228729248
client id= 1 ,round= 9 ,epoch= 1 ,client update iteration= 160 ,loss= 1.3383435010910034
client id= 1 ,round= 9 ,epoch= 1 ,client update iteration= 170 ,loss= 1.4202880859375
client id= 1 ,round= 9 ,epoch= 1 ,client update iteration= 180 ,loss= 1.4353647232055664
client id= 1 ,round= 9 ,epoch= 1 ,client update iteration= 190 ,loss= 1.5707367658615112
client id= 1 ,round= 9 ,epoch= 1 ,client update iteration= 200 ,loss= 1.3366624116897583
client id= 1 ,round= 9 ,epoch= 1 ,client update iteration= 210 ,loss= 1.2940353155136108
client id= 1 ,round= 9 ,epoch= 1 ,client update iteration= 220 ,loss= 1.4659870862960815
client id= 1 ,round= 9 ,epoch= 1 ,client update iteration= 230 ,loss= 1.1847295761108398
client id= 1 ,round= 9 ,epoch= 1 ,client update iteration= 240 ,loss= 1.10841703414917
client id= 1 ,round= 9 ,epoch= 1 ,client update iteration= 250 ,loss= 1.1078803539276123
client id= 1 ,round= 9 ,epoch= 1 ,client update iteration= 260 ,loss= 1.519892930984497
client id= 1 ,round= 9 ,epoch= 1 ,client update iteration= 270 ,loss= 1.5587972402572632
client id= 1 ,round= 9 ,epoch= 1 ,client update iteration= 280 ,loss= 1.1831111907958984
client id= 1 ,round= 9 ,epoch= 1 ,client update iteration= 290 ,loss= 1.1261039972305298
client id= 1 ,round= 9 ,epoch= 1 ,client update iteration= 300 ,loss= 1.1231602430343628
client id= 1 ,round= 9 ,epoch= 1 ,client update iteration= 310 ,loss= 1.2842707633972168
client id= 1 ,round= 9 ,epoch= 1 ,client update iteration= 320 ,loss= 1.613176941871643
client id= 1 ,round= 9 ,epoch= 1 ,client update iteration= 330 ,loss= 1.344221591949463
client id= 1 ,round= 9 ,epoch= 1 ,client update iteration= 340 ,loss= 1.266409993171692
client id= 1 ,round= 9 ,epoch= 1 ,client update iteration= 350 ,loss= 1.1379057168960571
client id= 1 ,round= 9 ,epoch= 1 ,client update iteration= 360 ,loss= 1.4299372434616089
client id= 1 ,round= 9 ,epoch= 1 ,client update iteration= 370 ,loss= 1.296099066734314
client id= 1 ,round= 9 ,epoch= 1 ,client update iteration= 380 ,loss= 1.5347013473510742
client id= 1 ,round= 9 ,epoch= 1 ,client update iteration= 390 ,loss= 1.2978792190551758
start cal weight time2021-07-01 13:13:06
end cal weight time2021-07-01 13:13:06
layer= 0 ratio= 0.0625
layer= 1 ratio= 0.0625
layer= 2 ratio= 0.0625
layer= 3 ratio= 0.0625
layer= 4 ratio= 0.0625
layer= 5 ratio= 0.0625
layer= 6 ratio= 0.0625
layer= 7 ratio= 0.0625
layer= 8 ratio= 0.0625
layer= 9 ratio= 0.0625
layer= 10 ratio= 0.0625
layer= 11 ratio= 0.0625
layer= 12 ratio= 0.0625
layer= 13 ratio= 0.0625
layer= 14 ratio= 0.0625
layer= 15 ratio= 0.0625
start add noise2021-07-01 13:13:06
end_add_noise_time2021-07-01 13:13:09
start cal weight time2021-07-01 13:13:09
end cal weight time2021-07-01 13:13:09
layer= 0 ratio= 0.0625
layer= 1 ratio= 0.0625
layer= 2 ratio= 0.0625
layer= 3 ratio= 0.0625
layer= 4 ratio= 0.0625
layer= 5 ratio= 0.0625
layer= 6 ratio= 0.0625
layer= 7 ratio= 0.0625
layer= 8 ratio= 0.0625
layer= 9 ratio= 0.0625
layer= 10 ratio= 0.0625
layer= 11 ratio= 0.0625
layer= 12 ratio= 0.0625
layer= 13 ratio= 0.0625
layer= 14 ratio= 0.0625
layer= 15 ratio= 0.0625
start add noise2021-07-01 13:13:09
end_add_noise_time2021-07-01 13:13:13
average train loss= 1.4822487350924851
2021-07-01 13:13:22,round 9,val Accuracy Top1: 33.540000 %
2021-07-01 13:13:22,round 9,val Accuracy Top5: 88.790000 %
******client id  0 ******
client_update start
client id= 0 ,round= 10 ,epoch= 1 ,client update iteration= 10 ,loss= 2.17657470703125
client id= 0 ,round= 10 ,epoch= 1 ,client update iteration= 20 ,loss= 2.409573793411255
client id= 0 ,round= 10 ,epoch= 1 ,client update iteration= 30 ,loss= 2.190842866897583
client id= 0 ,round= 10 ,epoch= 1 ,client update iteration= 40 ,loss= 2.292495012283325
client id= 0 ,round= 10 ,epoch= 1 ,client update iteration= 50 ,loss= 2.43481183052063
client id= 0 ,round= 10 ,epoch= 1 ,client update iteration= 60 ,loss= 2.4164674282073975
client id= 0 ,round= 10 ,epoch= 1 ,client update iteration= 70 ,loss= 2.3102245330810547
client id= 0 ,round= 10 ,epoch= 1 ,client update iteration= 80 ,loss= 2.135942220687866
client id= 0 ,round= 10 ,epoch= 1 ,client update iteration= 90 ,loss= 2.3289380073547363
client id= 0 ,round= 10 ,epoch= 1 ,client update iteration= 100 ,loss= 2.167626142501831
client id= 0 ,round= 10 ,epoch= 1 ,client update iteration= 110 ,loss= 2.1008405685424805
client id= 0 ,round= 10 ,epoch= 1 ,client update iteration= 120 ,loss= 2.3062286376953125
client id= 0 ,round= 10 ,epoch= 1 ,client update iteration= 130 ,loss= 1.99093759059906
client id= 0 ,round= 10 ,epoch= 1 ,client update iteration= 140 ,loss= 2.0900630950927734
client id= 0 ,round= 10 ,epoch= 1 ,client update iteration= 150 ,loss= 2.150974750518799
client id= 0 ,round= 10 ,epoch= 1 ,client update iteration= 160 ,loss= 2.199263572692871
client id= 0 ,round= 10 ,epoch= 1 ,client update iteration= 170 ,loss= 2.345064878463745
client id= 0 ,round= 10 ,epoch= 1 ,client update iteration= 180 ,loss= 1.9798930883407593
client id= 0 ,round= 10 ,epoch= 1 ,client update iteration= 190 ,loss= 2.115398406982422
client id= 0 ,round= 10 ,epoch= 1 ,client update iteration= 200 ,loss= 2.0779008865356445
client id= 0 ,round= 10 ,epoch= 1 ,client update iteration= 210 ,loss= 2.082289695739746
client id= 0 ,round= 10 ,epoch= 1 ,client update iteration= 220 ,loss= 2.0364511013031006
client id= 0 ,round= 10 ,epoch= 1 ,client update iteration= 230 ,loss= 1.976356029510498
client id= 0 ,round= 10 ,epoch= 1 ,client update iteration= 240 ,loss= 1.9467881917953491
client id= 0 ,round= 10 ,epoch= 1 ,client update iteration= 250 ,loss= 2.0348777770996094
client id= 0 ,round= 10 ,epoch= 1 ,client update iteration= 260 ,loss= 2.084357261657715
client id= 0 ,round= 10 ,epoch= 1 ,client update iteration= 270 ,loss= 1.956000804901123
client id= 0 ,round= 10 ,epoch= 1 ,client update iteration= 280 ,loss= 2.046848773956299
client id= 0 ,round= 10 ,epoch= 1 ,client update iteration= 290 ,loss= 1.8543819189071655
client id= 0 ,round= 10 ,epoch= 1 ,client update iteration= 300 ,loss= 1.9710822105407715
client id= 0 ,round= 10 ,epoch= 1 ,client update iteration= 310 ,loss= 2.2256317138671875
client id= 0 ,round= 10 ,epoch= 1 ,client update iteration= 320 ,loss= 1.86016047000885
client id= 0 ,round= 10 ,epoch= 1 ,client update iteration= 330 ,loss= 1.9546754360198975
client id= 0 ,round= 10 ,epoch= 1 ,client update iteration= 340 ,loss= 1.9180381298065186
client id= 0 ,round= 10 ,epoch= 1 ,client update iteration= 350 ,loss= 1.8347419500350952
client id= 0 ,round= 10 ,epoch= 1 ,client update iteration= 360 ,loss= 1.8127933740615845
client id= 0 ,round= 10 ,epoch= 1 ,client update iteration= 370 ,loss= 1.8979713916778564
client id= 0 ,round= 10 ,epoch= 1 ,client update iteration= 380 ,loss= 1.8070865869522095
client id= 0 ,round= 10 ,epoch= 1 ,client update iteration= 390 ,loss= 1.6796725988388062
******client id  1 ******
client_update start
client id= 1 ,round= 10 ,epoch= 1 ,client update iteration= 10 ,loss= 2.366328477859497
client id= 1 ,round= 10 ,epoch= 1 ,client update iteration= 20 ,loss= 2.193749189376831
client id= 1 ,round= 10 ,epoch= 1 ,client update iteration= 30 ,loss= 2.1835527420043945
client id= 1 ,round= 10 ,epoch= 1 ,client update iteration= 40 ,loss= 2.2007052898406982
client id= 1 ,round= 10 ,epoch= 1 ,client update iteration= 50 ,loss= 2.3136017322540283
client id= 1 ,round= 10 ,epoch= 1 ,client update iteration= 60 ,loss= 2.3276526927948
client id= 1 ,round= 10 ,epoch= 1 ,client update iteration= 70 ,loss= 2.3265254497528076
client id= 1 ,round= 10 ,epoch= 1 ,client update iteration= 80 ,loss= 2.3296048641204834
client id= 1 ,round= 10 ,epoch= 1 ,client update iteration= 90 ,loss= 2.336461067199707
client id= 1 ,round= 10 ,epoch= 1 ,client update iteration= 100 ,loss= 2.3182568550109863
client id= 1 ,round= 10 ,epoch= 1 ,client update iteration= 110 ,loss= 2.302813768386841
client id= 1 ,round= 10 ,epoch= 1 ,client update iteration= 120 ,loss= 2.290850877761841
client id= 1 ,round= 10 ,epoch= 1 ,client update iteration= 130 ,loss= 2.3011178970336914
client id= 1 ,round= 10 ,epoch= 1 ,client update iteration= 140 ,loss= 2.283130407333374
client id= 1 ,round= 10 ,epoch= 1 ,client update iteration= 150 ,loss= 2.301053524017334
client id= 1 ,round= 10 ,epoch= 1 ,client update iteration= 160 ,loss= 2.3264100551605225
client id= 1 ,round= 10 ,epoch= 1 ,client update iteration= 170 ,loss= 2.321821451187134
client id= 1 ,round= 10 ,epoch= 1 ,client update iteration= 180 ,loss= 2.300323247909546
client id= 1 ,round= 10 ,epoch= 1 ,client update iteration= 190 ,loss= 2.305556297302246
client id= 1 ,round= 10 ,epoch= 1 ,client update iteration= 200 ,loss= 2.3092265129089355
client id= 1 ,round= 10 ,epoch= 1 ,client update iteration= 210 ,loss= 2.2844855785369873
client id= 1 ,round= 10 ,epoch= 1 ,client update iteration= 220 ,loss= 2.292085886001587
client id= 1 ,round= 10 ,epoch= 1 ,client update iteration= 230 ,loss= 2.293858051300049
client id= 1 ,round= 10 ,epoch= 1 ,client update iteration= 240 ,loss= 2.3121023178100586
client id= 1 ,round= 10 ,epoch= 1 ,client update iteration= 250 ,loss= 2.290104627609253
client id= 1 ,round= 10 ,epoch= 1 ,client update iteration= 260 ,loss= 2.295029401779175
client id= 1 ,round= 10 ,epoch= 1 ,client update iteration= 270 ,loss= 2.3111143112182617
client id= 1 ,round= 10 ,epoch= 1 ,client update iteration= 280 ,loss= 2.3180110454559326
client id= 1 ,round= 10 ,epoch= 1 ,client update iteration= 290 ,loss= 2.283719301223755
client id= 1 ,round= 10 ,epoch= 1 ,client update iteration= 300 ,loss= 2.2998626232147217
client id= 1 ,round= 10 ,epoch= 1 ,client update iteration= 310 ,loss= 2.3037991523742676
client id= 1 ,round= 10 ,epoch= 1 ,client update iteration= 320 ,loss= 2.3018147945404053
client id= 1 ,round= 10 ,epoch= 1 ,client update iteration= 330 ,loss= 2.3055195808410645
client id= 1 ,round= 10 ,epoch= 1 ,client update iteration= 340 ,loss= 2.3222389221191406
client id= 1 ,round= 10 ,epoch= 1 ,client update iteration= 350 ,loss= 2.3184256553649902
client id= 1 ,round= 10 ,epoch= 1 ,client update iteration= 360 ,loss= 2.3152191638946533
client id= 1 ,round= 10 ,epoch= 1 ,client update iteration= 370 ,loss= 2.3010008335113525
client id= 1 ,round= 10 ,epoch= 1 ,client update iteration= 380 ,loss= 2.31040620803833
client id= 1 ,round= 10 ,epoch= 1 ,client update iteration= 390 ,loss= 2.312788248062134
start cal weight time2021-07-01 13:15:46
end cal weight time2021-07-01 13:15:46
layer= 0 ratio= 0.0625
layer= 1 ratio= 0.0625
layer= 2 ratio= 0.0625
layer= 3 ratio= 0.0625
layer= 4 ratio= 0.0625
layer= 5 ratio= 0.0625
layer= 6 ratio= 0.0625
layer= 7 ratio= 0.0625
layer= 8 ratio= 0.0625
layer= 9 ratio= 0.0625
layer= 10 ratio= 0.0625
layer= 11 ratio= 0.0625
layer= 12 ratio= 0.0625
layer= 13 ratio= 0.0625
layer= 14 ratio= 0.0625
layer= 15 ratio= 0.0625
start add noise2021-07-01 13:15:46
end_add_noise_time2021-07-01 13:15:50
start cal weight time2021-07-01 13:15:50
end cal weight time2021-07-01 13:15:50
layer= 0 ratio= 0.0625
layer= 1 ratio= 0.0625
layer= 2 ratio= 0.0625
layer= 3 ratio= 0.0625
layer= 4 ratio= 0.0625
layer= 5 ratio= 0.0625
layer= 6 ratio= 0.0625
layer= 7 ratio= 0.0625
layer= 8 ratio= 0.0625
layer= 9 ratio= 0.0625
layer= 10 ratio= 0.0625
layer= 11 ratio= 0.0625
layer= 12 ratio= 0.0625
layer= 13 ratio= 0.0625
layer= 14 ratio= 0.0625
layer= 15 ratio= 0.0625
start add noise2021-07-01 13:15:50
end_add_noise_time2021-07-01 13:15:53
average train loss= 2.2138420590354353
2021-07-01 13:16:02,round 10,val Accuracy Top1: 10.020000 %
2021-07-01 13:16:02,round 10,val Accuracy Top5: 50.160000 %
