type sample_L1
pb 4000000.0
clip_bound 20.0
log_path log/Alexnet/sample_L1/False/2
train_data data
test_data data
batch_size 64
test_batch_size 64
lr 0.0002
momentum 0.5
no_cuda False
seed 1
log_interval 1
privacy_delta 1e-06
sample_num 500
islog True
is_ratio_list False
num_clients 2
num_rounds 10
epochs 1
ratio_type 2
平均分配eps
device cuda
loading data
load data done
AlexNet(
  (conv1): Sequential(
    (0): Conv2d(3, 96, kernel_size=(6, 6), stride=(1, 1))
    (1): ReLU()
  )
  (conv2): Sequential(
    (0): Conv2d(96, 256, kernel_size=(5, 5), stride=(1, 1), padding=(2, 2))
    (1): ReLU()
    (2): MaxPool2d(kernel_size=3, stride=2, padding=0, dilation=1, ceil_mode=False)
  )
  (conv3): Sequential(
    (0): Conv2d(256, 384, kernel_size=(3, 3), stride=(1, 1), padding=(1, 1))
    (1): ReLU()
  )
  (conv4): Sequential(
    (0): Conv2d(384, 384, kernel_size=(3, 3), stride=(1, 1), padding=(1, 1))
    (1): ReLU()
  )
  (conv5): Sequential(
    (0): Conv2d(384, 256, kernel_size=(3, 3), stride=(1, 1), padding=(1, 1))
    (1): ReLU()
    (2): MaxPool2d(kernel_size=3, stride=2, padding=0, dilation=1, ceil_mode=False)
  )
  (dense): Sequential(
    (0): Linear(in_features=9216, out_features=4096, bias=True)
    (1): ReLU()
    (2): Dropout(p=0.5, inplace=False)
    (3): Linear(in_features=4096, out_features=4096, bias=True)
    (4): ReLU()
    (5): Dropout(p=0.5, inplace=False)
    (6): Linear(in_features=4096, out_features=10, bias=True)
  )
)
********start training********
******client id  0 ******
client_update start
client id= 0 ,round= 1 ,epoch= 1 ,client update iteration= 10 ,loss= 2.2883031368255615
client id= 0 ,round= 1 ,epoch= 1 ,client update iteration= 20 ,loss= 2.193246364593506
client id= 0 ,round= 1 ,epoch= 1 ,client update iteration= 30 ,loss= 2.003746747970581
client id= 0 ,round= 1 ,epoch= 1 ,client update iteration= 40 ,loss= 2.188368558883667
client id= 0 ,round= 1 ,epoch= 1 ,client update iteration= 50 ,loss= 2.065152883529663
client id= 0 ,round= 1 ,epoch= 1 ,client update iteration= 60 ,loss= 2.177844762802124
client id= 0 ,round= 1 ,epoch= 1 ,client update iteration= 70 ,loss= 2.0670552253723145
client id= 0 ,round= 1 ,epoch= 1 ,client update iteration= 80 ,loss= 2.0483036041259766
client id= 0 ,round= 1 ,epoch= 1 ,client update iteration= 90 ,loss= 1.8210084438323975
client id= 0 ,round= 1 ,epoch= 1 ,client update iteration= 100 ,loss= 1.8307406902313232
client id= 0 ,round= 1 ,epoch= 1 ,client update iteration= 110 ,loss= 1.8903264999389648
client id= 0 ,round= 1 ,epoch= 1 ,client update iteration= 120 ,loss= 1.926265001296997
client id= 0 ,round= 1 ,epoch= 1 ,client update iteration= 130 ,loss= 1.7925755977630615
client id= 0 ,round= 1 ,epoch= 1 ,client update iteration= 140 ,loss= 1.8045859336853027
client id= 0 ,round= 1 ,epoch= 1 ,client update iteration= 150 ,loss= 1.7108701467514038
client id= 0 ,round= 1 ,epoch= 1 ,client update iteration= 160 ,loss= 1.815224289894104
client id= 0 ,round= 1 ,epoch= 1 ,client update iteration= 170 ,loss= 1.7893080711364746
client id= 0 ,round= 1 ,epoch= 1 ,client update iteration= 180 ,loss= 1.6679186820983887
client id= 0 ,round= 1 ,epoch= 1 ,client update iteration= 190 ,loss= 1.5641177892684937
client id= 0 ,round= 1 ,epoch= 1 ,client update iteration= 200 ,loss= 1.6711325645446777
client id= 0 ,round= 1 ,epoch= 1 ,client update iteration= 210 ,loss= 1.5524982213974
client id= 0 ,round= 1 ,epoch= 1 ,client update iteration= 220 ,loss= 1.5556111335754395
client id= 0 ,round= 1 ,epoch= 1 ,client update iteration= 230 ,loss= 1.5559368133544922
client id= 0 ,round= 1 ,epoch= 1 ,client update iteration= 240 ,loss= 1.686563491821289
client id= 0 ,round= 1 ,epoch= 1 ,client update iteration= 250 ,loss= 1.6632169485092163
client id= 0 ,round= 1 ,epoch= 1 ,client update iteration= 260 ,loss= 1.3992094993591309
client id= 0 ,round= 1 ,epoch= 1 ,client update iteration= 270 ,loss= 1.5521327257156372
client id= 0 ,round= 1 ,epoch= 1 ,client update iteration= 280 ,loss= 1.7405860424041748
client id= 0 ,round= 1 ,epoch= 1 ,client update iteration= 290 ,loss= 1.4643135070800781
client id= 0 ,round= 1 ,epoch= 1 ,client update iteration= 300 ,loss= 1.5677602291107178
client id= 0 ,round= 1 ,epoch= 1 ,client update iteration= 310 ,loss= 1.3835643529891968
client id= 0 ,round= 1 ,epoch= 1 ,client update iteration= 320 ,loss= 1.5296595096588135
client id= 0 ,round= 1 ,epoch= 1 ,client update iteration= 330 ,loss= 1.4804484844207764
client id= 0 ,round= 1 ,epoch= 1 ,client update iteration= 340 ,loss= 1.5406322479248047
client id= 0 ,round= 1 ,epoch= 1 ,client update iteration= 350 ,loss= 1.4015069007873535
client id= 0 ,round= 1 ,epoch= 1 ,client update iteration= 360 ,loss= 1.5809850692749023
client id= 0 ,round= 1 ,epoch= 1 ,client update iteration= 370 ,loss= 1.371029019355774
client id= 0 ,round= 1 ,epoch= 1 ,client update iteration= 380 ,loss= 1.3381770849227905
client id= 0 ,round= 1 ,epoch= 1 ,client update iteration= 390 ,loss= 1.4526530504226685
******client id  1 ******
client_update start
client id= 1 ,round= 1 ,epoch= 1 ,client update iteration= 10 ,loss= 2.263524293899536
client id= 1 ,round= 1 ,epoch= 1 ,client update iteration= 20 ,loss= 2.151818037033081
client id= 1 ,round= 1 ,epoch= 1 ,client update iteration= 30 ,loss= 2.174013614654541
client id= 1 ,round= 1 ,epoch= 1 ,client update iteration= 40 ,loss= 2.0908753871917725
client id= 1 ,round= 1 ,epoch= 1 ,client update iteration= 50 ,loss= 2.0638768672943115
client id= 1 ,round= 1 ,epoch= 1 ,client update iteration= 60 ,loss= 1.8862861394882202
client id= 1 ,round= 1 ,epoch= 1 ,client update iteration= 70 ,loss= 1.6890534162521362
client id= 1 ,round= 1 ,epoch= 1 ,client update iteration= 80 ,loss= 1.8628816604614258
client id= 1 ,round= 1 ,epoch= 1 ,client update iteration= 90 ,loss= 1.7079191207885742
client id= 1 ,round= 1 ,epoch= 1 ,client update iteration= 100 ,loss= 1.806870698928833
client id= 1 ,round= 1 ,epoch= 1 ,client update iteration= 110 ,loss= 1.6572426557540894
client id= 1 ,round= 1 ,epoch= 1 ,client update iteration= 120 ,loss= 1.773209810256958
client id= 1 ,round= 1 ,epoch= 1 ,client update iteration= 130 ,loss= 1.8282220363616943
client id= 1 ,round= 1 ,epoch= 1 ,client update iteration= 140 ,loss= 1.8808993101119995
client id= 1 ,round= 1 ,epoch= 1 ,client update iteration= 150 ,loss= 1.9511048793792725
client id= 1 ,round= 1 ,epoch= 1 ,client update iteration= 160 ,loss= 1.6865336894989014
client id= 1 ,round= 1 ,epoch= 1 ,client update iteration= 170 ,loss= 1.727186679840088
client id= 1 ,round= 1 ,epoch= 1 ,client update iteration= 180 ,loss= 1.6036994457244873
client id= 1 ,round= 1 ,epoch= 1 ,client update iteration= 190 ,loss= 1.7173418998718262
client id= 1 ,round= 1 ,epoch= 1 ,client update iteration= 200 ,loss= 1.6693534851074219
client id= 1 ,round= 1 ,epoch= 1 ,client update iteration= 210 ,loss= 1.662922739982605
client id= 1 ,round= 1 ,epoch= 1 ,client update iteration= 220 ,loss= 1.5117061138153076
client id= 1 ,round= 1 ,epoch= 1 ,client update iteration= 230 ,loss= 1.7539175748825073
client id= 1 ,round= 1 ,epoch= 1 ,client update iteration= 240 ,loss= 1.4871801137924194
client id= 1 ,round= 1 ,epoch= 1 ,client update iteration= 250 ,loss= 1.5672662258148193
client id= 1 ,round= 1 ,epoch= 1 ,client update iteration= 260 ,loss= 1.4830399751663208
client id= 1 ,round= 1 ,epoch= 1 ,client update iteration= 270 ,loss= 1.5137264728546143
client id= 1 ,round= 1 ,epoch= 1 ,client update iteration= 280 ,loss= 1.4850164651870728
client id= 1 ,round= 1 ,epoch= 1 ,client update iteration= 290 ,loss= 1.657567024230957
client id= 1 ,round= 1 ,epoch= 1 ,client update iteration= 300 ,loss= 1.5359580516815186
client id= 1 ,round= 1 ,epoch= 1 ,client update iteration= 310 ,loss= 1.4734801054000854
client id= 1 ,round= 1 ,epoch= 1 ,client update iteration= 320 ,loss= 1.3721413612365723
client id= 1 ,round= 1 ,epoch= 1 ,client update iteration= 330 ,loss= 1.3619654178619385
client id= 1 ,round= 1 ,epoch= 1 ,client update iteration= 340 ,loss= 1.5244921445846558
client id= 1 ,round= 1 ,epoch= 1 ,client update iteration= 350 ,loss= 1.5146591663360596
client id= 1 ,round= 1 ,epoch= 1 ,client update iteration= 360 ,loss= 1.5653080940246582
client id= 1 ,round= 1 ,epoch= 1 ,client update iteration= 370 ,loss= 1.447367548942566
client id= 1 ,round= 1 ,epoch= 1 ,client update iteration= 380 ,loss= 1.4150091409683228
client id= 1 ,round= 1 ,epoch= 1 ,client update iteration= 390 ,loss= 1.515550136566162
start cal weight time2021-07-01 11:58:19
end cal weight time2021-07-01 11:58:19
layer= 0 ratio= 0.0625
layer= 1 ratio= 0.0625
layer= 2 ratio= 0.0625
layer= 3 ratio= 0.0625
layer= 4 ratio= 0.0625
layer= 5 ratio= 0.0625
layer= 6 ratio= 0.0625
layer= 7 ratio= 0.0625
layer= 8 ratio= 0.0625
layer= 9 ratio= 0.0625
layer= 10 ratio= 0.0625
layer= 11 ratio= 0.0625
layer= 12 ratio= 0.0625
layer= 13 ratio= 0.0625
layer= 14 ratio= 0.0625
layer= 15 ratio= 0.0625
start add noise2021-07-01 11:58:19
end_add_noise_time2021-07-01 11:58:22
start cal weight time2021-07-01 11:58:22
end cal weight time2021-07-01 11:58:22
layer= 0 ratio= 0.0625
layer= 1 ratio= 0.0625
layer= 2 ratio= 0.0625
layer= 3 ratio= 0.0625
layer= 4 ratio= 0.0625
layer= 5 ratio= 0.0625
layer= 6 ratio= 0.0625
layer= 7 ratio= 0.0625
layer= 8 ratio= 0.0625
layer= 9 ratio= 0.0625
layer= 10 ratio= 0.0625
layer= 11 ratio= 0.0625
layer= 12 ratio= 0.0625
layer= 13 ratio= 0.0625
layer= 14 ratio= 0.0625
layer= 15 ratio= 0.0625
start add noise2021-07-01 11:58:22
end_add_noise_time2021-07-01 11:58:24
average train loss= 1.7148306191424885
2021-07-01 11:58:33,round 1,val Accuracy Top1: 19.830000 %
2021-07-01 11:58:33,round 1,val Accuracy Top5: 70.180000 %
******client id  0 ******
client_update start
client id= 0 ,round= 2 ,epoch= 1 ,client update iteration= 10 ,loss= 1.6203149557113647
client id= 0 ,round= 2 ,epoch= 1 ,client update iteration= 20 ,loss= 1.6474729776382446
client id= 0 ,round= 2 ,epoch= 1 ,client update iteration= 30 ,loss= 1.7381988763809204
client id= 0 ,round= 2 ,epoch= 1 ,client update iteration= 40 ,loss= 1.7625155448913574
client id= 0 ,round= 2 ,epoch= 1 ,client update iteration= 50 ,loss= 1.8091366291046143
client id= 0 ,round= 2 ,epoch= 1 ,client update iteration= 60 ,loss= 1.3769112825393677
client id= 0 ,round= 2 ,epoch= 1 ,client update iteration= 70 ,loss= 1.3668371438980103
client id= 0 ,round= 2 ,epoch= 1 ,client update iteration= 80 ,loss= 1.3052376508712769
client id= 0 ,round= 2 ,epoch= 1 ,client update iteration= 90 ,loss= 1.250597357749939
client id= 0 ,round= 2 ,epoch= 1 ,client update iteration= 100 ,loss= 1.3807975053787231
client id= 0 ,round= 2 ,epoch= 1 ,client update iteration= 110 ,loss= 1.1902291774749756
client id= 0 ,round= 2 ,epoch= 1 ,client update iteration= 120 ,loss= 1.2236049175262451
client id= 0 ,round= 2 ,epoch= 1 ,client update iteration= 130 ,loss= 1.2965878248214722
client id= 0 ,round= 2 ,epoch= 1 ,client update iteration= 140 ,loss= 1.664910078048706
client id= 0 ,round= 2 ,epoch= 1 ,client update iteration= 150 ,loss= 1.4613791704177856
client id= 0 ,round= 2 ,epoch= 1 ,client update iteration= 160 ,loss= 1.1486096382141113
client id= 0 ,round= 2 ,epoch= 1 ,client update iteration= 170 ,loss= 1.265561580657959
client id= 0 ,round= 2 ,epoch= 1 ,client update iteration= 180 ,loss= 1.341346263885498
client id= 0 ,round= 2 ,epoch= 1 ,client update iteration= 190 ,loss= 1.0971935987472534
client id= 0 ,round= 2 ,epoch= 1 ,client update iteration= 200 ,loss= 1.4863247871398926
client id= 0 ,round= 2 ,epoch= 1 ,client update iteration= 210 ,loss= 1.4383776187896729
client id= 0 ,round= 2 ,epoch= 1 ,client update iteration= 220 ,loss= 1.3727012872695923
client id= 0 ,round= 2 ,epoch= 1 ,client update iteration= 230 ,loss= 1.0723414421081543
client id= 0 ,round= 2 ,epoch= 1 ,client update iteration= 240 ,loss= 1.0559314489364624
client id= 0 ,round= 2 ,epoch= 1 ,client update iteration= 250 ,loss= 1.2361618280410767
client id= 0 ,round= 2 ,epoch= 1 ,client update iteration= 260 ,loss= 1.3516849279403687
client id= 0 ,round= 2 ,epoch= 1 ,client update iteration= 270 ,loss= 1.0513845682144165
client id= 0 ,round= 2 ,epoch= 1 ,client update iteration= 280 ,loss= 1.133702278137207
client id= 0 ,round= 2 ,epoch= 1 ,client update iteration= 290 ,loss= 1.0751436948776245
client id= 0 ,round= 2 ,epoch= 1 ,client update iteration= 300 ,loss= 1.2424708604812622
client id= 0 ,round= 2 ,epoch= 1 ,client update iteration= 310 ,loss= 1.4448903799057007
client id= 0 ,round= 2 ,epoch= 1 ,client update iteration= 320 ,loss= 1.1653861999511719
client id= 0 ,round= 2 ,epoch= 1 ,client update iteration= 330 ,loss= 1.2996678352355957
client id= 0 ,round= 2 ,epoch= 1 ,client update iteration= 340 ,loss= 0.9763034582138062
client id= 0 ,round= 2 ,epoch= 1 ,client update iteration= 350 ,loss= 1.2447054386138916
client id= 0 ,round= 2 ,epoch= 1 ,client update iteration= 360 ,loss= 1.401429533958435
client id= 0 ,round= 2 ,epoch= 1 ,client update iteration= 370 ,loss= 1.1565464735031128
client id= 0 ,round= 2 ,epoch= 1 ,client update iteration= 380 ,loss= 1.3749780654907227
client id= 0 ,round= 2 ,epoch= 1 ,client update iteration= 390 ,loss= 1.0341777801513672
******client id  1 ******
client_update start
client id= 1 ,round= 2 ,epoch= 1 ,client update iteration= 10 ,loss= 2.2229013442993164
client id= 1 ,round= 2 ,epoch= 1 ,client update iteration= 20 ,loss= 1.8330252170562744
client id= 1 ,round= 2 ,epoch= 1 ,client update iteration= 30 ,loss= 1.6682780981063843
client id= 1 ,round= 2 ,epoch= 1 ,client update iteration= 40 ,loss= 1.4063199758529663
client id= 1 ,round= 2 ,epoch= 1 ,client update iteration= 50 ,loss= 1.6468982696533203
client id= 1 ,round= 2 ,epoch= 1 ,client update iteration= 60 ,loss= 1.4693152904510498
client id= 1 ,round= 2 ,epoch= 1 ,client update iteration= 70 ,loss= 1.5028331279754639
client id= 1 ,round= 2 ,epoch= 1 ,client update iteration= 80 ,loss= 1.7040953636169434
client id= 1 ,round= 2 ,epoch= 1 ,client update iteration= 90 ,loss= 1.591391682624817
client id= 1 ,round= 2 ,epoch= 1 ,client update iteration= 100 ,loss= 1.5743064880371094
client id= 1 ,round= 2 ,epoch= 1 ,client update iteration= 110 ,loss= 1.4011726379394531
client id= 1 ,round= 2 ,epoch= 1 ,client update iteration= 120 ,loss= 1.1832780838012695
client id= 1 ,round= 2 ,epoch= 1 ,client update iteration= 130 ,loss= 1.3645256757736206
client id= 1 ,round= 2 ,epoch= 1 ,client update iteration= 140 ,loss= 1.3745399713516235
client id= 1 ,round= 2 ,epoch= 1 ,client update iteration= 150 ,loss= 1.3825876712799072
client id= 1 ,round= 2 ,epoch= 1 ,client update iteration= 160 ,loss= 1.3783280849456787
client id= 1 ,round= 2 ,epoch= 1 ,client update iteration= 170 ,loss= 1.4327490329742432
client id= 1 ,round= 2 ,epoch= 1 ,client update iteration= 180 ,loss= 1.2840155363082886
client id= 1 ,round= 2 ,epoch= 1 ,client update iteration= 190 ,loss= 1.1786812543869019
client id= 1 ,round= 2 ,epoch= 1 ,client update iteration= 200 ,loss= 1.342154860496521
client id= 1 ,round= 2 ,epoch= 1 ,client update iteration= 210 ,loss= 1.3237056732177734
client id= 1 ,round= 2 ,epoch= 1 ,client update iteration= 220 ,loss= 1.335261583328247
client id= 1 ,round= 2 ,epoch= 1 ,client update iteration= 230 ,loss= 1.2415828704833984
client id= 1 ,round= 2 ,epoch= 1 ,client update iteration= 240 ,loss= 1.1618846654891968
client id= 1 ,round= 2 ,epoch= 1 ,client update iteration= 250 ,loss= 1.1475930213928223
client id= 1 ,round= 2 ,epoch= 1 ,client update iteration= 260 ,loss= 1.2083452939987183
client id= 1 ,round= 2 ,epoch= 1 ,client update iteration= 270 ,loss= 1.121321678161621
client id= 1 ,round= 2 ,epoch= 1 ,client update iteration= 280 ,loss= 1.195570707321167
client id= 1 ,round= 2 ,epoch= 1 ,client update iteration= 290 ,loss= 1.1830915212631226
client id= 1 ,round= 2 ,epoch= 1 ,client update iteration= 300 ,loss= 1.0880306959152222
client id= 1 ,round= 2 ,epoch= 1 ,client update iteration= 310 ,loss= 1.3836294412612915
client id= 1 ,round= 2 ,epoch= 1 ,client update iteration= 320 ,loss= 1.1967706680297852
client id= 1 ,round= 2 ,epoch= 1 ,client update iteration= 330 ,loss= 1.2886677980422974
client id= 1 ,round= 2 ,epoch= 1 ,client update iteration= 340 ,loss= 1.065601110458374
client id= 1 ,round= 2 ,epoch= 1 ,client update iteration= 350 ,loss= 1.2168618440628052
client id= 1 ,round= 2 ,epoch= 1 ,client update iteration= 360 ,loss= 1.0762121677398682
client id= 1 ,round= 2 ,epoch= 1 ,client update iteration= 370 ,loss= 1.5206935405731201
client id= 1 ,round= 2 ,epoch= 1 ,client update iteration= 380 ,loss= 1.3545939922332764
client id= 1 ,round= 2 ,epoch= 1 ,client update iteration= 390 ,loss= 0.9912971258163452
start cal weight time2021-07-01 12:00:57
end cal weight time2021-07-01 12:00:57
layer= 0 ratio= 0.0625
layer= 1 ratio= 0.0625
layer= 2 ratio= 0.0625
layer= 3 ratio= 0.0625
layer= 4 ratio= 0.0625
layer= 5 ratio= 0.0625
layer= 6 ratio= 0.0625
layer= 7 ratio= 0.0625
layer= 8 ratio= 0.0625
layer= 9 ratio= 0.0625
layer= 10 ratio= 0.0625
layer= 11 ratio= 0.0625
layer= 12 ratio= 0.0625
layer= 13 ratio= 0.0625
layer= 14 ratio= 0.0625
layer= 15 ratio= 0.0625
start add noise2021-07-01 12:00:57
end_add_noise_time2021-07-01 12:00:59
start cal weight time2021-07-01 12:00:59
end cal weight time2021-07-01 12:00:59
layer= 0 ratio= 0.0625
layer= 1 ratio= 0.0625
layer= 2 ratio= 0.0625
layer= 3 ratio= 0.0625
layer= 4 ratio= 0.0625
layer= 5 ratio= 0.0625
layer= 6 ratio= 0.0625
layer= 7 ratio= 0.0625
layer= 8 ratio= 0.0625
layer= 9 ratio= 0.0625
layer= 10 ratio= 0.0625
layer= 11 ratio= 0.0625
layer= 12 ratio= 0.0625
layer= 13 ratio= 0.0625
layer= 14 ratio= 0.0625
layer= 15 ratio= 0.0625
start add noise2021-07-01 12:00:59
end_add_noise_time2021-07-01 12:01:02
average train loss= 1.3566937502997611
2021-07-01 12:01:10,round 2,val Accuracy Top1: 58.170000 %
2021-07-01 12:01:10,round 2,val Accuracy Top5: 95.390000 %
******client id  0 ******
client_update start
client id= 0 ,round= 3 ,epoch= 1 ,client update iteration= 10 ,loss= 1.6041926145553589
client id= 0 ,round= 3 ,epoch= 1 ,client update iteration= 20 ,loss= 1.3288074731826782
client id= 0 ,round= 3 ,epoch= 1 ,client update iteration= 30 ,loss= 1.1788040399551392
client id= 0 ,round= 3 ,epoch= 1 ,client update iteration= 40 ,loss= 1.3424320220947266
client id= 0 ,round= 3 ,epoch= 1 ,client update iteration= 50 ,loss= 1.4066789150238037
client id= 0 ,round= 3 ,epoch= 1 ,client update iteration= 60 ,loss= 0.9840563535690308
client id= 0 ,round= 3 ,epoch= 1 ,client update iteration= 70 ,loss= 1.1203163862228394
client id= 0 ,round= 3 ,epoch= 1 ,client update iteration= 80 ,loss= 1.0046039819717407
client id= 0 ,round= 3 ,epoch= 1 ,client update iteration= 90 ,loss= 1.0514233112335205
client id= 0 ,round= 3 ,epoch= 1 ,client update iteration= 100 ,loss= 1.2181589603424072
client id= 0 ,round= 3 ,epoch= 1 ,client update iteration= 110 ,loss= 1.0732803344726562
client id= 0 ,round= 3 ,epoch= 1 ,client update iteration= 120 ,loss= 1.1472221612930298
client id= 0 ,round= 3 ,epoch= 1 ,client update iteration= 130 ,loss= 1.0837539434432983
client id= 0 ,round= 3 ,epoch= 1 ,client update iteration= 140 ,loss= 0.9928222298622131
client id= 0 ,round= 3 ,epoch= 1 ,client update iteration= 150 ,loss= 1.16020929813385
client id= 0 ,round= 3 ,epoch= 1 ,client update iteration= 160 ,loss= 1.1598402261734009
client id= 0 ,round= 3 ,epoch= 1 ,client update iteration= 170 ,loss= 0.7389028668403625
client id= 0 ,round= 3 ,epoch= 1 ,client update iteration= 180 ,loss= 1.011165738105774
client id= 0 ,round= 3 ,epoch= 1 ,client update iteration= 190 ,loss= 1.2790143489837646
client id= 0 ,round= 3 ,epoch= 1 ,client update iteration= 200 ,loss= 0.8536878228187561
client id= 0 ,round= 3 ,epoch= 1 ,client update iteration= 210 ,loss= 1.1072865724563599
client id= 0 ,round= 3 ,epoch= 1 ,client update iteration= 220 ,loss= 0.9810599684715271
client id= 0 ,round= 3 ,epoch= 1 ,client update iteration= 230 ,loss= 0.9189491271972656
client id= 0 ,round= 3 ,epoch= 1 ,client update iteration= 240 ,loss= 0.8841442465782166
client id= 0 ,round= 3 ,epoch= 1 ,client update iteration= 250 ,loss= 1.1736161708831787
client id= 0 ,round= 3 ,epoch= 1 ,client update iteration= 260 ,loss= 0.9335662722587585
client id= 0 ,round= 3 ,epoch= 1 ,client update iteration= 270 ,loss= 1.3060212135314941
client id= 0 ,round= 3 ,epoch= 1 ,client update iteration= 280 ,loss= 1.0798249244689941
client id= 0 ,round= 3 ,epoch= 1 ,client update iteration= 290 ,loss= 0.8123544454574585
client id= 0 ,round= 3 ,epoch= 1 ,client update iteration= 300 ,loss= 0.6686137914657593
client id= 0 ,round= 3 ,epoch= 1 ,client update iteration= 310 ,loss= 1.05056631565094
client id= 0 ,round= 3 ,epoch= 1 ,client update iteration= 320 ,loss= 1.0376365184783936
client id= 0 ,round= 3 ,epoch= 1 ,client update iteration= 330 ,loss= 1.0330156087875366
client id= 0 ,round= 3 ,epoch= 1 ,client update iteration= 340 ,loss= 0.9385852813720703
client id= 0 ,round= 3 ,epoch= 1 ,client update iteration= 350 ,loss= 1.0615907907485962
client id= 0 ,round= 3 ,epoch= 1 ,client update iteration= 360 ,loss= 1.18426513671875
client id= 0 ,round= 3 ,epoch= 1 ,client update iteration= 370 ,loss= 0.9987683296203613
client id= 0 ,round= 3 ,epoch= 1 ,client update iteration= 380 ,loss= 0.9583340287208557
client id= 0 ,round= 3 ,epoch= 1 ,client update iteration= 390 ,loss= 0.8293375968933105
******client id  1 ******
client_update start
client id= 1 ,round= 3 ,epoch= 1 ,client update iteration= 10 ,loss= 1.3612918853759766
client id= 1 ,round= 3 ,epoch= 1 ,client update iteration= 20 ,loss= 1.4909876585006714
client id= 1 ,round= 3 ,epoch= 1 ,client update iteration= 30 ,loss= 1.2683734893798828
client id= 1 ,round= 3 ,epoch= 1 ,client update iteration= 40 ,loss= 1.281664490699768
client id= 1 ,round= 3 ,epoch= 1 ,client update iteration= 50 ,loss= 1.0447895526885986
client id= 1 ,round= 3 ,epoch= 1 ,client update iteration= 60 ,loss= 1.054020643234253
client id= 1 ,round= 3 ,epoch= 1 ,client update iteration= 70 ,loss= 1.2214486598968506
client id= 1 ,round= 3 ,epoch= 1 ,client update iteration= 80 ,loss= 1.2581217288970947
client id= 1 ,round= 3 ,epoch= 1 ,client update iteration= 90 ,loss= 1.2015093564987183
client id= 1 ,round= 3 ,epoch= 1 ,client update iteration= 100 ,loss= 1.1013354063034058
client id= 1 ,round= 3 ,epoch= 1 ,client update iteration= 110 ,loss= 1.329792857170105
client id= 1 ,round= 3 ,epoch= 1 ,client update iteration= 120 ,loss= 1.38775634765625
client id= 1 ,round= 3 ,epoch= 1 ,client update iteration= 130 ,loss= 0.9684432744979858
client id= 1 ,round= 3 ,epoch= 1 ,client update iteration= 140 ,loss= 1.0057272911071777
client id= 1 ,round= 3 ,epoch= 1 ,client update iteration= 150 ,loss= 0.9644657373428345
client id= 1 ,round= 3 ,epoch= 1 ,client update iteration= 160 ,loss= 1.5119576454162598
client id= 1 ,round= 3 ,epoch= 1 ,client update iteration= 170 ,loss= 1.0692428350448608
client id= 1 ,round= 3 ,epoch= 1 ,client update iteration= 180 ,loss= 0.937046229839325
client id= 1 ,round= 3 ,epoch= 1 ,client update iteration= 190 ,loss= 0.8493251204490662
client id= 1 ,round= 3 ,epoch= 1 ,client update iteration= 200 ,loss= 1.0557844638824463
client id= 1 ,round= 3 ,epoch= 1 ,client update iteration= 210 ,loss= 1.0692311525344849
client id= 1 ,round= 3 ,epoch= 1 ,client update iteration= 220 ,loss= 1.1990180015563965
client id= 1 ,round= 3 ,epoch= 1 ,client update iteration= 230 ,loss= 1.2414343357086182
client id= 1 ,round= 3 ,epoch= 1 ,client update iteration= 240 ,loss= 1.0697810649871826
client id= 1 ,round= 3 ,epoch= 1 ,client update iteration= 250 ,loss= 1.067937970161438
client id= 1 ,round= 3 ,epoch= 1 ,client update iteration= 260 ,loss= 0.8187254071235657
client id= 1 ,round= 3 ,epoch= 1 ,client update iteration= 270 ,loss= 0.8993023633956909
client id= 1 ,round= 3 ,epoch= 1 ,client update iteration= 280 ,loss= 1.2882628440856934
client id= 1 ,round= 3 ,epoch= 1 ,client update iteration= 290 ,loss= 0.9074813723564148
client id= 1 ,round= 3 ,epoch= 1 ,client update iteration= 300 ,loss= 1.1030874252319336
client id= 1 ,round= 3 ,epoch= 1 ,client update iteration= 310 ,loss= 0.8965726494789124
client id= 1 ,round= 3 ,epoch= 1 ,client update iteration= 320 ,loss= 1.056090235710144
client id= 1 ,round= 3 ,epoch= 1 ,client update iteration= 330 ,loss= 0.8419190645217896
client id= 1 ,round= 3 ,epoch= 1 ,client update iteration= 340 ,loss= 0.86578768491745
client id= 1 ,round= 3 ,epoch= 1 ,client update iteration= 350 ,loss= 0.8666772842407227
client id= 1 ,round= 3 ,epoch= 1 ,client update iteration= 360 ,loss= 0.9523323774337769
client id= 1 ,round= 3 ,epoch= 1 ,client update iteration= 370 ,loss= 1.4279277324676514
client id= 1 ,round= 3 ,epoch= 1 ,client update iteration= 380 ,loss= 0.8044164776802063
client id= 1 ,round= 3 ,epoch= 1 ,client update iteration= 390 ,loss= 1.222833275794983
start cal weight time2021-07-01 12:03:35
end cal weight time2021-07-01 12:03:35
layer= 0 ratio= 0.0625
layer= 1 ratio= 0.0625
layer= 2 ratio= 0.0625
layer= 3 ratio= 0.0625
layer= 4 ratio= 0.0625
layer= 5 ratio= 0.0625
layer= 6 ratio= 0.0625
layer= 7 ratio= 0.0625
layer= 8 ratio= 0.0625
layer= 9 ratio= 0.0625
layer= 10 ratio= 0.0625
layer= 11 ratio= 0.0625
layer= 12 ratio= 0.0625
layer= 13 ratio= 0.0625
layer= 14 ratio= 0.0625
layer= 15 ratio= 0.0625
start add noise2021-07-01 12:03:35
end_add_noise_time2021-07-01 12:03:37
start cal weight time2021-07-01 12:03:37
end cal weight time2021-07-01 12:03:37
layer= 0 ratio= 0.0625
layer= 1 ratio= 0.0625
layer= 2 ratio= 0.0625
layer= 3 ratio= 0.0625
layer= 4 ratio= 0.0625
layer= 5 ratio= 0.0625
layer= 6 ratio= 0.0625
layer= 7 ratio= 0.0625
layer= 8 ratio= 0.0625
layer= 9 ratio= 0.0625
layer= 10 ratio= 0.0625
layer= 11 ratio= 0.0625
layer= 12 ratio= 0.0625
layer= 13 ratio= 0.0625
layer= 14 ratio= 0.0625
layer= 15 ratio= 0.0625
start add noise2021-07-01 12:03:37
end_add_noise_time2021-07-01 12:03:40
average train loss= 1.0851578730756364
2021-07-01 12:03:48,round 3,val Accuracy Top1: 38.910000 %
2021-07-01 12:03:48,round 3,val Accuracy Top5: 93.300000 %
******client id  0 ******
client_update start
client id= 0 ,round= 4 ,epoch= 1 ,client update iteration= 10 ,loss= 1.4934096336364746
client id= 0 ,round= 4 ,epoch= 1 ,client update iteration= 20 ,loss= 1.217057466506958
client id= 0 ,round= 4 ,epoch= 1 ,client update iteration= 30 ,loss= 1.1823959350585938
client id= 0 ,round= 4 ,epoch= 1 ,client update iteration= 40 ,loss= 1.2529617547988892
client id= 0 ,round= 4 ,epoch= 1 ,client update iteration= 50 ,loss= 1.0788487195968628
client id= 0 ,round= 4 ,epoch= 1 ,client update iteration= 60 ,loss= 1.027766227722168
client id= 0 ,round= 4 ,epoch= 1 ,client update iteration= 70 ,loss= 1.1740833520889282
client id= 0 ,round= 4 ,epoch= 1 ,client update iteration= 80 ,loss= 1.048041820526123
client id= 0 ,round= 4 ,epoch= 1 ,client update iteration= 90 ,loss= 0.9599786400794983
client id= 0 ,round= 4 ,epoch= 1 ,client update iteration= 100 ,loss= 1.0927315950393677
client id= 0 ,round= 4 ,epoch= 1 ,client update iteration= 110 ,loss= 1.0670047998428345
client id= 0 ,round= 4 ,epoch= 1 ,client update iteration= 120 ,loss= 1.1064062118530273
client id= 0 ,round= 4 ,epoch= 1 ,client update iteration= 130 ,loss= 1.2602977752685547
client id= 0 ,round= 4 ,epoch= 1 ,client update iteration= 140 ,loss= 1.343746304512024
client id= 0 ,round= 4 ,epoch= 1 ,client update iteration= 150 ,loss= 1.3626158237457275
client id= 0 ,round= 4 ,epoch= 1 ,client update iteration= 160 ,loss= 1.0865031480789185
client id= 0 ,round= 4 ,epoch= 1 ,client update iteration= 170 ,loss= 0.9379705786705017
client id= 0 ,round= 4 ,epoch= 1 ,client update iteration= 180 ,loss= 0.7969812750816345
client id= 0 ,round= 4 ,epoch= 1 ,client update iteration= 190 ,loss= 0.8130910396575928
client id= 0 ,round= 4 ,epoch= 1 ,client update iteration= 200 ,loss= 1.0874358415603638
client id= 0 ,round= 4 ,epoch= 1 ,client update iteration= 210 ,loss= 0.8422925472259521
client id= 0 ,round= 4 ,epoch= 1 ,client update iteration= 220 ,loss= 0.9979078769683838
client id= 0 ,round= 4 ,epoch= 1 ,client update iteration= 230 ,loss= 1.2031139135360718
client id= 0 ,round= 4 ,epoch= 1 ,client update iteration= 240 ,loss= 1.0266022682189941
client id= 0 ,round= 4 ,epoch= 1 ,client update iteration= 250 ,loss= 0.8522326350212097
client id= 0 ,round= 4 ,epoch= 1 ,client update iteration= 260 ,loss= 0.8442294597625732
client id= 0 ,round= 4 ,epoch= 1 ,client update iteration= 270 ,loss= 1.0787237882614136
client id= 0 ,round= 4 ,epoch= 1 ,client update iteration= 280 ,loss= 0.8416423797607422
client id= 0 ,round= 4 ,epoch= 1 ,client update iteration= 290 ,loss= 0.8991440534591675
client id= 0 ,round= 4 ,epoch= 1 ,client update iteration= 300 ,loss= 1.0837087631225586
client id= 0 ,round= 4 ,epoch= 1 ,client update iteration= 310 ,loss= 0.8912234902381897
client id= 0 ,round= 4 ,epoch= 1 ,client update iteration= 320 ,loss= 0.9578858017921448
client id= 0 ,round= 4 ,epoch= 1 ,client update iteration= 330 ,loss= 1.0676977634429932
client id= 0 ,round= 4 ,epoch= 1 ,client update iteration= 340 ,loss= 1.1594147682189941
client id= 0 ,round= 4 ,epoch= 1 ,client update iteration= 350 ,loss= 0.965129017829895
client id= 0 ,round= 4 ,epoch= 1 ,client update iteration= 360 ,loss= 0.8888100385665894
client id= 0 ,round= 4 ,epoch= 1 ,client update iteration= 370 ,loss= 0.9441148638725281
client id= 0 ,round= 4 ,epoch= 1 ,client update iteration= 380 ,loss= 0.8685168623924255
client id= 0 ,round= 4 ,epoch= 1 ,client update iteration= 390 ,loss= 0.8886130452156067
******client id  1 ******
client_update start
client id= 1 ,round= 4 ,epoch= 1 ,client update iteration= 10 ,loss= 1.3438804149627686
client id= 1 ,round= 4 ,epoch= 1 ,client update iteration= 20 ,loss= 1.264662265777588
client id= 1 ,round= 4 ,epoch= 1 ,client update iteration= 30 ,loss= 1.2214374542236328
client id= 1 ,round= 4 ,epoch= 1 ,client update iteration= 40 ,loss= 1.110390543937683
client id= 1 ,round= 4 ,epoch= 1 ,client update iteration= 50 ,loss= 0.9087432622909546
client id= 1 ,round= 4 ,epoch= 1 ,client update iteration= 60 ,loss= 1.0178110599517822
client id= 1 ,round= 4 ,epoch= 1 ,client update iteration= 70 ,loss= 1.3541998863220215
client id= 1 ,round= 4 ,epoch= 1 ,client update iteration= 80 ,loss= 1.2677026987075806
client id= 1 ,round= 4 ,epoch= 1 ,client update iteration= 90 ,loss= 1.3169374465942383
client id= 1 ,round= 4 ,epoch= 1 ,client update iteration= 100 ,loss= 1.191427230834961
client id= 1 ,round= 4 ,epoch= 1 ,client update iteration= 110 ,loss= 0.8712308406829834
client id= 1 ,round= 4 ,epoch= 1 ,client update iteration= 120 ,loss= 1.2779641151428223
client id= 1 ,round= 4 ,epoch= 1 ,client update iteration= 130 ,loss= 1.1355676651000977
client id= 1 ,round= 4 ,epoch= 1 ,client update iteration= 140 ,loss= 1.143783688545227
client id= 1 ,round= 4 ,epoch= 1 ,client update iteration= 150 ,loss= 1.201941728591919
client id= 1 ,round= 4 ,epoch= 1 ,client update iteration= 160 ,loss= 1.1222699880599976
client id= 1 ,round= 4 ,epoch= 1 ,client update iteration= 170 ,loss= 1.2468687295913696
client id= 1 ,round= 4 ,epoch= 1 ,client update iteration= 180 ,loss= 0.8960530757904053
client id= 1 ,round= 4 ,epoch= 1 ,client update iteration= 190 ,loss= 1.080715537071228
client id= 1 ,round= 4 ,epoch= 1 ,client update iteration= 200 ,loss= 1.0857725143432617
client id= 1 ,round= 4 ,epoch= 1 ,client update iteration= 210 ,loss= 0.9165961742401123
client id= 1 ,round= 4 ,epoch= 1 ,client update iteration= 220 ,loss= 0.9973248839378357
client id= 1 ,round= 4 ,epoch= 1 ,client update iteration= 230 ,loss= 1.2410539388656616
client id= 1 ,round= 4 ,epoch= 1 ,client update iteration= 240 ,loss= 0.8997990489006042
client id= 1 ,round= 4 ,epoch= 1 ,client update iteration= 250 ,loss= 0.935321033000946
client id= 1 ,round= 4 ,epoch= 1 ,client update iteration= 260 ,loss= 1.0547637939453125
client id= 1 ,round= 4 ,epoch= 1 ,client update iteration= 270 ,loss= 1.098418116569519
client id= 1 ,round= 4 ,epoch= 1 ,client update iteration= 280 ,loss= 0.8813465237617493
client id= 1 ,round= 4 ,epoch= 1 ,client update iteration= 290 ,loss= 0.9423003196716309
client id= 1 ,round= 4 ,epoch= 1 ,client update iteration= 300 ,loss= 1.199095606803894
client id= 1 ,round= 4 ,epoch= 1 ,client update iteration= 310 ,loss= 1.0282106399536133
client id= 1 ,round= 4 ,epoch= 1 ,client update iteration= 320 ,loss= 0.6936402916908264
client id= 1 ,round= 4 ,epoch= 1 ,client update iteration= 330 ,loss= 1.0271717309951782
client id= 1 ,round= 4 ,epoch= 1 ,client update iteration= 340 ,loss= 1.113420844078064
client id= 1 ,round= 4 ,epoch= 1 ,client update iteration= 350 ,loss= 0.9229812026023865
client id= 1 ,round= 4 ,epoch= 1 ,client update iteration= 360 ,loss= 0.9592245817184448
client id= 1 ,round= 4 ,epoch= 1 ,client update iteration= 370 ,loss= 0.7743381857872009
client id= 1 ,round= 4 ,epoch= 1 ,client update iteration= 380 ,loss= 0.9771440029144287
client id= 1 ,round= 4 ,epoch= 1 ,client update iteration= 390 ,loss= 0.9082987308502197
start cal weight time2021-07-01 12:06:12
end cal weight time2021-07-01 12:06:12
layer= 0 ratio= 0.0625
layer= 1 ratio= 0.0625
layer= 2 ratio= 0.0625
layer= 3 ratio= 0.0625
layer= 4 ratio= 0.0625
layer= 5 ratio= 0.0625
layer= 6 ratio= 0.0625
layer= 7 ratio= 0.0625
layer= 8 ratio= 0.0625
layer= 9 ratio= 0.0625
layer= 10 ratio= 0.0625
layer= 11 ratio= 0.0625
layer= 12 ratio= 0.0625
layer= 13 ratio= 0.0625
layer= 14 ratio= 0.0625
layer= 15 ratio= 0.0625
start add noise2021-07-01 12:06:12
end_add_noise_time2021-07-01 12:06:15
start cal weight time2021-07-01 12:06:15
end cal weight time2021-07-01 12:06:15
layer= 0 ratio= 0.0625
layer= 1 ratio= 0.0625
layer= 2 ratio= 0.0625
layer= 3 ratio= 0.0625
layer= 4 ratio= 0.0625
layer= 5 ratio= 0.0625
layer= 6 ratio= 0.0625
layer= 7 ratio= 0.0625
layer= 8 ratio= 0.0625
layer= 9 ratio= 0.0625
layer= 10 ratio= 0.0625
layer= 11 ratio= 0.0625
layer= 12 ratio= 0.0625
layer= 13 ratio= 0.0625
layer= 14 ratio= 0.0625
layer= 15 ratio= 0.0625
start add noise2021-07-01 12:06:15
end_add_noise_time2021-07-01 12:06:18
average train loss= 1.0699477723187498
2021-07-01 12:06:26,round 4,val Accuracy Top1: 41.590000 %
2021-07-01 12:06:26,round 4,val Accuracy Top5: 89.850000 %
******client id  0 ******
client_update start
client id= 0 ,round= 5 ,epoch= 1 ,client update iteration= 10 ,loss= 2.1246306896209717
client id= 0 ,round= 5 ,epoch= 1 ,client update iteration= 20 ,loss= 1.9692071676254272
client id= 0 ,round= 5 ,epoch= 1 ,client update iteration= 30 ,loss= 1.9577065706253052
client id= 0 ,round= 5 ,epoch= 1 ,client update iteration= 40 ,loss= 2.0234415531158447
client id= 0 ,round= 5 ,epoch= 1 ,client update iteration= 50 ,loss= 1.7518057823181152
client id= 0 ,round= 5 ,epoch= 1 ,client update iteration= 60 ,loss= 1.8275827169418335
client id= 0 ,round= 5 ,epoch= 1 ,client update iteration= 70 ,loss= 1.7369803190231323
client id= 0 ,round= 5 ,epoch= 1 ,client update iteration= 80 ,loss= 1.6599724292755127
client id= 0 ,round= 5 ,epoch= 1 ,client update iteration= 90 ,loss= 1.3616771697998047
client id= 0 ,round= 5 ,epoch= 1 ,client update iteration= 100 ,loss= 1.4702625274658203
client id= 0 ,round= 5 ,epoch= 1 ,client update iteration= 110 ,loss= 1.3240963220596313
client id= 0 ,round= 5 ,epoch= 1 ,client update iteration= 120 ,loss= 1.6004499197006226
client id= 0 ,round= 5 ,epoch= 1 ,client update iteration= 130 ,loss= 1.4887492656707764
client id= 0 ,round= 5 ,epoch= 1 ,client update iteration= 140 ,loss= 1.4526233673095703
client id= 0 ,round= 5 ,epoch= 1 ,client update iteration= 150 ,loss= 1.476773738861084
client id= 0 ,round= 5 ,epoch= 1 ,client update iteration= 160 ,loss= 1.0666861534118652
client id= 0 ,round= 5 ,epoch= 1 ,client update iteration= 170 ,loss= 1.2339423894882202
client id= 0 ,round= 5 ,epoch= 1 ,client update iteration= 180 ,loss= 1.3076915740966797
client id= 0 ,round= 5 ,epoch= 1 ,client update iteration= 190 ,loss= 1.3726165294647217
client id= 0 ,round= 5 ,epoch= 1 ,client update iteration= 200 ,loss= 1.3772928714752197
client id= 0 ,round= 5 ,epoch= 1 ,client update iteration= 210 ,loss= 1.0357675552368164
client id= 0 ,round= 5 ,epoch= 1 ,client update iteration= 220 ,loss= 1.098572850227356
client id= 0 ,round= 5 ,epoch= 1 ,client update iteration= 230 ,loss= 1.2675973176956177
client id= 0 ,round= 5 ,epoch= 1 ,client update iteration= 240 ,loss= 1.3813917636871338
client id= 0 ,round= 5 ,epoch= 1 ,client update iteration= 250 ,loss= 1.160493016242981
client id= 0 ,round= 5 ,epoch= 1 ,client update iteration= 260 ,loss= 1.0739954710006714
client id= 0 ,round= 5 ,epoch= 1 ,client update iteration= 270 ,loss= 0.979682981967926
client id= 0 ,round= 5 ,epoch= 1 ,client update iteration= 280 ,loss= 1.5582952499389648
client id= 0 ,round= 5 ,epoch= 1 ,client update iteration= 290 ,loss= 1.2594579458236694
client id= 0 ,round= 5 ,epoch= 1 ,client update iteration= 300 ,loss= 1.1474800109863281
client id= 0 ,round= 5 ,epoch= 1 ,client update iteration= 310 ,loss= 1.2883870601654053
client id= 0 ,round= 5 ,epoch= 1 ,client update iteration= 320 ,loss= 1.1649246215820312
client id= 0 ,round= 5 ,epoch= 1 ,client update iteration= 330 ,loss= 1.1898159980773926
client id= 0 ,round= 5 ,epoch= 1 ,client update iteration= 340 ,loss= 1.307233452796936
client id= 0 ,round= 5 ,epoch= 1 ,client update iteration= 350 ,loss= 1.1279752254486084
client id= 0 ,round= 5 ,epoch= 1 ,client update iteration= 360 ,loss= 1.2779215574264526
client id= 0 ,round= 5 ,epoch= 1 ,client update iteration= 370 ,loss= 1.163250207901001
client id= 0 ,round= 5 ,epoch= 1 ,client update iteration= 380 ,loss= 0.93227219581604
client id= 0 ,round= 5 ,epoch= 1 ,client update iteration= 390 ,loss= 1.3511282205581665
******client id  1 ******
client_update start
client id= 1 ,round= 5 ,epoch= 1 ,client update iteration= 10 ,loss= 2.1968398094177246
client id= 1 ,round= 5 ,epoch= 1 ,client update iteration= 20 ,loss= 2.09195613861084
client id= 1 ,round= 5 ,epoch= 1 ,client update iteration= 30 ,loss= 2.147488594055176
client id= 1 ,round= 5 ,epoch= 1 ,client update iteration= 40 ,loss= 1.798587679862976
client id= 1 ,round= 5 ,epoch= 1 ,client update iteration= 50 ,loss= 1.938686490058899
client id= 1 ,round= 5 ,epoch= 1 ,client update iteration= 60 ,loss= 1.7729984521865845
client id= 1 ,round= 5 ,epoch= 1 ,client update iteration= 70 ,loss= 1.5694632530212402
client id= 1 ,round= 5 ,epoch= 1 ,client update iteration= 80 ,loss= 1.4918564558029175
client id= 1 ,round= 5 ,epoch= 1 ,client update iteration= 90 ,loss= 1.613843560218811
client id= 1 ,round= 5 ,epoch= 1 ,client update iteration= 100 ,loss= 1.999321699142456
client id= 1 ,round= 5 ,epoch= 1 ,client update iteration= 110 ,loss= 1.5952446460723877
client id= 1 ,round= 5 ,epoch= 1 ,client update iteration= 120 ,loss= 1.5179991722106934
client id= 1 ,round= 5 ,epoch= 1 ,client update iteration= 130 ,loss= 1.4316552877426147
client id= 1 ,round= 5 ,epoch= 1 ,client update iteration= 140 ,loss= 1.336139440536499
client id= 1 ,round= 5 ,epoch= 1 ,client update iteration= 150 ,loss= 1.3432258367538452
client id= 1 ,round= 5 ,epoch= 1 ,client update iteration= 160 ,loss= 1.6730258464813232
client id= 1 ,round= 5 ,epoch= 1 ,client update iteration= 170 ,loss= 1.5902814865112305
client id= 1 ,round= 5 ,epoch= 1 ,client update iteration= 180 ,loss= 1.2405602931976318
client id= 1 ,round= 5 ,epoch= 1 ,client update iteration= 190 ,loss= 1.4001277685165405
client id= 1 ,round= 5 ,epoch= 1 ,client update iteration= 200 ,loss= 1.1718355417251587
client id= 1 ,round= 5 ,epoch= 1 ,client update iteration= 210 ,loss= 1.4155584573745728
client id= 1 ,round= 5 ,epoch= 1 ,client update iteration= 220 ,loss= 1.1561559438705444
client id= 1 ,round= 5 ,epoch= 1 ,client update iteration= 230 ,loss= 1.1950162649154663
client id= 1 ,round= 5 ,epoch= 1 ,client update iteration= 240 ,loss= 1.2999615669250488
client id= 1 ,round= 5 ,epoch= 1 ,client update iteration= 250 ,loss= 1.3311116695404053
client id= 1 ,round= 5 ,epoch= 1 ,client update iteration= 260 ,loss= 1.3405393362045288
client id= 1 ,round= 5 ,epoch= 1 ,client update iteration= 270 ,loss= 1.2082077264785767
client id= 1 ,round= 5 ,epoch= 1 ,client update iteration= 280 ,loss= 1.1841884851455688
client id= 1 ,round= 5 ,epoch= 1 ,client update iteration= 290 ,loss= 1.1730509996414185
client id= 1 ,round= 5 ,epoch= 1 ,client update iteration= 300 ,loss= 1.238146424293518
client id= 1 ,round= 5 ,epoch= 1 ,client update iteration= 310 ,loss= 1.2437480688095093
client id= 1 ,round= 5 ,epoch= 1 ,client update iteration= 320 ,loss= 1.3293871879577637
client id= 1 ,round= 5 ,epoch= 1 ,client update iteration= 330 ,loss= 1.4967938661575317
client id= 1 ,round= 5 ,epoch= 1 ,client update iteration= 340 ,loss= 1.1541837453842163
client id= 1 ,round= 5 ,epoch= 1 ,client update iteration= 350 ,loss= 0.9488592743873596
client id= 1 ,round= 5 ,epoch= 1 ,client update iteration= 360 ,loss= 1.1860967874526978
client id= 1 ,round= 5 ,epoch= 1 ,client update iteration= 370 ,loss= 1.1221116781234741
client id= 1 ,round= 5 ,epoch= 1 ,client update iteration= 380 ,loss= 1.2798576354980469
client id= 1 ,round= 5 ,epoch= 1 ,client update iteration= 390 ,loss= 0.809558093547821
start cal weight time2021-07-01 12:08:50
end cal weight time2021-07-01 12:08:50
layer= 0 ratio= 0.0625
layer= 1 ratio= 0.0625
layer= 2 ratio= 0.0625
layer= 3 ratio= 0.0625
layer= 4 ratio= 0.0625
layer= 5 ratio= 0.0625
layer= 6 ratio= 0.0625
layer= 7 ratio= 0.0625
layer= 8 ratio= 0.0625
layer= 9 ratio= 0.0625
layer= 10 ratio= 0.0625
layer= 11 ratio= 0.0625
layer= 12 ratio= 0.0625
layer= 13 ratio= 0.0625
layer= 14 ratio= 0.0625
layer= 15 ratio= 0.0625
start add noise2021-07-01 12:08:50
end_add_noise_time2021-07-01 12:08:53
start cal weight time2021-07-01 12:08:53
end cal weight time2021-07-01 12:08:53
layer= 0 ratio= 0.0625
layer= 1 ratio= 0.0625
layer= 2 ratio= 0.0625
layer= 3 ratio= 0.0625
layer= 4 ratio= 0.0625
layer= 5 ratio= 0.0625
layer= 6 ratio= 0.0625
layer= 7 ratio= 0.0625
layer= 8 ratio= 0.0625
layer= 9 ratio= 0.0625
layer= 10 ratio= 0.0625
layer= 11 ratio= 0.0625
layer= 12 ratio= 0.0625
layer= 13 ratio= 0.0625
layer= 14 ratio= 0.0625
layer= 15 ratio= 0.0625
start add noise2021-07-01 12:08:53
end_add_noise_time2021-07-01 12:08:56
average train loss= 1.4391854026585893
2021-07-01 12:09:04,round 5,val Accuracy Top1: 20.800000 %
2021-07-01 12:09:04,round 5,val Accuracy Top5: 74.220000 %
******client id  0 ******
client_update start
client id= 0 ,round= 6 ,epoch= 1 ,client update iteration= 10 ,loss= 2.3751940727233887
client id= 0 ,round= 6 ,epoch= 1 ,client update iteration= 20 ,loss= 2.2605931758880615
client id= 0 ,round= 6 ,epoch= 1 ,client update iteration= 30 ,loss= 2.2188777923583984
client id= 0 ,round= 6 ,epoch= 1 ,client update iteration= 40 ,loss= 2.2495884895324707
client id= 0 ,round= 6 ,epoch= 1 ,client update iteration= 50 ,loss= 2.2957189083099365
client id= 0 ,round= 6 ,epoch= 1 ,client update iteration= 60 ,loss= 2.3160641193389893
client id= 0 ,round= 6 ,epoch= 1 ,client update iteration= 70 ,loss= 2.347809314727783
client id= 0 ,round= 6 ,epoch= 1 ,client update iteration= 80 ,loss= 2.2471280097961426
client id= 0 ,round= 6 ,epoch= 1 ,client update iteration= 90 ,loss= 2.1911797523498535
client id= 0 ,round= 6 ,epoch= 1 ,client update iteration= 100 ,loss= 2.145176410675049
client id= 0 ,round= 6 ,epoch= 1 ,client update iteration= 110 ,loss= 2.1218042373657227
client id= 0 ,round= 6 ,epoch= 1 ,client update iteration= 120 ,loss= 2.0698349475860596
client id= 0 ,round= 6 ,epoch= 1 ,client update iteration= 130 ,loss= 2.107592821121216
client id= 0 ,round= 6 ,epoch= 1 ,client update iteration= 140 ,loss= 2.1413533687591553
client id= 0 ,round= 6 ,epoch= 1 ,client update iteration= 150 ,loss= 2.2120680809020996
client id= 0 ,round= 6 ,epoch= 1 ,client update iteration= 160 ,loss= 2.1887059211730957
client id= 0 ,round= 6 ,epoch= 1 ,client update iteration= 170 ,loss= 2.0759029388427734
client id= 0 ,round= 6 ,epoch= 1 ,client update iteration= 180 ,loss= 1.9547728300094604
client id= 0 ,round= 6 ,epoch= 1 ,client update iteration= 190 ,loss= 2.0454564094543457
client id= 0 ,round= 6 ,epoch= 1 ,client update iteration= 200 ,loss= 1.9262840747833252
client id= 0 ,round= 6 ,epoch= 1 ,client update iteration= 210 ,loss= 2.043780565261841
client id= 0 ,round= 6 ,epoch= 1 ,client update iteration= 220 ,loss= 1.93093740940094
client id= 0 ,round= 6 ,epoch= 1 ,client update iteration= 230 ,loss= 2.0106418132781982
client id= 0 ,round= 6 ,epoch= 1 ,client update iteration= 240 ,loss= 1.879016637802124
client id= 0 ,round= 6 ,epoch= 1 ,client update iteration= 250 ,loss= 1.9560210704803467
client id= 0 ,round= 6 ,epoch= 1 ,client update iteration= 260 ,loss= 1.9402881860733032
client id= 0 ,round= 6 ,epoch= 1 ,client update iteration= 270 ,loss= 2.0001916885375977
client id= 0 ,round= 6 ,epoch= 1 ,client update iteration= 280 ,loss= 1.729354977607727
client id= 0 ,round= 6 ,epoch= 1 ,client update iteration= 290 ,loss= 1.8581041097640991
client id= 0 ,round= 6 ,epoch= 1 ,client update iteration= 300 ,loss= 1.7689554691314697
client id= 0 ,round= 6 ,epoch= 1 ,client update iteration= 310 ,loss= 1.9535833597183228
client id= 0 ,round= 6 ,epoch= 1 ,client update iteration= 320 ,loss= 1.655738115310669
client id= 0 ,round= 6 ,epoch= 1 ,client update iteration= 330 ,loss= 1.8403571844100952
client id= 0 ,round= 6 ,epoch= 1 ,client update iteration= 340 ,loss= 1.7951487302780151
client id= 0 ,round= 6 ,epoch= 1 ,client update iteration= 350 ,loss= 1.7468101978302002
client id= 0 ,round= 6 ,epoch= 1 ,client update iteration= 360 ,loss= 1.608161449432373
client id= 0 ,round= 6 ,epoch= 1 ,client update iteration= 370 ,loss= 1.81791090965271
client id= 0 ,round= 6 ,epoch= 1 ,client update iteration= 380 ,loss= 1.6701157093048096
client id= 0 ,round= 6 ,epoch= 1 ,client update iteration= 390 ,loss= 1.5620150566101074
******client id  1 ******
client_update start
client id= 1 ,round= 6 ,epoch= 1 ,client update iteration= 10 ,loss= 2.255653142929077
client id= 1 ,round= 6 ,epoch= 1 ,client update iteration= 20 ,loss= 2.3276114463806152
client id= 1 ,round= 6 ,epoch= 1 ,client update iteration= 30 ,loss= 2.360247850418091
client id= 1 ,round= 6 ,epoch= 1 ,client update iteration= 40 ,loss= 2.271256685256958
client id= 1 ,round= 6 ,epoch= 1 ,client update iteration= 50 ,loss= 2.2223336696624756
client id= 1 ,round= 6 ,epoch= 1 ,client update iteration= 60 ,loss= 2.0376365184783936
client id= 1 ,round= 6 ,epoch= 1 ,client update iteration= 70 ,loss= 2.1649928092956543
client id= 1 ,round= 6 ,epoch= 1 ,client update iteration= 80 ,loss= 2.1077380180358887
client id= 1 ,round= 6 ,epoch= 1 ,client update iteration= 90 ,loss= 2.6555283069610596
client id= 1 ,round= 6 ,epoch= 1 ,client update iteration= 100 ,loss= 1.9972904920578003
client id= 1 ,round= 6 ,epoch= 1 ,client update iteration= 110 ,loss= 1.9036530256271362
client id= 1 ,round= 6 ,epoch= 1 ,client update iteration= 120 ,loss= 2.093594551086426
client id= 1 ,round= 6 ,epoch= 1 ,client update iteration= 130 ,loss= 1.823125958442688
client id= 1 ,round= 6 ,epoch= 1 ,client update iteration= 140 ,loss= 2.137373208999634
client id= 1 ,round= 6 ,epoch= 1 ,client update iteration= 150 ,loss= 1.873293399810791
client id= 1 ,round= 6 ,epoch= 1 ,client update iteration= 160 ,loss= 1.863801121711731
client id= 1 ,round= 6 ,epoch= 1 ,client update iteration= 170 ,loss= 1.688407063484192
client id= 1 ,round= 6 ,epoch= 1 ,client update iteration= 180 ,loss= 1.7657593488693237
client id= 1 ,round= 6 ,epoch= 1 ,client update iteration= 190 ,loss= 1.8233641386032104
client id= 1 ,round= 6 ,epoch= 1 ,client update iteration= 200 ,loss= 1.6412785053253174
client id= 1 ,round= 6 ,epoch= 1 ,client update iteration= 210 ,loss= 2.035496473312378
client id= 1 ,round= 6 ,epoch= 1 ,client update iteration= 220 ,loss= 1.9030526876449585
client id= 1 ,round= 6 ,epoch= 1 ,client update iteration= 230 ,loss= 1.7645384073257446
client id= 1 ,round= 6 ,epoch= 1 ,client update iteration= 240 ,loss= 1.781557559967041
client id= 1 ,round= 6 ,epoch= 1 ,client update iteration= 250 ,loss= 1.7189199924468994
client id= 1 ,round= 6 ,epoch= 1 ,client update iteration= 260 ,loss= 1.7607228755950928
client id= 1 ,round= 6 ,epoch= 1 ,client update iteration= 270 ,loss= 1.7389421463012695
client id= 1 ,round= 6 ,epoch= 1 ,client update iteration= 280 ,loss= 1.7172627449035645
client id= 1 ,round= 6 ,epoch= 1 ,client update iteration= 290 ,loss= 1.8138031959533691
client id= 1 ,round= 6 ,epoch= 1 ,client update iteration= 300 ,loss= 1.7598538398742676
client id= 1 ,round= 6 ,epoch= 1 ,client update iteration= 310 ,loss= 1.7541927099227905
client id= 1 ,round= 6 ,epoch= 1 ,client update iteration= 320 ,loss= 1.6923550367355347
client id= 1 ,round= 6 ,epoch= 1 ,client update iteration= 330 ,loss= 1.6901535987854004
client id= 1 ,round= 6 ,epoch= 1 ,client update iteration= 340 ,loss= 1.7156928777694702
client id= 1 ,round= 6 ,epoch= 1 ,client update iteration= 350 ,loss= 1.8916887044906616
client id= 1 ,round= 6 ,epoch= 1 ,client update iteration= 360 ,loss= 1.8945460319519043
client id= 1 ,round= 6 ,epoch= 1 ,client update iteration= 370 ,loss= 1.4448481798171997
client id= 1 ,round= 6 ,epoch= 1 ,client update iteration= 380 ,loss= 1.8221020698547363
client id= 1 ,round= 6 ,epoch= 1 ,client update iteration= 390 ,loss= 1.6807175874710083
start cal weight time2021-07-01 12:11:28
end cal weight time2021-07-01 12:11:28
layer= 0 ratio= 0.0625
layer= 1 ratio= 0.0625
layer= 2 ratio= 0.0625
layer= 3 ratio= 0.0625
layer= 4 ratio= 0.0625
layer= 5 ratio= 0.0625
layer= 6 ratio= 0.0625
layer= 7 ratio= 0.0625
layer= 8 ratio= 0.0625
layer= 9 ratio= 0.0625
layer= 10 ratio= 0.0625
layer= 11 ratio= 0.0625
layer= 12 ratio= 0.0625
layer= 13 ratio= 0.0625
layer= 14 ratio= 0.0625
layer= 15 ratio= 0.0625
start add noise2021-07-01 12:11:28
end_add_noise_time2021-07-01 12:11:31
start cal weight time2021-07-01 12:11:31
end cal weight time2021-07-01 12:11:31
layer= 0 ratio= 0.0625
layer= 1 ratio= 0.0625
layer= 2 ratio= 0.0625
layer= 3 ratio= 0.0625
layer= 4 ratio= 0.0625
layer= 5 ratio= 0.0625
layer= 6 ratio= 0.0625
layer= 7 ratio= 0.0625
layer= 8 ratio= 0.0625
layer= 9 ratio= 0.0625
layer= 10 ratio= 0.0625
layer= 11 ratio= 0.0625
layer= 12 ratio= 0.0625
layer= 13 ratio= 0.0625
layer= 14 ratio= 0.0625
layer= 15 ratio= 0.0625
start add noise2021-07-01 12:11:31
end_add_noise_time2021-07-01 12:11:34
average train loss= 1.9936852089279449
2021-07-01 12:11:43,round 6,val Accuracy Top1: 11.530000 %
2021-07-01 12:11:43,round 6,val Accuracy Top5: 61.210000 %
******client id  0 ******
client_update start
client id= 0 ,round= 7 ,epoch= 1 ,client update iteration= 10 ,loss= 2.335359573364258
client id= 0 ,round= 7 ,epoch= 1 ,client update iteration= 20 ,loss= 2.0733089447021484
client id= 0 ,round= 7 ,epoch= 1 ,client update iteration= 30 ,loss= 2.2372469902038574
client id= 0 ,round= 7 ,epoch= 1 ,client update iteration= 40 ,loss= 2.235896110534668
client id= 0 ,round= 7 ,epoch= 1 ,client update iteration= 50 ,loss= 2.3079748153686523
client id= 0 ,round= 7 ,epoch= 1 ,client update iteration= 60 ,loss= 2.3692548274993896
client id= 0 ,round= 7 ,epoch= 1 ,client update iteration= 70 ,loss= 2.327941656112671
client id= 0 ,round= 7 ,epoch= 1 ,client update iteration= 80 ,loss= 2.2964894771575928
client id= 0 ,round= 7 ,epoch= 1 ,client update iteration= 90 ,loss= 2.2759439945220947
client id= 0 ,round= 7 ,epoch= 1 ,client update iteration= 100 ,loss= 2.3227179050445557
client id= 0 ,round= 7 ,epoch= 1 ,client update iteration= 110 ,loss= 2.3032753467559814
client id= 0 ,round= 7 ,epoch= 1 ,client update iteration= 120 ,loss= 2.317950963973999
client id= 0 ,round= 7 ,epoch= 1 ,client update iteration= 130 ,loss= 2.3362650871276855
client id= 0 ,round= 7 ,epoch= 1 ,client update iteration= 140 ,loss= 2.2969090938568115
client id= 0 ,round= 7 ,epoch= 1 ,client update iteration= 150 ,loss= 2.361891031265259
client id= 0 ,round= 7 ,epoch= 1 ,client update iteration= 160 ,loss= 2.300811529159546
client id= 0 ,round= 7 ,epoch= 1 ,client update iteration= 170 ,loss= 2.3209409713745117
client id= 0 ,round= 7 ,epoch= 1 ,client update iteration= 180 ,loss= 2.3268308639526367
client id= 0 ,round= 7 ,epoch= 1 ,client update iteration= 190 ,loss= 2.2852389812469482
client id= 0 ,round= 7 ,epoch= 1 ,client update iteration= 200 ,loss= 2.3141322135925293
client id= 0 ,round= 7 ,epoch= 1 ,client update iteration= 210 ,loss= 2.2707321643829346
client id= 0 ,round= 7 ,epoch= 1 ,client update iteration= 220 ,loss= 2.2795934677124023
client id= 0 ,round= 7 ,epoch= 1 ,client update iteration= 230 ,loss= 2.3422274589538574
client id= 0 ,round= 7 ,epoch= 1 ,client update iteration= 240 ,loss= 2.294344663619995
client id= 0 ,round= 7 ,epoch= 1 ,client update iteration= 250 ,loss= 2.2838518619537354
client id= 0 ,round= 7 ,epoch= 1 ,client update iteration= 260 ,loss= 2.3195462226867676
client id= 0 ,round= 7 ,epoch= 1 ,client update iteration= 270 ,loss= 2.324720859527588
client id= 0 ,round= 7 ,epoch= 1 ,client update iteration= 280 ,loss= 2.323929786682129
client id= 0 ,round= 7 ,epoch= 1 ,client update iteration= 290 ,loss= 2.333441972732544
client id= 0 ,round= 7 ,epoch= 1 ,client update iteration= 300 ,loss= 2.3154656887054443
client id= 0 ,round= 7 ,epoch= 1 ,client update iteration= 310 ,loss= 2.299337387084961
client id= 0 ,round= 7 ,epoch= 1 ,client update iteration= 320 ,loss= 2.327425241470337
client id= 0 ,round= 7 ,epoch= 1 ,client update iteration= 330 ,loss= 2.3474035263061523
client id= 0 ,round= 7 ,epoch= 1 ,client update iteration= 340 ,loss= 2.2951252460479736
client id= 0 ,round= 7 ,epoch= 1 ,client update iteration= 350 ,loss= 2.3342816829681396
client id= 0 ,round= 7 ,epoch= 1 ,client update iteration= 360 ,loss= 2.3381457328796387
client id= 0 ,round= 7 ,epoch= 1 ,client update iteration= 370 ,loss= 2.289790391921997
client id= 0 ,round= 7 ,epoch= 1 ,client update iteration= 380 ,loss= 2.299024820327759
client id= 0 ,round= 7 ,epoch= 1 ,client update iteration= 390 ,loss= 2.3091447353363037
******client id  1 ******
client_update start
client id= 1 ,round= 7 ,epoch= 1 ,client update iteration= 10 ,loss= 2.3568310737609863
client id= 1 ,round= 7 ,epoch= 1 ,client update iteration= 20 ,loss= 2.385897159576416
client id= 1 ,round= 7 ,epoch= 1 ,client update iteration= 30 ,loss= 2.3125853538513184
client id= 1 ,round= 7 ,epoch= 1 ,client update iteration= 40 ,loss= 2.1948318481445312
client id= 1 ,round= 7 ,epoch= 1 ,client update iteration= 50 ,loss= 2.2843027114868164
client id= 1 ,round= 7 ,epoch= 1 ,client update iteration= 60 ,loss= 2.281757116317749
client id= 1 ,round= 7 ,epoch= 1 ,client update iteration= 70 ,loss= 2.326282024383545
client id= 1 ,round= 7 ,epoch= 1 ,client update iteration= 80 ,loss= 2.3405325412750244
client id= 1 ,round= 7 ,epoch= 1 ,client update iteration= 90 ,loss= 2.3139588832855225
client id= 1 ,round= 7 ,epoch= 1 ,client update iteration= 100 ,loss= 2.3253426551818848
client id= 1 ,round= 7 ,epoch= 1 ,client update iteration= 110 ,loss= 2.2977194786071777
client id= 1 ,round= 7 ,epoch= 1 ,client update iteration= 120 ,loss= 2.3016130924224854
client id= 1 ,round= 7 ,epoch= 1 ,client update iteration= 130 ,loss= 2.2773354053497314
client id= 1 ,round= 7 ,epoch= 1 ,client update iteration= 140 ,loss= 2.343409776687622
client id= 1 ,round= 7 ,epoch= 1 ,client update iteration= 150 ,loss= 2.2597501277923584
client id= 1 ,round= 7 ,epoch= 1 ,client update iteration= 160 ,loss= 2.191594123840332
client id= 1 ,round= 7 ,epoch= 1 ,client update iteration= 170 ,loss= 2.4539601802825928
client id= 1 ,round= 7 ,epoch= 1 ,client update iteration= 180 ,loss= 2.167175054550171
client id= 1 ,round= 7 ,epoch= 1 ,client update iteration= 190 ,loss= 2.218838691711426
client id= 1 ,round= 7 ,epoch= 1 ,client update iteration= 200 ,loss= 2.158400297164917
client id= 1 ,round= 7 ,epoch= 1 ,client update iteration= 210 ,loss= 2.1882190704345703
client id= 1 ,round= 7 ,epoch= 1 ,client update iteration= 220 ,loss= 2.123840808868408
client id= 1 ,round= 7 ,epoch= 1 ,client update iteration= 230 ,loss= 2.1457560062408447
client id= 1 ,round= 7 ,epoch= 1 ,client update iteration= 240 ,loss= 2.0786292552948
client id= 1 ,round= 7 ,epoch= 1 ,client update iteration= 250 ,loss= 2.0994927883148193
client id= 1 ,round= 7 ,epoch= 1 ,client update iteration= 260 ,loss= 2.272110939025879
client id= 1 ,round= 7 ,epoch= 1 ,client update iteration= 270 ,loss= 2.150277853012085
client id= 1 ,round= 7 ,epoch= 1 ,client update iteration= 280 ,loss= 2.1130948066711426
client id= 1 ,round= 7 ,epoch= 1 ,client update iteration= 290 ,loss= 2.111117362976074
client id= 1 ,round= 7 ,epoch= 1 ,client update iteration= 300 ,loss= 2.149186849594116
client id= 1 ,round= 7 ,epoch= 1 ,client update iteration= 310 ,loss= 2.062051773071289
client id= 1 ,round= 7 ,epoch= 1 ,client update iteration= 320 ,loss= 1.998848557472229
client id= 1 ,round= 7 ,epoch= 1 ,client update iteration= 330 ,loss= 2.035726547241211
client id= 1 ,round= 7 ,epoch= 1 ,client update iteration= 340 ,loss= 2.1607911586761475
client id= 1 ,round= 7 ,epoch= 1 ,client update iteration= 350 ,loss= 2.076345205307007
client id= 1 ,round= 7 ,epoch= 1 ,client update iteration= 360 ,loss= 1.9947072267532349
client id= 1 ,round= 7 ,epoch= 1 ,client update iteration= 370 ,loss= 2.0683887004852295
client id= 1 ,round= 7 ,epoch= 1 ,client update iteration= 380 ,loss= 2.134903907775879
client id= 1 ,round= 7 ,epoch= 1 ,client update iteration= 390 ,loss= 2.0442183017730713
start cal weight time2021-07-01 12:14:07
end cal weight time2021-07-01 12:14:07
layer= 0 ratio= 0.0625
layer= 1 ratio= 0.0625
layer= 2 ratio= 0.0625
layer= 3 ratio= 0.0625
layer= 4 ratio= 0.0625
layer= 5 ratio= 0.0625
layer= 6 ratio= 0.0625
layer= 7 ratio= 0.0625
layer= 8 ratio= 0.0625
layer= 9 ratio= 0.0625
layer= 10 ratio= 0.0625
layer= 11 ratio= 0.0625
layer= 12 ratio= 0.0625
layer= 13 ratio= 0.0625
layer= 14 ratio= 0.0625
layer= 15 ratio= 0.0625
start add noise2021-07-01 12:14:07
end_add_noise_time2021-07-01 12:14:10
start cal weight time2021-07-01 12:14:10
end cal weight time2021-07-01 12:14:10
layer= 0 ratio= 0.0625
layer= 1 ratio= 0.0625
layer= 2 ratio= 0.0625
layer= 3 ratio= 0.0625
layer= 4 ratio= 0.0625
layer= 5 ratio= 0.0625
layer= 6 ratio= 0.0625
layer= 7 ratio= 0.0625
layer= 8 ratio= 0.0625
layer= 9 ratio= 0.0625
layer= 10 ratio= 0.0625
layer= 11 ratio= 0.0625
layer= 12 ratio= 0.0625
layer= 13 ratio= 0.0625
layer= 14 ratio= 0.0625
layer= 15 ratio= 0.0625
start add noise2021-07-01 12:14:10
end_add_noise_time2021-07-01 12:14:13
average train loss= 2.2672560172312703
2021-07-01 12:14:22,round 7,val Accuracy Top1: 10.000000 %
2021-07-01 12:14:22,round 7,val Accuracy Top5: 50.000000 %
******client id  0 ******
client_update start
client id= 0 ,round= 8 ,epoch= 1 ,client update iteration= 10 ,loss= 2.3462347984313965
client id= 0 ,round= 8 ,epoch= 1 ,client update iteration= 20 ,loss= 2.3838999271392822
client id= 0 ,round= 8 ,epoch= 1 ,client update iteration= 30 ,loss= 2.3467516899108887
client id= 0 ,round= 8 ,epoch= 1 ,client update iteration= 40 ,loss= 2.369710683822632
client id= 0 ,round= 8 ,epoch= 1 ,client update iteration= 50 ,loss= 2.325430393218994
client id= 0 ,round= 8 ,epoch= 1 ,client update iteration= 60 ,loss= 2.3825225830078125
client id= 0 ,round= 8 ,epoch= 1 ,client update iteration= 70 ,loss= 2.3835456371307373
client id= 0 ,round= 8 ,epoch= 1 ,client update iteration= 80 ,loss= 2.3493969440460205
client id= 0 ,round= 8 ,epoch= 1 ,client update iteration= 90 ,loss= 2.2878499031066895
client id= 0 ,round= 8 ,epoch= 1 ,client update iteration= 100 ,loss= 2.3095741271972656
client id= 0 ,round= 8 ,epoch= 1 ,client update iteration= 110 ,loss= 2.312143564224243
client id= 0 ,round= 8 ,epoch= 1 ,client update iteration= 120 ,loss= 2.3590660095214844
client id= 0 ,round= 8 ,epoch= 1 ,client update iteration= 130 ,loss= 2.3242080211639404
client id= 0 ,round= 8 ,epoch= 1 ,client update iteration= 140 ,loss= 2.278679132461548
client id= 0 ,round= 8 ,epoch= 1 ,client update iteration= 150 ,loss= 2.2943756580352783
client id= 0 ,round= 8 ,epoch= 1 ,client update iteration= 160 ,loss= 2.3326969146728516
client id= 0 ,round= 8 ,epoch= 1 ,client update iteration= 170 ,loss= 2.2932138442993164
client id= 0 ,round= 8 ,epoch= 1 ,client update iteration= 180 ,loss= 2.350648880004883
client id= 0 ,round= 8 ,epoch= 1 ,client update iteration= 190 ,loss= 2.3508286476135254
client id= 0 ,round= 8 ,epoch= 1 ,client update iteration= 200 ,loss= 2.3516390323638916
client id= 0 ,round= 8 ,epoch= 1 ,client update iteration= 210 ,loss= 2.330928325653076
client id= 0 ,round= 8 ,epoch= 1 ,client update iteration= 220 ,loss= 2.3479459285736084
client id= 0 ,round= 8 ,epoch= 1 ,client update iteration= 230 ,loss= 2.331857681274414
client id= 0 ,round= 8 ,epoch= 1 ,client update iteration= 240 ,loss= 2.2843055725097656
client id= 0 ,round= 8 ,epoch= 1 ,client update iteration= 250 ,loss= 2.3010475635528564
client id= 0 ,round= 8 ,epoch= 1 ,client update iteration= 260 ,loss= 2.3162121772766113
client id= 0 ,round= 8 ,epoch= 1 ,client update iteration= 270 ,loss= 2.3064026832580566
client id= 0 ,round= 8 ,epoch= 1 ,client update iteration= 280 ,loss= 2.3019912242889404
client id= 0 ,round= 8 ,epoch= 1 ,client update iteration= 290 ,loss= 2.3293488025665283
client id= 0 ,round= 8 ,epoch= 1 ,client update iteration= 300 ,loss= 2.341517925262451
client id= 0 ,round= 8 ,epoch= 1 ,client update iteration= 310 ,loss= 2.292093276977539
client id= 0 ,round= 8 ,epoch= 1 ,client update iteration= 320 ,loss= 2.303781032562256
client id= 0 ,round= 8 ,epoch= 1 ,client update iteration= 330 ,loss= 2.347581386566162
client id= 0 ,round= 8 ,epoch= 1 ,client update iteration= 340 ,loss= 2.3346409797668457
client id= 0 ,round= 8 ,epoch= 1 ,client update iteration= 350 ,loss= 2.364100933074951
client id= 0 ,round= 8 ,epoch= 1 ,client update iteration= 360 ,loss= 2.3308913707733154
client id= 0 ,round= 8 ,epoch= 1 ,client update iteration= 370 ,loss= 2.3338632583618164
client id= 0 ,round= 8 ,epoch= 1 ,client update iteration= 380 ,loss= 2.3043291568756104
client id= 0 ,round= 8 ,epoch= 1 ,client update iteration= 390 ,loss= 2.3020453453063965
******client id  1 ******
client_update start
client id= 1 ,round= 8 ,epoch= 1 ,client update iteration= 10 ,loss= 2.353731393814087
client id= 1 ,round= 8 ,epoch= 1 ,client update iteration= 20 ,loss= 2.3634793758392334
client id= 1 ,round= 8 ,epoch= 1 ,client update iteration= 30 ,loss= 2.3719818592071533
client id= 1 ,round= 8 ,epoch= 1 ,client update iteration= 40 ,loss= 2.3521649837493896
client id= 1 ,round= 8 ,epoch= 1 ,client update iteration= 50 ,loss= 2.32743501663208
client id= 1 ,round= 8 ,epoch= 1 ,client update iteration= 60 ,loss= 2.2911717891693115
client id= 1 ,round= 8 ,epoch= 1 ,client update iteration= 70 ,loss= 2.33823823928833
client id= 1 ,round= 8 ,epoch= 1 ,client update iteration= 80 ,loss= 2.3678390979766846
client id= 1 ,round= 8 ,epoch= 1 ,client update iteration= 90 ,loss= 2.3212528228759766
client id= 1 ,round= 8 ,epoch= 1 ,client update iteration= 100 ,loss= 2.3328075408935547
client id= 1 ,round= 8 ,epoch= 1 ,client update iteration= 110 ,loss= 2.3585317134857178
client id= 1 ,round= 8 ,epoch= 1 ,client update iteration= 120 ,loss= 2.2635982036590576
client id= 1 ,round= 8 ,epoch= 1 ,client update iteration= 130 ,loss= 2.3127923011779785
client id= 1 ,round= 8 ,epoch= 1 ,client update iteration= 140 ,loss= 2.315410852432251
client id= 1 ,round= 8 ,epoch= 1 ,client update iteration= 150 ,loss= 2.386061668395996
client id= 1 ,round= 8 ,epoch= 1 ,client update iteration= 160 ,loss= 2.401689291000366
client id= 1 ,round= 8 ,epoch= 1 ,client update iteration= 170 ,loss= 2.324354410171509
client id= 1 ,round= 8 ,epoch= 1 ,client update iteration= 180 ,loss= 2.3012707233428955
client id= 1 ,round= 8 ,epoch= 1 ,client update iteration= 190 ,loss= 2.327462673187256
client id= 1 ,round= 8 ,epoch= 1 ,client update iteration= 200 ,loss= 2.322519302368164
client id= 1 ,round= 8 ,epoch= 1 ,client update iteration= 210 ,loss= 2.315488338470459
client id= 1 ,round= 8 ,epoch= 1 ,client update iteration= 220 ,loss= 2.28062105178833
client id= 1 ,round= 8 ,epoch= 1 ,client update iteration= 230 ,loss= 2.3459203243255615
client id= 1 ,round= 8 ,epoch= 1 ,client update iteration= 240 ,loss= 2.3004465103149414
client id= 1 ,round= 8 ,epoch= 1 ,client update iteration= 250 ,loss= 2.318131923675537
client id= 1 ,round= 8 ,epoch= 1 ,client update iteration= 260 ,loss= 2.2900545597076416
client id= 1 ,round= 8 ,epoch= 1 ,client update iteration= 270 ,loss= 2.3761041164398193
client id= 1 ,round= 8 ,epoch= 1 ,client update iteration= 280 ,loss= 2.351245164871216
client id= 1 ,round= 8 ,epoch= 1 ,client update iteration= 290 ,loss= 2.313100814819336
client id= 1 ,round= 8 ,epoch= 1 ,client update iteration= 300 ,loss= 2.3253531455993652
client id= 1 ,round= 8 ,epoch= 1 ,client update iteration= 310 ,loss= 2.333223342895508
client id= 1 ,round= 8 ,epoch= 1 ,client update iteration= 320 ,loss= 2.3422229290008545
client id= 1 ,round= 8 ,epoch= 1 ,client update iteration= 330 ,loss= 2.3061203956604004
client id= 1 ,round= 8 ,epoch= 1 ,client update iteration= 340 ,loss= 2.3195948600769043
client id= 1 ,round= 8 ,epoch= 1 ,client update iteration= 350 ,loss= 2.316650867462158
client id= 1 ,round= 8 ,epoch= 1 ,client update iteration= 360 ,loss= 2.3113739490509033
client id= 1 ,round= 8 ,epoch= 1 ,client update iteration= 370 ,loss= 2.309573173522949
client id= 1 ,round= 8 ,epoch= 1 ,client update iteration= 380 ,loss= 2.2978169918060303
client id= 1 ,round= 8 ,epoch= 1 ,client update iteration= 390 ,loss= 2.351310968399048
start cal weight time2021-07-01 12:16:46
end cal weight time2021-07-01 12:16:46
layer= 0 ratio= 0.0625
layer= 1 ratio= 0.0625
layer= 2 ratio= 0.0625
layer= 3 ratio= 0.0625
layer= 4 ratio= 0.0625
layer= 5 ratio= 0.0625
layer= 6 ratio= 0.0625
layer= 7 ratio= 0.0625
layer= 8 ratio= 0.0625
layer= 9 ratio= 0.0625
layer= 10 ratio= 0.0625
layer= 11 ratio= 0.0625
layer= 12 ratio= 0.0625
layer= 13 ratio= 0.0625
layer= 14 ratio= 0.0625
layer= 15 ratio= 0.0625
start add noise2021-07-01 12:16:46
end_add_noise_time2021-07-01 12:16:49
start cal weight time2021-07-01 12:16:49
end cal weight time2021-07-01 12:16:49
layer= 0 ratio= 0.0625
layer= 1 ratio= 0.0625
layer= 2 ratio= 0.0625
layer= 3 ratio= 0.0625
layer= 4 ratio= 0.0625
layer= 5 ratio= 0.0625
layer= 6 ratio= 0.0625
layer= 7 ratio= 0.0625
layer= 8 ratio= 0.0625
layer= 9 ratio= 0.0625
layer= 10 ratio= 0.0625
layer= 11 ratio= 0.0625
layer= 12 ratio= 0.0625
layer= 13 ratio= 0.0625
layer= 14 ratio= 0.0625
layer= 15 ratio= 0.0625
start add noise2021-07-01 12:16:49
end_add_noise_time2021-07-01 12:16:52
average train loss= 2.3258962728788175
2021-07-01 12:17:01,round 8,val Accuracy Top1: 10.000000 %
2021-07-01 12:17:01,round 8,val Accuracy Top5: 50.000000 %
******client id  0 ******
client_update start
client id= 0 ,round= 9 ,epoch= 1 ,client update iteration= 10 ,loss= 2.3332295417785645
client id= 0 ,round= 9 ,epoch= 1 ,client update iteration= 20 ,loss= 2.415003538131714
client id= 0 ,round= 9 ,epoch= 1 ,client update iteration= 30 ,loss= 2.329345464706421
client id= 0 ,round= 9 ,epoch= 1 ,client update iteration= 40 ,loss= 2.418492317199707
client id= 0 ,round= 9 ,epoch= 1 ,client update iteration= 50 ,loss= 2.37089467048645
client id= 0 ,round= 9 ,epoch= 1 ,client update iteration= 60 ,loss= 2.3450124263763428
client id= 0 ,round= 9 ,epoch= 1 ,client update iteration= 70 ,loss= 2.395048141479492
client id= 0 ,round= 9 ,epoch= 1 ,client update iteration= 80 ,loss= 2.3492705821990967
client id= 0 ,round= 9 ,epoch= 1 ,client update iteration= 90 ,loss= 2.3202052116394043
client id= 0 ,round= 9 ,epoch= 1 ,client update iteration= 100 ,loss= 2.2992613315582275
client id= 0 ,round= 9 ,epoch= 1 ,client update iteration= 110 ,loss= 2.3065221309661865
client id= 0 ,round= 9 ,epoch= 1 ,client update iteration= 120 ,loss= 2.361762046813965
client id= 0 ,round= 9 ,epoch= 1 ,client update iteration= 130 ,loss= 2.2955641746520996
client id= 0 ,round= 9 ,epoch= 1 ,client update iteration= 140 ,loss= 2.284012794494629
client id= 0 ,round= 9 ,epoch= 1 ,client update iteration= 150 ,loss= 2.289750576019287
client id= 0 ,round= 9 ,epoch= 1 ,client update iteration= 160 ,loss= 2.340482234954834
client id= 0 ,round= 9 ,epoch= 1 ,client update iteration= 170 ,loss= 2.296696901321411
client id= 0 ,round= 9 ,epoch= 1 ,client update iteration= 180 ,loss= 2.3214712142944336
client id= 0 ,round= 9 ,epoch= 1 ,client update iteration= 190 ,loss= 2.3579306602478027
client id= 0 ,round= 9 ,epoch= 1 ,client update iteration= 200 ,loss= 2.3174829483032227
client id= 0 ,round= 9 ,epoch= 1 ,client update iteration= 210 ,loss= 2.276334047317505
client id= 0 ,round= 9 ,epoch= 1 ,client update iteration= 220 ,loss= 2.272038459777832
client id= 0 ,round= 9 ,epoch= 1 ,client update iteration= 230 ,loss= 2.3118927478790283
client id= 0 ,round= 9 ,epoch= 1 ,client update iteration= 240 ,loss= 2.2965452671051025
client id= 0 ,round= 9 ,epoch= 1 ,client update iteration= 250 ,loss= 2.3395185470581055
client id= 0 ,round= 9 ,epoch= 1 ,client update iteration= 260 ,loss= 2.315183639526367
client id= 0 ,round= 9 ,epoch= 1 ,client update iteration= 270 ,loss= 2.3066396713256836
client id= 0 ,round= 9 ,epoch= 1 ,client update iteration= 280 ,loss= 2.3169353008270264
client id= 0 ,round= 9 ,epoch= 1 ,client update iteration= 290 ,loss= 2.295672655105591
client id= 0 ,round= 9 ,epoch= 1 ,client update iteration= 300 ,loss= 2.3421828746795654
client id= 0 ,round= 9 ,epoch= 1 ,client update iteration= 310 ,loss= 2.295208692550659
client id= 0 ,round= 9 ,epoch= 1 ,client update iteration= 320 ,loss= 2.295201301574707
client id= 0 ,round= 9 ,epoch= 1 ,client update iteration= 330 ,loss= 2.301250696182251
client id= 0 ,round= 9 ,epoch= 1 ,client update iteration= 340 ,loss= 2.2865331172943115
client id= 0 ,round= 9 ,epoch= 1 ,client update iteration= 350 ,loss= 2.33868145942688
client id= 0 ,round= 9 ,epoch= 1 ,client update iteration= 360 ,loss= 2.2932956218719482
client id= 0 ,round= 9 ,epoch= 1 ,client update iteration= 370 ,loss= 2.327693223953247
client id= 0 ,round= 9 ,epoch= 1 ,client update iteration= 380 ,loss= 2.2770371437072754
client id= 0 ,round= 9 ,epoch= 1 ,client update iteration= 390 ,loss= 2.3457255363464355
******client id  1 ******
client_update start
client id= 1 ,round= 9 ,epoch= 1 ,client update iteration= 10 ,loss= 2.369096517562866
client id= 1 ,round= 9 ,epoch= 1 ,client update iteration= 20 ,loss= 2.3627476692199707
client id= 1 ,round= 9 ,epoch= 1 ,client update iteration= 30 ,loss= 2.2968409061431885
client id= 1 ,round= 9 ,epoch= 1 ,client update iteration= 40 ,loss= 2.2956595420837402
client id= 1 ,round= 9 ,epoch= 1 ,client update iteration= 50 ,loss= 2.3324694633483887
client id= 1 ,round= 9 ,epoch= 1 ,client update iteration= 60 ,loss= 2.3196232318878174
client id= 1 ,round= 9 ,epoch= 1 ,client update iteration= 70 ,loss= 2.312340259552002
client id= 1 ,round= 9 ,epoch= 1 ,client update iteration= 80 ,loss= 2.3389859199523926
client id= 1 ,round= 9 ,epoch= 1 ,client update iteration= 90 ,loss= 2.2882893085479736
client id= 1 ,round= 9 ,epoch= 1 ,client update iteration= 100 ,loss= 2.3595659732818604
client id= 1 ,round= 9 ,epoch= 1 ,client update iteration= 110 ,loss= 2.338569164276123
client id= 1 ,round= 9 ,epoch= 1 ,client update iteration= 120 ,loss= 2.3284239768981934
client id= 1 ,round= 9 ,epoch= 1 ,client update iteration= 130 ,loss= 2.351649045944214
client id= 1 ,round= 9 ,epoch= 1 ,client update iteration= 140 ,loss= 2.3506999015808105
client id= 1 ,round= 9 ,epoch= 1 ,client update iteration= 150 ,loss= 2.335104465484619
client id= 1 ,round= 9 ,epoch= 1 ,client update iteration= 160 ,loss= 2.3188982009887695
client id= 1 ,round= 9 ,epoch= 1 ,client update iteration= 170 ,loss= 2.3522276878356934
client id= 1 ,round= 9 ,epoch= 1 ,client update iteration= 180 ,loss= 2.3166844844818115
client id= 1 ,round= 9 ,epoch= 1 ,client update iteration= 190 ,loss= 2.331709861755371
client id= 1 ,round= 9 ,epoch= 1 ,client update iteration= 200 ,loss= 2.309128522872925
client id= 1 ,round= 9 ,epoch= 1 ,client update iteration= 210 ,loss= 2.348801612854004
client id= 1 ,round= 9 ,epoch= 1 ,client update iteration= 220 ,loss= 2.367258310317993
client id= 1 ,round= 9 ,epoch= 1 ,client update iteration= 230 ,loss= 2.3278980255126953
client id= 1 ,round= 9 ,epoch= 1 ,client update iteration= 240 ,loss= 2.313225746154785
client id= 1 ,round= 9 ,epoch= 1 ,client update iteration= 250 ,loss= 2.3208773136138916
client id= 1 ,round= 9 ,epoch= 1 ,client update iteration= 260 ,loss= 2.342855930328369
client id= 1 ,round= 9 ,epoch= 1 ,client update iteration= 270 ,loss= 2.3221473693847656
client id= 1 ,round= 9 ,epoch= 1 ,client update iteration= 280 ,loss= 2.3191275596618652
client id= 1 ,round= 9 ,epoch= 1 ,client update iteration= 290 ,loss= 2.288878917694092
client id= 1 ,round= 9 ,epoch= 1 ,client update iteration= 300 ,loss= 2.3250505924224854
client id= 1 ,round= 9 ,epoch= 1 ,client update iteration= 310 ,loss= 2.302302598953247
client id= 1 ,round= 9 ,epoch= 1 ,client update iteration= 320 ,loss= 2.3204052448272705
client id= 1 ,round= 9 ,epoch= 1 ,client update iteration= 330 ,loss= 2.318380832672119
client id= 1 ,round= 9 ,epoch= 1 ,client update iteration= 340 ,loss= 2.3163366317749023
client id= 1 ,round= 9 ,epoch= 1 ,client update iteration= 350 ,loss= 2.2875382900238037
client id= 1 ,round= 9 ,epoch= 1 ,client update iteration= 360 ,loss= 2.300663948059082
client id= 1 ,round= 9 ,epoch= 1 ,client update iteration= 370 ,loss= 2.322866678237915
client id= 1 ,round= 9 ,epoch= 1 ,client update iteration= 380 ,loss= 2.305450916290283
client id= 1 ,round= 9 ,epoch= 1 ,client update iteration= 390 ,loss= 2.3322184085845947
start cal weight time2021-07-01 12:19:25
end cal weight time2021-07-01 12:19:25
layer= 0 ratio= 0.0625
layer= 1 ratio= 0.0625
layer= 2 ratio= 0.0625
layer= 3 ratio= 0.0625
layer= 4 ratio= 0.0625
layer= 5 ratio= 0.0625
layer= 6 ratio= 0.0625
layer= 7 ratio= 0.0625
layer= 8 ratio= 0.0625
layer= 9 ratio= 0.0625
layer= 10 ratio= 0.0625
layer= 11 ratio= 0.0625
layer= 12 ratio= 0.0625
layer= 13 ratio= 0.0625
layer= 14 ratio= 0.0625
layer= 15 ratio= 0.0625
start add noise2021-07-01 12:19:25
end_add_noise_time2021-07-01 12:19:29
start cal weight time2021-07-01 12:19:29
end cal weight time2021-07-01 12:19:29
layer= 0 ratio= 0.0625
layer= 1 ratio= 0.0625
layer= 2 ratio= 0.0625
layer= 3 ratio= 0.0625
layer= 4 ratio= 0.0625
layer= 5 ratio= 0.0625
layer= 6 ratio= 0.0625
layer= 7 ratio= 0.0625
layer= 8 ratio= 0.0625
layer= 9 ratio= 0.0625
layer= 10 ratio= 0.0625
layer= 11 ratio= 0.0625
layer= 12 ratio= 0.0625
layer= 13 ratio= 0.0625
layer= 14 ratio= 0.0625
layer= 15 ratio= 0.0625
start add noise2021-07-01 12:19:29
end_add_noise_time2021-07-01 12:19:32
average train loss= 2.3245678204099844
2021-07-01 12:19:41,round 9,val Accuracy Top1: 10.000000 %
2021-07-01 12:19:41,round 9,val Accuracy Top5: 50.000000 %
******client id  0 ******
client_update start
client id= 0 ,round= 10 ,epoch= 1 ,client update iteration= 10 ,loss= 2.3285112380981445
client id= 0 ,round= 10 ,epoch= 1 ,client update iteration= 20 ,loss= 2.321031332015991
client id= 0 ,round= 10 ,epoch= 1 ,client update iteration= 30 ,loss= 2.36466646194458
client id= 0 ,round= 10 ,epoch= 1 ,client update iteration= 40 ,loss= 2.3506479263305664
client id= 0 ,round= 10 ,epoch= 1 ,client update iteration= 50 ,loss= 2.2937614917755127
client id= 0 ,round= 10 ,epoch= 1 ,client update iteration= 60 ,loss= 2.3141555786132812
client id= 0 ,round= 10 ,epoch= 1 ,client update iteration= 70 ,loss= 2.3107287883758545
client id= 0 ,round= 10 ,epoch= 1 ,client update iteration= 80 ,loss= 2.3342461585998535
client id= 0 ,round= 10 ,epoch= 1 ,client update iteration= 90 ,loss= 2.3033623695373535
client id= 0 ,round= 10 ,epoch= 1 ,client update iteration= 100 ,loss= 2.348726749420166
client id= 0 ,round= 10 ,epoch= 1 ,client update iteration= 110 ,loss= 2.3097684383392334
client id= 0 ,round= 10 ,epoch= 1 ,client update iteration= 120 ,loss= 2.322284698486328
client id= 0 ,round= 10 ,epoch= 1 ,client update iteration= 130 ,loss= 2.324085235595703
client id= 0 ,round= 10 ,epoch= 1 ,client update iteration= 140 ,loss= 2.300048828125
client id= 0 ,round= 10 ,epoch= 1 ,client update iteration= 150 ,loss= 2.3199472427368164
client id= 0 ,round= 10 ,epoch= 1 ,client update iteration= 160 ,loss= 2.3100016117095947
client id= 0 ,round= 10 ,epoch= 1 ,client update iteration= 170 ,loss= 2.315253496170044
client id= 0 ,round= 10 ,epoch= 1 ,client update iteration= 180 ,loss= 2.306898355484009
client id= 0 ,round= 10 ,epoch= 1 ,client update iteration= 190 ,loss= 2.3289365768432617
client id= 0 ,round= 10 ,epoch= 1 ,client update iteration= 200 ,loss= 2.3092358112335205
client id= 0 ,round= 10 ,epoch= 1 ,client update iteration= 210 ,loss= 2.2722198963165283
client id= 0 ,round= 10 ,epoch= 1 ,client update iteration= 220 ,loss= 2.309907913208008
client id= 0 ,round= 10 ,epoch= 1 ,client update iteration= 230 ,loss= 2.3167521953582764
client id= 0 ,round= 10 ,epoch= 1 ,client update iteration= 240 ,loss= 2.3069345951080322
client id= 0 ,round= 10 ,epoch= 1 ,client update iteration= 250 ,loss= 2.2938039302825928
client id= 0 ,round= 10 ,epoch= 1 ,client update iteration= 260 ,loss= 2.316892385482788
client id= 0 ,round= 10 ,epoch= 1 ,client update iteration= 270 ,loss= 2.304286003112793
client id= 0 ,round= 10 ,epoch= 1 ,client update iteration= 280 ,loss= 2.2738523483276367
client id= 0 ,round= 10 ,epoch= 1 ,client update iteration= 290 ,loss= 2.306246519088745
client id= 0 ,round= 10 ,epoch= 1 ,client update iteration= 300 ,loss= 2.3167903423309326
client id= 0 ,round= 10 ,epoch= 1 ,client update iteration= 310 ,loss= 2.297800064086914
client id= 0 ,round= 10 ,epoch= 1 ,client update iteration= 320 ,loss= 2.324430465698242
client id= 0 ,round= 10 ,epoch= 1 ,client update iteration= 330 ,loss= 2.2906816005706787
client id= 0 ,round= 10 ,epoch= 1 ,client update iteration= 340 ,loss= 2.291905403137207
client id= 0 ,round= 10 ,epoch= 1 ,client update iteration= 350 ,loss= 2.3318965435028076
client id= 0 ,round= 10 ,epoch= 1 ,client update iteration= 360 ,loss= 2.306429862976074
client id= 0 ,round= 10 ,epoch= 1 ,client update iteration= 370 ,loss= 2.296745777130127
client id= 0 ,round= 10 ,epoch= 1 ,client update iteration= 380 ,loss= 2.304523468017578
client id= 0 ,round= 10 ,epoch= 1 ,client update iteration= 390 ,loss= 2.3200013637542725
******client id  1 ******
client_update start
client id= 1 ,round= 10 ,epoch= 1 ,client update iteration= 10 ,loss= 2.343726873397827
client id= 1 ,round= 10 ,epoch= 1 ,client update iteration= 20 ,loss= 2.323702335357666
client id= 1 ,round= 10 ,epoch= 1 ,client update iteration= 30 ,loss= 2.3070712089538574
client id= 1 ,round= 10 ,epoch= 1 ,client update iteration= 40 ,loss= 2.3191418647766113
client id= 1 ,round= 10 ,epoch= 1 ,client update iteration= 50 ,loss= 2.3226101398468018
client id= 1 ,round= 10 ,epoch= 1 ,client update iteration= 60 ,loss= 2.297327756881714
client id= 1 ,round= 10 ,epoch= 1 ,client update iteration= 70 ,loss= 2.3114311695098877
client id= 1 ,round= 10 ,epoch= 1 ,client update iteration= 80 ,loss= 2.3379971981048584
client id= 1 ,round= 10 ,epoch= 1 ,client update iteration= 90 ,loss= 2.3179690837860107
client id= 1 ,round= 10 ,epoch= 1 ,client update iteration= 100 ,loss= 2.303150177001953
client id= 1 ,round= 10 ,epoch= 1 ,client update iteration= 110 ,loss= 2.294748544692993
client id= 1 ,round= 10 ,epoch= 1 ,client update iteration= 120 ,loss= 2.299769878387451
client id= 1 ,round= 10 ,epoch= 1 ,client update iteration= 130 ,loss= 2.3061177730560303
client id= 1 ,round= 10 ,epoch= 1 ,client update iteration= 140 ,loss= 2.319483518600464
client id= 1 ,round= 10 ,epoch= 1 ,client update iteration= 150 ,loss= 2.3357856273651123
client id= 1 ,round= 10 ,epoch= 1 ,client update iteration= 160 ,loss= 2.3245675563812256
client id= 1 ,round= 10 ,epoch= 1 ,client update iteration= 170 ,loss= 2.313295841217041
client id= 1 ,round= 10 ,epoch= 1 ,client update iteration= 180 ,loss= 2.3178083896636963
client id= 1 ,round= 10 ,epoch= 1 ,client update iteration= 190 ,loss= 2.306252956390381
client id= 1 ,round= 10 ,epoch= 1 ,client update iteration= 200 ,loss= 2.310554027557373
client id= 1 ,round= 10 ,epoch= 1 ,client update iteration= 210 ,loss= 2.286421775817871
client id= 1 ,round= 10 ,epoch= 1 ,client update iteration= 220 ,loss= 2.2997448444366455
client id= 1 ,round= 10 ,epoch= 1 ,client update iteration= 230 ,loss= 2.304849863052368
client id= 1 ,round= 10 ,epoch= 1 ,client update iteration= 240 ,loss= 2.319913387298584
client id= 1 ,round= 10 ,epoch= 1 ,client update iteration= 250 ,loss= 2.316129684448242
client id= 1 ,round= 10 ,epoch= 1 ,client update iteration= 260 ,loss= 2.297778606414795
client id= 1 ,round= 10 ,epoch= 1 ,client update iteration= 270 ,loss= 2.318655490875244
client id= 1 ,round= 10 ,epoch= 1 ,client update iteration= 280 ,loss= 2.3061752319335938
client id= 1 ,round= 10 ,epoch= 1 ,client update iteration= 290 ,loss= 2.299468517303467
client id= 1 ,round= 10 ,epoch= 1 ,client update iteration= 300 ,loss= 2.296088695526123
client id= 1 ,round= 10 ,epoch= 1 ,client update iteration= 310 ,loss= 2.313143253326416
client id= 1 ,round= 10 ,epoch= 1 ,client update iteration= 320 ,loss= 2.306392192840576
client id= 1 ,round= 10 ,epoch= 1 ,client update iteration= 330 ,loss= 2.3112406730651855
client id= 1 ,round= 10 ,epoch= 1 ,client update iteration= 340 ,loss= 2.3067827224731445
client id= 1 ,round= 10 ,epoch= 1 ,client update iteration= 350 ,loss= 2.316913366317749
client id= 1 ,round= 10 ,epoch= 1 ,client update iteration= 360 ,loss= 2.3232309818267822
client id= 1 ,round= 10 ,epoch= 1 ,client update iteration= 370 ,loss= 2.307995080947876
client id= 1 ,round= 10 ,epoch= 1 ,client update iteration= 380 ,loss= 2.304572343826294
client id= 1 ,round= 10 ,epoch= 1 ,client update iteration= 390 ,loss= 2.3056938648223877
start cal weight time2021-07-01 12:22:05
end cal weight time2021-07-01 12:22:05
layer= 0 ratio= 0.0625
layer= 1 ratio= 0.0625
layer= 2 ratio= 0.0625
layer= 3 ratio= 0.0625
layer= 4 ratio= 0.0625
layer= 5 ratio= 0.0625
layer= 6 ratio= 0.0625
layer= 7 ratio= 0.0625
layer= 8 ratio= 0.0625
layer= 9 ratio= 0.0625
layer= 10 ratio= 0.0625
layer= 11 ratio= 0.0625
layer= 12 ratio= 0.0625
layer= 13 ratio= 0.0625
layer= 14 ratio= 0.0625
layer= 15 ratio= 0.0625
start add noise2021-07-01 12:22:05
end_add_noise_time2021-07-01 12:22:09
start cal weight time2021-07-01 12:22:09
end cal weight time2021-07-01 12:22:09
layer= 0 ratio= 0.0625
layer= 1 ratio= 0.0625
layer= 2 ratio= 0.0625
layer= 3 ratio= 0.0625
layer= 4 ratio= 0.0625
layer= 5 ratio= 0.0625
layer= 6 ratio= 0.0625
layer= 7 ratio= 0.0625
layer= 8 ratio= 0.0625
layer= 9 ratio= 0.0625
layer= 10 ratio= 0.0625
layer= 11 ratio= 0.0625
layer= 12 ratio= 0.0625
layer= 13 ratio= 0.0625
layer= 14 ratio= 0.0625
layer= 15 ratio= 0.0625
start add noise2021-07-01 12:22:09
end_add_noise_time2021-07-01 12:22:12
average train loss= 2.3133772995770743
2021-07-01 12:22:21,round 10,val Accuracy Top1: 10.000000 %
2021-07-01 12:22:21,round 10,val Accuracy Top5: 50.000000 %
