type sample_L1
pb 7000000.0
clip_bound 20.0
log_path log/Alexnet/sample_L1/False/2
train_data data
test_data data
batch_size 64
test_batch_size 64
lr 0.0002
momentum 0.5
no_cuda False
seed 1
log_interval 1
privacy_delta 1e-06
sample_num 500
islog True
is_ratio_list False
num_clients 2
num_rounds 10
epochs 1
ratio_type 2
平均分配eps
device cuda
loading data
load data done
AlexNet(
  (conv1): Sequential(
    (0): Conv2d(3, 96, kernel_size=(6, 6), stride=(1, 1))
    (1): ReLU()
  )
  (conv2): Sequential(
    (0): Conv2d(96, 256, kernel_size=(5, 5), stride=(1, 1), padding=(2, 2))
    (1): ReLU()
    (2): MaxPool2d(kernel_size=3, stride=2, padding=0, dilation=1, ceil_mode=False)
  )
  (conv3): Sequential(
    (0): Conv2d(256, 384, kernel_size=(3, 3), stride=(1, 1), padding=(1, 1))
    (1): ReLU()
  )
  (conv4): Sequential(
    (0): Conv2d(384, 384, kernel_size=(3, 3), stride=(1, 1), padding=(1, 1))
    (1): ReLU()
  )
  (conv5): Sequential(
    (0): Conv2d(384, 256, kernel_size=(3, 3), stride=(1, 1), padding=(1, 1))
    (1): ReLU()
    (2): MaxPool2d(kernel_size=3, stride=2, padding=0, dilation=1, ceil_mode=False)
  )
  (dense): Sequential(
    (0): Linear(in_features=9216, out_features=4096, bias=True)
    (1): ReLU()
    (2): Dropout(p=0.5, inplace=False)
    (3): Linear(in_features=4096, out_features=4096, bias=True)
    (4): ReLU()
    (5): Dropout(p=0.5, inplace=False)
    (6): Linear(in_features=4096, out_features=10, bias=True)
  )
)
********start training********
******client id  0 ******
client_update start
client id= 0 ,round= 1 ,epoch= 1 ,client update iteration= 10 ,loss= 2.2888739109039307
client id= 0 ,round= 1 ,epoch= 1 ,client update iteration= 20 ,loss= 2.191328287124634
client id= 0 ,round= 1 ,epoch= 1 ,client update iteration= 30 ,loss= 1.9955475330352783
client id= 0 ,round= 1 ,epoch= 1 ,client update iteration= 40 ,loss= 2.18711519241333
client id= 0 ,round= 1 ,epoch= 1 ,client update iteration= 50 ,loss= 2.077728271484375
client id= 0 ,round= 1 ,epoch= 1 ,client update iteration= 60 ,loss= 2.173926830291748
client id= 0 ,round= 1 ,epoch= 1 ,client update iteration= 70 ,loss= 2.0717086791992188
client id= 0 ,round= 1 ,epoch= 1 ,client update iteration= 80 ,loss= 2.031616449356079
client id= 0 ,round= 1 ,epoch= 1 ,client update iteration= 90 ,loss= 1.8199262619018555
client id= 0 ,round= 1 ,epoch= 1 ,client update iteration= 100 ,loss= 1.78097403049469
client id= 0 ,round= 1 ,epoch= 1 ,client update iteration= 110 ,loss= 1.858332872390747
client id= 0 ,round= 1 ,epoch= 1 ,client update iteration= 120 ,loss= 1.9300806522369385
client id= 0 ,round= 1 ,epoch= 1 ,client update iteration= 130 ,loss= 1.7870807647705078
client id= 0 ,round= 1 ,epoch= 1 ,client update iteration= 140 ,loss= 1.7885360717773438
client id= 0 ,round= 1 ,epoch= 1 ,client update iteration= 150 ,loss= 1.725083351135254
client id= 0 ,round= 1 ,epoch= 1 ,client update iteration= 160 ,loss= 1.7810847759246826
client id= 0 ,round= 1 ,epoch= 1 ,client update iteration= 170 ,loss= 1.782430648803711
client id= 0 ,round= 1 ,epoch= 1 ,client update iteration= 180 ,loss= 1.702354907989502
client id= 0 ,round= 1 ,epoch= 1 ,client update iteration= 190 ,loss= 1.562723159790039
client id= 0 ,round= 1 ,epoch= 1 ,client update iteration= 200 ,loss= 1.6862292289733887
client id= 0 ,round= 1 ,epoch= 1 ,client update iteration= 210 ,loss= 1.5896127223968506
client id= 0 ,round= 1 ,epoch= 1 ,client update iteration= 220 ,loss= 1.5914865732192993
client id= 0 ,round= 1 ,epoch= 1 ,client update iteration= 230 ,loss= 1.5743030309677124
client id= 0 ,round= 1 ,epoch= 1 ,client update iteration= 240 ,loss= 1.6635133028030396
client id= 0 ,round= 1 ,epoch= 1 ,client update iteration= 250 ,loss= 1.5622459650039673
client id= 0 ,round= 1 ,epoch= 1 ,client update iteration= 260 ,loss= 1.4662455320358276
client id= 0 ,round= 1 ,epoch= 1 ,client update iteration= 270 ,loss= 1.552850365638733
client id= 0 ,round= 1 ,epoch= 1 ,client update iteration= 280 ,loss= 1.7033638954162598
client id= 0 ,round= 1 ,epoch= 1 ,client update iteration= 290 ,loss= 1.483916997909546
client id= 0 ,round= 1 ,epoch= 1 ,client update iteration= 300 ,loss= 1.5697386264801025
client id= 0 ,round= 1 ,epoch= 1 ,client update iteration= 310 ,loss= 1.4312565326690674
client id= 0 ,round= 1 ,epoch= 1 ,client update iteration= 320 ,loss= 1.5733721256256104
client id= 0 ,round= 1 ,epoch= 1 ,client update iteration= 330 ,loss= 1.4312766790390015
client id= 0 ,round= 1 ,epoch= 1 ,client update iteration= 340 ,loss= 1.503961443901062
client id= 0 ,round= 1 ,epoch= 1 ,client update iteration= 350 ,loss= 1.4270223379135132
client id= 0 ,round= 1 ,epoch= 1 ,client update iteration= 360 ,loss= 1.5702235698699951
client id= 0 ,round= 1 ,epoch= 1 ,client update iteration= 370 ,loss= 1.3184314966201782
client id= 0 ,round= 1 ,epoch= 1 ,client update iteration= 380 ,loss= 1.389295220375061
client id= 0 ,round= 1 ,epoch= 1 ,client update iteration= 390 ,loss= 1.4440094232559204
******client id  1 ******
client_update start
client id= 1 ,round= 1 ,epoch= 1 ,client update iteration= 10 ,loss= 2.263723611831665
client id= 1 ,round= 1 ,epoch= 1 ,client update iteration= 20 ,loss= 2.15055513381958
client id= 1 ,round= 1 ,epoch= 1 ,client update iteration= 30 ,loss= 2.179311752319336
client id= 1 ,round= 1 ,epoch= 1 ,client update iteration= 40 ,loss= 2.0847713947296143
client id= 1 ,round= 1 ,epoch= 1 ,client update iteration= 50 ,loss= 2.0495152473449707
client id= 1 ,round= 1 ,epoch= 1 ,client update iteration= 60 ,loss= 1.8707189559936523
client id= 1 ,round= 1 ,epoch= 1 ,client update iteration= 70 ,loss= 1.7172921895980835
client id= 1 ,round= 1 ,epoch= 1 ,client update iteration= 80 ,loss= 1.8292843103408813
client id= 1 ,round= 1 ,epoch= 1 ,client update iteration= 90 ,loss= 1.7560949325561523
client id= 1 ,round= 1 ,epoch= 1 ,client update iteration= 100 ,loss= 1.7694270610809326
client id= 1 ,round= 1 ,epoch= 1 ,client update iteration= 110 ,loss= 1.6544222831726074
client id= 1 ,round= 1 ,epoch= 1 ,client update iteration= 120 ,loss= 1.8043497800827026
client id= 1 ,round= 1 ,epoch= 1 ,client update iteration= 130 ,loss= 1.7686010599136353
client id= 1 ,round= 1 ,epoch= 1 ,client update iteration= 140 ,loss= 1.8916056156158447
client id= 1 ,round= 1 ,epoch= 1 ,client update iteration= 150 ,loss= 1.9530704021453857
client id= 1 ,round= 1 ,epoch= 1 ,client update iteration= 160 ,loss= 1.6400407552719116
client id= 1 ,round= 1 ,epoch= 1 ,client update iteration= 170 ,loss= 1.7190845012664795
client id= 1 ,round= 1 ,epoch= 1 ,client update iteration= 180 ,loss= 1.6634800434112549
client id= 1 ,round= 1 ,epoch= 1 ,client update iteration= 190 ,loss= 1.7345514297485352
client id= 1 ,round= 1 ,epoch= 1 ,client update iteration= 200 ,loss= 1.658231496810913
client id= 1 ,round= 1 ,epoch= 1 ,client update iteration= 210 ,loss= 1.6500730514526367
client id= 1 ,round= 1 ,epoch= 1 ,client update iteration= 220 ,loss= 1.515442132949829
client id= 1 ,round= 1 ,epoch= 1 ,client update iteration= 230 ,loss= 1.747667908668518
client id= 1 ,round= 1 ,epoch= 1 ,client update iteration= 240 ,loss= 1.479304552078247
client id= 1 ,round= 1 ,epoch= 1 ,client update iteration= 250 ,loss= 1.5087593793869019
client id= 1 ,round= 1 ,epoch= 1 ,client update iteration= 260 ,loss= 1.4901810884475708
client id= 1 ,round= 1 ,epoch= 1 ,client update iteration= 270 ,loss= 1.493530511856079
client id= 1 ,round= 1 ,epoch= 1 ,client update iteration= 280 ,loss= 1.482012391090393
client id= 1 ,round= 1 ,epoch= 1 ,client update iteration= 290 ,loss= 1.5740824937820435
client id= 1 ,round= 1 ,epoch= 1 ,client update iteration= 300 ,loss= 1.5365291833877563
client id= 1 ,round= 1 ,epoch= 1 ,client update iteration= 310 ,loss= 1.4695014953613281
client id= 1 ,round= 1 ,epoch= 1 ,client update iteration= 320 ,loss= 1.3886220455169678
client id= 1 ,round= 1 ,epoch= 1 ,client update iteration= 330 ,loss= 1.343667984008789
client id= 1 ,round= 1 ,epoch= 1 ,client update iteration= 340 ,loss= 1.611710548400879
client id= 1 ,round= 1 ,epoch= 1 ,client update iteration= 350 ,loss= 1.5234183073043823
client id= 1 ,round= 1 ,epoch= 1 ,client update iteration= 360 ,loss= 1.6167492866516113
client id= 1 ,round= 1 ,epoch= 1 ,client update iteration= 370 ,loss= 1.4226536750793457
client id= 1 ,round= 1 ,epoch= 1 ,client update iteration= 380 ,loss= 1.413175344467163
client id= 1 ,round= 1 ,epoch= 1 ,client update iteration= 390 ,loss= 1.5481135845184326
start cal weight time2021-07-01 13:18:31
end cal weight time2021-07-01 13:18:31
layer= 0 ratio= 0.0625
layer= 1 ratio= 0.0625
layer= 2 ratio= 0.0625
layer= 3 ratio= 0.0625
layer= 4 ratio= 0.0625
layer= 5 ratio= 0.0625
layer= 6 ratio= 0.0625
layer= 7 ratio= 0.0625
layer= 8 ratio= 0.0625
layer= 9 ratio= 0.0625
layer= 10 ratio= 0.0625
layer= 11 ratio= 0.0625
layer= 12 ratio= 0.0625
layer= 13 ratio= 0.0625
layer= 14 ratio= 0.0625
layer= 15 ratio= 0.0625
start add noise2021-07-01 13:18:31
end_add_noise_time2021-07-01 13:18:34
start cal weight time2021-07-01 13:18:34
end cal weight time2021-07-01 13:18:34
layer= 0 ratio= 0.0625
layer= 1 ratio= 0.0625
layer= 2 ratio= 0.0625
layer= 3 ratio= 0.0625
layer= 4 ratio= 0.0625
layer= 5 ratio= 0.0625
layer= 6 ratio= 0.0625
layer= 7 ratio= 0.0625
layer= 8 ratio= 0.0625
layer= 9 ratio= 0.0625
layer= 10 ratio= 0.0625
layer= 11 ratio= 0.0625
layer= 12 ratio= 0.0625
layer= 13 ratio= 0.0625
layer= 14 ratio= 0.0625
layer= 15 ratio= 0.0625
start add noise2021-07-01 13:18:34
end_add_noise_time2021-07-01 13:18:38
average train loss= 1.717095834519857
2021-07-01 13:18:47,round 1,val Accuracy Top1: 20.320000 %
2021-07-01 13:18:47,round 1,val Accuracy Top5: 70.260000 %
******client id  0 ******
client_update start
client id= 0 ,round= 2 ,epoch= 1 ,client update iteration= 10 ,loss= 1.5825809240341187
client id= 0 ,round= 2 ,epoch= 1 ,client update iteration= 20 ,loss= 1.6344630718231201
client id= 0 ,round= 2 ,epoch= 1 ,client update iteration= 30 ,loss= 1.7718733549118042
client id= 0 ,round= 2 ,epoch= 1 ,client update iteration= 40 ,loss= 1.5570323467254639
client id= 0 ,round= 2 ,epoch= 1 ,client update iteration= 50 ,loss= 1.844138264656067
client id= 0 ,round= 2 ,epoch= 1 ,client update iteration= 60 ,loss= 1.43770170211792
client id= 0 ,round= 2 ,epoch= 1 ,client update iteration= 70 ,loss= 1.365916132926941
client id= 0 ,round= 2 ,epoch= 1 ,client update iteration= 80 ,loss= 1.3536940813064575
client id= 0 ,round= 2 ,epoch= 1 ,client update iteration= 90 ,loss= 1.2290806770324707
client id= 0 ,round= 2 ,epoch= 1 ,client update iteration= 100 ,loss= 1.3787614107131958
client id= 0 ,round= 2 ,epoch= 1 ,client update iteration= 110 ,loss= 1.2629338502883911
client id= 0 ,round= 2 ,epoch= 1 ,client update iteration= 120 ,loss= 1.272449254989624
client id= 0 ,round= 2 ,epoch= 1 ,client update iteration= 130 ,loss= 1.2758628129959106
client id= 0 ,round= 2 ,epoch= 1 ,client update iteration= 140 ,loss= 1.7014278173446655
client id= 0 ,round= 2 ,epoch= 1 ,client update iteration= 150 ,loss= 1.4845887422561646
client id= 0 ,round= 2 ,epoch= 1 ,client update iteration= 160 ,loss= 1.1912730932235718
client id= 0 ,round= 2 ,epoch= 1 ,client update iteration= 170 ,loss= 1.296094536781311
client id= 0 ,round= 2 ,epoch= 1 ,client update iteration= 180 ,loss= 1.427842378616333
client id= 0 ,round= 2 ,epoch= 1 ,client update iteration= 190 ,loss= 1.1853344440460205
client id= 0 ,round= 2 ,epoch= 1 ,client update iteration= 200 ,loss= 1.4256075620651245
client id= 0 ,round= 2 ,epoch= 1 ,client update iteration= 210 ,loss= 1.3567087650299072
client id= 0 ,round= 2 ,epoch= 1 ,client update iteration= 220 ,loss= 1.3604865074157715
client id= 0 ,round= 2 ,epoch= 1 ,client update iteration= 230 ,loss= 1.175417184829712
client id= 0 ,round= 2 ,epoch= 1 ,client update iteration= 240 ,loss= 1.0787734985351562
client id= 0 ,round= 2 ,epoch= 1 ,client update iteration= 250 ,loss= 1.2319570779800415
client id= 0 ,round= 2 ,epoch= 1 ,client update iteration= 260 ,loss= 1.3121068477630615
client id= 0 ,round= 2 ,epoch= 1 ,client update iteration= 270 ,loss= 1.22287118434906
client id= 0 ,round= 2 ,epoch= 1 ,client update iteration= 280 ,loss= 1.2440682649612427
client id= 0 ,round= 2 ,epoch= 1 ,client update iteration= 290 ,loss= 1.0953209400177002
client id= 0 ,round= 2 ,epoch= 1 ,client update iteration= 300 ,loss= 1.2625652551651
client id= 0 ,round= 2 ,epoch= 1 ,client update iteration= 310 ,loss= 1.5304267406463623
client id= 0 ,round= 2 ,epoch= 1 ,client update iteration= 320 ,loss= 1.2138354778289795
client id= 0 ,round= 2 ,epoch= 1 ,client update iteration= 330 ,loss= 1.16670823097229
client id= 0 ,round= 2 ,epoch= 1 ,client update iteration= 340 ,loss= 0.9393882751464844
client id= 0 ,round= 2 ,epoch= 1 ,client update iteration= 350 ,loss= 1.1950126886367798
client id= 0 ,round= 2 ,epoch= 1 ,client update iteration= 360 ,loss= 1.377409815788269
client id= 0 ,round= 2 ,epoch= 1 ,client update iteration= 370 ,loss= 1.1536750793457031
client id= 0 ,round= 2 ,epoch= 1 ,client update iteration= 380 ,loss= 1.353519082069397
client id= 0 ,round= 2 ,epoch= 1 ,client update iteration= 390 ,loss= 1.0677918195724487
******client id  1 ******
client_update start
client id= 1 ,round= 2 ,epoch= 1 ,client update iteration= 10 ,loss= 1.6193881034851074
client id= 1 ,round= 2 ,epoch= 1 ,client update iteration= 20 ,loss= 1.706297516822815
client id= 1 ,round= 2 ,epoch= 1 ,client update iteration= 30 ,loss= 1.5625892877578735
client id= 1 ,round= 2 ,epoch= 1 ,client update iteration= 40 ,loss= 1.5001108646392822
client id= 1 ,round= 2 ,epoch= 1 ,client update iteration= 50 ,loss= 1.59005606174469
client id= 1 ,round= 2 ,epoch= 1 ,client update iteration= 60 ,loss= 1.3631519079208374
client id= 1 ,round= 2 ,epoch= 1 ,client update iteration= 70 ,loss= 1.5419560670852661
client id= 1 ,round= 2 ,epoch= 1 ,client update iteration= 80 ,loss= 1.6441909074783325
client id= 1 ,round= 2 ,epoch= 1 ,client update iteration= 90 ,loss= 1.5889341831207275
client id= 1 ,round= 2 ,epoch= 1 ,client update iteration= 100 ,loss= 1.5692362785339355
client id= 1 ,round= 2 ,epoch= 1 ,client update iteration= 110 ,loss= 1.3522473573684692
client id= 1 ,round= 2 ,epoch= 1 ,client update iteration= 120 ,loss= 1.236199140548706
client id= 1 ,round= 2 ,epoch= 1 ,client update iteration= 130 ,loss= 1.394801139831543
client id= 1 ,round= 2 ,epoch= 1 ,client update iteration= 140 ,loss= 1.476513147354126
client id= 1 ,round= 2 ,epoch= 1 ,client update iteration= 150 ,loss= 1.3982722759246826
client id= 1 ,round= 2 ,epoch= 1 ,client update iteration= 160 ,loss= 1.277224063873291
client id= 1 ,round= 2 ,epoch= 1 ,client update iteration= 170 ,loss= 1.476535677909851
client id= 1 ,round= 2 ,epoch= 1 ,client update iteration= 180 ,loss= 1.2740827798843384
client id= 1 ,round= 2 ,epoch= 1 ,client update iteration= 190 ,loss= 1.2001737356185913
client id= 1 ,round= 2 ,epoch= 1 ,client update iteration= 200 ,loss= 1.389462947845459
client id= 1 ,round= 2 ,epoch= 1 ,client update iteration= 210 ,loss= 1.288484811782837
client id= 1 ,round= 2 ,epoch= 1 ,client update iteration= 220 ,loss= 1.4296075105667114
client id= 1 ,round= 2 ,epoch= 1 ,client update iteration= 230 ,loss= 1.2304788827896118
client id= 1 ,round= 2 ,epoch= 1 ,client update iteration= 240 ,loss= 1.0820988416671753
client id= 1 ,round= 2 ,epoch= 1 ,client update iteration= 250 ,loss= 1.1357828378677368
client id= 1 ,round= 2 ,epoch= 1 ,client update iteration= 260 ,loss= 1.2360740900039673
client id= 1 ,round= 2 ,epoch= 1 ,client update iteration= 270 ,loss= 1.1653611660003662
client id= 1 ,round= 2 ,epoch= 1 ,client update iteration= 280 ,loss= 1.073614239692688
client id= 1 ,round= 2 ,epoch= 1 ,client update iteration= 290 ,loss= 1.1024340391159058
client id= 1 ,round= 2 ,epoch= 1 ,client update iteration= 300 ,loss= 1.1074506044387817
client id= 1 ,round= 2 ,epoch= 1 ,client update iteration= 310 ,loss= 1.4364417791366577
client id= 1 ,round= 2 ,epoch= 1 ,client update iteration= 320 ,loss= 1.2054531574249268
client id= 1 ,round= 2 ,epoch= 1 ,client update iteration= 330 ,loss= 1.2153007984161377
client id= 1 ,round= 2 ,epoch= 1 ,client update iteration= 340 ,loss= 1.1432701349258423
client id= 1 ,round= 2 ,epoch= 1 ,client update iteration= 350 ,loss= 1.1429040431976318
client id= 1 ,round= 2 ,epoch= 1 ,client update iteration= 360 ,loss= 1.0416315793991089
client id= 1 ,round= 2 ,epoch= 1 ,client update iteration= 370 ,loss= 1.4905790090560913
client id= 1 ,round= 2 ,epoch= 1 ,client update iteration= 380 ,loss= 1.2775059938430786
client id= 1 ,round= 2 ,epoch= 1 ,client update iteration= 390 ,loss= 0.9541792869567871
start cal weight time2021-07-01 13:21:12
end cal weight time2021-07-01 13:21:12
layer= 0 ratio= 0.0625
layer= 1 ratio= 0.0625
layer= 2 ratio= 0.0625
layer= 3 ratio= 0.0625
layer= 4 ratio= 0.0625
layer= 5 ratio= 0.0625
layer= 6 ratio= 0.0625
layer= 7 ratio= 0.0625
layer= 8 ratio= 0.0625
layer= 9 ratio= 0.0625
layer= 10 ratio= 0.0625
layer= 11 ratio= 0.0625
layer= 12 ratio= 0.0625
layer= 13 ratio= 0.0625
layer= 14 ratio= 0.0625
layer= 15 ratio= 0.0625
start add noise2021-07-01 13:21:12
end_add_noise_time2021-07-01 13:21:16
start cal weight time2021-07-01 13:21:16
end cal weight time2021-07-01 13:21:16
layer= 0 ratio= 0.0625
layer= 1 ratio= 0.0625
layer= 2 ratio= 0.0625
layer= 3 ratio= 0.0625
layer= 4 ratio= 0.0625
layer= 5 ratio= 0.0625
layer= 6 ratio= 0.0625
layer= 7 ratio= 0.0625
layer= 8 ratio= 0.0625
layer= 9 ratio= 0.0625
layer= 10 ratio= 0.0625
layer= 11 ratio= 0.0625
layer= 12 ratio= 0.0625
layer= 13 ratio= 0.0625
layer= 14 ratio= 0.0625
layer= 15 ratio= 0.0625
start add noise2021-07-01 13:21:16
end_add_noise_time2021-07-01 13:21:19
average train loss= 1.353990467460564
2021-07-01 13:21:28,round 2,val Accuracy Top1: 59.980000 %
2021-07-01 13:21:28,round 2,val Accuracy Top5: 95.880000 %
******client id  0 ******
client_update start
client id= 0 ,round= 3 ,epoch= 1 ,client update iteration= 10 ,loss= 1.4749460220336914
client id= 0 ,round= 3 ,epoch= 1 ,client update iteration= 20 ,loss= 1.193225622177124
client id= 0 ,round= 3 ,epoch= 1 ,client update iteration= 30 ,loss= 1.1094666719436646
client id= 0 ,round= 3 ,epoch= 1 ,client update iteration= 40 ,loss= 1.3376588821411133
client id= 0 ,round= 3 ,epoch= 1 ,client update iteration= 50 ,loss= 1.4040168523788452
client id= 0 ,round= 3 ,epoch= 1 ,client update iteration= 60 ,loss= 0.893531084060669
client id= 0 ,round= 3 ,epoch= 1 ,client update iteration= 70 ,loss= 0.9956299662590027
client id= 0 ,round= 3 ,epoch= 1 ,client update iteration= 80 ,loss= 1.0548467636108398
client id= 0 ,round= 3 ,epoch= 1 ,client update iteration= 90 ,loss= 0.9982812404632568
client id= 0 ,round= 3 ,epoch= 1 ,client update iteration= 100 ,loss= 1.2399190664291382
client id= 0 ,round= 3 ,epoch= 1 ,client update iteration= 110 ,loss= 1.0619057416915894
client id= 0 ,round= 3 ,epoch= 1 ,client update iteration= 120 ,loss= 1.0314085483551025
client id= 0 ,round= 3 ,epoch= 1 ,client update iteration= 130 ,loss= 1.0625760555267334
client id= 0 ,round= 3 ,epoch= 1 ,client update iteration= 140 ,loss= 1.1034824848175049
client id= 0 ,round= 3 ,epoch= 1 ,client update iteration= 150 ,loss= 1.2180417776107788
client id= 0 ,round= 3 ,epoch= 1 ,client update iteration= 160 ,loss= 1.1035218238830566
client id= 0 ,round= 3 ,epoch= 1 ,client update iteration= 170 ,loss= 0.7767012119293213
client id= 0 ,round= 3 ,epoch= 1 ,client update iteration= 180 ,loss= 1.0321534872055054
client id= 0 ,round= 3 ,epoch= 1 ,client update iteration= 190 ,loss= 1.1719363927841187
client id= 0 ,round= 3 ,epoch= 1 ,client update iteration= 200 ,loss= 0.8726405501365662
client id= 0 ,round= 3 ,epoch= 1 ,client update iteration= 210 ,loss= 1.1212188005447388
client id= 0 ,round= 3 ,epoch= 1 ,client update iteration= 220 ,loss= 1.0289007425308228
client id= 0 ,round= 3 ,epoch= 1 ,client update iteration= 230 ,loss= 1.0583868026733398
client id= 0 ,round= 3 ,epoch= 1 ,client update iteration= 240 ,loss= 0.9176068305969238
client id= 0 ,round= 3 ,epoch= 1 ,client update iteration= 250 ,loss= 1.084223985671997
client id= 0 ,round= 3 ,epoch= 1 ,client update iteration= 260 ,loss= 0.9813739657402039
client id= 0 ,round= 3 ,epoch= 1 ,client update iteration= 270 ,loss= 1.4062566757202148
client id= 0 ,round= 3 ,epoch= 1 ,client update iteration= 280 ,loss= 1.124472737312317
client id= 0 ,round= 3 ,epoch= 1 ,client update iteration= 290 ,loss= 0.8840928077697754
client id= 0 ,round= 3 ,epoch= 1 ,client update iteration= 300 ,loss= 0.7026941180229187
client id= 0 ,round= 3 ,epoch= 1 ,client update iteration= 310 ,loss= 0.9475002884864807
client id= 0 ,round= 3 ,epoch= 1 ,client update iteration= 320 ,loss= 1.055978536605835
client id= 0 ,round= 3 ,epoch= 1 ,client update iteration= 330 ,loss= 0.8466001749038696
client id= 0 ,round= 3 ,epoch= 1 ,client update iteration= 340 ,loss= 0.8302635550498962
client id= 0 ,round= 3 ,epoch= 1 ,client update iteration= 350 ,loss= 0.995744526386261
client id= 0 ,round= 3 ,epoch= 1 ,client update iteration= 360 ,loss= 1.1316016912460327
client id= 0 ,round= 3 ,epoch= 1 ,client update iteration= 370 ,loss= 1.0819566249847412
client id= 0 ,round= 3 ,epoch= 1 ,client update iteration= 380 ,loss= 0.987358570098877
client id= 0 ,round= 3 ,epoch= 1 ,client update iteration= 390 ,loss= 0.7867791652679443
******client id  1 ******
client_update start
client id= 1 ,round= 3 ,epoch= 1 ,client update iteration= 10 ,loss= 1.2121399641036987
client id= 1 ,round= 3 ,epoch= 1 ,client update iteration= 20 ,loss= 1.419272780418396
client id= 1 ,round= 3 ,epoch= 1 ,client update iteration= 30 ,loss= 1.2387948036193848
client id= 1 ,round= 3 ,epoch= 1 ,client update iteration= 40 ,loss= 1.5257549285888672
client id= 1 ,round= 3 ,epoch= 1 ,client update iteration= 50 ,loss= 1.1197465658187866
client id= 1 ,round= 3 ,epoch= 1 ,client update iteration= 60 ,loss= 1.0918207168579102
client id= 1 ,round= 3 ,epoch= 1 ,client update iteration= 70 ,loss= 1.1493711471557617
client id= 1 ,round= 3 ,epoch= 1 ,client update iteration= 80 ,loss= 1.1456879377365112
client id= 1 ,round= 3 ,epoch= 1 ,client update iteration= 90 ,loss= 1.1497416496276855
client id= 1 ,round= 3 ,epoch= 1 ,client update iteration= 100 ,loss= 1.0182459354400635
client id= 1 ,round= 3 ,epoch= 1 ,client update iteration= 110 ,loss= 1.3778234720230103
client id= 1 ,round= 3 ,epoch= 1 ,client update iteration= 120 ,loss= 1.3037030696868896
client id= 1 ,round= 3 ,epoch= 1 ,client update iteration= 130 ,loss= 1.024050235748291
client id= 1 ,round= 3 ,epoch= 1 ,client update iteration= 140 ,loss= 1.0068644285202026
client id= 1 ,round= 3 ,epoch= 1 ,client update iteration= 150 ,loss= 0.9122257828712463
client id= 1 ,round= 3 ,epoch= 1 ,client update iteration= 160 ,loss= 1.4197663068771362
client id= 1 ,round= 3 ,epoch= 1 ,client update iteration= 170 ,loss= 1.085670828819275
client id= 1 ,round= 3 ,epoch= 1 ,client update iteration= 180 ,loss= 0.8545058369636536
client id= 1 ,round= 3 ,epoch= 1 ,client update iteration= 190 ,loss= 0.7833927869796753
client id= 1 ,round= 3 ,epoch= 1 ,client update iteration= 200 ,loss= 1.074705719947815
client id= 1 ,round= 3 ,epoch= 1 ,client update iteration= 210 ,loss= 1.0022921562194824
client id= 1 ,round= 3 ,epoch= 1 ,client update iteration= 220 ,loss= 1.2142038345336914
client id= 1 ,round= 3 ,epoch= 1 ,client update iteration= 230 ,loss= 1.19124436378479
client id= 1 ,round= 3 ,epoch= 1 ,client update iteration= 240 ,loss= 0.9824989438056946
client id= 1 ,round= 3 ,epoch= 1 ,client update iteration= 250 ,loss= 1.043903112411499
client id= 1 ,round= 3 ,epoch= 1 ,client update iteration= 260 ,loss= 0.9196003675460815
client id= 1 ,round= 3 ,epoch= 1 ,client update iteration= 270 ,loss= 0.8609338998794556
client id= 1 ,round= 3 ,epoch= 1 ,client update iteration= 280 ,loss= 1.2506951093673706
client id= 1 ,round= 3 ,epoch= 1 ,client update iteration= 290 ,loss= 0.9338644742965698
client id= 1 ,round= 3 ,epoch= 1 ,client update iteration= 300 ,loss= 1.0870366096496582
client id= 1 ,round= 3 ,epoch= 1 ,client update iteration= 310 ,loss= 0.9814077019691467
client id= 1 ,round= 3 ,epoch= 1 ,client update iteration= 320 ,loss= 1.0410290956497192
client id= 1 ,round= 3 ,epoch= 1 ,client update iteration= 330 ,loss= 0.8285772204399109
client id= 1 ,round= 3 ,epoch= 1 ,client update iteration= 340 ,loss= 0.812673032283783
client id= 1 ,round= 3 ,epoch= 1 ,client update iteration= 350 ,loss= 0.9674748778343201
client id= 1 ,round= 3 ,epoch= 1 ,client update iteration= 360 ,loss= 0.8681480884552002
client id= 1 ,round= 3 ,epoch= 1 ,client update iteration= 370 ,loss= 1.349284291267395
client id= 1 ,round= 3 ,epoch= 1 ,client update iteration= 380 ,loss= 0.6557099223136902
client id= 1 ,round= 3 ,epoch= 1 ,client update iteration= 390 ,loss= 1.2131857872009277
start cal weight time2021-07-01 13:23:54
end cal weight time2021-07-01 13:23:54
layer= 0 ratio= 0.0625
layer= 1 ratio= 0.0625
layer= 2 ratio= 0.0625
layer= 3 ratio= 0.0625
layer= 4 ratio= 0.0625
layer= 5 ratio= 0.0625
layer= 6 ratio= 0.0625
layer= 7 ratio= 0.0625
layer= 8 ratio= 0.0625
layer= 9 ratio= 0.0625
layer= 10 ratio= 0.0625
layer= 11 ratio= 0.0625
layer= 12 ratio= 0.0625
layer= 13 ratio= 0.0625
layer= 14 ratio= 0.0625
layer= 15 ratio= 0.0625
start add noise2021-07-01 13:23:54
end_add_noise_time2021-07-01 13:23:57
start cal weight time2021-07-01 13:23:57
end cal weight time2021-07-01 13:23:57
layer= 0 ratio= 0.0625
layer= 1 ratio= 0.0625
layer= 2 ratio= 0.0625
layer= 3 ratio= 0.0625
layer= 4 ratio= 0.0625
layer= 5 ratio= 0.0625
layer= 6 ratio= 0.0625
layer= 7 ratio= 0.0625
layer= 8 ratio= 0.0625
layer= 9 ratio= 0.0625
layer= 10 ratio= 0.0625
layer= 11 ratio= 0.0625
layer= 12 ratio= 0.0625
layer= 13 ratio= 0.0625
layer= 14 ratio= 0.0625
layer= 15 ratio= 0.0625
start add noise2021-07-01 13:23:57
end_add_noise_time2021-07-01 13:24:00
average train loss= 1.0600654411193964
2021-07-01 13:24:09,round 3,val Accuracy Top1: 69.180000 %
2021-07-01 13:24:09,round 3,val Accuracy Top5: 97.390000 %
******client id  0 ******
client_update start
client id= 0 ,round= 4 ,epoch= 1 ,client update iteration= 10 ,loss= 1.0982354879379272
client id= 0 ,round= 4 ,epoch= 1 ,client update iteration= 20 ,loss= 1.2879705429077148
client id= 0 ,round= 4 ,epoch= 1 ,client update iteration= 30 ,loss= 0.9629287719726562
client id= 0 ,round= 4 ,epoch= 1 ,client update iteration= 40 ,loss= 0.8902323246002197
client id= 0 ,round= 4 ,epoch= 1 ,client update iteration= 50 ,loss= 0.7940220236778259
client id= 0 ,round= 4 ,epoch= 1 ,client update iteration= 60 ,loss= 0.9579087495803833
client id= 0 ,round= 4 ,epoch= 1 ,client update iteration= 70 ,loss= 0.9302769303321838
client id= 0 ,round= 4 ,epoch= 1 ,client update iteration= 80 ,loss= 0.8980332612991333
client id= 0 ,round= 4 ,epoch= 1 ,client update iteration= 90 ,loss= 1.0027600526809692
client id= 0 ,round= 4 ,epoch= 1 ,client update iteration= 100 ,loss= 1.02702796459198
client id= 0 ,round= 4 ,epoch= 1 ,client update iteration= 110 ,loss= 0.9225723147392273
client id= 0 ,round= 4 ,epoch= 1 ,client update iteration= 120 ,loss= 0.8904014229774475
client id= 0 ,round= 4 ,epoch= 1 ,client update iteration= 130 ,loss= 1.1740097999572754
client id= 0 ,round= 4 ,epoch= 1 ,client update iteration= 140 ,loss= 1.1274698972702026
client id= 0 ,round= 4 ,epoch= 1 ,client update iteration= 150 ,loss= 1.0864999294281006
client id= 0 ,round= 4 ,epoch= 1 ,client update iteration= 160 ,loss= 0.9745979309082031
client id= 0 ,round= 4 ,epoch= 1 ,client update iteration= 170 ,loss= 0.7351373434066772
client id= 0 ,round= 4 ,epoch= 1 ,client update iteration= 180 ,loss= 0.6997133493423462
client id= 0 ,round= 4 ,epoch= 1 ,client update iteration= 190 ,loss= 0.6763501167297363
client id= 0 ,round= 4 ,epoch= 1 ,client update iteration= 200 ,loss= 0.889624834060669
client id= 0 ,round= 4 ,epoch= 1 ,client update iteration= 210 ,loss= 0.657806932926178
client id= 0 ,round= 4 ,epoch= 1 ,client update iteration= 220 ,loss= 0.851264238357544
client id= 0 ,round= 4 ,epoch= 1 ,client update iteration= 230 ,loss= 1.1007245779037476
client id= 0 ,round= 4 ,epoch= 1 ,client update iteration= 240 ,loss= 0.9821749329566956
client id= 0 ,round= 4 ,epoch= 1 ,client update iteration= 250 ,loss= 0.7173776030540466
client id= 0 ,round= 4 ,epoch= 1 ,client update iteration= 260 ,loss= 0.7566400766372681
client id= 0 ,round= 4 ,epoch= 1 ,client update iteration= 270 ,loss= 0.9738085269927979
client id= 0 ,round= 4 ,epoch= 1 ,client update iteration= 280 ,loss= 0.7548592686653137
client id= 0 ,round= 4 ,epoch= 1 ,client update iteration= 290 ,loss= 0.7216986417770386
client id= 0 ,round= 4 ,epoch= 1 ,client update iteration= 300 ,loss= 0.94892817735672
client id= 0 ,round= 4 ,epoch= 1 ,client update iteration= 310 ,loss= 0.8780376315116882
client id= 0 ,round= 4 ,epoch= 1 ,client update iteration= 320 ,loss= 0.7833804488182068
client id= 0 ,round= 4 ,epoch= 1 ,client update iteration= 330 ,loss= 0.8689448237419128
client id= 0 ,round= 4 ,epoch= 1 ,client update iteration= 340 ,loss= 0.8870161175727844
client id= 0 ,round= 4 ,epoch= 1 ,client update iteration= 350 ,loss= 0.8887498378753662
client id= 0 ,round= 4 ,epoch= 1 ,client update iteration= 360 ,loss= 0.8050097227096558
client id= 0 ,round= 4 ,epoch= 1 ,client update iteration= 370 ,loss= 0.7708265781402588
client id= 0 ,round= 4 ,epoch= 1 ,client update iteration= 380 ,loss= 0.724859356880188
client id= 0 ,round= 4 ,epoch= 1 ,client update iteration= 390 ,loss= 0.8427527546882629
******client id  1 ******
client_update start
client id= 1 ,round= 4 ,epoch= 1 ,client update iteration= 10 ,loss= 0.7646738290786743
client id= 1 ,round= 4 ,epoch= 1 ,client update iteration= 20 ,loss= 1.0225646495819092
client id= 1 ,round= 4 ,epoch= 1 ,client update iteration= 30 ,loss= 0.8875231742858887
client id= 1 ,round= 4 ,epoch= 1 ,client update iteration= 40 ,loss= 0.9536622762680054
client id= 1 ,round= 4 ,epoch= 1 ,client update iteration= 50 ,loss= 0.7929352521896362
client id= 1 ,round= 4 ,epoch= 1 ,client update iteration= 60 ,loss= 0.6735479831695557
client id= 1 ,round= 4 ,epoch= 1 ,client update iteration= 70 ,loss= 1.0683363676071167
client id= 1 ,round= 4 ,epoch= 1 ,client update iteration= 80 ,loss= 1.047682762145996
client id= 1 ,round= 4 ,epoch= 1 ,client update iteration= 90 ,loss= 0.8911123275756836
client id= 1 ,round= 4 ,epoch= 1 ,client update iteration= 100 ,loss= 0.6990655064582825
client id= 1 ,round= 4 ,epoch= 1 ,client update iteration= 110 ,loss= 0.8366794586181641
client id= 1 ,round= 4 ,epoch= 1 ,client update iteration= 120 ,loss= 1.010907530784607
client id= 1 ,round= 4 ,epoch= 1 ,client update iteration= 130 ,loss= 0.9303300380706787
client id= 1 ,round= 4 ,epoch= 1 ,client update iteration= 140 ,loss= 1.0142786502838135
client id= 1 ,round= 4 ,epoch= 1 ,client update iteration= 150 ,loss= 0.8843550086021423
client id= 1 ,round= 4 ,epoch= 1 ,client update iteration= 160 ,loss= 0.7608495950698853
client id= 1 ,round= 4 ,epoch= 1 ,client update iteration= 170 ,loss= 1.1980520486831665
client id= 1 ,round= 4 ,epoch= 1 ,client update iteration= 180 ,loss= 0.6954932808876038
client id= 1 ,round= 4 ,epoch= 1 ,client update iteration= 190 ,loss= 0.8961611390113831
client id= 1 ,round= 4 ,epoch= 1 ,client update iteration= 200 ,loss= 0.9996436238288879
client id= 1 ,round= 4 ,epoch= 1 ,client update iteration= 210 ,loss= 0.7866002917289734
client id= 1 ,round= 4 ,epoch= 1 ,client update iteration= 220 ,loss= 0.8300389051437378
client id= 1 ,round= 4 ,epoch= 1 ,client update iteration= 230 ,loss= 1.2111107110977173
client id= 1 ,round= 4 ,epoch= 1 ,client update iteration= 240 ,loss= 0.870430588722229
client id= 1 ,round= 4 ,epoch= 1 ,client update iteration= 250 ,loss= 0.8951319456100464
client id= 1 ,round= 4 ,epoch= 1 ,client update iteration= 260 ,loss= 0.8722133040428162
client id= 1 ,round= 4 ,epoch= 1 ,client update iteration= 270 ,loss= 0.904872715473175
client id= 1 ,round= 4 ,epoch= 1 ,client update iteration= 280 ,loss= 0.8935310244560242
client id= 1 ,round= 4 ,epoch= 1 ,client update iteration= 290 ,loss= 0.7323054075241089
client id= 1 ,round= 4 ,epoch= 1 ,client update iteration= 300 ,loss= 1.0059889554977417
client id= 1 ,round= 4 ,epoch= 1 ,client update iteration= 310 ,loss= 0.9344223737716675
client id= 1 ,round= 4 ,epoch= 1 ,client update iteration= 320 ,loss= 0.6434004902839661
client id= 1 ,round= 4 ,epoch= 1 ,client update iteration= 330 ,loss= 0.8313385248184204
client id= 1 ,round= 4 ,epoch= 1 ,client update iteration= 340 ,loss= 0.8873986005783081
client id= 1 ,round= 4 ,epoch= 1 ,client update iteration= 350 ,loss= 0.9423986673355103
client id= 1 ,round= 4 ,epoch= 1 ,client update iteration= 360 ,loss= 0.8898091912269592
client id= 1 ,round= 4 ,epoch= 1 ,client update iteration= 370 ,loss= 0.8093162775039673
client id= 1 ,round= 4 ,epoch= 1 ,client update iteration= 380 ,loss= 0.7866507768630981
client id= 1 ,round= 4 ,epoch= 1 ,client update iteration= 390 ,loss= 0.8377706408500671
start cal weight time2021-07-01 13:26:35
end cal weight time2021-07-01 13:26:35
layer= 0 ratio= 0.0625
layer= 1 ratio= 0.0625
layer= 2 ratio= 0.0625
layer= 3 ratio= 0.0625
layer= 4 ratio= 0.0625
layer= 5 ratio= 0.0625
layer= 6 ratio= 0.0625
layer= 7 ratio= 0.0625
layer= 8 ratio= 0.0625
layer= 9 ratio= 0.0625
layer= 10 ratio= 0.0625
layer= 11 ratio= 0.0625
layer= 12 ratio= 0.0625
layer= 13 ratio= 0.0625
layer= 14 ratio= 0.0625
layer= 15 ratio= 0.0625
start add noise2021-07-01 13:26:35
end_add_noise_time2021-07-01 13:26:38
start cal weight time2021-07-01 13:26:38
end cal weight time2021-07-01 13:26:38
layer= 0 ratio= 0.0625
layer= 1 ratio= 0.0625
layer= 2 ratio= 0.0625
layer= 3 ratio= 0.0625
layer= 4 ratio= 0.0625
layer= 5 ratio= 0.0625
layer= 6 ratio= 0.0625
layer= 7 ratio= 0.0625
layer= 8 ratio= 0.0625
layer= 9 ratio= 0.0625
layer= 10 ratio= 0.0625
layer= 11 ratio= 0.0625
layer= 12 ratio= 0.0625
layer= 13 ratio= 0.0625
layer= 14 ratio= 0.0625
layer= 15 ratio= 0.0625
start add noise2021-07-01 13:26:38
end_add_noise_time2021-07-01 13:26:42
average train loss= 0.877399557615485
2021-07-01 13:26:50,round 4,val Accuracy Top1: 69.030000 %
2021-07-01 13:26:50,round 4,val Accuracy Top5: 97.150000 %
******client id  0 ******
client_update start
client id= 0 ,round= 5 ,epoch= 1 ,client update iteration= 10 ,loss= 0.9172792434692383
client id= 0 ,round= 5 ,epoch= 1 ,client update iteration= 20 ,loss= 0.7397381663322449
client id= 0 ,round= 5 ,epoch= 1 ,client update iteration= 30 ,loss= 0.9958102703094482
client id= 0 ,round= 5 ,epoch= 1 ,client update iteration= 40 ,loss= 0.7616657018661499
client id= 0 ,round= 5 ,epoch= 1 ,client update iteration= 50 ,loss= 0.6113601326942444
client id= 0 ,round= 5 ,epoch= 1 ,client update iteration= 60 ,loss= 0.9544938206672668
client id= 0 ,round= 5 ,epoch= 1 ,client update iteration= 70 ,loss= 0.6588515639305115
client id= 0 ,round= 5 ,epoch= 1 ,client update iteration= 80 ,loss= 1.0764731168746948
client id= 0 ,round= 5 ,epoch= 1 ,client update iteration= 90 ,loss= 0.7826540470123291
client id= 0 ,round= 5 ,epoch= 1 ,client update iteration= 100 ,loss= 1.0230026245117188
client id= 0 ,round= 5 ,epoch= 1 ,client update iteration= 110 ,loss= 0.9381189942359924
client id= 0 ,round= 5 ,epoch= 1 ,client update iteration= 120 ,loss= 0.901991605758667
client id= 0 ,round= 5 ,epoch= 1 ,client update iteration= 130 ,loss= 0.9078884124755859
client id= 0 ,round= 5 ,epoch= 1 ,client update iteration= 140 ,loss= 0.8580034971237183
client id= 0 ,round= 5 ,epoch= 1 ,client update iteration= 150 ,loss= 0.7726805806159973
client id= 0 ,round= 5 ,epoch= 1 ,client update iteration= 160 ,loss= 0.5685268640518188
client id= 0 ,round= 5 ,epoch= 1 ,client update iteration= 170 ,loss= 0.9550649523735046
client id= 0 ,round= 5 ,epoch= 1 ,client update iteration= 180 ,loss= 0.9788137674331665
client id= 0 ,round= 5 ,epoch= 1 ,client update iteration= 190 ,loss= 0.8169630169868469
client id= 0 ,round= 5 ,epoch= 1 ,client update iteration= 200 ,loss= 0.8945743441581726
client id= 0 ,round= 5 ,epoch= 1 ,client update iteration= 210 ,loss= 0.574087381362915
client id= 0 ,round= 5 ,epoch= 1 ,client update iteration= 220 ,loss= 0.6725385785102844
client id= 0 ,round= 5 ,epoch= 1 ,client update iteration= 230 ,loss= 0.55240797996521
client id= 0 ,round= 5 ,epoch= 1 ,client update iteration= 240 ,loss= 1.1222625970840454
client id= 0 ,round= 5 ,epoch= 1 ,client update iteration= 250 ,loss= 0.77255779504776
client id= 0 ,round= 5 ,epoch= 1 ,client update iteration= 260 ,loss= 0.6460387110710144
client id= 0 ,round= 5 ,epoch= 1 ,client update iteration= 270 ,loss= 0.7218780517578125
client id= 0 ,round= 5 ,epoch= 1 ,client update iteration= 280 ,loss= 0.9724222421646118
client id= 0 ,round= 5 ,epoch= 1 ,client update iteration= 290 ,loss= 0.8107406497001648
client id= 0 ,round= 5 ,epoch= 1 ,client update iteration= 300 ,loss= 0.8751968741416931
client id= 0 ,round= 5 ,epoch= 1 ,client update iteration= 310 ,loss= 0.9133911728858948
client id= 0 ,round= 5 ,epoch= 1 ,client update iteration= 320 ,loss= 0.7829508781433105
client id= 0 ,round= 5 ,epoch= 1 ,client update iteration= 330 ,loss= 1.0170317888259888
client id= 0 ,round= 5 ,epoch= 1 ,client update iteration= 340 ,loss= 0.955059289932251
client id= 0 ,round= 5 ,epoch= 1 ,client update iteration= 350 ,loss= 0.8805488348007202
client id= 0 ,round= 5 ,epoch= 1 ,client update iteration= 360 ,loss= 0.8395170569419861
client id= 0 ,round= 5 ,epoch= 1 ,client update iteration= 370 ,loss= 0.8100323677062988
client id= 0 ,round= 5 ,epoch= 1 ,client update iteration= 380 ,loss= 0.721714973449707
client id= 0 ,round= 5 ,epoch= 1 ,client update iteration= 390 ,loss= 1.157519817352295
******client id  1 ******
client_update start
client id= 1 ,round= 5 ,epoch= 1 ,client update iteration= 10 ,loss= 1.1276212930679321
client id= 1 ,round= 5 ,epoch= 1 ,client update iteration= 20 ,loss= 0.770488977432251
client id= 1 ,round= 5 ,epoch= 1 ,client update iteration= 30 ,loss= 1.0143376588821411
client id= 1 ,round= 5 ,epoch= 1 ,client update iteration= 40 ,loss= 0.7566152215003967
client id= 1 ,round= 5 ,epoch= 1 ,client update iteration= 50 ,loss= 1.0189555883407593
client id= 1 ,round= 5 ,epoch= 1 ,client update iteration= 60 ,loss= 0.8585996627807617
client id= 1 ,round= 5 ,epoch= 1 ,client update iteration= 70 ,loss= 1.1843816041946411
client id= 1 ,round= 5 ,epoch= 1 ,client update iteration= 80 ,loss= 0.7878329753875732
client id= 1 ,round= 5 ,epoch= 1 ,client update iteration= 90 ,loss= 0.816749095916748
client id= 1 ,round= 5 ,epoch= 1 ,client update iteration= 100 ,loss= 0.965175449848175
client id= 1 ,round= 5 ,epoch= 1 ,client update iteration= 110 ,loss= 0.9460031390190125
client id= 1 ,round= 5 ,epoch= 1 ,client update iteration= 120 ,loss= 0.9313622117042542
client id= 1 ,round= 5 ,epoch= 1 ,client update iteration= 130 ,loss= 0.9014097452163696
client id= 1 ,round= 5 ,epoch= 1 ,client update iteration= 140 ,loss= 0.7645767331123352
client id= 1 ,round= 5 ,epoch= 1 ,client update iteration= 150 ,loss= 0.9245424270629883
client id= 1 ,round= 5 ,epoch= 1 ,client update iteration= 160 ,loss= 0.8138303160667419
client id= 1 ,round= 5 ,epoch= 1 ,client update iteration= 170 ,loss= 0.9095266461372375
client id= 1 ,round= 5 ,epoch= 1 ,client update iteration= 180 ,loss= 0.7238747477531433
client id= 1 ,round= 5 ,epoch= 1 ,client update iteration= 190 ,loss= 0.9807488918304443
client id= 1 ,round= 5 ,epoch= 1 ,client update iteration= 200 ,loss= 0.8284211158752441
client id= 1 ,round= 5 ,epoch= 1 ,client update iteration= 210 ,loss= 0.7788525819778442
client id= 1 ,round= 5 ,epoch= 1 ,client update iteration= 220 ,loss= 0.6770784854888916
client id= 1 ,round= 5 ,epoch= 1 ,client update iteration= 230 ,loss= 0.8218375444412231
client id= 1 ,round= 5 ,epoch= 1 ,client update iteration= 240 ,loss= 0.8298969268798828
client id= 1 ,round= 5 ,epoch= 1 ,client update iteration= 250 ,loss= 0.6234601140022278
client id= 1 ,round= 5 ,epoch= 1 ,client update iteration= 260 ,loss= 0.9506737589836121
client id= 1 ,round= 5 ,epoch= 1 ,client update iteration= 270 ,loss= 0.7992749810218811
client id= 1 ,round= 5 ,epoch= 1 ,client update iteration= 280 ,loss= 0.7603982090950012
client id= 1 ,round= 5 ,epoch= 1 ,client update iteration= 290 ,loss= 0.8302729725837708
client id= 1 ,round= 5 ,epoch= 1 ,client update iteration= 300 ,loss= 0.6445217132568359
client id= 1 ,round= 5 ,epoch= 1 ,client update iteration= 310 ,loss= 0.9512012600898743
client id= 1 ,round= 5 ,epoch= 1 ,client update iteration= 320 ,loss= 0.614951491355896
client id= 1 ,round= 5 ,epoch= 1 ,client update iteration= 330 ,loss= 0.9000768065452576
client id= 1 ,round= 5 ,epoch= 1 ,client update iteration= 340 ,loss= 0.8453038930892944
client id= 1 ,round= 5 ,epoch= 1 ,client update iteration= 350 ,loss= 0.7560956478118896
client id= 1 ,round= 5 ,epoch= 1 ,client update iteration= 360 ,loss= 0.6864120364189148
client id= 1 ,round= 5 ,epoch= 1 ,client update iteration= 370 ,loss= 0.647587239742279
client id= 1 ,round= 5 ,epoch= 1 ,client update iteration= 380 ,loss= 0.9226795434951782
client id= 1 ,round= 5 ,epoch= 1 ,client update iteration= 390 ,loss= 0.48109880089759827
start cal weight time2021-07-01 13:29:16
end cal weight time2021-07-01 13:29:16
layer= 0 ratio= 0.0625
layer= 1 ratio= 0.0625
layer= 2 ratio= 0.0625
layer= 3 ratio= 0.0625
layer= 4 ratio= 0.0625
layer= 5 ratio= 0.0625
layer= 6 ratio= 0.0625
layer= 7 ratio= 0.0625
layer= 8 ratio= 0.0625
layer= 9 ratio= 0.0625
layer= 10 ratio= 0.0625
layer= 11 ratio= 0.0625
layer= 12 ratio= 0.0625
layer= 13 ratio= 0.0625
layer= 14 ratio= 0.0625
layer= 15 ratio= 0.0625
start add noise2021-07-01 13:29:16
end_add_noise_time2021-07-01 13:29:19
start cal weight time2021-07-01 13:29:19
end cal weight time2021-07-01 13:29:19
layer= 0 ratio= 0.0625
layer= 1 ratio= 0.0625
layer= 2 ratio= 0.0625
layer= 3 ratio= 0.0625
layer= 4 ratio= 0.0625
layer= 5 ratio= 0.0625
layer= 6 ratio= 0.0625
layer= 7 ratio= 0.0625
layer= 8 ratio= 0.0625
layer= 9 ratio= 0.0625
layer= 10 ratio= 0.0625
layer= 11 ratio= 0.0625
layer= 12 ratio= 0.0625
layer= 13 ratio= 0.0625
layer= 14 ratio= 0.0625
layer= 15 ratio= 0.0625
start add noise2021-07-01 13:29:19
end_add_noise_time2021-07-01 13:29:23
average train loss= 0.8298541705702882
2021-07-01 13:29:31,round 5,val Accuracy Top1: 69.220000 %
2021-07-01 13:29:31,round 5,val Accuracy Top5: 97.350000 %
******client id  0 ******
client_update start
client id= 0 ,round= 6 ,epoch= 1 ,client update iteration= 10 ,loss= 0.9690669775009155
client id= 0 ,round= 6 ,epoch= 1 ,client update iteration= 20 ,loss= 1.0126653909683228
client id= 0 ,round= 6 ,epoch= 1 ,client update iteration= 30 ,loss= 0.7379217743873596
client id= 0 ,round= 6 ,epoch= 1 ,client update iteration= 40 ,loss= 0.8443937301635742
client id= 0 ,round= 6 ,epoch= 1 ,client update iteration= 50 ,loss= 1.0094407796859741
client id= 0 ,round= 6 ,epoch= 1 ,client update iteration= 60 ,loss= 0.8727248907089233
client id= 0 ,round= 6 ,epoch= 1 ,client update iteration= 70 ,loss= 0.8382715582847595
client id= 0 ,round= 6 ,epoch= 1 ,client update iteration= 80 ,loss= 0.8938515186309814
client id= 0 ,round= 6 ,epoch= 1 ,client update iteration= 90 ,loss= 0.9126880168914795
client id= 0 ,round= 6 ,epoch= 1 ,client update iteration= 100 ,loss= 0.604216456413269
client id= 0 ,round= 6 ,epoch= 1 ,client update iteration= 110 ,loss= 0.9571229219436646
client id= 0 ,round= 6 ,epoch= 1 ,client update iteration= 120 ,loss= 1.0660672187805176
client id= 0 ,round= 6 ,epoch= 1 ,client update iteration= 130 ,loss= 0.7640710473060608
client id= 0 ,round= 6 ,epoch= 1 ,client update iteration= 140 ,loss= 1.122073769569397
client id= 0 ,round= 6 ,epoch= 1 ,client update iteration= 150 ,loss= 0.8478263020515442
client id= 0 ,round= 6 ,epoch= 1 ,client update iteration= 160 ,loss= 1.0312126874923706
client id= 0 ,round= 6 ,epoch= 1 ,client update iteration= 170 ,loss= 0.9820172190666199
client id= 0 ,round= 6 ,epoch= 1 ,client update iteration= 180 ,loss= 0.6836727261543274
client id= 0 ,round= 6 ,epoch= 1 ,client update iteration= 190 ,loss= 0.743058443069458
client id= 0 ,round= 6 ,epoch= 1 ,client update iteration= 200 ,loss= 0.7245568633079529
client id= 0 ,round= 6 ,epoch= 1 ,client update iteration= 210 ,loss= 0.9273098111152649
client id= 0 ,round= 6 ,epoch= 1 ,client update iteration= 220 ,loss= 0.6926670670509338
client id= 0 ,round= 6 ,epoch= 1 ,client update iteration= 230 ,loss= 0.8846970200538635
client id= 0 ,round= 6 ,epoch= 1 ,client update iteration= 240 ,loss= 0.8121078014373779
client id= 0 ,round= 6 ,epoch= 1 ,client update iteration= 250 ,loss= 0.7074272036552429
client id= 0 ,round= 6 ,epoch= 1 ,client update iteration= 260 ,loss= 0.7303577661514282
client id= 0 ,round= 6 ,epoch= 1 ,client update iteration= 270 ,loss= 0.7924632430076599
client id= 0 ,round= 6 ,epoch= 1 ,client update iteration= 280 ,loss= 0.5292045474052429
client id= 0 ,round= 6 ,epoch= 1 ,client update iteration= 290 ,loss= 0.6487274765968323
client id= 0 ,round= 6 ,epoch= 1 ,client update iteration= 300 ,loss= 0.9175964593887329
client id= 0 ,round= 6 ,epoch= 1 ,client update iteration= 310 ,loss= 0.7301114201545715
client id= 0 ,round= 6 ,epoch= 1 ,client update iteration= 320 ,loss= 0.7139769196510315
client id= 0 ,round= 6 ,epoch= 1 ,client update iteration= 330 ,loss= 0.5678859949111938
client id= 0 ,round= 6 ,epoch= 1 ,client update iteration= 340 ,loss= 0.6983335614204407
client id= 0 ,round= 6 ,epoch= 1 ,client update iteration= 350 ,loss= 0.6868613362312317
client id= 0 ,round= 6 ,epoch= 1 ,client update iteration= 360 ,loss= 0.5028308033943176
client id= 0 ,round= 6 ,epoch= 1 ,client update iteration= 370 ,loss= 0.5989153385162354
client id= 0 ,round= 6 ,epoch= 1 ,client update iteration= 380 ,loss= 0.7707945704460144
client id= 0 ,round= 6 ,epoch= 1 ,client update iteration= 390 ,loss= 0.7151322960853577
******client id  1 ******
client_update start
client id= 1 ,round= 6 ,epoch= 1 ,client update iteration= 10 ,loss= 1.1335684061050415
client id= 1 ,round= 6 ,epoch= 1 ,client update iteration= 20 ,loss= 0.9578366279602051
client id= 1 ,round= 6 ,epoch= 1 ,client update iteration= 30 ,loss= 0.955398440361023
client id= 1 ,round= 6 ,epoch= 1 ,client update iteration= 40 ,loss= 0.8700401782989502
client id= 1 ,round= 6 ,epoch= 1 ,client update iteration= 50 ,loss= 0.7629194855690002
client id= 1 ,round= 6 ,epoch= 1 ,client update iteration= 60 ,loss= 0.9078394770622253
client id= 1 ,round= 6 ,epoch= 1 ,client update iteration= 70 ,loss= 1.0885368585586548
client id= 1 ,round= 6 ,epoch= 1 ,client update iteration= 80 ,loss= 0.9264485836029053
client id= 1 ,round= 6 ,epoch= 1 ,client update iteration= 90 ,loss= 1.0226911306381226
client id= 1 ,round= 6 ,epoch= 1 ,client update iteration= 100 ,loss= 1.1340434551239014
client id= 1 ,round= 6 ,epoch= 1 ,client update iteration= 110 ,loss= 0.8220681548118591
client id= 1 ,round= 6 ,epoch= 1 ,client update iteration= 120 ,loss= 0.7481100559234619
client id= 1 ,round= 6 ,epoch= 1 ,client update iteration= 130 ,loss= 0.7507192492485046
client id= 1 ,round= 6 ,epoch= 1 ,client update iteration= 140 ,loss= 1.1901365518569946
client id= 1 ,round= 6 ,epoch= 1 ,client update iteration= 150 ,loss= 1.1154003143310547
client id= 1 ,round= 6 ,epoch= 1 ,client update iteration= 160 ,loss= 0.8066604733467102
client id= 1 ,round= 6 ,epoch= 1 ,client update iteration= 170 ,loss= 0.7804005742073059
client id= 1 ,round= 6 ,epoch= 1 ,client update iteration= 180 ,loss= 0.7876551151275635
client id= 1 ,round= 6 ,epoch= 1 ,client update iteration= 190 ,loss= 0.5340152978897095
client id= 1 ,round= 6 ,epoch= 1 ,client update iteration= 200 ,loss= 0.7169873118400574
client id= 1 ,round= 6 ,epoch= 1 ,client update iteration= 210 ,loss= 0.7749861478805542
client id= 1 ,round= 6 ,epoch= 1 ,client update iteration= 220 ,loss= 0.7244816422462463
client id= 1 ,round= 6 ,epoch= 1 ,client update iteration= 230 ,loss= 0.9014337062835693
client id= 1 ,round= 6 ,epoch= 1 ,client update iteration= 240 ,loss= 0.812554657459259
client id= 1 ,round= 6 ,epoch= 1 ,client update iteration= 250 ,loss= 0.6487901210784912
client id= 1 ,round= 6 ,epoch= 1 ,client update iteration= 260 ,loss= 0.8870878219604492
client id= 1 ,round= 6 ,epoch= 1 ,client update iteration= 270 ,loss= 0.7433839440345764
client id= 1 ,round= 6 ,epoch= 1 ,client update iteration= 280 ,loss= 0.9781990051269531
client id= 1 ,round= 6 ,epoch= 1 ,client update iteration= 290 ,loss= 0.952144205570221
client id= 1 ,round= 6 ,epoch= 1 ,client update iteration= 300 ,loss= 0.8961600065231323
client id= 1 ,round= 6 ,epoch= 1 ,client update iteration= 310 ,loss= 0.955222487449646
client id= 1 ,round= 6 ,epoch= 1 ,client update iteration= 320 ,loss= 0.9708455801010132
client id= 1 ,round= 6 ,epoch= 1 ,client update iteration= 330 ,loss= 1.032477855682373
client id= 1 ,round= 6 ,epoch= 1 ,client update iteration= 340 ,loss= 0.872773289680481
client id= 1 ,round= 6 ,epoch= 1 ,client update iteration= 350 ,loss= 0.8208180069923401
client id= 1 ,round= 6 ,epoch= 1 ,client update iteration= 360 ,loss= 0.8673766255378723
client id= 1 ,round= 6 ,epoch= 1 ,client update iteration= 370 ,loss= 0.6527559757232666
client id= 1 ,round= 6 ,epoch= 1 ,client update iteration= 380 ,loss= 1.1447670459747314
client id= 1 ,round= 6 ,epoch= 1 ,client update iteration= 390 ,loss= 1.0472493171691895
start cal weight time2021-07-01 13:31:57
end cal weight time2021-07-01 13:31:57
layer= 0 ratio= 0.0625
layer= 1 ratio= 0.0625
layer= 2 ratio= 0.0625
layer= 3 ratio= 0.0625
layer= 4 ratio= 0.0625
layer= 5 ratio= 0.0625
layer= 6 ratio= 0.0625
layer= 7 ratio= 0.0625
layer= 8 ratio= 0.0625
layer= 9 ratio= 0.0625
layer= 10 ratio= 0.0625
layer= 11 ratio= 0.0625
layer= 12 ratio= 0.0625
layer= 13 ratio= 0.0625
layer= 14 ratio= 0.0625
layer= 15 ratio= 0.0625
start add noise2021-07-01 13:31:57
end_add_noise_time2021-07-01 13:32:00
start cal weight time2021-07-01 13:32:00
end cal weight time2021-07-01 13:32:00
layer= 0 ratio= 0.0625
layer= 1 ratio= 0.0625
layer= 2 ratio= 0.0625
layer= 3 ratio= 0.0625
layer= 4 ratio= 0.0625
layer= 5 ratio= 0.0625
layer= 6 ratio= 0.0625
layer= 7 ratio= 0.0625
layer= 8 ratio= 0.0625
layer= 9 ratio= 0.0625
layer= 10 ratio= 0.0625
layer= 11 ratio= 0.0625
layer= 12 ratio= 0.0625
layer= 13 ratio= 0.0625
layer= 14 ratio= 0.0625
layer= 15 ratio= 0.0625
start add noise2021-07-01 13:32:00
end_add_noise_time2021-07-01 13:32:04
average train loss= 0.8436086375618834
2021-07-01 13:32:13,round 6,val Accuracy Top1: 67.380000 %
2021-07-01 13:32:13,round 6,val Accuracy Top5: 97.500000 %
******client id  0 ******
client_update start
client id= 0 ,round= 7 ,epoch= 1 ,client update iteration= 10 ,loss= 1.193650245666504
client id= 0 ,round= 7 ,epoch= 1 ,client update iteration= 20 ,loss= 1.0125449895858765
client id= 0 ,round= 7 ,epoch= 1 ,client update iteration= 30 ,loss= 1.0804691314697266
client id= 0 ,round= 7 ,epoch= 1 ,client update iteration= 40 ,loss= 1.3122578859329224
client id= 0 ,round= 7 ,epoch= 1 ,client update iteration= 50 ,loss= 0.903986930847168
client id= 0 ,round= 7 ,epoch= 1 ,client update iteration= 60 ,loss= 1.0506210327148438
client id= 0 ,round= 7 ,epoch= 1 ,client update iteration= 70 ,loss= 0.6029391288757324
client id= 0 ,round= 7 ,epoch= 1 ,client update iteration= 80 ,loss= 0.8032500743865967
client id= 0 ,round= 7 ,epoch= 1 ,client update iteration= 90 ,loss= 0.903079628944397
client id= 0 ,round= 7 ,epoch= 1 ,client update iteration= 100 ,loss= 1.228261113166809
client id= 0 ,round= 7 ,epoch= 1 ,client update iteration= 110 ,loss= 1.3228371143341064
client id= 0 ,round= 7 ,epoch= 1 ,client update iteration= 120 ,loss= 1.115025520324707
client id= 0 ,round= 7 ,epoch= 1 ,client update iteration= 130 ,loss= 0.8495759963989258
client id= 0 ,round= 7 ,epoch= 1 ,client update iteration= 140 ,loss= 0.9067686796188354
client id= 0 ,round= 7 ,epoch= 1 ,client update iteration= 150 ,loss= 0.9252685308456421
client id= 0 ,round= 7 ,epoch= 1 ,client update iteration= 160 ,loss= 0.7882384061813354
client id= 0 ,round= 7 ,epoch= 1 ,client update iteration= 170 ,loss= 0.8015368580818176
client id= 0 ,round= 7 ,epoch= 1 ,client update iteration= 180 ,loss= 1.0584408044815063
client id= 0 ,round= 7 ,epoch= 1 ,client update iteration= 190 ,loss= 0.6674979329109192
client id= 0 ,round= 7 ,epoch= 1 ,client update iteration= 200 ,loss= 0.8559362888336182
client id= 0 ,round= 7 ,epoch= 1 ,client update iteration= 210 ,loss= 0.981608510017395
client id= 0 ,round= 7 ,epoch= 1 ,client update iteration= 220 ,loss= 0.8258581161499023
client id= 0 ,round= 7 ,epoch= 1 ,client update iteration= 230 ,loss= 0.7806317806243896
client id= 0 ,round= 7 ,epoch= 1 ,client update iteration= 240 ,loss= 0.7349403500556946
client id= 0 ,round= 7 ,epoch= 1 ,client update iteration= 250 ,loss= 0.7747806906700134
client id= 0 ,round= 7 ,epoch= 1 ,client update iteration= 260 ,loss= 0.8519444465637207
client id= 0 ,round= 7 ,epoch= 1 ,client update iteration= 270 ,loss= 0.648586094379425
client id= 0 ,round= 7 ,epoch= 1 ,client update iteration= 280 ,loss= 0.8177907466888428
client id= 0 ,round= 7 ,epoch= 1 ,client update iteration= 290 ,loss= 0.7871118187904358
client id= 0 ,round= 7 ,epoch= 1 ,client update iteration= 300 ,loss= 0.8617359399795532
client id= 0 ,round= 7 ,epoch= 1 ,client update iteration= 310 ,loss= 0.9238874912261963
client id= 0 ,round= 7 ,epoch= 1 ,client update iteration= 320 ,loss= 0.9957924485206604
client id= 0 ,round= 7 ,epoch= 1 ,client update iteration= 330 ,loss= 0.839705228805542
client id= 0 ,round= 7 ,epoch= 1 ,client update iteration= 340 ,loss= 0.5869576334953308
client id= 0 ,round= 7 ,epoch= 1 ,client update iteration= 350 ,loss= 0.9356110095977783
client id= 0 ,round= 7 ,epoch= 1 ,client update iteration= 360 ,loss= 0.736674427986145
client id= 0 ,round= 7 ,epoch= 1 ,client update iteration= 370 ,loss= 0.5431312322616577
client id= 0 ,round= 7 ,epoch= 1 ,client update iteration= 380 ,loss= 0.9870144724845886
client id= 0 ,round= 7 ,epoch= 1 ,client update iteration= 390 ,loss= 0.9151374697685242
******client id  1 ******
client_update start
client id= 1 ,round= 7 ,epoch= 1 ,client update iteration= 10 ,loss= 1.2164909839630127
client id= 1 ,round= 7 ,epoch= 1 ,client update iteration= 20 ,loss= 1.269810676574707
client id= 1 ,round= 7 ,epoch= 1 ,client update iteration= 30 ,loss= 0.8549072742462158
client id= 1 ,round= 7 ,epoch= 1 ,client update iteration= 40 ,loss= 1.4512728452682495
client id= 1 ,round= 7 ,epoch= 1 ,client update iteration= 50 ,loss= 0.8098800778388977
client id= 1 ,round= 7 ,epoch= 1 ,client update iteration= 60 ,loss= 1.208482027053833
client id= 1 ,round= 7 ,epoch= 1 ,client update iteration= 70 ,loss= 0.9060318470001221
client id= 1 ,round= 7 ,epoch= 1 ,client update iteration= 80 ,loss= 0.857973575592041
client id= 1 ,round= 7 ,epoch= 1 ,client update iteration= 90 ,loss= 0.8269435167312622
client id= 1 ,round= 7 ,epoch= 1 ,client update iteration= 100 ,loss= 1.1266206502914429
client id= 1 ,round= 7 ,epoch= 1 ,client update iteration= 110 ,loss= 1.167877435684204
client id= 1 ,round= 7 ,epoch= 1 ,client update iteration= 120 ,loss= 0.7179399728775024
client id= 1 ,round= 7 ,epoch= 1 ,client update iteration= 130 ,loss= 0.948237955570221
client id= 1 ,round= 7 ,epoch= 1 ,client update iteration= 140 ,loss= 0.7951695919036865
client id= 1 ,round= 7 ,epoch= 1 ,client update iteration= 150 ,loss= 1.10547935962677
client id= 1 ,round= 7 ,epoch= 1 ,client update iteration= 160 ,loss= 1.0611783266067505
client id= 1 ,round= 7 ,epoch= 1 ,client update iteration= 170 ,loss= 1.2104671001434326
client id= 1 ,round= 7 ,epoch= 1 ,client update iteration= 180 ,loss= 0.969941258430481
client id= 1 ,round= 7 ,epoch= 1 ,client update iteration= 190 ,loss= 0.9970408082008362
client id= 1 ,round= 7 ,epoch= 1 ,client update iteration= 200 ,loss= 1.0769280195236206
client id= 1 ,round= 7 ,epoch= 1 ,client update iteration= 210 ,loss= 1.0381107330322266
client id= 1 ,round= 7 ,epoch= 1 ,client update iteration= 220 ,loss= 0.8034969568252563
client id= 1 ,round= 7 ,epoch= 1 ,client update iteration= 230 ,loss= 0.8315065503120422
client id= 1 ,round= 7 ,epoch= 1 ,client update iteration= 240 ,loss= 0.5418350696563721
client id= 1 ,round= 7 ,epoch= 1 ,client update iteration= 250 ,loss= 0.7442185282707214
client id= 1 ,round= 7 ,epoch= 1 ,client update iteration= 260 ,loss= 1.0702540874481201
client id= 1 ,round= 7 ,epoch= 1 ,client update iteration= 270 ,loss= 0.7560849785804749
client id= 1 ,round= 7 ,epoch= 1 ,client update iteration= 280 ,loss= 0.8468560576438904
client id= 1 ,round= 7 ,epoch= 1 ,client update iteration= 290 ,loss= 0.7528325319290161
client id= 1 ,round= 7 ,epoch= 1 ,client update iteration= 300 ,loss= 1.0603524446487427
client id= 1 ,round= 7 ,epoch= 1 ,client update iteration= 310 ,loss= 0.7824437022209167
client id= 1 ,round= 7 ,epoch= 1 ,client update iteration= 320 ,loss= 0.9105884432792664
client id= 1 ,round= 7 ,epoch= 1 ,client update iteration= 330 ,loss= 0.8803752660751343
client id= 1 ,round= 7 ,epoch= 1 ,client update iteration= 340 ,loss= 1.2021867036819458
client id= 1 ,round= 7 ,epoch= 1 ,client update iteration= 350 ,loss= 0.9042530655860901
client id= 1 ,round= 7 ,epoch= 1 ,client update iteration= 360 ,loss= 0.89190274477005
client id= 1 ,round= 7 ,epoch= 1 ,client update iteration= 370 ,loss= 1.0362482070922852
client id= 1 ,round= 7 ,epoch= 1 ,client update iteration= 380 ,loss= 0.7902777194976807
client id= 1 ,round= 7 ,epoch= 1 ,client update iteration= 390 ,loss= 0.906903088092804
start cal weight time2021-07-01 13:34:38
end cal weight time2021-07-01 13:34:38
layer= 0 ratio= 0.0625
layer= 1 ratio= 0.0625
layer= 2 ratio= 0.0625
layer= 3 ratio= 0.0625
layer= 4 ratio= 0.0625
layer= 5 ratio= 0.0625
layer= 6 ratio= 0.0625
layer= 7 ratio= 0.0625
layer= 8 ratio= 0.0625
layer= 9 ratio= 0.0625
layer= 10 ratio= 0.0625
layer= 11 ratio= 0.0625
layer= 12 ratio= 0.0625
layer= 13 ratio= 0.0625
layer= 14 ratio= 0.0625
layer= 15 ratio= 0.0625
start add noise2021-07-01 13:34:38
end_add_noise_time2021-07-01 13:34:42
start cal weight time2021-07-01 13:34:42
end cal weight time2021-07-01 13:34:42
layer= 0 ratio= 0.0625
layer= 1 ratio= 0.0625
layer= 2 ratio= 0.0625
layer= 3 ratio= 0.0625
layer= 4 ratio= 0.0625
layer= 5 ratio= 0.0625
layer= 6 ratio= 0.0625
layer= 7 ratio= 0.0625
layer= 8 ratio= 0.0625
layer= 9 ratio= 0.0625
layer= 10 ratio= 0.0625
layer= 11 ratio= 0.0625
layer= 12 ratio= 0.0625
layer= 13 ratio= 0.0625
layer= 14 ratio= 0.0625
layer= 15 ratio= 0.0625
start add noise2021-07-01 13:34:42
end_add_noise_time2021-07-01 13:34:45
average train loss= 0.9146822092630674
2021-07-01 13:34:54,round 7,val Accuracy Top1: 62.150000 %
2021-07-01 13:34:54,round 7,val Accuracy Top5: 96.490000 %
******client id  0 ******
client_update start
client id= 0 ,round= 8 ,epoch= 1 ,client update iteration= 10 ,loss= 1.5859209299087524
client id= 0 ,round= 8 ,epoch= 1 ,client update iteration= 20 ,loss= 1.273695945739746
client id= 0 ,round= 8 ,epoch= 1 ,client update iteration= 30 ,loss= 1.3248186111450195
client id= 0 ,round= 8 ,epoch= 1 ,client update iteration= 40 ,loss= 1.1488308906555176
client id= 0 ,round= 8 ,epoch= 1 ,client update iteration= 50 ,loss= 1.2988313436508179
client id= 0 ,round= 8 ,epoch= 1 ,client update iteration= 60 ,loss= 1.314521312713623
client id= 0 ,round= 8 ,epoch= 1 ,client update iteration= 70 ,loss= 1.0199495553970337
client id= 0 ,round= 8 ,epoch= 1 ,client update iteration= 80 ,loss= 0.9331135153770447
client id= 0 ,round= 8 ,epoch= 1 ,client update iteration= 90 ,loss= 1.1431742906570435
client id= 0 ,round= 8 ,epoch= 1 ,client update iteration= 100 ,loss= 0.7971068024635315
client id= 0 ,round= 8 ,epoch= 1 ,client update iteration= 110 ,loss= 0.9431313872337341
client id= 0 ,round= 8 ,epoch= 1 ,client update iteration= 120 ,loss= 0.8240902423858643
client id= 0 ,round= 8 ,epoch= 1 ,client update iteration= 130 ,loss= 1.1408809423446655
client id= 0 ,round= 8 ,epoch= 1 ,client update iteration= 140 ,loss= 1.1474168300628662
client id= 0 ,round= 8 ,epoch= 1 ,client update iteration= 150 ,loss= 1.0821024179458618
client id= 0 ,round= 8 ,epoch= 1 ,client update iteration= 160 ,loss= 1.1799076795578003
client id= 0 ,round= 8 ,epoch= 1 ,client update iteration= 170 ,loss= 0.7551397681236267
client id= 0 ,round= 8 ,epoch= 1 ,client update iteration= 180 ,loss= 0.9743411540985107
client id= 0 ,round= 8 ,epoch= 1 ,client update iteration= 190 ,loss= 1.0683026313781738
client id= 0 ,round= 8 ,epoch= 1 ,client update iteration= 200 ,loss= 0.9020296931266785
client id= 0 ,round= 8 ,epoch= 1 ,client update iteration= 210 ,loss= 1.0944944620132446
client id= 0 ,round= 8 ,epoch= 1 ,client update iteration= 220 ,loss= 1.1488043069839478
client id= 0 ,round= 8 ,epoch= 1 ,client update iteration= 230 ,loss= 1.114717721939087
client id= 0 ,round= 8 ,epoch= 1 ,client update iteration= 240 ,loss= 0.685406506061554
client id= 0 ,round= 8 ,epoch= 1 ,client update iteration= 250 ,loss= 0.7558957934379578
client id= 0 ,round= 8 ,epoch= 1 ,client update iteration= 260 ,loss= 0.8677809238433838
client id= 0 ,round= 8 ,epoch= 1 ,client update iteration= 270 ,loss= 0.753348708152771
client id= 0 ,round= 8 ,epoch= 1 ,client update iteration= 280 ,loss= 0.615391731262207
client id= 0 ,round= 8 ,epoch= 1 ,client update iteration= 290 ,loss= 1.0592408180236816
client id= 0 ,round= 8 ,epoch= 1 ,client update iteration= 300 ,loss= 0.851919949054718
client id= 0 ,round= 8 ,epoch= 1 ,client update iteration= 310 ,loss= 0.8510792851448059
client id= 0 ,round= 8 ,epoch= 1 ,client update iteration= 320 ,loss= 0.7329024076461792
client id= 0 ,round= 8 ,epoch= 1 ,client update iteration= 330 ,loss= 0.6694149374961853
client id= 0 ,round= 8 ,epoch= 1 ,client update iteration= 340 ,loss= 1.0006132125854492
client id= 0 ,round= 8 ,epoch= 1 ,client update iteration= 350 ,loss= 0.987978994846344
client id= 0 ,round= 8 ,epoch= 1 ,client update iteration= 360 ,loss= 0.8684194684028625
client id= 0 ,round= 8 ,epoch= 1 ,client update iteration= 370 ,loss= 0.9597967267036438
client id= 0 ,round= 8 ,epoch= 1 ,client update iteration= 380 ,loss= 0.6882436871528625
client id= 0 ,round= 8 ,epoch= 1 ,client update iteration= 390 ,loss= 0.9043647050857544
******client id  1 ******
client_update start
client id= 1 ,round= 8 ,epoch= 1 ,client update iteration= 10 ,loss= 1.4599862098693848
client id= 1 ,round= 8 ,epoch= 1 ,client update iteration= 20 ,loss= 1.471698522567749
client id= 1 ,round= 8 ,epoch= 1 ,client update iteration= 30 ,loss= 1.4291000366210938
client id= 1 ,round= 8 ,epoch= 1 ,client update iteration= 40 ,loss= 1.3867172002792358
client id= 1 ,round= 8 ,epoch= 1 ,client update iteration= 50 ,loss= 1.229223370552063
client id= 1 ,round= 8 ,epoch= 1 ,client update iteration= 60 ,loss= 1.1098819971084595
client id= 1 ,round= 8 ,epoch= 1 ,client update iteration= 70 ,loss= 0.8658807277679443
client id= 1 ,round= 8 ,epoch= 1 ,client update iteration= 80 ,loss= 0.9826567769050598
client id= 1 ,round= 8 ,epoch= 1 ,client update iteration= 90 ,loss= 1.2283082008361816
client id= 1 ,round= 8 ,epoch= 1 ,client update iteration= 100 ,loss= 1.2120682001113892
client id= 1 ,round= 8 ,epoch= 1 ,client update iteration= 110 ,loss= 0.5999324321746826
client id= 1 ,round= 8 ,epoch= 1 ,client update iteration= 120 ,loss= 0.7756754159927368
client id= 1 ,round= 8 ,epoch= 1 ,client update iteration= 130 ,loss= 0.8084233403205872
client id= 1 ,round= 8 ,epoch= 1 ,client update iteration= 140 ,loss= 1.1047654151916504
client id= 1 ,round= 8 ,epoch= 1 ,client update iteration= 150 ,loss= 1.0555530786514282
client id= 1 ,round= 8 ,epoch= 1 ,client update iteration= 160 ,loss= 0.8226326107978821
client id= 1 ,round= 8 ,epoch= 1 ,client update iteration= 170 ,loss= 1.1468851566314697
client id= 1 ,round= 8 ,epoch= 1 ,client update iteration= 180 ,loss= 1.0152472257614136
client id= 1 ,round= 8 ,epoch= 1 ,client update iteration= 190 ,loss= 1.0143433809280396
client id= 1 ,round= 8 ,epoch= 1 ,client update iteration= 200 ,loss= 0.9456601738929749
client id= 1 ,round= 8 ,epoch= 1 ,client update iteration= 210 ,loss= 0.7987425923347473
client id= 1 ,round= 8 ,epoch= 1 ,client update iteration= 220 ,loss= 1.0262688398361206
client id= 1 ,round= 8 ,epoch= 1 ,client update iteration= 230 ,loss= 0.8633130192756653
client id= 1 ,round= 8 ,epoch= 1 ,client update iteration= 240 ,loss= 0.8644956946372986
client id= 1 ,round= 8 ,epoch= 1 ,client update iteration= 250 ,loss= 0.9503281712532043
client id= 1 ,round= 8 ,epoch= 1 ,client update iteration= 260 ,loss= 0.7792224884033203
client id= 1 ,round= 8 ,epoch= 1 ,client update iteration= 270 ,loss= 0.9266893863677979
client id= 1 ,round= 8 ,epoch= 1 ,client update iteration= 280 ,loss= 0.9399639964103699
client id= 1 ,round= 8 ,epoch= 1 ,client update iteration= 290 ,loss= 0.842654287815094
client id= 1 ,round= 8 ,epoch= 1 ,client update iteration= 300 ,loss= 0.85708087682724
client id= 1 ,round= 8 ,epoch= 1 ,client update iteration= 310 ,loss= 1.1345738172531128
client id= 1 ,round= 8 ,epoch= 1 ,client update iteration= 320 ,loss= 0.865975022315979
client id= 1 ,round= 8 ,epoch= 1 ,client update iteration= 330 ,loss= 0.8019297122955322
client id= 1 ,round= 8 ,epoch= 1 ,client update iteration= 340 ,loss= 1.1223288774490356
client id= 1 ,round= 8 ,epoch= 1 ,client update iteration= 350 ,loss= 1.0323840379714966
client id= 1 ,round= 8 ,epoch= 1 ,client update iteration= 360 ,loss= 0.7262687683105469
client id= 1 ,round= 8 ,epoch= 1 ,client update iteration= 370 ,loss= 0.8028249740600586
client id= 1 ,round= 8 ,epoch= 1 ,client update iteration= 380 ,loss= 0.9350063800811768
client id= 1 ,round= 8 ,epoch= 1 ,client update iteration= 390 ,loss= 0.8132469058036804
start cal weight time2021-07-01 13:37:20
end cal weight time2021-07-01 13:37:20
layer= 0 ratio= 0.0625
layer= 1 ratio= 0.0625
layer= 2 ratio= 0.0625
layer= 3 ratio= 0.0625
layer= 4 ratio= 0.0625
layer= 5 ratio= 0.0625
layer= 6 ratio= 0.0625
layer= 7 ratio= 0.0625
layer= 8 ratio= 0.0625
layer= 9 ratio= 0.0625
layer= 10 ratio= 0.0625
layer= 11 ratio= 0.0625
layer= 12 ratio= 0.0625
layer= 13 ratio= 0.0625
layer= 14 ratio= 0.0625
layer= 15 ratio= 0.0625
start add noise2021-07-01 13:37:20
end_add_noise_time2021-07-01 13:37:23
start cal weight time2021-07-01 13:37:23
end cal weight time2021-07-01 13:37:23
layer= 0 ratio= 0.0625
layer= 1 ratio= 0.0625
layer= 2 ratio= 0.0625
layer= 3 ratio= 0.0625
layer= 4 ratio= 0.0625
layer= 5 ratio= 0.0625
layer= 6 ratio= 0.0625
layer= 7 ratio= 0.0625
layer= 8 ratio= 0.0625
layer= 9 ratio= 0.0625
layer= 10 ratio= 0.0625
layer= 11 ratio= 0.0625
layer= 12 ratio= 0.0625
layer= 13 ratio= 0.0625
layer= 14 ratio= 0.0625
layer= 15 ratio= 0.0625
start add noise2021-07-01 13:37:23
end_add_noise_time2021-07-01 13:37:26
average train loss= 1.0050684213638306
2021-07-01 13:37:35,round 8,val Accuracy Top1: 64.300000 %
2021-07-01 13:37:35,round 8,val Accuracy Top5: 96.240000 %
******client id  0 ******
client_update start
client id= 0 ,round= 9 ,epoch= 1 ,client update iteration= 10 ,loss= 1.5386384725570679
client id= 0 ,round= 9 ,epoch= 1 ,client update iteration= 20 ,loss= 1.3292500972747803
client id= 0 ,round= 9 ,epoch= 1 ,client update iteration= 30 ,loss= 1.7080501317977905
client id= 0 ,round= 9 ,epoch= 1 ,client update iteration= 40 ,loss= 1.2642427682876587
client id= 0 ,round= 9 ,epoch= 1 ,client update iteration= 50 ,loss= 0.9978939294815063
client id= 0 ,round= 9 ,epoch= 1 ,client update iteration= 60 ,loss= 1.1366791725158691
client id= 0 ,round= 9 ,epoch= 1 ,client update iteration= 70 ,loss= 1.6897798776626587
client id= 0 ,round= 9 ,epoch= 1 ,client update iteration= 80 ,loss= 1.1750435829162598
client id= 0 ,round= 9 ,epoch= 1 ,client update iteration= 90 ,loss= 0.9099318981170654
client id= 0 ,round= 9 ,epoch= 1 ,client update iteration= 100 ,loss= 0.9599763751029968
client id= 0 ,round= 9 ,epoch= 1 ,client update iteration= 110 ,loss= 1.1741762161254883
client id= 0 ,round= 9 ,epoch= 1 ,client update iteration= 120 ,loss= 1.281601905822754
client id= 0 ,round= 9 ,epoch= 1 ,client update iteration= 130 ,loss= 1.0311803817749023
client id= 0 ,round= 9 ,epoch= 1 ,client update iteration= 140 ,loss= 1.249279499053955
client id= 0 ,round= 9 ,epoch= 1 ,client update iteration= 150 ,loss= 0.8971092700958252
client id= 0 ,round= 9 ,epoch= 1 ,client update iteration= 160 ,loss= 1.0746515989303589
client id= 0 ,round= 9 ,epoch= 1 ,client update iteration= 170 ,loss= 1.0139416456222534
client id= 0 ,round= 9 ,epoch= 1 ,client update iteration= 180 ,loss= 1.4005728960037231
client id= 0 ,round= 9 ,epoch= 1 ,client update iteration= 190 ,loss= 1.2399274110794067
client id= 0 ,round= 9 ,epoch= 1 ,client update iteration= 200 ,loss= 1.0266050100326538
client id= 0 ,round= 9 ,epoch= 1 ,client update iteration= 210 ,loss= 1.2472865581512451
client id= 0 ,round= 9 ,epoch= 1 ,client update iteration= 220 ,loss= 1.0536901950836182
client id= 0 ,round= 9 ,epoch= 1 ,client update iteration= 230 ,loss= 1.0918530225753784
client id= 0 ,round= 9 ,epoch= 1 ,client update iteration= 240 ,loss= 0.9900122284889221
client id= 0 ,round= 9 ,epoch= 1 ,client update iteration= 250 ,loss= 1.0014201402664185
client id= 0 ,round= 9 ,epoch= 1 ,client update iteration= 260 ,loss= 1.011387586593628
client id= 0 ,round= 9 ,epoch= 1 ,client update iteration= 270 ,loss= 0.8264768719673157
client id= 0 ,round= 9 ,epoch= 1 ,client update iteration= 280 ,loss= 1.1241322755813599
client id= 0 ,round= 9 ,epoch= 1 ,client update iteration= 290 ,loss= 0.8564971089363098
client id= 0 ,round= 9 ,epoch= 1 ,client update iteration= 300 ,loss= 0.8453568816184998
client id= 0 ,round= 9 ,epoch= 1 ,client update iteration= 310 ,loss= 0.9141180515289307
client id= 0 ,round= 9 ,epoch= 1 ,client update iteration= 320 ,loss= 0.9758439064025879
client id= 0 ,round= 9 ,epoch= 1 ,client update iteration= 330 ,loss= 0.7792816758155823
client id= 0 ,round= 9 ,epoch= 1 ,client update iteration= 340 ,loss= 1.2425283193588257
client id= 0 ,round= 9 ,epoch= 1 ,client update iteration= 350 ,loss= 0.921783983707428
client id= 0 ,round= 9 ,epoch= 1 ,client update iteration= 360 ,loss= 0.6364380121231079
client id= 0 ,round= 9 ,epoch= 1 ,client update iteration= 370 ,loss= 1.1690831184387207
client id= 0 ,round= 9 ,epoch= 1 ,client update iteration= 380 ,loss= 0.843862771987915
client id= 0 ,round= 9 ,epoch= 1 ,client update iteration= 390 ,loss= 1.1338292360305786
******client id  1 ******
client_update start
client id= 1 ,round= 9 ,epoch= 1 ,client update iteration= 10 ,loss= 1.6395856142044067
client id= 1 ,round= 9 ,epoch= 1 ,client update iteration= 20 ,loss= 1.7465993165969849
client id= 1 ,round= 9 ,epoch= 1 ,client update iteration= 30 ,loss= 1.2934705018997192
client id= 1 ,round= 9 ,epoch= 1 ,client update iteration= 40 ,loss= 1.2074024677276611
client id= 1 ,round= 9 ,epoch= 1 ,client update iteration= 50 ,loss= 1.3878406286239624
client id= 1 ,round= 9 ,epoch= 1 ,client update iteration= 60 ,loss= 1.5993270874023438
client id= 1 ,round= 9 ,epoch= 1 ,client update iteration= 70 ,loss= 1.4285627603530884
client id= 1 ,round= 9 ,epoch= 1 ,client update iteration= 80 ,loss= 1.2092360258102417
client id= 1 ,round= 9 ,epoch= 1 ,client update iteration= 90 ,loss= 1.044799566268921
client id= 1 ,round= 9 ,epoch= 1 ,client update iteration= 100 ,loss= 1.3692916631698608
client id= 1 ,round= 9 ,epoch= 1 ,client update iteration= 110 ,loss= 1.2351137399673462
client id= 1 ,round= 9 ,epoch= 1 ,client update iteration= 120 ,loss= 1.0551958084106445
client id= 1 ,round= 9 ,epoch= 1 ,client update iteration= 130 ,loss= 1.2461605072021484
client id= 1 ,round= 9 ,epoch= 1 ,client update iteration= 140 ,loss= 1.088392734527588
client id= 1 ,round= 9 ,epoch= 1 ,client update iteration= 150 ,loss= 1.0377898216247559
client id= 1 ,round= 9 ,epoch= 1 ,client update iteration= 160 ,loss= 1.3436328172683716
client id= 1 ,round= 9 ,epoch= 1 ,client update iteration= 170 ,loss= 1.0003762245178223
client id= 1 ,round= 9 ,epoch= 1 ,client update iteration= 180 ,loss= 0.9536735415458679
client id= 1 ,round= 9 ,epoch= 1 ,client update iteration= 190 ,loss= 0.8886498212814331
client id= 1 ,round= 9 ,epoch= 1 ,client update iteration= 200 ,loss= 1.0736665725708008
client id= 1 ,round= 9 ,epoch= 1 ,client update iteration= 210 ,loss= 1.0632383823394775
client id= 1 ,round= 9 ,epoch= 1 ,client update iteration= 220 ,loss= 1.012405276298523
client id= 1 ,round= 9 ,epoch= 1 ,client update iteration= 230 ,loss= 0.9243432283401489
client id= 1 ,round= 9 ,epoch= 1 ,client update iteration= 240 ,loss= 1.0217126607894897
client id= 1 ,round= 9 ,epoch= 1 ,client update iteration= 250 ,loss= 0.878497838973999
client id= 1 ,round= 9 ,epoch= 1 ,client update iteration= 260 ,loss= 1.0568467378616333
client id= 1 ,round= 9 ,epoch= 1 ,client update iteration= 270 ,loss= 0.9260561466217041
client id= 1 ,round= 9 ,epoch= 1 ,client update iteration= 280 ,loss= 0.9028686881065369
client id= 1 ,round= 9 ,epoch= 1 ,client update iteration= 290 ,loss= 0.8475010991096497
client id= 1 ,round= 9 ,epoch= 1 ,client update iteration= 300 ,loss= 0.7576828598976135
client id= 1 ,round= 9 ,epoch= 1 ,client update iteration= 310 ,loss= 1.1272984743118286
client id= 1 ,round= 9 ,epoch= 1 ,client update iteration= 320 ,loss= 0.8811728954315186
client id= 1 ,round= 9 ,epoch= 1 ,client update iteration= 330 ,loss= 1.1336370706558228
client id= 1 ,round= 9 ,epoch= 1 ,client update iteration= 340 ,loss= 1.1184287071228027
client id= 1 ,round= 9 ,epoch= 1 ,client update iteration= 350 ,loss= 0.9663887619972229
client id= 1 ,round= 9 ,epoch= 1 ,client update iteration= 360 ,loss= 1.1748576164245605
client id= 1 ,round= 9 ,epoch= 1 ,client update iteration= 370 ,loss= 0.9911308288574219
client id= 1 ,round= 9 ,epoch= 1 ,client update iteration= 380 ,loss= 0.9118495583534241
client id= 1 ,round= 9 ,epoch= 1 ,client update iteration= 390 ,loss= 0.9333874583244324
start cal weight time2021-07-01 13:40:01
end cal weight time2021-07-01 13:40:01
layer= 0 ratio= 0.0625
layer= 1 ratio= 0.0625
layer= 2 ratio= 0.0625
layer= 3 ratio= 0.0625
layer= 4 ratio= 0.0625
layer= 5 ratio= 0.0625
layer= 6 ratio= 0.0625
layer= 7 ratio= 0.0625
layer= 8 ratio= 0.0625
layer= 9 ratio= 0.0625
layer= 10 ratio= 0.0625
layer= 11 ratio= 0.0625
layer= 12 ratio= 0.0625
layer= 13 ratio= 0.0625
layer= 14 ratio= 0.0625
layer= 15 ratio= 0.0625
start add noise2021-07-01 13:40:01
end_add_noise_time2021-07-01 13:40:04
start cal weight time2021-07-01 13:40:04
end cal weight time2021-07-01 13:40:04
layer= 0 ratio= 0.0625
layer= 1 ratio= 0.0625
layer= 2 ratio= 0.0625
layer= 3 ratio= 0.0625
layer= 4 ratio= 0.0625
layer= 5 ratio= 0.0625
layer= 6 ratio= 0.0625
layer= 7 ratio= 0.0625
layer= 8 ratio= 0.0625
layer= 9 ratio= 0.0625
layer= 10 ratio= 0.0625
layer= 11 ratio= 0.0625
layer= 12 ratio= 0.0625
layer= 13 ratio= 0.0625
layer= 14 ratio= 0.0625
layer= 15 ratio= 0.0625
start add noise2021-07-01 13:40:04
end_add_noise_time2021-07-01 13:40:07
average train loss= 1.1234183319846687
2021-07-01 13:40:16,round 9,val Accuracy Top1: 64.460000 %
2021-07-01 13:40:16,round 9,val Accuracy Top5: 96.120000 %
******client id  0 ******
client_update start
client id= 0 ,round= 10 ,epoch= 1 ,client update iteration= 10 ,loss= 1.8058780431747437
client id= 0 ,round= 10 ,epoch= 1 ,client update iteration= 20 ,loss= 1.4347929954528809
client id= 0 ,round= 10 ,epoch= 1 ,client update iteration= 30 ,loss= 1.404786467552185
client id= 0 ,round= 10 ,epoch= 1 ,client update iteration= 40 ,loss= 1.5994422435760498
client id= 0 ,round= 10 ,epoch= 1 ,client update iteration= 50 ,loss= 1.7776678800582886
client id= 0 ,round= 10 ,epoch= 1 ,client update iteration= 60 ,loss= 1.41170072555542
client id= 0 ,round= 10 ,epoch= 1 ,client update iteration= 70 ,loss= 1.4001423120498657
client id= 0 ,round= 10 ,epoch= 1 ,client update iteration= 80 ,loss= 1.5565718412399292
client id= 0 ,round= 10 ,epoch= 1 ,client update iteration= 90 ,loss= 1.0402463674545288
client id= 0 ,round= 10 ,epoch= 1 ,client update iteration= 100 ,loss= 1.2752525806427002
client id= 0 ,round= 10 ,epoch= 1 ,client update iteration= 110 ,loss= 1.3659433126449585
client id= 0 ,round= 10 ,epoch= 1 ,client update iteration= 120 ,loss= 1.374444603919983
client id= 0 ,round= 10 ,epoch= 1 ,client update iteration= 130 ,loss= 1.1482142210006714
client id= 0 ,round= 10 ,epoch= 1 ,client update iteration= 140 ,loss= 1.0654659271240234
client id= 0 ,round= 10 ,epoch= 1 ,client update iteration= 150 ,loss= 1.2093489170074463
client id= 0 ,round= 10 ,epoch= 1 ,client update iteration= 160 ,loss= 1.226479411125183
client id= 0 ,round= 10 ,epoch= 1 ,client update iteration= 170 ,loss= 1.1316301822662354
client id= 0 ,round= 10 ,epoch= 1 ,client update iteration= 180 ,loss= 1.2767984867095947
client id= 0 ,round= 10 ,epoch= 1 ,client update iteration= 190 ,loss= 1.2208584547042847
client id= 0 ,round= 10 ,epoch= 1 ,client update iteration= 200 ,loss= 1.2166882753372192
client id= 0 ,round= 10 ,epoch= 1 ,client update iteration= 210 ,loss= 1.2706083059310913
client id= 0 ,round= 10 ,epoch= 1 ,client update iteration= 220 ,loss= 1.1237947940826416
client id= 0 ,round= 10 ,epoch= 1 ,client update iteration= 230 ,loss= 1.0456483364105225
client id= 0 ,round= 10 ,epoch= 1 ,client update iteration= 240 ,loss= 0.9471744894981384
client id= 0 ,round= 10 ,epoch= 1 ,client update iteration= 250 ,loss= 0.9173216819763184
client id= 0 ,round= 10 ,epoch= 1 ,client update iteration= 260 ,loss= 1.2185347080230713
client id= 0 ,round= 10 ,epoch= 1 ,client update iteration= 270 ,loss= 1.0917717218399048
client id= 0 ,round= 10 ,epoch= 1 ,client update iteration= 280 ,loss= 1.1050814390182495
client id= 0 ,round= 10 ,epoch= 1 ,client update iteration= 290 ,loss= 0.9421494007110596
client id= 0 ,round= 10 ,epoch= 1 ,client update iteration= 300 ,loss= 1.119174838066101
client id= 0 ,round= 10 ,epoch= 1 ,client update iteration= 310 ,loss= 1.479781985282898
client id= 0 ,round= 10 ,epoch= 1 ,client update iteration= 320 ,loss= 0.9722065925598145
client id= 0 ,round= 10 ,epoch= 1 ,client update iteration= 330 ,loss= 0.6573256850242615
client id= 0 ,round= 10 ,epoch= 1 ,client update iteration= 340 ,loss= 1.056164264678955
client id= 0 ,round= 10 ,epoch= 1 ,client update iteration= 350 ,loss= 0.9544849991798401
client id= 0 ,round= 10 ,epoch= 1 ,client update iteration= 360 ,loss= 1.01837158203125
client id= 0 ,round= 10 ,epoch= 1 ,client update iteration= 370 ,loss= 1.3930402994155884
client id= 0 ,round= 10 ,epoch= 1 ,client update iteration= 380 ,loss= 1.2423516511917114
client id= 0 ,round= 10 ,epoch= 1 ,client update iteration= 390 ,loss= 0.998548150062561
******client id  1 ******
client_update start
client id= 1 ,round= 10 ,epoch= 1 ,client update iteration= 10 ,loss= 1.5793309211730957
client id= 1 ,round= 10 ,epoch= 1 ,client update iteration= 20 ,loss= 1.8920619487762451
client id= 1 ,round= 10 ,epoch= 1 ,client update iteration= 30 ,loss= 1.7172306776046753
client id= 1 ,round= 10 ,epoch= 1 ,client update iteration= 40 ,loss= 1.3817992210388184
client id= 1 ,round= 10 ,epoch= 1 ,client update iteration= 50 ,loss= 1.7038483619689941
client id= 1 ,round= 10 ,epoch= 1 ,client update iteration= 60 ,loss= 1.244760513305664
client id= 1 ,round= 10 ,epoch= 1 ,client update iteration= 70 ,loss= 1.3628737926483154
client id= 1 ,round= 10 ,epoch= 1 ,client update iteration= 80 ,loss= 1.3456308841705322
client id= 1 ,round= 10 ,epoch= 1 ,client update iteration= 90 ,loss= 1.3645817041397095
client id= 1 ,round= 10 ,epoch= 1 ,client update iteration= 100 ,loss= 1.5492243766784668
client id= 1 ,round= 10 ,epoch= 1 ,client update iteration= 110 ,loss= 1.5096176862716675
client id= 1 ,round= 10 ,epoch= 1 ,client update iteration= 120 ,loss= 1.3962888717651367
client id= 1 ,round= 10 ,epoch= 1 ,client update iteration= 130 ,loss= 1.3682109117507935
client id= 1 ,round= 10 ,epoch= 1 ,client update iteration= 140 ,loss= 1.2248528003692627
client id= 1 ,round= 10 ,epoch= 1 ,client update iteration= 150 ,loss= 0.9176057577133179
client id= 1 ,round= 10 ,epoch= 1 ,client update iteration= 160 ,loss= 1.360496997833252
client id= 1 ,round= 10 ,epoch= 1 ,client update iteration= 170 ,loss= 0.9723474979400635
client id= 1 ,round= 10 ,epoch= 1 ,client update iteration= 180 ,loss= 1.2320770025253296
client id= 1 ,round= 10 ,epoch= 1 ,client update iteration= 190 ,loss= 1.1948914527893066
client id= 1 ,round= 10 ,epoch= 1 ,client update iteration= 200 ,loss= 1.266257405281067
client id= 1 ,round= 10 ,epoch= 1 ,client update iteration= 210 ,loss= 1.419270396232605
client id= 1 ,round= 10 ,epoch= 1 ,client update iteration= 220 ,loss= 1.0773401260375977
client id= 1 ,round= 10 ,epoch= 1 ,client update iteration= 230 ,loss= 0.8675736784934998
client id= 1 ,round= 10 ,epoch= 1 ,client update iteration= 240 ,loss= 1.2666302919387817
client id= 1 ,round= 10 ,epoch= 1 ,client update iteration= 250 ,loss= 1.0143775939941406
client id= 1 ,round= 10 ,epoch= 1 ,client update iteration= 260 ,loss= 1.2276346683502197
client id= 1 ,round= 10 ,epoch= 1 ,client update iteration= 270 ,loss= 1.1306291818618774
client id= 1 ,round= 10 ,epoch= 1 ,client update iteration= 280 ,loss= 1.1557888984680176
client id= 1 ,round= 10 ,epoch= 1 ,client update iteration= 290 ,loss= 1.1915719509124756
client id= 1 ,round= 10 ,epoch= 1 ,client update iteration= 300 ,loss= 1.1795778274536133
client id= 1 ,round= 10 ,epoch= 1 ,client update iteration= 310 ,loss= 0.9612398743629456
client id= 1 ,round= 10 ,epoch= 1 ,client update iteration= 320 ,loss= 1.2072192430496216
client id= 1 ,round= 10 ,epoch= 1 ,client update iteration= 330 ,loss= 1.2945696115493774
client id= 1 ,round= 10 ,epoch= 1 ,client update iteration= 340 ,loss= 1.1524971723556519
client id= 1 ,round= 10 ,epoch= 1 ,client update iteration= 350 ,loss= 1.3822540044784546
client id= 1 ,round= 10 ,epoch= 1 ,client update iteration= 360 ,loss= 0.8388669490814209
client id= 1 ,round= 10 ,epoch= 1 ,client update iteration= 370 ,loss= 0.8838416934013367
client id= 1 ,round= 10 ,epoch= 1 ,client update iteration= 380 ,loss= 1.2217732667922974
client id= 1 ,round= 10 ,epoch= 1 ,client update iteration= 390 ,loss= 0.9936291575431824
start cal weight time2021-07-01 13:42:41
end cal weight time2021-07-01 13:42:41
layer= 0 ratio= 0.0625
layer= 1 ratio= 0.0625
layer= 2 ratio= 0.0625
layer= 3 ratio= 0.0625
layer= 4 ratio= 0.0625
layer= 5 ratio= 0.0625
layer= 6 ratio= 0.0625
layer= 7 ratio= 0.0625
layer= 8 ratio= 0.0625
layer= 9 ratio= 0.0625
layer= 10 ratio= 0.0625
layer= 11 ratio= 0.0625
layer= 12 ratio= 0.0625
layer= 13 ratio= 0.0625
layer= 14 ratio= 0.0625
layer= 15 ratio= 0.0625
start add noise2021-07-01 13:42:41
end_add_noise_time2021-07-01 13:42:45
start cal weight time2021-07-01 13:42:45
end cal weight time2021-07-01 13:42:45
layer= 0 ratio= 0.0625
layer= 1 ratio= 0.0625
layer= 2 ratio= 0.0625
layer= 3 ratio= 0.0625
layer= 4 ratio= 0.0625
layer= 5 ratio= 0.0625
layer= 6 ratio= 0.0625
layer= 7 ratio= 0.0625
layer= 8 ratio= 0.0625
layer= 9 ratio= 0.0625
layer= 10 ratio= 0.0625
layer= 11 ratio= 0.0625
layer= 12 ratio= 0.0625
layer= 13 ratio= 0.0625
layer= 14 ratio= 0.0625
layer= 15 ratio= 0.0625
start add noise2021-07-01 13:42:45
end_add_noise_time2021-07-01 13:42:48
average train loss= 1.2635841046452827
2021-07-01 13:42:57,round 10,val Accuracy Top1: 60.020000 %
2021-07-01 13:42:57,round 10,val Accuracy Top5: 94.830000 %
