type sample_L1
pb 8000000.0
clip_bound 20.0
log_path log/Alexnet/0/sample_L1/True
train_data data
test_data data
batch_size 64
test_batch_size 64
lr 0.0002
momentum 0.5
no_cuda False
seed 1
log_interval 1
privacy_delta 1e-06
sample_num 500
islog True
is_ratio_list True
num_clients 2
num_rounds 10
epochs 1
ratio_type 0
按照权重分配eps
权重越大,eps越大,噪声越小
device cuda
loading data
load data done
AlexNet(
  (conv1): Sequential(
    (0): Conv2d(3, 96, kernel_size=(6, 6), stride=(1, 1))
    (1): ReLU()
  )
  (conv2): Sequential(
    (0): Conv2d(96, 256, kernel_size=(5, 5), stride=(1, 1), padding=(2, 2))
    (1): ReLU()
    (2): MaxPool2d(kernel_size=3, stride=2, padding=0, dilation=1, ceil_mode=False)
  )
  (conv3): Sequential(
    (0): Conv2d(256, 384, kernel_size=(3, 3), stride=(1, 1), padding=(1, 1))
    (1): ReLU()
  )
  (conv4): Sequential(
    (0): Conv2d(384, 384, kernel_size=(3, 3), stride=(1, 1), padding=(1, 1))
    (1): ReLU()
  )
  (conv5): Sequential(
    (0): Conv2d(384, 256, kernel_size=(3, 3), stride=(1, 1), padding=(1, 1))
    (1): ReLU()
    (2): MaxPool2d(kernel_size=3, stride=2, padding=0, dilation=1, ceil_mode=False)
  )
  (dense): Sequential(
    (0): Linear(in_features=9216, out_features=4096, bias=True)
    (1): ReLU()
    (2): Dropout(p=0.5, inplace=False)
    (3): Linear(in_features=4096, out_features=4096, bias=True)
    (4): ReLU()
    (5): Dropout(p=0.5, inplace=False)
    (6): Linear(in_features=4096, out_features=10, bias=True)
  )
)
********start training********
******client id  0 ******
client_update start
client id= 0 ,round= 1 ,epoch= 1 ,client update iteration= 10 ,loss= 2.2885353565216064
client id= 0 ,round= 1 ,epoch= 1 ,client update iteration= 20 ,loss= 2.1932461261749268
client id= 0 ,round= 1 ,epoch= 1 ,client update iteration= 30 ,loss= 1.9977103471755981
client id= 0 ,round= 1 ,epoch= 1 ,client update iteration= 40 ,loss= 2.18019962310791
client id= 0 ,round= 1 ,epoch= 1 ,client update iteration= 50 ,loss= 2.0626933574676514
client id= 0 ,round= 1 ,epoch= 1 ,client update iteration= 60 ,loss= 2.1690547466278076
client id= 0 ,round= 1 ,epoch= 1 ,client update iteration= 70 ,loss= 2.0573389530181885
client id= 0 ,round= 1 ,epoch= 1 ,client update iteration= 80 ,loss= 2.013209819793701
client id= 0 ,round= 1 ,epoch= 1 ,client update iteration= 90 ,loss= 1.806292176246643
client id= 0 ,round= 1 ,epoch= 1 ,client update iteration= 100 ,loss= 1.7917591333389282
client id= 0 ,round= 1 ,epoch= 1 ,client update iteration= 110 ,loss= 1.8403435945510864
client id= 0 ,round= 1 ,epoch= 1 ,client update iteration= 120 ,loss= 1.902032494544983
client id= 0 ,round= 1 ,epoch= 1 ,client update iteration= 130 ,loss= 1.7502738237380981
client id= 0 ,round= 1 ,epoch= 1 ,client update iteration= 140 ,loss= 1.9125984907150269
client id= 0 ,round= 1 ,epoch= 1 ,client update iteration= 150 ,loss= 1.6674330234527588
client id= 0 ,round= 1 ,epoch= 1 ,client update iteration= 160 ,loss= 1.7894999980926514
client id= 0 ,round= 1 ,epoch= 1 ,client update iteration= 170 ,loss= 1.7440446615219116
client id= 0 ,round= 1 ,epoch= 1 ,client update iteration= 180 ,loss= 1.7007571458816528
client id= 0 ,round= 1 ,epoch= 1 ,client update iteration= 190 ,loss= 1.5683574676513672
client id= 0 ,round= 1 ,epoch= 1 ,client update iteration= 200 ,loss= 1.6498981714248657
client id= 0 ,round= 1 ,epoch= 1 ,client update iteration= 210 ,loss= 1.6058825254440308
client id= 0 ,round= 1 ,epoch= 1 ,client update iteration= 220 ,loss= 1.5904347896575928
client id= 0 ,round= 1 ,epoch= 1 ,client update iteration= 230 ,loss= 1.5743563175201416
client id= 0 ,round= 1 ,epoch= 1 ,client update iteration= 240 ,loss= 1.625468373298645
client id= 0 ,round= 1 ,epoch= 1 ,client update iteration= 250 ,loss= 1.5713695287704468
client id= 0 ,round= 1 ,epoch= 1 ,client update iteration= 260 ,loss= 1.4907475709915161
client id= 0 ,round= 1 ,epoch= 1 ,client update iteration= 270 ,loss= 1.518754482269287
client id= 0 ,round= 1 ,epoch= 1 ,client update iteration= 280 ,loss= 1.7360775470733643
client id= 0 ,round= 1 ,epoch= 1 ,client update iteration= 290 ,loss= 1.4283225536346436
client id= 0 ,round= 1 ,epoch= 1 ,client update iteration= 300 ,loss= 1.5636241436004639
client id= 0 ,round= 1 ,epoch= 1 ,client update iteration= 310 ,loss= 1.3476343154907227
client id= 0 ,round= 1 ,epoch= 1 ,client update iteration= 320 ,loss= 1.4922089576721191
client id= 0 ,round= 1 ,epoch= 1 ,client update iteration= 330 ,loss= 1.4409912824630737
client id= 0 ,round= 1 ,epoch= 1 ,client update iteration= 340 ,loss= 1.4976372718811035
client id= 0 ,round= 1 ,epoch= 1 ,client update iteration= 350 ,loss= 1.448359489440918
client id= 0 ,round= 1 ,epoch= 1 ,client update iteration= 360 ,loss= 1.5636470317840576
client id= 0 ,round= 1 ,epoch= 1 ,client update iteration= 370 ,loss= 1.377310872077942
client id= 0 ,round= 1 ,epoch= 1 ,client update iteration= 380 ,loss= 1.3341885805130005
client id= 0 ,round= 1 ,epoch= 1 ,client update iteration= 390 ,loss= 1.4853299856185913
******client id  1 ******
client_update start
client id= 1 ,round= 1 ,epoch= 1 ,client update iteration= 10 ,loss= 2.2630536556243896
client id= 1 ,round= 1 ,epoch= 1 ,client update iteration= 20 ,loss= 2.1500070095062256
client id= 1 ,round= 1 ,epoch= 1 ,client update iteration= 30 ,loss= 2.1793301105499268
client id= 1 ,round= 1 ,epoch= 1 ,client update iteration= 40 ,loss= 2.0866036415100098
client id= 1 ,round= 1 ,epoch= 1 ,client update iteration= 50 ,loss= 2.073669910430908
client id= 1 ,round= 1 ,epoch= 1 ,client update iteration= 60 ,loss= 1.9004119634628296
client id= 1 ,round= 1 ,epoch= 1 ,client update iteration= 70 ,loss= 1.6758475303649902
client id= 1 ,round= 1 ,epoch= 1 ,client update iteration= 80 ,loss= 1.8754935264587402
client id= 1 ,round= 1 ,epoch= 1 ,client update iteration= 90 ,loss= 1.758079171180725
client id= 1 ,round= 1 ,epoch= 1 ,client update iteration= 100 ,loss= 1.798296570777893
client id= 1 ,round= 1 ,epoch= 1 ,client update iteration= 110 ,loss= 1.6856193542480469
client id= 1 ,round= 1 ,epoch= 1 ,client update iteration= 120 ,loss= 1.770857810974121
client id= 1 ,round= 1 ,epoch= 1 ,client update iteration= 130 ,loss= 1.9070478677749634
client id= 1 ,round= 1 ,epoch= 1 ,client update iteration= 140 ,loss= 1.8795734643936157
client id= 1 ,round= 1 ,epoch= 1 ,client update iteration= 150 ,loss= 1.9881713390350342
client id= 1 ,round= 1 ,epoch= 1 ,client update iteration= 160 ,loss= 1.7111036777496338
client id= 1 ,round= 1 ,epoch= 1 ,client update iteration= 170 ,loss= 1.7121144533157349
client id= 1 ,round= 1 ,epoch= 1 ,client update iteration= 180 ,loss= 1.5753108263015747
client id= 1 ,round= 1 ,epoch= 1 ,client update iteration= 190 ,loss= 1.7345017194747925
client id= 1 ,round= 1 ,epoch= 1 ,client update iteration= 200 ,loss= 1.712376594543457
client id= 1 ,round= 1 ,epoch= 1 ,client update iteration= 210 ,loss= 1.6682263612747192
client id= 1 ,round= 1 ,epoch= 1 ,client update iteration= 220 ,loss= 1.5043671131134033
client id= 1 ,round= 1 ,epoch= 1 ,client update iteration= 230 ,loss= 1.7678475379943848
client id= 1 ,round= 1 ,epoch= 1 ,client update iteration= 240 ,loss= 1.506593942642212
client id= 1 ,round= 1 ,epoch= 1 ,client update iteration= 250 ,loss= 1.5317883491516113
client id= 1 ,round= 1 ,epoch= 1 ,client update iteration= 260 ,loss= 1.4482775926589966
client id= 1 ,round= 1 ,epoch= 1 ,client update iteration= 270 ,loss= 1.503342866897583
client id= 1 ,round= 1 ,epoch= 1 ,client update iteration= 280 ,loss= 1.4527217149734497
client id= 1 ,round= 1 ,epoch= 1 ,client update iteration= 290 ,loss= 1.6116869449615479
client id= 1 ,round= 1 ,epoch= 1 ,client update iteration= 300 ,loss= 1.5451823472976685
client id= 1 ,round= 1 ,epoch= 1 ,client update iteration= 310 ,loss= 1.5008893013000488
client id= 1 ,round= 1 ,epoch= 1 ,client update iteration= 320 ,loss= 1.3662583827972412
client id= 1 ,round= 1 ,epoch= 1 ,client update iteration= 330 ,loss= 1.3582252264022827
client id= 1 ,round= 1 ,epoch= 1 ,client update iteration= 340 ,loss= 1.5591011047363281
client id= 1 ,round= 1 ,epoch= 1 ,client update iteration= 350 ,loss= 1.499984622001648
client id= 1 ,round= 1 ,epoch= 1 ,client update iteration= 360 ,loss= 1.6319167613983154
client id= 1 ,round= 1 ,epoch= 1 ,client update iteration= 370 ,loss= 1.413967490196228
client id= 1 ,round= 1 ,epoch= 1 ,client update iteration= 380 ,loss= 1.393897533416748
client id= 1 ,round= 1 ,epoch= 1 ,client update iteration= 390 ,loss= 1.4870926141738892
start add noise2021-06-28 19:14:05
start cal weight time2021-06-28 19:14:05
end cal weight time2021-06-28 19:14:05
layer= 0 ratio= 0.21000169642276176
layer= 1 ratio= 0.21216956589358157
layer= 2 ratio= 0.04695097298339551
layer= 3 ratio= 0.04951550736376929
layer= 4 ratio= 0.04769737954346811
layer= 5 ratio= 0.05752227080777005
layer= 6 ratio= 0.03994854301093853
layer= 7 ratio= 0.050947101783741976
layer= 8 ratio= 0.03941219238666255
layer= 9 ratio= 0.05065776910860383
layer= 10 ratio= 0.024403033809000666
layer= 11 ratio= 0.026488316156036196
layer= 12 ratio= 0.03520509421926259
layer= 13 ratio= 0.03883220808429245
layer= 14 ratio= 0.036911236477932666
layer= 15 ratio= 0.03333711194878218
end_add_noise_time2021-06-28 19:14:08
start add noise2021-06-28 19:14:08
start cal weight time2021-06-28 19:14:08
end cal weight time2021-06-28 19:14:08
layer= 0 ratio= 0.21140885746473534
layer= 1 ratio= 0.2115492896226291
layer= 2 ratio= 0.0470581307998264
layer= 3 ratio= 0.0488464825222527
layer= 4 ratio= 0.04781394484578275
layer= 5 ratio= 0.05870628803169808
layer= 6 ratio= 0.03983417171763637
layer= 7 ratio= 0.0508847557496338
layer= 8 ratio= 0.039656784156948094
layer= 9 ratio= 0.048378362039865584
layer= 10 ratio= 0.02469813536121273
layer= 11 ratio= 0.026708702105258594
layer= 12 ratio= 0.03548006680598734
layer= 13 ratio= 0.038940578107426536
layer= 14 ratio= 0.03745280201250348
layer= 15 ratio= 0.032582648656603
end_add_noise_time2021-06-28 19:14:12
average train loss= 1.7146827383419436
2021-06-28 19:14:20,round 1,val Accuracy Top1: 22.100000 %
2021-06-28 19:14:20,round 1,val Accuracy Top5: 73.390000 %
******client id  0 ******
client_update start
client id= 0 ,round= 2 ,epoch= 1 ,client update iteration= 10 ,loss= 1.6519722938537598
client id= 0 ,round= 2 ,epoch= 1 ,client update iteration= 20 ,loss= 1.6244664192199707
client id= 0 ,round= 2 ,epoch= 1 ,client update iteration= 30 ,loss= 1.8151748180389404
client id= 0 ,round= 2 ,epoch= 1 ,client update iteration= 40 ,loss= 1.6511483192443848
client id= 0 ,round= 2 ,epoch= 1 ,client update iteration= 50 ,loss= 1.8383235931396484
client id= 0 ,round= 2 ,epoch= 1 ,client update iteration= 60 ,loss= 1.506946086883545
client id= 0 ,round= 2 ,epoch= 1 ,client update iteration= 70 ,loss= 1.357957124710083
client id= 0 ,round= 2 ,epoch= 1 ,client update iteration= 80 ,loss= 1.3707284927368164
client id= 0 ,round= 2 ,epoch= 1 ,client update iteration= 90 ,loss= 1.2063722610473633
client id= 0 ,round= 2 ,epoch= 1 ,client update iteration= 100 ,loss= 1.364176630973816
client id= 0 ,round= 2 ,epoch= 1 ,client update iteration= 110 ,loss= 1.1703256368637085
client id= 0 ,round= 2 ,epoch= 1 ,client update iteration= 120 ,loss= 1.2093268632888794
client id= 0 ,round= 2 ,epoch= 1 ,client update iteration= 130 ,loss= 1.2902226448059082
client id= 0 ,round= 2 ,epoch= 1 ,client update iteration= 140 ,loss= 1.65018892288208
client id= 0 ,round= 2 ,epoch= 1 ,client update iteration= 150 ,loss= 1.4818533658981323
client id= 0 ,round= 2 ,epoch= 1 ,client update iteration= 160 ,loss= 1.12477707862854
client id= 0 ,round= 2 ,epoch= 1 ,client update iteration= 170 ,loss= 1.241226077079773
client id= 0 ,round= 2 ,epoch= 1 ,client update iteration= 180 ,loss= 1.3838958740234375
client id= 0 ,round= 2 ,epoch= 1 ,client update iteration= 190 ,loss= 1.0967257022857666
client id= 0 ,round= 2 ,epoch= 1 ,client update iteration= 200 ,loss= 1.5295885801315308
client id= 0 ,round= 2 ,epoch= 1 ,client update iteration= 210 ,loss= 1.431270718574524
client id= 0 ,round= 2 ,epoch= 1 ,client update iteration= 220 ,loss= 1.3600504398345947
client id= 0 ,round= 2 ,epoch= 1 ,client update iteration= 230 ,loss= 1.0999763011932373
client id= 0 ,round= 2 ,epoch= 1 ,client update iteration= 240 ,loss= 1.0003372430801392
client id= 0 ,round= 2 ,epoch= 1 ,client update iteration= 250 ,loss= 1.2078264951705933
client id= 0 ,round= 2 ,epoch= 1 ,client update iteration= 260 ,loss= 1.3202650547027588
client id= 0 ,round= 2 ,epoch= 1 ,client update iteration= 270 ,loss= 1.116241455078125
client id= 0 ,round= 2 ,epoch= 1 ,client update iteration= 280 ,loss= 1.1681641340255737
client id= 0 ,round= 2 ,epoch= 1 ,client update iteration= 290 ,loss= 1.1096123456954956
client id= 0 ,round= 2 ,epoch= 1 ,client update iteration= 300 ,loss= 1.2713603973388672
client id= 0 ,round= 2 ,epoch= 1 ,client update iteration= 310 ,loss= 1.5768327713012695
client id= 0 ,round= 2 ,epoch= 1 ,client update iteration= 320 ,loss= 1.2360990047454834
client id= 0 ,round= 2 ,epoch= 1 ,client update iteration= 330 ,loss= 1.2528659105300903
client id= 0 ,round= 2 ,epoch= 1 ,client update iteration= 340 ,loss= 0.9310073256492615
client id= 0 ,round= 2 ,epoch= 1 ,client update iteration= 350 ,loss= 1.199039101600647
client id= 0 ,round= 2 ,epoch= 1 ,client update iteration= 360 ,loss= 1.4331681728363037
client id= 0 ,round= 2 ,epoch= 1 ,client update iteration= 370 ,loss= 1.2139710187911987
client id= 0 ,round= 2 ,epoch= 1 ,client update iteration= 380 ,loss= 1.349835991859436
client id= 0 ,round= 2 ,epoch= 1 ,client update iteration= 390 ,loss= 1.0409342050552368
******client id  1 ******
client_update start
client id= 1 ,round= 2 ,epoch= 1 ,client update iteration= 10 ,loss= 1.605345368385315
client id= 1 ,round= 2 ,epoch= 1 ,client update iteration= 20 ,loss= 1.7266449928283691
client id= 1 ,round= 2 ,epoch= 1 ,client update iteration= 30 ,loss= 1.625898003578186
client id= 1 ,round= 2 ,epoch= 1 ,client update iteration= 40 ,loss= 1.4596366882324219
client id= 1 ,round= 2 ,epoch= 1 ,client update iteration= 50 ,loss= 1.6065858602523804
client id= 1 ,round= 2 ,epoch= 1 ,client update iteration= 60 ,loss= 1.3593251705169678
client id= 1 ,round= 2 ,epoch= 1 ,client update iteration= 70 ,loss= 1.4909031391143799
client id= 1 ,round= 2 ,epoch= 1 ,client update iteration= 80 ,loss= 1.6774944067001343
client id= 1 ,round= 2 ,epoch= 1 ,client update iteration= 90 ,loss= 1.5292223691940308
client id= 1 ,round= 2 ,epoch= 1 ,client update iteration= 100 ,loss= 1.5508627891540527
client id= 1 ,round= 2 ,epoch= 1 ,client update iteration= 110 ,loss= 1.369450569152832
client id= 1 ,round= 2 ,epoch= 1 ,client update iteration= 120 ,loss= 1.2101342678070068
client id= 1 ,round= 2 ,epoch= 1 ,client update iteration= 130 ,loss= 1.2319812774658203
client id= 1 ,round= 2 ,epoch= 1 ,client update iteration= 140 ,loss= 1.3801482915878296
client id= 1 ,round= 2 ,epoch= 1 ,client update iteration= 150 ,loss= 1.3863742351531982
client id= 1 ,round= 2 ,epoch= 1 ,client update iteration= 160 ,loss= 1.3394854068756104
client id= 1 ,round= 2 ,epoch= 1 ,client update iteration= 170 ,loss= 1.449116826057434
client id= 1 ,round= 2 ,epoch= 1 ,client update iteration= 180 ,loss= 1.305827260017395
client id= 1 ,round= 2 ,epoch= 1 ,client update iteration= 190 ,loss= 1.104837417602539
client id= 1 ,round= 2 ,epoch= 1 ,client update iteration= 200 ,loss= 1.2920184135437012
client id= 1 ,round= 2 ,epoch= 1 ,client update iteration= 210 ,loss= 1.2722541093826294
client id= 1 ,round= 2 ,epoch= 1 ,client update iteration= 220 ,loss= 1.3270044326782227
client id= 1 ,round= 2 ,epoch= 1 ,client update iteration= 230 ,loss= 1.3000941276550293
client id= 1 ,round= 2 ,epoch= 1 ,client update iteration= 240 ,loss= 1.2154971361160278
client id= 1 ,round= 2 ,epoch= 1 ,client update iteration= 250 ,loss= 1.1288484334945679
client id= 1 ,round= 2 ,epoch= 1 ,client update iteration= 260 ,loss= 1.2033257484436035
client id= 1 ,round= 2 ,epoch= 1 ,client update iteration= 270 ,loss= 1.157928228378296
client id= 1 ,round= 2 ,epoch= 1 ,client update iteration= 280 ,loss= 1.11696195602417
client id= 1 ,round= 2 ,epoch= 1 ,client update iteration= 290 ,loss= 1.1351381540298462
client id= 1 ,round= 2 ,epoch= 1 ,client update iteration= 300 ,loss= 1.0094366073608398
client id= 1 ,round= 2 ,epoch= 1 ,client update iteration= 310 ,loss= 1.3865047693252563
client id= 1 ,round= 2 ,epoch= 1 ,client update iteration= 320 ,loss= 1.1939371824264526
client id= 1 ,round= 2 ,epoch= 1 ,client update iteration= 330 ,loss= 1.2282832860946655
client id= 1 ,round= 2 ,epoch= 1 ,client update iteration= 340 ,loss= 1.039790153503418
client id= 1 ,round= 2 ,epoch= 1 ,client update iteration= 350 ,loss= 1.1830461025238037
client id= 1 ,round= 2 ,epoch= 1 ,client update iteration= 360 ,loss= 0.9601013660430908
client id= 1 ,round= 2 ,epoch= 1 ,client update iteration= 370 ,loss= 1.378637433052063
client id= 1 ,round= 2 ,epoch= 1 ,client update iteration= 380 ,loss= 1.3420318365097046
client id= 1 ,round= 2 ,epoch= 1 ,client update iteration= 390 ,loss= 0.9546065330505371
start add noise2021-06-28 19:16:46
start cal weight time2021-06-28 19:16:46
end cal weight time2021-06-28 19:16:46
layer= 0 ratio= 0.18743209884357656
layer= 1 ratio= 0.1820377425386089
layer= 2 ratio= 0.042935191413905324
layer= 3 ratio= 0.044480961470103976
layer= 4 ratio= 0.04355806863753497
layer= 5 ratio= 0.05388889265044755
layer= 6 ratio= 0.03758534676052083
layer= 7 ratio= 0.04868013467334432
layer= 8 ratio= 0.037415343862564725
layer= 9 ratio= 0.04933321193266961
layer= 10 ratio= 0.0928807700124445
layer= 11 ratio= 0.0262368302587844
layer= 12 ratio= 0.052038396234825424
layer= 13 ratio= 0.035943848919778996
layer= 14 ratio= 0.03508769420482188
layer= 15 ratio= 0.0304654675860679
end_add_noise_time2021-06-28 19:16:49
start add noise2021-06-28 19:16:49
start cal weight time2021-06-28 19:16:49
end cal weight time2021-06-28 19:16:49
layer= 0 ratio= 0.1877809531594237
layer= 1 ratio= 0.18305063845737887
layer= 2 ratio= 0.04282676185667244
layer= 3 ratio= 0.044383472877883856
layer= 4 ratio= 0.04363528657729278
layer= 5 ratio= 0.052238326688668284
layer= 6 ratio= 0.037491794905122146
layer= 7 ratio= 0.04727635438109298
layer= 8 ratio= 0.03720135635305511
layer= 9 ratio= 0.04904458088815177
layer= 10 ratio= 0.09299134500422285
layer= 11 ratio= 0.026348403766295516
layer= 12 ratio= 0.052102504112985386
layer= 13 ratio= 0.03609691919750129
layer= 14 ratio= 0.03510673526384925
layer= 15 ratio= 0.0324245665104038
end_add_noise_time2021-06-28 19:16:53
average train loss= 1.3478251524136193
2021-06-28 19:17:02,round 2,val Accuracy Top1: 59.510000 %
2021-06-28 19:17:02,round 2,val Accuracy Top5: 95.680000 %
******client id  0 ******
client_update start
client id= 0 ,round= 3 ,epoch= 1 ,client update iteration= 10 ,loss= 1.4306856393814087
client id= 0 ,round= 3 ,epoch= 1 ,client update iteration= 20 ,loss= 1.1767511367797852
client id= 0 ,round= 3 ,epoch= 1 ,client update iteration= 30 ,loss= 1.0580816268920898
client id= 0 ,round= 3 ,epoch= 1 ,client update iteration= 40 ,loss= 1.259151816368103
client id= 0 ,round= 3 ,epoch= 1 ,client update iteration= 50 ,loss= 1.4211899042129517
client id= 0 ,round= 3 ,epoch= 1 ,client update iteration= 60 ,loss= 0.9584655165672302
client id= 0 ,round= 3 ,epoch= 1 ,client update iteration= 70 ,loss= 1.1212646961212158
client id= 0 ,round= 3 ,epoch= 1 ,client update iteration= 80 ,loss= 0.9902267456054688
client id= 0 ,round= 3 ,epoch= 1 ,client update iteration= 90 ,loss= 1.0296885967254639
client id= 0 ,round= 3 ,epoch= 1 ,client update iteration= 100 ,loss= 1.1732615232467651
client id= 0 ,round= 3 ,epoch= 1 ,client update iteration= 110 ,loss= 1.1856657266616821
client id= 0 ,round= 3 ,epoch= 1 ,client update iteration= 120 ,loss= 1.1537936925888062
client id= 0 ,round= 3 ,epoch= 1 ,client update iteration= 130 ,loss= 1.0339653491973877
client id= 0 ,round= 3 ,epoch= 1 ,client update iteration= 140 ,loss= 1.0340815782546997
client id= 0 ,round= 3 ,epoch= 1 ,client update iteration= 150 ,loss= 1.1982496976852417
client id= 0 ,round= 3 ,epoch= 1 ,client update iteration= 160 ,loss= 1.1032214164733887
client id= 0 ,round= 3 ,epoch= 1 ,client update iteration= 170 ,loss= 0.738539457321167
client id= 0 ,round= 3 ,epoch= 1 ,client update iteration= 180 ,loss= 0.972044825553894
client id= 0 ,round= 3 ,epoch= 1 ,client update iteration= 190 ,loss= 1.1016219854354858
client id= 0 ,round= 3 ,epoch= 1 ,client update iteration= 200 ,loss= 0.8126119375228882
client id= 0 ,round= 3 ,epoch= 1 ,client update iteration= 210 ,loss= 1.1373140811920166
client id= 0 ,round= 3 ,epoch= 1 ,client update iteration= 220 ,loss= 1.0113662481307983
client id= 0 ,round= 3 ,epoch= 1 ,client update iteration= 230 ,loss= 1.0613527297973633
client id= 0 ,round= 3 ,epoch= 1 ,client update iteration= 240 ,loss= 0.9541376233100891
client id= 0 ,round= 3 ,epoch= 1 ,client update iteration= 250 ,loss= 1.1829472780227661
client id= 0 ,round= 3 ,epoch= 1 ,client update iteration= 260 ,loss= 0.8610485196113586
client id= 0 ,round= 3 ,epoch= 1 ,client update iteration= 270 ,loss= 1.2709267139434814
client id= 0 ,round= 3 ,epoch= 1 ,client update iteration= 280 ,loss= 1.1411203145980835
client id= 0 ,round= 3 ,epoch= 1 ,client update iteration= 290 ,loss= 0.8921977281570435
client id= 0 ,round= 3 ,epoch= 1 ,client update iteration= 300 ,loss= 0.7442347407341003
client id= 0 ,round= 3 ,epoch= 1 ,client update iteration= 310 ,loss= 0.891435980796814
client id= 0 ,round= 3 ,epoch= 1 ,client update iteration= 320 ,loss= 1.0148080587387085
client id= 0 ,round= 3 ,epoch= 1 ,client update iteration= 330 ,loss= 0.841748833656311
client id= 0 ,round= 3 ,epoch= 1 ,client update iteration= 340 ,loss= 0.9392401576042175
client id= 0 ,round= 3 ,epoch= 1 ,client update iteration= 350 ,loss= 0.9434075355529785
client id= 0 ,round= 3 ,epoch= 1 ,client update iteration= 360 ,loss= 1.146350383758545
client id= 0 ,round= 3 ,epoch= 1 ,client update iteration= 370 ,loss= 0.9312737584114075
client id= 0 ,round= 3 ,epoch= 1 ,client update iteration= 380 ,loss= 1.0043737888336182
client id= 0 ,round= 3 ,epoch= 1 ,client update iteration= 390 ,loss= 0.8034315705299377
******client id  1 ******
client_update start
client id= 1 ,round= 3 ,epoch= 1 ,client update iteration= 10 ,loss= 1.30354642868042
client id= 1 ,round= 3 ,epoch= 1 ,client update iteration= 20 ,loss= 1.4528542757034302
client id= 1 ,round= 3 ,epoch= 1 ,client update iteration= 30 ,loss= 1.236756682395935
client id= 1 ,round= 3 ,epoch= 1 ,client update iteration= 40 ,loss= 1.1571619510650635
client id= 1 ,round= 3 ,epoch= 1 ,client update iteration= 50 ,loss= 1.058849573135376
client id= 1 ,round= 3 ,epoch= 1 ,client update iteration= 60 ,loss= 1.0711944103240967
client id= 1 ,round= 3 ,epoch= 1 ,client update iteration= 70 ,loss= 1.1965856552124023
client id= 1 ,round= 3 ,epoch= 1 ,client update iteration= 80 ,loss= 1.1399110555648804
client id= 1 ,round= 3 ,epoch= 1 ,client update iteration= 90 ,loss= 1.256368637084961
client id= 1 ,round= 3 ,epoch= 1 ,client update iteration= 100 ,loss= 1.0657504796981812
client id= 1 ,round= 3 ,epoch= 1 ,client update iteration= 110 ,loss= 1.457550287246704
client id= 1 ,round= 3 ,epoch= 1 ,client update iteration= 120 ,loss= 1.3619086742401123
client id= 1 ,round= 3 ,epoch= 1 ,client update iteration= 130 ,loss= 0.9634231925010681
client id= 1 ,round= 3 ,epoch= 1 ,client update iteration= 140 ,loss= 0.9716284275054932
client id= 1 ,round= 3 ,epoch= 1 ,client update iteration= 150 ,loss= 0.8620827794075012
client id= 1 ,round= 3 ,epoch= 1 ,client update iteration= 160 ,loss= 1.401128888130188
client id= 1 ,round= 3 ,epoch= 1 ,client update iteration= 170 ,loss= 1.0927003622055054
client id= 1 ,round= 3 ,epoch= 1 ,client update iteration= 180 ,loss= 0.8890995979309082
client id= 1 ,round= 3 ,epoch= 1 ,client update iteration= 190 ,loss= 0.8422970771789551
client id= 1 ,round= 3 ,epoch= 1 ,client update iteration= 200 ,loss= 1.0355024337768555
client id= 1 ,round= 3 ,epoch= 1 ,client update iteration= 210 ,loss= 1.070630669593811
client id= 1 ,round= 3 ,epoch= 1 ,client update iteration= 220 ,loss= 1.1473089456558228
client id= 1 ,round= 3 ,epoch= 1 ,client update iteration= 230 ,loss= 1.2403992414474487
client id= 1 ,round= 3 ,epoch= 1 ,client update iteration= 240 ,loss= 1.090428113937378
client id= 1 ,round= 3 ,epoch= 1 ,client update iteration= 250 ,loss= 1.0344674587249756
client id= 1 ,round= 3 ,epoch= 1 ,client update iteration= 260 ,loss= 0.8843342661857605
client id= 1 ,round= 3 ,epoch= 1 ,client update iteration= 270 ,loss= 0.9926892518997192
client id= 1 ,round= 3 ,epoch= 1 ,client update iteration= 280 ,loss= 1.2848843336105347
client id= 1 ,round= 3 ,epoch= 1 ,client update iteration= 290 ,loss= 0.9617061614990234
client id= 1 ,round= 3 ,epoch= 1 ,client update iteration= 300 ,loss= 1.1088963747024536
client id= 1 ,round= 3 ,epoch= 1 ,client update iteration= 310 ,loss= 0.8718147277832031
client id= 1 ,round= 3 ,epoch= 1 ,client update iteration= 320 ,loss= 1.0223191976547241
client id= 1 ,round= 3 ,epoch= 1 ,client update iteration= 330 ,loss= 0.7526989579200745
client id= 1 ,round= 3 ,epoch= 1 ,client update iteration= 340 ,loss= 0.9084451198577881
client id= 1 ,round= 3 ,epoch= 1 ,client update iteration= 350 ,loss= 0.889551043510437
client id= 1 ,round= 3 ,epoch= 1 ,client update iteration= 360 ,loss= 0.8812853097915649
client id= 1 ,round= 3 ,epoch= 1 ,client update iteration= 370 ,loss= 1.292466163635254
client id= 1 ,round= 3 ,epoch= 1 ,client update iteration= 380 ,loss= 0.7699142098426819
client id= 1 ,round= 3 ,epoch= 1 ,client update iteration= 390 ,loss= 1.1487473249435425
start add noise2021-06-28 19:19:27
start cal weight time2021-06-28 19:19:27
end cal weight time2021-06-28 19:19:27
layer= 0 ratio= 0.17085767510174926
layer= 1 ratio= 0.16070871792740946
layer= 2 ratio= 0.03998696802570382
layer= 3 ratio= 0.041295438734247195
layer= 4 ratio= 0.04062496357894192
layer= 5 ratio= 0.05040830530990577
layer= 6 ratio= 0.035979440174902594
layer= 7 ratio= 0.046105343236925736
layer= 8 ratio= 0.03555619222853577
layer= 9 ratio= 0.04744411093143826
layer= 10 ratio= 0.13790803515858968
layer= 11 ratio= 0.025911833142602144
layer= 12 ratio= 0.06748459659788428
layer= 13 ratio= 0.03384307266215358
layer= 14 ratio= 0.03375752695435468
layer= 15 ratio= 0.03212778023465604
end_add_noise_time2021-06-28 19:19:30
start add noise2021-06-28 19:19:30
start cal weight time2021-06-28 19:19:30
end cal weight time2021-06-28 19:19:30
layer= 0 ratio= 0.17085563120597075
layer= 1 ratio= 0.16218049814130323
layer= 2 ratio= 0.039822370556038406
layer= 3 ratio= 0.04137551956553057
layer= 4 ratio= 0.04050275811349381
layer= 5 ratio= 0.04977427481036476
layer= 6 ratio= 0.035759490181884054
layer= 7 ratio= 0.04585248067344366
layer= 8 ratio= 0.035374083722252654
layer= 9 ratio= 0.04736512649833447
layer= 10 ratio= 0.1379018442048041
layer= 11 ratio= 0.025795476584973817
layer= 12 ratio= 0.06745208051308907
layer= 13 ratio= 0.033975204760115923
layer= 14 ratio= 0.03373802000646127
layer= 15 ratio= 0.032275140461939376
end_add_noise_time2021-06-28 19:19:34
average train loss= 1.0533085579762373
2021-06-28 19:19:43,round 3,val Accuracy Top1: 69.620000 %
2021-06-28 19:19:43,round 3,val Accuracy Top5: 97.270000 %
******client id  0 ******
client_update start
client id= 0 ,round= 4 ,epoch= 1 ,client update iteration= 10 ,loss= 0.9530628323554993
client id= 0 ,round= 4 ,epoch= 1 ,client update iteration= 20 ,loss= 1.1009132862091064
client id= 0 ,round= 4 ,epoch= 1 ,client update iteration= 30 ,loss= 0.9177306294441223
client id= 0 ,round= 4 ,epoch= 1 ,client update iteration= 40 ,loss= 0.812903881072998
client id= 0 ,round= 4 ,epoch= 1 ,client update iteration= 50 ,loss= 0.7935822606086731
client id= 0 ,round= 4 ,epoch= 1 ,client update iteration= 60 ,loss= 0.900634765625
client id= 0 ,round= 4 ,epoch= 1 ,client update iteration= 70 ,loss= 0.8706061840057373
client id= 0 ,round= 4 ,epoch= 1 ,client update iteration= 80 ,loss= 0.806911826133728
client id= 0 ,round= 4 ,epoch= 1 ,client update iteration= 90 ,loss= 0.8526849150657654
client id= 0 ,round= 4 ,epoch= 1 ,client update iteration= 100 ,loss= 0.9319816827774048
client id= 0 ,round= 4 ,epoch= 1 ,client update iteration= 110 ,loss= 0.8471461534500122
client id= 0 ,round= 4 ,epoch= 1 ,client update iteration= 120 ,loss= 0.946133017539978
client id= 0 ,round= 4 ,epoch= 1 ,client update iteration= 130 ,loss= 1.0484970808029175
client id= 0 ,round= 4 ,epoch= 1 ,client update iteration= 140 ,loss= 1.1690953969955444
client id= 0 ,round= 4 ,epoch= 1 ,client update iteration= 150 ,loss= 1.1321070194244385
client id= 0 ,round= 4 ,epoch= 1 ,client update iteration= 160 ,loss= 1.0669385194778442
client id= 0 ,round= 4 ,epoch= 1 ,client update iteration= 170 ,loss= 0.7473474740982056
client id= 0 ,round= 4 ,epoch= 1 ,client update iteration= 180 ,loss= 0.681221604347229
client id= 0 ,round= 4 ,epoch= 1 ,client update iteration= 190 ,loss= 0.6521902680397034
client id= 0 ,round= 4 ,epoch= 1 ,client update iteration= 200 ,loss= 0.9389532208442688
client id= 0 ,round= 4 ,epoch= 1 ,client update iteration= 210 ,loss= 0.666491687297821
client id= 0 ,round= 4 ,epoch= 1 ,client update iteration= 220 ,loss= 0.867979884147644
client id= 0 ,round= 4 ,epoch= 1 ,client update iteration= 230 ,loss= 1.033721923828125
client id= 0 ,round= 4 ,epoch= 1 ,client update iteration= 240 ,loss= 0.9161345362663269
client id= 0 ,round= 4 ,epoch= 1 ,client update iteration= 250 ,loss= 0.6695142984390259
client id= 0 ,round= 4 ,epoch= 1 ,client update iteration= 260 ,loss= 0.7952406406402588
client id= 0 ,round= 4 ,epoch= 1 ,client update iteration= 270 ,loss= 0.9041668772697449
client id= 0 ,round= 4 ,epoch= 1 ,client update iteration= 280 ,loss= 0.8210723996162415
client id= 0 ,round= 4 ,epoch= 1 ,client update iteration= 290 ,loss= 0.8003986477851868
client id= 0 ,round= 4 ,epoch= 1 ,client update iteration= 300 ,loss= 0.9642807245254517
client id= 0 ,round= 4 ,epoch= 1 ,client update iteration= 310 ,loss= 0.8929377794265747
client id= 0 ,round= 4 ,epoch= 1 ,client update iteration= 320 ,loss= 0.7020240426063538
client id= 0 ,round= 4 ,epoch= 1 ,client update iteration= 330 ,loss= 0.8810905814170837
client id= 0 ,round= 4 ,epoch= 1 ,client update iteration= 340 ,loss= 0.7988759279251099
client id= 0 ,round= 4 ,epoch= 1 ,client update iteration= 350 ,loss= 0.780680239200592
client id= 0 ,round= 4 ,epoch= 1 ,client update iteration= 360 ,loss= 0.7879717946052551
client id= 0 ,round= 4 ,epoch= 1 ,client update iteration= 370 ,loss= 0.7273727655410767
client id= 0 ,round= 4 ,epoch= 1 ,client update iteration= 380 ,loss= 0.7143504023551941
client id= 0 ,round= 4 ,epoch= 1 ,client update iteration= 390 ,loss= 0.8001106977462769
******client id  1 ******
client_update start
client id= 1 ,round= 4 ,epoch= 1 ,client update iteration= 10 ,loss= 0.7200804948806763
client id= 1 ,round= 4 ,epoch= 1 ,client update iteration= 20 ,loss= 1.0812361240386963
client id= 1 ,round= 4 ,epoch= 1 ,client update iteration= 30 ,loss= 0.9881706833839417
client id= 1 ,round= 4 ,epoch= 1 ,client update iteration= 40 ,loss= 0.8876098394393921
client id= 1 ,round= 4 ,epoch= 1 ,client update iteration= 50 ,loss= 0.8232802152633667
client id= 1 ,round= 4 ,epoch= 1 ,client update iteration= 60 ,loss= 0.732657253742218
client id= 1 ,round= 4 ,epoch= 1 ,client update iteration= 70 ,loss= 1.0346837043762207
client id= 1 ,round= 4 ,epoch= 1 ,client update iteration= 80 ,loss= 0.8868216276168823
client id= 1 ,round= 4 ,epoch= 1 ,client update iteration= 90 ,loss= 0.9717069864273071
client id= 1 ,round= 4 ,epoch= 1 ,client update iteration= 100 ,loss= 0.7898601293563843
client id= 1 ,round= 4 ,epoch= 1 ,client update iteration= 110 ,loss= 0.682229220867157
client id= 1 ,round= 4 ,epoch= 1 ,client update iteration= 120 ,loss= 1.079172134399414
client id= 1 ,round= 4 ,epoch= 1 ,client update iteration= 130 ,loss= 1.0358302593231201
client id= 1 ,round= 4 ,epoch= 1 ,client update iteration= 140 ,loss= 0.9182919859886169
client id= 1 ,round= 4 ,epoch= 1 ,client update iteration= 150 ,loss= 0.9519679546356201
client id= 1 ,round= 4 ,epoch= 1 ,client update iteration= 160 ,loss= 0.8178091049194336
client id= 1 ,round= 4 ,epoch= 1 ,client update iteration= 170 ,loss= 1.1496169567108154
client id= 1 ,round= 4 ,epoch= 1 ,client update iteration= 180 ,loss= 0.6884312629699707
client id= 1 ,round= 4 ,epoch= 1 ,client update iteration= 190 ,loss= 0.9194839000701904
client id= 1 ,round= 4 ,epoch= 1 ,client update iteration= 200 ,loss= 0.9204489588737488
client id= 1 ,round= 4 ,epoch= 1 ,client update iteration= 210 ,loss= 0.7795802354812622
client id= 1 ,round= 4 ,epoch= 1 ,client update iteration= 220 ,loss= 0.75954270362854
client id= 1 ,round= 4 ,epoch= 1 ,client update iteration= 230 ,loss= 1.1429991722106934
client id= 1 ,round= 4 ,epoch= 1 ,client update iteration= 240 ,loss= 0.7910938262939453
client id= 1 ,round= 4 ,epoch= 1 ,client update iteration= 250 ,loss= 0.8401121497154236
client id= 1 ,round= 4 ,epoch= 1 ,client update iteration= 260 ,loss= 0.8931882381439209
client id= 1 ,round= 4 ,epoch= 1 ,client update iteration= 270 ,loss= 1.0942437648773193
client id= 1 ,round= 4 ,epoch= 1 ,client update iteration= 280 ,loss= 0.8594282269477844
client id= 1 ,round= 4 ,epoch= 1 ,client update iteration= 290 ,loss= 0.75947505235672
client id= 1 ,round= 4 ,epoch= 1 ,client update iteration= 300 ,loss= 0.9729119539260864
client id= 1 ,round= 4 ,epoch= 1 ,client update iteration= 310 ,loss= 0.9938062429428101
client id= 1 ,round= 4 ,epoch= 1 ,client update iteration= 320 ,loss= 0.5378416776657104
client id= 1 ,round= 4 ,epoch= 1 ,client update iteration= 330 ,loss= 0.7856249809265137
client id= 1 ,round= 4 ,epoch= 1 ,client update iteration= 340 ,loss= 0.8278340101242065
client id= 1 ,round= 4 ,epoch= 1 ,client update iteration= 350 ,loss= 0.8964350819587708
client id= 1 ,round= 4 ,epoch= 1 ,client update iteration= 360 ,loss= 1.0300546884536743
client id= 1 ,round= 4 ,epoch= 1 ,client update iteration= 370 ,loss= 0.88533616065979
client id= 1 ,round= 4 ,epoch= 1 ,client update iteration= 380 ,loss= 0.7394375205039978
client id= 1 ,round= 4 ,epoch= 1 ,client update iteration= 390 ,loss= 0.7786522507667542
start add noise2021-06-28 19:22:08
start cal weight time2021-06-28 19:22:08
end cal weight time2021-06-28 19:22:08
layer= 0 ratio= 0.15951780901361834
layer= 1 ratio= 0.1475319121908388
layer= 2 ratio= 0.03799661868900931
layer= 3 ratio= 0.03885185201450162
layer= 4 ratio= 0.038707098570602665
layer= 5 ratio= 0.04832366464659769
layer= 6 ratio= 0.03513676355212045
layer= 7 ratio= 0.04591215887645108
layer= 8 ratio= 0.03451700645305552
layer= 9 ratio= 0.04560032463947711
layer= 10 ratio= 0.16703880283622677
layer= 11 ratio= 0.02523063541171566
layer= 12 ratio= 0.078933508969981
layer= 13 ratio= 0.03237507618028211
layer= 14 ratio= 0.03294539285849388
layer= 15 ratio= 0.03138137509702801
end_add_noise_time2021-06-28 19:22:12
start add noise2021-06-28 19:22:12
start cal weight time2021-06-28 19:22:12
end cal weight time2021-06-28 19:22:12
layer= 0 ratio= 0.1594184465267942
layer= 1 ratio= 0.14777201634601508
layer= 2 ratio= 0.03801881834289341
layer= 3 ratio= 0.03894821105149111
layer= 4 ratio= 0.03866605124874888
layer= 5 ratio= 0.0480709329768484
layer= 6 ratio= 0.03505997123394788
layer= 7 ratio= 0.04511236640409146
layer= 8 ratio= 0.034454814424716734
layer= 9 ratio= 0.04575309321506797
layer= 10 ratio= 0.16691278172073362
layer= 11 ratio= 0.025416083903095722
layer= 12 ratio= 0.07887969393053168
layer= 13 ratio= 0.03251321233462579
layer= 14 ratio= 0.032933846765432526
layer= 15 ratio= 0.032069659574965485
end_add_noise_time2021-06-28 19:22:15
average train loss= 0.8561772841321842
2021-06-28 19:22:24,round 4,val Accuracy Top1: 73.630000 %
2021-06-28 19:22:24,round 4,val Accuracy Top5: 98.120000 %
******client id  0 ******
client_update start
client id= 0 ,round= 5 ,epoch= 1 ,client update iteration= 10 ,loss= 0.8103255033493042
client id= 0 ,round= 5 ,epoch= 1 ,client update iteration= 20 ,loss= 0.48280346393585205
client id= 0 ,round= 5 ,epoch= 1 ,client update iteration= 30 ,loss= 0.6166504621505737
client id= 0 ,round= 5 ,epoch= 1 ,client update iteration= 40 ,loss= 0.6053671836853027
client id= 0 ,round= 5 ,epoch= 1 ,client update iteration= 50 ,loss= 0.5561553239822388
client id= 0 ,round= 5 ,epoch= 1 ,client update iteration= 60 ,loss= 0.8969905972480774
client id= 0 ,round= 5 ,epoch= 1 ,client update iteration= 70 ,loss= 0.6609190106391907
client id= 0 ,round= 5 ,epoch= 1 ,client update iteration= 80 ,loss= 0.9925293326377869
client id= 0 ,round= 5 ,epoch= 1 ,client update iteration= 90 ,loss= 0.655883252620697
client id= 0 ,round= 5 ,epoch= 1 ,client update iteration= 100 ,loss= 0.7465957999229431
client id= 0 ,round= 5 ,epoch= 1 ,client update iteration= 110 ,loss= 0.612514078617096
client id= 0 ,round= 5 ,epoch= 1 ,client update iteration= 120 ,loss= 0.8619046211242676
client id= 0 ,round= 5 ,epoch= 1 ,client update iteration= 130 ,loss= 0.6153412461280823
client id= 0 ,round= 5 ,epoch= 1 ,client update iteration= 140 ,loss= 0.8236159086227417
client id= 0 ,round= 5 ,epoch= 1 ,client update iteration= 150 ,loss= 0.7263689637184143
client id= 0 ,round= 5 ,epoch= 1 ,client update iteration= 160 ,loss= 0.5435397624969482
client id= 0 ,round= 5 ,epoch= 1 ,client update iteration= 170 ,loss= 0.8201891779899597
client id= 0 ,round= 5 ,epoch= 1 ,client update iteration= 180 ,loss= 0.8433639407157898
client id= 0 ,round= 5 ,epoch= 1 ,client update iteration= 190 ,loss= 0.7613787055015564
client id= 0 ,round= 5 ,epoch= 1 ,client update iteration= 200 ,loss= 0.8702788949012756
client id= 0 ,round= 5 ,epoch= 1 ,client update iteration= 210 ,loss= 0.5119433999061584
client id= 0 ,round= 5 ,epoch= 1 ,client update iteration= 220 ,loss= 0.5438124537467957
client id= 0 ,round= 5 ,epoch= 1 ,client update iteration= 230 ,loss= 0.5967530012130737
client id= 0 ,round= 5 ,epoch= 1 ,client update iteration= 240 ,loss= 1.0027506351470947
client id= 0 ,round= 5 ,epoch= 1 ,client update iteration= 250 ,loss= 0.8257085084915161
client id= 0 ,round= 5 ,epoch= 1 ,client update iteration= 260 ,loss= 0.6514699459075928
client id= 0 ,round= 5 ,epoch= 1 ,client update iteration= 270 ,loss= 0.5827959775924683
client id= 0 ,round= 5 ,epoch= 1 ,client update iteration= 280 ,loss= 0.8293428421020508
client id= 0 ,round= 5 ,epoch= 1 ,client update iteration= 290 ,loss= 0.6857820749282837
client id= 0 ,round= 5 ,epoch= 1 ,client update iteration= 300 ,loss= 0.7458348274230957
client id= 0 ,round= 5 ,epoch= 1 ,client update iteration= 310 ,loss= 0.8502068519592285
client id= 0 ,round= 5 ,epoch= 1 ,client update iteration= 320 ,loss= 0.6869279146194458
client id= 0 ,round= 5 ,epoch= 1 ,client update iteration= 330 ,loss= 0.9957172870635986
client id= 0 ,round= 5 ,epoch= 1 ,client update iteration= 340 ,loss= 0.8350334167480469
client id= 0 ,round= 5 ,epoch= 1 ,client update iteration= 350 ,loss= 0.7957480549812317
client id= 0 ,round= 5 ,epoch= 1 ,client update iteration= 360 ,loss= 0.6823503971099854
client id= 0 ,round= 5 ,epoch= 1 ,client update iteration= 370 ,loss= 0.7872947454452515
client id= 0 ,round= 5 ,epoch= 1 ,client update iteration= 380 ,loss= 0.6589374542236328
client id= 0 ,round= 5 ,epoch= 1 ,client update iteration= 390 ,loss= 0.9076701998710632
******client id  1 ******
client_update start
client id= 1 ,round= 5 ,epoch= 1 ,client update iteration= 10 ,loss= 0.8042501211166382
client id= 1 ,round= 5 ,epoch= 1 ,client update iteration= 20 ,loss= 0.7256309390068054
client id= 1 ,round= 5 ,epoch= 1 ,client update iteration= 30 ,loss= 0.8519623279571533
client id= 1 ,round= 5 ,epoch= 1 ,client update iteration= 40 ,loss= 0.6207575798034668
client id= 1 ,round= 5 ,epoch= 1 ,client update iteration= 50 ,loss= 0.7947165966033936
client id= 1 ,round= 5 ,epoch= 1 ,client update iteration= 60 ,loss= 0.8766404986381531
client id= 1 ,round= 5 ,epoch= 1 ,client update iteration= 70 ,loss= 0.8797402381896973
client id= 1 ,round= 5 ,epoch= 1 ,client update iteration= 80 ,loss= 0.5764152407646179
client id= 1 ,round= 5 ,epoch= 1 ,client update iteration= 90 ,loss= 0.6866662502288818
client id= 1 ,round= 5 ,epoch= 1 ,client update iteration= 100 ,loss= 0.8340012431144714
client id= 1 ,round= 5 ,epoch= 1 ,client update iteration= 110 ,loss= 0.7441026568412781
client id= 1 ,round= 5 ,epoch= 1 ,client update iteration= 120 ,loss= 0.7537052035331726
client id= 1 ,round= 5 ,epoch= 1 ,client update iteration= 130 ,loss= 0.7237492203712463
client id= 1 ,round= 5 ,epoch= 1 ,client update iteration= 140 ,loss= 0.686501145362854
client id= 1 ,round= 5 ,epoch= 1 ,client update iteration= 150 ,loss= 0.8413234353065491
client id= 1 ,round= 5 ,epoch= 1 ,client update iteration= 160 ,loss= 0.7443196773529053
client id= 1 ,round= 5 ,epoch= 1 ,client update iteration= 170 ,loss= 0.8332404494285583
client id= 1 ,round= 5 ,epoch= 1 ,client update iteration= 180 ,loss= 0.5900960564613342
client id= 1 ,round= 5 ,epoch= 1 ,client update iteration= 190 ,loss= 0.7908778190612793
client id= 1 ,round= 5 ,epoch= 1 ,client update iteration= 200 ,loss= 0.7287973165512085
client id= 1 ,round= 5 ,epoch= 1 ,client update iteration= 210 ,loss= 0.8058761358261108
client id= 1 ,round= 5 ,epoch= 1 ,client update iteration= 220 ,loss= 0.5453107357025146
client id= 1 ,round= 5 ,epoch= 1 ,client update iteration= 230 ,loss= 0.7133733630180359
client id= 1 ,round= 5 ,epoch= 1 ,client update iteration= 240 ,loss= 0.7933741807937622
client id= 1 ,round= 5 ,epoch= 1 ,client update iteration= 250 ,loss= 0.6054919958114624
client id= 1 ,round= 5 ,epoch= 1 ,client update iteration= 260 ,loss= 0.8363135457038879
client id= 1 ,round= 5 ,epoch= 1 ,client update iteration= 270 ,loss= 0.6444090008735657
client id= 1 ,round= 5 ,epoch= 1 ,client update iteration= 280 ,loss= 0.5949912071228027
client id= 1 ,round= 5 ,epoch= 1 ,client update iteration= 290 ,loss= 0.8356420993804932
client id= 1 ,round= 5 ,epoch= 1 ,client update iteration= 300 ,loss= 0.534027099609375
client id= 1 ,round= 5 ,epoch= 1 ,client update iteration= 310 ,loss= 0.8440898656845093
client id= 1 ,round= 5 ,epoch= 1 ,client update iteration= 320 ,loss= 0.6902412176132202
client id= 1 ,round= 5 ,epoch= 1 ,client update iteration= 330 ,loss= 0.6962129473686218
client id= 1 ,round= 5 ,epoch= 1 ,client update iteration= 340 ,loss= 0.9282034039497375
client id= 1 ,round= 5 ,epoch= 1 ,client update iteration= 350 ,loss= 0.6213780045509338
client id= 1 ,round= 5 ,epoch= 1 ,client update iteration= 360 ,loss= 0.6042032241821289
client id= 1 ,round= 5 ,epoch= 1 ,client update iteration= 370 ,loss= 0.5842585563659668
client id= 1 ,round= 5 ,epoch= 1 ,client update iteration= 380 ,loss= 0.7275688052177429
client id= 1 ,round= 5 ,epoch= 1 ,client update iteration= 390 ,loss= 0.4274291396141052
start add noise2021-06-28 19:24:49
start cal weight time2021-06-28 19:24:49
end cal weight time2021-06-28 19:24:49
layer= 0 ratio= 0.1503953561689375
layer= 1 ratio= 0.13642441442700848
layer= 2 ratio= 0.03650143317069623
layer= 3 ratio= 0.03711368433322809
layer= 4 ratio= 0.037273211102168885
layer= 5 ratio= 0.04677620664058067
layer= 6 ratio= 0.03463180413655579
layer= 7 ratio= 0.0446275799547536
layer= 8 ratio= 0.03367904158311485
layer= 9 ratio= 0.04442692738648229
layer= 10 ratio= 0.18995499631246557
layer= 11 ratio= 0.024715724962533176
layer= 12 ratio= 0.08855574122636255
layer= 13 ratio= 0.030952879738878326
layer= 14 ratio= 0.03238169716068555
layer= 15 ratio= 0.031589301695548334
end_add_noise_time2021-06-28 19:24:53
start add noise2021-06-28 19:24:53
start cal weight time2021-06-28 19:24:53
end cal weight time2021-06-28 19:24:53
layer= 0 ratio= 0.15032855539611115
layer= 1 ratio= 0.13669839608762177
layer= 2 ratio= 0.03646310025562799
layer= 3 ratio= 0.036896916737359835
layer= 4 ratio= 0.03718836718342606
layer= 5 ratio= 0.04661497095520113
layer= 6 ratio= 0.034557202038612414
layer= 7 ratio= 0.04477345682794867
layer= 8 ratio= 0.03364398955361701
layer= 9 ratio= 0.04434042245780623
layer= 10 ratio= 0.18986435411148883
layer= 11 ratio= 0.025042137674645373
layer= 12 ratio= 0.0885323201980908
layer= 13 ratio= 0.031086047231243575
layer= 14 ratio= 0.03239619307590618
layer= 15 ratio= 0.031573570215293015
end_add_noise_time2021-06-28 19:24:56
average train loss= 0.7316284960950428
2021-06-28 19:25:05,round 5,val Accuracy Top1: 76.090000 %
2021-06-28 19:25:05,round 5,val Accuracy Top5: 98.310000 %
******client id  0 ******
client_update start
client id= 0 ,round= 6 ,epoch= 1 ,client update iteration= 10 ,loss= 0.6295255422592163
client id= 0 ,round= 6 ,epoch= 1 ,client update iteration= 20 ,loss= 0.7061393857002258
client id= 0 ,round= 6 ,epoch= 1 ,client update iteration= 30 ,loss= 0.4489826261997223
client id= 0 ,round= 6 ,epoch= 1 ,client update iteration= 40 ,loss= 0.48463132977485657
client id= 0 ,round= 6 ,epoch= 1 ,client update iteration= 50 ,loss= 0.6896209120750427
client id= 0 ,round= 6 ,epoch= 1 ,client update iteration= 60 ,loss= 0.634581446647644
client id= 0 ,round= 6 ,epoch= 1 ,client update iteration= 70 ,loss= 0.5740339159965515
client id= 0 ,round= 6 ,epoch= 1 ,client update iteration= 80 ,loss= 0.8305022120475769
client id= 0 ,round= 6 ,epoch= 1 ,client update iteration= 90 ,loss= 0.5983221530914307
client id= 0 ,round= 6 ,epoch= 1 ,client update iteration= 100 ,loss= 0.5016838312149048
client id= 0 ,round= 6 ,epoch= 1 ,client update iteration= 110 ,loss= 0.679069995880127
client id= 0 ,round= 6 ,epoch= 1 ,client update iteration= 120 ,loss= 0.8659079074859619
client id= 0 ,round= 6 ,epoch= 1 ,client update iteration= 130 ,loss= 0.6258926391601562
client id= 0 ,round= 6 ,epoch= 1 ,client update iteration= 140 ,loss= 0.8294398188591003
client id= 0 ,round= 6 ,epoch= 1 ,client update iteration= 150 ,loss= 0.7107281684875488
client id= 0 ,round= 6 ,epoch= 1 ,client update iteration= 160 ,loss= 0.8441842794418335
client id= 0 ,round= 6 ,epoch= 1 ,client update iteration= 170 ,loss= 0.7812294363975525
client id= 0 ,round= 6 ,epoch= 1 ,client update iteration= 180 ,loss= 0.47096821665763855
client id= 0 ,round= 6 ,epoch= 1 ,client update iteration= 190 ,loss= 0.459735631942749
client id= 0 ,round= 6 ,epoch= 1 ,client update iteration= 200 ,loss= 0.6510368585586548
client id= 0 ,round= 6 ,epoch= 1 ,client update iteration= 210 ,loss= 0.8605233430862427
client id= 0 ,round= 6 ,epoch= 1 ,client update iteration= 220 ,loss= 0.4873645305633545
client id= 0 ,round= 6 ,epoch= 1 ,client update iteration= 230 ,loss= 0.5793020725250244
client id= 0 ,round= 6 ,epoch= 1 ,client update iteration= 240 ,loss= 0.644426703453064
client id= 0 ,round= 6 ,epoch= 1 ,client update iteration= 250 ,loss= 0.553781270980835
client id= 0 ,round= 6 ,epoch= 1 ,client update iteration= 260 ,loss= 0.4642600417137146
client id= 0 ,round= 6 ,epoch= 1 ,client update iteration= 270 ,loss= 0.5118358135223389
client id= 0 ,round= 6 ,epoch= 1 ,client update iteration= 280 ,loss= 0.3879293203353882
client id= 0 ,round= 6 ,epoch= 1 ,client update iteration= 290 ,loss= 0.5900160074234009
client id= 0 ,round= 6 ,epoch= 1 ,client update iteration= 300 ,loss= 0.7454927563667297
client id= 0 ,round= 6 ,epoch= 1 ,client update iteration= 310 ,loss= 0.5728710293769836
client id= 0 ,round= 6 ,epoch= 1 ,client update iteration= 320 ,loss= 0.5688402652740479
client id= 0 ,round= 6 ,epoch= 1 ,client update iteration= 330 ,loss= 0.5092706680297852
client id= 0 ,round= 6 ,epoch= 1 ,client update iteration= 340 ,loss= 0.5932819247245789
client id= 0 ,round= 6 ,epoch= 1 ,client update iteration= 350 ,loss= 0.6307312846183777
client id= 0 ,round= 6 ,epoch= 1 ,client update iteration= 360 ,loss= 0.5064791440963745
client id= 0 ,round= 6 ,epoch= 1 ,client update iteration= 370 ,loss= 0.40710005164146423
client id= 0 ,round= 6 ,epoch= 1 ,client update iteration= 380 ,loss= 0.749478280544281
client id= 0 ,round= 6 ,epoch= 1 ,client update iteration= 390 ,loss= 0.46317625045776367
******client id  1 ******
client_update start
client id= 1 ,round= 6 ,epoch= 1 ,client update iteration= 10 ,loss= 0.7709458470344543
client id= 1 ,round= 6 ,epoch= 1 ,client update iteration= 20 ,loss= 0.648004949092865
client id= 1 ,round= 6 ,epoch= 1 ,client update iteration= 30 ,loss= 0.5441328883171082
client id= 1 ,round= 6 ,epoch= 1 ,client update iteration= 40 ,loss= 0.4702230989933014
client id= 1 ,round= 6 ,epoch= 1 ,client update iteration= 50 ,loss= 0.5486524701118469
client id= 1 ,round= 6 ,epoch= 1 ,client update iteration= 60 ,loss= 0.6425297260284424
client id= 1 ,round= 6 ,epoch= 1 ,client update iteration= 70 ,loss= 0.8746314644813538
client id= 1 ,round= 6 ,epoch= 1 ,client update iteration= 80 ,loss= 0.6933732628822327
client id= 1 ,round= 6 ,epoch= 1 ,client update iteration= 90 ,loss= 0.6749377846717834
client id= 1 ,round= 6 ,epoch= 1 ,client update iteration= 100 ,loss= 0.7429774403572083
client id= 1 ,round= 6 ,epoch= 1 ,client update iteration= 110 ,loss= 0.564269483089447
client id= 1 ,round= 6 ,epoch= 1 ,client update iteration= 120 ,loss= 0.5879435539245605
client id= 1 ,round= 6 ,epoch= 1 ,client update iteration= 130 ,loss= 0.5932764410972595
client id= 1 ,round= 6 ,epoch= 1 ,client update iteration= 140 ,loss= 0.9393653273582458
client id= 1 ,round= 6 ,epoch= 1 ,client update iteration= 150 ,loss= 0.996780514717102
client id= 1 ,round= 6 ,epoch= 1 ,client update iteration= 160 ,loss= 0.5926748514175415
client id= 1 ,round= 6 ,epoch= 1 ,client update iteration= 170 ,loss= 0.4917271137237549
client id= 1 ,round= 6 ,epoch= 1 ,client update iteration= 180 ,loss= 0.6550601124763489
client id= 1 ,round= 6 ,epoch= 1 ,client update iteration= 190 ,loss= 0.498404860496521
client id= 1 ,round= 6 ,epoch= 1 ,client update iteration= 200 ,loss= 0.6391270756721497
client id= 1 ,round= 6 ,epoch= 1 ,client update iteration= 210 ,loss= 0.70074462890625
client id= 1 ,round= 6 ,epoch= 1 ,client update iteration= 220 ,loss= 0.7238227128982544
client id= 1 ,round= 6 ,epoch= 1 ,client update iteration= 230 ,loss= 0.6251757740974426
client id= 1 ,round= 6 ,epoch= 1 ,client update iteration= 240 ,loss= 0.6676779389381409
client id= 1 ,round= 6 ,epoch= 1 ,client update iteration= 250 ,loss= 0.6331623792648315
client id= 1 ,round= 6 ,epoch= 1 ,client update iteration= 260 ,loss= 0.7722331285476685
client id= 1 ,round= 6 ,epoch= 1 ,client update iteration= 270 ,loss= 0.7316615581512451
client id= 1 ,round= 6 ,epoch= 1 ,client update iteration= 280 ,loss= 0.6509029865264893
client id= 1 ,round= 6 ,epoch= 1 ,client update iteration= 290 ,loss= 0.7282119989395142
client id= 1 ,round= 6 ,epoch= 1 ,client update iteration= 300 ,loss= 0.8497236967086792
client id= 1 ,round= 6 ,epoch= 1 ,client update iteration= 310 ,loss= 0.76268470287323
client id= 1 ,round= 6 ,epoch= 1 ,client update iteration= 320 ,loss= 0.7405226230621338
client id= 1 ,round= 6 ,epoch= 1 ,client update iteration= 330 ,loss= 0.7688390016555786
client id= 1 ,round= 6 ,epoch= 1 ,client update iteration= 340 ,loss= 0.7540207505226135
client id= 1 ,round= 6 ,epoch= 1 ,client update iteration= 350 ,loss= 0.6567215323448181
client id= 1 ,round= 6 ,epoch= 1 ,client update iteration= 360 ,loss= 0.6216713786125183
client id= 1 ,round= 6 ,epoch= 1 ,client update iteration= 370 ,loss= 0.5892029404640198
client id= 1 ,round= 6 ,epoch= 1 ,client update iteration= 380 ,loss= 1.1094661951065063
client id= 1 ,round= 6 ,epoch= 1 ,client update iteration= 390 ,loss= 0.6862720847129822
start add noise2021-06-28 19:27:31
start cal weight time2021-06-28 19:27:31
end cal weight time2021-06-28 19:27:31
layer= 0 ratio= 0.1425940365960507
layer= 1 ratio= 0.12739813218357152
layer= 2 ratio= 0.03529409435110436
layer= 3 ratio= 0.035423714168793995
layer= 4 ratio= 0.03612983041741708
layer= 5 ratio= 0.04580575731919481
layer= 6 ratio= 0.03429337914088992
layer= 7 ratio= 0.04347739358974626
layer= 8 ratio= 0.0330443234609517
layer= 9 ratio= 0.042895808081112145
layer= 10 ratio= 0.21100167793515723
layer= 11 ratio= 0.024169746540036865
layer= 12 ratio= 0.09606891321538558
layer= 13 ratio= 0.029914409998083903
layer= 14 ratio= 0.03186758499008251
layer= 15 ratio= 0.03062119801242145
end_add_noise_time2021-06-28 19:27:34
start add noise2021-06-28 19:27:34
start cal weight time2021-06-28 19:27:34
end cal weight time2021-06-28 19:27:34
layer= 0 ratio= 0.14275465618948155
layer= 1 ratio= 0.12788920449858726
layer= 2 ratio= 0.03526118508209437
layer= 3 ratio= 0.03529676993093326
layer= 4 ratio= 0.0361332229437127
layer= 5 ratio= 0.04545437864565134
layer= 6 ratio= 0.03429060492584086
layer= 7 ratio= 0.04310192454122694
layer= 8 ratio= 0.03308870336983485
layer= 9 ratio= 0.04243650559609776
layer= 10 ratio= 0.21123215927172959
layer= 11 ratio= 0.02429593093227448
layer= 12 ratio= 0.09615629938388881
layer= 13 ratio= 0.02996921506901586
layer= 14 ratio= 0.03194046070872082
layer= 15 ratio= 0.03069877891090959
end_add_noise_time2021-06-28 19:27:37
average train loss= 0.6432764525989743
2021-06-28 19:27:46,round 6,val Accuracy Top1: 77.920000 %
2021-06-28 19:27:46,round 6,val Accuracy Top5: 98.540000 %
******client id  0 ******
client_update start
client id= 0 ,round= 7 ,epoch= 1 ,client update iteration= 10 ,loss= 0.7197680473327637
client id= 0 ,round= 7 ,epoch= 1 ,client update iteration= 20 ,loss= 0.6171703338623047
client id= 0 ,round= 7 ,epoch= 1 ,client update iteration= 30 ,loss= 0.7065190076828003
client id= 0 ,round= 7 ,epoch= 1 ,client update iteration= 40 ,loss= 0.6315603256225586
client id= 0 ,round= 7 ,epoch= 1 ,client update iteration= 50 ,loss= 0.4808019697666168
client id= 0 ,round= 7 ,epoch= 1 ,client update iteration= 60 ,loss= 0.5963271856307983
client id= 0 ,round= 7 ,epoch= 1 ,client update iteration= 70 ,loss= 0.413451224565506
client id= 0 ,round= 7 ,epoch= 1 ,client update iteration= 80 ,loss= 0.5465767979621887
client id= 0 ,round= 7 ,epoch= 1 ,client update iteration= 90 ,loss= 0.649505615234375
client id= 0 ,round= 7 ,epoch= 1 ,client update iteration= 100 ,loss= 0.8809915781021118
client id= 0 ,round= 7 ,epoch= 1 ,client update iteration= 110 ,loss= 0.6735149025917053
client id= 0 ,round= 7 ,epoch= 1 ,client update iteration= 120 ,loss= 0.6299364566802979
client id= 0 ,round= 7 ,epoch= 1 ,client update iteration= 130 ,loss= 0.6270859837532043
client id= 0 ,round= 7 ,epoch= 1 ,client update iteration= 140 ,loss= 0.5920906662940979
client id= 0 ,round= 7 ,epoch= 1 ,client update iteration= 150 ,loss= 0.6236072778701782
client id= 0 ,round= 7 ,epoch= 1 ,client update iteration= 160 ,loss= 0.6266975998878479
client id= 0 ,round= 7 ,epoch= 1 ,client update iteration= 170 ,loss= 0.4634961485862732
client id= 0 ,round= 7 ,epoch= 1 ,client update iteration= 180 ,loss= 0.526361882686615
client id= 0 ,round= 7 ,epoch= 1 ,client update iteration= 190 ,loss= 0.41088590025901794
client id= 0 ,round= 7 ,epoch= 1 ,client update iteration= 200 ,loss= 0.6564731597900391
client id= 0 ,round= 7 ,epoch= 1 ,client update iteration= 210 ,loss= 0.8151989579200745
client id= 0 ,round= 7 ,epoch= 1 ,client update iteration= 220 ,loss= 0.5623170137405396
client id= 0 ,round= 7 ,epoch= 1 ,client update iteration= 230 ,loss= 0.5682036876678467
client id= 0 ,round= 7 ,epoch= 1 ,client update iteration= 240 ,loss= 0.592537522315979
client id= 0 ,round= 7 ,epoch= 1 ,client update iteration= 250 ,loss= 0.5691015124320984
client id= 0 ,round= 7 ,epoch= 1 ,client update iteration= 260 ,loss= 0.7410471439361572
client id= 0 ,round= 7 ,epoch= 1 ,client update iteration= 270 ,loss= 0.48672255873680115
client id= 0 ,round= 7 ,epoch= 1 ,client update iteration= 280 ,loss= 0.5575676560401917
client id= 0 ,round= 7 ,epoch= 1 ,client update iteration= 290 ,loss= 0.6604771614074707
client id= 0 ,round= 7 ,epoch= 1 ,client update iteration= 300 ,loss= 0.4248729348182678
client id= 0 ,round= 7 ,epoch= 1 ,client update iteration= 310 ,loss= 0.5718185901641846
client id= 0 ,round= 7 ,epoch= 1 ,client update iteration= 320 ,loss= 0.735833466053009
client id= 0 ,round= 7 ,epoch= 1 ,client update iteration= 330 ,loss= 0.6683048009872437
client id= 0 ,round= 7 ,epoch= 1 ,client update iteration= 340 ,loss= 0.4143623113632202
client id= 0 ,round= 7 ,epoch= 1 ,client update iteration= 350 ,loss= 0.5535065531730652
client id= 0 ,round= 7 ,epoch= 1 ,client update iteration= 360 ,loss= 0.691241979598999
client id= 0 ,round= 7 ,epoch= 1 ,client update iteration= 370 ,loss= 0.5037089586257935
client id= 0 ,round= 7 ,epoch= 1 ,client update iteration= 380 ,loss= 0.6390262246131897
client id= 0 ,round= 7 ,epoch= 1 ,client update iteration= 390 ,loss= 0.6058591604232788
******client id  1 ******
client_update start
client id= 1 ,round= 7 ,epoch= 1 ,client update iteration= 10 ,loss= 0.6478896737098694
client id= 1 ,round= 7 ,epoch= 1 ,client update iteration= 20 ,loss= 0.6684038639068604
client id= 1 ,round= 7 ,epoch= 1 ,client update iteration= 30 ,loss= 0.41905832290649414
client id= 1 ,round= 7 ,epoch= 1 ,client update iteration= 40 ,loss= 0.5864829421043396
client id= 1 ,round= 7 ,epoch= 1 ,client update iteration= 50 ,loss= 0.5978166460990906
client id= 1 ,round= 7 ,epoch= 1 ,client update iteration= 60 ,loss= 0.4122292697429657
client id= 1 ,round= 7 ,epoch= 1 ,client update iteration= 70 ,loss= 0.557121753692627
client id= 1 ,round= 7 ,epoch= 1 ,client update iteration= 80 ,loss= 0.6027442216873169
client id= 1 ,round= 7 ,epoch= 1 ,client update iteration= 90 ,loss= 0.47961869835853577
client id= 1 ,round= 7 ,epoch= 1 ,client update iteration= 100 ,loss= 0.8032357692718506
client id= 1 ,round= 7 ,epoch= 1 ,client update iteration= 110 ,loss= 0.7335144877433777
client id= 1 ,round= 7 ,epoch= 1 ,client update iteration= 120 ,loss= 0.4769759178161621
client id= 1 ,round= 7 ,epoch= 1 ,client update iteration= 130 ,loss= 0.6564021706581116
client id= 1 ,round= 7 ,epoch= 1 ,client update iteration= 140 ,loss= 0.4989051818847656
client id= 1 ,round= 7 ,epoch= 1 ,client update iteration= 150 ,loss= 0.8834287524223328
client id= 1 ,round= 7 ,epoch= 1 ,client update iteration= 160 ,loss= 0.7292349934577942
client id= 1 ,round= 7 ,epoch= 1 ,client update iteration= 170 ,loss= 0.7044276595115662
client id= 1 ,round= 7 ,epoch= 1 ,client update iteration= 180 ,loss= 0.6779318451881409
client id= 1 ,round= 7 ,epoch= 1 ,client update iteration= 190 ,loss= 0.6873751282691956
client id= 1 ,round= 7 ,epoch= 1 ,client update iteration= 200 ,loss= 0.5816676020622253
client id= 1 ,round= 7 ,epoch= 1 ,client update iteration= 210 ,loss= 0.47172537446022034
client id= 1 ,round= 7 ,epoch= 1 ,client update iteration= 220 ,loss= 0.5550181865692139
client id= 1 ,round= 7 ,epoch= 1 ,client update iteration= 230 ,loss= 0.5781281590461731
client id= 1 ,round= 7 ,epoch= 1 ,client update iteration= 240 ,loss= 0.2976790964603424
client id= 1 ,round= 7 ,epoch= 1 ,client update iteration= 250 ,loss= 0.54425048828125
client id= 1 ,round= 7 ,epoch= 1 ,client update iteration= 260 ,loss= 0.6785679459571838
client id= 1 ,round= 7 ,epoch= 1 ,client update iteration= 270 ,loss= 0.7066075205802917
client id= 1 ,round= 7 ,epoch= 1 ,client update iteration= 280 ,loss= 0.6884329319000244
client id= 1 ,round= 7 ,epoch= 1 ,client update iteration= 290 ,loss= 0.750884473323822
client id= 1 ,round= 7 ,epoch= 1 ,client update iteration= 300 ,loss= 0.6254266500473022
client id= 1 ,round= 7 ,epoch= 1 ,client update iteration= 310 ,loss= 0.42505577206611633
client id= 1 ,round= 7 ,epoch= 1 ,client update iteration= 320 ,loss= 0.7241117358207703
client id= 1 ,round= 7 ,epoch= 1 ,client update iteration= 330 ,loss= 0.5949782133102417
client id= 1 ,round= 7 ,epoch= 1 ,client update iteration= 340 ,loss= 0.7857352495193481
client id= 1 ,round= 7 ,epoch= 1 ,client update iteration= 350 ,loss= 0.5297213792800903
client id= 1 ,round= 7 ,epoch= 1 ,client update iteration= 360 ,loss= 0.6471190452575684
client id= 1 ,round= 7 ,epoch= 1 ,client update iteration= 370 ,loss= 0.5670771598815918
client id= 1 ,round= 7 ,epoch= 1 ,client update iteration= 380 ,loss= 0.5648726224899292
client id= 1 ,round= 7 ,epoch= 1 ,client update iteration= 390 ,loss= 0.5653696656227112
start add noise2021-06-28 19:30:12
start cal weight time2021-06-28 19:30:12
end cal weight time2021-06-28 19:30:12
layer= 0 ratio= 0.13588914036193384
layer= 1 ratio= 0.11903989197120443
layer= 2 ratio= 0.034262622154763354
layer= 3 ratio= 0.033892768576421636
layer= 4 ratio= 0.03518563313064646
layer= 5 ratio= 0.04432049852380734
layer= 6 ratio= 0.03396275883144795
layer= 7 ratio= 0.04206873136098619
layer= 8 ratio= 0.03247922726315994
layer= 9 ratio= 0.04109398186759049
layer= 10 ratio= 0.2297763333089328
layer= 11 ratio= 0.023752479653166427
layer= 12 ratio= 0.10374060644201284
layer= 13 ratio= 0.028724996610941453
layer= 14 ratio= 0.03143274261055591
layer= 15 ratio= 0.030377587332428967
end_add_noise_time2021-06-28 19:30:15
start add noise2021-06-28 19:30:15
start cal weight time2021-06-28 19:30:15
end cal weight time2021-06-28 19:30:15
layer= 0 ratio= 0.1357838019130068
layer= 1 ratio= 0.11976002414559743
layer= 2 ratio= 0.03422992356991768
layer= 3 ratio= 0.03413537159401898
layer= 4 ratio= 0.03516254386953427
layer= 5 ratio= 0.04412574778168141
layer= 6 ratio= 0.03394081101975487
layer= 7 ratio= 0.04226876746751527
layer= 8 ratio= 0.03238543016397565
layer= 9 ratio= 0.040658150232657904
layer= 10 ratio= 0.2296590369898704
layer= 11 ratio= 0.023619158255499394
layer= 12 ratio= 0.10368869596718508
layer= 13 ratio= 0.028935053730893914
layer= 14 ratio= 0.03136137239876575
layer= 15 ratio= 0.03028611090012508
end_add_noise_time2021-06-28 19:30:19
average train loss= 0.5708641575654145
2021-06-28 19:30:28,round 7,val Accuracy Top1: 79.100000 %
2021-06-28 19:30:28,round 7,val Accuracy Top5: 98.520000 %
******client id  0 ******
client_update start
client id= 0 ,round= 8 ,epoch= 1 ,client update iteration= 10 ,loss= 0.33520984649658203
client id= 0 ,round= 8 ,epoch= 1 ,client update iteration= 20 ,loss= 0.513160228729248
client id= 0 ,round= 8 ,epoch= 1 ,client update iteration= 30 ,loss= 0.4677610397338867
client id= 0 ,round= 8 ,epoch= 1 ,client update iteration= 40 ,loss= 0.448883593082428
client id= 0 ,round= 8 ,epoch= 1 ,client update iteration= 50 ,loss= 0.6448603272438049
client id= 0 ,round= 8 ,epoch= 1 ,client update iteration= 60 ,loss= 0.5436125993728638
client id= 0 ,round= 8 ,epoch= 1 ,client update iteration= 70 ,loss= 0.4315994381904602
client id= 0 ,round= 8 ,epoch= 1 ,client update iteration= 80 ,loss= 0.3337368369102478
client id= 0 ,round= 8 ,epoch= 1 ,client update iteration= 90 ,loss= 0.7165396809577942
client id= 0 ,round= 8 ,epoch= 1 ,client update iteration= 100 ,loss= 0.4363177716732025
client id= 0 ,round= 8 ,epoch= 1 ,client update iteration= 110 ,loss= 0.4580300748348236
client id= 0 ,round= 8 ,epoch= 1 ,client update iteration= 120 ,loss= 0.40755799412727356
client id= 0 ,round= 8 ,epoch= 1 ,client update iteration= 130 ,loss= 0.4248492121696472
client id= 0 ,round= 8 ,epoch= 1 ,client update iteration= 140 ,loss= 0.5012903213500977
client id= 0 ,round= 8 ,epoch= 1 ,client update iteration= 150 ,loss= 0.5964875817298889
client id= 0 ,round= 8 ,epoch= 1 ,client update iteration= 160 ,loss= 0.7906279563903809
client id= 0 ,round= 8 ,epoch= 1 ,client update iteration= 170 ,loss= 0.3307752311229706
client id= 0 ,round= 8 ,epoch= 1 ,client update iteration= 180 ,loss= 0.5887341499328613
client id= 0 ,round= 8 ,epoch= 1 ,client update iteration= 190 ,loss= 0.5835014581680298
client id= 0 ,round= 8 ,epoch= 1 ,client update iteration= 200 ,loss= 0.5539045333862305
client id= 0 ,round= 8 ,epoch= 1 ,client update iteration= 210 ,loss= 0.5200191140174866
client id= 0 ,round= 8 ,epoch= 1 ,client update iteration= 220 ,loss= 0.40926918387413025
client id= 0 ,round= 8 ,epoch= 1 ,client update iteration= 230 ,loss= 0.6624375581741333
client id= 0 ,round= 8 ,epoch= 1 ,client update iteration= 240 ,loss= 0.40163183212280273
client id= 0 ,round= 8 ,epoch= 1 ,client update iteration= 250 ,loss= 0.3872602581977844
client id= 0 ,round= 8 ,epoch= 1 ,client update iteration= 260 ,loss= 0.5847771763801575
client id= 0 ,round= 8 ,epoch= 1 ,client update iteration= 270 ,loss= 0.32299092411994934
client id= 0 ,round= 8 ,epoch= 1 ,client update iteration= 280 ,loss= 0.2990640699863434
client id= 0 ,round= 8 ,epoch= 1 ,client update iteration= 290 ,loss= 0.5912718772888184
client id= 0 ,round= 8 ,epoch= 1 ,client update iteration= 300 ,loss= 0.3182630240917206
client id= 0 ,round= 8 ,epoch= 1 ,client update iteration= 310 ,loss= 0.38596850633621216
client id= 0 ,round= 8 ,epoch= 1 ,client update iteration= 320 ,loss= 0.5087724924087524
client id= 0 ,round= 8 ,epoch= 1 ,client update iteration= 330 ,loss= 0.5902698636054993
client id= 0 ,round= 8 ,epoch= 1 ,client update iteration= 340 ,loss= 0.5546950697898865
client id= 0 ,round= 8 ,epoch= 1 ,client update iteration= 350 ,loss= 0.6225274801254272
client id= 0 ,round= 8 ,epoch= 1 ,client update iteration= 360 ,loss= 0.4746876060962677
client id= 0 ,round= 8 ,epoch= 1 ,client update iteration= 370 ,loss= 0.6315345764160156
client id= 0 ,round= 8 ,epoch= 1 ,client update iteration= 380 ,loss= 0.4808419942855835
client id= 0 ,round= 8 ,epoch= 1 ,client update iteration= 390 ,loss= 0.5090640187263489
******client id  1 ******
client_update start
client id= 1 ,round= 8 ,epoch= 1 ,client update iteration= 10 ,loss= 0.3320341408252716
client id= 1 ,round= 8 ,epoch= 1 ,client update iteration= 20 ,loss= 0.5107468366622925
client id= 1 ,round= 8 ,epoch= 1 ,client update iteration= 30 ,loss= 0.5562136769294739
client id= 1 ,round= 8 ,epoch= 1 ,client update iteration= 40 ,loss= 0.46782684326171875
client id= 1 ,round= 8 ,epoch= 1 ,client update iteration= 50 ,loss= 0.425883024930954
client id= 1 ,round= 8 ,epoch= 1 ,client update iteration= 60 ,loss= 0.436576783657074
client id= 1 ,round= 8 ,epoch= 1 ,client update iteration= 70 ,loss= 0.3559630513191223
client id= 1 ,round= 8 ,epoch= 1 ,client update iteration= 80 ,loss= 0.44769108295440674
client id= 1 ,round= 8 ,epoch= 1 ,client update iteration= 90 ,loss= 0.7272040247917175
client id= 1 ,round= 8 ,epoch= 1 ,client update iteration= 100 ,loss= 0.6135282516479492
client id= 1 ,round= 8 ,epoch= 1 ,client update iteration= 110 ,loss= 0.492567777633667
client id= 1 ,round= 8 ,epoch= 1 ,client update iteration= 120 ,loss= 0.4829908609390259
client id= 1 ,round= 8 ,epoch= 1 ,client update iteration= 130 ,loss= 0.49976080656051636
client id= 1 ,round= 8 ,epoch= 1 ,client update iteration= 140 ,loss= 0.5303369164466858
client id= 1 ,round= 8 ,epoch= 1 ,client update iteration= 150 ,loss= 0.5270262956619263
client id= 1 ,round= 8 ,epoch= 1 ,client update iteration= 160 ,loss= 0.4242696166038513
client id= 1 ,round= 8 ,epoch= 1 ,client update iteration= 170 ,loss= 0.6065076589584351
client id= 1 ,round= 8 ,epoch= 1 ,client update iteration= 180 ,loss= 0.55506432056427
client id= 1 ,round= 8 ,epoch= 1 ,client update iteration= 190 ,loss= 0.5546107292175293
client id= 1 ,round= 8 ,epoch= 1 ,client update iteration= 200 ,loss= 0.4662155508995056
client id= 1 ,round= 8 ,epoch= 1 ,client update iteration= 210 ,loss= 0.5318753123283386
client id= 1 ,round= 8 ,epoch= 1 ,client update iteration= 220 ,loss= 0.4837401211261749
client id= 1 ,round= 8 ,epoch= 1 ,client update iteration= 230 ,loss= 0.5291455388069153
client id= 1 ,round= 8 ,epoch= 1 ,client update iteration= 240 ,loss= 0.42874908447265625
client id= 1 ,round= 8 ,epoch= 1 ,client update iteration= 250 ,loss= 0.6114197969436646
client id= 1 ,round= 8 ,epoch= 1 ,client update iteration= 260 ,loss= 0.4729524254798889
client id= 1 ,round= 8 ,epoch= 1 ,client update iteration= 270 ,loss= 0.5562458634376526
client id= 1 ,round= 8 ,epoch= 1 ,client update iteration= 280 ,loss= 0.5921825766563416
client id= 1 ,round= 8 ,epoch= 1 ,client update iteration= 290 ,loss= 0.5280526876449585
client id= 1 ,round= 8 ,epoch= 1 ,client update iteration= 300 ,loss= 0.4207844138145447
client id= 1 ,round= 8 ,epoch= 1 ,client update iteration= 310 ,loss= 0.7261762619018555
client id= 1 ,round= 8 ,epoch= 1 ,client update iteration= 320 ,loss= 0.427443265914917
client id= 1 ,round= 8 ,epoch= 1 ,client update iteration= 330 ,loss= 0.4901183843612671
client id= 1 ,round= 8 ,epoch= 1 ,client update iteration= 340 ,loss= 0.6133747696876526
client id= 1 ,round= 8 ,epoch= 1 ,client update iteration= 350 ,loss= 0.4419914782047272
client id= 1 ,round= 8 ,epoch= 1 ,client update iteration= 360 ,loss= 0.4696349799633026
client id= 1 ,round= 8 ,epoch= 1 ,client update iteration= 370 ,loss= 0.3822920620441437
client id= 1 ,round= 8 ,epoch= 1 ,client update iteration= 380 ,loss= 0.5830373764038086
client id= 1 ,round= 8 ,epoch= 1 ,client update iteration= 390 ,loss= 0.4163206219673157
start add noise2021-06-28 19:32:53
start cal weight time2021-06-28 19:32:53
end cal weight time2021-06-28 19:32:53
layer= 0 ratio= 0.12988330450866636
layer= 1 ratio= 0.11188759981285386
layer= 2 ratio= 0.03337003965647633
layer= 3 ratio= 0.03283621304207968
layer= 4 ratio= 0.03435808474817575
layer= 5 ratio= 0.043302439592921745
layer= 6 ratio= 0.0336957521401553
layer= 7 ratio= 0.04124457145750949
layer= 8 ratio= 0.031933589514630475
layer= 9 ratio= 0.039455911067310036
layer= 10 ratio= 0.24469299593854693
layer= 11 ratio= 0.023240444409074818
layer= 12 ratio= 0.11050495527224861
layer= 13 ratio= 0.027986369881939192
layer= 14 ratio= 0.030983618503509128
layer= 15 ratio= 0.030624110453902374
end_add_noise_time2021-06-28 19:32:56
start add noise2021-06-28 19:32:56
start cal weight time2021-06-28 19:32:56
end cal weight time2021-06-28 19:32:56
layer= 0 ratio= 0.12997984781055266
layer= 1 ratio= 0.11249170198540749
layer= 2 ratio= 0.033427901070561754
layer= 3 ratio= 0.032859945134431544
layer= 4 ratio= 0.03438055382127737
layer= 5 ratio= 0.04306577995883904
layer= 6 ratio= 0.03369937463797985
layer= 7 ratio= 0.04129007350082328
layer= 8 ratio= 0.03191438804850555
layer= 9 ratio= 0.03938966710281654
layer= 10 ratio= 0.2449225044929548
layer= 11 ratio= 0.023318229034126454
layer= 12 ratio= 0.11060373292572014
layer= 13 ratio= 0.027801618472699807
layer= 14 ratio= 0.03100322407916789
layer= 15 ratio= 0.029851457924135932
end_add_noise_time2021-06-28 19:33:00
average train loss= 0.5091712814386543
2021-06-28 19:33:09,round 8,val Accuracy Top1: 79.970000 %
2021-06-28 19:33:09,round 8,val Accuracy Top5: 98.720000 %
******client id  0 ******
client_update start
client id= 0 ,round= 9 ,epoch= 1 ,client update iteration= 10 ,loss= 0.5087229013442993
client id= 0 ,round= 9 ,epoch= 1 ,client update iteration= 20 ,loss= 0.44113579392433167
client id= 0 ,round= 9 ,epoch= 1 ,client update iteration= 30 ,loss= 0.538733184337616
client id= 0 ,round= 9 ,epoch= 1 ,client update iteration= 40 ,loss= 0.32389020919799805
client id= 0 ,round= 9 ,epoch= 1 ,client update iteration= 50 ,loss= 0.5897228121757507
client id= 0 ,round= 9 ,epoch= 1 ,client update iteration= 60 ,loss= 0.5323042273521423
client id= 0 ,round= 9 ,epoch= 1 ,client update iteration= 70 ,loss= 0.5397260785102844
client id= 0 ,round= 9 ,epoch= 1 ,client update iteration= 80 ,loss= 0.6397768259048462
client id= 0 ,round= 9 ,epoch= 1 ,client update iteration= 90 ,loss= 0.38697007298469543
client id= 0 ,round= 9 ,epoch= 1 ,client update iteration= 100 ,loss= 0.38394489884376526
client id= 0 ,round= 9 ,epoch= 1 ,client update iteration= 110 ,loss= 0.36432433128356934
client id= 0 ,round= 9 ,epoch= 1 ,client update iteration= 120 ,loss= 0.6011699438095093
client id= 0 ,round= 9 ,epoch= 1 ,client update iteration= 130 ,loss= 0.25184401869773865
client id= 0 ,round= 9 ,epoch= 1 ,client update iteration= 140 ,loss= 0.31530702114105225
client id= 0 ,round= 9 ,epoch= 1 ,client update iteration= 150 ,loss= 0.4021438956260681
client id= 0 ,round= 9 ,epoch= 1 ,client update iteration= 160 ,loss= 0.47310498356819153
client id= 0 ,round= 9 ,epoch= 1 ,client update iteration= 170 ,loss= 0.46184271574020386
client id= 0 ,round= 9 ,epoch= 1 ,client update iteration= 180 ,loss= 0.5585594177246094
client id= 0 ,round= 9 ,epoch= 1 ,client update iteration= 190 ,loss= 0.6374884843826294
client id= 0 ,round= 9 ,epoch= 1 ,client update iteration= 200 ,loss= 0.3383866548538208
client id= 0 ,round= 9 ,epoch= 1 ,client update iteration= 210 ,loss= 0.517153263092041
client id= 0 ,round= 9 ,epoch= 1 ,client update iteration= 220 ,loss= 0.6432147026062012
client id= 0 ,round= 9 ,epoch= 1 ,client update iteration= 230 ,loss= 0.4599745571613312
client id= 0 ,round= 9 ,epoch= 1 ,client update iteration= 240 ,loss= 0.4830623269081116
client id= 0 ,round= 9 ,epoch= 1 ,client update iteration= 250 ,loss= 0.3739651143550873
client id= 0 ,round= 9 ,epoch= 1 ,client update iteration= 260 ,loss= 0.5675935745239258
client id= 0 ,round= 9 ,epoch= 1 ,client update iteration= 270 ,loss= 0.5634737014770508
client id= 0 ,round= 9 ,epoch= 1 ,client update iteration= 280 ,loss= 0.39785343408584595
client id= 0 ,round= 9 ,epoch= 1 ,client update iteration= 290 ,loss= 0.646824836730957
client id= 0 ,round= 9 ,epoch= 1 ,client update iteration= 300 ,loss= 0.5670206546783447
client id= 0 ,round= 9 ,epoch= 1 ,client update iteration= 310 ,loss= 0.3154408633708954
client id= 0 ,round= 9 ,epoch= 1 ,client update iteration= 320 ,loss= 0.4584081172943115
client id= 0 ,round= 9 ,epoch= 1 ,client update iteration= 330 ,loss= 0.3413894772529602
client id= 0 ,round= 9 ,epoch= 1 ,client update iteration= 340 ,loss= 0.5344856977462769
client id= 0 ,round= 9 ,epoch= 1 ,client update iteration= 350 ,loss= 0.7266445755958557
client id= 0 ,round= 9 ,epoch= 1 ,client update iteration= 360 ,loss= 0.5043096542358398
client id= 0 ,round= 9 ,epoch= 1 ,client update iteration= 370 ,loss= 0.639301598072052
client id= 0 ,round= 9 ,epoch= 1 ,client update iteration= 380 ,loss= 0.2538903057575226
client id= 0 ,round= 9 ,epoch= 1 ,client update iteration= 390 ,loss= 0.5586212873458862
******client id  1 ******
client_update start
client id= 1 ,round= 9 ,epoch= 1 ,client update iteration= 10 ,loss= 0.4781481623649597
client id= 1 ,round= 9 ,epoch= 1 ,client update iteration= 20 ,loss= 0.4600013196468353
client id= 1 ,round= 9 ,epoch= 1 ,client update iteration= 30 ,loss= 0.5401347875595093
client id= 1 ,round= 9 ,epoch= 1 ,client update iteration= 40 ,loss= 0.35793906450271606
client id= 1 ,round= 9 ,epoch= 1 ,client update iteration= 50 ,loss= 0.5822399854660034
client id= 1 ,round= 9 ,epoch= 1 ,client update iteration= 60 ,loss= 0.4084556996822357
client id= 1 ,round= 9 ,epoch= 1 ,client update iteration= 70 ,loss= 0.41013967990875244
client id= 1 ,round= 9 ,epoch= 1 ,client update iteration= 80 ,loss= 0.3738551139831543
client id= 1 ,round= 9 ,epoch= 1 ,client update iteration= 90 ,loss= 0.4455544352531433
client id= 1 ,round= 9 ,epoch= 1 ,client update iteration= 100 ,loss= 0.37280288338661194
client id= 1 ,round= 9 ,epoch= 1 ,client update iteration= 110 ,loss= 0.5354853272438049
client id= 1 ,round= 9 ,epoch= 1 ,client update iteration= 120 ,loss= 0.5163004398345947
client id= 1 ,round= 9 ,epoch= 1 ,client update iteration= 130 ,loss= 0.49396950006484985
client id= 1 ,round= 9 ,epoch= 1 ,client update iteration= 140 ,loss= 0.357761025428772
client id= 1 ,round= 9 ,epoch= 1 ,client update iteration= 150 ,loss= 0.5091754794120789
client id= 1 ,round= 9 ,epoch= 1 ,client update iteration= 160 ,loss= 0.48035678267478943
client id= 1 ,round= 9 ,epoch= 1 ,client update iteration= 170 ,loss= 0.46936142444610596
client id= 1 ,round= 9 ,epoch= 1 ,client update iteration= 180 ,loss= 0.41463175415992737
client id= 1 ,round= 9 ,epoch= 1 ,client update iteration= 190 ,loss= 0.5477772355079651
client id= 1 ,round= 9 ,epoch= 1 ,client update iteration= 200 ,loss= 0.5322418808937073
client id= 1 ,round= 9 ,epoch= 1 ,client update iteration= 210 ,loss= 0.5029579997062683
client id= 1 ,round= 9 ,epoch= 1 ,client update iteration= 220 ,loss= 0.5851384997367859
client id= 1 ,round= 9 ,epoch= 1 ,client update iteration= 230 ,loss= 0.3493056893348694
client id= 1 ,round= 9 ,epoch= 1 ,client update iteration= 240 ,loss= 0.59687739610672
client id= 1 ,round= 9 ,epoch= 1 ,client update iteration= 250 ,loss= 0.3253345489501953
client id= 1 ,round= 9 ,epoch= 1 ,client update iteration= 260 ,loss= 0.5891110301017761
client id= 1 ,round= 9 ,epoch= 1 ,client update iteration= 270 ,loss= 0.4580621123313904
client id= 1 ,round= 9 ,epoch= 1 ,client update iteration= 280 ,loss= 0.4279860556125641
client id= 1 ,round= 9 ,epoch= 1 ,client update iteration= 290 ,loss= 0.4983355700969696
client id= 1 ,round= 9 ,epoch= 1 ,client update iteration= 300 ,loss= 0.4534149169921875
client id= 1 ,round= 9 ,epoch= 1 ,client update iteration= 310 ,loss= 0.5873268842697144
client id= 1 ,round= 9 ,epoch= 1 ,client update iteration= 320 ,loss= 0.47475653886795044
client id= 1 ,round= 9 ,epoch= 1 ,client update iteration= 330 ,loss= 0.6013443470001221
client id= 1 ,round= 9 ,epoch= 1 ,client update iteration= 340 ,loss= 0.556647777557373
client id= 1 ,round= 9 ,epoch= 1 ,client update iteration= 350 ,loss= 0.4217177927494049
client id= 1 ,round= 9 ,epoch= 1 ,client update iteration= 360 ,loss= 0.5000660419464111
client id= 1 ,round= 9 ,epoch= 1 ,client update iteration= 370 ,loss= 0.45698216557502747
client id= 1 ,round= 9 ,epoch= 1 ,client update iteration= 380 ,loss= 0.38882166147232056
client id= 1 ,round= 9 ,epoch= 1 ,client update iteration= 390 ,loss= 0.4999445676803589
start add noise2021-06-28 19:35:34
start cal weight time2021-06-28 19:35:34
end cal weight time2021-06-28 19:35:34
layer= 0 ratio= 0.12487454147404835
layer= 1 ratio= 0.10604935249594351
layer= 2 ratio= 0.032711801252657866
layer= 3 ratio= 0.03170252094387197
layer= 4 ratio= 0.03372453214715338
layer= 5 ratio= 0.04229527110265475
layer= 6 ratio= 0.03357847182909427
layer= 7 ratio= 0.040370937872385264
layer= 8 ratio= 0.03146424799569189
layer= 9 ratio= 0.038018155233955575
layer= 10 ratio= 0.25845499742357664
layer= 11 ratio= 0.022810579109654103
layer= 12 ratio= 0.11680593233799695
layer= 13 ratio= 0.02695110035179543
layer= 14 ratio= 0.03064358457922962
layer= 15 ratio= 0.02954397385029044
end_add_noise_time2021-06-28 19:35:37
start add noise2021-06-28 19:35:37
start cal weight time2021-06-28 19:35:37
end cal weight time2021-06-28 19:35:37
layer= 0 ratio= 0.12483599672793062
layer= 1 ratio= 0.10594340943829253
layer= 2 ratio= 0.032722380011131966
layer= 3 ratio= 0.031858352190859585
layer= 4 ratio= 0.033724955561609676
layer= 5 ratio= 0.04180448775335391
layer= 6 ratio= 0.0335274091206831
layer= 7 ratio= 0.040314093462095496
layer= 8 ratio= 0.03143490015769414
layer= 9 ratio= 0.0382833172326127
layer= 10 ratio= 0.2583657343272868
layer= 11 ratio= 0.02290251750412201
layer= 12 ratio= 0.11676571358708134
layer= 13 ratio= 0.027177889868886793
layer= 14 ratio= 0.03055207182780002
layer= 15 ratio= 0.029786771228559186
end_add_noise_time2021-06-28 19:35:41
average train loss= 0.461233328179935
2021-06-28 19:35:50,round 9,val Accuracy Top1: 80.880000 %
2021-06-28 19:35:50,round 9,val Accuracy Top5: 98.750000 %
******client id  0 ******
client_update start
client id= 0 ,round= 10 ,epoch= 1 ,client update iteration= 10 ,loss= 0.5737779140472412
client id= 0 ,round= 10 ,epoch= 1 ,client update iteration= 20 ,loss= 0.44350284337997437
client id= 0 ,round= 10 ,epoch= 1 ,client update iteration= 30 ,loss= 0.3355320990085602
client id= 0 ,round= 10 ,epoch= 1 ,client update iteration= 40 ,loss= 0.3938922584056854
client id= 0 ,round= 10 ,epoch= 1 ,client update iteration= 50 ,loss= 0.4615500271320343
client id= 0 ,round= 10 ,epoch= 1 ,client update iteration= 60 ,loss= 0.49416661262512207
client id= 0 ,round= 10 ,epoch= 1 ,client update iteration= 70 ,loss= 0.4457715153694153
client id= 0 ,round= 10 ,epoch= 1 ,client update iteration= 80 ,loss= 0.5066531300544739
client id= 0 ,round= 10 ,epoch= 1 ,client update iteration= 90 ,loss= 0.2936883866786957
client id= 0 ,round= 10 ,epoch= 1 ,client update iteration= 100 ,loss= 0.3496914803981781
client id= 0 ,round= 10 ,epoch= 1 ,client update iteration= 110 ,loss= 0.45398274064064026
client id= 0 ,round= 10 ,epoch= 1 ,client update iteration= 120 ,loss= 0.2561594843864441
client id= 0 ,round= 10 ,epoch= 1 ,client update iteration= 130 ,loss= 0.2554371654987335
client id= 0 ,round= 10 ,epoch= 1 ,client update iteration= 140 ,loss= 0.24669869244098663
client id= 0 ,round= 10 ,epoch= 1 ,client update iteration= 150 ,loss= 0.5272418856620789
client id= 0 ,round= 10 ,epoch= 1 ,client update iteration= 160 ,loss= 0.5552570819854736
client id= 0 ,round= 10 ,epoch= 1 ,client update iteration= 170 ,loss= 0.5863708257675171
client id= 0 ,round= 10 ,epoch= 1 ,client update iteration= 180 ,loss= 0.36236435174942017
client id= 0 ,round= 10 ,epoch= 1 ,client update iteration= 190 ,loss= 0.37288105487823486
client id= 0 ,round= 10 ,epoch= 1 ,client update iteration= 200 ,loss= 0.32365572452545166
client id= 0 ,round= 10 ,epoch= 1 ,client update iteration= 210 ,loss= 0.3913200795650482
client id= 0 ,round= 10 ,epoch= 1 ,client update iteration= 220 ,loss= 0.4878535568714142
client id= 0 ,round= 10 ,epoch= 1 ,client update iteration= 230 ,loss= 0.41120976209640503
client id= 0 ,round= 10 ,epoch= 1 ,client update iteration= 240 ,loss= 0.32115912437438965
client id= 0 ,round= 10 ,epoch= 1 ,client update iteration= 250 ,loss= 0.32699599862098694
client id= 0 ,round= 10 ,epoch= 1 ,client update iteration= 260 ,loss= 0.38594016432762146
client id= 0 ,round= 10 ,epoch= 1 ,client update iteration= 270 ,loss= 0.5350000858306885
client id= 0 ,round= 10 ,epoch= 1 ,client update iteration= 280 ,loss= 0.316625714302063
client id= 0 ,round= 10 ,epoch= 1 ,client update iteration= 290 ,loss= 0.352491557598114
client id= 0 ,round= 10 ,epoch= 1 ,client update iteration= 300 ,loss= 0.5488535165786743
client id= 0 ,round= 10 ,epoch= 1 ,client update iteration= 310 ,loss= 0.4416504502296448
client id= 0 ,round= 10 ,epoch= 1 ,client update iteration= 320 ,loss= 0.4184376299381256
client id= 0 ,round= 10 ,epoch= 1 ,client update iteration= 330 ,loss= 0.3121224641799927
client id= 0 ,round= 10 ,epoch= 1 ,client update iteration= 340 ,loss= 0.46283483505249023
client id= 0 ,round= 10 ,epoch= 1 ,client update iteration= 350 ,loss= 0.35419100522994995
client id= 0 ,round= 10 ,epoch= 1 ,client update iteration= 360 ,loss= 0.5190854668617249
client id= 0 ,round= 10 ,epoch= 1 ,client update iteration= 370 ,loss= 0.44550180435180664
client id= 0 ,round= 10 ,epoch= 1 ,client update iteration= 380 ,loss= 0.418404221534729
client id= 0 ,round= 10 ,epoch= 1 ,client update iteration= 390 ,loss= 0.29130128026008606
******client id  1 ******
client_update start
client id= 1 ,round= 10 ,epoch= 1 ,client update iteration= 10 ,loss= 0.48029825091362
client id= 1 ,round= 10 ,epoch= 1 ,client update iteration= 20 ,loss= 0.5156600475311279
client id= 1 ,round= 10 ,epoch= 1 ,client update iteration= 30 ,loss= 0.41457894444465637
client id= 1 ,round= 10 ,epoch= 1 ,client update iteration= 40 ,loss= 0.3703746795654297
client id= 1 ,round= 10 ,epoch= 1 ,client update iteration= 50 ,loss= 0.42924371361732483
client id= 1 ,round= 10 ,epoch= 1 ,client update iteration= 60 ,loss= 0.3742072880268097
client id= 1 ,round= 10 ,epoch= 1 ,client update iteration= 70 ,loss= 0.329391747713089
client id= 1 ,round= 10 ,epoch= 1 ,client update iteration= 80 ,loss= 0.29093265533447266
client id= 1 ,round= 10 ,epoch= 1 ,client update iteration= 90 ,loss= 0.328008234500885
client id= 1 ,round= 10 ,epoch= 1 ,client update iteration= 100 ,loss= 0.4008387327194214
client id= 1 ,round= 10 ,epoch= 1 ,client update iteration= 110 ,loss= 0.5096073746681213
client id= 1 ,round= 10 ,epoch= 1 ,client update iteration= 120 ,loss= 0.35441797971725464
client id= 1 ,round= 10 ,epoch= 1 ,client update iteration= 130 ,loss= 0.40137338638305664
client id= 1 ,round= 10 ,epoch= 1 ,client update iteration= 140 ,loss= 0.25015267729759216
client id= 1 ,round= 10 ,epoch= 1 ,client update iteration= 150 ,loss= 0.30625367164611816
client id= 1 ,round= 10 ,epoch= 1 ,client update iteration= 160 ,loss= 0.5127886533737183
client id= 1 ,round= 10 ,epoch= 1 ,client update iteration= 170 ,loss= 0.3514762222766876
client id= 1 ,round= 10 ,epoch= 1 ,client update iteration= 180 ,loss= 0.2780389189720154
client id= 1 ,round= 10 ,epoch= 1 ,client update iteration= 190 ,loss= 0.2668336033821106
client id= 1 ,round= 10 ,epoch= 1 ,client update iteration= 200 ,loss= 0.5149035453796387
client id= 1 ,round= 10 ,epoch= 1 ,client update iteration= 210 ,loss= 0.42181339859962463
client id= 1 ,round= 10 ,epoch= 1 ,client update iteration= 220 ,loss= 0.4719412922859192
client id= 1 ,round= 10 ,epoch= 1 ,client update iteration= 230 ,loss= 0.42997515201568604
client id= 1 ,round= 10 ,epoch= 1 ,client update iteration= 240 ,loss= 0.35105645656585693
client id= 1 ,round= 10 ,epoch= 1 ,client update iteration= 250 ,loss= 0.6118276119232178
client id= 1 ,round= 10 ,epoch= 1 ,client update iteration= 260 ,loss= 0.4039745330810547
client id= 1 ,round= 10 ,epoch= 1 ,client update iteration= 270 ,loss= 0.3932025134563446
client id= 1 ,round= 10 ,epoch= 1 ,client update iteration= 280 ,loss= 0.35146212577819824
client id= 1 ,round= 10 ,epoch= 1 ,client update iteration= 290 ,loss= 0.4932498037815094
client id= 1 ,round= 10 ,epoch= 1 ,client update iteration= 300 ,loss= 0.4232890009880066
client id= 1 ,round= 10 ,epoch= 1 ,client update iteration= 310 ,loss= 0.31112515926361084
client id= 1 ,round= 10 ,epoch= 1 ,client update iteration= 320 ,loss= 0.544697105884552
client id= 1 ,round= 10 ,epoch= 1 ,client update iteration= 330 ,loss= 0.502995491027832
client id= 1 ,round= 10 ,epoch= 1 ,client update iteration= 340 ,loss= 0.41545215249061584
client id= 1 ,round= 10 ,epoch= 1 ,client update iteration= 350 ,loss= 0.23586854338645935
client id= 1 ,round= 10 ,epoch= 1 ,client update iteration= 360 ,loss= 0.31088462471961975
client id= 1 ,round= 10 ,epoch= 1 ,client update iteration= 370 ,loss= 0.3308771252632141
client id= 1 ,round= 10 ,epoch= 1 ,client update iteration= 380 ,loss= 0.5350695252418518
client id= 1 ,round= 10 ,epoch= 1 ,client update iteration= 390 ,loss= 0.31435447931289673
start add noise2021-06-28 19:38:15
start cal weight time2021-06-28 19:38:15
end cal weight time2021-06-28 19:38:15
layer= 0 ratio= 0.12062769607338525
layer= 1 ratio= 0.10125953338731299
layer= 2 ratio= 0.03219929537761838
layer= 3 ratio= 0.031117315352580877
layer= 4 ratio= 0.033252870887324246
layer= 5 ratio= 0.04150915265979148
layer= 6 ratio= 0.03345166984137743
layer= 7 ratio= 0.03928610491717603
layer= 8 ratio= 0.0310732118520844
layer= 9 ratio= 0.036687286946199354
layer= 10 ratio= 0.26932362029155044
layer= 11 ratio= 0.022355929738379313
layer= 12 ratio= 0.12223350343911511
layer= 13 ratio= 0.02630396800114636
layer= 14 ratio= 0.030363547699085978
layer= 15 ratio= 0.028955293535872378
end_add_noise_time2021-06-28 19:38:19
start add noise2021-06-28 19:38:19
start cal weight time2021-06-28 19:38:19
end cal weight time2021-06-28 19:38:19
layer= 0 ratio= 0.12050960676101335
layer= 1 ratio= 0.10157759036763102
layer= 2 ratio= 0.032164243285770173
layer= 3 ratio= 0.030826992351232194
layer= 4 ratio= 0.033211596807890986
layer= 5 ratio= 0.04151627088166711
layer= 6 ratio= 0.033445672489257304
layer= 7 ratio= 0.03924048990811697
layer= 8 ratio= 0.031028277621314868
layer= 9 ratio= 0.03700007238920953
layer= 10 ratio= 0.2690457375643644
layer= 11 ratio= 0.02240877997272277
layer= 12 ratio= 0.12212022865826627
layer= 13 ratio= 0.026438728289309196
layer= 14 ratio= 0.030305023542583638
layer= 15 ratio= 0.029160689109650334
end_add_noise_time2021-06-28 19:38:22
average train loss= 0.4044072608584943
2021-06-28 19:38:31,round 10,val Accuracy Top1: 81.720000 %
2021-06-28 19:38:31,round 10,val Accuracy Top5: 98.810000 %
