type sample_L1
pb 5000000.0
clip_bound 20.0
log_path log/Alexnet/0/sample_L1/True
train_data data
test_data data
batch_size 64
test_batch_size 64
lr 0.0002
momentum 0.5
no_cuda False
seed 1
log_interval 1
privacy_delta 1e-06
sample_num 500
islog True
is_ratio_list True
num_clients 2
num_rounds 10
epochs 1
ratio_type 0
按照权重分配eps
权重越大,eps越大,噪声越小
device cuda
loading data
load data done
AlexNet(
  (conv1): Sequential(
    (0): Conv2d(3, 96, kernel_size=(6, 6), stride=(1, 1))
    (1): ReLU()
  )
  (conv2): Sequential(
    (0): Conv2d(96, 256, kernel_size=(5, 5), stride=(1, 1), padding=(2, 2))
    (1): ReLU()
    (2): MaxPool2d(kernel_size=3, stride=2, padding=0, dilation=1, ceil_mode=False)
  )
  (conv3): Sequential(
    (0): Conv2d(256, 384, kernel_size=(3, 3), stride=(1, 1), padding=(1, 1))
    (1): ReLU()
  )
  (conv4): Sequential(
    (0): Conv2d(384, 384, kernel_size=(3, 3), stride=(1, 1), padding=(1, 1))
    (1): ReLU()
  )
  (conv5): Sequential(
    (0): Conv2d(384, 256, kernel_size=(3, 3), stride=(1, 1), padding=(1, 1))
    (1): ReLU()
    (2): MaxPool2d(kernel_size=3, stride=2, padding=0, dilation=1, ceil_mode=False)
  )
  (dense): Sequential(
    (0): Linear(in_features=9216, out_features=4096, bias=True)
    (1): ReLU()
    (2): Dropout(p=0.5, inplace=False)
    (3): Linear(in_features=4096, out_features=4096, bias=True)
    (4): ReLU()
    (5): Dropout(p=0.5, inplace=False)
    (6): Linear(in_features=4096, out_features=10, bias=True)
  )
)
********start training********
******client id  0 ******
client_update start
client id= 0 ,round= 1 ,epoch= 1 ,client update iteration= 10 ,loss= 2.2883851528167725
client id= 0 ,round= 1 ,epoch= 1 ,client update iteration= 20 ,loss= 2.192542314529419
client id= 0 ,round= 1 ,epoch= 1 ,client update iteration= 30 ,loss= 2.010798692703247
client id= 0 ,round= 1 ,epoch= 1 ,client update iteration= 40 ,loss= 2.1896049976348877
client id= 0 ,round= 1 ,epoch= 1 ,client update iteration= 50 ,loss= 2.073101043701172
client id= 0 ,round= 1 ,epoch= 1 ,client update iteration= 60 ,loss= 2.1764612197875977
client id= 0 ,round= 1 ,epoch= 1 ,client update iteration= 70 ,loss= 2.071899175643921
client id= 0 ,round= 1 ,epoch= 1 ,client update iteration= 80 ,loss= 2.0319528579711914
client id= 0 ,round= 1 ,epoch= 1 ,client update iteration= 90 ,loss= 1.826407551765442
client id= 0 ,round= 1 ,epoch= 1 ,client update iteration= 100 ,loss= 1.7938475608825684
client id= 0 ,round= 1 ,epoch= 1 ,client update iteration= 110 ,loss= 1.852423071861267
client id= 0 ,round= 1 ,epoch= 1 ,client update iteration= 120 ,loss= 1.8762612342834473
client id= 0 ,round= 1 ,epoch= 1 ,client update iteration= 130 ,loss= 1.7876214981079102
client id= 0 ,round= 1 ,epoch= 1 ,client update iteration= 140 ,loss= 1.776808738708496
client id= 0 ,round= 1 ,epoch= 1 ,client update iteration= 150 ,loss= 1.7010623216629028
client id= 0 ,round= 1 ,epoch= 1 ,client update iteration= 160 ,loss= 1.820892572402954
client id= 0 ,round= 1 ,epoch= 1 ,client update iteration= 170 ,loss= 1.764535903930664
client id= 0 ,round= 1 ,epoch= 1 ,client update iteration= 180 ,loss= 1.703359842300415
client id= 0 ,round= 1 ,epoch= 1 ,client update iteration= 190 ,loss= 1.5376662015914917
client id= 0 ,round= 1 ,epoch= 1 ,client update iteration= 200 ,loss= 1.6324337720870972
client id= 0 ,round= 1 ,epoch= 1 ,client update iteration= 210 ,loss= 1.611588954925537
client id= 0 ,round= 1 ,epoch= 1 ,client update iteration= 220 ,loss= 1.5756713151931763
client id= 0 ,round= 1 ,epoch= 1 ,client update iteration= 230 ,loss= 1.490719199180603
client id= 0 ,round= 1 ,epoch= 1 ,client update iteration= 240 ,loss= 1.6857407093048096
client id= 0 ,round= 1 ,epoch= 1 ,client update iteration= 250 ,loss= 1.5971465110778809
client id= 0 ,round= 1 ,epoch= 1 ,client update iteration= 260 ,loss= 1.4930729866027832
client id= 0 ,round= 1 ,epoch= 1 ,client update iteration= 270 ,loss= 1.5278822183609009
client id= 0 ,round= 1 ,epoch= 1 ,client update iteration= 280 ,loss= 1.7298855781555176
client id= 0 ,round= 1 ,epoch= 1 ,client update iteration= 290 ,loss= 1.5024969577789307
client id= 0 ,round= 1 ,epoch= 1 ,client update iteration= 300 ,loss= 1.5830662250518799
client id= 0 ,round= 1 ,epoch= 1 ,client update iteration= 310 ,loss= 1.3576737642288208
client id= 0 ,round= 1 ,epoch= 1 ,client update iteration= 320 ,loss= 1.5252288579940796
client id= 0 ,round= 1 ,epoch= 1 ,client update iteration= 330 ,loss= 1.4670990705490112
client id= 0 ,round= 1 ,epoch= 1 ,client update iteration= 340 ,loss= 1.5099003314971924
client id= 0 ,round= 1 ,epoch= 1 ,client update iteration= 350 ,loss= 1.4193774461746216
client id= 0 ,round= 1 ,epoch= 1 ,client update iteration= 360 ,loss= 1.5822861194610596
client id= 0 ,round= 1 ,epoch= 1 ,client update iteration= 370 ,loss= 1.3410630226135254
client id= 0 ,round= 1 ,epoch= 1 ,client update iteration= 380 ,loss= 1.3003886938095093
client id= 0 ,round= 1 ,epoch= 1 ,client update iteration= 390 ,loss= 1.4772001504898071
******client id  1 ******
client_update start
client id= 1 ,round= 1 ,epoch= 1 ,client update iteration= 10 ,loss= 2.2628636360168457
client id= 1 ,round= 1 ,epoch= 1 ,client update iteration= 20 ,loss= 2.149840831756592
client id= 1 ,round= 1 ,epoch= 1 ,client update iteration= 30 ,loss= 2.1846323013305664
client id= 1 ,round= 1 ,epoch= 1 ,client update iteration= 40 ,loss= 2.08371639251709
client id= 1 ,round= 1 ,epoch= 1 ,client update iteration= 50 ,loss= 2.076724052429199
client id= 1 ,round= 1 ,epoch= 1 ,client update iteration= 60 ,loss= 1.8831164836883545
client id= 1 ,round= 1 ,epoch= 1 ,client update iteration= 70 ,loss= 1.7385480403900146
client id= 1 ,round= 1 ,epoch= 1 ,client update iteration= 80 ,loss= 1.8346202373504639
client id= 1 ,round= 1 ,epoch= 1 ,client update iteration= 90 ,loss= 1.753391146659851
client id= 1 ,round= 1 ,epoch= 1 ,client update iteration= 100 ,loss= 1.772234320640564
client id= 1 ,round= 1 ,epoch= 1 ,client update iteration= 110 ,loss= 1.6555179357528687
client id= 1 ,round= 1 ,epoch= 1 ,client update iteration= 120 ,loss= 1.7772585153579712
client id= 1 ,round= 1 ,epoch= 1 ,client update iteration= 130 ,loss= 1.7601709365844727
client id= 1 ,round= 1 ,epoch= 1 ,client update iteration= 140 ,loss= 1.9058738946914673
client id= 1 ,round= 1 ,epoch= 1 ,client update iteration= 150 ,loss= 1.9407167434692383
client id= 1 ,round= 1 ,epoch= 1 ,client update iteration= 160 ,loss= 1.6631454229354858
client id= 1 ,round= 1 ,epoch= 1 ,client update iteration= 170 ,loss= 1.715720295906067
client id= 1 ,round= 1 ,epoch= 1 ,client update iteration= 180 ,loss= 1.6022778749465942
client id= 1 ,round= 1 ,epoch= 1 ,client update iteration= 190 ,loss= 1.6915391683578491
client id= 1 ,round= 1 ,epoch= 1 ,client update iteration= 200 ,loss= 1.6130775213241577
client id= 1 ,round= 1 ,epoch= 1 ,client update iteration= 210 ,loss= 1.6098048686981201
client id= 1 ,round= 1 ,epoch= 1 ,client update iteration= 220 ,loss= 1.5080182552337646
client id= 1 ,round= 1 ,epoch= 1 ,client update iteration= 230 ,loss= 1.7304354906082153
client id= 1 ,round= 1 ,epoch= 1 ,client update iteration= 240 ,loss= 1.420095682144165
client id= 1 ,round= 1 ,epoch= 1 ,client update iteration= 250 ,loss= 1.5594698190689087
client id= 1 ,round= 1 ,epoch= 1 ,client update iteration= 260 ,loss= 1.4543381929397583
client id= 1 ,round= 1 ,epoch= 1 ,client update iteration= 270 ,loss= 1.501225471496582
client id= 1 ,round= 1 ,epoch= 1 ,client update iteration= 280 ,loss= 1.4817891120910645
client id= 1 ,round= 1 ,epoch= 1 ,client update iteration= 290 ,loss= 1.5608717203140259
client id= 1 ,round= 1 ,epoch= 1 ,client update iteration= 300 ,loss= 1.5030996799468994
client id= 1 ,round= 1 ,epoch= 1 ,client update iteration= 310 ,loss= 1.4578664302825928
client id= 1 ,round= 1 ,epoch= 1 ,client update iteration= 320 ,loss= 1.3753376007080078
client id= 1 ,round= 1 ,epoch= 1 ,client update iteration= 330 ,loss= 1.388410210609436
client id= 1 ,round= 1 ,epoch= 1 ,client update iteration= 340 ,loss= 1.5292766094207764
client id= 1 ,round= 1 ,epoch= 1 ,client update iteration= 350 ,loss= 1.5221498012542725
client id= 1 ,round= 1 ,epoch= 1 ,client update iteration= 360 ,loss= 1.6229952573776245
client id= 1 ,round= 1 ,epoch= 1 ,client update iteration= 370 ,loss= 1.4016770124435425
client id= 1 ,round= 1 ,epoch= 1 ,client update iteration= 380 ,loss= 1.3969910144805908
client id= 1 ,round= 1 ,epoch= 1 ,client update iteration= 390 ,loss= 1.514073371887207
start add noise2021-06-28 17:52:52
start cal weight time2021-06-28 17:52:52
end cal weight time2021-06-28 17:52:52
layer= 0 ratio= 0.2095553862727049
layer= 1 ratio= 0.21118271938276598
layer= 2 ratio= 0.046890249364431265
layer= 3 ratio= 0.049648592055751936
layer= 4 ratio= 0.04761204697458514
layer= 5 ratio= 0.05670460962191985
layer= 6 ratio= 0.03976291468943534
layer= 7 ratio= 0.05171867178968914
layer= 8 ratio= 0.03947277150099767
layer= 9 ratio= 0.05161764889758364
layer= 10 ratio= 0.02448011516577636
layer= 11 ratio= 0.026826598938755074
layer= 12 ratio= 0.035116336403914476
layer= 13 ratio= 0.039128609530212737
layer= 14 ratio= 0.036761567760097945
layer= 15 ratio= 0.03352116165137854
end_add_noise_time2021-06-28 17:52:55
start add noise2021-06-28 17:52:55
start cal weight time2021-06-28 17:52:55
end cal weight time2021-06-28 17:52:55
layer= 0 ratio= 0.21067545961098727
layer= 1 ratio= 0.2112589905204652
layer= 2 ratio= 0.04691372003623427
layer= 3 ratio= 0.04952334044040135
layer= 4 ratio= 0.047642825716681755
layer= 5 ratio= 0.05759969013978821
layer= 6 ratio= 0.03960242423400152
layer= 7 ratio= 0.05161558613711562
layer= 8 ratio= 0.03957020291498911
layer= 9 ratio= 0.04797941125972531
layer= 10 ratio= 0.024742712308172068
layer= 11 ratio= 0.02715144688694854
layer= 12 ratio= 0.035389685358538966
layer= 13 ratio= 0.039143015287755226
layer= 14 ratio= 0.03728046509284774
layer= 15 ratio= 0.033911024055347794
end_add_noise_time2021-06-28 17:52:59
average train loss= 1.7077581766621233
2021-06-28 17:53:08,round 1,val Accuracy Top1: 19.440000 %
2021-06-28 17:53:08,round 1,val Accuracy Top5: 68.380000 %
******client id  0 ******
client_update start
client id= 0 ,round= 2 ,epoch= 1 ,client update iteration= 10 ,loss= 1.6083590984344482
client id= 0 ,round= 2 ,epoch= 1 ,client update iteration= 20 ,loss= 1.6690337657928467
client id= 0 ,round= 2 ,epoch= 1 ,client update iteration= 30 ,loss= 1.7153173685073853
client id= 0 ,round= 2 ,epoch= 1 ,client update iteration= 40 ,loss= 1.6368776559829712
client id= 0 ,round= 2 ,epoch= 1 ,client update iteration= 50 ,loss= 1.8384015560150146
client id= 0 ,round= 2 ,epoch= 1 ,client update iteration= 60 ,loss= 1.3817766904830933
client id= 0 ,round= 2 ,epoch= 1 ,client update iteration= 70 ,loss= 1.3057085275650024
client id= 0 ,round= 2 ,epoch= 1 ,client update iteration= 80 ,loss= 1.3827534914016724
client id= 0 ,round= 2 ,epoch= 1 ,client update iteration= 90 ,loss= 1.2318142652511597
client id= 0 ,round= 2 ,epoch= 1 ,client update iteration= 100 ,loss= 1.3137686252593994
client id= 0 ,round= 2 ,epoch= 1 ,client update iteration= 110 ,loss= 1.2323182821273804
client id= 0 ,round= 2 ,epoch= 1 ,client update iteration= 120 ,loss= 1.2153310775756836
client id= 0 ,round= 2 ,epoch= 1 ,client update iteration= 130 ,loss= 1.3788386583328247
client id= 0 ,round= 2 ,epoch= 1 ,client update iteration= 140 ,loss= 1.6380558013916016
client id= 0 ,round= 2 ,epoch= 1 ,client update iteration= 150 ,loss= 1.4081215858459473
client id= 0 ,round= 2 ,epoch= 1 ,client update iteration= 160 ,loss= 1.1358909606933594
client id= 0 ,round= 2 ,epoch= 1 ,client update iteration= 170 ,loss= 1.2929599285125732
client id= 0 ,round= 2 ,epoch= 1 ,client update iteration= 180 ,loss= 1.3472809791564941
client id= 0 ,round= 2 ,epoch= 1 ,client update iteration= 190 ,loss= 1.132694959640503
client id= 0 ,round= 2 ,epoch= 1 ,client update iteration= 200 ,loss= 1.2907811403274536
client id= 0 ,round= 2 ,epoch= 1 ,client update iteration= 210 ,loss= 1.4006400108337402
client id= 0 ,round= 2 ,epoch= 1 ,client update iteration= 220 ,loss= 1.3610892295837402
client id= 0 ,round= 2 ,epoch= 1 ,client update iteration= 230 ,loss= 1.0571357011795044
client id= 0 ,round= 2 ,epoch= 1 ,client update iteration= 240 ,loss= 1.067149043083191
client id= 0 ,round= 2 ,epoch= 1 ,client update iteration= 250 ,loss= 1.1733121871948242
client id= 0 ,round= 2 ,epoch= 1 ,client update iteration= 260 ,loss= 1.390561819076538
client id= 0 ,round= 2 ,epoch= 1 ,client update iteration= 270 ,loss= 1.0478876829147339
client id= 0 ,round= 2 ,epoch= 1 ,client update iteration= 280 ,loss= 1.1673636436462402
client id= 0 ,round= 2 ,epoch= 1 ,client update iteration= 290 ,loss= 1.0145373344421387
client id= 0 ,round= 2 ,epoch= 1 ,client update iteration= 300 ,loss= 1.2813118696212769
client id= 0 ,round= 2 ,epoch= 1 ,client update iteration= 310 ,loss= 1.4414373636245728
client id= 0 ,round= 2 ,epoch= 1 ,client update iteration= 320 ,loss= 1.2106516361236572
client id= 0 ,round= 2 ,epoch= 1 ,client update iteration= 330 ,loss= 1.170334815979004
client id= 0 ,round= 2 ,epoch= 1 ,client update iteration= 340 ,loss= 0.8966017961502075
client id= 0 ,round= 2 ,epoch= 1 ,client update iteration= 350 ,loss= 1.1244207620620728
client id= 0 ,round= 2 ,epoch= 1 ,client update iteration= 360 ,loss= 1.3731721639633179
client id= 0 ,round= 2 ,epoch= 1 ,client update iteration= 370 ,loss= 1.1454031467437744
client id= 0 ,round= 2 ,epoch= 1 ,client update iteration= 380 ,loss= 1.3104634284973145
client id= 0 ,round= 2 ,epoch= 1 ,client update iteration= 390 ,loss= 0.9580435752868652
******client id  1 ******
client_update start
client id= 1 ,round= 2 ,epoch= 1 ,client update iteration= 10 ,loss= 1.6479942798614502
client id= 1 ,round= 2 ,epoch= 1 ,client update iteration= 20 ,loss= 1.6987775564193726
client id= 1 ,round= 2 ,epoch= 1 ,client update iteration= 30 ,loss= 1.6654860973358154
client id= 1 ,round= 2 ,epoch= 1 ,client update iteration= 40 ,loss= 1.510193109512329
client id= 1 ,round= 2 ,epoch= 1 ,client update iteration= 50 ,loss= 1.6315659284591675
client id= 1 ,round= 2 ,epoch= 1 ,client update iteration= 60 ,loss= 1.4147775173187256
client id= 1 ,round= 2 ,epoch= 1 ,client update iteration= 70 ,loss= 1.4609183073043823
client id= 1 ,round= 2 ,epoch= 1 ,client update iteration= 80 ,loss= 1.6478790044784546
client id= 1 ,round= 2 ,epoch= 1 ,client update iteration= 90 ,loss= 1.4758632183074951
client id= 1 ,round= 2 ,epoch= 1 ,client update iteration= 100 ,loss= 1.6715209484100342
client id= 1 ,round= 2 ,epoch= 1 ,client update iteration= 110 ,loss= 1.3996655941009521
client id= 1 ,round= 2 ,epoch= 1 ,client update iteration= 120 ,loss= 1.1414520740509033
client id= 1 ,round= 2 ,epoch= 1 ,client update iteration= 130 ,loss= 1.261826515197754
client id= 1 ,round= 2 ,epoch= 1 ,client update iteration= 140 ,loss= 1.348253846168518
client id= 1 ,round= 2 ,epoch= 1 ,client update iteration= 150 ,loss= 1.3966467380523682
client id= 1 ,round= 2 ,epoch= 1 ,client update iteration= 160 ,loss= 1.3631377220153809
client id= 1 ,round= 2 ,epoch= 1 ,client update iteration= 170 ,loss= 1.3786522150039673
client id= 1 ,round= 2 ,epoch= 1 ,client update iteration= 180 ,loss= 1.3342610597610474
client id= 1 ,round= 2 ,epoch= 1 ,client update iteration= 190 ,loss= 1.0845054388046265
client id= 1 ,round= 2 ,epoch= 1 ,client update iteration= 200 ,loss= 1.364511489868164
client id= 1 ,round= 2 ,epoch= 1 ,client update iteration= 210 ,loss= 1.2489479780197144
client id= 1 ,round= 2 ,epoch= 1 ,client update iteration= 220 ,loss= 1.325780987739563
client id= 1 ,round= 2 ,epoch= 1 ,client update iteration= 230 ,loss= 1.3396984338760376
client id= 1 ,round= 2 ,epoch= 1 ,client update iteration= 240 ,loss= 1.1421464681625366
client id= 1 ,round= 2 ,epoch= 1 ,client update iteration= 250 ,loss= 1.110580563545227
client id= 1 ,round= 2 ,epoch= 1 ,client update iteration= 260 ,loss= 1.1700252294540405
client id= 1 ,round= 2 ,epoch= 1 ,client update iteration= 270 ,loss= 1.0659661293029785
client id= 1 ,round= 2 ,epoch= 1 ,client update iteration= 280 ,loss= 1.1419404745101929
client id= 1 ,round= 2 ,epoch= 1 ,client update iteration= 290 ,loss= 1.1091161966323853
client id= 1 ,round= 2 ,epoch= 1 ,client update iteration= 300 ,loss= 1.0548412799835205
client id= 1 ,round= 2 ,epoch= 1 ,client update iteration= 310 ,loss= 1.4542336463928223
client id= 1 ,round= 2 ,epoch= 1 ,client update iteration= 320 ,loss= 1.1621814966201782
client id= 1 ,round= 2 ,epoch= 1 ,client update iteration= 330 ,loss= 1.2195827960968018
client id= 1 ,round= 2 ,epoch= 1 ,client update iteration= 340 ,loss= 1.1185829639434814
client id= 1 ,round= 2 ,epoch= 1 ,client update iteration= 350 ,loss= 1.2039306163787842
client id= 1 ,round= 2 ,epoch= 1 ,client update iteration= 360 ,loss= 0.9980881214141846
client id= 1 ,round= 2 ,epoch= 1 ,client update iteration= 370 ,loss= 1.438071370124817
client id= 1 ,round= 2 ,epoch= 1 ,client update iteration= 380 ,loss= 1.199109435081482
client id= 1 ,round= 2 ,epoch= 1 ,client update iteration= 390 ,loss= 0.9323334693908691
start add noise2021-06-28 17:55:33
start cal weight time2021-06-28 17:55:33
end cal weight time2021-06-28 17:55:33
layer= 0 ratio= 0.1738591109851911
layer= 1 ratio= 0.16811109673441915
layer= 2 ratio= 0.04000011408695402
layer= 3 ratio= 0.04157395323342762
layer= 4 ratio= 0.040586249251485074
layer= 5 ratio= 0.04870792942349519
layer= 6 ratio= 0.03483509268731495
layer= 7 ratio= 0.045304564387736744
layer= 8 ratio= 0.03451150978013935
layer= 9 ratio= 0.04523209891215505
layer= 10 ratio= 0.13813468157369518
layer= 11 ratio= 0.02542752249793457
layer= 12 ratio= 0.06753182609933273
layer= 13 ratio= 0.03354752722942895
layer= 14 ratio= 0.03266464312841619
layer= 15 ratio= 0.02997207998887421
end_add_noise_time2021-06-28 17:55:37
start add noise2021-06-28 17:55:37
start cal weight time2021-06-28 17:55:37
end cal weight time2021-06-28 17:55:37
layer= 0 ratio= 0.17351791312734313
layer= 1 ratio= 0.16859141223750496
layer= 2 ratio= 0.03962080109736995
layer= 3 ratio= 0.04157017018820895
layer= 4 ratio= 0.04052862118794593
layer= 5 ratio= 0.048673743908982305
layer= 6 ratio= 0.0350171282568127
layer= 7 ratio= 0.04489664270027564
layer= 8 ratio= 0.034549603796068556
layer= 9 ratio= 0.04436623535666314
layer= 10 ratio= 0.1379030244691626
layer= 11 ratio= 0.025418676319548864
layer= 12 ratio= 0.06739297353387735
layer= 13 ratio= 0.03376844366939124
layer= 14 ratio= 0.03271018085582024
layer= 15 ratio= 0.03147442929502448
end_add_noise_time2021-06-28 17:55:40
average train loss= 1.340886757349419
2021-06-28 17:55:49,round 2,val Accuracy Top1: 61.490000 %
2021-06-28 17:55:49,round 2,val Accuracy Top5: 95.620000 %
******client id  0 ******
client_update start
client id= 0 ,round= 3 ,epoch= 1 ,client update iteration= 10 ,loss= 1.4968587160110474
client id= 0 ,round= 3 ,epoch= 1 ,client update iteration= 20 ,loss= 1.3105945587158203
client id= 0 ,round= 3 ,epoch= 1 ,client update iteration= 30 ,loss= 1.0691252946853638
client id= 0 ,round= 3 ,epoch= 1 ,client update iteration= 40 ,loss= 1.3262237310409546
client id= 0 ,round= 3 ,epoch= 1 ,client update iteration= 50 ,loss= 1.3573846817016602
client id= 0 ,round= 3 ,epoch= 1 ,client update iteration= 60 ,loss= 0.9309453964233398
client id= 0 ,round= 3 ,epoch= 1 ,client update iteration= 70 ,loss= 1.0081976652145386
client id= 0 ,round= 3 ,epoch= 1 ,client update iteration= 80 ,loss= 1.043195128440857
client id= 0 ,round= 3 ,epoch= 1 ,client update iteration= 90 ,loss= 0.9467060565948486
client id= 0 ,round= 3 ,epoch= 1 ,client update iteration= 100 ,loss= 1.2475695610046387
client id= 0 ,round= 3 ,epoch= 1 ,client update iteration= 110 ,loss= 1.1366828680038452
client id= 0 ,round= 3 ,epoch= 1 ,client update iteration= 120 ,loss= 1.112162709236145
client id= 0 ,round= 3 ,epoch= 1 ,client update iteration= 130 ,loss= 1.1318597793579102
client id= 0 ,round= 3 ,epoch= 1 ,client update iteration= 140 ,loss= 0.988429605960846
client id= 0 ,round= 3 ,epoch= 1 ,client update iteration= 150 ,loss= 1.1901090145111084
client id= 0 ,round= 3 ,epoch= 1 ,client update iteration= 160 ,loss= 1.0262869596481323
client id= 0 ,round= 3 ,epoch= 1 ,client update iteration= 170 ,loss= 0.6809958815574646
client id= 0 ,round= 3 ,epoch= 1 ,client update iteration= 180 ,loss= 1.2277283668518066
client id= 0 ,round= 3 ,epoch= 1 ,client update iteration= 190 ,loss= 1.199959635734558
client id= 0 ,round= 3 ,epoch= 1 ,client update iteration= 200 ,loss= 0.7491970062255859
client id= 0 ,round= 3 ,epoch= 1 ,client update iteration= 210 ,loss= 1.2150193452835083
client id= 0 ,round= 3 ,epoch= 1 ,client update iteration= 220 ,loss= 1.0787161588668823
client id= 0 ,round= 3 ,epoch= 1 ,client update iteration= 230 ,loss= 1.051293134689331
client id= 0 ,round= 3 ,epoch= 1 ,client update iteration= 240 ,loss= 1.0246444940567017
client id= 0 ,round= 3 ,epoch= 1 ,client update iteration= 250 ,loss= 1.0927468538284302
client id= 0 ,round= 3 ,epoch= 1 ,client update iteration= 260 ,loss= 0.9173499345779419
client id= 0 ,round= 3 ,epoch= 1 ,client update iteration= 270 ,loss= 1.2289173603057861
client id= 0 ,round= 3 ,epoch= 1 ,client update iteration= 280 ,loss= 1.1140015125274658
client id= 0 ,round= 3 ,epoch= 1 ,client update iteration= 290 ,loss= 0.8415814638137817
client id= 0 ,round= 3 ,epoch= 1 ,client update iteration= 300 ,loss= 0.7484155893325806
client id= 0 ,round= 3 ,epoch= 1 ,client update iteration= 310 ,loss= 0.8823025226593018
client id= 0 ,round= 3 ,epoch= 1 ,client update iteration= 320 ,loss= 1.0188900232315063
client id= 0 ,round= 3 ,epoch= 1 ,client update iteration= 330 ,loss= 0.9452763795852661
client id= 0 ,round= 3 ,epoch= 1 ,client update iteration= 340 ,loss= 0.8904719352722168
client id= 0 ,round= 3 ,epoch= 1 ,client update iteration= 350 ,loss= 1.0588940382003784
client id= 0 ,round= 3 ,epoch= 1 ,client update iteration= 360 ,loss= 1.1702955961227417
client id= 0 ,round= 3 ,epoch= 1 ,client update iteration= 370 ,loss= 1.014892339706421
client id= 0 ,round= 3 ,epoch= 1 ,client update iteration= 380 ,loss= 0.9571377038955688
client id= 0 ,round= 3 ,epoch= 1 ,client update iteration= 390 ,loss= 0.7307578921318054
******client id  1 ******
client_update start
client id= 1 ,round= 3 ,epoch= 1 ,client update iteration= 10 ,loss= 1.1936559677124023
client id= 1 ,round= 3 ,epoch= 1 ,client update iteration= 20 ,loss= 1.3993704319000244
client id= 1 ,round= 3 ,epoch= 1 ,client update iteration= 30 ,loss= 1.3371555805206299
client id= 1 ,round= 3 ,epoch= 1 ,client update iteration= 40 ,loss= 1.1908693313598633
client id= 1 ,round= 3 ,epoch= 1 ,client update iteration= 50 ,loss= 0.9797992706298828
client id= 1 ,round= 3 ,epoch= 1 ,client update iteration= 60 ,loss= 1.190887212753296
client id= 1 ,round= 3 ,epoch= 1 ,client update iteration= 70 ,loss= 1.1742901802062988
client id= 1 ,round= 3 ,epoch= 1 ,client update iteration= 80 ,loss= 1.2068196535110474
client id= 1 ,round= 3 ,epoch= 1 ,client update iteration= 90 ,loss= 1.197998046875
client id= 1 ,round= 3 ,epoch= 1 ,client update iteration= 100 ,loss= 1.0919617414474487
client id= 1 ,round= 3 ,epoch= 1 ,client update iteration= 110 ,loss= 1.4826000928878784
client id= 1 ,round= 3 ,epoch= 1 ,client update iteration= 120 ,loss= 1.2651350498199463
client id= 1 ,round= 3 ,epoch= 1 ,client update iteration= 130 ,loss= 0.9941563010215759
client id= 1 ,round= 3 ,epoch= 1 ,client update iteration= 140 ,loss= 0.9855920672416687
client id= 1 ,round= 3 ,epoch= 1 ,client update iteration= 150 ,loss= 0.8622785806655884
client id= 1 ,round= 3 ,epoch= 1 ,client update iteration= 160 ,loss= 1.562454342842102
client id= 1 ,round= 3 ,epoch= 1 ,client update iteration= 170 ,loss= 1.1362756490707397
client id= 1 ,round= 3 ,epoch= 1 ,client update iteration= 180 ,loss= 0.9189322590827942
client id= 1 ,round= 3 ,epoch= 1 ,client update iteration= 190 ,loss= 0.8288657665252686
client id= 1 ,round= 3 ,epoch= 1 ,client update iteration= 200 ,loss= 0.9770170450210571
client id= 1 ,round= 3 ,epoch= 1 ,client update iteration= 210 ,loss= 1.0911916494369507
client id= 1 ,round= 3 ,epoch= 1 ,client update iteration= 220 ,loss= 1.2771105766296387
client id= 1 ,round= 3 ,epoch= 1 ,client update iteration= 230 ,loss= 1.2774691581726074
client id= 1 ,round= 3 ,epoch= 1 ,client update iteration= 240 ,loss= 1.0553189516067505
client id= 1 ,round= 3 ,epoch= 1 ,client update iteration= 250 ,loss= 1.0915628671646118
client id= 1 ,round= 3 ,epoch= 1 ,client update iteration= 260 ,loss= 0.8088717460632324
client id= 1 ,round= 3 ,epoch= 1 ,client update iteration= 270 ,loss= 0.9289628863334656
client id= 1 ,round= 3 ,epoch= 1 ,client update iteration= 280 ,loss= 1.3582526445388794
client id= 1 ,round= 3 ,epoch= 1 ,client update iteration= 290 ,loss= 0.9033492803573608
client id= 1 ,round= 3 ,epoch= 1 ,client update iteration= 300 ,loss= 0.9943031668663025
client id= 1 ,round= 3 ,epoch= 1 ,client update iteration= 310 ,loss= 0.8886202573776245
client id= 1 ,round= 3 ,epoch= 1 ,client update iteration= 320 ,loss= 1.0019590854644775
client id= 1 ,round= 3 ,epoch= 1 ,client update iteration= 330 ,loss= 0.8355183601379395
client id= 1 ,round= 3 ,epoch= 1 ,client update iteration= 340 ,loss= 0.7924389243125916
client id= 1 ,round= 3 ,epoch= 1 ,client update iteration= 350 ,loss= 0.9033058285713196
client id= 1 ,round= 3 ,epoch= 1 ,client update iteration= 360 ,loss= 0.9714908003807068
client id= 1 ,round= 3 ,epoch= 1 ,client update iteration= 370 ,loss= 1.3878666162490845
client id= 1 ,round= 3 ,epoch= 1 ,client update iteration= 380 ,loss= 0.7538135051727295
client id= 1 ,round= 3 ,epoch= 1 ,client update iteration= 390 ,loss= 1.2461764812469482
start add noise2021-06-28 17:58:15
start cal weight time2021-06-28 17:58:15
end cal weight time2021-06-28 17:58:15
layer= 0 ratio= 0.1521506814008135
layer= 1 ratio= 0.14245103711125526
layer= 2 ratio= 0.03575138649573551
layer= 3 ratio= 0.03676398407168477
layer= 4 ratio= 0.036546753488960915
layer= 5 ratio= 0.04442674447556919
layer= 6 ratio= 0.03244687590489939
layer= 7 ratio= 0.04107757650724105
layer= 8 ratio= 0.031667902330676255
layer= 9 ratio= 0.04118011530875534
layer= 10 ratio= 0.19847582119707677
layer= 11 ratio= 0.02360731270007809
layer= 12 ratio= 0.09323103711905904
layer= 13 ratio= 0.030354878224290657
layer= 14 ratio= 0.03038835257563064
layer= 15 ratio= 0.029479541088273623
end_add_noise_time2021-06-28 17:58:18
start add noise2021-06-28 17:58:18
start cal weight time2021-06-28 17:58:18
end cal weight time2021-06-28 17:58:18
layer= 0 ratio= 0.15224382863027014
layer= 1 ratio= 0.14274758207631771
layer= 2 ratio= 0.03567240036405283
layer= 3 ratio= 0.03679933300192764
layer= 4 ratio= 0.036420957403964546
layer= 5 ratio= 0.043445939988008365
layer= 6 ratio= 0.032278287860745325
layer= 7 ratio= 0.04115585569859202
layer= 8 ratio= 0.031545905985951216
layer= 9 ratio= 0.040570013781662924
layer= 10 ratio= 0.1986078663400639
layer= 11 ratio= 0.023940061442074976
layer= 12 ratio= 0.09329357452015231
layer= 13 ratio= 0.030484049462258318
layer= 14 ratio= 0.030431551710036347
layer= 15 ratio= 0.03036279173392142
end_add_noise_time2021-06-28 17:58:22
average train loss= 1.0607980143688525
2021-06-28 17:58:30,round 3,val Accuracy Top1: 68.740000 %
2021-06-28 17:58:30,round 3,val Accuracy Top5: 97.270000 %
******client id  0 ******
client_update start
client id= 0 ,round= 4 ,epoch= 1 ,client update iteration= 10 ,loss= 1.0758084058761597
client id= 0 ,round= 4 ,epoch= 1 ,client update iteration= 20 ,loss= 1.2965452671051025
client id= 0 ,round= 4 ,epoch= 1 ,client update iteration= 30 ,loss= 1.0049488544464111
client id= 0 ,round= 4 ,epoch= 1 ,client update iteration= 40 ,loss= 0.8664377331733704
client id= 0 ,round= 4 ,epoch= 1 ,client update iteration= 50 ,loss= 0.796422004699707
client id= 0 ,round= 4 ,epoch= 1 ,client update iteration= 60 ,loss= 0.9663819670677185
client id= 0 ,round= 4 ,epoch= 1 ,client update iteration= 70 ,loss= 0.8334667086601257
client id= 0 ,round= 4 ,epoch= 1 ,client update iteration= 80 ,loss= 0.8777649402618408
client id= 0 ,round= 4 ,epoch= 1 ,client update iteration= 90 ,loss= 0.9306655526161194
client id= 0 ,round= 4 ,epoch= 1 ,client update iteration= 100 ,loss= 0.9040287733078003
client id= 0 ,round= 4 ,epoch= 1 ,client update iteration= 110 ,loss= 0.9453268051147461
client id= 0 ,round= 4 ,epoch= 1 ,client update iteration= 120 ,loss= 1.008495807647705
client id= 0 ,round= 4 ,epoch= 1 ,client update iteration= 130 ,loss= 1.16935396194458
client id= 0 ,round= 4 ,epoch= 1 ,client update iteration= 140 ,loss= 1.1605525016784668
client id= 0 ,round= 4 ,epoch= 1 ,client update iteration= 150 ,loss= 1.1281651258468628
client id= 0 ,round= 4 ,epoch= 1 ,client update iteration= 160 ,loss= 1.0250630378723145
client id= 0 ,round= 4 ,epoch= 1 ,client update iteration= 170 ,loss= 0.811926543712616
client id= 0 ,round= 4 ,epoch= 1 ,client update iteration= 180 ,loss= 0.666269838809967
client id= 0 ,round= 4 ,epoch= 1 ,client update iteration= 190 ,loss= 0.6523224711418152
client id= 0 ,round= 4 ,epoch= 1 ,client update iteration= 200 ,loss= 0.9202721118927002
client id= 0 ,round= 4 ,epoch= 1 ,client update iteration= 210 ,loss= 0.6894537806510925
client id= 0 ,round= 4 ,epoch= 1 ,client update iteration= 220 ,loss= 0.9197695851325989
client id= 0 ,round= 4 ,epoch= 1 ,client update iteration= 230 ,loss= 1.1320041418075562
client id= 0 ,round= 4 ,epoch= 1 ,client update iteration= 240 ,loss= 0.8859257698059082
client id= 0 ,round= 4 ,epoch= 1 ,client update iteration= 250 ,loss= 0.6202779412269592
client id= 0 ,round= 4 ,epoch= 1 ,client update iteration= 260 ,loss= 0.8161876201629639
client id= 0 ,round= 4 ,epoch= 1 ,client update iteration= 270 ,loss= 0.877378523349762
client id= 0 ,round= 4 ,epoch= 1 ,client update iteration= 280 ,loss= 0.7535589933395386
client id= 0 ,round= 4 ,epoch= 1 ,client update iteration= 290 ,loss= 0.754181981086731
client id= 0 ,round= 4 ,epoch= 1 ,client update iteration= 300 ,loss= 0.8546687364578247
client id= 0 ,round= 4 ,epoch= 1 ,client update iteration= 310 ,loss= 0.984447717666626
client id= 0 ,round= 4 ,epoch= 1 ,client update iteration= 320 ,loss= 0.8567700982093811
client id= 0 ,round= 4 ,epoch= 1 ,client update iteration= 330 ,loss= 0.8482173085212708
client id= 0 ,round= 4 ,epoch= 1 ,client update iteration= 340 ,loss= 0.7478487491607666
client id= 0 ,round= 4 ,epoch= 1 ,client update iteration= 350 ,loss= 0.8685265779495239
client id= 0 ,round= 4 ,epoch= 1 ,client update iteration= 360 ,loss= 0.7988222241401672
client id= 0 ,round= 4 ,epoch= 1 ,client update iteration= 370 ,loss= 0.7787009477615356
client id= 0 ,round= 4 ,epoch= 1 ,client update iteration= 380 ,loss= 0.718721330165863
client id= 0 ,round= 4 ,epoch= 1 ,client update iteration= 390 ,loss= 0.8740830421447754
******client id  1 ******
client_update start
client id= 1 ,round= 4 ,epoch= 1 ,client update iteration= 10 ,loss= 0.7810578346252441
client id= 1 ,round= 4 ,epoch= 1 ,client update iteration= 20 ,loss= 1.1070936918258667
client id= 1 ,round= 4 ,epoch= 1 ,client update iteration= 30 ,loss= 1.038535714149475
client id= 1 ,round= 4 ,epoch= 1 ,client update iteration= 40 ,loss= 0.8375131487846375
client id= 1 ,round= 4 ,epoch= 1 ,client update iteration= 50 ,loss= 0.7637255191802979
client id= 1 ,round= 4 ,epoch= 1 ,client update iteration= 60 ,loss= 0.7867813110351562
client id= 1 ,round= 4 ,epoch= 1 ,client update iteration= 70 ,loss= 1.0343436002731323
client id= 1 ,round= 4 ,epoch= 1 ,client update iteration= 80 ,loss= 0.942710816860199
client id= 1 ,round= 4 ,epoch= 1 ,client update iteration= 90 ,loss= 1.0180476903915405
client id= 1 ,round= 4 ,epoch= 1 ,client update iteration= 100 ,loss= 0.8184607028961182
client id= 1 ,round= 4 ,epoch= 1 ,client update iteration= 110 ,loss= 0.6840709447860718
client id= 1 ,round= 4 ,epoch= 1 ,client update iteration= 120 ,loss= 0.9300081729888916
client id= 1 ,round= 4 ,epoch= 1 ,client update iteration= 130 ,loss= 0.8418005704879761
client id= 1 ,round= 4 ,epoch= 1 ,client update iteration= 140 ,loss= 0.9834566712379456
client id= 1 ,round= 4 ,epoch= 1 ,client update iteration= 150 ,loss= 0.9178199172019958
client id= 1 ,round= 4 ,epoch= 1 ,client update iteration= 160 ,loss= 0.8935129046440125
client id= 1 ,round= 4 ,epoch= 1 ,client update iteration= 170 ,loss= 1.0496047735214233
client id= 1 ,round= 4 ,epoch= 1 ,client update iteration= 180 ,loss= 0.6560648083686829
client id= 1 ,round= 4 ,epoch= 1 ,client update iteration= 190 ,loss= 0.941116452217102
client id= 1 ,round= 4 ,epoch= 1 ,client update iteration= 200 ,loss= 1.0202237367630005
client id= 1 ,round= 4 ,epoch= 1 ,client update iteration= 210 ,loss= 0.7192970514297485
client id= 1 ,round= 4 ,epoch= 1 ,client update iteration= 220 ,loss= 0.9986639022827148
client id= 1 ,round= 4 ,epoch= 1 ,client update iteration= 230 ,loss= 1.1571124792099
client id= 1 ,round= 4 ,epoch= 1 ,client update iteration= 240 ,loss= 0.8360981345176697
client id= 1 ,round= 4 ,epoch= 1 ,client update iteration= 250 ,loss= 0.8779326677322388
client id= 1 ,round= 4 ,epoch= 1 ,client update iteration= 260 ,loss= 0.9859415888786316
client id= 1 ,round= 4 ,epoch= 1 ,client update iteration= 270 ,loss= 0.9297250509262085
client id= 1 ,round= 4 ,epoch= 1 ,client update iteration= 280 ,loss= 0.8719110488891602
client id= 1 ,round= 4 ,epoch= 1 ,client update iteration= 290 ,loss= 0.782858669757843
client id= 1 ,round= 4 ,epoch= 1 ,client update iteration= 300 ,loss= 1.0731528997421265
client id= 1 ,round= 4 ,epoch= 1 ,client update iteration= 310 ,loss= 0.8796637654304504
client id= 1 ,round= 4 ,epoch= 1 ,client update iteration= 320 ,loss= 0.5883660316467285
client id= 1 ,round= 4 ,epoch= 1 ,client update iteration= 330 ,loss= 0.8068116307258606
client id= 1 ,round= 4 ,epoch= 1 ,client update iteration= 340 ,loss= 0.8772808313369751
client id= 1 ,round= 4 ,epoch= 1 ,client update iteration= 350 ,loss= 0.8113400936126709
client id= 1 ,round= 4 ,epoch= 1 ,client update iteration= 360 ,loss= 0.9664679765701294
client id= 1 ,round= 4 ,epoch= 1 ,client update iteration= 370 ,loss= 0.8381403088569641
client id= 1 ,round= 4 ,epoch= 1 ,client update iteration= 380 ,loss= 0.7980515360832214
client id= 1 ,round= 4 ,epoch= 1 ,client update iteration= 390 ,loss= 0.8453558683395386
start add noise2021-06-28 18:00:58
start cal weight time2021-06-28 18:00:58
end cal weight time2021-06-28 18:00:58
layer= 0 ratio= 0.1367010000756296
layer= 1 ratio= 0.12456406229753339
layer= 2 ratio= 0.032853513064037075
layer= 3 ratio= 0.03345781733669142
layer= 4 ratio= 0.033775340618729915
layer= 5 ratio= 0.04032453343676405
layer= 6 ratio= 0.030932285025530255
layer= 7 ratio= 0.03896369638838293
layer= 8 ratio= 0.029697819807926275
layer= 9 ratio= 0.03704854794240789
layer= 10 ratio= 0.24169700203345756
layer= 11 ratio= 0.022393115852916118
layer= 12 ratio= 0.11310934968635618
layer= 13 ratio= 0.0278410578627251
layer= 14 ratio= 0.028548087406432394
layer= 15 ratio= 0.028092771164479998
end_add_noise_time2021-06-28 18:01:01
start add noise2021-06-28 18:01:01
start cal weight time2021-06-28 18:01:01
end cal weight time2021-06-28 18:01:01
layer= 0 ratio= 0.1365935904116108
layer= 1 ratio= 0.12557821186862422
layer= 2 ratio= 0.03277804838670023
layer= 3 ratio= 0.03331470199027039
layer= 4 ratio= 0.03362596958374002
layer= 5 ratio= 0.04065600840462102
layer= 6 ratio= 0.030762778396372713
layer= 7 ratio= 0.03840713812634207
layer= 8 ratio= 0.029567738984162963
layer= 9 ratio= 0.03707746893108493
layer= 10 ratio= 0.2415265649986498
layer= 11 ratio= 0.02240474683664607
layer= 12 ratio= 0.11301099105176336
layer= 13 ratio= 0.027701628445644545
layer= 14 ratio= 0.028483350258672283
layer= 15 ratio= 0.028511063325094656
end_add_noise_time2021-06-28 18:01:05
average train loss= 0.881404692864479
2021-06-28 18:01:14,round 4,val Accuracy Top1: 73.230000 %
2021-06-28 18:01:14,round 4,val Accuracy Top5: 97.820000 %
******client id  0 ******
client_update start
client id= 0 ,round= 5 ,epoch= 1 ,client update iteration= 10 ,loss= 0.8083536624908447
client id= 0 ,round= 5 ,epoch= 1 ,client update iteration= 20 ,loss= 0.5793972015380859
client id= 0 ,round= 5 ,epoch= 1 ,client update iteration= 30 ,loss= 0.8460898399353027
client id= 0 ,round= 5 ,epoch= 1 ,client update iteration= 40 ,loss= 0.7296042442321777
client id= 0 ,round= 5 ,epoch= 1 ,client update iteration= 50 ,loss= 0.5383437275886536
client id= 0 ,round= 5 ,epoch= 1 ,client update iteration= 60 ,loss= 0.9038198590278625
client id= 0 ,round= 5 ,epoch= 1 ,client update iteration= 70 ,loss= 0.6451329588890076
client id= 0 ,round= 5 ,epoch= 1 ,client update iteration= 80 ,loss= 0.9516609907150269
client id= 0 ,round= 5 ,epoch= 1 ,client update iteration= 90 ,loss= 0.679049551486969
client id= 0 ,round= 5 ,epoch= 1 ,client update iteration= 100 ,loss= 0.7896048426628113
client id= 0 ,round= 5 ,epoch= 1 ,client update iteration= 110 ,loss= 0.7286556363105774
client id= 0 ,round= 5 ,epoch= 1 ,client update iteration= 120 ,loss= 1.0075757503509521
client id= 0 ,round= 5 ,epoch= 1 ,client update iteration= 130 ,loss= 0.7412700057029724
client id= 0 ,round= 5 ,epoch= 1 ,client update iteration= 140 ,loss= 0.7798142433166504
client id= 0 ,round= 5 ,epoch= 1 ,client update iteration= 150 ,loss= 0.7612731456756592
client id= 0 ,round= 5 ,epoch= 1 ,client update iteration= 160 ,loss= 0.6530022621154785
client id= 0 ,round= 5 ,epoch= 1 ,client update iteration= 170 ,loss= 0.8679044842720032
client id= 0 ,round= 5 ,epoch= 1 ,client update iteration= 180 ,loss= 0.7716558575630188
client id= 0 ,round= 5 ,epoch= 1 ,client update iteration= 190 ,loss= 0.8671315908432007
client id= 0 ,round= 5 ,epoch= 1 ,client update iteration= 200 ,loss= 0.7958055734634399
client id= 0 ,round= 5 ,epoch= 1 ,client update iteration= 210 ,loss= 0.5580305457115173
client id= 0 ,round= 5 ,epoch= 1 ,client update iteration= 220 ,loss= 0.5515848398208618
client id= 0 ,round= 5 ,epoch= 1 ,client update iteration= 230 ,loss= 0.5352537035942078
client id= 0 ,round= 5 ,epoch= 1 ,client update iteration= 240 ,loss= 0.985978901386261
client id= 0 ,round= 5 ,epoch= 1 ,client update iteration= 250 ,loss= 0.7937140464782715
client id= 0 ,round= 5 ,epoch= 1 ,client update iteration= 260 ,loss= 0.682658851146698
client id= 0 ,round= 5 ,epoch= 1 ,client update iteration= 270 ,loss= 0.6881182789802551
client id= 0 ,round= 5 ,epoch= 1 ,client update iteration= 280 ,loss= 0.8168122172355652
client id= 0 ,round= 5 ,epoch= 1 ,client update iteration= 290 ,loss= 0.8211607336997986
client id= 0 ,round= 5 ,epoch= 1 ,client update iteration= 300 ,loss= 0.7192288637161255
client id= 0 ,round= 5 ,epoch= 1 ,client update iteration= 310 ,loss= 0.7048587799072266
client id= 0 ,round= 5 ,epoch= 1 ,client update iteration= 320 ,loss= 0.6432966589927673
client id= 0 ,round= 5 ,epoch= 1 ,client update iteration= 330 ,loss= 0.9399603009223938
client id= 0 ,round= 5 ,epoch= 1 ,client update iteration= 340 ,loss= 0.9258189797401428
client id= 0 ,round= 5 ,epoch= 1 ,client update iteration= 350 ,loss= 0.9387505650520325
client id= 0 ,round= 5 ,epoch= 1 ,client update iteration= 360 ,loss= 0.7770705819129944
client id= 0 ,round= 5 ,epoch= 1 ,client update iteration= 370 ,loss= 0.5965009331703186
client id= 0 ,round= 5 ,epoch= 1 ,client update iteration= 380 ,loss= 0.7489079236984253
client id= 0 ,round= 5 ,epoch= 1 ,client update iteration= 390 ,loss= 1.0404438972473145
******client id  1 ******
client_update start
client id= 1 ,round= 5 ,epoch= 1 ,client update iteration= 10 ,loss= 0.8479366302490234
client id= 1 ,round= 5 ,epoch= 1 ,client update iteration= 20 ,loss= 0.6738495230674744
client id= 1 ,round= 5 ,epoch= 1 ,client update iteration= 30 ,loss= 0.9546096324920654
client id= 1 ,round= 5 ,epoch= 1 ,client update iteration= 40 ,loss= 0.5476107597351074
client id= 1 ,round= 5 ,epoch= 1 ,client update iteration= 50 ,loss= 0.7915359735488892
client id= 1 ,round= 5 ,epoch= 1 ,client update iteration= 60 ,loss= 0.7043448090553284
client id= 1 ,round= 5 ,epoch= 1 ,client update iteration= 70 ,loss= 0.8360502123832703
client id= 1 ,round= 5 ,epoch= 1 ,client update iteration= 80 ,loss= 0.5911914706230164
client id= 1 ,round= 5 ,epoch= 1 ,client update iteration= 90 ,loss= 0.7742291688919067
client id= 1 ,round= 5 ,epoch= 1 ,client update iteration= 100 ,loss= 0.867303192615509
client id= 1 ,round= 5 ,epoch= 1 ,client update iteration= 110 ,loss= 0.6613247990608215
client id= 1 ,round= 5 ,epoch= 1 ,client update iteration= 120 ,loss= 0.7586959600448608
client id= 1 ,round= 5 ,epoch= 1 ,client update iteration= 130 ,loss= 0.832499086856842
client id= 1 ,round= 5 ,epoch= 1 ,client update iteration= 140 ,loss= 0.7556589245796204
client id= 1 ,round= 5 ,epoch= 1 ,client update iteration= 150 ,loss= 0.8360753059387207
client id= 1 ,round= 5 ,epoch= 1 ,client update iteration= 160 ,loss= 0.9414108991622925
client id= 1 ,round= 5 ,epoch= 1 ,client update iteration= 170 ,loss= 0.9349441528320312
client id= 1 ,round= 5 ,epoch= 1 ,client update iteration= 180 ,loss= 0.6649874448776245
client id= 1 ,round= 5 ,epoch= 1 ,client update iteration= 190 ,loss= 0.9089270234107971
client id= 1 ,round= 5 ,epoch= 1 ,client update iteration= 200 ,loss= 0.8250648975372314
client id= 1 ,round= 5 ,epoch= 1 ,client update iteration= 210 ,loss= 0.8160948157310486
client id= 1 ,round= 5 ,epoch= 1 ,client update iteration= 220 ,loss= 0.717823326587677
client id= 1 ,round= 5 ,epoch= 1 ,client update iteration= 230 ,loss= 0.7841447591781616
client id= 1 ,round= 5 ,epoch= 1 ,client update iteration= 240 ,loss= 0.8483258485794067
client id= 1 ,round= 5 ,epoch= 1 ,client update iteration= 250 ,loss= 0.676045298576355
client id= 1 ,round= 5 ,epoch= 1 ,client update iteration= 260 ,loss= 0.7858538627624512
client id= 1 ,round= 5 ,epoch= 1 ,client update iteration= 270 ,loss= 0.7560513019561768
client id= 1 ,round= 5 ,epoch= 1 ,client update iteration= 280 ,loss= 0.5860663056373596
client id= 1 ,round= 5 ,epoch= 1 ,client update iteration= 290 ,loss= 0.7940178513526917
client id= 1 ,round= 5 ,epoch= 1 ,client update iteration= 300 ,loss= 0.6721287369728088
client id= 1 ,round= 5 ,epoch= 1 ,client update iteration= 310 ,loss= 0.8275935649871826
client id= 1 ,round= 5 ,epoch= 1 ,client update iteration= 320 ,loss= 0.6397902369499207
client id= 1 ,round= 5 ,epoch= 1 ,client update iteration= 330 ,loss= 0.7868992686271667
client id= 1 ,round= 5 ,epoch= 1 ,client update iteration= 340 ,loss= 0.9152904748916626
client id= 1 ,round= 5 ,epoch= 1 ,client update iteration= 350 ,loss= 0.752265214920044
client id= 1 ,round= 5 ,epoch= 1 ,client update iteration= 360 ,loss= 0.6802876591682434
client id= 1 ,round= 5 ,epoch= 1 ,client update iteration= 370 ,loss= 0.7312322854995728
client id= 1 ,round= 5 ,epoch= 1 ,client update iteration= 380 ,loss= 0.7694730758666992
client id= 1 ,round= 5 ,epoch= 1 ,client update iteration= 390 ,loss= 0.5011956095695496
start add noise2021-06-28 18:03:48
start cal weight time2021-06-28 18:03:48
end cal weight time2021-06-28 18:03:48
layer= 0 ratio= 0.12562371422661167
layer= 1 ratio= 0.11189924195914962
layer= 2 ratio= 0.030942361407320495
layer= 3 ratio= 0.03092727431351458
layer= 4 ratio= 0.03196022485614151
layer= 5 ratio= 0.03835192265155045
layer= 6 ratio= 0.02998637094958559
layer= 7 ratio= 0.03624467095916877
layer= 8 ratio= 0.028275147366327382
layer= 9 ratio= 0.03418628447873112
layer= 10 ratio= 0.27435047930166956
layer= 11 ratio= 0.02145706637088554
layer= 12 ratio= 0.1263789482231854
layer= 13 ratio= 0.025773307669647774
layer= 14 ratio= 0.02712228020660951
layer= 15 ratio= 0.026520705059900965
end_add_noise_time2021-06-28 18:03:52
start add noise2021-06-28 18:03:52
start cal weight time2021-06-28 18:03:52
end cal weight time2021-06-28 18:03:52
layer= 0 ratio= 0.12555425794887695
layer= 1 ratio= 0.11262038244231709
layer= 2 ratio= 0.030775331889744375
layer= 3 ratio= 0.03086634819180993
layer= 4 ratio= 0.031797926869923485
layer= 5 ratio= 0.038030656394373266
layer= 6 ratio= 0.02994533801262151
layer= 7 ratio= 0.03590790259340445
layer= 8 ratio= 0.02830777752015854
layer= 9 ratio= 0.03413969438825402
layer= 10 ratio= 0.27417365409430317
layer= 11 ratio= 0.021467200637142782
layer= 12 ratio= 0.12628475349853682
layer= 13 ratio= 0.02590172357111021
layer= 14 ratio= 0.027064077064063326
layer= 15 ratio= 0.02716297488335993
end_add_noise_time2021-06-28 18:03:55
average train loss= 0.7707595266878148
2021-06-28 18:04:05,round 5,val Accuracy Top1: 74.870000 %
2021-06-28 18:04:05,round 5,val Accuracy Top5: 98.250000 %
******client id  0 ******
client_update start
client id= 0 ,round= 6 ,epoch= 1 ,client update iteration= 10 ,loss= 0.7220805287361145
client id= 0 ,round= 6 ,epoch= 1 ,client update iteration= 20 ,loss= 0.710393488407135
client id= 0 ,round= 6 ,epoch= 1 ,client update iteration= 30 ,loss= 0.5920423269271851
client id= 0 ,round= 6 ,epoch= 1 ,client update iteration= 40 ,loss= 0.5331629514694214
client id= 0 ,round= 6 ,epoch= 1 ,client update iteration= 50 ,loss= 0.6458529233932495
client id= 0 ,round= 6 ,epoch= 1 ,client update iteration= 60 ,loss= 0.700607419013977
client id= 0 ,round= 6 ,epoch= 1 ,client update iteration= 70 ,loss= 0.7670153379440308
client id= 0 ,round= 6 ,epoch= 1 ,client update iteration= 80 ,loss= 0.8155039548873901
client id= 0 ,round= 6 ,epoch= 1 ,client update iteration= 90 ,loss= 0.7033247351646423
client id= 0 ,round= 6 ,epoch= 1 ,client update iteration= 100 ,loss= 0.4846455156803131
client id= 0 ,round= 6 ,epoch= 1 ,client update iteration= 110 ,loss= 0.8101009130477905
client id= 0 ,round= 6 ,epoch= 1 ,client update iteration= 120 ,loss= 0.9708758592605591
client id= 0 ,round= 6 ,epoch= 1 ,client update iteration= 130 ,loss= 0.6004639863967896
client id= 0 ,round= 6 ,epoch= 1 ,client update iteration= 140 ,loss= 0.7940111756324768
client id= 0 ,round= 6 ,epoch= 1 ,client update iteration= 150 ,loss= 0.7001696825027466
client id= 0 ,round= 6 ,epoch= 1 ,client update iteration= 160 ,loss= 0.8499801754951477
client id= 0 ,round= 6 ,epoch= 1 ,client update iteration= 170 ,loss= 0.7629401683807373
client id= 0 ,round= 6 ,epoch= 1 ,client update iteration= 180 ,loss= 0.6278275847434998
client id= 0 ,round= 6 ,epoch= 1 ,client update iteration= 190 ,loss= 0.6005920171737671
client id= 0 ,round= 6 ,epoch= 1 ,client update iteration= 200 ,loss= 0.6427914500236511
client id= 0 ,round= 6 ,epoch= 1 ,client update iteration= 210 ,loss= 0.9877892732620239
client id= 0 ,round= 6 ,epoch= 1 ,client update iteration= 220 ,loss= 0.49720412492752075
client id= 0 ,round= 6 ,epoch= 1 ,client update iteration= 230 ,loss= 0.7202849388122559
client id= 0 ,round= 6 ,epoch= 1 ,client update iteration= 240 ,loss= 0.6406478881835938
client id= 0 ,round= 6 ,epoch= 1 ,client update iteration= 250 ,loss= 0.4821942448616028
client id= 0 ,round= 6 ,epoch= 1 ,client update iteration= 260 ,loss= 0.6353054642677307
client id= 0 ,round= 6 ,epoch= 1 ,client update iteration= 270 ,loss= 0.613525390625
client id= 0 ,round= 6 ,epoch= 1 ,client update iteration= 280 ,loss= 0.5009846687316895
client id= 0 ,round= 6 ,epoch= 1 ,client update iteration= 290 ,loss= 0.5969194769859314
client id= 0 ,round= 6 ,epoch= 1 ,client update iteration= 300 ,loss= 0.7032118439674377
client id= 0 ,round= 6 ,epoch= 1 ,client update iteration= 310 ,loss= 0.7218868732452393
client id= 0 ,round= 6 ,epoch= 1 ,client update iteration= 320 ,loss= 0.5708240270614624
client id= 0 ,round= 6 ,epoch= 1 ,client update iteration= 330 ,loss= 0.46672093868255615
client id= 0 ,round= 6 ,epoch= 1 ,client update iteration= 340 ,loss= 0.6070021986961365
client id= 0 ,round= 6 ,epoch= 1 ,client update iteration= 350 ,loss= 0.6546609997749329
client id= 0 ,round= 6 ,epoch= 1 ,client update iteration= 360 ,loss= 0.6306672096252441
client id= 0 ,round= 6 ,epoch= 1 ,client update iteration= 370 ,loss= 0.4134751260280609
client id= 0 ,round= 6 ,epoch= 1 ,client update iteration= 380 ,loss= 0.8137226104736328
client id= 0 ,round= 6 ,epoch= 1 ,client update iteration= 390 ,loss= 0.5816552042961121
******client id  1 ******
client_update start
client id= 1 ,round= 6 ,epoch= 1 ,client update iteration= 10 ,loss= 0.7931711673736572
client id= 1 ,round= 6 ,epoch= 1 ,client update iteration= 20 ,loss= 0.7542923092842102
client id= 1 ,round= 6 ,epoch= 1 ,client update iteration= 30 ,loss= 0.575579047203064
client id= 1 ,round= 6 ,epoch= 1 ,client update iteration= 40 ,loss= 0.5900400876998901
client id= 1 ,round= 6 ,epoch= 1 ,client update iteration= 50 ,loss= 0.6258096694946289
client id= 1 ,round= 6 ,epoch= 1 ,client update iteration= 60 ,loss= 0.6960412263870239
client id= 1 ,round= 6 ,epoch= 1 ,client update iteration= 70 ,loss= 0.8825768232345581
client id= 1 ,round= 6 ,epoch= 1 ,client update iteration= 80 ,loss= 0.7982001900672913
client id= 1 ,round= 6 ,epoch= 1 ,client update iteration= 90 ,loss= 0.7930737137794495
client id= 1 ,round= 6 ,epoch= 1 ,client update iteration= 100 ,loss= 0.9068862199783325
client id= 1 ,round= 6 ,epoch= 1 ,client update iteration= 110 ,loss= 0.6149624586105347
client id= 1 ,round= 6 ,epoch= 1 ,client update iteration= 120 ,loss= 0.5871766209602356
client id= 1 ,round= 6 ,epoch= 1 ,client update iteration= 130 ,loss= 0.5709367394447327
client id= 1 ,round= 6 ,epoch= 1 ,client update iteration= 140 ,loss= 1.0831512212753296
client id= 1 ,round= 6 ,epoch= 1 ,client update iteration= 150 ,loss= 1.05815589427948
client id= 1 ,round= 6 ,epoch= 1 ,client update iteration= 160 ,loss= 0.6010794639587402
client id= 1 ,round= 6 ,epoch= 1 ,client update iteration= 170 ,loss= 0.5509793758392334
client id= 1 ,round= 6 ,epoch= 1 ,client update iteration= 180 ,loss= 0.7722641229629517
client id= 1 ,round= 6 ,epoch= 1 ,client update iteration= 190 ,loss= 0.5628899335861206
client id= 1 ,round= 6 ,epoch= 1 ,client update iteration= 200 ,loss= 0.5843265056610107
client id= 1 ,round= 6 ,epoch= 1 ,client update iteration= 210 ,loss= 0.70365971326828
client id= 1 ,round= 6 ,epoch= 1 ,client update iteration= 220 ,loss= 0.8324041366577148
client id= 1 ,round= 6 ,epoch= 1 ,client update iteration= 230 ,loss= 0.7061715722084045
client id= 1 ,round= 6 ,epoch= 1 ,client update iteration= 240 ,loss= 0.8115389943122864
client id= 1 ,round= 6 ,epoch= 1 ,client update iteration= 250 ,loss= 0.6318573355674744
client id= 1 ,round= 6 ,epoch= 1 ,client update iteration= 260 ,loss= 0.8868467211723328
client id= 1 ,round= 6 ,epoch= 1 ,client update iteration= 270 ,loss= 0.6850956678390503
client id= 1 ,round= 6 ,epoch= 1 ,client update iteration= 280 ,loss= 0.6903612613677979
client id= 1 ,round= 6 ,epoch= 1 ,client update iteration= 290 ,loss= 0.8767814040184021
client id= 1 ,round= 6 ,epoch= 1 ,client update iteration= 300 ,loss= 0.9845165610313416
client id= 1 ,round= 6 ,epoch= 1 ,client update iteration= 310 ,loss= 0.7169761657714844
client id= 1 ,round= 6 ,epoch= 1 ,client update iteration= 320 ,loss= 0.7821811437606812
client id= 1 ,round= 6 ,epoch= 1 ,client update iteration= 330 ,loss= 0.8170190453529358
client id= 1 ,round= 6 ,epoch= 1 ,client update iteration= 340 ,loss= 0.8447242379188538
client id= 1 ,round= 6 ,epoch= 1 ,client update iteration= 350 ,loss= 0.6084907650947571
client id= 1 ,round= 6 ,epoch= 1 ,client update iteration= 360 ,loss= 0.6899411678314209
client id= 1 ,round= 6 ,epoch= 1 ,client update iteration= 370 ,loss= 0.6117379069328308
client id= 1 ,round= 6 ,epoch= 1 ,client update iteration= 380 ,loss= 1.0107359886169434
client id= 1 ,round= 6 ,epoch= 1 ,client update iteration= 390 ,loss= 0.7801109552383423
start add noise2021-06-28 18:06:40
start cal weight time2021-06-28 18:06:40
end cal weight time2021-06-28 18:06:40
layer= 0 ratio= 0.11586097062457855
layer= 1 ratio= 0.10139728204021521
layer= 2 ratio= 0.029191763896378176
layer= 3 ratio= 0.028845251041296805
layer= 4 ratio= 0.030285629750346012
layer= 5 ratio= 0.03562979737092672
layer= 6 ratio= 0.029246502958182846
layer= 7 ratio= 0.033768153882615996
layer= 8 ratio= 0.0270993023679068
layer= 9 ratio= 0.03121498955184915
layer= 10 ratio= 0.3029281171912093
layer= 11 ratio= 0.020573872613800073
layer= 12 ratio= 0.1390176308614084
layer= 13 ratio= 0.02405019327627446
layer= 14 ratio= 0.02564659015500284
layer= 15 ratio= 0.025243952418008586
end_add_noise_time2021-06-28 18:06:44
start add noise2021-06-28 18:06:44
start cal weight time2021-06-28 18:06:44
end cal weight time2021-06-28 18:06:44
layer= 0 ratio= 0.11581816992603758
layer= 1 ratio= 0.10180440790486427
layer= 2 ratio= 0.029103998363323575
layer= 3 ratio= 0.028742737767904595
layer= 4 ratio= 0.0302780367720257
layer= 5 ratio= 0.03554579369316018
layer= 6 ratio= 0.02920071365053335
layer= 7 ratio= 0.033580595105047205
layer= 8 ratio= 0.02704575305655484
layer= 9 ratio= 0.031153649247881214
layer= 10 ratio= 0.30279614866846766
layer= 11 ratio= 0.02072487160153979
layer= 12 ratio= 0.13896059037029213
layer= 13 ratio= 0.024123125377332556
layer= 14 ratio= 0.025625472076245874
layer= 15 ratio= 0.025495936418789535
end_add_noise_time2021-06-28 18:06:47
average train loss= 0.7013871991039846
2021-06-28 18:06:56,round 6,val Accuracy Top1: 77.640000 %
2021-06-28 18:06:56,round 6,val Accuracy Top5: 98.550000 %
******client id  0 ******
client_update start
client id= 0 ,round= 7 ,epoch= 1 ,client update iteration= 10 ,loss= 0.6648288369178772
client id= 0 ,round= 7 ,epoch= 1 ,client update iteration= 20 ,loss= 0.7119005918502808
client id= 0 ,round= 7 ,epoch= 1 ,client update iteration= 30 ,loss= 0.8985902667045593
client id= 0 ,round= 7 ,epoch= 1 ,client update iteration= 40 ,loss= 0.6814586520195007
client id= 0 ,round= 7 ,epoch= 1 ,client update iteration= 50 ,loss= 0.5228486657142639
client id= 0 ,round= 7 ,epoch= 1 ,client update iteration= 60 ,loss= 0.8026787638664246
client id= 0 ,round= 7 ,epoch= 1 ,client update iteration= 70 ,loss= 0.4134121239185333
client id= 0 ,round= 7 ,epoch= 1 ,client update iteration= 80 ,loss= 0.6391318440437317
client id= 0 ,round= 7 ,epoch= 1 ,client update iteration= 90 ,loss= 0.600048303604126
client id= 0 ,round= 7 ,epoch= 1 ,client update iteration= 100 ,loss= 0.8606386184692383
client id= 0 ,round= 7 ,epoch= 1 ,client update iteration= 110 ,loss= 0.6793602108955383
client id= 0 ,round= 7 ,epoch= 1 ,client update iteration= 120 ,loss= 0.8475635051727295
client id= 0 ,round= 7 ,epoch= 1 ,client update iteration= 130 ,loss= 0.5750897526741028
client id= 0 ,round= 7 ,epoch= 1 ,client update iteration= 140 ,loss= 0.5021225810050964
client id= 0 ,round= 7 ,epoch= 1 ,client update iteration= 150 ,loss= 0.6492525935173035
client id= 0 ,round= 7 ,epoch= 1 ,client update iteration= 160 ,loss= 0.6965879201889038
client id= 0 ,round= 7 ,epoch= 1 ,client update iteration= 170 ,loss= 0.6917989253997803
client id= 0 ,round= 7 ,epoch= 1 ,client update iteration= 180 ,loss= 0.6743994951248169
client id= 0 ,round= 7 ,epoch= 1 ,client update iteration= 190 ,loss= 0.4980284869670868
client id= 0 ,round= 7 ,epoch= 1 ,client update iteration= 200 ,loss= 0.7864590287208557
client id= 0 ,round= 7 ,epoch= 1 ,client update iteration= 210 ,loss= 0.8248775601387024
client id= 0 ,round= 7 ,epoch= 1 ,client update iteration= 220 ,loss= 0.6422342658042908
client id= 0 ,round= 7 ,epoch= 1 ,client update iteration= 230 ,loss= 0.5986928939819336
client id= 0 ,round= 7 ,epoch= 1 ,client update iteration= 240 ,loss= 0.5838991403579712
client id= 0 ,round= 7 ,epoch= 1 ,client update iteration= 250 ,loss= 0.690859854221344
client id= 0 ,round= 7 ,epoch= 1 ,client update iteration= 260 ,loss= 0.8184382915496826
client id= 0 ,round= 7 ,epoch= 1 ,client update iteration= 270 ,loss= 0.6185886263847351
client id= 0 ,round= 7 ,epoch= 1 ,client update iteration= 280 ,loss= 0.6208311915397644
client id= 0 ,round= 7 ,epoch= 1 ,client update iteration= 290 ,loss= 0.6899937391281128
client id= 0 ,round= 7 ,epoch= 1 ,client update iteration= 300 ,loss= 0.5076560974121094
client id= 0 ,round= 7 ,epoch= 1 ,client update iteration= 310 ,loss= 0.6825087070465088
client id= 0 ,round= 7 ,epoch= 1 ,client update iteration= 320 ,loss= 0.8526022434234619
client id= 0 ,round= 7 ,epoch= 1 ,client update iteration= 330 ,loss= 0.6020267009735107
client id= 0 ,round= 7 ,epoch= 1 ,client update iteration= 340 ,loss= 0.5328243374824524
client id= 0 ,round= 7 ,epoch= 1 ,client update iteration= 350 ,loss= 0.6852772831916809
client id= 0 ,round= 7 ,epoch= 1 ,client update iteration= 360 ,loss= 0.6185745000839233
client id= 0 ,round= 7 ,epoch= 1 ,client update iteration= 370 ,loss= 0.5685259103775024
client id= 0 ,round= 7 ,epoch= 1 ,client update iteration= 380 ,loss= 0.5981318950653076
client id= 0 ,round= 7 ,epoch= 1 ,client update iteration= 390 ,loss= 0.6746010780334473
******client id  1 ******
client_update start
client id= 1 ,round= 7 ,epoch= 1 ,client update iteration= 10 ,loss= 0.8057342767715454
client id= 1 ,round= 7 ,epoch= 1 ,client update iteration= 20 ,loss= 0.7525671124458313
client id= 1 ,round= 7 ,epoch= 1 ,client update iteration= 30 ,loss= 0.5549490451812744
client id= 1 ,round= 7 ,epoch= 1 ,client update iteration= 40 ,loss= 0.7937767505645752
client id= 1 ,round= 7 ,epoch= 1 ,client update iteration= 50 ,loss= 0.5217164158821106
client id= 1 ,round= 7 ,epoch= 1 ,client update iteration= 60 ,loss= 0.6344876885414124
client id= 1 ,round= 7 ,epoch= 1 ,client update iteration= 70 ,loss= 0.5741053223609924
client id= 1 ,round= 7 ,epoch= 1 ,client update iteration= 80 ,loss= 0.6449550986289978
client id= 1 ,round= 7 ,epoch= 1 ,client update iteration= 90 ,loss= 0.597697913646698
client id= 1 ,round= 7 ,epoch= 1 ,client update iteration= 100 ,loss= 0.743083655834198
client id= 1 ,round= 7 ,epoch= 1 ,client update iteration= 110 ,loss= 0.7919062376022339
client id= 1 ,round= 7 ,epoch= 1 ,client update iteration= 120 ,loss= 0.4887785315513611
client id= 1 ,round= 7 ,epoch= 1 ,client update iteration= 130 ,loss= 0.6212397813796997
client id= 1 ,round= 7 ,epoch= 1 ,client update iteration= 140 ,loss= 0.6911176443099976
client id= 1 ,round= 7 ,epoch= 1 ,client update iteration= 150 ,loss= 0.8217710256576538
client id= 1 ,round= 7 ,epoch= 1 ,client update iteration= 160 ,loss= 0.8722500205039978
client id= 1 ,round= 7 ,epoch= 1 ,client update iteration= 170 ,loss= 0.6677468419075012
client id= 1 ,round= 7 ,epoch= 1 ,client update iteration= 180 ,loss= 0.6736024618148804
client id= 1 ,round= 7 ,epoch= 1 ,client update iteration= 190 ,loss= 0.6847296953201294
client id= 1 ,round= 7 ,epoch= 1 ,client update iteration= 200 ,loss= 0.5066850781440735
client id= 1 ,round= 7 ,epoch= 1 ,client update iteration= 210 ,loss= 0.5511410236358643
client id= 1 ,round= 7 ,epoch= 1 ,client update iteration= 220 ,loss= 0.5865727663040161
client id= 1 ,round= 7 ,epoch= 1 ,client update iteration= 230 ,loss= 0.6111377477645874
client id= 1 ,round= 7 ,epoch= 1 ,client update iteration= 240 ,loss= 0.4717419743537903
client id= 1 ,round= 7 ,epoch= 1 ,client update iteration= 250 ,loss= 0.5176692605018616
client id= 1 ,round= 7 ,epoch= 1 ,client update iteration= 260 ,loss= 0.7679699063301086
client id= 1 ,round= 7 ,epoch= 1 ,client update iteration= 270 ,loss= 0.5880848169326782
client id= 1 ,round= 7 ,epoch= 1 ,client update iteration= 280 ,loss= 0.8262016773223877
client id= 1 ,round= 7 ,epoch= 1 ,client update iteration= 290 ,loss= 0.643633246421814
client id= 1 ,round= 7 ,epoch= 1 ,client update iteration= 300 ,loss= 0.7277287840843201
client id= 1 ,round= 7 ,epoch= 1 ,client update iteration= 310 ,loss= 0.5167120099067688
client id= 1 ,round= 7 ,epoch= 1 ,client update iteration= 320 ,loss= 0.7063060402870178
client id= 1 ,round= 7 ,epoch= 1 ,client update iteration= 330 ,loss= 0.6620213389396667
client id= 1 ,round= 7 ,epoch= 1 ,client update iteration= 340 ,loss= 1.0045408010482788
client id= 1 ,round= 7 ,epoch= 1 ,client update iteration= 350 ,loss= 0.5913083553314209
client id= 1 ,round= 7 ,epoch= 1 ,client update iteration= 360 ,loss= 0.6859652996063232
client id= 1 ,round= 7 ,epoch= 1 ,client update iteration= 370 ,loss= 0.5935865640640259
client id= 1 ,round= 7 ,epoch= 1 ,client update iteration= 380 ,loss= 0.660189151763916
client id= 1 ,round= 7 ,epoch= 1 ,client update iteration= 390 ,loss= 0.6041346192359924
start add noise2021-06-28 18:09:22
start cal weight time2021-06-28 18:09:22
end cal weight time2021-06-28 18:09:22
layer= 0 ratio= 0.10739896861366013
layer= 1 ratio= 0.09165788221765915
layer= 2 ratio= 0.027660396989368997
layer= 3 ratio= 0.026762184622993988
layer= 4 ratio= 0.0289199441972583
layer= 5 ratio= 0.03365307099541628
layer= 6 ratio= 0.02851118204885547
layer= 7 ratio= 0.031248301079418707
layer= 8 ratio= 0.026002462270671524
layer= 9 ratio= 0.0280428067512605
layer= 10 ratio= 0.32865785625462746
layer= 11 ratio= 0.019792124956031765
layer= 12 ratio= 0.1507596056473025
layer= 13 ratio= 0.022570298486091635
layer= 14 ratio= 0.024306500543643268
layer= 15 ratio= 0.024056414325740436
end_add_noise_time2021-06-28 18:09:26
start add noise2021-06-28 18:09:26
start cal weight time2021-06-28 18:09:26
end cal weight time2021-06-28 18:09:26
layer= 0 ratio= 0.10727993961877036
layer= 1 ratio= 0.0927886488477945
layer= 2 ratio= 0.027596104192551315
layer= 3 ratio= 0.026751333629837646
layer= 4 ratio= 0.028851763714145943
layer= 5 ratio= 0.03313864972466244
layer= 6 ratio= 0.028425451048785477
layer= 7 ratio= 0.031113085268684525
layer= 8 ratio= 0.025932541614202706
layer= 9 ratio= 0.028235065485991064
layer= 10 ratio= 0.32837829621007
layer= 11 ratio= 0.019958591631954195
layer= 12 ratio= 0.1506288570547137
layer= 13 ratio= 0.022508036173222935
layer= 14 ratio= 0.02428410476529514
layer= 15 ratio= 0.02412953101931808
end_add_noise_time2021-06-28 18:09:29
average train loss= 0.6378823269511122
2021-06-28 18:09:38,round 7,val Accuracy Top1: 78.320000 %
2021-06-28 18:09:38,round 7,val Accuracy Top5: 98.550000 %
******client id  0 ******
client_update start
client id= 0 ,round= 8 ,epoch= 1 ,client update iteration= 10 ,loss= 0.4472706615924835
client id= 0 ,round= 8 ,epoch= 1 ,client update iteration= 20 ,loss= 0.49211302399635315
client id= 0 ,round= 8 ,epoch= 1 ,client update iteration= 30 ,loss= 0.6220824718475342
client id= 0 ,round= 8 ,epoch= 1 ,client update iteration= 40 ,loss= 0.5956466197967529
client id= 0 ,round= 8 ,epoch= 1 ,client update iteration= 50 ,loss= 0.6917030215263367
client id= 0 ,round= 8 ,epoch= 1 ,client update iteration= 60 ,loss= 0.6342113018035889
client id= 0 ,round= 8 ,epoch= 1 ,client update iteration= 70 ,loss= 0.5475955009460449
client id= 0 ,round= 8 ,epoch= 1 ,client update iteration= 80 ,loss= 0.3776749074459076
client id= 0 ,round= 8 ,epoch= 1 ,client update iteration= 90 ,loss= 0.574318528175354
client id= 0 ,round= 8 ,epoch= 1 ,client update iteration= 100 ,loss= 0.5370003581047058
client id= 0 ,round= 8 ,epoch= 1 ,client update iteration= 110 ,loss= 0.48090827465057373
client id= 0 ,round= 8 ,epoch= 1 ,client update iteration= 120 ,loss= 0.5574106574058533
client id= 0 ,round= 8 ,epoch= 1 ,client update iteration= 130 ,loss= 0.4968603253364563
client id= 0 ,round= 8 ,epoch= 1 ,client update iteration= 140 ,loss= 0.5062313675880432
client id= 0 ,round= 8 ,epoch= 1 ,client update iteration= 150 ,loss= 0.5899094343185425
client id= 0 ,round= 8 ,epoch= 1 ,client update iteration= 160 ,loss= 0.7078360915184021
client id= 0 ,round= 8 ,epoch= 1 ,client update iteration= 170 ,loss= 0.41499412059783936
client id= 0 ,round= 8 ,epoch= 1 ,client update iteration= 180 ,loss= 0.6132403016090393
client id= 0 ,round= 8 ,epoch= 1 ,client update iteration= 190 ,loss= 0.7880743145942688
client id= 0 ,round= 8 ,epoch= 1 ,client update iteration= 200 ,loss= 0.5278253555297852
client id= 0 ,round= 8 ,epoch= 1 ,client update iteration= 210 ,loss= 0.6413365006446838
client id= 0 ,round= 8 ,epoch= 1 ,client update iteration= 220 ,loss= 0.4156632721424103
client id= 0 ,round= 8 ,epoch= 1 ,client update iteration= 230 ,loss= 0.6876778602600098
client id= 0 ,round= 8 ,epoch= 1 ,client update iteration= 240 ,loss= 0.4355580508708954
client id= 0 ,round= 8 ,epoch= 1 ,client update iteration= 250 ,loss= 0.5215197801589966
client id= 0 ,round= 8 ,epoch= 1 ,client update iteration= 260 ,loss= 0.7657482028007507
client id= 0 ,round= 8 ,epoch= 1 ,client update iteration= 270 ,loss= 0.4205056130886078
client id= 0 ,round= 8 ,epoch= 1 ,client update iteration= 280 ,loss= 0.3958483934402466
client id= 0 ,round= 8 ,epoch= 1 ,client update iteration= 290 ,loss= 0.7105201482772827
client id= 0 ,round= 8 ,epoch= 1 ,client update iteration= 300 ,loss= 0.4345266819000244
client id= 0 ,round= 8 ,epoch= 1 ,client update iteration= 310 ,loss= 0.4414779543876648
client id= 0 ,round= 8 ,epoch= 1 ,client update iteration= 320 ,loss= 0.521004319190979
client id= 0 ,round= 8 ,epoch= 1 ,client update iteration= 330 ,loss= 0.5141788125038147
client id= 0 ,round= 8 ,epoch= 1 ,client update iteration= 340 ,loss= 0.5688726305961609
client id= 0 ,round= 8 ,epoch= 1 ,client update iteration= 350 ,loss= 0.6605823040008545
client id= 0 ,round= 8 ,epoch= 1 ,client update iteration= 360 ,loss= 0.5699139833450317
client id= 0 ,round= 8 ,epoch= 1 ,client update iteration= 370 ,loss= 0.6460336446762085
client id= 0 ,round= 8 ,epoch= 1 ,client update iteration= 380 ,loss= 0.5407921671867371
client id= 0 ,round= 8 ,epoch= 1 ,client update iteration= 390 ,loss= 0.5996854901313782
******client id  1 ******
client_update start
client id= 1 ,round= 8 ,epoch= 1 ,client update iteration= 10 ,loss= 0.4786893427371979
client id= 1 ,round= 8 ,epoch= 1 ,client update iteration= 20 ,loss= 0.7377761602401733
client id= 1 ,round= 8 ,epoch= 1 ,client update iteration= 30 ,loss= 0.7159210443496704
client id= 1 ,round= 8 ,epoch= 1 ,client update iteration= 40 ,loss= 0.5978730320930481
client id= 1 ,round= 8 ,epoch= 1 ,client update iteration= 50 ,loss= 0.483155220746994
client id= 1 ,round= 8 ,epoch= 1 ,client update iteration= 60 ,loss= 0.38009366393089294
client id= 1 ,round= 8 ,epoch= 1 ,client update iteration= 70 ,loss= 0.44381240010261536
client id= 1 ,round= 8 ,epoch= 1 ,client update iteration= 80 ,loss= 0.5390346050262451
client id= 1 ,round= 8 ,epoch= 1 ,client update iteration= 90 ,loss= 0.8627340197563171
client id= 1 ,round= 8 ,epoch= 1 ,client update iteration= 100 ,loss= 0.5834026336669922
client id= 1 ,round= 8 ,epoch= 1 ,client update iteration= 110 ,loss= 0.4520632028579712
client id= 1 ,round= 8 ,epoch= 1 ,client update iteration= 120 ,loss= 0.3589012622833252
client id= 1 ,round= 8 ,epoch= 1 ,client update iteration= 130 ,loss= 0.4023342728614807
client id= 1 ,round= 8 ,epoch= 1 ,client update iteration= 140 ,loss= 0.6665239930152893
client id= 1 ,round= 8 ,epoch= 1 ,client update iteration= 150 ,loss= 0.5766003131866455
client id= 1 ,round= 8 ,epoch= 1 ,client update iteration= 160 ,loss= 0.656254231929779
client id= 1 ,round= 8 ,epoch= 1 ,client update iteration= 170 ,loss= 0.6109358072280884
client id= 1 ,round= 8 ,epoch= 1 ,client update iteration= 180 ,loss= 0.6700754165649414
client id= 1 ,round= 8 ,epoch= 1 ,client update iteration= 190 ,loss= 0.570883572101593
client id= 1 ,round= 8 ,epoch= 1 ,client update iteration= 200 ,loss= 0.5565477013587952
client id= 1 ,round= 8 ,epoch= 1 ,client update iteration= 210 ,loss= 0.7270690202713013
client id= 1 ,round= 8 ,epoch= 1 ,client update iteration= 220 ,loss= 0.5567288398742676
client id= 1 ,round= 8 ,epoch= 1 ,client update iteration= 230 ,loss= 0.5075499415397644
client id= 1 ,round= 8 ,epoch= 1 ,client update iteration= 240 ,loss= 0.6768409609794617
client id= 1 ,round= 8 ,epoch= 1 ,client update iteration= 250 ,loss= 0.768072783946991
client id= 1 ,round= 8 ,epoch= 1 ,client update iteration= 260 ,loss= 0.552109956741333
client id= 1 ,round= 8 ,epoch= 1 ,client update iteration= 270 ,loss= 0.5659437775611877
client id= 1 ,round= 8 ,epoch= 1 ,client update iteration= 280 ,loss= 0.7876798510551453
client id= 1 ,round= 8 ,epoch= 1 ,client update iteration= 290 ,loss= 0.5677931308746338
client id= 1 ,round= 8 ,epoch= 1 ,client update iteration= 300 ,loss= 0.661244809627533
client id= 1 ,round= 8 ,epoch= 1 ,client update iteration= 310 ,loss= 0.764507532119751
client id= 1 ,round= 8 ,epoch= 1 ,client update iteration= 320 ,loss= 0.5045525431632996
client id= 1 ,round= 8 ,epoch= 1 ,client update iteration= 330 ,loss= 0.4954511225223541
client id= 1 ,round= 8 ,epoch= 1 ,client update iteration= 340 ,loss= 0.7037404179573059
client id= 1 ,round= 8 ,epoch= 1 ,client update iteration= 350 ,loss= 0.4610513746738434
client id= 1 ,round= 8 ,epoch= 1 ,client update iteration= 360 ,loss= 0.529573917388916
client id= 1 ,round= 8 ,epoch= 1 ,client update iteration= 370 ,loss= 0.6441596150398254
client id= 1 ,round= 8 ,epoch= 1 ,client update iteration= 380 ,loss= 0.5723654627799988
client id= 1 ,round= 8 ,epoch= 1 ,client update iteration= 390 ,loss= 0.5332013368606567
start add noise2021-06-28 18:12:04
start cal weight time2021-06-28 18:12:04
end cal weight time2021-06-28 18:12:04
layer= 0 ratio= 0.10027775275108125
layer= 1 ratio= 0.08425655024715112
layer= 2 ratio= 0.02643237810906535
layer= 3 ratio= 0.025259009628392504
layer= 4 ratio= 0.027752982314856654
layer= 5 ratio= 0.031510534459737206
layer= 6 ratio= 0.02789808965705565
layer= 7 ratio= 0.029138151661720922
layer= 8 ratio= 0.025047621169187257
layer= 9 ratio= 0.025794315478600817
layer= 10 ratio= 0.3516348056056646
layer= 11 ratio= 0.01918525933233986
layer= 12 ratio= 0.1584842912802469
layer= 13 ratio= 0.021180989456596345
layer= 14 ratio= 0.023053163525707725
layer= 15 ratio= 0.023094105322595905
end_add_noise_time2021-06-28 18:12:08
start add noise2021-06-28 18:12:08
start cal weight time2021-06-28 18:12:08
end cal weight time2021-06-28 18:12:08
layer= 0 ratio= 0.10014891221569461
layer= 1 ratio= 0.08468000664560922
layer= 2 ratio= 0.02641883364221641
layer= 3 ratio= 0.025498540929936416
layer= 4 ratio= 0.027745912301815744
layer= 5 ratio= 0.03156267412547496
layer= 6 ratio= 0.02789675520250646
layer= 7 ratio= 0.029174695970523013
layer= 8 ratio= 0.025032280184752474
layer= 9 ratio= 0.02554918322398429
layer= 10 ratio= 0.3513896973490329
layer= 11 ratio= 0.01933287234052
layer= 12 ratio= 0.15837288761638382
layer= 13 ratio= 0.021333632600108204
layer= 14 ratio= 0.023036268983833662
layer= 15 ratio= 0.022826846667607738
end_add_noise_time2021-06-28 18:12:11
average train loss= 0.5974663635501472
2021-06-28 18:12:20,round 8,val Accuracy Top1: 79.910000 %
2021-06-28 18:12:20,round 8,val Accuracy Top5: 98.510000 %
******client id  0 ******
client_update start
client id= 0 ,round= 9 ,epoch= 1 ,client update iteration= 10 ,loss= 0.5953471660614014
client id= 0 ,round= 9 ,epoch= 1 ,client update iteration= 20 ,loss= 0.4703097641468048
client id= 0 ,round= 9 ,epoch= 1 ,client update iteration= 30 ,loss= 0.6893095374107361
client id= 0 ,round= 9 ,epoch= 1 ,client update iteration= 40 ,loss= 0.48377808928489685
client id= 0 ,round= 9 ,epoch= 1 ,client update iteration= 50 ,loss= 0.6877242922782898
client id= 0 ,round= 9 ,epoch= 1 ,client update iteration= 60 ,loss= 0.4527261257171631
client id= 0 ,round= 9 ,epoch= 1 ,client update iteration= 70 ,loss= 0.6212198138237
client id= 0 ,round= 9 ,epoch= 1 ,client update iteration= 80 ,loss= 0.6810493469238281
client id= 0 ,round= 9 ,epoch= 1 ,client update iteration= 90 ,loss= 0.4772917628288269
client id= 0 ,round= 9 ,epoch= 1 ,client update iteration= 100 ,loss= 0.5145706534385681
client id= 0 ,round= 9 ,epoch= 1 ,client update iteration= 110 ,loss= 0.5091437101364136
client id= 0 ,round= 9 ,epoch= 1 ,client update iteration= 120 ,loss= 0.7304513454437256
client id= 0 ,round= 9 ,epoch= 1 ,client update iteration= 130 ,loss= 0.40896424651145935
client id= 0 ,round= 9 ,epoch= 1 ,client update iteration= 140 ,loss= 0.4485114812850952
client id= 0 ,round= 9 ,epoch= 1 ,client update iteration= 150 ,loss= 0.44510921835899353
client id= 0 ,round= 9 ,epoch= 1 ,client update iteration= 160 ,loss= 0.48174479603767395
client id= 0 ,round= 9 ,epoch= 1 ,client update iteration= 170 ,loss= 0.5577446222305298
client id= 0 ,round= 9 ,epoch= 1 ,client update iteration= 180 ,loss= 0.6077225208282471
client id= 0 ,round= 9 ,epoch= 1 ,client update iteration= 190 ,loss= 0.6953710317611694
client id= 0 ,round= 9 ,epoch= 1 ,client update iteration= 200 ,loss= 0.5484292507171631
client id= 0 ,round= 9 ,epoch= 1 ,client update iteration= 210 ,loss= 0.6185413599014282
client id= 0 ,round= 9 ,epoch= 1 ,client update iteration= 220 ,loss= 0.5835869908332825
client id= 0 ,round= 9 ,epoch= 1 ,client update iteration= 230 ,loss= 0.518875241279602
client id= 0 ,round= 9 ,epoch= 1 ,client update iteration= 240 ,loss= 0.46370232105255127
client id= 0 ,round= 9 ,epoch= 1 ,client update iteration= 250 ,loss= 0.5756446719169617
client id= 0 ,round= 9 ,epoch= 1 ,client update iteration= 260 ,loss= 0.6427839994430542
client id= 0 ,round= 9 ,epoch= 1 ,client update iteration= 270 ,loss= 0.5799249410629272
client id= 0 ,round= 9 ,epoch= 1 ,client update iteration= 280 ,loss= 0.5506014823913574
client id= 0 ,round= 9 ,epoch= 1 ,client update iteration= 290 ,loss= 0.6177825331687927
client id= 0 ,round= 9 ,epoch= 1 ,client update iteration= 300 ,loss= 0.534572184085846
client id= 0 ,round= 9 ,epoch= 1 ,client update iteration= 310 ,loss= 0.439822793006897
client id= 0 ,round= 9 ,epoch= 1 ,client update iteration= 320 ,loss= 0.6170788407325745
client id= 0 ,round= 9 ,epoch= 1 ,client update iteration= 330 ,loss= 0.4603126049041748
client id= 0 ,round= 9 ,epoch= 1 ,client update iteration= 340 ,loss= 0.545234203338623
client id= 0 ,round= 9 ,epoch= 1 ,client update iteration= 350 ,loss= 0.7618535757064819
client id= 0 ,round= 9 ,epoch= 1 ,client update iteration= 360 ,loss= 0.5381693243980408
client id= 0 ,round= 9 ,epoch= 1 ,client update iteration= 370 ,loss= 0.8600233793258667
client id= 0 ,round= 9 ,epoch= 1 ,client update iteration= 380 ,loss= 0.41213035583496094
client id= 0 ,round= 9 ,epoch= 1 ,client update iteration= 390 ,loss= 0.7710990905761719
******client id  1 ******
client_update start
client id= 1 ,round= 9 ,epoch= 1 ,client update iteration= 10 ,loss= 0.64487624168396
client id= 1 ,round= 9 ,epoch= 1 ,client update iteration= 20 ,loss= 0.47497469186782837
client id= 1 ,round= 9 ,epoch= 1 ,client update iteration= 30 ,loss= 0.639639675617218
client id= 1 ,round= 9 ,epoch= 1 ,client update iteration= 40 ,loss= 0.3397845923900604
client id= 1 ,round= 9 ,epoch= 1 ,client update iteration= 50 ,loss= 0.8113194704055786
client id= 1 ,round= 9 ,epoch= 1 ,client update iteration= 60 ,loss= 0.6902744770050049
client id= 1 ,round= 9 ,epoch= 1 ,client update iteration= 70 ,loss= 0.669085681438446
client id= 1 ,round= 9 ,epoch= 1 ,client update iteration= 80 ,loss= 0.4918566048145294
client id= 1 ,round= 9 ,epoch= 1 ,client update iteration= 90 ,loss= 0.508210301399231
client id= 1 ,round= 9 ,epoch= 1 ,client update iteration= 100 ,loss= 0.6712043285369873
client id= 1 ,round= 9 ,epoch= 1 ,client update iteration= 110 ,loss= 0.6018763780593872
client id= 1 ,round= 9 ,epoch= 1 ,client update iteration= 120 ,loss= 0.5840936899185181
client id= 1 ,round= 9 ,epoch= 1 ,client update iteration= 130 ,loss= 0.6751667261123657
client id= 1 ,round= 9 ,epoch= 1 ,client update iteration= 140 ,loss= 0.41892141103744507
client id= 1 ,round= 9 ,epoch= 1 ,client update iteration= 150 ,loss= 0.7061041593551636
client id= 1 ,round= 9 ,epoch= 1 ,client update iteration= 160 ,loss= 0.4371460974216461
client id= 1 ,round= 9 ,epoch= 1 ,client update iteration= 170 ,loss= 0.5944086909294128
client id= 1 ,round= 9 ,epoch= 1 ,client update iteration= 180 ,loss= 0.7280701994895935
client id= 1 ,round= 9 ,epoch= 1 ,client update iteration= 190 ,loss= 0.539957582950592
client id= 1 ,round= 9 ,epoch= 1 ,client update iteration= 200 ,loss= 0.6987611055374146
client id= 1 ,round= 9 ,epoch= 1 ,client update iteration= 210 ,loss= 0.6001887917518616
client id= 1 ,round= 9 ,epoch= 1 ,client update iteration= 220 ,loss= 0.48928704857826233
client id= 1 ,round= 9 ,epoch= 1 ,client update iteration= 230 ,loss= 0.4844428598880768
client id= 1 ,round= 9 ,epoch= 1 ,client update iteration= 240 ,loss= 0.40382325649261475
client id= 1 ,round= 9 ,epoch= 1 ,client update iteration= 250 ,loss= 0.4661993682384491
client id= 1 ,round= 9 ,epoch= 1 ,client update iteration= 260 ,loss= 0.757664680480957
client id= 1 ,round= 9 ,epoch= 1 ,client update iteration= 270 ,loss= 0.5871745347976685
client id= 1 ,round= 9 ,epoch= 1 ,client update iteration= 280 ,loss= 0.563413679599762
client id= 1 ,round= 9 ,epoch= 1 ,client update iteration= 290 ,loss= 0.6423307061195374
client id= 1 ,round= 9 ,epoch= 1 ,client update iteration= 300 ,loss= 0.47114112973213196
client id= 1 ,round= 9 ,epoch= 1 ,client update iteration= 310 ,loss= 0.7836576104164124
client id= 1 ,round= 9 ,epoch= 1 ,client update iteration= 320 ,loss= 0.5899766087532043
client id= 1 ,round= 9 ,epoch= 1 ,client update iteration= 330 ,loss= 0.7441077828407288
client id= 1 ,round= 9 ,epoch= 1 ,client update iteration= 340 ,loss= 0.6621828675270081
client id= 1 ,round= 9 ,epoch= 1 ,client update iteration= 350 ,loss= 0.5866753458976746
client id= 1 ,round= 9 ,epoch= 1 ,client update iteration= 360 ,loss= 0.596738338470459
client id= 1 ,round= 9 ,epoch= 1 ,client update iteration= 370 ,loss= 0.5592868328094482
client id= 1 ,round= 9 ,epoch= 1 ,client update iteration= 380 ,loss= 0.5450335741043091
client id= 1 ,round= 9 ,epoch= 1 ,client update iteration= 390 ,loss= 0.5667254328727722
start add noise2021-06-28 18:14:46
start cal weight time2021-06-28 18:14:46
end cal weight time2021-06-28 18:14:46
layer= 0 ratio= 0.0940349994003351
layer= 1 ratio= 0.07783042869335276
layer= 2 ratio= 0.025415637320969683
layer= 3 ratio= 0.023969808350388803
layer= 4 ratio= 0.026771826844356455
layer= 5 ratio= 0.02936078737136904
layer= 6 ratio= 0.027491517278576617
layer= 7 ratio= 0.027595134414823603
layer= 8 ratio= 0.024281897407985798
layer= 9 ratio= 0.023619600280826283
layer= 10 ratio= 0.3712851040976271
layer= 11 ratio= 0.018916835747793462
layer= 12 ratio= 0.1655868331824265
layer= 13 ratio= 0.02021967177289361
layer= 14 ratio= 0.02191847286871968
layer= 15 ratio= 0.021701444967555432
end_add_noise_time2021-06-28 18:14:49
start add noise2021-06-28 18:14:49
start cal weight time2021-06-28 18:14:49
end cal weight time2021-06-28 18:14:49
layer= 0 ratio= 0.09401847085288198
layer= 1 ratio= 0.0774299414213029
layer= 2 ratio= 0.02542402772533263
layer= 3 ratio= 0.023919209936346057
layer= 4 ratio= 0.02677015223953155
layer= 5 ratio= 0.029825120735491466
layer= 6 ratio= 0.02749208002912278
layer= 7 ratio= 0.02734651450340175
layer= 8 ratio= 0.024263657296010703
layer= 9 ratio= 0.02326324259374112
layer= 10 ratio= 0.37117585968351424
layer= 11 ratio= 0.01902924459703339
layer= 12 ratio= 0.1655387370583153
layer= 13 ratio= 0.020326462400431757
layer= 14 ratio= 0.02192272163306923
layer= 15 ratio= 0.022254557294473013
end_add_noise_time2021-06-28 18:14:52
average train loss= 0.5611648101864568
2021-06-28 18:15:01,round 9,val Accuracy Top1: 79.920000 %
2021-06-28 18:15:01,round 9,val Accuracy Top5: 98.710000 %
******client id  0 ******
client_update start
client id= 0 ,round= 10 ,epoch= 1 ,client update iteration= 10 ,loss= 0.5707354545593262
client id= 0 ,round= 10 ,epoch= 1 ,client update iteration= 20 ,loss= 0.4796556830406189
client id= 0 ,round= 10 ,epoch= 1 ,client update iteration= 30 ,loss= 0.506252110004425
client id= 0 ,round= 10 ,epoch= 1 ,client update iteration= 40 ,loss= 0.44497236609458923
client id= 0 ,round= 10 ,epoch= 1 ,client update iteration= 50 ,loss= 0.49203380942344666
client id= 0 ,round= 10 ,epoch= 1 ,client update iteration= 60 ,loss= 0.4589838981628418
client id= 0 ,round= 10 ,epoch= 1 ,client update iteration= 70 ,loss= 0.526461124420166
client id= 0 ,round= 10 ,epoch= 1 ,client update iteration= 80 ,loss= 0.8716649413108826
client id= 0 ,round= 10 ,epoch= 1 ,client update iteration= 90 ,loss= 0.43646910786628723
client id= 0 ,round= 10 ,epoch= 1 ,client update iteration= 100 ,loss= 0.5941123366355896
client id= 0 ,round= 10 ,epoch= 1 ,client update iteration= 110 ,loss= 0.8465409874916077
client id= 0 ,round= 10 ,epoch= 1 ,client update iteration= 120 ,loss= 0.49184638261795044
client id= 0 ,round= 10 ,epoch= 1 ,client update iteration= 130 ,loss= 0.41377800703048706
client id= 0 ,round= 10 ,epoch= 1 ,client update iteration= 140 ,loss= 0.5066903233528137
client id= 0 ,round= 10 ,epoch= 1 ,client update iteration= 150 ,loss= 0.6434532999992371
client id= 0 ,round= 10 ,epoch= 1 ,client update iteration= 160 ,loss= 0.7149578928947449
client id= 0 ,round= 10 ,epoch= 1 ,client update iteration= 170 ,loss= 0.626787543296814
client id= 0 ,round= 10 ,epoch= 1 ,client update iteration= 180 ,loss= 0.5545368194580078
client id= 0 ,round= 10 ,epoch= 1 ,client update iteration= 190 ,loss= 0.47240132093429565
client id= 0 ,round= 10 ,epoch= 1 ,client update iteration= 200 ,loss= 0.430478036403656
client id= 0 ,round= 10 ,epoch= 1 ,client update iteration= 210 ,loss= 0.5542113184928894
client id= 0 ,round= 10 ,epoch= 1 ,client update iteration= 220 ,loss= 0.5142034888267517
client id= 0 ,round= 10 ,epoch= 1 ,client update iteration= 230 ,loss= 0.4619382321834564
client id= 0 ,round= 10 ,epoch= 1 ,client update iteration= 240 ,loss= 0.46290332078933716
client id= 0 ,round= 10 ,epoch= 1 ,client update iteration= 250 ,loss= 0.43863406777381897
client id= 0 ,round= 10 ,epoch= 1 ,client update iteration= 260 ,loss= 0.6316626667976379
client id= 0 ,round= 10 ,epoch= 1 ,client update iteration= 270 ,loss= 0.5841337442398071
client id= 0 ,round= 10 ,epoch= 1 ,client update iteration= 280 ,loss= 0.4196687340736389
client id= 0 ,round= 10 ,epoch= 1 ,client update iteration= 290 ,loss= 0.5274977684020996
client id= 0 ,round= 10 ,epoch= 1 ,client update iteration= 300 ,loss= 0.9119573831558228
client id= 0 ,round= 10 ,epoch= 1 ,client update iteration= 310 ,loss= 0.6528502702713013
client id= 0 ,round= 10 ,epoch= 1 ,client update iteration= 320 ,loss= 0.6710411906242371
client id= 0 ,round= 10 ,epoch= 1 ,client update iteration= 330 ,loss= 0.4422966539859772
client id= 0 ,round= 10 ,epoch= 1 ,client update iteration= 340 ,loss= 0.5059682130813599
client id= 0 ,round= 10 ,epoch= 1 ,client update iteration= 350 ,loss= 0.4244396388530731
client id= 0 ,round= 10 ,epoch= 1 ,client update iteration= 360 ,loss= 0.5161065459251404
client id= 0 ,round= 10 ,epoch= 1 ,client update iteration= 370 ,loss= 0.5642257332801819
client id= 0 ,round= 10 ,epoch= 1 ,client update iteration= 380 ,loss= 0.4117523729801178
client id= 0 ,round= 10 ,epoch= 1 ,client update iteration= 390 ,loss= 0.33813121914863586
******client id  1 ******
client_update start
client id= 1 ,round= 10 ,epoch= 1 ,client update iteration= 10 ,loss= 0.4992988407611847
client id= 1 ,round= 10 ,epoch= 1 ,client update iteration= 20 ,loss= 0.6590681672096252
client id= 1 ,round= 10 ,epoch= 1 ,client update iteration= 30 ,loss= 0.6260849833488464
client id= 1 ,round= 10 ,epoch= 1 ,client update iteration= 40 ,loss= 0.40716123580932617
client id= 1 ,round= 10 ,epoch= 1 ,client update iteration= 50 ,loss= 0.47007688879966736
client id= 1 ,round= 10 ,epoch= 1 ,client update iteration= 60 ,loss= 0.4344850480556488
client id= 1 ,round= 10 ,epoch= 1 ,client update iteration= 70 ,loss= 0.40141651034355164
client id= 1 ,round= 10 ,epoch= 1 ,client update iteration= 80 ,loss= 0.4940512180328369
client id= 1 ,round= 10 ,epoch= 1 ,client update iteration= 90 ,loss= 0.26848089694976807
client id= 1 ,round= 10 ,epoch= 1 ,client update iteration= 100 ,loss= 0.40443578362464905
client id= 1 ,round= 10 ,epoch= 1 ,client update iteration= 110 ,loss= 0.7158527970314026
client id= 1 ,round= 10 ,epoch= 1 ,client update iteration= 120 ,loss= 0.47108516097068787
client id= 1 ,round= 10 ,epoch= 1 ,client update iteration= 130 ,loss= 0.36116930842399597
client id= 1 ,round= 10 ,epoch= 1 ,client update iteration= 140 ,loss= 0.3716046214103699
client id= 1 ,round= 10 ,epoch= 1 ,client update iteration= 150 ,loss= 0.5999501347541809
client id= 1 ,round= 10 ,epoch= 1 ,client update iteration= 160 ,loss= 0.6756724715232849
client id= 1 ,round= 10 ,epoch= 1 ,client update iteration= 170 ,loss= 0.5750502943992615
client id= 1 ,round= 10 ,epoch= 1 ,client update iteration= 180 ,loss= 0.45844465494155884
client id= 1 ,round= 10 ,epoch= 1 ,client update iteration= 190 ,loss= 0.49008670449256897
client id= 1 ,round= 10 ,epoch= 1 ,client update iteration= 200 ,loss= 0.5974674224853516
client id= 1 ,round= 10 ,epoch= 1 ,client update iteration= 210 ,loss= 0.5225627422332764
client id= 1 ,round= 10 ,epoch= 1 ,client update iteration= 220 ,loss= 0.5719844698905945
client id= 1 ,round= 10 ,epoch= 1 ,client update iteration= 230 ,loss= 0.41587576270103455
client id= 1 ,round= 10 ,epoch= 1 ,client update iteration= 240 ,loss= 0.4835420250892639
client id= 1 ,round= 10 ,epoch= 1 ,client update iteration= 250 ,loss= 0.7501184344291687
client id= 1 ,round= 10 ,epoch= 1 ,client update iteration= 260 ,loss= 0.5717930793762207
client id= 1 ,round= 10 ,epoch= 1 ,client update iteration= 270 ,loss= 0.5294550061225891
client id= 1 ,round= 10 ,epoch= 1 ,client update iteration= 280 ,loss= 0.3551507890224457
client id= 1 ,round= 10 ,epoch= 1 ,client update iteration= 290 ,loss= 0.5578779578208923
client id= 1 ,round= 10 ,epoch= 1 ,client update iteration= 300 ,loss= 0.630233645439148
client id= 1 ,round= 10 ,epoch= 1 ,client update iteration= 310 ,loss= 0.43482667207717896
client id= 1 ,round= 10 ,epoch= 1 ,client update iteration= 320 ,loss= 0.6678579449653625
client id= 1 ,round= 10 ,epoch= 1 ,client update iteration= 330 ,loss= 0.647919774055481
client id= 1 ,round= 10 ,epoch= 1 ,client update iteration= 340 ,loss= 0.5685178637504578
client id= 1 ,round= 10 ,epoch= 1 ,client update iteration= 350 ,loss= 0.4848915636539459
client id= 1 ,round= 10 ,epoch= 1 ,client update iteration= 360 ,loss= 0.37236055731773376
client id= 1 ,round= 10 ,epoch= 1 ,client update iteration= 370 ,loss= 0.46039754152297974
client id= 1 ,round= 10 ,epoch= 1 ,client update iteration= 380 ,loss= 0.6536685824394226
client id= 1 ,round= 10 ,epoch= 1 ,client update iteration= 390 ,loss= 0.42387309670448303
start add noise2021-06-28 18:17:27
start cal weight time2021-06-28 18:17:27
end cal weight time2021-06-28 18:17:27
layer= 0 ratio= 0.088295787272882
layer= 1 ratio= 0.07198769537146395
layer= 2 ratio= 0.024463427973847728
layer= 3 ratio= 0.022541640702951365
layer= 4 ratio= 0.02589088084053618
layer= 5 ratio= 0.028239332189655613
layer= 6 ratio= 0.026992821024983564
layer= 7 ratio= 0.025618640108508874
layer= 8 ratio= 0.023534863614474034
layer= 9 ratio= 0.021337865511087052
layer= 10 ratio= 0.38936424846542445
layer= 11 ratio= 0.018602462041215254
layer= 12 ratio= 0.17203748725266038
layer= 13 ratio= 0.019283564001692295
layer= 14 ratio= 0.020775618131502766
layer= 15 ratio= 0.02103366549711458
end_add_noise_time2021-06-28 18:17:31
start add noise2021-06-28 18:17:31
start cal weight time2021-06-28 18:17:31
end cal weight time2021-06-28 18:17:31
layer= 0 ratio= 0.08821982238672897
layer= 1 ratio= 0.07218957418152608
layer= 2 ratio= 0.024410991090660108
layer= 3 ratio= 0.022662441206688394
layer= 4 ratio= 0.025816064702863413
layer= 5 ratio= 0.028158510784675968
layer= 6 ratio= 0.02692892365424555
layer= 7 ratio= 0.025888319851720683
layer= 8 ratio= 0.023460530133339555
layer= 9 ratio= 0.021261729567923018
layer= 10 ratio= 0.38907310133427025
layer= 11 ratio= 0.018719382897026807
layer= 12 ratio= 0.17191161685509662
layer= 13 ratio= 0.019263571429748043
layer= 14 ratio= 0.020839851964827547
layer= 15 ratio= 0.021195567958658904
end_add_noise_time2021-06-28 18:17:34
average train loss= 0.5236706296958582
2021-06-28 18:17:43,round 10,val Accuracy Top1: 79.740000 %
2021-06-28 18:17:43,round 10,val Accuracy Top5: 98.880000 %
